<?xml version="1.0" encoding="UTF-8" ?>
<testsuite tests="10" failures="3" name="TestSuite" time="35.818" errors="0" skipped="0">
  <properties>
    <property name="PROCESSOR_ARCHITECTURE" value="AMD64"/>
    <property name="file.encoding.pkg" value="sun.io"/>
    <property name="DASHLANE_DLL_DIR" value="C:\Users\karan\AppData\Roaming\Dashlane\6.1933.0.22573\bin\Firefox_Extension\{442718d9-475e-452a-b3e1-fb1ee16b8e9f}\components;C:\Users\karan\AppData\Roaming\Dashlane\6.1933.0.22573\ucrt;C:\Users\karan\AppData\Roaming\Dashlane\6.1933.0.22573\bin\Qt;C:\Users\karan\AppData\Roaming\Dashlane\6.1933.0.22573\ucrt;C:\Users\karan\AppData\Roaming\Dashlane\6.1933.0.22573\bin\Ssl"/>
    <property name="LOGONSERVER" value="\\DESKTOP-K242S0S"/>
    <property name="ProgramData" value="C:\ProgramData"/>
    <property name="java.home" value="C:\Program Files\Java\jdk1.8.0_221\jre"/>
    <property name="NODE_NAME" value="master"/>
    <property name="JENKINS_URL" value="http://localhost:8080/"/>
    <property name="ALLUSERSPROFILE" value="C:\ProgramData"/>
    <property name="java.endorsed.dirs" value="C:\Program Files\Java\jdk1.8.0_221\jre\lib\endorsed"/>
    <property name="PSModulePath" value="C:\Program Files\WindowsPowerShell\Modules;C:\windows\system32\WindowsPowerShell\v1.0\Modules"/>
    <property name="=::" value="::\"/>
    <property name="USERDOMAIN" value="DESKTOP-K242S0S"/>
    <property name="sun.os.patch.level" value=""/>
    <property name="java.vendor.url" value="http://java.oracle.com/"/>
    <property name="CommonProgramFiles(x86)" value="C:\Program Files (x86)\Common Files"/>
    <property name="java.version" value="1.8.0_221"/>
    <property name="JOB_NAME" value="POM_Automation_testjob"/>
    <property name="COMPUTERNAME" value="DESKTOP-K242S0S"/>
    <property name="java.vendor.url.bug" value="http://bugreport.sun.com/bugreport/"/>
    <property name="PUBLIC" value="C:\Users\Public"/>
    <property name="user.name" value="karan"/>
    <property name="sun.io.unicode.encoding" value="UnicodeLittle"/>
    <property name="sun.jnu.encoding" value="Cp1252"/>
    <property name="java.runtime.name" value="Java(TM) SE Runtime Environment"/>
    <property name="windir" value="C:\windows"/>
    <property name="PROCESSOR_IDENTIFIER" value="Intel64 Family 6 Model 142 Stepping 10, GenuineIntel"/>
    <property name="java.specification.name" value="Java Platform API Specification"/>
    <property name="LOCALAPPDATA" value="C:\Users\karan\AppData\Local"/>
    <property name="RUN_CHANGES_DISPLAY_URL" value="http://localhost:8080/job/POM_Automation_testjob/2/display/redirect?page=changes"/>
    <property name="user.timezone" value="Europe/Berlin"/>
    <property name="user.script" value=""/>
    <property name="path.separator" value=";"/>
    <property name="NUMBER_OF_PROCESSORS" value="8"/>
    <property name="BUILD_TAG" value="jenkins-POM_Automation_testjob-2"/>
    <property name="file.encoding" value="Cp1252"/>
    <property name="sun.java.command" value="jenkins.maven3.agent.Maven35Main C:\Users\karan\.jenkins\tools\hudson.tasks.Maven_MavenInstallation\TestMaven C:\Users\karan\.jenkins\war\WEB-INF\lib\remoting-3.33.jar C:\Users\karan\.jenkins\plugins\maven-plugin\WEB-INF\lib\maven35-interceptor-1.13.jar C:\Users\karan\.jenkins\plugins\maven-plugin\WEB-INF\lib\maven3-interceptor-commons-1.13.jar 54034"/>
    <property name="HUDSON_URL" value="http://localhost:8080/"/>
    <property name="JENKINS_SERVER_COOKIE" value="79dff244dbdbf33b"/>
    <property name="=D:" value="D:\JENKINS"/>
    <property name="EXECUTOR_NUMBER" value="1"/>
    <property name="Path" value="C:\Program Files\Java\jdk1.8.0_221/bin;C:\Program Files (x86)\Common Files\Oracle\Java\javapath;C:\Program Files (x86)\TRICENTIS\Tosca Testsuite\Classic;C:\Program Files (x86)\TRICENTIS\Tosca Testsuite\Classic;C:\Program Files (x86)\TRICENTIS\Tosca Testsuite\Classic\dll;C:\Program Files (x86)\TRICENTIS\Tosca Testsuite\Classic\dll\GuptaEngine;C:\Program Files (x86)\TRICENTIS\Tosca Testsuite\ToscaCommander;C:\Program Files (x86)\TRICENTIS\Tosca Testsuite\Classic\dll\DelphiEngine;C:\Program Files (x86)\TRICENTIS\Tosca Testsuite\Classic\dll\PBEngine;C:\Program Files (x86)\TRICENTIS\Tosca Testsuite\Classic\dll\VBEngine;C:\Program Files (x86)\TRICENTIS\Tosca Testsuite\Classic\dll\DotNetHooking;;C:\Program Files (x86)\TRICENTIS\Tosca Testsuite\TBox\Resources\Mobile\Tools;C:\windows\system32;C:\windows;C:\windows\System32\Wbem;C:\windows\System32\WindowsPowerShell\v1.0\;C:\windows\System32\OpenSSH\;C:\Program Files\Java\jdk1.8.0_221\bin;C:\Program Files\Git\cmd;C:\Program Files\Git\bin;C:\Users\karan\AppData\Local\Microsoft\WindowsApps;%DASHLANE_DLL_DIR%"/>
    <property name="java.io.tmpdir" value="C:\Users\karan\AppData\Local\Temp\"/>
    <property name="APPDATA" value="C:\Users\karan\AppData\Roaming"/>
    <property name="user.language" value="en"/>
    <property name="TBOX_HOME" value="C:\Program Files (x86)\TRICENTIS\Tosca Testsuite\TBox"/>
    <property name="line.separator" value="
"/>
    <property name="BUILD_URL" value="http://localhost:8080/job/POM_Automation_testjob/2/"/>
    <property name="TESSDATA_PREFIX" value="C:\Program Files (x86)\TRICENTIS\Tosca Testsuite\ocr"/>
    <property name="M2_HOME" value="C:\Users\karan\.jenkins\tools\hudson.tasks.Maven_MavenInstallation\TestMaven"/>
    <property name="TRICENTIS_SEARCH" value="C:\Program Files (x86)\TRICENTIS\Tosca Testsuite\Classic;C:\Program Files (x86)\TRICENTIS\Tosca Testsuite\Classic\dll;C:\Program Files (x86)\TRICENTIS\Tosca Testsuite\Classic\dll\GuptaEngine;C:\Program Files (x86)\TRICENTIS\Tosca Testsuite\ToscaCommander;C:\Program Files (x86)\TRICENTIS\Tosca Testsuite\Classic\dll\DelphiEngine;C:\Program Files (x86)\TRICENTIS\Tosca Testsuite\Classic\dll\PBEngine;C:\Program Files (x86)\TRICENTIS\Tosca Testsuite\Classic\dll\VBEngine;C:\Program Files (x86)\TRICENTIS\Tosca Testsuite\Classic\dll\DotNetHooking;"/>
    <property name="=C:" value="C:\Users\karan"/>
    <property name="java.vm.info" value="mixed mode"/>
    <property name="DriverData" value="C:\Windows\System32\Drivers\DriverData"/>
    <property name="sun.desktop" value="windows"/>
    <property name="java.vm.specification.name" value="Java Virtual Machine Specification"/>
    <property name="BUILD_DISPLAY_NAME" value="#2"/>
    <property name="OS" value="Windows_NT"/>
    <property name="guice.disable.misplaced.annotation.check" value="true"/>
    <property name="HUDSON_SERVER_COOKIE" value="79dff244dbdbf33b"/>
    <property name="MAVEN_HOME" value="C:\Users\karan\.jenkins\tools\hudson.tasks.Maven_MavenInstallation\TestMaven"/>
    <property name="SESSIONNAME" value="Console"/>
    <property name="PATHEXT" value=".COM;.EXE;.BAT;.CMD;.VBS;.VBE;.JS;.JSE;.WSF;.WSH;.MSC"/>
    <property name="java.awt.printerjob" value="sun.awt.windows.WPrinterJob"/>
    <property name="maven3.interceptor.common" value="C:\Users\karan\.jenkins\plugins\maven-plugin\WEB-INF\lib\maven3-interceptor-commons-1.13.jar"/>
    <property name="CLASSPATH" value=""/>
    <property name="COMMANDER_HOME" value="C:\Program Files (x86)\TRICENTIS\Tosca Testsuite\ToscaCommander"/>
    <property name="HOMEPATH" value="\Users\karan"/>
    <property name="TRICENTIS_ALLUSERS_APPDATA" value="C:\ProgramData\TRICENTIS\TOSCA Testsuite\7.0.0"/>
    <property name="os.name" value="Windows 10"/>
    <property name="java.specification.vendor" value="Oracle Corporation"/>
    <property name="java.vm.name" value="Java HotSpot(TM) 64-Bit Server VM"/>
    <property name="BUILD_NUMBER" value="2"/>
    <property name="maven3.interceptor" value="C:\Users\karan\.jenkins\plugins\maven-plugin\WEB-INF\lib\maven35-interceptor-1.13.jar"/>
    <property name="java.library.path" value="C:\Program Files\Java\jdk1.8.0_221\bin;C:\windows\Sun\Java\bin;C:\windows\system32;C:\windows;C:\Users\karan\.jenkins\tools\hudson.tasks.Maven_MavenInstallation\TestMaven/bin;C:\Program Files\Java\jdk1.8.0_221/bin;C:\Program Files\Java\jdk1.8.0_221/bin;C:\Program Files (x86)\Common Files\Oracle\Java\javapath;C:\Program Files (x86)\TRICENTIS\Tosca Testsuite\Classic;C:\Program Files (x86)\TRICENTIS\Tosca Testsuite\Classic;C:\Program Files (x86)\TRICENTIS\Tosca Testsuite\Classic\dll;C:\Program Files (x86)\TRICENTIS\Tosca Testsuite\Classic\dll\GuptaEngine;C:\Program Files (x86)\TRICENTIS\Tosca Testsuite\ToscaCommander;C:\Program Files (x86)\TRICENTIS\Tosca Testsuite\Classic\dll\DelphiEngine;C:\Program Files (x86)\TRICENTIS\Tosca Testsuite\Classic\dll\PBEngine;C:\Program Files (x86)\TRICENTIS\Tosca Testsuite\Classic\dll\VBEngine;C:\Program Files (x86)\TRICENTIS\Tosca Testsuite\Classic\dll\DotNetHooking;;C:\Program Files (x86)\TRICENTIS\Tosca Testsuite\TBox\Resources\Mobile\Tools;C:\windows\system32;C:\windows;C:\windows\System32\Wbem;C:\windows\System32\WindowsPowerShell\v1.0\;C:\windows\System32\OpenSSH\;C:\Program Files\Java\jdk1.8.0_221\bin;C:\Program Files\Git\cmd;C:\Program Files\Git\bin;C:\Users\karan\AppData\Local\Microsoft\WindowsApps;%DASHLANE_DLL_DIR%;."/>
    <property name="HOMEDRIVE" value="C:"/>
    <property name="POM_GROUPID" value="PomProjectAutomation"/>
    <property name="POM_ARTIFACTID" value="PomProjectTest"/>
    <property name="java.class.version" value="52.0"/>
    <property name="JOB_URL" value="http://localhost:8080/job/POM_Automation_testjob/"/>
    <property name="OneDrive" value="C:\Users\karan\OneDrive"/>
    <property name="RUN_DISPLAY_URL" value="http://localhost:8080/job/POM_Automation_testjob/2/display/redirect"/>
    <property name="JENKINS_HOME" value="C:\Users\karan\.jenkins"/>
    <property name="BUILD_ID" value="2"/>
    <property name="TEMP" value="C:\Users\karan\AppData\Local\Temp"/>
    <property name="sun.boot.library.path" value="C:\Program Files\Java\jdk1.8.0_221\jre\bin"/>
    <property name="sun.management.compiler" value="HotSpot 64-Bit Tiered Compilers"/>
    <property name="java.awt.graphicsenv" value="sun.awt.Win32GraphicsEnvironment"/>
    <property name="user.variant" value=""/>
    <property name="PROCESSOR_REVISION" value="8e0a"/>
    <property name="TRICENTIS_PROJECTS" value="C:\Tosca_Projects"/>
    <property name="POM_VERSION" value="0.0.1-SNAPSHOT"/>
    <property name="HUDSON_HOME" value="C:\Users\karan\.jenkins"/>
    <property name="ProgramFiles(x86)" value="C:\Program Files (x86)"/>
    <property name="PATH+MAVEN" value="C:\Users\karan\.jenkins\tools\hudson.tasks.Maven_MavenInstallation\TestMaven/bin"/>
    <property name="USERDOMAIN_ROAMINGPROFILE" value="DESKTOP-K242S0S"/>
    <property name="PROMPT" value="$P$G"/>
    <property name="java.vm.specification.version" value="1.8"/>
    <property name="JAVA_HOME" value="C:\Program Files\Java\jdk1.8.0_221"/>
    <property name="awt.toolkit" value="sun.awt.windows.WToolkit"/>
    <property name="NODE_LABELS" value="master"/>
    <property name="sun.cpu.isalist" value="amd64"/>
    <property name="USERPROFILE" value="C:\Users\karan"/>
    <property name="TRICENTIS_HOME" value="C:\Program Files (x86)\TRICENTIS\Tosca Testsuite\Classic"/>
    <property name="JOB_DISPLAY_URL" value="http://localhost:8080/job/POM_Automation_testjob/display/redirect"/>
    <property name="java.ext.dirs" value="C:\Program Files\Java\jdk1.8.0_221\jre\lib\ext;C:\windows\Sun\Java\lib\ext"/>
    <property name="os.version" value="10.0"/>
    <property name="user.home" value="C:\Users\karan"/>
    <property name="USERNAME" value="karan"/>
    <property name="java.vm.vendor" value="Oracle Corporation"/>
    <property name="PROCESSOR_LEVEL" value="6"/>
    <property name="CommonProgramW6432" value="C:\Program Files\Common Files"/>
    <property name="user.dir" value="D:\workspace\PomProjectTest"/>
    <property name="maven.conf" value="C:\Users\karan\.jenkins\tools\hudson.tasks.Maven_MavenInstallation\TestMaven\conf"/>
    <property name="ProgramW6432" value="C:\Program Files"/>
    <property name="TMP" value="C:\Users\karan\AppData\Local\Temp"/>
    <property name="sun.cpu.endian" value="little"/>
    <property name="SystemDrive" value="C:"/>
    <property name="java.vm.version" value="25.221-b11"/>
    <property name="java.class.path" value="C:\Users\karan\.jenkins\plugins\maven-plugin\WEB-INF\lib\maven35-agent-1.13.jar;C:\Users\karan\.jenkins\tools\hudson.tasks.Maven_MavenInstallation\TestMaven\boot\plexus-classworlds-2.6.0.jar;C:\Users\karan\.jenkins\tools\hudson.tasks.Maven_MavenInstallation\TestMaven/conf/logging"/>
    <property name="org.slf4j.simpleLogger.defaultLogLevel" value="info"/>
    <property name="os.arch" value="amd64"/>
    <property name="OneDriveConsumer" value="C:\Users\karan\OneDrive"/>
    <property name="WORKSPACE" value="C:\Users\karan\.jenkins\workspace\POM_Automation_testjob"/>
    <property name="ComSpec" value="C:\windows\system32\cmd.exe"/>
    <property name="sun.java.launcher" value="SUN_STANDARD"/>
    <property name="FPS_BROWSER_APP_PROFILE_STRING" value="Internet Explorer"/>
    <property name="SystemRoot" value="C:\windows"/>
    <property name="CommonProgramFiles" value="C:\Program Files\Common Files"/>
    <property name="java.vm.specification.vendor" value="Oracle Corporation"/>
    <property name="FPS_BROWSER_USER_PROFILE_STRING" value="Default"/>
    <property name="file.separator" value="\"/>
    <property name="java.runtime.version" value="1.8.0_221-b11"/>
    <property name="ProgramFiles" value="C:\Program Files"/>
    <property name="sun.boot.class.path" value="C:\Program Files\Java\jdk1.8.0_221\jre\lib\resources.jar;C:\Program Files\Java\jdk1.8.0_221\jre\lib\rt.jar;C:\Program Files\Java\jdk1.8.0_221\jre\lib\sunrsasign.jar;C:\Program Files\Java\jdk1.8.0_221\jre\lib\jsse.jar;C:\Program Files\Java\jdk1.8.0_221\jre\lib\jce.jar;C:\Program Files\Java\jdk1.8.0_221\jre\lib\charsets.jar;C:\Program Files\Java\jdk1.8.0_221\jre\lib\jfr.jar;C:\Program Files\Java\jdk1.8.0_221\jre\classes"/>
    <property name="PATH+JDK" value="C:\Program Files\Java\jdk1.8.0_221/bin"/>
    <property name="=ExitCode" value="00000001"/>
    <property name="user.country" value="IN"/>
    <property name="POM_PACKAGING" value="jar"/>
    <property name="maven.home" value="C:\Users\karan\.jenkins\tools\hudson.tasks.Maven_MavenInstallation\TestMaven"/>
    <property name="JOB_BASE_NAME" value="POM_Automation_testjob"/>
    <property name="java.vendor" value="Oracle Corporation"/>
    <property name="POM_DISPLAYNAME" value="PomProjectTest"/>
    <property name="java.specification.version" value="1.8"/>
    <property name="sun.arch.data.model" value="64"/>
  </properties>
  <testcase classname="com.crm.qa.testcases.ContactsPageTest" name="verifyContactsLabelTest" time="0.243"/>
  <testcase classname="com.crm.qa.testcases.HomePageTest" name="verifyHomePageTitleTest" time="0.079"/>
  <testcase classname="com.crm.qa.testcases.LoginPageTest" name="LoginPageTitleTest" time="0.064"/>
  <testcase classname="com.crm.qa.testcases.ContactsPageTest" name="createNewContact" time="1.258">
    <failure message="mouseMoveTo
Build info: version: &apos;3.5.3&apos;, revision: &apos;a88d25fe6b&apos;, time: &apos;2017-08-29T12:42:44.417Z&apos;
System info: host: &apos;DESKTOP-K242S0S&apos;, ip: &apos;192.168.0.87&apos;, os.name: &apos;Windows 10&apos;, os.arch: &apos;amd64&apos;, os.version: &apos;10.0&apos;, java.version: &apos;1.8.0_221&apos;
Driver info: driver.version: RemoteWebDriver" type="org.openqa.selenium.UnsupportedCommandException">org.openqa.selenium.UnsupportedCommandException: mouseMoveTo
Build info: version: &apos;3.5.3&apos;, revision: &apos;a88d25fe6b&apos;, time: &apos;2017-08-29T12:42:44.417Z&apos;
System info: host: &apos;DESKTOP-K242S0S&apos;, ip: &apos;192.168.0.87&apos;, os.name: &apos;Windows 10&apos;, os.arch: &apos;amd64&apos;, os.version: &apos;10.0&apos;, java.version: &apos;1.8.0_221&apos;
Driver info: driver.version: RemoteWebDriver
	at org.openqa.selenium.remote.http.AbstractHttpCommandCodec.encode(AbstractHttpCommandCodec.java:222)
	at org.openqa.selenium.remote.http.AbstractHttpCommandCodec.encode(AbstractHttpCommandCodec.java:119)
	at org.openqa.selenium.remote.HttpCommandExecutor.execute(HttpCommandExecutor.java:158)
	at org.openqa.selenium.remote.service.DriverCommandExecutor.execute(DriverCommandExecutor.java:82)
	at org.openqa.selenium.remote.RemoteWebDriver.execute(RemoteWebDriver.java:646)
	at org.openqa.selenium.remote.RemoteExecuteMethod.execute(RemoteExecuteMethod.java:35)
	at org.openqa.selenium.remote.RemoteMouse.mouseMove(RemoteMouse.java:89)
	at org.openqa.selenium.support.events.internal.EventFiringMouse.mouseMove(EventFiringMouse.java:58)
	at org.openqa.selenium.interactions.MoveMouseAction.perform(MoveMouseAction.java:43)
	at org.openqa.selenium.interactions.CompositeAction.perform(CompositeAction.java:36)
	at org.openqa.selenium.interactions.Actions$BuiltAction.perform(Actions.java:641)
	at com.crm.qa.pages.HomePage.clickOnNewContactLink(HomePage.java:65)
	at com.crm.qa.testcases.ContactsPageTest.createNewContact(ContactsPageTest.java:59)
</failure>
    <system-out>08-31-2019 12:58:00 RequestAddCookies.java DEBUG [Forwarding quit on session 92c6f0b0206cd471a9b1cbbd7bfd328f to remote] protocol.RequestAddCookies 123 - CookieSpec selected: default
08-31-2019 12:58:00 RequestAuthCache.java DEBUG [Forwarding quit on session 92c6f0b0206cd471a9b1cbbd7bfd328f to remote] protocol.RequestAuthCache 77 - Auth cache not set in the context
08-31-2019 12:58:00 PoolingHttpClientConnectionManager.java DEBUG [Forwarding quit on session 92c6f0b0206cd471a9b1cbbd7bfd328f to remote] conn.PoolingHttpClientConnectionManager 255 - Connection request: [route: {}-&gt;http://localhost:30521][total kept alive: 1; route allocated: 1 of 2000; total allocated: 1 of 2000]
08-31-2019 12:58:00 PoolingHttpClientConnectionManager.java DEBUG [Forwarding quit on session 92c6f0b0206cd471a9b1cbbd7bfd328f to remote] conn.PoolingHttpClientConnectionManager 288 - Connection leased: [id: 2][route: {}-&gt;http://localhost:30521][total kept alive: 0; route allocated: 1 of 2000; total allocated: 1 of 2000]
08-31-2019 12:58:00 MainClientExec.java DEBUG [Forwarding quit on session 92c6f0b0206cd471a9b1cbbd7bfd328f to remote] execchain.MainClientExec 208 - Stale connection check
08-31-2019 12:58:00 Wire.java DEBUG [Forwarding quit on session 92c6f0b0206cd471a9b1cbbd7bfd328f to remote] http.wire 87 - http-outgoing-2 &lt;&lt; &quot;[read] I/O error: Read timed out&quot;
08-31-2019 12:58:00 LoggingManagedHttpClientConnection.java DEBUG [Forwarding quit on session 92c6f0b0206cd471a9b1cbbd7bfd328f to remote] conn.DefaultManagedHttpClientConnection 88 - http-outgoing-2: set socket timeout to 10800000
08-31-2019 12:58:00 MainClientExec.java DEBUG [Forwarding quit on session 92c6f0b0206cd471a9b1cbbd7bfd328f to remote] execchain.MainClientExec 256 - Executing request DELETE /session/92c6f0b0206cd471a9b1cbbd7bfd328f HTTP/1.1
08-31-2019 12:58:00 MainClientExec.java DEBUG [Forwarding quit on session 92c6f0b0206cd471a9b1cbbd7bfd328f to remote] execchain.MainClientExec 261 - Target auth state: UNCHALLENGED
08-31-2019 12:58:00 MainClientExec.java DEBUG [Forwarding quit on session 92c6f0b0206cd471a9b1cbbd7bfd328f to remote] execchain.MainClientExec 267 - Proxy auth state: UNCHALLENGED
08-31-2019 12:58:00 LoggingManagedHttpClientConnection.java DEBUG [Forwarding quit on session 92c6f0b0206cd471a9b1cbbd7bfd328f to remote] http.headers 133 - http-outgoing-2 &gt;&gt; DELETE /session/92c6f0b0206cd471a9b1cbbd7bfd328f HTTP/1.1
08-31-2019 12:58:00 LoggingManagedHttpClientConnection.java DEBUG [Forwarding quit on session 92c6f0b0206cd471a9b1cbbd7bfd328f to remote] http.headers 136 - http-outgoing-2 &gt;&gt; Host: localhost:30521
08-31-2019 12:58:00 LoggingManagedHttpClientConnection.java DEBUG [Forwarding quit on session 92c6f0b0206cd471a9b1cbbd7bfd328f to remote] http.headers 136 - http-outgoing-2 &gt;&gt; Connection: Keep-Alive
08-31-2019 12:58:00 LoggingManagedHttpClientConnection.java DEBUG [Forwarding quit on session 92c6f0b0206cd471a9b1cbbd7bfd328f to remote] http.headers 136 - http-outgoing-2 &gt;&gt; User-Agent: Apache-HttpClient/4.5.3 (Java/1.8.0_221)
08-31-2019 12:58:00 LoggingManagedHttpClientConnection.java DEBUG [Forwarding quit on session 92c6f0b0206cd471a9b1cbbd7bfd328f to remote] http.headers 136 - http-outgoing-2 &gt;&gt; Accept-Encoding: gzip,deflate
08-31-2019 12:58:00 Wire.java DEBUG [Forwarding quit on session 92c6f0b0206cd471a9b1cbbd7bfd328f to remote] http.wire 73 - http-outgoing-2 &gt;&gt; &quot;DELETE /session/92c6f0b0206cd471a9b1cbbd7bfd328f HTTP/1.1[\r][\n]&quot;
08-31-2019 12:58:00 Wire.java DEBUG [Forwarding quit on session 92c6f0b0206cd471a9b1cbbd7bfd328f to remote] http.wire 73 - http-outgoing-2 &gt;&gt; &quot;Host: localhost:30521[\r][\n]&quot;
08-31-2019 12:58:00 Wire.java DEBUG [Forwarding quit on session 92c6f0b0206cd471a9b1cbbd7bfd328f to remote] http.wire 73 - http-outgoing-2 &gt;&gt; &quot;Connection: Keep-Alive[\r][\n]&quot;
08-31-2019 12:58:00 Wire.java DEBUG [Forwarding quit on session 92c6f0b0206cd471a9b1cbbd7bfd328f to remote] http.wire 73 - http-outgoing-2 &gt;&gt; &quot;User-Agent: Apache-HttpClient/4.5.3 (Java/1.8.0_221)[\r][\n]&quot;
08-31-2019 12:58:00 Wire.java DEBUG [Forwarding quit on session 92c6f0b0206cd471a9b1cbbd7bfd328f to remote] http.wire 73 - http-outgoing-2 &gt;&gt; &quot;Accept-Encoding: gzip,deflate[\r][\n]&quot;
08-31-2019 12:58:00 Wire.java DEBUG [Forwarding quit on session 92c6f0b0206cd471a9b1cbbd7bfd328f to remote] http.wire 73 - http-outgoing-2 &gt;&gt; &quot;[\r][\n]&quot;
08-31-2019 12:58:00 Wire.java DEBUG [Forwarding quit on session 92c6f0b0206cd471a9b1cbbd7bfd328f to remote] http.wire 73 - http-outgoing-2 &lt;&lt; &quot;HTTP/1.1 200 OK[\r][\n]&quot;
08-31-2019 12:58:00 Wire.java DEBUG [Forwarding quit on session 92c6f0b0206cd471a9b1cbbd7bfd328f to remote] http.wire 73 - http-outgoing-2 &lt;&lt; &quot;Content-Length:14[\r][\n]&quot;
08-31-2019 12:58:00 Wire.java DEBUG [Forwarding quit on session 92c6f0b0206cd471a9b1cbbd7bfd328f to remote] http.wire 73 - http-outgoing-2 &lt;&lt; &quot;Content-Type:application/json; charset=utf-8[\r][\n]&quot;
08-31-2019 12:58:00 Wire.java DEBUG [Forwarding quit on session 92c6f0b0206cd471a9b1cbbd7bfd328f to remote] http.wire 73 - http-outgoing-2 &lt;&lt; &quot;cache-control:no-cache[\r][\n]&quot;
08-31-2019 12:58:00 Wire.java DEBUG [Forwarding quit on session 92c6f0b0206cd471a9b1cbbd7bfd328f to remote] http.wire 73 - http-outgoing-2 &lt;&lt; &quot;[\r][\n]&quot;
08-31-2019 12:58:00 Wire.java DEBUG [Forwarding quit on session 92c6f0b0206cd471a9b1cbbd7bfd328f to remote] http.wire 87 - http-outgoing-2 &lt;&lt; &quot;{&quot;value&quot;:null}&quot;
08-31-2019 12:58:00 LoggingManagedHttpClientConnection.java DEBUG [Forwarding quit on session 92c6f0b0206cd471a9b1cbbd7bfd328f to remote] http.headers 122 - http-outgoing-2 &lt;&lt; HTTP/1.1 200 OK
08-31-2019 12:58:00 LoggingManagedHttpClientConnection.java DEBUG [Forwarding quit on session 92c6f0b0206cd471a9b1cbbd7bfd328f to remote] http.headers 125 - http-outgoing-2 &lt;&lt; Content-Length:14
08-31-2019 12:58:00 LoggingManagedHttpClientConnection.java DEBUG [Forwarding quit on session 92c6f0b0206cd471a9b1cbbd7bfd328f to remote] http.headers 125 - http-outgoing-2 &lt;&lt; Content-Type:application/json; charset=utf-8
08-31-2019 12:58:00 LoggingManagedHttpClientConnection.java DEBUG [Forwarding quit on session 92c6f0b0206cd471a9b1cbbd7bfd328f to remote] http.headers 125 - http-outgoing-2 &lt;&lt; cache-control:no-cache
08-31-2019 12:58:00 MainClientExec.java DEBUG [Forwarding quit on session 92c6f0b0206cd471a9b1cbbd7bfd328f to remote] execchain.MainClientExec 285 - Connection can be kept alive indefinitely
08-31-2019 12:58:00 PoolingHttpClientConnectionManager.java DEBUG [Forwarding quit on session 92c6f0b0206cd471a9b1cbbd7bfd328f to remote] conn.PoolingHttpClientConnectionManager 320 - Connection [id: 2][route: {}-&gt;http://localhost:30521] can be kept alive indefinitely
08-31-2019 12:58:00 PoolingHttpClientConnectionManager.java DEBUG [Forwarding quit on session 92c6f0b0206cd471a9b1cbbd7bfd328f to remote] conn.PoolingHttpClientConnectionManager 326 - Connection released: [id: 2][route: {}-&gt;http://localhost:30521][total kept alive: 1; route allocated: 1 of 2000; total allocated: 1 of 2000]
08-31-2019 12:58:00 PoolingHttpClientConnectionManager.java DEBUG [Forwarding quit on session 92c6f0b0206cd471a9b1cbbd7bfd328f to remote] conn.PoolingHttpClientConnectionManager 407 - Closing connections idle longer than 0 SECONDS
08-31-2019 12:58:00 LoggingManagedHttpClientConnection.java DEBUG [Forwarding quit on session 92c6f0b0206cd471a9b1cbbd7bfd328f to remote] conn.DefaultManagedHttpClientConnection 79 - http-outgoing-2: Close connection
08-31-2019 12:58:03 RequestAddCookies.java DEBUG [Forwarding newSession on session null to remote] protocol.RequestAddCookies 123 - CookieSpec selected: default
08-31-2019 12:58:03 RequestAuthCache.java DEBUG [Forwarding newSession on session null to remote] protocol.RequestAuthCache 77 - Auth cache not set in the context
08-31-2019 12:58:03 PoolingHttpClientConnectionManager.java DEBUG [Forwarding newSession on session null to remote] conn.PoolingHttpClientConnectionManager 255 - Connection request: [route: {}-&gt;http://localhost:20783][total kept alive: 0; route allocated: 0 of 2000; total allocated: 0 of 2000]
08-31-2019 12:58:03 PoolingHttpClientConnectionManager.java DEBUG [Forwarding newSession on session null to remote] conn.PoolingHttpClientConnectionManager 288 - Connection leased: [id: 3][route: {}-&gt;http://localhost:20783][total kept alive: 0; route allocated: 1 of 2000; total allocated: 1 of 2000]
08-31-2019 12:58:03 MainClientExec.java DEBUG [Forwarding newSession on session null to remote] execchain.MainClientExec 235 - Opening connection {}-&gt;http://localhost:20783
08-31-2019 12:58:03 DefaultHttpClientConnectionOperator.java DEBUG [Forwarding newSession on session null to remote] conn.DefaultHttpClientConnectionOperator 139 - Connecting to localhost/127.0.0.1:20783
08-31-2019 12:58:03 DefaultHttpClientConnectionOperator.java DEBUG [Forwarding newSession on session null to remote] conn.DefaultHttpClientConnectionOperator 146 - Connection established 127.0.0.1:54177&lt;-&gt;127.0.0.1:20783
08-31-2019 12:58:03 LoggingManagedHttpClientConnection.java DEBUG [Forwarding newSession on session null to remote] conn.DefaultManagedHttpClientConnection 88 - http-outgoing-3: set socket timeout to 10800000
08-31-2019 12:58:03 MainClientExec.java DEBUG [Forwarding newSession on session null to remote] execchain.MainClientExec 256 - Executing request POST /session HTTP/1.1
08-31-2019 12:58:03 MainClientExec.java DEBUG [Forwarding newSession on session null to remote] execchain.MainClientExec 261 - Target auth state: UNCHALLENGED
08-31-2019 12:58:03 MainClientExec.java DEBUG [Forwarding newSession on session null to remote] execchain.MainClientExec 267 - Proxy auth state: UNCHALLENGED
08-31-2019 12:58:03 LoggingManagedHttpClientConnection.java DEBUG [Forwarding newSession on session null to remote] http.headers 133 - http-outgoing-3 &gt;&gt; POST /session HTTP/1.1
08-31-2019 12:58:03 LoggingManagedHttpClientConnection.java DEBUG [Forwarding newSession on session null to remote] http.headers 136 - http-outgoing-3 &gt;&gt; Content-Type: application/json; charset=utf-8
08-31-2019 12:58:03 LoggingManagedHttpClientConnection.java DEBUG [Forwarding newSession on session null to remote] http.headers 136 - http-outgoing-3 &gt;&gt; Content-Length: 550
08-31-2019 12:58:03 LoggingManagedHttpClientConnection.java DEBUG [Forwarding newSession on session null to remote] http.headers 136 - http-outgoing-3 &gt;&gt; Host: localhost:20783
08-31-2019 12:58:03 LoggingManagedHttpClientConnection.java DEBUG [Forwarding newSession on session null to remote] http.headers 136 - http-outgoing-3 &gt;&gt; Connection: Keep-Alive
08-31-2019 12:58:03 LoggingManagedHttpClientConnection.java DEBUG [Forwarding newSession on session null to remote] http.headers 136 - http-outgoing-3 &gt;&gt; User-Agent: Apache-HttpClient/4.5.3 (Java/1.8.0_221)
08-31-2019 12:58:03 LoggingManagedHttpClientConnection.java DEBUG [Forwarding newSession on session null to remote] http.headers 136 - http-outgoing-3 &gt;&gt; Accept-Encoding: gzip,deflate
08-31-2019 12:58:03 Wire.java DEBUG [Forwarding newSession on session null to remote] http.wire 73 - http-outgoing-3 &gt;&gt; &quot;POST /session HTTP/1.1[\r][\n]&quot;
08-31-2019 12:58:03 Wire.java DEBUG [Forwarding newSession on session null to remote] http.wire 73 - http-outgoing-3 &gt;&gt; &quot;Content-Type: application/json; charset=utf-8[\r][\n]&quot;
08-31-2019 12:58:03 Wire.java DEBUG [Forwarding newSession on session null to remote] http.wire 73 - http-outgoing-3 &gt;&gt; &quot;Content-Length: 550[\r][\n]&quot;
08-31-2019 12:58:03 Wire.java DEBUG [Forwarding newSession on session null to remote] http.wire 73 - http-outgoing-3 &gt;&gt; &quot;Host: localhost:20783[\r][\n]&quot;
08-31-2019 12:58:03 Wire.java DEBUG [Forwarding newSession on session null to remote] http.wire 73 - http-outgoing-3 &gt;&gt; &quot;Connection: Keep-Alive[\r][\n]&quot;
08-31-2019 12:58:03 Wire.java DEBUG [Forwarding newSession on session null to remote] http.wire 73 - http-outgoing-3 &gt;&gt; &quot;User-Agent: Apache-HttpClient/4.5.3 (Java/1.8.0_221)[\r][\n]&quot;
08-31-2019 12:58:03 Wire.java DEBUG [Forwarding newSession on session null to remote] http.wire 73 - http-outgoing-3 &gt;&gt; &quot;Accept-Encoding: gzip,deflate[\r][\n]&quot;
08-31-2019 12:58:03 Wire.java DEBUG [Forwarding newSession on session null to remote] http.wire 73 - http-outgoing-3 &gt;&gt; &quot;[\r][\n]&quot;
08-31-2019 12:58:03 Wire.java DEBUG [Forwarding newSession on session null to remote] http.wire 73 - http-outgoing-3 &gt;&gt; &quot;{[\n]&quot;
08-31-2019 12:58:03 Wire.java DEBUG [Forwarding newSession on session null to remote] http.wire 73 - http-outgoing-3 &gt;&gt; &quot;  &quot;desiredCapabilities&quot;: {[\n]&quot;
08-31-2019 12:58:03 Wire.java DEBUG [Forwarding newSession on session null to remote] http.wire 73 - http-outgoing-3 &gt;&gt; &quot;    &quot;browserName&quot;: &quot;chrome&quot;,[\n]&quot;
08-31-2019 12:58:03 Wire.java DEBUG [Forwarding newSession on session null to remote] http.wire 73 - http-outgoing-3 &gt;&gt; &quot;    &quot;chromeOptions&quot;: {[\n]&quot;
08-31-2019 12:58:03 Wire.java DEBUG [Forwarding newSession on session null to remote] http.wire 73 - http-outgoing-3 &gt;&gt; &quot;      &quot;args&quot;: [],[\n]&quot;
08-31-2019 12:58:03 Wire.java DEBUG [Forwarding newSession on session null to remote] http.wire 73 - http-outgoing-3 &gt;&gt; &quot;      &quot;extensions&quot;: [][\n]&quot;
08-31-2019 12:58:03 Wire.java DEBUG [Forwarding newSession on session null to remote] http.wire 73 - http-outgoing-3 &gt;&gt; &quot;    },[\n]&quot;
08-31-2019 12:58:03 Wire.java DEBUG [Forwarding newSession on session null to remote] http.wire 73 - http-outgoing-3 &gt;&gt; &quot;    &quot;version&quot;: &quot;&quot;,[\n]&quot;
08-31-2019 12:58:03 Wire.java DEBUG [Forwarding newSession on session null to remote] http.wire 73 - http-outgoing-3 &gt;&gt; &quot;    &quot;platform&quot;: &quot;ANY&quot;[\n]&quot;
08-31-2019 12:58:03 Wire.java DEBUG [Forwarding newSession on session null to remote] http.wire 73 - http-outgoing-3 &gt;&gt; &quot;  },[\n]&quot;
08-31-2019 12:58:03 Wire.java DEBUG [Forwarding newSession on session null to remote] http.wire 73 - http-outgoing-3 &gt;&gt; &quot;  &quot;requiredCapabilities&quot;: {},[\n]&quot;
08-31-2019 12:58:03 Wire.java DEBUG [Forwarding newSession on session null to remote] http.wire 73 - http-outgoing-3 &gt;&gt; &quot;  &quot;capabilities&quot;: {[\n]&quot;
08-31-2019 12:58:03 Wire.java DEBUG [Forwarding newSession on session null to remote] http.wire 73 - http-outgoing-3 &gt;&gt; &quot;    &quot;desiredCapabilities&quot;: {[\n]&quot;
08-31-2019 12:58:03 Wire.java DEBUG [Forwarding newSession on session null to remote] http.wire 73 - http-outgoing-3 &gt;&gt; &quot;      &quot;browserName&quot;: &quot;chrome&quot;,[\n]&quot;
08-31-2019 12:58:03 Wire.java DEBUG [Forwarding newSession on session null to remote] http.wire 73 - http-outgoing-3 &gt;&gt; &quot;      &quot;chromeOptions&quot;: {[\n]&quot;
08-31-2019 12:58:03 Wire.java DEBUG [Forwarding newSession on session null to remote] http.wire 73 - http-outgoing-3 &gt;&gt; &quot;        &quot;args&quot;: [],[\n]&quot;
08-31-2019 12:58:03 Wire.java DEBUG [Forwarding newSession on session null to remote] http.wire 73 - http-outgoing-3 &gt;&gt; &quot;        &quot;extensions&quot;: [][\n]&quot;
08-31-2019 12:58:03 Wire.java DEBUG [Forwarding newSession on session null to remote] http.wire 73 - http-outgoing-3 &gt;&gt; &quot;      },[\n]&quot;
08-31-2019 12:58:03 Wire.java DEBUG [Forwarding newSession on session null to remote] http.wire 73 - http-outgoing-3 &gt;&gt; &quot;      &quot;version&quot;: &quot;&quot;,[\n]&quot;
08-31-2019 12:58:03 Wire.java DEBUG [Forwarding newSession on session null to remote] http.wire 73 - http-outgoing-3 &gt;&gt; &quot;      &quot;platform&quot;: &quot;ANY&quot;[\n]&quot;
08-31-2019 12:58:03 Wire.java DEBUG [Forwarding newSession on session null to remote] http.wire 73 - http-outgoing-3 &gt;&gt; &quot;    },[\n]&quot;
08-31-2019 12:58:03 Wire.java DEBUG [Forwarding newSession on session null to remote] http.wire 73 - http-outgoing-3 &gt;&gt; &quot;    &quot;requiredCapabilities&quot;: {},[\n]&quot;
08-31-2019 12:58:03 Wire.java DEBUG [Forwarding newSession on session null to remote] http.wire 73 - http-outgoing-3 &gt;&gt; &quot;    &quot;alwaysMatch&quot;: {},[\n]&quot;
08-31-2019 12:58:03 Wire.java DEBUG [Forwarding newSession on session null to remote] http.wire 73 - http-outgoing-3 &gt;&gt; &quot;    &quot;firstMatch&quot;: [[\n]&quot;
08-31-2019 12:58:03 Wire.java DEBUG [Forwarding newSession on session null to remote] http.wire 73 - http-outgoing-3 &gt;&gt; &quot;      {[\n]&quot;
08-31-2019 12:58:03 Wire.java DEBUG [Forwarding newSession on session null to remote] http.wire 73 - http-outgoing-3 &gt;&gt; &quot;        &quot;browserName&quot;: &quot;chrome&quot;[\n]&quot;
08-31-2019 12:58:03 Wire.java DEBUG [Forwarding newSession on session null to remote] http.wire 73 - http-outgoing-3 &gt;&gt; &quot;      }[\n]&quot;
08-31-2019 12:58:03 Wire.java DEBUG [Forwarding newSession on session null to remote] http.wire 73 - http-outgoing-3 &gt;&gt; &quot;    ][\n]&quot;
08-31-2019 12:58:03 Wire.java DEBUG [Forwarding newSession on session null to remote] http.wire 73 - http-outgoing-3 &gt;&gt; &quot;  }[\n]&quot;
08-31-2019 12:58:03 Wire.java DEBUG [Forwarding newSession on session null to remote] http.wire 87 - http-outgoing-3 &gt;&gt; &quot;}&quot;
08-31-2019 12:58:05 Wire.java DEBUG [Forwarding newSession on session null to remote] http.wire 73 - http-outgoing-3 &lt;&lt; &quot;HTTP/1.1 200 OK[\r][\n]&quot;
08-31-2019 12:58:05 Wire.java DEBUG [Forwarding newSession on session null to remote] http.wire 73 - http-outgoing-3 &lt;&lt; &quot;Content-Length:682[\r][\n]&quot;
08-31-2019 12:58:05 Wire.java DEBUG [Forwarding newSession on session null to remote] http.wire 73 - http-outgoing-3 &lt;&lt; &quot;Content-Type:application/json; charset=utf-8[\r][\n]&quot;
08-31-2019 12:58:05 Wire.java DEBUG [Forwarding newSession on session null to remote] http.wire 73 - http-outgoing-3 &lt;&lt; &quot;cache-control:no-cache[\r][\n]&quot;
08-31-2019 12:58:05 Wire.java DEBUG [Forwarding newSession on session null to remote] http.wire 73 - http-outgoing-3 &lt;&lt; &quot;[\r][\n]&quot;
08-31-2019 12:58:05 Wire.java DEBUG [Forwarding newSession on session null to remote] http.wire 87 - http-outgoing-3 &lt;&lt; &quot;{&quot;value&quot;:{&quot;capabilities&quot;:{&quot;acceptInsecureCerts&quot;:false,&quot;browserName&quot;:&quot;chrome&quot;,&quot;browserVersion&quot;:&quot;76.0.3809.132&quot;,&quot;chrome&quot;:{&quot;chromedriverVersion&quot;:&quot;76.0.3809.68 (420c9498db8ce8fcd190a954d51297672c1515d5-refs/branch-heads/3809@{#864})&quot;,&quot;userDataDir&quot;:&quot;C:\\Users\\karan\\AppData\\Local\\Temp\\scoped_dir7180_1382633959&quot;},&quot;goog:chromeOptions&quot;:{&quot;debuggerAddress&quot;:&quot;localhost:54178&quot;},&quot;networkConnectionEnabled&quot;:false,&quot;pageLoadStrategy&quot;:&quot;normal&quot;,&quot;platformName&quot;:&quot;windows nt&quot;,&quot;proxy&quot;:{},&quot;setWindowRect&quot;:true,&quot;strictFileInteractability&quot;:false,&quot;timeouts&quot;:{&quot;implicit&quot;:0,&quot;pageLoad&quot;:300000,&quot;script&quot;:30000},&quot;unhandledPromptBehavior&quot;:&quot;dismiss and notify&quot;},&quot;sessionId&quot;:&quot;7924db1cdca3d9f58beaf776318b9ec1&quot;}}&quot;
08-31-2019 12:58:05 LoggingManagedHttpClientConnection.java DEBUG [Forwarding newSession on session null to remote] http.headers 122 - http-outgoing-3 &lt;&lt; HTTP/1.1 200 OK
08-31-2019 12:58:05 LoggingManagedHttpClientConnection.java DEBUG [Forwarding newSession on session null to remote] http.headers 125 - http-outgoing-3 &lt;&lt; Content-Length:682
08-31-2019 12:58:05 LoggingManagedHttpClientConnection.java DEBUG [Forwarding newSession on session null to remote] http.headers 125 - http-outgoing-3 &lt;&lt; Content-Type:application/json; charset=utf-8
08-31-2019 12:58:05 LoggingManagedHttpClientConnection.java DEBUG [Forwarding newSession on session null to remote] http.headers 125 - http-outgoing-3 &lt;&lt; cache-control:no-cache
08-31-2019 12:58:05 MainClientExec.java DEBUG [Forwarding newSession on session null to remote] execchain.MainClientExec 285 - Connection can be kept alive indefinitely
08-31-2019 12:58:05 PoolingHttpClientConnectionManager.java DEBUG [Forwarding newSession on session null to remote] conn.PoolingHttpClientConnectionManager 320 - Connection [id: 3][route: {}-&gt;http://localhost:20783] can be kept alive indefinitely
08-31-2019 12:58:05 PoolingHttpClientConnectionManager.java DEBUG [Forwarding newSession on session null to remote] conn.PoolingHttpClientConnectionManager 326 - Connection released: [id: 3][route: {}-&gt;http://localhost:20783][total kept alive: 1; route allocated: 1 of 2000; total allocated: 1 of 2000]
08-31-2019 12:58:05 RequestAddCookies.java DEBUG [Forwarding maximizeCurrentWindow on session 7924db1cdca3d9f58beaf776318b9ec1 to remote] protocol.RequestAddCookies 123 - CookieSpec selected: default
08-31-2019 12:58:05 RequestAuthCache.java DEBUG [Forwarding maximizeCurrentWindow on session 7924db1cdca3d9f58beaf776318b9ec1 to remote] protocol.RequestAuthCache 77 - Auth cache not set in the context
08-31-2019 12:58:05 PoolingHttpClientConnectionManager.java DEBUG [Forwarding maximizeCurrentWindow on session 7924db1cdca3d9f58beaf776318b9ec1 to remote] conn.PoolingHttpClientConnectionManager 255 - Connection request: [route: {}-&gt;http://localhost:20783][total kept alive: 1; route allocated: 1 of 2000; total allocated: 1 of 2000]
08-31-2019 12:58:05 PoolingHttpClientConnectionManager.java DEBUG [Forwarding maximizeCurrentWindow on session 7924db1cdca3d9f58beaf776318b9ec1 to remote] conn.PoolingHttpClientConnectionManager 288 - Connection leased: [id: 3][route: {}-&gt;http://localhost:20783][total kept alive: 0; route allocated: 1 of 2000; total allocated: 1 of 2000]
08-31-2019 12:58:05 MainClientExec.java DEBUG [Forwarding maximizeCurrentWindow on session 7924db1cdca3d9f58beaf776318b9ec1 to remote] execchain.MainClientExec 208 - Stale connection check
08-31-2019 12:58:05 Wire.java DEBUG [Forwarding maximizeCurrentWindow on session 7924db1cdca3d9f58beaf776318b9ec1 to remote] http.wire 87 - http-outgoing-3 &lt;&lt; &quot;[read] I/O error: Read timed out&quot;
08-31-2019 12:58:05 LoggingManagedHttpClientConnection.java DEBUG [Forwarding maximizeCurrentWindow on session 7924db1cdca3d9f58beaf776318b9ec1 to remote] conn.DefaultManagedHttpClientConnection 88 - http-outgoing-3: set socket timeout to 10800000
08-31-2019 12:58:05 MainClientExec.java DEBUG [Forwarding maximizeCurrentWindow on session 7924db1cdca3d9f58beaf776318b9ec1 to remote] execchain.MainClientExec 256 - Executing request POST /session/7924db1cdca3d9f58beaf776318b9ec1/window/maximize HTTP/1.1
08-31-2019 12:58:05 MainClientExec.java DEBUG [Forwarding maximizeCurrentWindow on session 7924db1cdca3d9f58beaf776318b9ec1 to remote] execchain.MainClientExec 261 - Target auth state: UNCHALLENGED
08-31-2019 12:58:05 MainClientExec.java DEBUG [Forwarding maximizeCurrentWindow on session 7924db1cdca3d9f58beaf776318b9ec1 to remote] execchain.MainClientExec 267 - Proxy auth state: UNCHALLENGED
08-31-2019 12:58:05 LoggingManagedHttpClientConnection.java DEBUG [Forwarding maximizeCurrentWindow on session 7924db1cdca3d9f58beaf776318b9ec1 to remote] http.headers 133 - http-outgoing-3 &gt;&gt; POST /session/7924db1cdca3d9f58beaf776318b9ec1/window/maximize HTTP/1.1
08-31-2019 12:58:05 LoggingManagedHttpClientConnection.java DEBUG [Forwarding maximizeCurrentWindow on session 7924db1cdca3d9f58beaf776318b9ec1 to remote] http.headers 136 - http-outgoing-3 &gt;&gt; Content-Type: application/json; charset=utf-8
08-31-2019 12:58:05 LoggingManagedHttpClientConnection.java DEBUG [Forwarding maximizeCurrentWindow on session 7924db1cdca3d9f58beaf776318b9ec1 to remote] http.headers 136 - http-outgoing-3 &gt;&gt; Content-Length: 2
08-31-2019 12:58:05 LoggingManagedHttpClientConnection.java DEBUG [Forwarding maximizeCurrentWindow on session 7924db1cdca3d9f58beaf776318b9ec1 to remote] http.headers 136 - http-outgoing-3 &gt;&gt; Host: localhost:20783
08-31-2019 12:58:05 LoggingManagedHttpClientConnection.java DEBUG [Forwarding maximizeCurrentWindow on session 7924db1cdca3d9f58beaf776318b9ec1 to remote] http.headers 136 - http-outgoing-3 &gt;&gt; Connection: Keep-Alive
08-31-2019 12:58:05 LoggingManagedHttpClientConnection.java DEBUG [Forwarding maximizeCurrentWindow on session 7924db1cdca3d9f58beaf776318b9ec1 to remote] http.headers 136 - http-outgoing-3 &gt;&gt; User-Agent: Apache-HttpClient/4.5.3 (Java/1.8.0_221)
08-31-2019 12:58:05 LoggingManagedHttpClientConnection.java DEBUG [Forwarding maximizeCurrentWindow on session 7924db1cdca3d9f58beaf776318b9ec1 to remote] http.headers 136 - http-outgoing-3 &gt;&gt; Accept-Encoding: gzip,deflate
08-31-2019 12:58:05 Wire.java DEBUG [Forwarding maximizeCurrentWindow on session 7924db1cdca3d9f58beaf776318b9ec1 to remote] http.wire 73 - http-outgoing-3 &gt;&gt; &quot;POST /session/7924db1cdca3d9f58beaf776318b9ec1/window/maximize HTTP/1.1[\r][\n]&quot;
08-31-2019 12:58:05 Wire.java DEBUG [Forwarding maximizeCurrentWindow on session 7924db1cdca3d9f58beaf776318b9ec1 to remote] http.wire 73 - http-outgoing-3 &gt;&gt; &quot;Content-Type: application/json; charset=utf-8[\r][\n]&quot;
08-31-2019 12:58:05 Wire.java DEBUG [Forwarding maximizeCurrentWindow on session 7924db1cdca3d9f58beaf776318b9ec1 to remote] http.wire 73 - http-outgoing-3 &gt;&gt; &quot;Content-Length: 2[\r][\n]&quot;
08-31-2019 12:58:05 Wire.java DEBUG [Forwarding maximizeCurrentWindow on session 7924db1cdca3d9f58beaf776318b9ec1 to remote] http.wire 73 - http-outgoing-3 &gt;&gt; &quot;Host: localhost:20783[\r][\n]&quot;
08-31-2019 12:58:05 Wire.java DEBUG [Forwarding maximizeCurrentWindow on session 7924db1cdca3d9f58beaf776318b9ec1 to remote] http.wire 73 - http-outgoing-3 &gt;&gt; &quot;Connection: Keep-Alive[\r][\n]&quot;
08-31-2019 12:58:05 Wire.java DEBUG [Forwarding maximizeCurrentWindow on session 7924db1cdca3d9f58beaf776318b9ec1 to remote] http.wire 73 - http-outgoing-3 &gt;&gt; &quot;User-Agent: Apache-HttpClient/4.5.3 (Java/1.8.0_221)[\r][\n]&quot;
08-31-2019 12:58:05 Wire.java DEBUG [Forwarding maximizeCurrentWindow on session 7924db1cdca3d9f58beaf776318b9ec1 to remote] http.wire 73 - http-outgoing-3 &gt;&gt; &quot;Accept-Encoding: gzip,deflate[\r][\n]&quot;
08-31-2019 12:58:05 Wire.java DEBUG [Forwarding maximizeCurrentWindow on session 7924db1cdca3d9f58beaf776318b9ec1 to remote] http.wire 73 - http-outgoing-3 &gt;&gt; &quot;[\r][\n]&quot;
08-31-2019 12:58:05 Wire.java DEBUG [Forwarding maximizeCurrentWindow on session 7924db1cdca3d9f58beaf776318b9ec1 to remote] http.wire 87 - http-outgoing-3 &gt;&gt; &quot;{}&quot;
08-31-2019 12:58:06 Wire.java DEBUG [Forwarding maximizeCurrentWindow on session 7924db1cdca3d9f58beaf776318b9ec1 to remote] http.wire 73 - http-outgoing-3 &lt;&lt; &quot;HTTP/1.1 200 OK[\r][\n]&quot;
08-31-2019 12:58:06 Wire.java DEBUG [Forwarding maximizeCurrentWindow on session 7924db1cdca3d9f58beaf776318b9ec1 to remote] http.wire 73 - http-outgoing-3 &lt;&lt; &quot;Content-Length:51[\r][\n]&quot;
08-31-2019 12:58:06 Wire.java DEBUG [Forwarding maximizeCurrentWindow on session 7924db1cdca3d9f58beaf776318b9ec1 to remote] http.wire 73 - http-outgoing-3 &lt;&lt; &quot;Content-Type:application/json; charset=utf-8[\r][\n]&quot;
08-31-2019 12:58:06 Wire.java DEBUG [Forwarding maximizeCurrentWindow on session 7924db1cdca3d9f58beaf776318b9ec1 to remote] http.wire 73 - http-outgoing-3 &lt;&lt; &quot;cache-control:no-cache[\r][\n]&quot;
08-31-2019 12:58:06 Wire.java DEBUG [Forwarding maximizeCurrentWindow on session 7924db1cdca3d9f58beaf776318b9ec1 to remote] http.wire 73 - http-outgoing-3 &lt;&lt; &quot;[\r][\n]&quot;
08-31-2019 12:58:06 Wire.java DEBUG [Forwarding maximizeCurrentWindow on session 7924db1cdca3d9f58beaf776318b9ec1 to remote] http.wire 87 - http-outgoing-3 &lt;&lt; &quot;{&quot;value&quot;:{&quot;height&quot;:886,&quot;width&quot;:1382,&quot;x&quot;:-7,&quot;y&quot;:-7}}&quot;
08-31-2019 12:58:06 LoggingManagedHttpClientConnection.java DEBUG [Forwarding maximizeCurrentWindow on session 7924db1cdca3d9f58beaf776318b9ec1 to remote] http.headers 122 - http-outgoing-3 &lt;&lt; HTTP/1.1 200 OK
08-31-2019 12:58:06 LoggingManagedHttpClientConnection.java DEBUG [Forwarding maximizeCurrentWindow on session 7924db1cdca3d9f58beaf776318b9ec1 to remote] http.headers 125 - http-outgoing-3 &lt;&lt; Content-Length:51
08-31-2019 12:58:06 LoggingManagedHttpClientConnection.java DEBUG [Forwarding maximizeCurrentWindow on session 7924db1cdca3d9f58beaf776318b9ec1 to remote] http.headers 125 - http-outgoing-3 &lt;&lt; Content-Type:application/json; charset=utf-8
08-31-2019 12:58:06 LoggingManagedHttpClientConnection.java DEBUG [Forwarding maximizeCurrentWindow on session 7924db1cdca3d9f58beaf776318b9ec1 to remote] http.headers 125 - http-outgoing-3 &lt;&lt; cache-control:no-cache
08-31-2019 12:58:06 MainClientExec.java DEBUG [Forwarding maximizeCurrentWindow on session 7924db1cdca3d9f58beaf776318b9ec1 to remote] execchain.MainClientExec 285 - Connection can be kept alive indefinitely
08-31-2019 12:58:06 PoolingHttpClientConnectionManager.java DEBUG [Forwarding maximizeCurrentWindow on session 7924db1cdca3d9f58beaf776318b9ec1 to remote] conn.PoolingHttpClientConnectionManager 320 - Connection [id: 3][route: {}-&gt;http://localhost:20783] can be kept alive indefinitely
08-31-2019 12:58:06 PoolingHttpClientConnectionManager.java DEBUG [Forwarding maximizeCurrentWindow on session 7924db1cdca3d9f58beaf776318b9ec1 to remote] conn.PoolingHttpClientConnectionManager 326 - Connection released: [id: 3][route: {}-&gt;http://localhost:20783][total kept alive: 1; route allocated: 1 of 2000; total allocated: 1 of 2000]
08-31-2019 12:58:06 RequestAddCookies.java DEBUG [Forwarding deleteAllCookies on session 7924db1cdca3d9f58beaf776318b9ec1 to remote] protocol.RequestAddCookies 123 - CookieSpec selected: default
08-31-2019 12:58:06 RequestAuthCache.java DEBUG [Forwarding deleteAllCookies on session 7924db1cdca3d9f58beaf776318b9ec1 to remote] protocol.RequestAuthCache 77 - Auth cache not set in the context
08-31-2019 12:58:06 PoolingHttpClientConnectionManager.java DEBUG [Forwarding deleteAllCookies on session 7924db1cdca3d9f58beaf776318b9ec1 to remote] conn.PoolingHttpClientConnectionManager 255 - Connection request: [route: {}-&gt;http://localhost:20783][total kept alive: 1; route allocated: 1 of 2000; total allocated: 1 of 2000]
08-31-2019 12:58:06 PoolingHttpClientConnectionManager.java DEBUG [Forwarding deleteAllCookies on session 7924db1cdca3d9f58beaf776318b9ec1 to remote] conn.PoolingHttpClientConnectionManager 288 - Connection leased: [id: 3][route: {}-&gt;http://localhost:20783][total kept alive: 0; route allocated: 1 of 2000; total allocated: 1 of 2000]
08-31-2019 12:58:06 MainClientExec.java DEBUG [Forwarding deleteAllCookies on session 7924db1cdca3d9f58beaf776318b9ec1 to remote] execchain.MainClientExec 208 - Stale connection check
08-31-2019 12:58:06 Wire.java DEBUG [Forwarding deleteAllCookies on session 7924db1cdca3d9f58beaf776318b9ec1 to remote] http.wire 87 - http-outgoing-3 &lt;&lt; &quot;[read] I/O error: Read timed out&quot;
08-31-2019 12:58:06 LoggingManagedHttpClientConnection.java DEBUG [Forwarding deleteAllCookies on session 7924db1cdca3d9f58beaf776318b9ec1 to remote] conn.DefaultManagedHttpClientConnection 88 - http-outgoing-3: set socket timeout to 10800000
08-31-2019 12:58:06 MainClientExec.java DEBUG [Forwarding deleteAllCookies on session 7924db1cdca3d9f58beaf776318b9ec1 to remote] execchain.MainClientExec 256 - Executing request DELETE /session/7924db1cdca3d9f58beaf776318b9ec1/cookie HTTP/1.1
08-31-2019 12:58:06 MainClientExec.java DEBUG [Forwarding deleteAllCookies on session 7924db1cdca3d9f58beaf776318b9ec1 to remote] execchain.MainClientExec 261 - Target auth state: UNCHALLENGED
08-31-2019 12:58:06 MainClientExec.java DEBUG [Forwarding deleteAllCookies on session 7924db1cdca3d9f58beaf776318b9ec1 to remote] execchain.MainClientExec 267 - Proxy auth state: UNCHALLENGED
08-31-2019 12:58:06 LoggingManagedHttpClientConnection.java DEBUG [Forwarding deleteAllCookies on session 7924db1cdca3d9f58beaf776318b9ec1 to remote] http.headers 133 - http-outgoing-3 &gt;&gt; DELETE /session/7924db1cdca3d9f58beaf776318b9ec1/cookie HTTP/1.1
08-31-2019 12:58:06 LoggingManagedHttpClientConnection.java DEBUG [Forwarding deleteAllCookies on session 7924db1cdca3d9f58beaf776318b9ec1 to remote] http.headers 136 - http-outgoing-3 &gt;&gt; Host: localhost:20783
08-31-2019 12:58:06 LoggingManagedHttpClientConnection.java DEBUG [Forwarding deleteAllCookies on session 7924db1cdca3d9f58beaf776318b9ec1 to remote] http.headers 136 - http-outgoing-3 &gt;&gt; Connection: Keep-Alive
08-31-2019 12:58:06 LoggingManagedHttpClientConnection.java DEBUG [Forwarding deleteAllCookies on session 7924db1cdca3d9f58beaf776318b9ec1 to remote] http.headers 136 - http-outgoing-3 &gt;&gt; User-Agent: Apache-HttpClient/4.5.3 (Java/1.8.0_221)
08-31-2019 12:58:06 LoggingManagedHttpClientConnection.java DEBUG [Forwarding deleteAllCookies on session 7924db1cdca3d9f58beaf776318b9ec1 to remote] http.headers 136 - http-outgoing-3 &gt;&gt; Accept-Encoding: gzip,deflate
08-31-2019 12:58:06 Wire.java DEBUG [Forwarding deleteAllCookies on session 7924db1cdca3d9f58beaf776318b9ec1 to remote] http.wire 73 - http-outgoing-3 &gt;&gt; &quot;DELETE /session/7924db1cdca3d9f58beaf776318b9ec1/cookie HTTP/1.1[\r][\n]&quot;
08-31-2019 12:58:06 Wire.java DEBUG [Forwarding deleteAllCookies on session 7924db1cdca3d9f58beaf776318b9ec1 to remote] http.wire 73 - http-outgoing-3 &gt;&gt; &quot;Host: localhost:20783[\r][\n]&quot;
08-31-2019 12:58:06 Wire.java DEBUG [Forwarding deleteAllCookies on session 7924db1cdca3d9f58beaf776318b9ec1 to remote] http.wire 73 - http-outgoing-3 &gt;&gt; &quot;Connection: Keep-Alive[\r][\n]&quot;
08-31-2019 12:58:06 Wire.java DEBUG [Forwarding deleteAllCookies on session 7924db1cdca3d9f58beaf776318b9ec1 to remote] http.wire 73 - http-outgoing-3 &gt;&gt; &quot;User-Agent: Apache-HttpClient/4.5.3 (Java/1.8.0_221)[\r][\n]&quot;
08-31-2019 12:58:06 Wire.java DEBUG [Forwarding deleteAllCookies on session 7924db1cdca3d9f58beaf776318b9ec1 to remote] http.wire 73 - http-outgoing-3 &gt;&gt; &quot;Accept-Encoding: gzip,deflate[\r][\n]&quot;
08-31-2019 12:58:06 Wire.java DEBUG [Forwarding deleteAllCookies on session 7924db1cdca3d9f58beaf776318b9ec1 to remote] http.wire 73 - http-outgoing-3 &gt;&gt; &quot;[\r][\n]&quot;
08-31-2019 12:58:06 Wire.java DEBUG [Forwarding deleteAllCookies on session 7924db1cdca3d9f58beaf776318b9ec1 to remote] http.wire 73 - http-outgoing-3 &lt;&lt; &quot;HTTP/1.1 200 OK[\r][\n]&quot;
08-31-2019 12:58:06 Wire.java DEBUG [Forwarding deleteAllCookies on session 7924db1cdca3d9f58beaf776318b9ec1 to remote] http.wire 73 - http-outgoing-3 &lt;&lt; &quot;Content-Length:14[\r][\n]&quot;
08-31-2019 12:58:06 Wire.java DEBUG [Forwarding deleteAllCookies on session 7924db1cdca3d9f58beaf776318b9ec1 to remote] http.wire 73 - http-outgoing-3 &lt;&lt; &quot;Content-Type:application/json; charset=utf-8[\r][\n]&quot;
08-31-2019 12:58:06 Wire.java DEBUG [Forwarding deleteAllCookies on session 7924db1cdca3d9f58beaf776318b9ec1 to remote] http.wire 73 - http-outgoing-3 &lt;&lt; &quot;cache-control:no-cache[\r][\n]&quot;
08-31-2019 12:58:06 Wire.java DEBUG [Forwarding deleteAllCookies on session 7924db1cdca3d9f58beaf776318b9ec1 to remote] http.wire 73 - http-outgoing-3 &lt;&lt; &quot;[\r][\n]&quot;
08-31-2019 12:58:06 Wire.java DEBUG [Forwarding deleteAllCookies on session 7924db1cdca3d9f58beaf776318b9ec1 to remote] http.wire 87 - http-outgoing-3 &lt;&lt; &quot;{&quot;value&quot;:null}&quot;
08-31-2019 12:58:06 LoggingManagedHttpClientConnection.java DEBUG [Forwarding deleteAllCookies on session 7924db1cdca3d9f58beaf776318b9ec1 to remote] http.headers 122 - http-outgoing-3 &lt;&lt; HTTP/1.1 200 OK
08-31-2019 12:58:06 LoggingManagedHttpClientConnection.java DEBUG [Forwarding deleteAllCookies on session 7924db1cdca3d9f58beaf776318b9ec1 to remote] http.headers 125 - http-outgoing-3 &lt;&lt; Content-Length:14
08-31-2019 12:58:06 LoggingManagedHttpClientConnection.java DEBUG [Forwarding deleteAllCookies on session 7924db1cdca3d9f58beaf776318b9ec1 to remote] http.headers 125 - http-outgoing-3 &lt;&lt; Content-Type:application/json; charset=utf-8
08-31-2019 12:58:06 LoggingManagedHttpClientConnection.java DEBUG [Forwarding deleteAllCookies on session 7924db1cdca3d9f58beaf776318b9ec1 to remote] http.headers 125 - http-outgoing-3 &lt;&lt; cache-control:no-cache
08-31-2019 12:58:06 MainClientExec.java DEBUG [Forwarding deleteAllCookies on session 7924db1cdca3d9f58beaf776318b9ec1 to remote] execchain.MainClientExec 285 - Connection can be kept alive indefinitely
08-31-2019 12:58:06 PoolingHttpClientConnectionManager.java DEBUG [Forwarding deleteAllCookies on session 7924db1cdca3d9f58beaf776318b9ec1 to remote] conn.PoolingHttpClientConnectionManager 320 - Connection [id: 3][route: {}-&gt;http://localhost:20783] can be kept alive indefinitely
08-31-2019 12:58:06 PoolingHttpClientConnectionManager.java DEBUG [Forwarding deleteAllCookies on session 7924db1cdca3d9f58beaf776318b9ec1 to remote] conn.PoolingHttpClientConnectionManager 326 - Connection released: [id: 3][route: {}-&gt;http://localhost:20783][total kept alive: 1; route allocated: 1 of 2000; total allocated: 1 of 2000]
08-31-2019 12:58:06 RequestAddCookies.java DEBUG [Forwarding setTimeout on session 7924db1cdca3d9f58beaf776318b9ec1 to remote] protocol.RequestAddCookies 123 - CookieSpec selected: default
08-31-2019 12:58:06 RequestAuthCache.java DEBUG [Forwarding setTimeout on session 7924db1cdca3d9f58beaf776318b9ec1 to remote] protocol.RequestAuthCache 77 - Auth cache not set in the context
08-31-2019 12:58:06 PoolingHttpClientConnectionManager.java DEBUG [Forwarding setTimeout on session 7924db1cdca3d9f58beaf776318b9ec1 to remote] conn.PoolingHttpClientConnectionManager 255 - Connection request: [route: {}-&gt;http://localhost:20783][total kept alive: 1; route allocated: 1 of 2000; total allocated: 1 of 2000]
08-31-2019 12:58:06 PoolingHttpClientConnectionManager.java DEBUG [Forwarding setTimeout on session 7924db1cdca3d9f58beaf776318b9ec1 to remote] conn.PoolingHttpClientConnectionManager 288 - Connection leased: [id: 3][route: {}-&gt;http://localhost:20783][total kept alive: 0; route allocated: 1 of 2000; total allocated: 1 of 2000]
08-31-2019 12:58:06 MainClientExec.java DEBUG [Forwarding setTimeout on session 7924db1cdca3d9f58beaf776318b9ec1 to remote] execchain.MainClientExec 208 - Stale connection check
08-31-2019 12:58:06 Wire.java DEBUG [Forwarding setTimeout on session 7924db1cdca3d9f58beaf776318b9ec1 to remote] http.wire 87 - http-outgoing-3 &lt;&lt; &quot;[read] I/O error: Read timed out&quot;
08-31-2019 12:58:06 LoggingManagedHttpClientConnection.java DEBUG [Forwarding setTimeout on session 7924db1cdca3d9f58beaf776318b9ec1 to remote] conn.DefaultManagedHttpClientConnection 88 - http-outgoing-3: set socket timeout to 10800000
08-31-2019 12:58:06 MainClientExec.java DEBUG [Forwarding setTimeout on session 7924db1cdca3d9f58beaf776318b9ec1 to remote] execchain.MainClientExec 256 - Executing request POST /session/7924db1cdca3d9f58beaf776318b9ec1/timeouts HTTP/1.1
08-31-2019 12:58:06 MainClientExec.java DEBUG [Forwarding setTimeout on session 7924db1cdca3d9f58beaf776318b9ec1 to remote] execchain.MainClientExec 261 - Target auth state: UNCHALLENGED
08-31-2019 12:58:06 MainClientExec.java DEBUG [Forwarding setTimeout on session 7924db1cdca3d9f58beaf776318b9ec1 to remote] execchain.MainClientExec 267 - Proxy auth state: UNCHALLENGED
08-31-2019 12:58:06 LoggingManagedHttpClientConnection.java DEBUG [Forwarding setTimeout on session 7924db1cdca3d9f58beaf776318b9ec1 to remote] http.headers 133 - http-outgoing-3 &gt;&gt; POST /session/7924db1cdca3d9f58beaf776318b9ec1/timeouts HTTP/1.1
08-31-2019 12:58:06 LoggingManagedHttpClientConnection.java DEBUG [Forwarding setTimeout on session 7924db1cdca3d9f58beaf776318b9ec1 to remote] http.headers 136 - http-outgoing-3 &gt;&gt; Content-Type: application/json; charset=utf-8
08-31-2019 12:58:06 LoggingManagedHttpClientConnection.java DEBUG [Forwarding setTimeout on session 7924db1cdca3d9f58beaf776318b9ec1 to remote] http.headers 136 - http-outgoing-3 &gt;&gt; Content-Length: 18
08-31-2019 12:58:06 LoggingManagedHttpClientConnection.java DEBUG [Forwarding setTimeout on session 7924db1cdca3d9f58beaf776318b9ec1 to remote] http.headers 136 - http-outgoing-3 &gt;&gt; Host: localhost:20783
08-31-2019 12:58:06 LoggingManagedHttpClientConnection.java DEBUG [Forwarding setTimeout on session 7924db1cdca3d9f58beaf776318b9ec1 to remote] http.headers 136 - http-outgoing-3 &gt;&gt; Connection: Keep-Alive
08-31-2019 12:58:06 LoggingManagedHttpClientConnection.java DEBUG [Forwarding setTimeout on session 7924db1cdca3d9f58beaf776318b9ec1 to remote] http.headers 136 - http-outgoing-3 &gt;&gt; User-Agent: Apache-HttpClient/4.5.3 (Java/1.8.0_221)
08-31-2019 12:58:06 LoggingManagedHttpClientConnection.java DEBUG [Forwarding setTimeout on session 7924db1cdca3d9f58beaf776318b9ec1 to remote] http.headers 136 - http-outgoing-3 &gt;&gt; Accept-Encoding: gzip,deflate
08-31-2019 12:58:06 Wire.java DEBUG [Forwarding setTimeout on session 7924db1cdca3d9f58beaf776318b9ec1 to remote] http.wire 73 - http-outgoing-3 &gt;&gt; &quot;POST /session/7924db1cdca3d9f58beaf776318b9ec1/timeouts HTTP/1.1[\r][\n]&quot;
08-31-2019 12:58:06 Wire.java DEBUG [Forwarding setTimeout on session 7924db1cdca3d9f58beaf776318b9ec1 to remote] http.wire 73 - http-outgoing-3 &gt;&gt; &quot;Content-Type: application/json; charset=utf-8[\r][\n]&quot;
08-31-2019 12:58:06 Wire.java DEBUG [Forwarding setTimeout on session 7924db1cdca3d9f58beaf776318b9ec1 to remote] http.wire 73 - http-outgoing-3 &gt;&gt; &quot;Content-Length: 18[\r][\n]&quot;
08-31-2019 12:58:06 Wire.java DEBUG [Forwarding setTimeout on session 7924db1cdca3d9f58beaf776318b9ec1 to remote] http.wire 73 - http-outgoing-3 &gt;&gt; &quot;Host: localhost:20783[\r][\n]&quot;
08-31-2019 12:58:06 Wire.java DEBUG [Forwarding setTimeout on session 7924db1cdca3d9f58beaf776318b9ec1 to remote] http.wire 73 - http-outgoing-3 &gt;&gt; &quot;Connection: Keep-Alive[\r][\n]&quot;
08-31-2019 12:58:06 Wire.java DEBUG [Forwarding setTimeout on session 7924db1cdca3d9f58beaf776318b9ec1 to remote] http.wire 73 - http-outgoing-3 &gt;&gt; &quot;User-Agent: Apache-HttpClient/4.5.3 (Java/1.8.0_221)[\r][\n]&quot;
08-31-2019 12:58:06 Wire.java DEBUG [Forwarding setTimeout on session 7924db1cdca3d9f58beaf776318b9ec1 to remote] http.wire 73 - http-outgoing-3 &gt;&gt; &quot;Accept-Encoding: gzip,deflate[\r][\n]&quot;
08-31-2019 12:58:06 Wire.java DEBUG [Forwarding setTimeout on session 7924db1cdca3d9f58beaf776318b9ec1 to remote] http.wire 73 - http-outgoing-3 &gt;&gt; &quot;[\r][\n]&quot;
08-31-2019 12:58:06 Wire.java DEBUG [Forwarding setTimeout on session 7924db1cdca3d9f58beaf776318b9ec1 to remote] http.wire 87 - http-outgoing-3 &gt;&gt; &quot;{&quot;pageLoad&quot;:30000}&quot;
08-31-2019 12:58:06 Wire.java DEBUG [Forwarding setTimeout on session 7924db1cdca3d9f58beaf776318b9ec1 to remote] http.wire 73 - http-outgoing-3 &lt;&lt; &quot;HTTP/1.1 200 OK[\r][\n]&quot;
08-31-2019 12:58:06 Wire.java DEBUG [Forwarding setTimeout on session 7924db1cdca3d9f58beaf776318b9ec1 to remote] http.wire 73 - http-outgoing-3 &lt;&lt; &quot;Content-Length:14[\r][\n]&quot;
08-31-2019 12:58:06 Wire.java DEBUG [Forwarding setTimeout on session 7924db1cdca3d9f58beaf776318b9ec1 to remote] http.wire 73 - http-outgoing-3 &lt;&lt; &quot;Content-Type:application/json; charset=utf-8[\r][\n]&quot;
08-31-2019 12:58:06 Wire.java DEBUG [Forwarding setTimeout on session 7924db1cdca3d9f58beaf776318b9ec1 to remote] http.wire 73 - http-outgoing-3 &lt;&lt; &quot;cache-control:no-cache[\r][\n]&quot;
08-31-2019 12:58:06 Wire.java DEBUG [Forwarding setTimeout on session 7924db1cdca3d9f58beaf776318b9ec1 to remote] http.wire 73 - http-outgoing-3 &lt;&lt; &quot;[\r][\n]&quot;
08-31-2019 12:58:06 Wire.java DEBUG [Forwarding setTimeout on session 7924db1cdca3d9f58beaf776318b9ec1 to remote] http.wire 87 - http-outgoing-3 &lt;&lt; &quot;{&quot;value&quot;:null}&quot;
08-31-2019 12:58:06 LoggingManagedHttpClientConnection.java DEBUG [Forwarding setTimeout on session 7924db1cdca3d9f58beaf776318b9ec1 to remote] http.headers 122 - http-outgoing-3 &lt;&lt; HTTP/1.1 200 OK
08-31-2019 12:58:06 LoggingManagedHttpClientConnection.java DEBUG [Forwarding setTimeout on session 7924db1cdca3d9f58beaf776318b9ec1 to remote] http.headers 125 - http-outgoing-3 &lt;&lt; Content-Length:14
08-31-2019 12:58:06 LoggingManagedHttpClientConnection.java DEBUG [Forwarding setTimeout on session 7924db1cdca3d9f58beaf776318b9ec1 to remote] http.headers 125 - http-outgoing-3 &lt;&lt; Content-Type:application/json; charset=utf-8
08-31-2019 12:58:06 LoggingManagedHttpClientConnection.java DEBUG [Forwarding setTimeout on session 7924db1cdca3d9f58beaf776318b9ec1 to remote] http.headers 125 - http-outgoing-3 &lt;&lt; cache-control:no-cache
08-31-2019 12:58:06 MainClientExec.java DEBUG [Forwarding setTimeout on session 7924db1cdca3d9f58beaf776318b9ec1 to remote] execchain.MainClientExec 285 - Connection can be kept alive indefinitely
08-31-2019 12:58:06 PoolingHttpClientConnectionManager.java DEBUG [Forwarding setTimeout on session 7924db1cdca3d9f58beaf776318b9ec1 to remote] conn.PoolingHttpClientConnectionManager 320 - Connection [id: 3][route: {}-&gt;http://localhost:20783] can be kept alive indefinitely
08-31-2019 12:58:06 PoolingHttpClientConnectionManager.java DEBUG [Forwarding setTimeout on session 7924db1cdca3d9f58beaf776318b9ec1 to remote] conn.PoolingHttpClientConnectionManager 326 - Connection released: [id: 3][route: {}-&gt;http://localhost:20783][total kept alive: 1; route allocated: 1 of 2000; total allocated: 1 of 2000]
08-31-2019 12:58:06 RequestAddCookies.java DEBUG [Forwarding setTimeout on session 7924db1cdca3d9f58beaf776318b9ec1 to remote] protocol.RequestAddCookies 123 - CookieSpec selected: default
08-31-2019 12:58:06 RequestAuthCache.java DEBUG [Forwarding setTimeout on session 7924db1cdca3d9f58beaf776318b9ec1 to remote] protocol.RequestAuthCache 77 - Auth cache not set in the context
08-31-2019 12:58:06 PoolingHttpClientConnectionManager.java DEBUG [Forwarding setTimeout on session 7924db1cdca3d9f58beaf776318b9ec1 to remote] conn.PoolingHttpClientConnectionManager 255 - Connection request: [route: {}-&gt;http://localhost:20783][total kept alive: 1; route allocated: 1 of 2000; total allocated: 1 of 2000]
08-31-2019 12:58:06 PoolingHttpClientConnectionManager.java DEBUG [Forwarding setTimeout on session 7924db1cdca3d9f58beaf776318b9ec1 to remote] conn.PoolingHttpClientConnectionManager 288 - Connection leased: [id: 3][route: {}-&gt;http://localhost:20783][total kept alive: 0; route allocated: 1 of 2000; total allocated: 1 of 2000]
08-31-2019 12:58:06 MainClientExec.java DEBUG [Forwarding setTimeout on session 7924db1cdca3d9f58beaf776318b9ec1 to remote] execchain.MainClientExec 208 - Stale connection check
08-31-2019 12:58:06 Wire.java DEBUG [Forwarding setTimeout on session 7924db1cdca3d9f58beaf776318b9ec1 to remote] http.wire 87 - http-outgoing-3 &lt;&lt; &quot;[read] I/O error: Read timed out&quot;
08-31-2019 12:58:06 LoggingManagedHttpClientConnection.java DEBUG [Forwarding setTimeout on session 7924db1cdca3d9f58beaf776318b9ec1 to remote] conn.DefaultManagedHttpClientConnection 88 - http-outgoing-3: set socket timeout to 10800000
08-31-2019 12:58:06 MainClientExec.java DEBUG [Forwarding setTimeout on session 7924db1cdca3d9f58beaf776318b9ec1 to remote] execchain.MainClientExec 256 - Executing request POST /session/7924db1cdca3d9f58beaf776318b9ec1/timeouts HTTP/1.1
08-31-2019 12:58:06 MainClientExec.java DEBUG [Forwarding setTimeout on session 7924db1cdca3d9f58beaf776318b9ec1 to remote] execchain.MainClientExec 261 - Target auth state: UNCHALLENGED
08-31-2019 12:58:06 MainClientExec.java DEBUG [Forwarding setTimeout on session 7924db1cdca3d9f58beaf776318b9ec1 to remote] execchain.MainClientExec 267 - Proxy auth state: UNCHALLENGED
08-31-2019 12:58:06 LoggingManagedHttpClientConnection.java DEBUG [Forwarding setTimeout on session 7924db1cdca3d9f58beaf776318b9ec1 to remote] http.headers 133 - http-outgoing-3 &gt;&gt; POST /session/7924db1cdca3d9f58beaf776318b9ec1/timeouts HTTP/1.1
08-31-2019 12:58:06 LoggingManagedHttpClientConnection.java DEBUG [Forwarding setTimeout on session 7924db1cdca3d9f58beaf776318b9ec1 to remote] http.headers 136 - http-outgoing-3 &gt;&gt; Content-Type: application/json; charset=utf-8
08-31-2019 12:58:06 LoggingManagedHttpClientConnection.java DEBUG [Forwarding setTimeout on session 7924db1cdca3d9f58beaf776318b9ec1 to remote] http.headers 136 - http-outgoing-3 &gt;&gt; Content-Length: 18
08-31-2019 12:58:06 LoggingManagedHttpClientConnection.java DEBUG [Forwarding setTimeout on session 7924db1cdca3d9f58beaf776318b9ec1 to remote] http.headers 136 - http-outgoing-3 &gt;&gt; Host: localhost:20783
08-31-2019 12:58:06 LoggingManagedHttpClientConnection.java DEBUG [Forwarding setTimeout on session 7924db1cdca3d9f58beaf776318b9ec1 to remote] http.headers 136 - http-outgoing-3 &gt;&gt; Connection: Keep-Alive
08-31-2019 12:58:06 LoggingManagedHttpClientConnection.java DEBUG [Forwarding setTimeout on session 7924db1cdca3d9f58beaf776318b9ec1 to remote] http.headers 136 - http-outgoing-3 &gt;&gt; User-Agent: Apache-HttpClient/4.5.3 (Java/1.8.0_221)
08-31-2019 12:58:06 LoggingManagedHttpClientConnection.java DEBUG [Forwarding setTimeout on session 7924db1cdca3d9f58beaf776318b9ec1 to remote] http.headers 136 - http-outgoing-3 &gt;&gt; Accept-Encoding: gzip,deflate
08-31-2019 12:58:06 Wire.java DEBUG [Forwarding setTimeout on session 7924db1cdca3d9f58beaf776318b9ec1 to remote] http.wire 73 - http-outgoing-3 &gt;&gt; &quot;POST /session/7924db1cdca3d9f58beaf776318b9ec1/timeouts HTTP/1.1[\r][\n]&quot;
08-31-2019 12:58:06 Wire.java DEBUG [Forwarding setTimeout on session 7924db1cdca3d9f58beaf776318b9ec1 to remote] http.wire 73 - http-outgoing-3 &gt;&gt; &quot;Content-Type: application/json; charset=utf-8[\r][\n]&quot;
08-31-2019 12:58:06 Wire.java DEBUG [Forwarding setTimeout on session 7924db1cdca3d9f58beaf776318b9ec1 to remote] http.wire 73 - http-outgoing-3 &gt;&gt; &quot;Content-Length: 18[\r][\n]&quot;
08-31-2019 12:58:06 Wire.java DEBUG [Forwarding setTimeout on session 7924db1cdca3d9f58beaf776318b9ec1 to remote] http.wire 73 - http-outgoing-3 &gt;&gt; &quot;Host: localhost:20783[\r][\n]&quot;
08-31-2019 12:58:06 Wire.java DEBUG [Forwarding setTimeout on session 7924db1cdca3d9f58beaf776318b9ec1 to remote] http.wire 73 - http-outgoing-3 &gt;&gt; &quot;Connection: Keep-Alive[\r][\n]&quot;
08-31-2019 12:58:06 Wire.java DEBUG [Forwarding setTimeout on session 7924db1cdca3d9f58beaf776318b9ec1 to remote] http.wire 73 - http-outgoing-3 &gt;&gt; &quot;User-Agent: Apache-HttpClient/4.5.3 (Java/1.8.0_221)[\r][\n]&quot;
08-31-2019 12:58:06 Wire.java DEBUG [Forwarding setTimeout on session 7924db1cdca3d9f58beaf776318b9ec1 to remote] http.wire 73 - http-outgoing-3 &gt;&gt; &quot;Accept-Encoding: gzip,deflate[\r][\n]&quot;
08-31-2019 12:58:06 Wire.java DEBUG [Forwarding setTimeout on session 7924db1cdca3d9f58beaf776318b9ec1 to remote] http.wire 73 - http-outgoing-3 &gt;&gt; &quot;[\r][\n]&quot;
08-31-2019 12:58:06 Wire.java DEBUG [Forwarding setTimeout on session 7924db1cdca3d9f58beaf776318b9ec1 to remote] http.wire 87 - http-outgoing-3 &gt;&gt; &quot;{&quot;implicit&quot;:20000}&quot;
08-31-2019 12:58:06 Wire.java DEBUG [Forwarding setTimeout on session 7924db1cdca3d9f58beaf776318b9ec1 to remote] http.wire 73 - http-outgoing-3 &lt;&lt; &quot;HTTP/1.1 200 OK[\r][\n]&quot;
08-31-2019 12:58:06 Wire.java DEBUG [Forwarding setTimeout on session 7924db1cdca3d9f58beaf776318b9ec1 to remote] http.wire 73 - http-outgoing-3 &lt;&lt; &quot;Content-Length:14[\r][\n]&quot;
08-31-2019 12:58:06 Wire.java DEBUG [Forwarding setTimeout on session 7924db1cdca3d9f58beaf776318b9ec1 to remote] http.wire 73 - http-outgoing-3 &lt;&lt; &quot;Content-Type:application/json; charset=utf-8[\r][\n]&quot;
08-31-2019 12:58:06 Wire.java DEBUG [Forwarding setTimeout on session 7924db1cdca3d9f58beaf776318b9ec1 to remote] http.wire 73 - http-outgoing-3 &lt;&lt; &quot;cache-control:no-cache[\r][\n]&quot;
08-31-2019 12:58:06 Wire.java DEBUG [Forwarding setTimeout on session 7924db1cdca3d9f58beaf776318b9ec1 to remote] http.wire 73 - http-outgoing-3 &lt;&lt; &quot;[\r][\n]&quot;
08-31-2019 12:58:06 Wire.java DEBUG [Forwarding setTimeout on session 7924db1cdca3d9f58beaf776318b9ec1 to remote] http.wire 87 - http-outgoing-3 &lt;&lt; &quot;{&quot;value&quot;:null}&quot;
08-31-2019 12:58:06 LoggingManagedHttpClientConnection.java DEBUG [Forwarding setTimeout on session 7924db1cdca3d9f58beaf776318b9ec1 to remote] http.headers 122 - http-outgoing-3 &lt;&lt; HTTP/1.1 200 OK
08-31-2019 12:58:06 LoggingManagedHttpClientConnection.java DEBUG [Forwarding setTimeout on session 7924db1cdca3d9f58beaf776318b9ec1 to remote] http.headers 125 - http-outgoing-3 &lt;&lt; Content-Length:14
08-31-2019 12:58:06 LoggingManagedHttpClientConnection.java DEBUG [Forwarding setTimeout on session 7924db1cdca3d9f58beaf776318b9ec1 to remote] http.headers 125 - http-outgoing-3 &lt;&lt; Content-Type:application/json; charset=utf-8
08-31-2019 12:58:06 LoggingManagedHttpClientConnection.java DEBUG [Forwarding setTimeout on session 7924db1cdca3d9f58beaf776318b9ec1 to remote] http.headers 125 - http-outgoing-3 &lt;&lt; cache-control:no-cache
08-31-2019 12:58:06 MainClientExec.java DEBUG [Forwarding setTimeout on session 7924db1cdca3d9f58beaf776318b9ec1 to remote] execchain.MainClientExec 285 - Connection can be kept alive indefinitely
08-31-2019 12:58:06 PoolingHttpClientConnectionManager.java DEBUG [Forwarding setTimeout on session 7924db1cdca3d9f58beaf776318b9ec1 to remote] conn.PoolingHttpClientConnectionManager 320 - Connection [id: 3][route: {}-&gt;http://localhost:20783] can be kept alive indefinitely
08-31-2019 12:58:06 PoolingHttpClientConnectionManager.java DEBUG [Forwarding setTimeout on session 7924db1cdca3d9f58beaf776318b9ec1 to remote] conn.PoolingHttpClientConnectionManager 326 - Connection released: [id: 3][route: {}-&gt;http://localhost:20783][total kept alive: 1; route allocated: 1 of 2000; total allocated: 1 of 2000]
Before navigating to: &apos;https://classic.crmpro.com/index.html&apos;
08-31-2019 12:58:06 RequestAddCookies.java DEBUG [Forwarding get on session 7924db1cdca3d9f58beaf776318b9ec1 to remote] protocol.RequestAddCookies 123 - CookieSpec selected: default
08-31-2019 12:58:06 RequestAuthCache.java DEBUG [Forwarding get on session 7924db1cdca3d9f58beaf776318b9ec1 to remote] protocol.RequestAuthCache 77 - Auth cache not set in the context
08-31-2019 12:58:06 PoolingHttpClientConnectionManager.java DEBUG [Forwarding get on session 7924db1cdca3d9f58beaf776318b9ec1 to remote] conn.PoolingHttpClientConnectionManager 255 - Connection request: [route: {}-&gt;http://localhost:20783][total kept alive: 1; route allocated: 1 of 2000; total allocated: 1 of 2000]
08-31-2019 12:58:06 PoolingHttpClientConnectionManager.java DEBUG [Forwarding get on session 7924db1cdca3d9f58beaf776318b9ec1 to remote] conn.PoolingHttpClientConnectionManager 288 - Connection leased: [id: 3][route: {}-&gt;http://localhost:20783][total kept alive: 0; route allocated: 1 of 2000; total allocated: 1 of 2000]
08-31-2019 12:58:06 MainClientExec.java DEBUG [Forwarding get on session 7924db1cdca3d9f58beaf776318b9ec1 to remote] execchain.MainClientExec 208 - Stale connection check
08-31-2019 12:58:06 Wire.java DEBUG [Forwarding get on session 7924db1cdca3d9f58beaf776318b9ec1 to remote] http.wire 87 - http-outgoing-3 &lt;&lt; &quot;[read] I/O error: Read timed out&quot;
08-31-2019 12:58:06 LoggingManagedHttpClientConnection.java DEBUG [Forwarding get on session 7924db1cdca3d9f58beaf776318b9ec1 to remote] conn.DefaultManagedHttpClientConnection 88 - http-outgoing-3: set socket timeout to 10800000
08-31-2019 12:58:06 MainClientExec.java DEBUG [Forwarding get on session 7924db1cdca3d9f58beaf776318b9ec1 to remote] execchain.MainClientExec 256 - Executing request POST /session/7924db1cdca3d9f58beaf776318b9ec1/url HTTP/1.1
08-31-2019 12:58:06 MainClientExec.java DEBUG [Forwarding get on session 7924db1cdca3d9f58beaf776318b9ec1 to remote] execchain.MainClientExec 261 - Target auth state: UNCHALLENGED
08-31-2019 12:58:06 MainClientExec.java DEBUG [Forwarding get on session 7924db1cdca3d9f58beaf776318b9ec1 to remote] execchain.MainClientExec 267 - Proxy auth state: UNCHALLENGED
08-31-2019 12:58:06 LoggingManagedHttpClientConnection.java DEBUG [Forwarding get on session 7924db1cdca3d9f58beaf776318b9ec1 to remote] http.headers 133 - http-outgoing-3 &gt;&gt; POST /session/7924db1cdca3d9f58beaf776318b9ec1/url HTTP/1.1
08-31-2019 12:58:06 LoggingManagedHttpClientConnection.java DEBUG [Forwarding get on session 7924db1cdca3d9f58beaf776318b9ec1 to remote] http.headers 136 - http-outgoing-3 &gt;&gt; Content-Type: application/json; charset=utf-8
08-31-2019 12:58:06 LoggingManagedHttpClientConnection.java DEBUG [Forwarding get on session 7924db1cdca3d9f58beaf776318b9ec1 to remote] http.headers 136 - http-outgoing-3 &gt;&gt; Content-Length: 47
08-31-2019 12:58:06 LoggingManagedHttpClientConnection.java DEBUG [Forwarding get on session 7924db1cdca3d9f58beaf776318b9ec1 to remote] http.headers 136 - http-outgoing-3 &gt;&gt; Host: localhost:20783
08-31-2019 12:58:06 LoggingManagedHttpClientConnection.java DEBUG [Forwarding get on session 7924db1cdca3d9f58beaf776318b9ec1 to remote] http.headers 136 - http-outgoing-3 &gt;&gt; Connection: Keep-Alive
08-31-2019 12:58:06 LoggingManagedHttpClientConnection.java DEBUG [Forwarding get on session 7924db1cdca3d9f58beaf776318b9ec1 to remote] http.headers 136 - http-outgoing-3 &gt;&gt; User-Agent: Apache-HttpClient/4.5.3 (Java/1.8.0_221)
08-31-2019 12:58:06 LoggingManagedHttpClientConnection.java DEBUG [Forwarding get on session 7924db1cdca3d9f58beaf776318b9ec1 to remote] http.headers 136 - http-outgoing-3 &gt;&gt; Accept-Encoding: gzip,deflate
08-31-2019 12:58:06 Wire.java DEBUG [Forwarding get on session 7924db1cdca3d9f58beaf776318b9ec1 to remote] http.wire 73 - http-outgoing-3 &gt;&gt; &quot;POST /session/7924db1cdca3d9f58beaf776318b9ec1/url HTTP/1.1[\r][\n]&quot;
08-31-2019 12:58:06 Wire.java DEBUG [Forwarding get on session 7924db1cdca3d9f58beaf776318b9ec1 to remote] http.wire 73 - http-outgoing-3 &gt;&gt; &quot;Content-Type: application/json; charset=utf-8[\r][\n]&quot;
08-31-2019 12:58:06 Wire.java DEBUG [Forwarding get on session 7924db1cdca3d9f58beaf776318b9ec1 to remote] http.wire 73 - http-outgoing-3 &gt;&gt; &quot;Content-Length: 47[\r][\n]&quot;
08-31-2019 12:58:06 Wire.java DEBUG [Forwarding get on session 7924db1cdca3d9f58beaf776318b9ec1 to remote] http.wire 73 - http-outgoing-3 &gt;&gt; &quot;Host: localhost:20783[\r][\n]&quot;
08-31-2019 12:58:06 Wire.java DEBUG [Forwarding get on session 7924db1cdca3d9f58beaf776318b9ec1 to remote] http.wire 73 - http-outgoing-3 &gt;&gt; &quot;Connection: Keep-Alive[\r][\n]&quot;
08-31-2019 12:58:06 Wire.java DEBUG [Forwarding get on session 7924db1cdca3d9f58beaf776318b9ec1 to remote] http.wire 73 - http-outgoing-3 &gt;&gt; &quot;User-Agent: Apache-HttpClient/4.5.3 (Java/1.8.0_221)[\r][\n]&quot;
08-31-2019 12:58:06 Wire.java DEBUG [Forwarding get on session 7924db1cdca3d9f58beaf776318b9ec1 to remote] http.wire 73 - http-outgoing-3 &gt;&gt; &quot;Accept-Encoding: gzip,deflate[\r][\n]&quot;
08-31-2019 12:58:06 Wire.java DEBUG [Forwarding get on session 7924db1cdca3d9f58beaf776318b9ec1 to remote] http.wire 73 - http-outgoing-3 &gt;&gt; &quot;[\r][\n]&quot;
08-31-2019 12:58:06 Wire.java DEBUG [Forwarding get on session 7924db1cdca3d9f58beaf776318b9ec1 to remote] http.wire 87 - http-outgoing-3 &gt;&gt; &quot;{&quot;url&quot;:&quot;https://classic.crmpro.com/index.html&quot;}&quot;
08-31-2019 12:58:14 Wire.java DEBUG [Forwarding get on session 7924db1cdca3d9f58beaf776318b9ec1 to remote] http.wire 73 - http-outgoing-3 &lt;&lt; &quot;HTTP/1.1 200 OK[\r][\n]&quot;
08-31-2019 12:58:14 Wire.java DEBUG [Forwarding get on session 7924db1cdca3d9f58beaf776318b9ec1 to remote] http.wire 73 - http-outgoing-3 &lt;&lt; &quot;Content-Length:14[\r][\n]&quot;
08-31-2019 12:58:14 Wire.java DEBUG [Forwarding get on session 7924db1cdca3d9f58beaf776318b9ec1 to remote] http.wire 73 - http-outgoing-3 &lt;&lt; &quot;Content-Type:application/json; charset=utf-8[\r][\n]&quot;
08-31-2019 12:58:14 Wire.java DEBUG [Forwarding get on session 7924db1cdca3d9f58beaf776318b9ec1 to remote] http.wire 73 - http-outgoing-3 &lt;&lt; &quot;cache-control:no-cache[\r][\n]&quot;
08-31-2019 12:58:14 Wire.java DEBUG [Forwarding get on session 7924db1cdca3d9f58beaf776318b9ec1 to remote] http.wire 73 - http-outgoing-3 &lt;&lt; &quot;[\r][\n]&quot;
08-31-2019 12:58:14 Wire.java DEBUG [Forwarding get on session 7924db1cdca3d9f58beaf776318b9ec1 to remote] http.wire 87 - http-outgoing-3 &lt;&lt; &quot;{&quot;value&quot;:null}&quot;
08-31-2019 12:58:14 LoggingManagedHttpClientConnection.java DEBUG [Forwarding get on session 7924db1cdca3d9f58beaf776318b9ec1 to remote] http.headers 122 - http-outgoing-3 &lt;&lt; HTTP/1.1 200 OK
08-31-2019 12:58:14 LoggingManagedHttpClientConnection.java DEBUG [Forwarding get on session 7924db1cdca3d9f58beaf776318b9ec1 to remote] http.headers 125 - http-outgoing-3 &lt;&lt; Content-Length:14
08-31-2019 12:58:14 LoggingManagedHttpClientConnection.java DEBUG [Forwarding get on session 7924db1cdca3d9f58beaf776318b9ec1 to remote] http.headers 125 - http-outgoing-3 &lt;&lt; Content-Type:application/json; charset=utf-8
08-31-2019 12:58:14 LoggingManagedHttpClientConnection.java DEBUG [Forwarding get on session 7924db1cdca3d9f58beaf776318b9ec1 to remote] http.headers 125 - http-outgoing-3 &lt;&lt; cache-control:no-cache
08-31-2019 12:58:14 MainClientExec.java DEBUG [Forwarding get on session 7924db1cdca3d9f58beaf776318b9ec1 to remote] execchain.MainClientExec 285 - Connection can be kept alive indefinitely
08-31-2019 12:58:14 PoolingHttpClientConnectionManager.java DEBUG [Forwarding get on session 7924db1cdca3d9f58beaf776318b9ec1 to remote] conn.PoolingHttpClientConnectionManager 320 - Connection [id: 3][route: {}-&gt;http://localhost:20783] can be kept alive indefinitely
08-31-2019 12:58:14 PoolingHttpClientConnectionManager.java DEBUG [Forwarding get on session 7924db1cdca3d9f58beaf776318b9ec1 to remote] conn.PoolingHttpClientConnectionManager 326 - Connection released: [id: 3][route: {}-&gt;http://localhost:20783][total kept alive: 1; route allocated: 1 of 2000; total allocated: 1 of 2000]
Navigated to:&apos;https://classic.crmpro.com/index.html&apos;
Trying to find Element By : By.name: username
08-31-2019 12:58:14 RequestAddCookies.java DEBUG [Forwarding findElement on session 7924db1cdca3d9f58beaf776318b9ec1 to remote] protocol.RequestAddCookies 123 - CookieSpec selected: default
08-31-2019 12:58:14 RequestAuthCache.java DEBUG [Forwarding findElement on session 7924db1cdca3d9f58beaf776318b9ec1 to remote] protocol.RequestAuthCache 77 - Auth cache not set in the context
08-31-2019 12:58:14 PoolingHttpClientConnectionManager.java DEBUG [Forwarding findElement on session 7924db1cdca3d9f58beaf776318b9ec1 to remote] conn.PoolingHttpClientConnectionManager 255 - Connection request: [route: {}-&gt;http://localhost:20783][total kept alive: 1; route allocated: 1 of 2000; total allocated: 1 of 2000]
08-31-2019 12:58:14 PoolingHttpClientConnectionManager.java DEBUG [Forwarding findElement on session 7924db1cdca3d9f58beaf776318b9ec1 to remote] conn.PoolingHttpClientConnectionManager 288 - Connection leased: [id: 3][route: {}-&gt;http://localhost:20783][total kept alive: 0; route allocated: 1 of 2000; total allocated: 1 of 2000]
08-31-2019 12:58:14 MainClientExec.java DEBUG [Forwarding findElement on session 7924db1cdca3d9f58beaf776318b9ec1 to remote] execchain.MainClientExec 208 - Stale connection check
08-31-2019 12:58:14 Wire.java DEBUG [Forwarding findElement on session 7924db1cdca3d9f58beaf776318b9ec1 to remote] http.wire 87 - http-outgoing-3 &lt;&lt; &quot;[read] I/O error: Read timed out&quot;
08-31-2019 12:58:14 LoggingManagedHttpClientConnection.java DEBUG [Forwarding findElement on session 7924db1cdca3d9f58beaf776318b9ec1 to remote] conn.DefaultManagedHttpClientConnection 88 - http-outgoing-3: set socket timeout to 10800000
08-31-2019 12:58:14 MainClientExec.java DEBUG [Forwarding findElement on session 7924db1cdca3d9f58beaf776318b9ec1 to remote] execchain.MainClientExec 256 - Executing request POST /session/7924db1cdca3d9f58beaf776318b9ec1/element HTTP/1.1
08-31-2019 12:58:14 MainClientExec.java DEBUG [Forwarding findElement on session 7924db1cdca3d9f58beaf776318b9ec1 to remote] execchain.MainClientExec 261 - Target auth state: UNCHALLENGED
08-31-2019 12:58:14 MainClientExec.java DEBUG [Forwarding findElement on session 7924db1cdca3d9f58beaf776318b9ec1 to remote] execchain.MainClientExec 267 - Proxy auth state: UNCHALLENGED
08-31-2019 12:58:14 LoggingManagedHttpClientConnection.java DEBUG [Forwarding findElement on session 7924db1cdca3d9f58beaf776318b9ec1 to remote] http.headers 133 - http-outgoing-3 &gt;&gt; POST /session/7924db1cdca3d9f58beaf776318b9ec1/element HTTP/1.1
08-31-2019 12:58:14 LoggingManagedHttpClientConnection.java DEBUG [Forwarding findElement on session 7924db1cdca3d9f58beaf776318b9ec1 to remote] http.headers 136 - http-outgoing-3 &gt;&gt; Content-Type: application/json; charset=utf-8
08-31-2019 12:58:14 LoggingManagedHttpClientConnection.java DEBUG [Forwarding findElement on session 7924db1cdca3d9f58beaf776318b9ec1 to remote] http.headers 136 - http-outgoing-3 &gt;&gt; Content-Length: 53
08-31-2019 12:58:14 LoggingManagedHttpClientConnection.java DEBUG [Forwarding findElement on session 7924db1cdca3d9f58beaf776318b9ec1 to remote] http.headers 136 - http-outgoing-3 &gt;&gt; Host: localhost:20783
08-31-2019 12:58:14 LoggingManagedHttpClientConnection.java DEBUG [Forwarding findElement on session 7924db1cdca3d9f58beaf776318b9ec1 to remote] http.headers 136 - http-outgoing-3 &gt;&gt; Connection: Keep-Alive
08-31-2019 12:58:14 LoggingManagedHttpClientConnection.java DEBUG [Forwarding findElement on session 7924db1cdca3d9f58beaf776318b9ec1 to remote] http.headers 136 - http-outgoing-3 &gt;&gt; User-Agent: Apache-HttpClient/4.5.3 (Java/1.8.0_221)
08-31-2019 12:58:14 LoggingManagedHttpClientConnection.java DEBUG [Forwarding findElement on session 7924db1cdca3d9f58beaf776318b9ec1 to remote] http.headers 136 - http-outgoing-3 &gt;&gt; Accept-Encoding: gzip,deflate
08-31-2019 12:58:14 Wire.java DEBUG [Forwarding findElement on session 7924db1cdca3d9f58beaf776318b9ec1 to remote] http.wire 73 - http-outgoing-3 &gt;&gt; &quot;POST /session/7924db1cdca3d9f58beaf776318b9ec1/element HTTP/1.1[\r][\n]&quot;
08-31-2019 12:58:14 Wire.java DEBUG [Forwarding findElement on session 7924db1cdca3d9f58beaf776318b9ec1 to remote] http.wire 73 - http-outgoing-3 &gt;&gt; &quot;Content-Type: application/json; charset=utf-8[\r][\n]&quot;
08-31-2019 12:58:14 Wire.java DEBUG [Forwarding findElement on session 7924db1cdca3d9f58beaf776318b9ec1 to remote] http.wire 73 - http-outgoing-3 &gt;&gt; &quot;Content-Length: 53[\r][\n]&quot;
08-31-2019 12:58:14 Wire.java DEBUG [Forwarding findElement on session 7924db1cdca3d9f58beaf776318b9ec1 to remote] http.wire 73 - http-outgoing-3 &gt;&gt; &quot;Host: localhost:20783[\r][\n]&quot;
08-31-2019 12:58:14 Wire.java DEBUG [Forwarding findElement on session 7924db1cdca3d9f58beaf776318b9ec1 to remote] http.wire 73 - http-outgoing-3 &gt;&gt; &quot;Connection: Keep-Alive[\r][\n]&quot;
08-31-2019 12:58:14 Wire.java DEBUG [Forwarding findElement on session 7924db1cdca3d9f58beaf776318b9ec1 to remote] http.wire 73 - http-outgoing-3 &gt;&gt; &quot;User-Agent: Apache-HttpClient/4.5.3 (Java/1.8.0_221)[\r][\n]&quot;
08-31-2019 12:58:14 Wire.java DEBUG [Forwarding findElement on session 7924db1cdca3d9f58beaf776318b9ec1 to remote] http.wire 73 - http-outgoing-3 &gt;&gt; &quot;Accept-Encoding: gzip,deflate[\r][\n]&quot;
08-31-2019 12:58:14 Wire.java DEBUG [Forwarding findElement on session 7924db1cdca3d9f58beaf776318b9ec1 to remote] http.wire 73 - http-outgoing-3 &gt;&gt; &quot;[\r][\n]&quot;
08-31-2019 12:58:14 Wire.java DEBUG [Forwarding findElement on session 7924db1cdca3d9f58beaf776318b9ec1 to remote] http.wire 87 - http-outgoing-3 &gt;&gt; &quot;{&quot;value&quot;:&quot;*[name=&apos;username&apos;]&quot;,&quot;using&quot;:&quot;css selector&quot;}&quot;
08-31-2019 12:58:14 Wire.java DEBUG [Forwarding findElement on session 7924db1cdca3d9f58beaf776318b9ec1 to remote] http.wire 73 - http-outgoing-3 &lt;&lt; &quot;HTTP/1.1 200 OK[\r][\n]&quot;
08-31-2019 12:58:14 Wire.java DEBUG [Forwarding findElement on session 7924db1cdca3d9f58beaf776318b9ec1 to remote] http.wire 73 - http-outgoing-3 &lt;&lt; &quot;Content-Length:88[\r][\n]&quot;
08-31-2019 12:58:14 Wire.java DEBUG [Forwarding findElement on session 7924db1cdca3d9f58beaf776318b9ec1 to remote] http.wire 73 - http-outgoing-3 &lt;&lt; &quot;Content-Type:application/json; charset=utf-8[\r][\n]&quot;
08-31-2019 12:58:14 Wire.java DEBUG [Forwarding findElement on session 7924db1cdca3d9f58beaf776318b9ec1 to remote] http.wire 73 - http-outgoing-3 &lt;&lt; &quot;cache-control:no-cache[\r][\n]&quot;
08-31-2019 12:58:14 Wire.java DEBUG [Forwarding findElement on session 7924db1cdca3d9f58beaf776318b9ec1 to remote] http.wire 73 - http-outgoing-3 &lt;&lt; &quot;[\r][\n]&quot;
08-31-2019 12:58:14 Wire.java DEBUG [Forwarding findElement on session 7924db1cdca3d9f58beaf776318b9ec1 to remote] http.wire 87 - http-outgoing-3 &lt;&lt; &quot;{&quot;value&quot;:{&quot;element-6066-11e4-a52e-4f735466cecf&quot;:&quot;f7b805c1-64cb-4049-9924-749300d2e18f&quot;}}&quot;
08-31-2019 12:58:14 LoggingManagedHttpClientConnection.java DEBUG [Forwarding findElement on session 7924db1cdca3d9f58beaf776318b9ec1 to remote] http.headers 122 - http-outgoing-3 &lt;&lt; HTTP/1.1 200 OK
08-31-2019 12:58:14 LoggingManagedHttpClientConnection.java DEBUG [Forwarding findElement on session 7924db1cdca3d9f58beaf776318b9ec1 to remote] http.headers 125 - http-outgoing-3 &lt;&lt; Content-Length:88
08-31-2019 12:58:14 LoggingManagedHttpClientConnection.java DEBUG [Forwarding findElement on session 7924db1cdca3d9f58beaf776318b9ec1 to remote] http.headers 125 - http-outgoing-3 &lt;&lt; Content-Type:application/json; charset=utf-8
08-31-2019 12:58:14 LoggingManagedHttpClientConnection.java DEBUG [Forwarding findElement on session 7924db1cdca3d9f58beaf776318b9ec1 to remote] http.headers 125 - http-outgoing-3 &lt;&lt; cache-control:no-cache
08-31-2019 12:58:14 MainClientExec.java DEBUG [Forwarding findElement on session 7924db1cdca3d9f58beaf776318b9ec1 to remote] execchain.MainClientExec 285 - Connection can be kept alive indefinitely
08-31-2019 12:58:14 PoolingHttpClientConnectionManager.java DEBUG [Forwarding findElement on session 7924db1cdca3d9f58beaf776318b9ec1 to remote] conn.PoolingHttpClientConnectionManager 320 - Connection [id: 3][route: {}-&gt;http://localhost:20783] can be kept alive indefinitely
08-31-2019 12:58:14 PoolingHttpClientConnectionManager.java DEBUG [Forwarding findElement on session 7924db1cdca3d9f58beaf776318b9ec1 to remote] conn.PoolingHttpClientConnectionManager 326 - Connection released: [id: 3][route: {}-&gt;http://localhost:20783][total kept alive: 1; route allocated: 1 of 2000; total allocated: 1 of 2000]
Found Element By : By.name: username
08-31-2019 12:58:14 RequestAddCookies.java DEBUG [Forwarding sendKeysToElement on session 7924db1cdca3d9f58beaf776318b9ec1 to remote] protocol.RequestAddCookies 123 - CookieSpec selected: default
08-31-2019 12:58:14 RequestAuthCache.java DEBUG [Forwarding sendKeysToElement on session 7924db1cdca3d9f58beaf776318b9ec1 to remote] protocol.RequestAuthCache 77 - Auth cache not set in the context
08-31-2019 12:58:14 PoolingHttpClientConnectionManager.java DEBUG [Forwarding sendKeysToElement on session 7924db1cdca3d9f58beaf776318b9ec1 to remote] conn.PoolingHttpClientConnectionManager 255 - Connection request: [route: {}-&gt;http://localhost:20783][total kept alive: 1; route allocated: 1 of 2000; total allocated: 1 of 2000]
08-31-2019 12:58:14 PoolingHttpClientConnectionManager.java DEBUG [Forwarding sendKeysToElement on session 7924db1cdca3d9f58beaf776318b9ec1 to remote] conn.PoolingHttpClientConnectionManager 288 - Connection leased: [id: 3][route: {}-&gt;http://localhost:20783][total kept alive: 0; route allocated: 1 of 2000; total allocated: 1 of 2000]
08-31-2019 12:58:14 MainClientExec.java DEBUG [Forwarding sendKeysToElement on session 7924db1cdca3d9f58beaf776318b9ec1 to remote] execchain.MainClientExec 208 - Stale connection check
08-31-2019 12:58:14 Wire.java DEBUG [Forwarding sendKeysToElement on session 7924db1cdca3d9f58beaf776318b9ec1 to remote] http.wire 87 - http-outgoing-3 &lt;&lt; &quot;[read] I/O error: Read timed out&quot;
08-31-2019 12:58:14 LoggingManagedHttpClientConnection.java DEBUG [Forwarding sendKeysToElement on session 7924db1cdca3d9f58beaf776318b9ec1 to remote] conn.DefaultManagedHttpClientConnection 88 - http-outgoing-3: set socket timeout to 10800000
08-31-2019 12:58:14 MainClientExec.java DEBUG [Forwarding sendKeysToElement on session 7924db1cdca3d9f58beaf776318b9ec1 to remote] execchain.MainClientExec 256 - Executing request POST /session/7924db1cdca3d9f58beaf776318b9ec1/element/f7b805c1-64cb-4049-9924-749300d2e18f/value HTTP/1.1
08-31-2019 12:58:14 MainClientExec.java DEBUG [Forwarding sendKeysToElement on session 7924db1cdca3d9f58beaf776318b9ec1 to remote] execchain.MainClientExec 261 - Target auth state: UNCHALLENGED
08-31-2019 12:58:14 MainClientExec.java DEBUG [Forwarding sendKeysToElement on session 7924db1cdca3d9f58beaf776318b9ec1 to remote] execchain.MainClientExec 267 - Proxy auth state: UNCHALLENGED
08-31-2019 12:58:14 LoggingManagedHttpClientConnection.java DEBUG [Forwarding sendKeysToElement on session 7924db1cdca3d9f58beaf776318b9ec1 to remote] http.headers 133 - http-outgoing-3 &gt;&gt; POST /session/7924db1cdca3d9f58beaf776318b9ec1/element/f7b805c1-64cb-4049-9924-749300d2e18f/value HTTP/1.1
08-31-2019 12:58:14 LoggingManagedHttpClientConnection.java DEBUG [Forwarding sendKeysToElement on session 7924db1cdca3d9f58beaf776318b9ec1 to remote] http.headers 136 - http-outgoing-3 &gt;&gt; Content-Type: application/json; charset=utf-8
08-31-2019 12:58:14 LoggingManagedHttpClientConnection.java DEBUG [Forwarding sendKeysToElement on session 7924db1cdca3d9f58beaf776318b9ec1 to remote] http.headers 136 - http-outgoing-3 &gt;&gt; Content-Length: 115
08-31-2019 12:58:14 LoggingManagedHttpClientConnection.java DEBUG [Forwarding sendKeysToElement on session 7924db1cdca3d9f58beaf776318b9ec1 to remote] http.headers 136 - http-outgoing-3 &gt;&gt; Host: localhost:20783
08-31-2019 12:58:14 LoggingManagedHttpClientConnection.java DEBUG [Forwarding sendKeysToElement on session 7924db1cdca3d9f58beaf776318b9ec1 to remote] http.headers 136 - http-outgoing-3 &gt;&gt; Connection: Keep-Alive
08-31-2019 12:58:14 LoggingManagedHttpClientConnection.java DEBUG [Forwarding sendKeysToElement on session 7924db1cdca3d9f58beaf776318b9ec1 to remote] http.headers 136 - http-outgoing-3 &gt;&gt; User-Agent: Apache-HttpClient/4.5.3 (Java/1.8.0_221)
08-31-2019 12:58:14 LoggingManagedHttpClientConnection.java DEBUG [Forwarding sendKeysToElement on session 7924db1cdca3d9f58beaf776318b9ec1 to remote] http.headers 136 - http-outgoing-3 &gt;&gt; Accept-Encoding: gzip,deflate
08-31-2019 12:58:14 Wire.java DEBUG [Forwarding sendKeysToElement on session 7924db1cdca3d9f58beaf776318b9ec1 to remote] http.wire 73 - http-outgoing-3 &gt;&gt; &quot;POST /session/7924db1cdca3d9f58beaf776318b9ec1/element/f7b805c1-64cb-4049-9924-749300d2e18f/value HTTP/1.1[\r][\n]&quot;
08-31-2019 12:58:14 Wire.java DEBUG [Forwarding sendKeysToElement on session 7924db1cdca3d9f58beaf776318b9ec1 to remote] http.wire 73 - http-outgoing-3 &gt;&gt; &quot;Content-Type: application/json; charset=utf-8[\r][\n]&quot;
08-31-2019 12:58:14 Wire.java DEBUG [Forwarding sendKeysToElement on session 7924db1cdca3d9f58beaf776318b9ec1 to remote] http.wire 73 - http-outgoing-3 &gt;&gt; &quot;Content-Length: 115[\r][\n]&quot;
08-31-2019 12:58:14 Wire.java DEBUG [Forwarding sendKeysToElement on session 7924db1cdca3d9f58beaf776318b9ec1 to remote] http.wire 73 - http-outgoing-3 &gt;&gt; &quot;Host: localhost:20783[\r][\n]&quot;
08-31-2019 12:58:14 Wire.java DEBUG [Forwarding sendKeysToElement on session 7924db1cdca3d9f58beaf776318b9ec1 to remote] http.wire 73 - http-outgoing-3 &gt;&gt; &quot;Connection: Keep-Alive[\r][\n]&quot;
08-31-2019 12:58:14 Wire.java DEBUG [Forwarding sendKeysToElement on session 7924db1cdca3d9f58beaf776318b9ec1 to remote] http.wire 73 - http-outgoing-3 &gt;&gt; &quot;User-Agent: Apache-HttpClient/4.5.3 (Java/1.8.0_221)[\r][\n]&quot;
08-31-2019 12:58:14 Wire.java DEBUG [Forwarding sendKeysToElement on session 7924db1cdca3d9f58beaf776318b9ec1 to remote] http.wire 73 - http-outgoing-3 &gt;&gt; &quot;Accept-Encoding: gzip,deflate[\r][\n]&quot;
08-31-2019 12:58:14 Wire.java DEBUG [Forwarding sendKeysToElement on session 7924db1cdca3d9f58beaf776318b9ec1 to remote] http.wire 73 - http-outgoing-3 &gt;&gt; &quot;[\r][\n]&quot;
08-31-2019 12:58:14 Wire.java DEBUG [Forwarding sendKeysToElement on session 7924db1cdca3d9f58beaf776318b9ec1 to remote] http.wire 87 - http-outgoing-3 &gt;&gt; &quot;{&quot;id&quot;:&quot;f7b805c1-64cb-4049-9924-749300d2e18f&quot;,&quot;text&quot;:&quot;karandeept&quot;,&quot;value&quot;:[&quot;k&quot;,&quot;a&quot;,&quot;r&quot;,&quot;a&quot;,&quot;n&quot;,&quot;d&quot;,&quot;e&quot;,&quot;e&quot;,&quot;p&quot;,&quot;t&quot;]}&quot;
08-31-2019 12:58:14 Wire.java DEBUG [Forwarding sendKeysToElement on session 7924db1cdca3d9f58beaf776318b9ec1 to remote] http.wire 73 - http-outgoing-3 &lt;&lt; &quot;HTTP/1.1 200 OK[\r][\n]&quot;
08-31-2019 12:58:14 Wire.java DEBUG [Forwarding sendKeysToElement on session 7924db1cdca3d9f58beaf776318b9ec1 to remote] http.wire 73 - http-outgoing-3 &lt;&lt; &quot;Content-Length:14[\r][\n]&quot;
08-31-2019 12:58:14 Wire.java DEBUG [Forwarding sendKeysToElement on session 7924db1cdca3d9f58beaf776318b9ec1 to remote] http.wire 73 - http-outgoing-3 &lt;&lt; &quot;Content-Type:application/json; charset=utf-8[\r][\n]&quot;
08-31-2019 12:58:14 Wire.java DEBUG [Forwarding sendKeysToElement on session 7924db1cdca3d9f58beaf776318b9ec1 to remote] http.wire 73 - http-outgoing-3 &lt;&lt; &quot;cache-control:no-cache[\r][\n]&quot;
08-31-2019 12:58:14 Wire.java DEBUG [Forwarding sendKeysToElement on session 7924db1cdca3d9f58beaf776318b9ec1 to remote] http.wire 73 - http-outgoing-3 &lt;&lt; &quot;[\r][\n]&quot;
08-31-2019 12:58:14 Wire.java DEBUG [Forwarding sendKeysToElement on session 7924db1cdca3d9f58beaf776318b9ec1 to remote] http.wire 87 - http-outgoing-3 &lt;&lt; &quot;{&quot;value&quot;:null}&quot;
08-31-2019 12:58:14 LoggingManagedHttpClientConnection.java DEBUG [Forwarding sendKeysToElement on session 7924db1cdca3d9f58beaf776318b9ec1 to remote] http.headers 122 - http-outgoing-3 &lt;&lt; HTTP/1.1 200 OK
08-31-2019 12:58:14 LoggingManagedHttpClientConnection.java DEBUG [Forwarding sendKeysToElement on session 7924db1cdca3d9f58beaf776318b9ec1 to remote] http.headers 125 - http-outgoing-3 &lt;&lt; Content-Length:14
08-31-2019 12:58:14 LoggingManagedHttpClientConnection.java DEBUG [Forwarding sendKeysToElement on session 7924db1cdca3d9f58beaf776318b9ec1 to remote] http.headers 125 - http-outgoing-3 &lt;&lt; Content-Type:application/json; charset=utf-8
08-31-2019 12:58:14 LoggingManagedHttpClientConnection.java DEBUG [Forwarding sendKeysToElement on session 7924db1cdca3d9f58beaf776318b9ec1 to remote] http.headers 125 - http-outgoing-3 &lt;&lt; cache-control:no-cache
08-31-2019 12:58:14 MainClientExec.java DEBUG [Forwarding sendKeysToElement on session 7924db1cdca3d9f58beaf776318b9ec1 to remote] execchain.MainClientExec 285 - Connection can be kept alive indefinitely
08-31-2019 12:58:14 PoolingHttpClientConnectionManager.java DEBUG [Forwarding sendKeysToElement on session 7924db1cdca3d9f58beaf776318b9ec1 to remote] conn.PoolingHttpClientConnectionManager 320 - Connection [id: 3][route: {}-&gt;http://localhost:20783] can be kept alive indefinitely
08-31-2019 12:58:14 PoolingHttpClientConnectionManager.java DEBUG [Forwarding sendKeysToElement on session 7924db1cdca3d9f58beaf776318b9ec1 to remote] conn.PoolingHttpClientConnectionManager 326 - Connection released: [id: 3][route: {}-&gt;http://localhost:20783][total kept alive: 1; route allocated: 1 of 2000; total allocated: 1 of 2000]
Trying to find Element By : By.name: password
08-31-2019 12:58:14 RequestAddCookies.java DEBUG [Forwarding findElement on session 7924db1cdca3d9f58beaf776318b9ec1 to remote] protocol.RequestAddCookies 123 - CookieSpec selected: default
08-31-2019 12:58:14 RequestAuthCache.java DEBUG [Forwarding findElement on session 7924db1cdca3d9f58beaf776318b9ec1 to remote] protocol.RequestAuthCache 77 - Auth cache not set in the context
08-31-2019 12:58:14 PoolingHttpClientConnectionManager.java DEBUG [Forwarding findElement on session 7924db1cdca3d9f58beaf776318b9ec1 to remote] conn.PoolingHttpClientConnectionManager 255 - Connection request: [route: {}-&gt;http://localhost:20783][total kept alive: 1; route allocated: 1 of 2000; total allocated: 1 of 2000]
08-31-2019 12:58:14 PoolingHttpClientConnectionManager.java DEBUG [Forwarding findElement on session 7924db1cdca3d9f58beaf776318b9ec1 to remote] conn.PoolingHttpClientConnectionManager 288 - Connection leased: [id: 3][route: {}-&gt;http://localhost:20783][total kept alive: 0; route allocated: 1 of 2000; total allocated: 1 of 2000]
08-31-2019 12:58:14 MainClientExec.java DEBUG [Forwarding findElement on session 7924db1cdca3d9f58beaf776318b9ec1 to remote] execchain.MainClientExec 208 - Stale connection check
08-31-2019 12:58:14 Wire.java DEBUG [Forwarding findElement on session 7924db1cdca3d9f58beaf776318b9ec1 to remote] http.wire 87 - http-outgoing-3 &lt;&lt; &quot;[read] I/O error: Read timed out&quot;
08-31-2019 12:58:14 LoggingManagedHttpClientConnection.java DEBUG [Forwarding findElement on session 7924db1cdca3d9f58beaf776318b9ec1 to remote] conn.DefaultManagedHttpClientConnection 88 - http-outgoing-3: set socket timeout to 10800000
08-31-2019 12:58:14 MainClientExec.java DEBUG [Forwarding findElement on session 7924db1cdca3d9f58beaf776318b9ec1 to remote] execchain.MainClientExec 256 - Executing request POST /session/7924db1cdca3d9f58beaf776318b9ec1/element HTTP/1.1
08-31-2019 12:58:14 MainClientExec.java DEBUG [Forwarding findElement on session 7924db1cdca3d9f58beaf776318b9ec1 to remote] execchain.MainClientExec 261 - Target auth state: UNCHALLENGED
08-31-2019 12:58:14 MainClientExec.java DEBUG [Forwarding findElement on session 7924db1cdca3d9f58beaf776318b9ec1 to remote] execchain.MainClientExec 267 - Proxy auth state: UNCHALLENGED
08-31-2019 12:58:14 LoggingManagedHttpClientConnection.java DEBUG [Forwarding findElement on session 7924db1cdca3d9f58beaf776318b9ec1 to remote] http.headers 133 - http-outgoing-3 &gt;&gt; POST /session/7924db1cdca3d9f58beaf776318b9ec1/element HTTP/1.1
08-31-2019 12:58:14 LoggingManagedHttpClientConnection.java DEBUG [Forwarding findElement on session 7924db1cdca3d9f58beaf776318b9ec1 to remote] http.headers 136 - http-outgoing-3 &gt;&gt; Content-Type: application/json; charset=utf-8
08-31-2019 12:58:14 LoggingManagedHttpClientConnection.java DEBUG [Forwarding findElement on session 7924db1cdca3d9f58beaf776318b9ec1 to remote] http.headers 136 - http-outgoing-3 &gt;&gt; Content-Length: 53
08-31-2019 12:58:14 LoggingManagedHttpClientConnection.java DEBUG [Forwarding findElement on session 7924db1cdca3d9f58beaf776318b9ec1 to remote] http.headers 136 - http-outgoing-3 &gt;&gt; Host: localhost:20783
08-31-2019 12:58:14 LoggingManagedHttpClientConnection.java DEBUG [Forwarding findElement on session 7924db1cdca3d9f58beaf776318b9ec1 to remote] http.headers 136 - http-outgoing-3 &gt;&gt; Connection: Keep-Alive
08-31-2019 12:58:14 LoggingManagedHttpClientConnection.java DEBUG [Forwarding findElement on session 7924db1cdca3d9f58beaf776318b9ec1 to remote] http.headers 136 - http-outgoing-3 &gt;&gt; User-Agent: Apache-HttpClient/4.5.3 (Java/1.8.0_221)
08-31-2019 12:58:14 LoggingManagedHttpClientConnection.java DEBUG [Forwarding findElement on session 7924db1cdca3d9f58beaf776318b9ec1 to remote] http.headers 136 - http-outgoing-3 &gt;&gt; Accept-Encoding: gzip,deflate
08-31-2019 12:58:14 Wire.java DEBUG [Forwarding findElement on session 7924db1cdca3d9f58beaf776318b9ec1 to remote] http.wire 73 - http-outgoing-3 &gt;&gt; &quot;POST /session/7924db1cdca3d9f58beaf776318b9ec1/element HTTP/1.1[\r][\n]&quot;
08-31-2019 12:58:14 Wire.java DEBUG [Forwarding findElement on session 7924db1cdca3d9f58beaf776318b9ec1 to remote] http.wire 73 - http-outgoing-3 &gt;&gt; &quot;Content-Type: application/json; charset=utf-8[\r][\n]&quot;
08-31-2019 12:58:14 Wire.java DEBUG [Forwarding findElement on session 7924db1cdca3d9f58beaf776318b9ec1 to remote] http.wire 73 - http-outgoing-3 &gt;&gt; &quot;Content-Length: 53[\r][\n]&quot;
08-31-2019 12:58:14 Wire.java DEBUG [Forwarding findElement on session 7924db1cdca3d9f58beaf776318b9ec1 to remote] http.wire 73 - http-outgoing-3 &gt;&gt; &quot;Host: localhost:20783[\r][\n]&quot;
08-31-2019 12:58:14 Wire.java DEBUG [Forwarding findElement on session 7924db1cdca3d9f58beaf776318b9ec1 to remote] http.wire 73 - http-outgoing-3 &gt;&gt; &quot;Connection: Keep-Alive[\r][\n]&quot;
08-31-2019 12:58:14 Wire.java DEBUG [Forwarding findElement on session 7924db1cdca3d9f58beaf776318b9ec1 to remote] http.wire 73 - http-outgoing-3 &gt;&gt; &quot;User-Agent: Apache-HttpClient/4.5.3 (Java/1.8.0_221)[\r][\n]&quot;
08-31-2019 12:58:14 Wire.java DEBUG [Forwarding findElement on session 7924db1cdca3d9f58beaf776318b9ec1 to remote] http.wire 73 - http-outgoing-3 &gt;&gt; &quot;Accept-Encoding: gzip,deflate[\r][\n]&quot;
08-31-2019 12:58:14 Wire.java DEBUG [Forwarding findElement on session 7924db1cdca3d9f58beaf776318b9ec1 to remote] http.wire 73 - http-outgoing-3 &gt;&gt; &quot;[\r][\n]&quot;
08-31-2019 12:58:14 Wire.java DEBUG [Forwarding findElement on session 7924db1cdca3d9f58beaf776318b9ec1 to remote] http.wire 87 - http-outgoing-3 &gt;&gt; &quot;{&quot;value&quot;:&quot;*[name=&apos;password&apos;]&quot;,&quot;using&quot;:&quot;css selector&quot;}&quot;
08-31-2019 12:58:14 Wire.java DEBUG [Forwarding findElement on session 7924db1cdca3d9f58beaf776318b9ec1 to remote] http.wire 73 - http-outgoing-3 &lt;&lt; &quot;HTTP/1.1 200 OK[\r][\n]&quot;
08-31-2019 12:58:14 Wire.java DEBUG [Forwarding findElement on session 7924db1cdca3d9f58beaf776318b9ec1 to remote] http.wire 73 - http-outgoing-3 &lt;&lt; &quot;Content-Length:88[\r][\n]&quot;
08-31-2019 12:58:14 Wire.java DEBUG [Forwarding findElement on session 7924db1cdca3d9f58beaf776318b9ec1 to remote] http.wire 73 - http-outgoing-3 &lt;&lt; &quot;Content-Type:application/json; charset=utf-8[\r][\n]&quot;
08-31-2019 12:58:14 Wire.java DEBUG [Forwarding findElement on session 7924db1cdca3d9f58beaf776318b9ec1 to remote] http.wire 73 - http-outgoing-3 &lt;&lt; &quot;cache-control:no-cache[\r][\n]&quot;
08-31-2019 12:58:14 Wire.java DEBUG [Forwarding findElement on session 7924db1cdca3d9f58beaf776318b9ec1 to remote] http.wire 73 - http-outgoing-3 &lt;&lt; &quot;[\r][\n]&quot;
08-31-2019 12:58:14 Wire.java DEBUG [Forwarding findElement on session 7924db1cdca3d9f58beaf776318b9ec1 to remote] http.wire 87 - http-outgoing-3 &lt;&lt; &quot;{&quot;value&quot;:{&quot;element-6066-11e4-a52e-4f735466cecf&quot;:&quot;0f09e931-1cc9-467f-9288-58bbf9953ba1&quot;}}&quot;
08-31-2019 12:58:14 LoggingManagedHttpClientConnection.java DEBUG [Forwarding findElement on session 7924db1cdca3d9f58beaf776318b9ec1 to remote] http.headers 122 - http-outgoing-3 &lt;&lt; HTTP/1.1 200 OK
08-31-2019 12:58:14 LoggingManagedHttpClientConnection.java DEBUG [Forwarding findElement on session 7924db1cdca3d9f58beaf776318b9ec1 to remote] http.headers 125 - http-outgoing-3 &lt;&lt; Content-Length:88
08-31-2019 12:58:14 LoggingManagedHttpClientConnection.java DEBUG [Forwarding findElement on session 7924db1cdca3d9f58beaf776318b9ec1 to remote] http.headers 125 - http-outgoing-3 &lt;&lt; Content-Type:application/json; charset=utf-8
08-31-2019 12:58:14 LoggingManagedHttpClientConnection.java DEBUG [Forwarding findElement on session 7924db1cdca3d9f58beaf776318b9ec1 to remote] http.headers 125 - http-outgoing-3 &lt;&lt; cache-control:no-cache
08-31-2019 12:58:14 MainClientExec.java DEBUG [Forwarding findElement on session 7924db1cdca3d9f58beaf776318b9ec1 to remote] execchain.MainClientExec 285 - Connection can be kept alive indefinitely
08-31-2019 12:58:14 PoolingHttpClientConnectionManager.java DEBUG [Forwarding findElement on session 7924db1cdca3d9f58beaf776318b9ec1 to remote] conn.PoolingHttpClientConnectionManager 320 - Connection [id: 3][route: {}-&gt;http://localhost:20783] can be kept alive indefinitely
08-31-2019 12:58:14 PoolingHttpClientConnectionManager.java DEBUG [Forwarding findElement on session 7924db1cdca3d9f58beaf776318b9ec1 to remote] conn.PoolingHttpClientConnectionManager 326 - Connection released: [id: 3][route: {}-&gt;http://localhost:20783][total kept alive: 1; route allocated: 1 of 2000; total allocated: 1 of 2000]
Found Element By : By.name: password
08-31-2019 12:58:14 RequestAddCookies.java DEBUG [Forwarding sendKeysToElement on session 7924db1cdca3d9f58beaf776318b9ec1 to remote] protocol.RequestAddCookies 123 - CookieSpec selected: default
08-31-2019 12:58:14 RequestAuthCache.java DEBUG [Forwarding sendKeysToElement on session 7924db1cdca3d9f58beaf776318b9ec1 to remote] protocol.RequestAuthCache 77 - Auth cache not set in the context
08-31-2019 12:58:14 PoolingHttpClientConnectionManager.java DEBUG [Forwarding sendKeysToElement on session 7924db1cdca3d9f58beaf776318b9ec1 to remote] conn.PoolingHttpClientConnectionManager 255 - Connection request: [route: {}-&gt;http://localhost:20783][total kept alive: 1; route allocated: 1 of 2000; total allocated: 1 of 2000]
08-31-2019 12:58:14 PoolingHttpClientConnectionManager.java DEBUG [Forwarding sendKeysToElement on session 7924db1cdca3d9f58beaf776318b9ec1 to remote] conn.PoolingHttpClientConnectionManager 288 - Connection leased: [id: 3][route: {}-&gt;http://localhost:20783][total kept alive: 0; route allocated: 1 of 2000; total allocated: 1 of 2000]
08-31-2019 12:58:14 MainClientExec.java DEBUG [Forwarding sendKeysToElement on session 7924db1cdca3d9f58beaf776318b9ec1 to remote] execchain.MainClientExec 208 - Stale connection check
08-31-2019 12:58:14 Wire.java DEBUG [Forwarding sendKeysToElement on session 7924db1cdca3d9f58beaf776318b9ec1 to remote] http.wire 87 - http-outgoing-3 &lt;&lt; &quot;[read] I/O error: Read timed out&quot;
08-31-2019 12:58:14 LoggingManagedHttpClientConnection.java DEBUG [Forwarding sendKeysToElement on session 7924db1cdca3d9f58beaf776318b9ec1 to remote] conn.DefaultManagedHttpClientConnection 88 - http-outgoing-3: set socket timeout to 10800000
08-31-2019 12:58:14 MainClientExec.java DEBUG [Forwarding sendKeysToElement on session 7924db1cdca3d9f58beaf776318b9ec1 to remote] execchain.MainClientExec 256 - Executing request POST /session/7924db1cdca3d9f58beaf776318b9ec1/element/0f09e931-1cc9-467f-9288-58bbf9953ba1/value HTTP/1.1
08-31-2019 12:58:14 MainClientExec.java DEBUG [Forwarding sendKeysToElement on session 7924db1cdca3d9f58beaf776318b9ec1 to remote] execchain.MainClientExec 261 - Target auth state: UNCHALLENGED
08-31-2019 12:58:14 MainClientExec.java DEBUG [Forwarding sendKeysToElement on session 7924db1cdca3d9f58beaf776318b9ec1 to remote] execchain.MainClientExec 267 - Proxy auth state: UNCHALLENGED
08-31-2019 12:58:14 LoggingManagedHttpClientConnection.java DEBUG [Forwarding sendKeysToElement on session 7924db1cdca3d9f58beaf776318b9ec1 to remote] http.headers 133 - http-outgoing-3 &gt;&gt; POST /session/7924db1cdca3d9f58beaf776318b9ec1/element/0f09e931-1cc9-467f-9288-58bbf9953ba1/value HTTP/1.1
08-31-2019 12:58:14 LoggingManagedHttpClientConnection.java DEBUG [Forwarding sendKeysToElement on session 7924db1cdca3d9f58beaf776318b9ec1 to remote] http.headers 136 - http-outgoing-3 &gt;&gt; Content-Type: application/json; charset=utf-8
08-31-2019 12:58:14 LoggingManagedHttpClientConnection.java DEBUG [Forwarding sendKeysToElement on session 7924db1cdca3d9f58beaf776318b9ec1 to remote] http.headers 136 - http-outgoing-3 &gt;&gt; Content-Length: 105
08-31-2019 12:58:14 LoggingManagedHttpClientConnection.java DEBUG [Forwarding sendKeysToElement on session 7924db1cdca3d9f58beaf776318b9ec1 to remote] http.headers 136 - http-outgoing-3 &gt;&gt; Host: localhost:20783
08-31-2019 12:58:14 LoggingManagedHttpClientConnection.java DEBUG [Forwarding sendKeysToElement on session 7924db1cdca3d9f58beaf776318b9ec1 to remote] http.headers 136 - http-outgoing-3 &gt;&gt; Connection: Keep-Alive
08-31-2019 12:58:14 LoggingManagedHttpClientConnection.java DEBUG [Forwarding sendKeysToElement on session 7924db1cdca3d9f58beaf776318b9ec1 to remote] http.headers 136 - http-outgoing-3 &gt;&gt; User-Agent: Apache-HttpClient/4.5.3 (Java/1.8.0_221)
08-31-2019 12:58:14 LoggingManagedHttpClientConnection.java DEBUG [Forwarding sendKeysToElement on session 7924db1cdca3d9f58beaf776318b9ec1 to remote] http.headers 136 - http-outgoing-3 &gt;&gt; Accept-Encoding: gzip,deflate
08-31-2019 12:58:14 Wire.java DEBUG [Forwarding sendKeysToElement on session 7924db1cdca3d9f58beaf776318b9ec1 to remote] http.wire 73 - http-outgoing-3 &gt;&gt; &quot;POST /session/7924db1cdca3d9f58beaf776318b9ec1/element/0f09e931-1cc9-467f-9288-58bbf9953ba1/value HTTP/1.1[\r][\n]&quot;
08-31-2019 12:58:14 Wire.java DEBUG [Forwarding sendKeysToElement on session 7924db1cdca3d9f58beaf776318b9ec1 to remote] http.wire 73 - http-outgoing-3 &gt;&gt; &quot;Content-Type: application/json; charset=utf-8[\r][\n]&quot;
08-31-2019 12:58:14 Wire.java DEBUG [Forwarding sendKeysToElement on session 7924db1cdca3d9f58beaf776318b9ec1 to remote] http.wire 73 - http-outgoing-3 &gt;&gt; &quot;Content-Length: 105[\r][\n]&quot;
08-31-2019 12:58:14 Wire.java DEBUG [Forwarding sendKeysToElement on session 7924db1cdca3d9f58beaf776318b9ec1 to remote] http.wire 73 - http-outgoing-3 &gt;&gt; &quot;Host: localhost:20783[\r][\n]&quot;
08-31-2019 12:58:14 Wire.java DEBUG [Forwarding sendKeysToElement on session 7924db1cdca3d9f58beaf776318b9ec1 to remote] http.wire 73 - http-outgoing-3 &gt;&gt; &quot;Connection: Keep-Alive[\r][\n]&quot;
08-31-2019 12:58:14 Wire.java DEBUG [Forwarding sendKeysToElement on session 7924db1cdca3d9f58beaf776318b9ec1 to remote] http.wire 73 - http-outgoing-3 &gt;&gt; &quot;User-Agent: Apache-HttpClient/4.5.3 (Java/1.8.0_221)[\r][\n]&quot;
08-31-2019 12:58:14 Wire.java DEBUG [Forwarding sendKeysToElement on session 7924db1cdca3d9f58beaf776318b9ec1 to remote] http.wire 73 - http-outgoing-3 &gt;&gt; &quot;Accept-Encoding: gzip,deflate[\r][\n]&quot;
08-31-2019 12:58:14 Wire.java DEBUG [Forwarding sendKeysToElement on session 7924db1cdca3d9f58beaf776318b9ec1 to remote] http.wire 73 - http-outgoing-3 &gt;&gt; &quot;[\r][\n]&quot;
08-31-2019 12:58:14 Wire.java DEBUG [Forwarding sendKeysToElement on session 7924db1cdca3d9f58beaf776318b9ec1 to remote] http.wire 87 - http-outgoing-3 &gt;&gt; &quot;{&quot;id&quot;:&quot;0f09e931-1cc9-467f-9288-58bbf9953ba1&quot;,&quot;text&quot;:&quot;test@123&quot;,&quot;value&quot;:[&quot;t&quot;,&quot;e&quot;,&quot;s&quot;,&quot;t&quot;,&quot;@&quot;,&quot;1&quot;,&quot;2&quot;,&quot;3&quot;]}&quot;
08-31-2019 12:58:15 Wire.java DEBUG [Forwarding sendKeysToElement on session 7924db1cdca3d9f58beaf776318b9ec1 to remote] http.wire 73 - http-outgoing-3 &lt;&lt; &quot;HTTP/1.1 200 OK[\r][\n]&quot;
08-31-2019 12:58:15 Wire.java DEBUG [Forwarding sendKeysToElement on session 7924db1cdca3d9f58beaf776318b9ec1 to remote] http.wire 73 - http-outgoing-3 &lt;&lt; &quot;Content-Length:14[\r][\n]&quot;
08-31-2019 12:58:15 Wire.java DEBUG [Forwarding sendKeysToElement on session 7924db1cdca3d9f58beaf776318b9ec1 to remote] http.wire 73 - http-outgoing-3 &lt;&lt; &quot;Content-Type:application/json; charset=utf-8[\r][\n]&quot;
08-31-2019 12:58:15 Wire.java DEBUG [Forwarding sendKeysToElement on session 7924db1cdca3d9f58beaf776318b9ec1 to remote] http.wire 73 - http-outgoing-3 &lt;&lt; &quot;cache-control:no-cache[\r][\n]&quot;
08-31-2019 12:58:15 Wire.java DEBUG [Forwarding sendKeysToElement on session 7924db1cdca3d9f58beaf776318b9ec1 to remote] http.wire 73 - http-outgoing-3 &lt;&lt; &quot;[\r][\n]&quot;
08-31-2019 12:58:15 Wire.java DEBUG [Forwarding sendKeysToElement on session 7924db1cdca3d9f58beaf776318b9ec1 to remote] http.wire 87 - http-outgoing-3 &lt;&lt; &quot;{&quot;value&quot;:null}&quot;
08-31-2019 12:58:15 LoggingManagedHttpClientConnection.java DEBUG [Forwarding sendKeysToElement on session 7924db1cdca3d9f58beaf776318b9ec1 to remote] http.headers 122 - http-outgoing-3 &lt;&lt; HTTP/1.1 200 OK
08-31-2019 12:58:15 LoggingManagedHttpClientConnection.java DEBUG [Forwarding sendKeysToElement on session 7924db1cdca3d9f58beaf776318b9ec1 to remote] http.headers 125 - http-outgoing-3 &lt;&lt; Content-Length:14
08-31-2019 12:58:15 LoggingManagedHttpClientConnection.java DEBUG [Forwarding sendKeysToElement on session 7924db1cdca3d9f58beaf776318b9ec1 to remote] http.headers 125 - http-outgoing-3 &lt;&lt; Content-Type:application/json; charset=utf-8
08-31-2019 12:58:15 LoggingManagedHttpClientConnection.java DEBUG [Forwarding sendKeysToElement on session 7924db1cdca3d9f58beaf776318b9ec1 to remote] http.headers 125 - http-outgoing-3 &lt;&lt; cache-control:no-cache
08-31-2019 12:58:15 MainClientExec.java DEBUG [Forwarding sendKeysToElement on session 7924db1cdca3d9f58beaf776318b9ec1 to remote] execchain.MainClientExec 285 - Connection can be kept alive indefinitely
08-31-2019 12:58:15 PoolingHttpClientConnectionManager.java DEBUG [Forwarding sendKeysToElement on session 7924db1cdca3d9f58beaf776318b9ec1 to remote] conn.PoolingHttpClientConnectionManager 320 - Connection [id: 3][route: {}-&gt;http://localhost:20783] can be kept alive indefinitely
08-31-2019 12:58:15 PoolingHttpClientConnectionManager.java DEBUG [Forwarding sendKeysToElement on session 7924db1cdca3d9f58beaf776318b9ec1 to remote] conn.PoolingHttpClientConnectionManager 326 - Connection released: [id: 3][route: {}-&gt;http://localhost:20783][total kept alive: 1; route allocated: 1 of 2000; total allocated: 1 of 2000]
Trying to find Element By : By.xpath: //input[@type=&apos;submit&apos;]
08-31-2019 12:58:35 RequestAddCookies.java DEBUG [Forwarding findElement on session 7924db1cdca3d9f58beaf776318b9ec1 to remote] protocol.RequestAddCookies 123 - CookieSpec selected: default
08-31-2019 12:58:35 RequestAuthCache.java DEBUG [Forwarding findElement on session 7924db1cdca3d9f58beaf776318b9ec1 to remote] protocol.RequestAuthCache 77 - Auth cache not set in the context
08-31-2019 12:58:35 PoolingHttpClientConnectionManager.java DEBUG [Forwarding findElement on session 7924db1cdca3d9f58beaf776318b9ec1 to remote] conn.PoolingHttpClientConnectionManager 255 - Connection request: [route: {}-&gt;http://localhost:20783][total kept alive: 1; route allocated: 1 of 2000; total allocated: 1 of 2000]
08-31-2019 12:58:35 Wire.java DEBUG [Forwarding findElement on session 7924db1cdca3d9f58beaf776318b9ec1 to remote] http.wire 87 - http-outgoing-3 &lt;&lt; &quot;[read] I/O error: Read timed out&quot;
08-31-2019 12:58:35 PoolingHttpClientConnectionManager.java DEBUG [Forwarding findElement on session 7924db1cdca3d9f58beaf776318b9ec1 to remote] conn.PoolingHttpClientConnectionManager 288 - Connection leased: [id: 3][route: {}-&gt;http://localhost:20783][total kept alive: 0; route allocated: 1 of 2000; total allocated: 1 of 2000]
08-31-2019 12:58:35 MainClientExec.java DEBUG [Forwarding findElement on session 7924db1cdca3d9f58beaf776318b9ec1 to remote] execchain.MainClientExec 208 - Stale connection check
08-31-2019 12:58:35 Wire.java DEBUG [Forwarding findElement on session 7924db1cdca3d9f58beaf776318b9ec1 to remote] http.wire 87 - http-outgoing-3 &lt;&lt; &quot;[read] I/O error: Read timed out&quot;
08-31-2019 12:58:35 LoggingManagedHttpClientConnection.java DEBUG [Forwarding findElement on session 7924db1cdca3d9f58beaf776318b9ec1 to remote] conn.DefaultManagedHttpClientConnection 88 - http-outgoing-3: set socket timeout to 10800000
08-31-2019 12:58:35 MainClientExec.java DEBUG [Forwarding findElement on session 7924db1cdca3d9f58beaf776318b9ec1 to remote] execchain.MainClientExec 256 - Executing request POST /session/7924db1cdca3d9f58beaf776318b9ec1/element HTTP/1.1
08-31-2019 12:58:35 MainClientExec.java DEBUG [Forwarding findElement on session 7924db1cdca3d9f58beaf776318b9ec1 to remote] execchain.MainClientExec 261 - Target auth state: UNCHALLENGED
08-31-2019 12:58:35 MainClientExec.java DEBUG [Forwarding findElement on session 7924db1cdca3d9f58beaf776318b9ec1 to remote] execchain.MainClientExec 267 - Proxy auth state: UNCHALLENGED
08-31-2019 12:58:35 LoggingManagedHttpClientConnection.java DEBUG [Forwarding findElement on session 7924db1cdca3d9f58beaf776318b9ec1 to remote] http.headers 133 - http-outgoing-3 &gt;&gt; POST /session/7924db1cdca3d9f58beaf776318b9ec1/element HTTP/1.1
08-31-2019 12:58:35 LoggingManagedHttpClientConnection.java DEBUG [Forwarding findElement on session 7924db1cdca3d9f58beaf776318b9ec1 to remote] http.headers 136 - http-outgoing-3 &gt;&gt; Content-Type: application/json; charset=utf-8
08-31-2019 12:58:35 LoggingManagedHttpClientConnection.java DEBUG [Forwarding findElement on session 7924db1cdca3d9f58beaf776318b9ec1 to remote] http.headers 136 - http-outgoing-3 &gt;&gt; Content-Length: 51
08-31-2019 12:58:35 LoggingManagedHttpClientConnection.java DEBUG [Forwarding findElement on session 7924db1cdca3d9f58beaf776318b9ec1 to remote] http.headers 136 - http-outgoing-3 &gt;&gt; Host: localhost:20783
08-31-2019 12:58:35 LoggingManagedHttpClientConnection.java DEBUG [Forwarding findElement on session 7924db1cdca3d9f58beaf776318b9ec1 to remote] http.headers 136 - http-outgoing-3 &gt;&gt; Connection: Keep-Alive
08-31-2019 12:58:35 LoggingManagedHttpClientConnection.java DEBUG [Forwarding findElement on session 7924db1cdca3d9f58beaf776318b9ec1 to remote] http.headers 136 - http-outgoing-3 &gt;&gt; User-Agent: Apache-HttpClient/4.5.3 (Java/1.8.0_221)
08-31-2019 12:58:35 LoggingManagedHttpClientConnection.java DEBUG [Forwarding findElement on session 7924db1cdca3d9f58beaf776318b9ec1 to remote] http.headers 136 - http-outgoing-3 &gt;&gt; Accept-Encoding: gzip,deflate
08-31-2019 12:58:35 Wire.java DEBUG [Forwarding findElement on session 7924db1cdca3d9f58beaf776318b9ec1 to remote] http.wire 73 - http-outgoing-3 &gt;&gt; &quot;POST /session/7924db1cdca3d9f58beaf776318b9ec1/element HTTP/1.1[\r][\n]&quot;
08-31-2019 12:58:35 Wire.java DEBUG [Forwarding findElement on session 7924db1cdca3d9f58beaf776318b9ec1 to remote] http.wire 73 - http-outgoing-3 &gt;&gt; &quot;Content-Type: application/json; charset=utf-8[\r][\n]&quot;
08-31-2019 12:58:35 Wire.java DEBUG [Forwarding findElement on session 7924db1cdca3d9f58beaf776318b9ec1 to remote] http.wire 73 - http-outgoing-3 &gt;&gt; &quot;Content-Length: 51[\r][\n]&quot;
08-31-2019 12:58:35 Wire.java DEBUG [Forwarding findElement on session 7924db1cdca3d9f58beaf776318b9ec1 to remote] http.wire 73 - http-outgoing-3 &gt;&gt; &quot;Host: localhost:20783[\r][\n]&quot;
08-31-2019 12:58:35 Wire.java DEBUG [Forwarding findElement on session 7924db1cdca3d9f58beaf776318b9ec1 to remote] http.wire 73 - http-outgoing-3 &gt;&gt; &quot;Connection: Keep-Alive[\r][\n]&quot;
08-31-2019 12:58:35 Wire.java DEBUG [Forwarding findElement on session 7924db1cdca3d9f58beaf776318b9ec1 to remote] http.wire 73 - http-outgoing-3 &gt;&gt; &quot;User-Agent: Apache-HttpClient/4.5.3 (Java/1.8.0_221)[\r][\n]&quot;
08-31-2019 12:58:35 Wire.java DEBUG [Forwarding findElement on session 7924db1cdca3d9f58beaf776318b9ec1 to remote] http.wire 73 - http-outgoing-3 &gt;&gt; &quot;Accept-Encoding: gzip,deflate[\r][\n]&quot;
08-31-2019 12:58:35 Wire.java DEBUG [Forwarding findElement on session 7924db1cdca3d9f58beaf776318b9ec1 to remote] http.wire 73 - http-outgoing-3 &gt;&gt; &quot;[\r][\n]&quot;
08-31-2019 12:58:35 Wire.java DEBUG [Forwarding findElement on session 7924db1cdca3d9f58beaf776318b9ec1 to remote] http.wire 87 - http-outgoing-3 &gt;&gt; &quot;{&quot;value&quot;:&quot;//input[@type=&apos;submit&apos;]&quot;,&quot;using&quot;:&quot;xpath&quot;}&quot;
08-31-2019 12:58:35 Wire.java DEBUG [Forwarding findElement on session 7924db1cdca3d9f58beaf776318b9ec1 to remote] http.wire 73 - http-outgoing-3 &lt;&lt; &quot;HTTP/1.1 200 OK[\r][\n]&quot;
08-31-2019 12:58:35 Wire.java DEBUG [Forwarding findElement on session 7924db1cdca3d9f58beaf776318b9ec1 to remote] http.wire 73 - http-outgoing-3 &lt;&lt; &quot;Content-Length:88[\r][\n]&quot;
08-31-2019 12:58:35 Wire.java DEBUG [Forwarding findElement on session 7924db1cdca3d9f58beaf776318b9ec1 to remote] http.wire 73 - http-outgoing-3 &lt;&lt; &quot;Content-Type:application/json; charset=utf-8[\r][\n]&quot;
08-31-2019 12:58:35 Wire.java DEBUG [Forwarding findElement on session 7924db1cdca3d9f58beaf776318b9ec1 to remote] http.wire 73 - http-outgoing-3 &lt;&lt; &quot;cache-control:no-cache[\r][\n]&quot;
08-31-2019 12:58:35 Wire.java DEBUG [Forwarding findElement on session 7924db1cdca3d9f58beaf776318b9ec1 to remote] http.wire 73 - http-outgoing-3 &lt;&lt; &quot;[\r][\n]&quot;
08-31-2019 12:58:35 Wire.java DEBUG [Forwarding findElement on session 7924db1cdca3d9f58beaf776318b9ec1 to remote] http.wire 87 - http-outgoing-3 &lt;&lt; &quot;{&quot;value&quot;:{&quot;element-6066-11e4-a52e-4f735466cecf&quot;:&quot;b4c4736a-5a14-4281-9a29-b7407de632be&quot;}}&quot;
08-31-2019 12:58:35 LoggingManagedHttpClientConnection.java DEBUG [Forwarding findElement on session 7924db1cdca3d9f58beaf776318b9ec1 to remote] http.headers 122 - http-outgoing-3 &lt;&lt; HTTP/1.1 200 OK
08-31-2019 12:58:35 LoggingManagedHttpClientConnection.java DEBUG [Forwarding findElement on session 7924db1cdca3d9f58beaf776318b9ec1 to remote] http.headers 125 - http-outgoing-3 &lt;&lt; Content-Length:88
08-31-2019 12:58:35 LoggingManagedHttpClientConnection.java DEBUG [Forwarding findElement on session 7924db1cdca3d9f58beaf776318b9ec1 to remote] http.headers 125 - http-outgoing-3 &lt;&lt; Content-Type:application/json; charset=utf-8
08-31-2019 12:58:35 LoggingManagedHttpClientConnection.java DEBUG [Forwarding findElement on session 7924db1cdca3d9f58beaf776318b9ec1 to remote] http.headers 125 - http-outgoing-3 &lt;&lt; cache-control:no-cache
08-31-2019 12:58:35 MainClientExec.java DEBUG [Forwarding findElement on session 7924db1cdca3d9f58beaf776318b9ec1 to remote] execchain.MainClientExec 285 - Connection can be kept alive indefinitely
08-31-2019 12:58:35 PoolingHttpClientConnectionManager.java DEBUG [Forwarding findElement on session 7924db1cdca3d9f58beaf776318b9ec1 to remote] conn.PoolingHttpClientConnectionManager 320 - Connection [id: 3][route: {}-&gt;http://localhost:20783] can be kept alive indefinitely
08-31-2019 12:58:35 PoolingHttpClientConnectionManager.java DEBUG [Forwarding findElement on session 7924db1cdca3d9f58beaf776318b9ec1 to remote] conn.PoolingHttpClientConnectionManager 326 - Connection released: [id: 3][route: {}-&gt;http://localhost:20783][total kept alive: 1; route allocated: 1 of 2000; total allocated: 1 of 2000]
Found Element By : By.xpath: //input[@type=&apos;submit&apos;]
Trying to click on: [[ChromeDriver: chrome on XP (7924db1cdca3d9f58beaf776318b9ec1)] -&gt; xpath: //input[@type=&apos;submit&apos;]]
08-31-2019 12:58:35 RequestAddCookies.java DEBUG [Forwarding clickElement on session 7924db1cdca3d9f58beaf776318b9ec1 to remote] protocol.RequestAddCookies 123 - CookieSpec selected: default
08-31-2019 12:58:35 RequestAuthCache.java DEBUG [Forwarding clickElement on session 7924db1cdca3d9f58beaf776318b9ec1 to remote] protocol.RequestAuthCache 77 - Auth cache not set in the context
08-31-2019 12:58:35 PoolingHttpClientConnectionManager.java DEBUG [Forwarding clickElement on session 7924db1cdca3d9f58beaf776318b9ec1 to remote] conn.PoolingHttpClientConnectionManager 255 - Connection request: [route: {}-&gt;http://localhost:20783][total kept alive: 1; route allocated: 1 of 2000; total allocated: 1 of 2000]
08-31-2019 12:58:35 PoolingHttpClientConnectionManager.java DEBUG [Forwarding clickElement on session 7924db1cdca3d9f58beaf776318b9ec1 to remote] conn.PoolingHttpClientConnectionManager 288 - Connection leased: [id: 3][route: {}-&gt;http://localhost:20783][total kept alive: 0; route allocated: 1 of 2000; total allocated: 1 of 2000]
08-31-2019 12:58:35 MainClientExec.java DEBUG [Forwarding clickElement on session 7924db1cdca3d9f58beaf776318b9ec1 to remote] execchain.MainClientExec 208 - Stale connection check
08-31-2019 12:58:35 Wire.java DEBUG [Forwarding clickElement on session 7924db1cdca3d9f58beaf776318b9ec1 to remote] http.wire 87 - http-outgoing-3 &lt;&lt; &quot;[read] I/O error: Read timed out&quot;
08-31-2019 12:58:35 LoggingManagedHttpClientConnection.java DEBUG [Forwarding clickElement on session 7924db1cdca3d9f58beaf776318b9ec1 to remote] conn.DefaultManagedHttpClientConnection 88 - http-outgoing-3: set socket timeout to 10800000
08-31-2019 12:58:35 MainClientExec.java DEBUG [Forwarding clickElement on session 7924db1cdca3d9f58beaf776318b9ec1 to remote] execchain.MainClientExec 256 - Executing request POST /session/7924db1cdca3d9f58beaf776318b9ec1/element/b4c4736a-5a14-4281-9a29-b7407de632be/click HTTP/1.1
08-31-2019 12:58:35 MainClientExec.java DEBUG [Forwarding clickElement on session 7924db1cdca3d9f58beaf776318b9ec1 to remote] execchain.MainClientExec 261 - Target auth state: UNCHALLENGED
08-31-2019 12:58:35 MainClientExec.java DEBUG [Forwarding clickElement on session 7924db1cdca3d9f58beaf776318b9ec1 to remote] execchain.MainClientExec 267 - Proxy auth state: UNCHALLENGED
08-31-2019 12:58:35 LoggingManagedHttpClientConnection.java DEBUG [Forwarding clickElement on session 7924db1cdca3d9f58beaf776318b9ec1 to remote] http.headers 133 - http-outgoing-3 &gt;&gt; POST /session/7924db1cdca3d9f58beaf776318b9ec1/element/b4c4736a-5a14-4281-9a29-b7407de632be/click HTTP/1.1
08-31-2019 12:58:35 LoggingManagedHttpClientConnection.java DEBUG [Forwarding clickElement on session 7924db1cdca3d9f58beaf776318b9ec1 to remote] http.headers 136 - http-outgoing-3 &gt;&gt; Content-Type: application/json; charset=utf-8
08-31-2019 12:58:35 LoggingManagedHttpClientConnection.java DEBUG [Forwarding clickElement on session 7924db1cdca3d9f58beaf776318b9ec1 to remote] http.headers 136 - http-outgoing-3 &gt;&gt; Content-Length: 45
08-31-2019 12:58:35 LoggingManagedHttpClientConnection.java DEBUG [Forwarding clickElement on session 7924db1cdca3d9f58beaf776318b9ec1 to remote] http.headers 136 - http-outgoing-3 &gt;&gt; Host: localhost:20783
08-31-2019 12:58:35 LoggingManagedHttpClientConnection.java DEBUG [Forwarding clickElement on session 7924db1cdca3d9f58beaf776318b9ec1 to remote] http.headers 136 - http-outgoing-3 &gt;&gt; Connection: Keep-Alive
08-31-2019 12:58:35 LoggingManagedHttpClientConnection.java DEBUG [Forwarding clickElement on session 7924db1cdca3d9f58beaf776318b9ec1 to remote] http.headers 136 - http-outgoing-3 &gt;&gt; User-Agent: Apache-HttpClient/4.5.3 (Java/1.8.0_221)
08-31-2019 12:58:35 LoggingManagedHttpClientConnection.java DEBUG [Forwarding clickElement on session 7924db1cdca3d9f58beaf776318b9ec1 to remote] http.headers 136 - http-outgoing-3 &gt;&gt; Accept-Encoding: gzip,deflate
08-31-2019 12:58:35 Wire.java DEBUG [Forwarding clickElement on session 7924db1cdca3d9f58beaf776318b9ec1 to remote] http.wire 73 - http-outgoing-3 &gt;&gt; &quot;POST /session/7924db1cdca3d9f58beaf776318b9ec1/element/b4c4736a-5a14-4281-9a29-b7407de632be/click HTTP/1.1[\r][\n]&quot;
08-31-2019 12:58:35 Wire.java DEBUG [Forwarding clickElement on session 7924db1cdca3d9f58beaf776318b9ec1 to remote] http.wire 73 - http-outgoing-3 &gt;&gt; &quot;Content-Type: application/json; charset=utf-8[\r][\n]&quot;
08-31-2019 12:58:35 Wire.java DEBUG [Forwarding clickElement on session 7924db1cdca3d9f58beaf776318b9ec1 to remote] http.wire 73 - http-outgoing-3 &gt;&gt; &quot;Content-Length: 45[\r][\n]&quot;
08-31-2019 12:58:35 Wire.java DEBUG [Forwarding clickElement on session 7924db1cdca3d9f58beaf776318b9ec1 to remote] http.wire 73 - http-outgoing-3 &gt;&gt; &quot;Host: localhost:20783[\r][\n]&quot;
08-31-2019 12:58:35 Wire.java DEBUG [Forwarding clickElement on session 7924db1cdca3d9f58beaf776318b9ec1 to remote] http.wire 73 - http-outgoing-3 &gt;&gt; &quot;Connection: Keep-Alive[\r][\n]&quot;
08-31-2019 12:58:35 Wire.java DEBUG [Forwarding clickElement on session 7924db1cdca3d9f58beaf776318b9ec1 to remote] http.wire 73 - http-outgoing-3 &gt;&gt; &quot;User-Agent: Apache-HttpClient/4.5.3 (Java/1.8.0_221)[\r][\n]&quot;
08-31-2019 12:58:35 Wire.java DEBUG [Forwarding clickElement on session 7924db1cdca3d9f58beaf776318b9ec1 to remote] http.wire 73 - http-outgoing-3 &gt;&gt; &quot;Accept-Encoding: gzip,deflate[\r][\n]&quot;
08-31-2019 12:58:35 Wire.java DEBUG [Forwarding clickElement on session 7924db1cdca3d9f58beaf776318b9ec1 to remote] http.wire 73 - http-outgoing-3 &gt;&gt; &quot;[\r][\n]&quot;
08-31-2019 12:58:35 Wire.java DEBUG [Forwarding clickElement on session 7924db1cdca3d9f58beaf776318b9ec1 to remote] http.wire 87 - http-outgoing-3 &gt;&gt; &quot;{&quot;id&quot;:&quot;b4c4736a-5a14-4281-9a29-b7407de632be&quot;}&quot;
08-31-2019 12:58:49 Wire.java DEBUG [Forwarding clickElement on session 7924db1cdca3d9f58beaf776318b9ec1 to remote] http.wire 73 - http-outgoing-3 &lt;&lt; &quot;HTTP/1.1 200 OK[\r][\n]&quot;
08-31-2019 12:58:49 Wire.java DEBUG [Forwarding clickElement on session 7924db1cdca3d9f58beaf776318b9ec1 to remote] http.wire 73 - http-outgoing-3 &lt;&lt; &quot;Content-Length:14[\r][\n]&quot;
08-31-2019 12:58:49 Wire.java DEBUG [Forwarding clickElement on session 7924db1cdca3d9f58beaf776318b9ec1 to remote] http.wire 73 - http-outgoing-3 &lt;&lt; &quot;Content-Type:application/json; charset=utf-8[\r][\n]&quot;
08-31-2019 12:58:49 Wire.java DEBUG [Forwarding clickElement on session 7924db1cdca3d9f58beaf776318b9ec1 to remote] http.wire 73 - http-outgoing-3 &lt;&lt; &quot;cache-control:no-cache[\r][\n]&quot;
08-31-2019 12:58:49 Wire.java DEBUG [Forwarding clickElement on session 7924db1cdca3d9f58beaf776318b9ec1 to remote] http.wire 73 - http-outgoing-3 &lt;&lt; &quot;[\r][\n]&quot;
08-31-2019 12:58:49 Wire.java DEBUG [Forwarding clickElement on session 7924db1cdca3d9f58beaf776318b9ec1 to remote] http.wire 87 - http-outgoing-3 &lt;&lt; &quot;{&quot;value&quot;:null}&quot;
08-31-2019 12:58:49 LoggingManagedHttpClientConnection.java DEBUG [Forwarding clickElement on session 7924db1cdca3d9f58beaf776318b9ec1 to remote] http.headers 122 - http-outgoing-3 &lt;&lt; HTTP/1.1 200 OK
08-31-2019 12:58:49 LoggingManagedHttpClientConnection.java DEBUG [Forwarding clickElement on session 7924db1cdca3d9f58beaf776318b9ec1 to remote] http.headers 125 - http-outgoing-3 &lt;&lt; Content-Length:14
08-31-2019 12:58:49 LoggingManagedHttpClientConnection.java DEBUG [Forwarding clickElement on session 7924db1cdca3d9f58beaf776318b9ec1 to remote] http.headers 125 - http-outgoing-3 &lt;&lt; Content-Type:application/json; charset=utf-8
08-31-2019 12:58:49 LoggingManagedHttpClientConnection.java DEBUG [Forwarding clickElement on session 7924db1cdca3d9f58beaf776318b9ec1 to remote] http.headers 125 - http-outgoing-3 &lt;&lt; cache-control:no-cache
08-31-2019 12:58:49 MainClientExec.java DEBUG [Forwarding clickElement on session 7924db1cdca3d9f58beaf776318b9ec1 to remote] execchain.MainClientExec 285 - Connection can be kept alive indefinitely
08-31-2019 12:58:49 PoolingHttpClientConnectionManager.java DEBUG [Forwarding clickElement on session 7924db1cdca3d9f58beaf776318b9ec1 to remote] conn.PoolingHttpClientConnectionManager 320 - Connection [id: 3][route: {}-&gt;http://localhost:20783] can be kept alive indefinitely
08-31-2019 12:58:49 PoolingHttpClientConnectionManager.java DEBUG [Forwarding clickElement on session 7924db1cdca3d9f58beaf776318b9ec1 to remote] conn.PoolingHttpClientConnectionManager 326 - Connection released: [id: 3][route: {}-&gt;http://localhost:20783][total kept alive: 1; route allocated: 1 of 2000; total allocated: 1 of 2000]
Clicked on: [[ChromeDriver: chrome on XP (7924db1cdca3d9f58beaf776318b9ec1)] -&gt; xpath: //input[@type=&apos;submit&apos;]]
08-31-2019 12:58:49 RequestAddCookies.java DEBUG [Forwarding findElements on session 7924db1cdca3d9f58beaf776318b9ec1 to remote] protocol.RequestAddCookies 123 - CookieSpec selected: default
08-31-2019 12:58:49 RequestAuthCache.java DEBUG [Forwarding findElements on session 7924db1cdca3d9f58beaf776318b9ec1 to remote] protocol.RequestAuthCache 77 - Auth cache not set in the context
08-31-2019 12:58:49 PoolingHttpClientConnectionManager.java DEBUG [Forwarding findElements on session 7924db1cdca3d9f58beaf776318b9ec1 to remote] conn.PoolingHttpClientConnectionManager 255 - Connection request: [route: {}-&gt;http://localhost:20783][total kept alive: 1; route allocated: 1 of 2000; total allocated: 1 of 2000]
08-31-2019 12:58:49 PoolingHttpClientConnectionManager.java DEBUG [Forwarding findElements on session 7924db1cdca3d9f58beaf776318b9ec1 to remote] conn.PoolingHttpClientConnectionManager 288 - Connection leased: [id: 3][route: {}-&gt;http://localhost:20783][total kept alive: 0; route allocated: 1 of 2000; total allocated: 1 of 2000]
08-31-2019 12:58:49 MainClientExec.java DEBUG [Forwarding findElements on session 7924db1cdca3d9f58beaf776318b9ec1 to remote] execchain.MainClientExec 208 - Stale connection check
08-31-2019 12:58:49 Wire.java DEBUG [Forwarding findElements on session 7924db1cdca3d9f58beaf776318b9ec1 to remote] http.wire 87 - http-outgoing-3 &lt;&lt; &quot;[read] I/O error: Read timed out&quot;
08-31-2019 12:58:49 LoggingManagedHttpClientConnection.java DEBUG [Forwarding findElements on session 7924db1cdca3d9f58beaf776318b9ec1 to remote] conn.DefaultManagedHttpClientConnection 88 - http-outgoing-3: set socket timeout to 10800000
08-31-2019 12:58:49 MainClientExec.java DEBUG [Forwarding findElements on session 7924db1cdca3d9f58beaf776318b9ec1 to remote] execchain.MainClientExec 256 - Executing request POST /session/7924db1cdca3d9f58beaf776318b9ec1/elements HTTP/1.1
08-31-2019 12:58:49 MainClientExec.java DEBUG [Forwarding findElements on session 7924db1cdca3d9f58beaf776318b9ec1 to remote] execchain.MainClientExec 261 - Target auth state: UNCHALLENGED
08-31-2019 12:58:49 MainClientExec.java DEBUG [Forwarding findElements on session 7924db1cdca3d9f58beaf776318b9ec1 to remote] execchain.MainClientExec 267 - Proxy auth state: UNCHALLENGED
08-31-2019 12:58:49 LoggingManagedHttpClientConnection.java DEBUG [Forwarding findElements on session 7924db1cdca3d9f58beaf776318b9ec1 to remote] http.headers 133 - http-outgoing-3 &gt;&gt; POST /session/7924db1cdca3d9f58beaf776318b9ec1/elements HTTP/1.1
08-31-2019 12:58:49 LoggingManagedHttpClientConnection.java DEBUG [Forwarding findElements on session 7924db1cdca3d9f58beaf776318b9ec1 to remote] http.headers 136 - http-outgoing-3 &gt;&gt; Content-Type: application/json; charset=utf-8
08-31-2019 12:58:49 LoggingManagedHttpClientConnection.java DEBUG [Forwarding findElements on session 7924db1cdca3d9f58beaf776318b9ec1 to remote] http.headers 136 - http-outgoing-3 &gt;&gt; Content-Length: 83
08-31-2019 12:58:49 LoggingManagedHttpClientConnection.java DEBUG [Forwarding findElements on session 7924db1cdca3d9f58beaf776318b9ec1 to remote] http.headers 136 - http-outgoing-3 &gt;&gt; Host: localhost:20783
08-31-2019 12:58:49 LoggingManagedHttpClientConnection.java DEBUG [Forwarding findElements on session 7924db1cdca3d9f58beaf776318b9ec1 to remote] http.headers 136 - http-outgoing-3 &gt;&gt; Connection: Keep-Alive
08-31-2019 12:58:49 LoggingManagedHttpClientConnection.java DEBUG [Forwarding findElements on session 7924db1cdca3d9f58beaf776318b9ec1 to remote] http.headers 136 - http-outgoing-3 &gt;&gt; User-Agent: Apache-HttpClient/4.5.3 (Java/1.8.0_221)
08-31-2019 12:58:49 LoggingManagedHttpClientConnection.java DEBUG [Forwarding findElements on session 7924db1cdca3d9f58beaf776318b9ec1 to remote] http.headers 136 - http-outgoing-3 &gt;&gt; Accept-Encoding: gzip,deflate
08-31-2019 12:58:49 Wire.java DEBUG [Forwarding findElements on session 7924db1cdca3d9f58beaf776318b9ec1 to remote] http.wire 73 - http-outgoing-3 &gt;&gt; &quot;POST /session/7924db1cdca3d9f58beaf776318b9ec1/elements HTTP/1.1[\r][\n]&quot;
08-31-2019 12:58:49 Wire.java DEBUG [Forwarding findElements on session 7924db1cdca3d9f58beaf776318b9ec1 to remote] http.wire 73 - http-outgoing-3 &gt;&gt; &quot;Content-Type: application/json; charset=utf-8[\r][\n]&quot;
08-31-2019 12:58:49 Wire.java DEBUG [Forwarding findElements on session 7924db1cdca3d9f58beaf776318b9ec1 to remote] http.wire 73 - http-outgoing-3 &gt;&gt; &quot;Content-Length: 83[\r][\n]&quot;
08-31-2019 12:58:49 Wire.java DEBUG [Forwarding findElements on session 7924db1cdca3d9f58beaf776318b9ec1 to remote] http.wire 73 - http-outgoing-3 &gt;&gt; &quot;Host: localhost:20783[\r][\n]&quot;
08-31-2019 12:58:49 Wire.java DEBUG [Forwarding findElements on session 7924db1cdca3d9f58beaf776318b9ec1 to remote] http.wire 73 - http-outgoing-3 &gt;&gt; &quot;Connection: Keep-Alive[\r][\n]&quot;
08-31-2019 12:58:49 Wire.java DEBUG [Forwarding findElements on session 7924db1cdca3d9f58beaf776318b9ec1 to remote] http.wire 73 - http-outgoing-3 &gt;&gt; &quot;User-Agent: Apache-HttpClient/4.5.3 (Java/1.8.0_221)[\r][\n]&quot;
08-31-2019 12:58:49 Wire.java DEBUG [Forwarding findElements on session 7924db1cdca3d9f58beaf776318b9ec1 to remote] http.wire 73 - http-outgoing-3 &gt;&gt; &quot;Accept-Encoding: gzip,deflate[\r][\n]&quot;
08-31-2019 12:58:49 Wire.java DEBUG [Forwarding findElements on session 7924db1cdca3d9f58beaf776318b9ec1 to remote] http.wire 73 - http-outgoing-3 &gt;&gt; &quot;[\r][\n]&quot;
08-31-2019 12:58:49 Wire.java DEBUG [Forwarding findElements on session 7924db1cdca3d9f58beaf776318b9ec1 to remote] http.wire 87 - http-outgoing-3 &gt;&gt; &quot;{&quot;value&quot;:&quot;frame[name=&apos;mainpanel&apos;],iframe[name=&apos;mainpanel&apos;]&quot;,&quot;using&quot;:&quot;css selector&quot;}&quot;
08-31-2019 12:58:50 Wire.java DEBUG [Forwarding findElements on session 7924db1cdca3d9f58beaf776318b9ec1 to remote] http.wire 73 - http-outgoing-3 &lt;&lt; &quot;HTTP/1.1 200 OK[\r][\n]&quot;
08-31-2019 12:58:50 Wire.java DEBUG [Forwarding findElements on session 7924db1cdca3d9f58beaf776318b9ec1 to remote] http.wire 73 - http-outgoing-3 &lt;&lt; &quot;Content-Length:90[\r][\n]&quot;
08-31-2019 12:58:50 Wire.java DEBUG [Forwarding findElements on session 7924db1cdca3d9f58beaf776318b9ec1 to remote] http.wire 73 - http-outgoing-3 &lt;&lt; &quot;Content-Type:application/json; charset=utf-8[\r][\n]&quot;
08-31-2019 12:58:50 Wire.java DEBUG [Forwarding findElements on session 7924db1cdca3d9f58beaf776318b9ec1 to remote] http.wire 73 - http-outgoing-3 &lt;&lt; &quot;cache-control:no-cache[\r][\n]&quot;
08-31-2019 12:58:50 Wire.java DEBUG [Forwarding findElements on session 7924db1cdca3d9f58beaf776318b9ec1 to remote] http.wire 73 - http-outgoing-3 &lt;&lt; &quot;[\r][\n]&quot;
08-31-2019 12:58:50 Wire.java DEBUG [Forwarding findElements on session 7924db1cdca3d9f58beaf776318b9ec1 to remote] http.wire 87 - http-outgoing-3 &lt;&lt; &quot;{&quot;value&quot;:[{&quot;element-6066-11e4-a52e-4f735466cecf&quot;:&quot;fcd22ff8-81c1-487b-a0cd-e14043d63d31&quot;}]}&quot;
08-31-2019 12:58:50 LoggingManagedHttpClientConnection.java DEBUG [Forwarding findElements on session 7924db1cdca3d9f58beaf776318b9ec1 to remote] http.headers 122 - http-outgoing-3 &lt;&lt; HTTP/1.1 200 OK
08-31-2019 12:58:50 LoggingManagedHttpClientConnection.java DEBUG [Forwarding findElements on session 7924db1cdca3d9f58beaf776318b9ec1 to remote] http.headers 125 - http-outgoing-3 &lt;&lt; Content-Length:90
08-31-2019 12:58:50 LoggingManagedHttpClientConnection.java DEBUG [Forwarding findElements on session 7924db1cdca3d9f58beaf776318b9ec1 to remote] http.headers 125 - http-outgoing-3 &lt;&lt; Content-Type:application/json; charset=utf-8
08-31-2019 12:58:50 LoggingManagedHttpClientConnection.java DEBUG [Forwarding findElements on session 7924db1cdca3d9f58beaf776318b9ec1 to remote] http.headers 125 - http-outgoing-3 &lt;&lt; cache-control:no-cache
08-31-2019 12:58:50 MainClientExec.java DEBUG [Forwarding findElements on session 7924db1cdca3d9f58beaf776318b9ec1 to remote] execchain.MainClientExec 285 - Connection can be kept alive indefinitely
08-31-2019 12:58:50 PoolingHttpClientConnectionManager.java DEBUG [Forwarding findElements on session 7924db1cdca3d9f58beaf776318b9ec1 to remote] conn.PoolingHttpClientConnectionManager 320 - Connection [id: 3][route: {}-&gt;http://localhost:20783] can be kept alive indefinitely
08-31-2019 12:58:50 PoolingHttpClientConnectionManager.java DEBUG [Forwarding findElements on session 7924db1cdca3d9f58beaf776318b9ec1 to remote] conn.PoolingHttpClientConnectionManager 326 - Connection released: [id: 3][route: {}-&gt;http://localhost:20783][total kept alive: 1; route allocated: 1 of 2000; total allocated: 1 of 2000]
08-31-2019 12:58:50 RequestAddCookies.java DEBUG [Forwarding switchToFrame on session 7924db1cdca3d9f58beaf776318b9ec1 to remote] protocol.RequestAddCookies 123 - CookieSpec selected: default
08-31-2019 12:58:50 RequestAuthCache.java DEBUG [Forwarding switchToFrame on session 7924db1cdca3d9f58beaf776318b9ec1 to remote] protocol.RequestAuthCache 77 - Auth cache not set in the context
08-31-2019 12:58:50 PoolingHttpClientConnectionManager.java DEBUG [Forwarding switchToFrame on session 7924db1cdca3d9f58beaf776318b9ec1 to remote] conn.PoolingHttpClientConnectionManager 255 - Connection request: [route: {}-&gt;http://localhost:20783][total kept alive: 1; route allocated: 1 of 2000; total allocated: 1 of 2000]
08-31-2019 12:58:50 PoolingHttpClientConnectionManager.java DEBUG [Forwarding switchToFrame on session 7924db1cdca3d9f58beaf776318b9ec1 to remote] conn.PoolingHttpClientConnectionManager 288 - Connection leased: [id: 3][route: {}-&gt;http://localhost:20783][total kept alive: 0; route allocated: 1 of 2000; total allocated: 1 of 2000]
08-31-2019 12:58:50 MainClientExec.java DEBUG [Forwarding switchToFrame on session 7924db1cdca3d9f58beaf776318b9ec1 to remote] execchain.MainClientExec 208 - Stale connection check
08-31-2019 12:58:50 Wire.java DEBUG [Forwarding switchToFrame on session 7924db1cdca3d9f58beaf776318b9ec1 to remote] http.wire 87 - http-outgoing-3 &lt;&lt; &quot;[read] I/O error: Read timed out&quot;
08-31-2019 12:58:50 LoggingManagedHttpClientConnection.java DEBUG [Forwarding switchToFrame on session 7924db1cdca3d9f58beaf776318b9ec1 to remote] conn.DefaultManagedHttpClientConnection 88 - http-outgoing-3: set socket timeout to 10800000
08-31-2019 12:58:50 MainClientExec.java DEBUG [Forwarding switchToFrame on session 7924db1cdca3d9f58beaf776318b9ec1 to remote] execchain.MainClientExec 256 - Executing request POST /session/7924db1cdca3d9f58beaf776318b9ec1/frame HTTP/1.1
08-31-2019 12:58:50 MainClientExec.java DEBUG [Forwarding switchToFrame on session 7924db1cdca3d9f58beaf776318b9ec1 to remote] execchain.MainClientExec 261 - Target auth state: UNCHALLENGED
08-31-2019 12:58:50 MainClientExec.java DEBUG [Forwarding switchToFrame on session 7924db1cdca3d9f58beaf776318b9ec1 to remote] execchain.MainClientExec 267 - Proxy auth state: UNCHALLENGED
08-31-2019 12:58:50 LoggingManagedHttpClientConnection.java DEBUG [Forwarding switchToFrame on session 7924db1cdca3d9f58beaf776318b9ec1 to remote] http.headers 133 - http-outgoing-3 &gt;&gt; POST /session/7924db1cdca3d9f58beaf776318b9ec1/frame HTTP/1.1
08-31-2019 12:58:50 LoggingManagedHttpClientConnection.java DEBUG [Forwarding switchToFrame on session 7924db1cdca3d9f58beaf776318b9ec1 to remote] http.headers 136 - http-outgoing-3 &gt;&gt; Content-Type: application/json; charset=utf-8
08-31-2019 12:58:50 LoggingManagedHttpClientConnection.java DEBUG [Forwarding switchToFrame on session 7924db1cdca3d9f58beaf776318b9ec1 to remote] http.headers 136 - http-outgoing-3 &gt;&gt; Content-Length: 134
08-31-2019 12:58:50 LoggingManagedHttpClientConnection.java DEBUG [Forwarding switchToFrame on session 7924db1cdca3d9f58beaf776318b9ec1 to remote] http.headers 136 - http-outgoing-3 &gt;&gt; Host: localhost:20783
08-31-2019 12:58:50 LoggingManagedHttpClientConnection.java DEBUG [Forwarding switchToFrame on session 7924db1cdca3d9f58beaf776318b9ec1 to remote] http.headers 136 - http-outgoing-3 &gt;&gt; Connection: Keep-Alive
08-31-2019 12:58:50 LoggingManagedHttpClientConnection.java DEBUG [Forwarding switchToFrame on session 7924db1cdca3d9f58beaf776318b9ec1 to remote] http.headers 136 - http-outgoing-3 &gt;&gt; User-Agent: Apache-HttpClient/4.5.3 (Java/1.8.0_221)
08-31-2019 12:58:50 LoggingManagedHttpClientConnection.java DEBUG [Forwarding switchToFrame on session 7924db1cdca3d9f58beaf776318b9ec1 to remote] http.headers 136 - http-outgoing-3 &gt;&gt; Accept-Encoding: gzip,deflate
08-31-2019 12:58:50 Wire.java DEBUG [Forwarding switchToFrame on session 7924db1cdca3d9f58beaf776318b9ec1 to remote] http.wire 73 - http-outgoing-3 &gt;&gt; &quot;POST /session/7924db1cdca3d9f58beaf776318b9ec1/frame HTTP/1.1[\r][\n]&quot;
08-31-2019 12:58:50 Wire.java DEBUG [Forwarding switchToFrame on session 7924db1cdca3d9f58beaf776318b9ec1 to remote] http.wire 73 - http-outgoing-3 &gt;&gt; &quot;Content-Type: application/json; charset=utf-8[\r][\n]&quot;
08-31-2019 12:58:50 Wire.java DEBUG [Forwarding switchToFrame on session 7924db1cdca3d9f58beaf776318b9ec1 to remote] http.wire 73 - http-outgoing-3 &gt;&gt; &quot;Content-Length: 134[\r][\n]&quot;
08-31-2019 12:58:50 Wire.java DEBUG [Forwarding switchToFrame on session 7924db1cdca3d9f58beaf776318b9ec1 to remote] http.wire 73 - http-outgoing-3 &gt;&gt; &quot;Host: localhost:20783[\r][\n]&quot;
08-31-2019 12:58:50 Wire.java DEBUG [Forwarding switchToFrame on session 7924db1cdca3d9f58beaf776318b9ec1 to remote] http.wire 73 - http-outgoing-3 &gt;&gt; &quot;Connection: Keep-Alive[\r][\n]&quot;
08-31-2019 12:58:50 Wire.java DEBUG [Forwarding switchToFrame on session 7924db1cdca3d9f58beaf776318b9ec1 to remote] http.wire 73 - http-outgoing-3 &gt;&gt; &quot;User-Agent: Apache-HttpClient/4.5.3 (Java/1.8.0_221)[\r][\n]&quot;
08-31-2019 12:58:50 Wire.java DEBUG [Forwarding switchToFrame on session 7924db1cdca3d9f58beaf776318b9ec1 to remote] http.wire 73 - http-outgoing-3 &gt;&gt; &quot;Accept-Encoding: gzip,deflate[\r][\n]&quot;
08-31-2019 12:58:50 Wire.java DEBUG [Forwarding switchToFrame on session 7924db1cdca3d9f58beaf776318b9ec1 to remote] http.wire 73 - http-outgoing-3 &gt;&gt; &quot;[\r][\n]&quot;
08-31-2019 12:58:50 Wire.java DEBUG [Forwarding switchToFrame on session 7924db1cdca3d9f58beaf776318b9ec1 to remote] http.wire 87 - http-outgoing-3 &gt;&gt; &quot;{&quot;id&quot;:{&quot;ELEMENT&quot;:&quot;fcd22ff8-81c1-487b-a0cd-e14043d63d31&quot;,&quot;element-6066-11e4-a52e-4f735466cecf&quot;:&quot;fcd22ff8-81c1-487b-a0cd-e14043d63d31&quot;}}&quot;
08-31-2019 12:58:50 Wire.java DEBUG [Forwarding switchToFrame on session 7924db1cdca3d9f58beaf776318b9ec1 to remote] http.wire 73 - http-outgoing-3 &lt;&lt; &quot;HTTP/1.1 200 OK[\r][\n]&quot;
08-31-2019 12:58:50 Wire.java DEBUG [Forwarding switchToFrame on session 7924db1cdca3d9f58beaf776318b9ec1 to remote] http.wire 73 - http-outgoing-3 &lt;&lt; &quot;Content-Length:14[\r][\n]&quot;
08-31-2019 12:58:50 Wire.java DEBUG [Forwarding switchToFrame on session 7924db1cdca3d9f58beaf776318b9ec1 to remote] http.wire 73 - http-outgoing-3 &lt;&lt; &quot;Content-Type:application/json; charset=utf-8[\r][\n]&quot;
08-31-2019 12:58:50 Wire.java DEBUG [Forwarding switchToFrame on session 7924db1cdca3d9f58beaf776318b9ec1 to remote] http.wire 73 - http-outgoing-3 &lt;&lt; &quot;cache-control:no-cache[\r][\n]&quot;
08-31-2019 12:58:50 Wire.java DEBUG [Forwarding switchToFrame on session 7924db1cdca3d9f58beaf776318b9ec1 to remote] http.wire 73 - http-outgoing-3 &lt;&lt; &quot;[\r][\n]&quot;
08-31-2019 12:58:50 Wire.java DEBUG [Forwarding switchToFrame on session 7924db1cdca3d9f58beaf776318b9ec1 to remote] http.wire 87 - http-outgoing-3 &lt;&lt; &quot;{&quot;value&quot;:null}&quot;
08-31-2019 12:58:50 LoggingManagedHttpClientConnection.java DEBUG [Forwarding switchToFrame on session 7924db1cdca3d9f58beaf776318b9ec1 to remote] http.headers 122 - http-outgoing-3 &lt;&lt; HTTP/1.1 200 OK
08-31-2019 12:58:50 LoggingManagedHttpClientConnection.java DEBUG [Forwarding switchToFrame on session 7924db1cdca3d9f58beaf776318b9ec1 to remote] http.headers 125 - http-outgoing-3 &lt;&lt; Content-Length:14
08-31-2019 12:58:50 LoggingManagedHttpClientConnection.java DEBUG [Forwarding switchToFrame on session 7924db1cdca3d9f58beaf776318b9ec1 to remote] http.headers 125 - http-outgoing-3 &lt;&lt; Content-Type:application/json; charset=utf-8
08-31-2019 12:58:50 LoggingManagedHttpClientConnection.java DEBUG [Forwarding switchToFrame on session 7924db1cdca3d9f58beaf776318b9ec1 to remote] http.headers 125 - http-outgoing-3 &lt;&lt; cache-control:no-cache
08-31-2019 12:58:50 MainClientExec.java DEBUG [Forwarding switchToFrame on session 7924db1cdca3d9f58beaf776318b9ec1 to remote] execchain.MainClientExec 285 - Connection can be kept alive indefinitely
08-31-2019 12:58:50 PoolingHttpClientConnectionManager.java DEBUG [Forwarding switchToFrame on session 7924db1cdca3d9f58beaf776318b9ec1 to remote] conn.PoolingHttpClientConnectionManager 320 - Connection [id: 3][route: {}-&gt;http://localhost:20783] can be kept alive indefinitely
08-31-2019 12:58:50 PoolingHttpClientConnectionManager.java DEBUG [Forwarding switchToFrame on session 7924db1cdca3d9f58beaf776318b9ec1 to remote] conn.PoolingHttpClientConnectionManager 326 - Connection released: [id: 3][route: {}-&gt;http://localhost:20783][total kept alive: 1; route allocated: 1 of 2000; total allocated: 1 of 2000]
Trying to find Element By : By.xpath: //a[contains(text(),&apos;Contacts&apos;)]
08-31-2019 12:58:50 RequestAddCookies.java DEBUG [Forwarding findElement on session 7924db1cdca3d9f58beaf776318b9ec1 to remote] protocol.RequestAddCookies 123 - CookieSpec selected: default
08-31-2019 12:58:50 RequestAuthCache.java DEBUG [Forwarding findElement on session 7924db1cdca3d9f58beaf776318b9ec1 to remote] protocol.RequestAuthCache 77 - Auth cache not set in the context
08-31-2019 12:58:50 PoolingHttpClientConnectionManager.java DEBUG [Forwarding findElement on session 7924db1cdca3d9f58beaf776318b9ec1 to remote] conn.PoolingHttpClientConnectionManager 255 - Connection request: [route: {}-&gt;http://localhost:20783][total kept alive: 1; route allocated: 1 of 2000; total allocated: 1 of 2000]
08-31-2019 12:58:50 PoolingHttpClientConnectionManager.java DEBUG [Forwarding findElement on session 7924db1cdca3d9f58beaf776318b9ec1 to remote] conn.PoolingHttpClientConnectionManager 288 - Connection leased: [id: 3][route: {}-&gt;http://localhost:20783][total kept alive: 0; route allocated: 1 of 2000; total allocated: 1 of 2000]
08-31-2019 12:58:50 MainClientExec.java DEBUG [Forwarding findElement on session 7924db1cdca3d9f58beaf776318b9ec1 to remote] execchain.MainClientExec 208 - Stale connection check
08-31-2019 12:58:50 Wire.java DEBUG [Forwarding findElement on session 7924db1cdca3d9f58beaf776318b9ec1 to remote] http.wire 87 - http-outgoing-3 &lt;&lt; &quot;[read] I/O error: Read timed out&quot;
08-31-2019 12:58:50 LoggingManagedHttpClientConnection.java DEBUG [Forwarding findElement on session 7924db1cdca3d9f58beaf776318b9ec1 to remote] conn.DefaultManagedHttpClientConnection 88 - http-outgoing-3: set socket timeout to 10800000
08-31-2019 12:58:50 MainClientExec.java DEBUG [Forwarding findElement on session 7924db1cdca3d9f58beaf776318b9ec1 to remote] execchain.MainClientExec 256 - Executing request POST /session/7924db1cdca3d9f58beaf776318b9ec1/element HTTP/1.1
08-31-2019 12:58:50 MainClientExec.java DEBUG [Forwarding findElement on session 7924db1cdca3d9f58beaf776318b9ec1 to remote] execchain.MainClientExec 261 - Target auth state: UNCHALLENGED
08-31-2019 12:58:50 MainClientExec.java DEBUG [Forwarding findElement on session 7924db1cdca3d9f58beaf776318b9ec1 to remote] execchain.MainClientExec 267 - Proxy auth state: UNCHALLENGED
08-31-2019 12:58:50 LoggingManagedHttpClientConnection.java DEBUG [Forwarding findElement on session 7924db1cdca3d9f58beaf776318b9ec1 to remote] http.headers 133 - http-outgoing-3 &gt;&gt; POST /session/7924db1cdca3d9f58beaf776318b9ec1/element HTTP/1.1
08-31-2019 12:58:50 LoggingManagedHttpClientConnection.java DEBUG [Forwarding findElement on session 7924db1cdca3d9f58beaf776318b9ec1 to remote] http.headers 136 - http-outgoing-3 &gt;&gt; Content-Type: application/json; charset=utf-8
08-31-2019 12:58:50 LoggingManagedHttpClientConnection.java DEBUG [Forwarding findElement on session 7924db1cdca3d9f58beaf776318b9ec1 to remote] http.headers 136 - http-outgoing-3 &gt;&gt; Content-Length: 60
08-31-2019 12:58:50 LoggingManagedHttpClientConnection.java DEBUG [Forwarding findElement on session 7924db1cdca3d9f58beaf776318b9ec1 to remote] http.headers 136 - http-outgoing-3 &gt;&gt; Host: localhost:20783
08-31-2019 12:58:50 LoggingManagedHttpClientConnection.java DEBUG [Forwarding findElement on session 7924db1cdca3d9f58beaf776318b9ec1 to remote] http.headers 136 - http-outgoing-3 &gt;&gt; Connection: Keep-Alive
08-31-2019 12:58:50 LoggingManagedHttpClientConnection.java DEBUG [Forwarding findElement on session 7924db1cdca3d9f58beaf776318b9ec1 to remote] http.headers 136 - http-outgoing-3 &gt;&gt; User-Agent: Apache-HttpClient/4.5.3 (Java/1.8.0_221)
08-31-2019 12:58:50 LoggingManagedHttpClientConnection.java DEBUG [Forwarding findElement on session 7924db1cdca3d9f58beaf776318b9ec1 to remote] http.headers 136 - http-outgoing-3 &gt;&gt; Accept-Encoding: gzip,deflate
08-31-2019 12:58:50 Wire.java DEBUG [Forwarding findElement on session 7924db1cdca3d9f58beaf776318b9ec1 to remote] http.wire 73 - http-outgoing-3 &gt;&gt; &quot;POST /session/7924db1cdca3d9f58beaf776318b9ec1/element HTTP/1.1[\r][\n]&quot;
08-31-2019 12:58:50 Wire.java DEBUG [Forwarding findElement on session 7924db1cdca3d9f58beaf776318b9ec1 to remote] http.wire 73 - http-outgoing-3 &gt;&gt; &quot;Content-Type: application/json; charset=utf-8[\r][\n]&quot;
08-31-2019 12:58:50 Wire.java DEBUG [Forwarding findElement on session 7924db1cdca3d9f58beaf776318b9ec1 to remote] http.wire 73 - http-outgoing-3 &gt;&gt; &quot;Content-Length: 60[\r][\n]&quot;
08-31-2019 12:58:50 Wire.java DEBUG [Forwarding findElement on session 7924db1cdca3d9f58beaf776318b9ec1 to remote] http.wire 73 - http-outgoing-3 &gt;&gt; &quot;Host: localhost:20783[\r][\n]&quot;
08-31-2019 12:58:50 Wire.java DEBUG [Forwarding findElement on session 7924db1cdca3d9f58beaf776318b9ec1 to remote] http.wire 73 - http-outgoing-3 &gt;&gt; &quot;Connection: Keep-Alive[\r][\n]&quot;
08-31-2019 12:58:50 Wire.java DEBUG [Forwarding findElement on session 7924db1cdca3d9f58beaf776318b9ec1 to remote] http.wire 73 - http-outgoing-3 &gt;&gt; &quot;User-Agent: Apache-HttpClient/4.5.3 (Java/1.8.0_221)[\r][\n]&quot;
08-31-2019 12:58:50 Wire.java DEBUG [Forwarding findElement on session 7924db1cdca3d9f58beaf776318b9ec1 to remote] http.wire 73 - http-outgoing-3 &gt;&gt; &quot;Accept-Encoding: gzip,deflate[\r][\n]&quot;
08-31-2019 12:58:50 Wire.java DEBUG [Forwarding findElement on session 7924db1cdca3d9f58beaf776318b9ec1 to remote] http.wire 73 - http-outgoing-3 &gt;&gt; &quot;[\r][\n]&quot;
08-31-2019 12:58:50 Wire.java DEBUG [Forwarding findElement on session 7924db1cdca3d9f58beaf776318b9ec1 to remote] http.wire 87 - http-outgoing-3 &gt;&gt; &quot;{&quot;value&quot;:&quot;//a[contains(text(),&apos;Contacts&apos;)]&quot;,&quot;using&quot;:&quot;xpath&quot;}&quot;
08-31-2019 12:58:50 Wire.java DEBUG [Forwarding findElement on session 7924db1cdca3d9f58beaf776318b9ec1 to remote] http.wire 73 - http-outgoing-3 &lt;&lt; &quot;HTTP/1.1 200 OK[\r][\n]&quot;
08-31-2019 12:58:50 Wire.java DEBUG [Forwarding findElement on session 7924db1cdca3d9f58beaf776318b9ec1 to remote] http.wire 73 - http-outgoing-3 &lt;&lt; &quot;Content-Length:88[\r][\n]&quot;
08-31-2019 12:58:50 Wire.java DEBUG [Forwarding findElement on session 7924db1cdca3d9f58beaf776318b9ec1 to remote] http.wire 73 - http-outgoing-3 &lt;&lt; &quot;Content-Type:application/json; charset=utf-8[\r][\n]&quot;
08-31-2019 12:58:50 Wire.java DEBUG [Forwarding findElement on session 7924db1cdca3d9f58beaf776318b9ec1 to remote] http.wire 73 - http-outgoing-3 &lt;&lt; &quot;cache-control:no-cache[\r][\n]&quot;
08-31-2019 12:58:50 Wire.java DEBUG [Forwarding findElement on session 7924db1cdca3d9f58beaf776318b9ec1 to remote] http.wire 73 - http-outgoing-3 &lt;&lt; &quot;[\r][\n]&quot;
08-31-2019 12:58:50 Wire.java DEBUG [Forwarding findElement on session 7924db1cdca3d9f58beaf776318b9ec1 to remote] http.wire 87 - http-outgoing-3 &lt;&lt; &quot;{&quot;value&quot;:{&quot;element-6066-11e4-a52e-4f735466cecf&quot;:&quot;56469063-cd1c-4f7c-9abd-c1a27bf11ff0&quot;}}&quot;
08-31-2019 12:58:50 LoggingManagedHttpClientConnection.java DEBUG [Forwarding findElement on session 7924db1cdca3d9f58beaf776318b9ec1 to remote] http.headers 122 - http-outgoing-3 &lt;&lt; HTTP/1.1 200 OK
08-31-2019 12:58:50 LoggingManagedHttpClientConnection.java DEBUG [Forwarding findElement on session 7924db1cdca3d9f58beaf776318b9ec1 to remote] http.headers 125 - http-outgoing-3 &lt;&lt; Content-Length:88
08-31-2019 12:58:50 LoggingManagedHttpClientConnection.java DEBUG [Forwarding findElement on session 7924db1cdca3d9f58beaf776318b9ec1 to remote] http.headers 125 - http-outgoing-3 &lt;&lt; Content-Type:application/json; charset=utf-8
08-31-2019 12:58:50 LoggingManagedHttpClientConnection.java DEBUG [Forwarding findElement on session 7924db1cdca3d9f58beaf776318b9ec1 to remote] http.headers 125 - http-outgoing-3 &lt;&lt; cache-control:no-cache
08-31-2019 12:58:50 MainClientExec.java DEBUG [Forwarding findElement on session 7924db1cdca3d9f58beaf776318b9ec1 to remote] execchain.MainClientExec 285 - Connection can be kept alive indefinitely
08-31-2019 12:58:50 PoolingHttpClientConnectionManager.java DEBUG [Forwarding findElement on session 7924db1cdca3d9f58beaf776318b9ec1 to remote] conn.PoolingHttpClientConnectionManager 320 - Connection [id: 3][route: {}-&gt;http://localhost:20783] can be kept alive indefinitely
08-31-2019 12:58:50 PoolingHttpClientConnectionManager.java DEBUG [Forwarding findElement on session 7924db1cdca3d9f58beaf776318b9ec1 to remote] conn.PoolingHttpClientConnectionManager 326 - Connection released: [id: 3][route: {}-&gt;http://localhost:20783][total kept alive: 1; route allocated: 1 of 2000; total allocated: 1 of 2000]
Found Element By : By.xpath: //a[contains(text(),&apos;Contacts&apos;)]
Trying to click on: [[ChromeDriver: chrome on XP (7924db1cdca3d9f58beaf776318b9ec1)] -&gt; xpath: //a[contains(text(),&apos;Contacts&apos;)]]
08-31-2019 12:58:50 RequestAddCookies.java DEBUG [Forwarding clickElement on session 7924db1cdca3d9f58beaf776318b9ec1 to remote] protocol.RequestAddCookies 123 - CookieSpec selected: default
08-31-2019 12:58:50 RequestAuthCache.java DEBUG [Forwarding clickElement on session 7924db1cdca3d9f58beaf776318b9ec1 to remote] protocol.RequestAuthCache 77 - Auth cache not set in the context
08-31-2019 12:58:50 PoolingHttpClientConnectionManager.java DEBUG [Forwarding clickElement on session 7924db1cdca3d9f58beaf776318b9ec1 to remote] conn.PoolingHttpClientConnectionManager 255 - Connection request: [route: {}-&gt;http://localhost:20783][total kept alive: 1; route allocated: 1 of 2000; total allocated: 1 of 2000]
08-31-2019 12:58:50 PoolingHttpClientConnectionManager.java DEBUG [Forwarding clickElement on session 7924db1cdca3d9f58beaf776318b9ec1 to remote] conn.PoolingHttpClientConnectionManager 288 - Connection leased: [id: 3][route: {}-&gt;http://localhost:20783][total kept alive: 0; route allocated: 1 of 2000; total allocated: 1 of 2000]
08-31-2019 12:58:50 MainClientExec.java DEBUG [Forwarding clickElement on session 7924db1cdca3d9f58beaf776318b9ec1 to remote] execchain.MainClientExec 208 - Stale connection check
08-31-2019 12:58:50 Wire.java DEBUG [Forwarding clickElement on session 7924db1cdca3d9f58beaf776318b9ec1 to remote] http.wire 87 - http-outgoing-3 &lt;&lt; &quot;[read] I/O error: Read timed out&quot;
08-31-2019 12:58:50 LoggingManagedHttpClientConnection.java DEBUG [Forwarding clickElement on session 7924db1cdca3d9f58beaf776318b9ec1 to remote] conn.DefaultManagedHttpClientConnection 88 - http-outgoing-3: set socket timeout to 10800000
08-31-2019 12:58:50 MainClientExec.java DEBUG [Forwarding clickElement on session 7924db1cdca3d9f58beaf776318b9ec1 to remote] execchain.MainClientExec 256 - Executing request POST /session/7924db1cdca3d9f58beaf776318b9ec1/element/56469063-cd1c-4f7c-9abd-c1a27bf11ff0/click HTTP/1.1
08-31-2019 12:58:50 MainClientExec.java DEBUG [Forwarding clickElement on session 7924db1cdca3d9f58beaf776318b9ec1 to remote] execchain.MainClientExec 261 - Target auth state: UNCHALLENGED
08-31-2019 12:58:50 MainClientExec.java DEBUG [Forwarding clickElement on session 7924db1cdca3d9f58beaf776318b9ec1 to remote] execchain.MainClientExec 267 - Proxy auth state: UNCHALLENGED
08-31-2019 12:58:50 LoggingManagedHttpClientConnection.java DEBUG [Forwarding clickElement on session 7924db1cdca3d9f58beaf776318b9ec1 to remote] http.headers 133 - http-outgoing-3 &gt;&gt; POST /session/7924db1cdca3d9f58beaf776318b9ec1/element/56469063-cd1c-4f7c-9abd-c1a27bf11ff0/click HTTP/1.1
08-31-2019 12:58:50 LoggingManagedHttpClientConnection.java DEBUG [Forwarding clickElement on session 7924db1cdca3d9f58beaf776318b9ec1 to remote] http.headers 136 - http-outgoing-3 &gt;&gt; Content-Type: application/json; charset=utf-8
08-31-2019 12:58:50 LoggingManagedHttpClientConnection.java DEBUG [Forwarding clickElement on session 7924db1cdca3d9f58beaf776318b9ec1 to remote] http.headers 136 - http-outgoing-3 &gt;&gt; Content-Length: 45
08-31-2019 12:58:50 LoggingManagedHttpClientConnection.java DEBUG [Forwarding clickElement on session 7924db1cdca3d9f58beaf776318b9ec1 to remote] http.headers 136 - http-outgoing-3 &gt;&gt; Host: localhost:20783
08-31-2019 12:58:50 LoggingManagedHttpClientConnection.java DEBUG [Forwarding clickElement on session 7924db1cdca3d9f58beaf776318b9ec1 to remote] http.headers 136 - http-outgoing-3 &gt;&gt; Connection: Keep-Alive
08-31-2019 12:58:50 LoggingManagedHttpClientConnection.java DEBUG [Forwarding clickElement on session 7924db1cdca3d9f58beaf776318b9ec1 to remote] http.headers 136 - http-outgoing-3 &gt;&gt; User-Agent: Apache-HttpClient/4.5.3 (Java/1.8.0_221)
08-31-2019 12:58:50 LoggingManagedHttpClientConnection.java DEBUG [Forwarding clickElement on session 7924db1cdca3d9f58beaf776318b9ec1 to remote] http.headers 136 - http-outgoing-3 &gt;&gt; Accept-Encoding: gzip,deflate
08-31-2019 12:58:50 Wire.java DEBUG [Forwarding clickElement on session 7924db1cdca3d9f58beaf776318b9ec1 to remote] http.wire 73 - http-outgoing-3 &gt;&gt; &quot;POST /session/7924db1cdca3d9f58beaf776318b9ec1/element/56469063-cd1c-4f7c-9abd-c1a27bf11ff0/click HTTP/1.1[\r][\n]&quot;
08-31-2019 12:58:50 Wire.java DEBUG [Forwarding clickElement on session 7924db1cdca3d9f58beaf776318b9ec1 to remote] http.wire 73 - http-outgoing-3 &gt;&gt; &quot;Content-Type: application/json; charset=utf-8[\r][\n]&quot;
08-31-2019 12:58:50 Wire.java DEBUG [Forwarding clickElement on session 7924db1cdca3d9f58beaf776318b9ec1 to remote] http.wire 73 - http-outgoing-3 &gt;&gt; &quot;Content-Length: 45[\r][\n]&quot;
08-31-2019 12:58:50 Wire.java DEBUG [Forwarding clickElement on session 7924db1cdca3d9f58beaf776318b9ec1 to remote] http.wire 73 - http-outgoing-3 &gt;&gt; &quot;Host: localhost:20783[\r][\n]&quot;
08-31-2019 12:58:50 Wire.java DEBUG [Forwarding clickElement on session 7924db1cdca3d9f58beaf776318b9ec1 to remote] http.wire 73 - http-outgoing-3 &gt;&gt; &quot;Connection: Keep-Alive[\r][\n]&quot;
08-31-2019 12:58:50 Wire.java DEBUG [Forwarding clickElement on session 7924db1cdca3d9f58beaf776318b9ec1 to remote] http.wire 73 - http-outgoing-3 &gt;&gt; &quot;User-Agent: Apache-HttpClient/4.5.3 (Java/1.8.0_221)[\r][\n]&quot;
08-31-2019 12:58:50 Wire.java DEBUG [Forwarding clickElement on session 7924db1cdca3d9f58beaf776318b9ec1 to remote] http.wire 73 - http-outgoing-3 &gt;&gt; &quot;Accept-Encoding: gzip,deflate[\r][\n]&quot;
08-31-2019 12:58:50 Wire.java DEBUG [Forwarding clickElement on session 7924db1cdca3d9f58beaf776318b9ec1 to remote] http.wire 73 - http-outgoing-3 &gt;&gt; &quot;[\r][\n]&quot;
08-31-2019 12:58:50 Wire.java DEBUG [Forwarding clickElement on session 7924db1cdca3d9f58beaf776318b9ec1 to remote] http.wire 87 - http-outgoing-3 &gt;&gt; &quot;{&quot;id&quot;:&quot;56469063-cd1c-4f7c-9abd-c1a27bf11ff0&quot;}&quot;
08-31-2019 12:58:52 Wire.java DEBUG [Forwarding clickElement on session 7924db1cdca3d9f58beaf776318b9ec1 to remote] http.wire 73 - http-outgoing-3 &lt;&lt; &quot;HTTP/1.1 200 OK[\r][\n]&quot;
08-31-2019 12:58:52 Wire.java DEBUG [Forwarding clickElement on session 7924db1cdca3d9f58beaf776318b9ec1 to remote] http.wire 73 - http-outgoing-3 &lt;&lt; &quot;Content-Length:14[\r][\n]&quot;
08-31-2019 12:58:52 Wire.java DEBUG [Forwarding clickElement on session 7924db1cdca3d9f58beaf776318b9ec1 to remote] http.wire 73 - http-outgoing-3 &lt;&lt; &quot;Content-Type:application/json; charset=utf-8[\r][\n]&quot;
08-31-2019 12:58:52 Wire.java DEBUG [Forwarding clickElement on session 7924db1cdca3d9f58beaf776318b9ec1 to remote] http.wire 73 - http-outgoing-3 &lt;&lt; &quot;cache-control:no-cache[\r][\n]&quot;
08-31-2019 12:58:52 Wire.java DEBUG [Forwarding clickElement on session 7924db1cdca3d9f58beaf776318b9ec1 to remote] http.wire 73 - http-outgoing-3 &lt;&lt; &quot;[\r][\n]&quot;
08-31-2019 12:58:52 Wire.java DEBUG [Forwarding clickElement on session 7924db1cdca3d9f58beaf776318b9ec1 to remote] http.wire 87 - http-outgoing-3 &lt;&lt; &quot;{&quot;value&quot;:null}&quot;
08-31-2019 12:58:52 LoggingManagedHttpClientConnection.java DEBUG [Forwarding clickElement on session 7924db1cdca3d9f58beaf776318b9ec1 to remote] http.headers 122 - http-outgoing-3 &lt;&lt; HTTP/1.1 200 OK
08-31-2019 12:58:52 LoggingManagedHttpClientConnection.java DEBUG [Forwarding clickElement on session 7924db1cdca3d9f58beaf776318b9ec1 to remote] http.headers 125 - http-outgoing-3 &lt;&lt; Content-Length:14
08-31-2019 12:58:52 LoggingManagedHttpClientConnection.java DEBUG [Forwarding clickElement on session 7924db1cdca3d9f58beaf776318b9ec1 to remote] http.headers 125 - http-outgoing-3 &lt;&lt; Content-Type:application/json; charset=utf-8
08-31-2019 12:58:52 LoggingManagedHttpClientConnection.java DEBUG [Forwarding clickElement on session 7924db1cdca3d9f58beaf776318b9ec1 to remote] http.headers 125 - http-outgoing-3 &lt;&lt; cache-control:no-cache
08-31-2019 12:58:52 MainClientExec.java DEBUG [Forwarding clickElement on session 7924db1cdca3d9f58beaf776318b9ec1 to remote] execchain.MainClientExec 285 - Connection can be kept alive indefinitely
08-31-2019 12:58:52 PoolingHttpClientConnectionManager.java DEBUG [Forwarding clickElement on session 7924db1cdca3d9f58beaf776318b9ec1 to remote] conn.PoolingHttpClientConnectionManager 320 - Connection [id: 3][route: {}-&gt;http://localhost:20783] can be kept alive indefinitely
08-31-2019 12:58:52 PoolingHttpClientConnectionManager.java DEBUG [Forwarding clickElement on session 7924db1cdca3d9f58beaf776318b9ec1 to remote] conn.PoolingHttpClientConnectionManager 326 - Connection released: [id: 3][route: {}-&gt;http://localhost:20783][total kept alive: 1; route allocated: 1 of 2000; total allocated: 1 of 2000]
Clicked on: [[ChromeDriver: chrome on XP (7924db1cdca3d9f58beaf776318b9ec1)] -&gt; xpath: //a[contains(text(),&apos;Contacts&apos;)]]
Trying to find Element By : By.xpath: //a[contains(text(),&apos;Contacts&apos;)]
08-31-2019 12:58:52 RequestAddCookies.java DEBUG [Forwarding findElement on session 7924db1cdca3d9f58beaf776318b9ec1 to remote] protocol.RequestAddCookies 123 - CookieSpec selected: default
08-31-2019 12:58:52 RequestAuthCache.java DEBUG [Forwarding findElement on session 7924db1cdca3d9f58beaf776318b9ec1 to remote] protocol.RequestAuthCache 77 - Auth cache not set in the context
08-31-2019 12:58:52 PoolingHttpClientConnectionManager.java DEBUG [Forwarding findElement on session 7924db1cdca3d9f58beaf776318b9ec1 to remote] conn.PoolingHttpClientConnectionManager 255 - Connection request: [route: {}-&gt;http://localhost:20783][total kept alive: 1; route allocated: 1 of 2000; total allocated: 1 of 2000]
08-31-2019 12:58:52 PoolingHttpClientConnectionManager.java DEBUG [Forwarding findElement on session 7924db1cdca3d9f58beaf776318b9ec1 to remote] conn.PoolingHttpClientConnectionManager 288 - Connection leased: [id: 3][route: {}-&gt;http://localhost:20783][total kept alive: 0; route allocated: 1 of 2000; total allocated: 1 of 2000]
08-31-2019 12:58:52 MainClientExec.java DEBUG [Forwarding findElement on session 7924db1cdca3d9f58beaf776318b9ec1 to remote] execchain.MainClientExec 208 - Stale connection check
08-31-2019 12:58:52 Wire.java DEBUG [Forwarding findElement on session 7924db1cdca3d9f58beaf776318b9ec1 to remote] http.wire 87 - http-outgoing-3 &lt;&lt; &quot;[read] I/O error: Read timed out&quot;
08-31-2019 12:58:52 LoggingManagedHttpClientConnection.java DEBUG [Forwarding findElement on session 7924db1cdca3d9f58beaf776318b9ec1 to remote] conn.DefaultManagedHttpClientConnection 88 - http-outgoing-3: set socket timeout to 10800000
08-31-2019 12:58:52 MainClientExec.java DEBUG [Forwarding findElement on session 7924db1cdca3d9f58beaf776318b9ec1 to remote] execchain.MainClientExec 256 - Executing request POST /session/7924db1cdca3d9f58beaf776318b9ec1/element HTTP/1.1
08-31-2019 12:58:52 MainClientExec.java DEBUG [Forwarding findElement on session 7924db1cdca3d9f58beaf776318b9ec1 to remote] execchain.MainClientExec 261 - Target auth state: UNCHALLENGED
08-31-2019 12:58:52 MainClientExec.java DEBUG [Forwarding findElement on session 7924db1cdca3d9f58beaf776318b9ec1 to remote] execchain.MainClientExec 267 - Proxy auth state: UNCHALLENGED
08-31-2019 12:58:52 LoggingManagedHttpClientConnection.java DEBUG [Forwarding findElement on session 7924db1cdca3d9f58beaf776318b9ec1 to remote] http.headers 133 - http-outgoing-3 &gt;&gt; POST /session/7924db1cdca3d9f58beaf776318b9ec1/element HTTP/1.1
08-31-2019 12:58:52 LoggingManagedHttpClientConnection.java DEBUG [Forwarding findElement on session 7924db1cdca3d9f58beaf776318b9ec1 to remote] http.headers 136 - http-outgoing-3 &gt;&gt; Content-Type: application/json; charset=utf-8
08-31-2019 12:58:52 LoggingManagedHttpClientConnection.java DEBUG [Forwarding findElement on session 7924db1cdca3d9f58beaf776318b9ec1 to remote] http.headers 136 - http-outgoing-3 &gt;&gt; Content-Length: 60
08-31-2019 12:58:52 LoggingManagedHttpClientConnection.java DEBUG [Forwarding findElement on session 7924db1cdca3d9f58beaf776318b9ec1 to remote] http.headers 136 - http-outgoing-3 &gt;&gt; Host: localhost:20783
08-31-2019 12:58:52 LoggingManagedHttpClientConnection.java DEBUG [Forwarding findElement on session 7924db1cdca3d9f58beaf776318b9ec1 to remote] http.headers 136 - http-outgoing-3 &gt;&gt; Connection: Keep-Alive
08-31-2019 12:58:52 LoggingManagedHttpClientConnection.java DEBUG [Forwarding findElement on session 7924db1cdca3d9f58beaf776318b9ec1 to remote] http.headers 136 - http-outgoing-3 &gt;&gt; User-Agent: Apache-HttpClient/4.5.3 (Java/1.8.0_221)
08-31-2019 12:58:52 LoggingManagedHttpClientConnection.java DEBUG [Forwarding findElement on session 7924db1cdca3d9f58beaf776318b9ec1 to remote] http.headers 136 - http-outgoing-3 &gt;&gt; Accept-Encoding: gzip,deflate
08-31-2019 12:58:52 Wire.java DEBUG [Forwarding findElement on session 7924db1cdca3d9f58beaf776318b9ec1 to remote] http.wire 73 - http-outgoing-3 &gt;&gt; &quot;POST /session/7924db1cdca3d9f58beaf776318b9ec1/element HTTP/1.1[\r][\n]&quot;
08-31-2019 12:58:52 Wire.java DEBUG [Forwarding findElement on session 7924db1cdca3d9f58beaf776318b9ec1 to remote] http.wire 73 - http-outgoing-3 &gt;&gt; &quot;Content-Type: application/json; charset=utf-8[\r][\n]&quot;
08-31-2019 12:58:52 Wire.java DEBUG [Forwarding findElement on session 7924db1cdca3d9f58beaf776318b9ec1 to remote] http.wire 73 - http-outgoing-3 &gt;&gt; &quot;Content-Length: 60[\r][\n]&quot;
08-31-2019 12:58:52 Wire.java DEBUG [Forwarding findElement on session 7924db1cdca3d9f58beaf776318b9ec1 to remote] http.wire 73 - http-outgoing-3 &gt;&gt; &quot;Host: localhost:20783[\r][\n]&quot;
08-31-2019 12:58:52 Wire.java DEBUG [Forwarding findElement on session 7924db1cdca3d9f58beaf776318b9ec1 to remote] http.wire 73 - http-outgoing-3 &gt;&gt; &quot;Connection: Keep-Alive[\r][\n]&quot;
08-31-2019 12:58:52 Wire.java DEBUG [Forwarding findElement on session 7924db1cdca3d9f58beaf776318b9ec1 to remote] http.wire 73 - http-outgoing-3 &gt;&gt; &quot;User-Agent: Apache-HttpClient/4.5.3 (Java/1.8.0_221)[\r][\n]&quot;
08-31-2019 12:58:52 Wire.java DEBUG [Forwarding findElement on session 7924db1cdca3d9f58beaf776318b9ec1 to remote] http.wire 73 - http-outgoing-3 &gt;&gt; &quot;Accept-Encoding: gzip,deflate[\r][\n]&quot;
08-31-2019 12:58:52 Wire.java DEBUG [Forwarding findElement on session 7924db1cdca3d9f58beaf776318b9ec1 to remote] http.wire 73 - http-outgoing-3 &gt;&gt; &quot;[\r][\n]&quot;
08-31-2019 12:58:52 Wire.java DEBUG [Forwarding findElement on session 7924db1cdca3d9f58beaf776318b9ec1 to remote] http.wire 87 - http-outgoing-3 &gt;&gt; &quot;{&quot;value&quot;:&quot;//a[contains(text(),&apos;Contacts&apos;)]&quot;,&quot;using&quot;:&quot;xpath&quot;}&quot;
08-31-2019 12:58:52 Wire.java DEBUG [Forwarding findElement on session 7924db1cdca3d9f58beaf776318b9ec1 to remote] http.wire 73 - http-outgoing-3 &lt;&lt; &quot;HTTP/1.1 200 OK[\r][\n]&quot;
08-31-2019 12:58:52 Wire.java DEBUG [Forwarding findElement on session 7924db1cdca3d9f58beaf776318b9ec1 to remote] http.wire 73 - http-outgoing-3 &lt;&lt; &quot;Content-Length:88[\r][\n]&quot;
08-31-2019 12:58:52 Wire.java DEBUG [Forwarding findElement on session 7924db1cdca3d9f58beaf776318b9ec1 to remote] http.wire 73 - http-outgoing-3 &lt;&lt; &quot;Content-Type:application/json; charset=utf-8[\r][\n]&quot;
08-31-2019 12:58:52 Wire.java DEBUG [Forwarding findElement on session 7924db1cdca3d9f58beaf776318b9ec1 to remote] http.wire 73 - http-outgoing-3 &lt;&lt; &quot;cache-control:no-cache[\r][\n]&quot;
08-31-2019 12:58:52 Wire.java DEBUG [Forwarding findElement on session 7924db1cdca3d9f58beaf776318b9ec1 to remote] http.wire 73 - http-outgoing-3 &lt;&lt; &quot;[\r][\n]&quot;
08-31-2019 12:58:52 Wire.java DEBUG [Forwarding findElement on session 7924db1cdca3d9f58beaf776318b9ec1 to remote] http.wire 87 - http-outgoing-3 &lt;&lt; &quot;{&quot;value&quot;:{&quot;element-6066-11e4-a52e-4f735466cecf&quot;:&quot;897283c0-27e7-450d-a1a8-4df51115b072&quot;}}&quot;
08-31-2019 12:58:52 LoggingManagedHttpClientConnection.java DEBUG [Forwarding findElement on session 7924db1cdca3d9f58beaf776318b9ec1 to remote] http.headers 122 - http-outgoing-3 &lt;&lt; HTTP/1.1 200 OK
08-31-2019 12:58:52 LoggingManagedHttpClientConnection.java DEBUG [Forwarding findElement on session 7924db1cdca3d9f58beaf776318b9ec1 to remote] http.headers 125 - http-outgoing-3 &lt;&lt; Content-Length:88
08-31-2019 12:58:52 LoggingManagedHttpClientConnection.java DEBUG [Forwarding findElement on session 7924db1cdca3d9f58beaf776318b9ec1 to remote] http.headers 125 - http-outgoing-3 &lt;&lt; Content-Type:application/json; charset=utf-8
08-31-2019 12:58:52 LoggingManagedHttpClientConnection.java DEBUG [Forwarding findElement on session 7924db1cdca3d9f58beaf776318b9ec1 to remote] http.headers 125 - http-outgoing-3 &lt;&lt; cache-control:no-cache
08-31-2019 12:58:52 MainClientExec.java DEBUG [Forwarding findElement on session 7924db1cdca3d9f58beaf776318b9ec1 to remote] execchain.MainClientExec 285 - Connection can be kept alive indefinitely
08-31-2019 12:58:52 PoolingHttpClientConnectionManager.java DEBUG [Forwarding findElement on session 7924db1cdca3d9f58beaf776318b9ec1 to remote] conn.PoolingHttpClientConnectionManager 320 - Connection [id: 3][route: {}-&gt;http://localhost:20783] can be kept alive indefinitely
08-31-2019 12:58:52 PoolingHttpClientConnectionManager.java DEBUG [Forwarding findElement on session 7924db1cdca3d9f58beaf776318b9ec1 to remote] conn.PoolingHttpClientConnectionManager 326 - Connection released: [id: 3][route: {}-&gt;http://localhost:20783][total kept alive: 1; route allocated: 1 of 2000; total allocated: 1 of 2000]
Found Element By : By.xpath: //a[contains(text(),&apos;Contacts&apos;)]
08-31-2019 12:58:52 RequestAddCookies.java DEBUG [Forwarding screenshot on session 7924db1cdca3d9f58beaf776318b9ec1 to remote] protocol.RequestAddCookies 123 - CookieSpec selected: default
08-31-2019 12:58:52 RequestAuthCache.java DEBUG [Forwarding screenshot on session 7924db1cdca3d9f58beaf776318b9ec1 to remote] protocol.RequestAuthCache 77 - Auth cache not set in the context
08-31-2019 12:58:52 PoolingHttpClientConnectionManager.java DEBUG [Forwarding screenshot on session 7924db1cdca3d9f58beaf776318b9ec1 to remote] conn.PoolingHttpClientConnectionManager 255 - Connection request: [route: {}-&gt;http://localhost:20783][total kept alive: 1; route allocated: 1 of 2000; total allocated: 1 of 2000]
08-31-2019 12:58:52 PoolingHttpClientConnectionManager.java DEBUG [Forwarding screenshot on session 7924db1cdca3d9f58beaf776318b9ec1 to remote] conn.PoolingHttpClientConnectionManager 288 - Connection leased: [id: 3][route: {}-&gt;http://localhost:20783][total kept alive: 0; route allocated: 1 of 2000; total allocated: 1 of 2000]
08-31-2019 12:58:52 MainClientExec.java DEBUG [Forwarding screenshot on session 7924db1cdca3d9f58beaf776318b9ec1 to remote] execchain.MainClientExec 208 - Stale connection check
08-31-2019 12:58:52 Wire.java DEBUG [Forwarding screenshot on session 7924db1cdca3d9f58beaf776318b9ec1 to remote] http.wire 87 - http-outgoing-3 &lt;&lt; &quot;[read] I/O error: Read timed out&quot;
08-31-2019 12:58:52 LoggingManagedHttpClientConnection.java DEBUG [Forwarding screenshot on session 7924db1cdca3d9f58beaf776318b9ec1 to remote] conn.DefaultManagedHttpClientConnection 88 - http-outgoing-3: set socket timeout to 10800000
08-31-2019 12:58:52 MainClientExec.java DEBUG [Forwarding screenshot on session 7924db1cdca3d9f58beaf776318b9ec1 to remote] execchain.MainClientExec 256 - Executing request GET /session/7924db1cdca3d9f58beaf776318b9ec1/screenshot HTTP/1.1
08-31-2019 12:58:52 MainClientExec.java DEBUG [Forwarding screenshot on session 7924db1cdca3d9f58beaf776318b9ec1 to remote] execchain.MainClientExec 261 - Target auth state: UNCHALLENGED
08-31-2019 12:58:52 MainClientExec.java DEBUG [Forwarding screenshot on session 7924db1cdca3d9f58beaf776318b9ec1 to remote] execchain.MainClientExec 267 - Proxy auth state: UNCHALLENGED
08-31-2019 12:58:52 LoggingManagedHttpClientConnection.java DEBUG [Forwarding screenshot on session 7924db1cdca3d9f58beaf776318b9ec1 to remote] http.headers 133 - http-outgoing-3 &gt;&gt; GET /session/7924db1cdca3d9f58beaf776318b9ec1/screenshot HTTP/1.1
08-31-2019 12:58:52 LoggingManagedHttpClientConnection.java DEBUG [Forwarding screenshot on session 7924db1cdca3d9f58beaf776318b9ec1 to remote] http.headers 136 - http-outgoing-3 &gt;&gt; Cache-Control: no-cache
08-31-2019 12:58:52 LoggingManagedHttpClientConnection.java DEBUG [Forwarding screenshot on session 7924db1cdca3d9f58beaf776318b9ec1 to remote] http.headers 136 - http-outgoing-3 &gt;&gt; Host: localhost:20783
08-31-2019 12:58:52 LoggingManagedHttpClientConnection.java DEBUG [Forwarding screenshot on session 7924db1cdca3d9f58beaf776318b9ec1 to remote] http.headers 136 - http-outgoing-3 &gt;&gt; Connection: Keep-Alive
08-31-2019 12:58:52 LoggingManagedHttpClientConnection.java DEBUG [Forwarding screenshot on session 7924db1cdca3d9f58beaf776318b9ec1 to remote] http.headers 136 - http-outgoing-3 &gt;&gt; User-Agent: Apache-HttpClient/4.5.3 (Java/1.8.0_221)
08-31-2019 12:58:52 LoggingManagedHttpClientConnection.java DEBUG [Forwarding screenshot on session 7924db1cdca3d9f58beaf776318b9ec1 to remote] http.headers 136 - http-outgoing-3 &gt;&gt; Accept-Encoding: gzip,deflate
08-31-2019 12:58:52 Wire.java DEBUG [Forwarding screenshot on session 7924db1cdca3d9f58beaf776318b9ec1 to remote] http.wire 73 - http-outgoing-3 &gt;&gt; &quot;GET /session/7924db1cdca3d9f58beaf776318b9ec1/screenshot HTTP/1.1[\r][\n]&quot;
08-31-2019 12:58:52 Wire.java DEBUG [Forwarding screenshot on session 7924db1cdca3d9f58beaf776318b9ec1 to remote] http.wire 73 - http-outgoing-3 &gt;&gt; &quot;Cache-Control: no-cache[\r][\n]&quot;
08-31-2019 12:58:52 Wire.java DEBUG [Forwarding screenshot on session 7924db1cdca3d9f58beaf776318b9ec1 to remote] http.wire 73 - http-outgoing-3 &gt;&gt; &quot;Host: localhost:20783[\r][\n]&quot;
08-31-2019 12:58:52 Wire.java DEBUG [Forwarding screenshot on session 7924db1cdca3d9f58beaf776318b9ec1 to remote] http.wire 73 - http-outgoing-3 &gt;&gt; &quot;Connection: Keep-Alive[\r][\n]&quot;
08-31-2019 12:58:52 Wire.java DEBUG [Forwarding screenshot on session 7924db1cdca3d9f58beaf776318b9ec1 to remote] http.wire 73 - http-outgoing-3 &gt;&gt; &quot;User-Agent: Apache-HttpClient/4.5.3 (Java/1.8.0_221)[\r][\n]&quot;
08-31-2019 12:58:52 Wire.java DEBUG [Forwarding screenshot on session 7924db1cdca3d9f58beaf776318b9ec1 to remote] http.wire 73 - http-outgoing-3 &gt;&gt; &quot;Accept-Encoding: gzip,deflate[\r][\n]&quot;
08-31-2019 12:58:52 Wire.java DEBUG [Forwarding screenshot on session 7924db1cdca3d9f58beaf776318b9ec1 to remote] http.wire 73 - http-outgoing-3 &gt;&gt; &quot;[\r][\n]&quot;
08-31-2019 12:58:53 Wire.java DEBUG [Forwarding screenshot on session 7924db1cdca3d9f58beaf776318b9ec1 to remote] http.wire 73 - http-outgoing-3 &lt;&lt; &quot;HTTP/1.1 200 OK[\r][\n]&quot;
08-31-2019 12:58:53 Wire.java DEBUG [Forwarding screenshot on session 7924db1cdca3d9f58beaf776318b9ec1 to remote] http.wire 73 - http-outgoing-3 &lt;&lt; &quot;Content-Length:443192[\r][\n]&quot;
08-31-2019 12:58:53 Wire.java DEBUG [Forwarding screenshot on session 7924db1cdca3d9f58beaf776318b9ec1 to remote] http.wire 73 - http-outgoing-3 &lt;&lt; &quot;Content-Type:application/json; charset=utf-8[\r][\n]&quot;
08-31-2019 12:58:53 Wire.java DEBUG [Forwarding screenshot on session 7924db1cdca3d9f58beaf776318b9ec1 to remote] http.wire 73 - http-outgoing-3 &lt;&lt; &quot;cache-control:no-cache[\r][\n]&quot;
08-31-2019 12:58:53 Wire.java DEBUG [Forwarding screenshot on session 7924db1cdca3d9f58beaf776318b9ec1 to remote] http.wire 73 - http-outgoing-3 &lt;&lt; &quot;[\r][\n]&quot;
08-31-2019 12:58:53 Wire.java DEBUG [Forwarding screenshot on session 7924db1cdca3d9f58beaf776318b9ec1 to remote] http.wire 87 - http-outgoing-3 &lt;&lt; &quot;{&quot;value&quot;:&quot;iVBORw0KGgoAAAANSUhEUgAACrAAAAXsCAYAAABkbFvxAAAAAXNSR0IArs4c6QAAIABJREFUeJzs3Xd0XOd9J/zv9AYMeiUKAZIgWECCnQQbSLGIlEQ1SrJlW4ljZ+N1HL95N36Pd5NNjs8eZ+PsbhyfOGtHbnGiWFahJKqQEsXeC9hAECBA9N7bDKbP3Pv+MZiLO5gZdBAU+f2co3MwM8+997nPc4c6uPje36N45513xLy8PMgVFhbCZWkHERERERERERERERERERERERERERE9Opyica67AABQznUHiIiIiIiIiIiIiIiIiIiIiIiIiIjo8cIAKxERERERERERERERERERERERERERPVAMsBIRERERERERERERERERERERERER0QPFACsRERERERERERERERERERERERERET1Q6rnuABEREREREREREREREREREREREc2+8soafPLZaQiCAAAwR0fhKy8fQGxM9Bz3LJggCKhvbMGtO/fQ1t4Ju8MJURShUChgMhmRm52Bog2rERdrjriPI8fO4E55FQBg3eoC7CoumpG+WYdsuH7rLqprGzFoscDr9UGhUMBoNGDp4gUo2rAaRoM+ZLuWtk6cOnsZ3T19cHs80jYrli1G0fpV0Go10z4XQRBws7QC127cgcU6BFEUodVokJmRii0b1yI9LXla5z4T8zLa2+8fRV1D85htcudn4pUX9ge9V1Vdh8slt9Hd0wev1wcA0Om0yEhPmfa51tY348MjJ+ByuyMefzbGurW9E++8fxROl/+4Oq0WLz+/DxnzUkPalpZV4ujxs9Lr5KQEvPrSMzDoddJ7brcHbx76GO0d3dJ7+3dvx8qC/En3bbYwwEpERERERERERERERERERERERPQYqKqul8KrgD+Meb+mHuvXrJjDXoUatAzhyLEzsNkdQe+LooihIRvulFehurYRLz3/JOalpQS1cXs8KC2rRFV1/az07er1UpTcLAvpl81mR8nNMtQ1NOOl5/YFhThvlpbj5NnLUtBSvs3la7fQ0NSCl5/bB6PRMOVzsdsd+OCT42hqaQ/ZR219M5pa2rFnx2asWD718OJ05mWmeL0+fHj0BKprGyGKYtBnLpcbtfXNqG9sxa7iIqwpXDbp/Xf39OHTE2el8Go4szXWNXWNUngVAFxuN8oq7ocNsI7W09uPmrpGFCzNk95ramlDd0//pPrwoDHASkRERERERERERERERERERERE9Ijr6x9ES1tH0HuiKOJ+bQPWFC6DSqWao55FFhVlwpaNq1GwdDGUSgXu3qvGidOX4HK74XA6ca+qNigoOZFqnjNBqVRi9cql2LxhNfR6XVC/evsGcOP2XalK6qDFiislpVKl1tUrl2Lntk1obe/Eh0dOwGZ3oKOzBzdul2Nr0dopn8vZiyVSoDI62oQXnt6DxIQ4fHj0JGrqGuHxeHHhyk1kZ81DjHl6FXcnOy8TNZFKuVU19aipa4IoilAqldixdQPWrloO65AN7314DJ3dvRAEATdul2NJXm5IKHgsXq8Pn5++CKvVNma72Rhrh9OFmrqmkPebWtpgs9lhMhnH3F4QBNytuI+lixdApVLB5/Ph1p178Hq9Ezr+XGGAlYiIiIiIiIiIiIiIiIiIiIiI6BFXU9cI+3DlTLVaBUEQIQgCurp60d7RHVLlUR6glAcL+wcseOOtw7DZHdBo1HjxwF7kZGcAGFlW/er1UliHbFAoFIiPi4FWo0FbRxeA8Muxh5OVmY5d24sQFTUS3Fu0YD5Kbpahq7t3+gMyRVqtBvt2bQ2qrrli2WJUVNagvrEFANDbNyB9Vt/YAot1CABgNBqwdlUB1GoVsjPTsSAnC3fKqyCKIuoam7Fh3UpoNZpJ98liHZKODQAFS/OkJey3b16H1rZOOJxOqV1hwZIpnTswtXmRX0sTnf9IvB6vVEVYr9NiQW4WlEolYszRyMpMR+dwH7xeL7w+f8Vb+TULAPt3b8fKgtDqqGcuXEVzSzuio03QarTo7QutXjpbY93a1oG+/kEAwd/PgUEr6hpbgiqrRtxHeyeaWtqRk52B9o5uNI+qEPswYoCViIiIiIiIiIiIiIiIiIiIiIjoEebz+XC/tkFacn3l8iWob2xGX/8gXG43ahuaJrRM+XhOnbuC67fuSscRRRE9vZNfwjwu1oznntoV9J4gCKiubcDgoBUAoNNqsTA3O6hNIBjpcLrw5rsfz0rQdVvRukm17+rulcbDZDTAYNBLn2Wkp+JOeRUAYHDQCpvNAW2sP8A6mXPx+YSgSpuxZrP0c3R0FKKjTXA4nRBFcVpjMtV5maiSm2UouVkGADDodcidn4mtResQFztyPiaTAWq1Gl6vF3aHE+8dPoYd2zZgfnYG+gcsAACFQoG8hfNhjo6a8LFv3C7Hjdvl0Go02LdrO67fKgsbYJ2tsa6qrpf2mzs/Ew6nC80t7cPj2zhmgFWv08LnE+DxeHHrzj3kZGegrOI+XG53UBj2YcQAKxERERERERERERERERERERER0SOsvaMbXV3+MJ1ep8WyJQvh8/mkio9V1Q1Yt6pgUsutj1ZT14hbd+5BFEUoFArk5+XiySe2QqvV4NjJC7hddm9K+y0tq8TR42el1wqFAgnxcdi/Zzsy0ie/TP1s6O3rDwrqJsTHSj8HQpXAcIBVr5NeqzVqKJVKCIIAj9cLi3UoKKw5VU6XK+Jn8v5Mx2zPi8PpQnllDRqb23Dw2SeRlpoEAMjJzsCKZXnStdbbP4BDHx6DUqmEKIrQajXYumkt1q5aPuFjdff04dK1WxBFEYUF+ViQk4nrt8omtO1MjPXAoBUNTa0AAKVSify8BbDZ7Ghp7YAoimhuaUNXdy+SkxLCbh8dHYUokxH1jS1obmlD5f061NY3AQCW5C1AXUOzVH32YcMAKxERERERERER0ReM0NcHyw/+CkJPDwBAmZgI8w/+Fsr4+DnuGRERERERERERPYwqq+vgcrsBAElJCUhNToRjgRN371XD6/Vi0GJFW0fXlCtnAkBdQ7NUQTI6yoTiLRugHw5rajQzF1MTRRH9A4O4fqsMifGx0jHmitfrw+nz12AdsgEADAY9lkeolqlQKIJeGw16qFT+AKsoTr1KpslkQExMtBRSvHazDKnJicjOmgeXyw2fb2S/SqVySscYz1jzEqgmG87ozxxOF0rL7uHClRvweLwYstlx5sJVvPz8PqhUKqhUKhRv3QCv1ydVrwUgjZ3H40VTcxuWLl6IqCgjAH/l2O9+67Wwx7fbHfj4s9MYGrJh0YL52LZ5/ZjnORtj3dDUIl0/sTHRmJ+ZDpvdAYNeB7vDCYfThYam1ogBVoVCgeVLFqG5tQN2hxPHT1/EkM0Oo0GPxYtyUNfQPKF+zAUGWImIiIiIiIiI6IHx1lTD+qMfQrTbAUQOXjKgSURERERERERENDPsdgfqGlqk14tys6FSqZCemowYczR6+/rh9XpRVnF/WgFWebXJhPhYxMZET6vfASsL8rGyIB8A0NLWicNHjsNqteFeVS0AhCxp/6CduXAVNXWNAPyBxa2b1iI1OTFsW1EUg17bHU4p8KhQKKYcLtVqNNiycS0+PHICLrcbQ0M2vHnok7BtZ6LCKzB782LQ67BxXSF6+wakgGr/gAU2uwPm6Ch09/Th3cOfYdBihU6rxa4dRejq7kVZxX04nS6IoojqukbYP/4cX3rxKWi1mojH8vl8+PTEOXR29SAhLhZ7n9gCtVo1Zv9meqx9Ph/uVdVK10ZGeipMJiP0eh2SkxLQ0NQKURRx734tClcsgVYT/nwyM9KQlBiH9o5uDNnsw++lIyE+btw+zCUGWGnaTpy5hJKb/pLJufMzx0zMf1G9/f5RKYmenJSAV196Bga9DvWNLXjvo2PweLwwGQ342peem7F/5ImIiIiIiIiIiB4XQz/9R7gvX5JeR/35X0C7fuMc9oiIiIiIiIjo0dHS1oGBwZFw6alzV3Dq3JWQdm3tXRgYtM5I8HR0pdGZkpGegvxFuVJWqbdvAA6nC4Y5qMIqCAJOnr2MG7fLIYoiFAoF1hQuw5rCZUHtEuJjpdyRze4I6q/X45Uqh2rUapijo6bcnwU5mXju6V04ff4qenr7IQgCjAY98hb6K3BarENQKpVIS02e8jEimY150em00s8+QYAg+AOe5y/fwKDFCgBIT0vGimWLAQA7t20Mmo+unl60tnciJzsj4jEsVhta2zr9fe4fwD//4j/CtqtraMbf/fh1rFtdgF3FRTM61r19A+js6pVe3ymvCqosK7XrHUBXVy8y5qWG3Y9Wq8XSxQvR0dkDURShVquxYlnerH0XZ8qMBljlYT6NRo0XD+wNugD6Byx4463DUvncwIR+UZWWVeLo8bMAEBJe9Hp9OHzkBKprGwAAOq0Wzz61CwtyMuesvxTZ4xDCJSIiIiIiIiIiIiIiIiIiIqLHz917NfD5fOO2sw7Z0NDUgsKCJSGfuVzucbePMhmD9uVwOmHQ6yfX2WGnz18FAGzfvC6kKulE+jLb3G4PPj1xTqqcqVQqsa1oLTatXxXSNjEhDgqFAqIowmq1wWodkoKdLW0dUruYmGiYTIZp9St3fiZy5wfn027cLpcCkXGxMcjJmjfl/c/0vDQ0taKsvAp7n9gaUinV4XRJP5ujTTAa9XC53EFhbDmlUomFudkovVsJj8cLn0+A3eGcdJ8maqbG+t79Wjic4/fT5XajsrouYoAVAPIW5qDkZhks1iEkJcYhKyNdymrOtI8++ggAcODAgWnthxVYZ8no0tDbt6xnePULjIFWIiIiIiJ6VMkfzoyEK0588cnnWb6yCBERERERERERET3aBgataO/oAuCvirpz20asX7NC+tzhdOHNdz9GV3evf5nyqloULM2DSqUKCqS2tHWgf8CC6CgTmlra4PZ4Qo6VlZmOu/eqIQgCevsGcLO0ApvWFcJmd6Czuzek/Vh8Ph+u37qLhqZW7Ny6AZkZaRAEERWV1aiqrpfapacmT+te5/2aehw+chI+nw9Ggx5fPvg0kpMSxtxmaMiOw0dOoLm1HQBgNBqwd+cW5Oflhm2fk50Bc3QUBi1WOJxOlNwsw+4dm9He2Y3a+iYA/rnJzc6MuDz8VNjtDty8U4ErJbchCAKUSiXWFC6D0TgSkp3s+U91XuSrX8uLC4qiiKqaerR3dGPvE1uQmZEGr8+Hq9dLUVFZI43NkrwF0tgkxseis6sHgP+6vHG7HCuX58Pr9eJeVS28Xn9YW6/TIikhDkBo4c39u7djZUE+4mLN+O63Xgt7rpH6PNWxDsft9qC+sUV6XViwBPt2bwtq884HR1Fb7+9HXUML7HZHxP3GxkTjT//4K0HvzUaANRBeDfw8nRArA6yz4Mbt8nFLQxMRERERERER0dS5r13B0E/+QXpteOEgVOnz4DzyMbwtzYDHA4XRBG3RZhi/9BUojMaQfYh2O5zHjsJ18jiEvj5AqYQqLQ264ifgungevgb/DVdlYiLMP/hbKOPjAQQvda4wGhH9X/87FFot7L/7d3gq70EZEyO19zXUw3n6JLyV9yD09kK02/wHVyigNJuhzlsM/VPPQL1oMRBmKSfR5YLr+DE4P/8MQq//pqwqJRXazVuAMH8kCHuOxz+D+8J5+Lo6/dsolVAmJkG3vRj6vfvDjk3ojkTYfvU6XKdPSm8ZX/s69E8G37R1nTsD2+s/A0T/cl66HU/A9M0/kc5trP5o162Hft/T0jhLh3Y4YP37/wnv/UoAofMBjL38fMi1cvAV6J/cD8eht+G6cB7ikHXCy9V77pbBfeEcvPerIPT3QXQNV4FQKqGMj4dm2XLonzoAVUaEB9m9XrhvXofr+DF46+ul60FhNEGdkwNd8RPQrF0HhU43rW2mMs7emmpYf/RDiHY7AEC7qQhRf/b/Sp8LfX2w/OCvIPT0hJ2HcOOsK94J50cfwHXpIsQhKxQ6HTQrCmH82h9AmZgU9rgB8n2p8/IR/f2/hMIwvQokRERERERERI+j+zX1sA757ycY9DrMH1UR0qDXYWFuFrqGA6Ydnd3o6OrBvLQULM1fiHv3a+HxeNHXP4h/+c3vAfiL+YnD93/kFi/MQWlZJZpb2yEIAs5dLMG5iyVT7rsoiujo7Mabhz4J+3laahK2b14X9J48dChXcrNMWp05EF4EgKaWdqk6bXbWvHHDqy6XG4c++gztHd3Se3a7Ax98cjykbeA4MeZobFy3EifPXobX6wu7RHxqSmJIvmyy5zI6pCmnVquwddPakGNM9vyBqc3LeHr7B8LuT6FQYGn+QqxeOdLvTetXoaWtE4MWKzweLz4/dQGfn7oQtJ1arcLWorUTOp+pmMpYh9PU0obunv7h7dRYtCA7pM2SxQtR39gKQRDQPzCI+qZWLMtfOP2TmCJ5eFX+3lRDrA9VgLW2vgkXr9xEd0+flNLXajRISIjF2lUFWL5kkdS2rb0LF65cR3NLB9weDxQKBaKjTFhTuAxrVxVArVYBCL5YNBo1Dux7Am0dXbh1pwI+nw8vHtiLnOyMoCXkp1OJpKGpFWcvXIMgCACAhbnZKN6yIajNnfIqXL91F4MWK1wutxR0Neh1yM3JwhPbN8FoGCmfLf/HaO2q5cjKSMPZCyXoGxjE2lXLsau4aNr7zEhPxenzV2GxDkGhUCA7Mx1P792BqKjgP2BUVdfh7MXr6OsfAADEx8VCpx07+R+Y187uHni9PigUCsTHxWLT+kIULM2bcnv5nGVmpCEjPRWlZfdgdzihVCqROS8V+/dsR2xM5ApB8qdIAuoamvF3P34dwEh6Xn6ssRL1ff2DOHnmEuqbWuDzCTBHR2HH1g1YsnjBmGNERERERET0MGClVfoic3z4ATBqGTTRboPrxOfw3itH9P/336BMTpE+E7o6Yf27H8LXObJEFwQBvtZW2H/37xM/sCjC+clHcN+6ETZQ6r55A67jx8JuJwwOwl1yDe7rJTAcfBmG514MCrEKPT2w/vh/SUHaAF9HOxzvvTtu1zx3bsP2s3+GYBkM/kAQIHR1wvHu23CdOY3o730fqsyssXemUEC7Zi1c585I4+y5UQLdjidGgpM+Hzw3rkvhVYVOB93W7dI5jdcf55GP4TrxOUzf/BNoi7aEDfTOBG9tNQa//18g9E6u6gcAuE6fCArKSgQBQk8PXGfPwHXpIqL+5Nv+c5DxNTdh6Cf/B7729pDNRbsNnvK78JTfDQrTTmWbh2WcPTevw3n046BgquhywV1yFb6WJkT/t7+BMjFxVo5NRERERERERH4+nw+19U1S2DQtNSlsoG/B/CzcuFUOl9sNp8uNmrpGzEtLQU52Bvbs3IKzF0swNGSDWq3CogXzsX71Chz68LOQ8J5Wq8HBZ/fixJlLuF/TAJfbLW2jVqlQVnF/wn3fsHYlDAY9yu/VwGodkrJkSqUScbFmrClcjlUrloQsYz/Z8ekYruSp02qxtnD5uNsIogifT5j0sVavXIbkpEScOns5KBNlNBqwYtliFK1fBe04GazxKJUKqNUjcUCFQgGTyYjc7AwUbVgdcu9/Kuc/0/MyLy0FW4vWobSsMmh/arUKKUmJ2LxxNRbkBN+7TEqMxzdfewlXSm6jvLIaFqsNgiBIWbnMjDRs37weCfGxE+rDVEx2rCOprm2E1+sFAMTHxWBeempIm8x5aYgyGWGxDkEQBFRV189ZgDVceFX+2VRCrA9NgPXU2cu4drMsJJ3v9njQ3tGN8nvVUoD1Zmm5lEgPEEURFusQTp+/ipa2Tjz31C4pxBrg8wk4cuw0nC43AECjmdnTtzscOHXuClxu//5TkhOxf/e2kH50dfdKZYzl/bc7nLhbcR/NLe34ysvPIMYcHXKMu/eqpequM7XPW3cqgvYpiiLqG1vw4acn8crz+6X+h5uj3r7+Mcck3DaiKKK3rx9Hjp1BZ1cPdhUXTbl9QHNLO5pbRm7kC4KAxuY2vPnuJxHPe6bZHU4c+vAzKbwMAIMWKz769BQEQcAyWQCbiIiIiIjoi2oiD1kC/t+RLl29iYqqWtjtDoiiCJ1Wi4W5WSjeugHm6K&quot;
08-31-2019 12:58:53 LoggingManagedHttpClientConnection.java DEBUG [Forwarding screenshot on session 7924db1cdca3d9f58beaf776318b9ec1 to remote] http.headers 122 - http-outgoing-3 &lt;&lt; HTTP/1.1 200 OK
08-31-2019 12:58:53 LoggingManagedHttpClientConnection.java DEBUG [Forwarding screenshot on session 7924db1cdca3d9f58beaf776318b9ec1 to remote] http.headers 125 - http-outgoing-3 &lt;&lt; Content-Length:443192
08-31-2019 12:58:53 LoggingManagedHttpClientConnection.java DEBUG [Forwarding screenshot on session 7924db1cdca3d9f58beaf776318b9ec1 to remote] http.headers 125 - http-outgoing-3 &lt;&lt; Content-Type:application/json; charset=utf-8
08-31-2019 12:58:53 LoggingManagedHttpClientConnection.java DEBUG [Forwarding screenshot on session 7924db1cdca3d9f58beaf776318b9ec1 to remote] http.headers 125 - http-outgoing-3 &lt;&lt; cache-control:no-cache
08-31-2019 12:58:53 MainClientExec.java DEBUG [Forwarding screenshot on session 7924db1cdca3d9f58beaf776318b9ec1 to remote] execchain.MainClientExec 285 - Connection can be kept alive indefinitely
08-31-2019 12:58:53 Wire.java DEBUG [Forwarding screenshot on session 7924db1cdca3d9f58beaf776318b9ec1 to remote] http.wire 87 - http-outgoing-3 &lt;&lt; &quot;ig/U62fTiTfbgT8C/Pc7O0HLfuVEg3uZRKJczRJqwpXI41hcugUo08JHv+UgnqG1vgcLogiiK0Gg2SEuOxfct6ZGemS/u8dO0W7pRXSeei1WiQmZGKLRvXIj0tWTp+fWML3vvoGDweb0iAONLDlKO3Ofjsk7h28w6qaxvg9fqXeSreugErl+eHzBngv4fwk5/9FsDEHuIda5mkmXogeEaMCq8GfdTaCscnH8H09W8CCgVEhwO2X/w8OLw6RaLDAfe1K9PciQjnkY+hKVgJ9UL//QPR5YLtV6+HhFcnynu/CkP//E8Qh6xjthO6u2D/t98g6i++P251S3X+Eqiz58NbV+s/Rn0dfM1NUp993V3wVo/8EUK9cBFUOf5l03yNDeFDlaOILhds//orKJOSoM7LH/c8p8Jz6+as7HfkAB7Y33oT6sVLoEzw/0FI6OrE0I//96Suuals8zCNc+A6CcfX3g7XuTMwvHBwVo5NRERERERERH4qlQpfPvj0uO0y5qXiv3zn62E/W7FsMVYsWxzyfqRl1/V6HZ5+ckfI++98cFT6Oco0/opA0VEmbN6wGps3rB63rdxYy7yPNmgZQl+//z5KWmoS0lKTxt3GoNfhG1+b2j2NjPQUvPbl5ybcfjLnAgAx5mh8+5uvTrj9VM5/pudFq9Vgw5oV2LBmxaT2p9VqsG3zOmybYKXXuFhzxGs2krHGf7JjHcm+3duwb/e2MdvExkTjT//4KyHvryzIl6rvjmUq5x7OWOFVeZvJhlgfigBrX/8g7lbWSKHFLRvXYNP6VVCrVeju6cP1W3fhcPqX42pp68DZiyXwen0wGPR4am8xFuVmo7G5DR8eOQGb3YH6xhY0NLVgYW5wSV2FQoEtm9ZiZUE+tJrpJdZH8wkCjp++KIVIo6NNeObJHTAaQ2/8KxUK5GRnYPOG1ZiXngJBEFFRWY0TZy7D5XZj0GJFbX1TUOnjgKyMdOzZsRnR0aYZ22d6agr27d6KhPg4XLtxB6fPX4UgCOjq6kFnt78keEtbB0rLq6Q//uXn5eLJJ7ZCq9Xg2MkLuF12L2S/5feqUXLrLkRRRFysGc89tQupKUkoq7iPYyfPw+PxovxeNVYsW4zkpIRJt5dLiI/Dc089geSkBNytuI/PT12UzvtOeRW2blobdt4C/1OZaIXVsajVKuzZsRnLl+bBOmTDu4c/Q3dPHwRBwPXbd7Fo4fwZv+6IiIiIiIjmUqSHLLt7+vDu4c8waAkOzrncbpRX1qCptR2vPL8fSYnxU2ofyWQf7ox0XEEQMDBoRVnFfRQsWwyDShX2YVrA/+Bta3snqmsbkJ2Zjt7+ARw6/Jl000/erra+GY3NbXhi+6awv59Phd3hxBtvfxj0MKXd4cTnpy5Cr9Nh8aKcGTnOF4Fm1RqYXvs6lMnJEB122P7113BfPC997q0oh2C1QGmOgedOKTz3KkY2Viqhf/oADAeeg8Jogq+lGdYf/RBCX9+4x1VotTC88ip0m7dCYQ7zVL1KCfWSpdDveRKaFYX+kKgoQujvg/2N38J91R9+Fe12+FqapTCo914FPOVlkfvY3g7r3/4gfB99PjiPfDwSXtVoYDjwHPRPPQOFTu+v6vmP/0cKRnprquGtr4Vm6dgVFhRGE7SbNkvBRNFuh7vkmtRnz+1bEAaGH3ZWKKDdut1fnVUU4fz8s6BQpWp+DqK+8/9AlT4Pvs4O2H72Uyn8KtrtcBz+AFF//hdQaLVjT8AUaDcVwXDwS1ClpACTrNChUGugXbseur37oF6U5++fIMDX3gbbL34+cg6WQfg626UAq/PoJ0FBVIXRCOOrX4N2yzYotFqIdhvc10vgeP+Q1GbS2zxk46xZugzGr/4BVFnZEN0u2H79y6DvpK+5ERBFqBcuQtyv/g1DP/3HoOq28qqyRERERERERPTF8c4Hn0KlUmJb0TokJcbD6/Xh+u27aBouTKdUKkMqas6Vnt4+OJ0uqNVqrFtdIBUzeFw87udPEzeR8Kq87WRCrA9FgNU6ZINHtsRaXWMz4uNjkTUvDUmJ8UEp4/s1DXAOh1kX5WZj0XBINTszHZkZaai8Xwev14uGptaQAKtSqUBiQlzYEOGu4qKwlT0nyul0ob2jW3ptNBhgChNeBYCd2zeN6hewYnk+KqpqUd/YAgAhf+gKiDFHhYRXp7vP1JREJMTHAQAW5Gbh8rVbsDuc8AkC3G7/vFTer5PGPTrKhOItG6AfrqgSqZJtRVWt9Ae0VSuWIjXFn9JfvCgHN0vL0dbeBbvDifaObiQnJUy6/ehxCby3ZPEC3L5bKVVkbW3rDNu/meavppMOpVKJGHM0Cpbm4dQ5/x+hBgYssA7ZkBA3e6WpiYiIiIiIpstmd+BffvP7kPcjPegX7iFLt9uDT4+fw6DFCqVSibWrlmP75vVwezz44JPjaGpug9Vqw/Vbd7Fv97ZJtx/LZB7ulB8XAKKiTDjw5A5kZ82D0+nCjdJyqeqo/GFaAMjJzsBTe4sRHWVCb18/zly4BuXwEtznL12Xfv9OiI/Diwf2IMYcjVPnLuNmaQW8Xh8uXb2F7Mx06Xfx6VCrVdi+eT1WrVgKp9OFt94/gu6ePni9XlRU1WDxohy88sJ+lJZV4ujxswAegkqps0S9YCGUKSkA/EFLw4svwVt+VwpUCgP9ELq6/AHWslJpmXsA0K5aA+PBV4DhJZ8URtPEg41qtT/IGC68CsDw7AswPHUAnoq7sL/1O3gr70G02SBYLYDsfhiAoDCq5+6doKqyIX3U6SL2cXQlVE3eYuiffta/DQBVVjb0zz4P2y9+DgAQ3W74mprGDbACgGbFSig+NkO0WPz9LCuF+MyzgEYDz40SqZ0qNRWaFSv952W1wFtVObITlQrGgy9DlT7P/zIlFcav/SGsP/qhtNy8r6kRosUCxSwDnSqnAAAgAElEQVQsMa+alwlVWtqUtjX95+9AdDrguVMK+29+Ce/9KoguJ4TBQUAWJBfdbohDQ/6fh4bguV81shOFAsav/gF0xTtH3jKaoNtWDN224ilvI1gGH6pxVi9dDtV8f4heoTdAt2MnPCVXIQ6vXiX0D0B0Oset/EtEREREREREXyyiKOJ+TQPu1zSEfKZQKLAwNysk0zVXWto64fP5kJaahKyM9LnuzgP3uJ8/TcxkwqvybSYaYn0oAqxpKUlISohHa7s/aNjW3oWP2k8C8Kfuc+dnYPeOzYiNMaO7Z+RG/p3yKtwprwq7z96+gdnv+CiK4T9WiaKIzq4eHD1+Ds89tQtqdWg6vb6xBaVllWht74Tb45GWNpyOmdinUqGUzkNOPp4J8bGIjYkecz8OpwsW65D0+tS5K1KYc7Tu3r5Jtx+LSqVCcmK8FGC12R1wOF0P/A9zcbFmqFQq+Hw+eLxeWCxDDLASEREREdEjJdxDlu2d3dLvbbEx0di4diXUahXUahUKC5agpbUDgiCgraMLDqcLXd29k2o/1u92k3m4s7W9E109vcPtlCjesh7ZWf6Ql16vC1oCSf5Qpzk6Ck/u2oboKP95+0Oqe6V9B6oIAMDK5YuREO//PXDtqgJUVtfDZrPDOmRDTV3TjARYtRoNFuZmQ61WISrKiKyMNOneSeCh1Okaa5WS6T4QPJuUMbFQJqdIAVbR4YAwODD8sz2orXrZcikYOtPcN0pge/1nUphxooT+4Psfk+mjODQE0e2SXnvK76L/618dexu7fczPA1Tp86BZvATukqsAAF9zE7z3K6Ewx8BbXye106zdAGXs8DXu9QX1RxlthnI4VCm9F58AhdEo9UN0OiAM9EM5C8HKKRNFOD89Ase7b0F0ucZvH9jM7R6phgtAER0N9YKFM77Nwz7OCq3Ofw0PB1iJiIiIiIiI6NGUlpKEnt5+2B0OqSiAWq1CXGwM1q8uwPKleVBOclWc2eDz+dDW0QWlUok1hcuh1T5eqyo/7udPEzOV8Kp824mEWOc0wBr4x0ir1eDA/p04+vlZNA//YSpAEATU1DVhyObAl158aq66Oi6NRo0nn9iK9s5uXL91FwBQU9eIy9duYWvRyPL1Xq8PHx49geraxmkHVmdzn2MJF3B92NjsDulnhU&quot;
08-31-2019 12:58:53 Wire.java DEBUG [Forwarding screenshot on session 7924db1cdca3d9f58beaf776318b9ec1 to remote] http.wire 87 - http-outgoing-3 &lt;&lt; &quot;IhVcJ5kDxenzQfCoXiofifLxERERER0VhMRgO+9qXnEBcbvpLkRAwMWKTgZF//IP7p9TfCtrPZ7HA6XZNuP97DiRN9uNNiGYLH4wUA6HVapKclR9znRB/qHLRY4R4OZmk06qDVQwwGPUxGA2w2f2jMOmQb8zym6lH63VO0DUmVGqe2AzGoIqZCo4lY6VGh10/9OGPwNTbA/svXpfCqMiEBhucPQrO8AIposz8MeejtCe1rtvo4aSoVdNuL4b553V8h1ueD+8Z1KKKipFCkIioauqLNc9zRmecpvQX7229KlXNVmVkwvPgS1LkLoTCbYXv9/8J9+dIc95KIiIiIiIiIaG5t27wO2zavm+tujEulUuGrL098mfNHzeN+/jQxE62iOh0zGmCNMUdDq9XC4/HC4/Giq7sXOdkZ0ucejweCMBLoS0wYqTQSG2PGqy89A6/Xh4FBCxqaWnHnbiU6u/3VUPr6B9DV3YuE+FhpCb/Fi3LxwjO7Z/IUpkyr0WBeeipy52eiubUDnV09EEURJTfLkJ6WggU5mQCAqpp61NQ1QRRFqNVqbNm4BkvzFyA6yoR3D38mndtkzMY+R4syGaWfrUM2OJxOGMb4w4lBr0N0lBFdw/NXtGEVtm9eP+YxJts+ErfbIy0BCfgroep02intazp6evukMLZBr5/WH4CJiIiIiIhobA/64U6aOkVUFBRa3UgFSIsFvpZmKOPjg9p56+sgWmUVKLU6IMwqN5EI3V3wdYxUxIVeD2X08O/mquBbYr6W6d87Ccd9+xYEy6D02vDiy0FLwI9pGn1U6HRB1VrVuQsQ/Zd/DYXRNMZWE6fOy4cqMwu+hnoAgPvqZSi0I/deNEuWQpWRKdtA5Z+/YYLVAqGtFarUNOk90WqB6BypHqrQG0YquI4SqKY7+pqZba5LF6XwqkKrhfEPvg7N0uXjbzjq/EWrFd7aGqgys2Z1m+mOs9A/ANHpfHjC00RERERERERERPTImeEAaxTSUpJQU9cIACi5VYZ56anISE+BdciGU+euwOF0AvAvuZedmQ7AXx3l9LkrWLE8H4sX5iAxIQ7xcTFwOl1SgFWj0SA6yoT8vFyUVdyH0+lCdW0Dzly4ivWrV8BoNMDr9aGhqRWXS25hXmpyyNKBYzlx5hJKbpYBAJKTEvDqS89Macl5o9GA7ZvX48MjJ+Byu+Fyu/HpibN45fn9SEqMh9fjlUKNer0OOdnzEGOOxsCgFXaHc9LHAzAr+xxtfnYG7t6rhiAI6O0bQFn5faxdtRw2u0Oao9GW5S9CfWMrBEHAjVvlMBoMWFmQD61GA7fHg6rqely+dhsb167AiuX5k24v5xMECIIAQRBx7eYddHb5+6RWq7F08TjLqwFBAdeunj50dHYjNSVpUmMkiiJ8Pn/p85q6Jtwuq5Q+S09Lhjk6alL7IyIiIiIi+iIym6Og0ajh8Xhhjo7CV14+ELFiKQAMDFom1T6SyT7cKe+n0+VGW3sXEuJiw+5b/jBtb98ABgatYfs4+sHe/oFB6cFeh8MZtFpIdFRokFAQRHiGw3GPMmV8AlSZmRAG+gH4l0q3/+7fYYr6NtTzcwAAnju34Xj3LX8V1WHqxfkjAdRwPB6pva+5CbZfvR60BLs6MwvK5BQAgGbpMrgvnJM+c507C/WSpdCuWgMIAry11VLAdlqG7xNIXSy/C+3GTVDo9PB1tMNbeS/iptPpozI5BerMLHjK/asEeevrMPTTn8Dw8pehzszyh1sFAUJfL9zXS+D87CiMr34V2vUbJ3RaiqgoaApWSgFW0W4f6ctwhVaoRsLGymgz1Ivz4WtrlcbFfugdRKWmQZU+D0JfL2z/9pug+VJlZUNhHp5vhQKQVRcWbTZ4rl31n4tSCW9VJXyNjRPq+7T4vCN98HjgLS+HJi/f34eG+oh9CDl/UYT9zf8AVGpoN2yEQquF6HDAc/sm7G//3j8X6zZMf5vJjrNK5R/rwOk2NcBbUw3NsuUQXU64S64Ghcpn3KjQtuduGTQrV/kD2URERERERERERPRImtEAq0qlws7tG9HXP4C+/kFYrTa88dbhkHY6rRbbt6xHjHnkjz19A4M4fvoijp++GNJeoVBgef5CxMfFID4uBts3r8PJs5fh9fpw+dptXL52O2SbtEmGD2fSgpxMrFtdgItXb0IURVitNpw+fwUvPLMXGRmpMEdHwWIdwtCQDf/6u/enfbzZ2Odoixfm4F5OLaprGyAIAk6evYyTZy+Puc2yJYvQ2dWDazfL4HK7ceLMJZw4E7qMWuBvUZNtL9fY1Iq//8kvg95TKBRYkJOFhbljVKYYlpOdgeu37sLpdAWNYe78TLzywv5xtwcAu8OJX/7bOyHvJ8THTrmaLBERERER0RfNvLQUJCcmoLW9ExbrEI5+fga7d2xGUqK/UmJ3Tx+u37qLnt4+HHxu36TbR3rYdLIPd8qPKwgCzl0sgTnKhOyseXB7PLhZWoHq2gYcfPbJoIdprUM2HDt5Hvv3bEd0lAkDg1acPn8FMdFR2Ll9E7Iy0nCvqhYAcLO0AtmZ/n5cv1UG+3CANTrKJP2uajIaoFYFgrQuVNc1IjEhDharLeIDo1Oh1qihVCohCAL6BwbR3NKOvIXzJ7Tt2+8flQK8o39PnsoDwQqtFvoDz8N7vwqiy18J0tfcBMt//68Rt1GaY6Df82RQuG40x4fvw/FhhHsiGg30Tz0jBeHUS5ZCGZ8Aoc8/xuKQFUP/8L/G7PdUKBMT/X0evpnhvnge7ovnJ7StZlkBlCkpEDo7J91HhU4Hw0tfgrfx7/1hRVGEp/Q2PKWh99CmSle0Ga7TJ4PCkACgzp4Pdf6SUR1SQL/nSXhuXJcq0voa6jH4vT8P33+jEYbnnpequir0eqjS0+GtrJDajDnfs0SZmDzyQhTh+OAQHB8cGn9DhQKGZ5+Ht6Icvs4O/+ZDVth+/lPYfv7TGd1mOuOsTEiAMiYWPpvNfzy7Hdb/+T/GP78ZopqXEfTadeJzuE58DsBf9Tf6+38JhcHwwPpDRERERERE9DjqH7DgjbcOw2Z3TKsA4GSUllXi6PGz0GjUePHA3qDVvmni5HM3mbzT4yJwn3v0dVbf2IL3PjoGj8f/8Hru/EysX7NCeu9BjeVcfPceFjMaYAWAhLhYfP0rL+JmaTlu3amAxWqDIAhQKBQw6HXIyc7A1qJ1QcupJyXEY9mSRWhsaoV1yAav11+dQqvRIC0tGduK1iEjPUVqv3rlMmRnzsPZi9fQ3NIOh9MFURShUChgMhkxP2seVo6q0PmgbVq/Ck2t7WhqbgMA1DW04MyFq9hVXIQXntmDI5+fQU9vP0RRhFKpxNL8hRi0WNHc0j7OnkMlxMXO+D5HU6tVeHpvMY6dvID7tfXwen3QajRYkJsFtUqFsor7YbfbuX0T8hbl4tylEnR0dsPlcgMAlEolzNEmLFowHznzM6bcPiA+LgZ6vQ4dnT0QBAFGgx6b1q/C2lXLoZRV6IgkIz0V+3Ztw5kL1zAwaJHGUD+JCg9qtRpGgx7WIdtwxR8VFi2Yjz07t8Bo4FJrRERERET0eNBqNdi3exvePfwZBi1WNDa34Vf//m5Iu+SkhCm1j2SyD3eOPq7FOoQ3D30S9pgZ6alBD9PWNTTjn3/xH0Ft160uAABsLVqLzq4e9PUPorunD7/47dtB7dRqFYo2rEJCvH/J7oT4WMxLT0FNXSNEUcS5iyU4d7EECoUCSmXksOZkZaSnIDrKhEGLFR6PF+99dEw6x7m4EaZZugymb30Htl/+fNxKp0pzDEzf/g5U2RML3IbuQAnDCwehWblKekuVkgrjV74G2y9+LoVoZ4N27Tq4ziwJCl4GUalCqrQGKJOSYHz5y5H7qFIBghD+SV8A6rzFiPrOd2H72T9LYcaZpMrIhDpvMTw3rwe9r920GQpjaIVhVfZ8mL79nXH7o9DpYPrGf4I6L/jenn73Xniul4TdVmmOAXQ6CN1dUzybidE/sQuea1ekQGmQQJXYSPOZnALTn/05hv7pHyF0dU7oeFPZZjrjrDTHQLdrD+xv/DbsdaVKS4cwODAz1YnD0K7fANfnn0Lo75+V/RMRER&quot;
08-31-2019 12:58:53 Wire.java DEBUG [Forwarding screenshot on session 7924db1cdca3d9f58beaf776318b9ec1 to remote] http.wire 87 - http-outgoing-3 &lt;&lt; &quot;ERERHNJfmD4A9zULOpuU1aSSo7M33W7xs6nC5cv+1fRWh38eaRFa2cLrz57sfo6u6FyWjA1770XFDWbC6MDjquW12AXcVFc9onOfnc5S/KnePeRCYvmDDa/t3bsbJg5jN//QMWdHb1AADiYmOkVbnlcyo/9okzl6R5ns5Yyr/3kQT+PbBYhh7od+9hMuMBVsD/R6CN6wqxcV3hhNpHRRmxb9e2SR0jId4f2hxPXKwZ3/3Wa+O221VcNOl/VFYW5Ef80qjVKnzlpWfCfpaWmoRvvvbShI8zkRT3TO1zrPHS63V49qknwn729JM7Ih4rIz0Frx58esJ9m2x7AIiNMU877Z6fl4v8vPD/6ES6PnKyM/C9P/vGtI5LRERERET0qElKjMc3X3sJV0puo7yyWnq4FQB0Oi1SU5KwasUS6QbMZNuHM5WHO5MS4/FHX30RV2+UoqKyRjpu4CHKxYtyoNX4b52sXrkMGempuHDlRtDDtFqNBgkJsdKN1cCDvZeu3cKd8irY7Q6pXWZGKrZsXIv0tJEqjiqVCvt2bcNnJ8+jtr4JoijCHB2FHVs3oKWtA9dv3Z2ROYkxR+P5p3fj6PGz6Ontlx421uu0UI5R1XTWKBTQbtgIzdJlcJ46DvelixC6OqWgpkKng2peBnS79kC7cRMU+vGrLuqKdwI+L9w3bkC02wCNBpr8JTC8+BLUixaHVG/VbtoM1bwM2N98A96qSoguFxQ6HdSL86Hf8yRsv/mVVKFVGRsPhX7yD6cqjCZEf+/7cBx6G64L56VqpQqDAfoDzwEuFxyHI4etA320/eaX8NbXAR7PSB+f3A/bb34Joacn4vaaFYWI+clP4b5yGa4Tn8PX0eEfGwBQKqGMj4d60WLotmyDpmDF5E5OpYJ27bqgAKsyPgGatevG7s+P/wnO45/BfeEcfO3t/hCuUgllYhK069ZDv+9pKOPjQw+XPR/Rf/0D2P/9X+GpvOcfi6ho6LZsheHgK7D9+nW4ZznAqkxOQfRf/Q0c774F97Wr0vWqjImB4dXX4Ll1A+4roasJBahzFyDm7/8B7iuX4Dp7Br6mRmk+FDod1AsXQVe8E5oVK6e1zXTGWb93H5RmMxyH3pGCuqqUVBheOAh1/lJY/sdfz1qAVZWWjui//Bs43vk9POXlQeepTEjwh7aJiIiIiIiIvoD6ByyoqKyRXns8XlgsQ3PYo8jGykLNhotXbqCruxfJSQnIW5Qjve90umCz+e9BmExG6B+CMN+1G3ekUCMA9PYNzGFvQnX39gHwByLN5qg57k14DqcLQ4F5lQWTA6HWo8fPoru3b8aDwZHycIE5HX39TSVHGM6y/EXSfgKVhoHI4ecH+d17mCjeeecdMS8vL+jNwsJCuCzTr9pJNJvkKXWWviYiIiIiIiJ6vLivXcHQT/5Bem04+AoMLxyc8PaO9w/BffUyDAeeg6ZgJRRmMyCKEPr74Dj0DlxnT0tVKLVFWxD1p98NCcE+7uy//x2cHx+WXut2PAHTN/+E40REREREREREJBOu4uTDVr1zLgSWTHd7PCEVaScS9nuQ5P0JeNiWeQ9cZw9bv+TkFU/lWS/5+w+q/4Hrz2Z3PJDcmTznNluVZifLKRrnugsAZqkCKxERERERERER0cPO19yEof/7T2O2Ueh00O14gqHMUYTubrivXZZeK3Q66LZu5zgREREREREREcnUN7agudVfRDA/LxfNLe2w2R0h1TvlYbqM9FS4PR50dftXBwqE60YvYT86BDf6cyC4yiUQHMTcuX0T7lbcR1d3L9atLsDmjWvw5rsfo6u7NyTQF27fAEK2G22soN7npy7AZndg3eqCoPAqMFJNFACSEkJXkZELFxAefdxIS7kHlm8ffXw5h9OF67f9K2UlJyVAq9Ggpa0DNpsdTqdLClrKx2jFssXo6OqRxiTcccKFYgNGj/94Iej+AQs6u/wrNUWZjEHhz/G2dThdEedvpsOkFsuQdA0lxMeO2TbS+ITrk/z7IxcYx8D8B74PN27fDboe6hqa8Xc/fh37d29HVma6tK/R4elwYzn6OxZJ4DtvMhqQlZke9Jl8DuRzH+i3RqPGkrwFuFNeBSD4epL3KdzYfBEC9AywEhERERERERERhaPRwHDwFWiWLpvrnjx03NeuQOjslF6rFy6CKid3DntERERERERERPRwcThdOHXuilRVcuO6QjS3hF8Ru6m5TQrfuT0e7Ny2ERbLEI4ePyuF65KTEvCnf/xVfHT0JOoamnH24jVkZaYHLcEeCL/JA3FvvHVYCthVVtdJxzx1duTh5KSEeHR0dqN/YBBAcLgwXGXP/gEL3n7/CBbkZMHpdAEAvvVHX5ZCfIFtjp+5CLM5KiQgGgj2mowGrClcHjIegbCfRqOG2RwVdszkgdFAYDUQepQvRR/oy+gQaWlZJa7fvovUlKQxZhG4eOUGurp7odGosXPbRly7cSdsO3k48979Wrx4YC9iY8xSGPLajTvSscP1SR7YzF+UG3SOAPClF58KahcIYO4qLsLAoAVujwfAyNxNZNs1hcul/o0OP779/lEkxMfOaCXUQDBZo1FjQU6W9H5tfZM0dtmZ6TDodeju7QsKWgbOp6u7Fx8dPRkS8jQZDdI1GLj+8xflwuF0obG5DQBgMhmh1+ukfYariFpaVil9FwPh6XDXWuDYvX0D44ZX5QHjQB/kwn335P0O+PNv/6H0vX7rvSNS39evWSGNzcUrN7CruGhC879l+64x+/2gMMBKX1i7ioseqjQ4EREREREREX1xaJYvh6+5Ed66OoiWQYgu/412KJVQJiZBU7AC+r37oMrInNuOPoREuw3uyxdH3lAooN26HQrdw7csGRERERERERHRXLlfXS9VtVxbuByxMWaYTEbY7A4M2exwyKp3yoN9O7dtlMJmAeEqmQaCcCfOXEJdQzNMRgP27NwCADDodcjOTEdXdy/cHg8GBi3Q63UYstkBhK/UWFpWKYUIA8E9+b5feGaP1D4u1oxv/dGXpW2/8bWDQX1LiI8NqfoYIA/27i7eHBL+k4f94mJjwgZM5fvInZ8pjU1WZjpMRgNsdgcam9vgcLqkvmg1GsTGjBxrZUH+uMu49w9YUFFZAwDInJeGnOwM1NY3oa6hWRrXQP8D4WB5Rc7+AUvIPkvLKqWx2V28WQq1yq8BszkK/QMWfPzpKXg83qAqtfJzDAR9AwHQQDB0otvq9TrpmhxduVVeAXa0SBV5R1eOlZMHMuVzUVpWKQUqc+dnSlmw0Zmw2BgztBpN0DED22o0ajyzb6c0Fwa9Trom+wcssA1f9/JzjFQRdbx5kF8zE82tyQPGo8cZCA4/B757TqdL6nfmvDQ8tbcYjuGwOBD8Ha5vbJHeT0qIn9S18zBggJWIiIiIiIiIiL5wtOs3Iv7Nd6e8vTovH1F5Y9+gpvAURhPMP/zRXHeDiIiIiIiIiOih1T9gwdmL1wD4g2Z5i3Jg0OsQZTKiq7s3aPl5ebBPHtgcHaQL7Fe+VDwAaVub3YF/+c3vQ/oSCAvKqzwGqlzKyQOYWZnpQeHNlOTEMatMRlrufXRoFBipaBoYl9HGC/sBweHgQLXSSNYULkdFZY00PuHCu5F8fuoCbHYHNBo11q9ZAWAkYOjxeGGxDAHwhzMD4WB5hc3RlVEdTheu377rbycLToa7Bu5X10uVQEtulgUteR8QqNYZCCMGxlte0XesbQ16HdYWLg+q9DuR5eVzsjPwvT/7xrjjJycPZI6+VuWh3wB5FeFwfZePZaSgMxBc3ThwrUSqiBpuHi5euSFdA/KqsZMhD6iGu15Hf/ci9Vs+hvLvhjzAbDZHTXj+HxYMsBIREREREREREREREREREREREc2QQPARALq6e/GTn/026HN59c5wobRIodbRgUj5tuMFD5ua20KqPAaEC2B2dHaHLEs/mjy4Gqi+KQ8ejg6+BkKxgUqz4UKk8uXkI4VTw4V7R49PYCwNeh2++63Xgpag/8nPfjtukFVeKdXj8UpLtofrR6Rg4ejKmvJ28uBkuO0D+w4X7pQLN3cT3RYYqUR74swlKexYcrNsQkHWyZCHKsfat/z60WjU+NKLT0&quot;
08-31-2019 12:58:53 Wire.java DEBUG [Forwarding screenshot on session 7924db1cdca3d9f58beaf776318b9ec1 to remote] http.wire 87 - http-outgoing-3 &lt;&lt; &quot;kViY8ePysFSSON+WjhrhX5dSIPc4fb5+hw8FQEAqqjr9fA+YYLP4frd7hQKxAaYK6tb/Lvb5z5d4pTOp0ZxwArERERERERERERERERERERERHRDKhvbEFzazuA0CXVAyFBefXOqVZaHF0NcrwlwcNVeQwYrzprOKOrie7ZuSWk76ODr4Fgr3xZ89EC5xEu7Dce+fgEKqYGBKqGyoOsF6/cCBukHH1u8hBgYHuPxyv1NVKwcKwxlxsdTJaTh53DGWvuxttWbldxEXYVF0nX6O2ye1iQkxVxniYrEMgEQgPUcvLquoUFS6TjB7afTJA0UhB8dLA4INI8Toc8oBqu7+Hmb6pVmUcHxic6/7dv357uaU5JYWEhAEA5J0cnIiIiIiIiIiIiIiIiIiIiIiJ6hDicLpw6dyViiFIelguE0aZTaTEu1oyl+QsBAHUNzSgtqwzqyxtvfYj6xpaIVR4DwgX6UlOSEBcbAwCoqKxB/4BFav/BJ8fRNBywG01efVZ+voFgr8lowJrC5RHHb6ywX8CCnCxoNGp4PF6p2mR9Ywtul90DAOwu3oyc7AycOHMJv37jEBxOV9hzjeTilRtSiHJp/sKgAGBsjBlajQYAMGSzw+F0hZ3DcGOu1+tgMhkBADabHc7hfl27cSckmLymcDlMRgM8Hi9OnbsSdA6lZZV4+/2jIecTGO+JbOtwuvDrNw7hxJlLQec+XhB6qqYTTJbPbWAs42LNSElOBAA0t7ajvrFFan/izCWUllVGDIJHChaHm8fA989md+DGcKg50KcPPjk+bt/lfRgdMAXCz990qjIDE792HhaswEpERERERERERERERERERERERDRN8uCjvHrkWMItUT6ZSou7iouQlBCPo8fPSv8FJCclIDUladzl1uVLzgcCfQa9Dt/42kGpIue//Ob3QfvNykzHTq0G7310DDa7Q/o8cA7yfcmDvbuLN0+omqh8nwGBaqg52Rl48cBevPfRMWnJ+0C/Xn3pmaDAX1d3L37ys9+GHGv/7u1YWZAf8r48LJmclIDNG9eE7atcYA7lwcJIY/7CM3vwxluHw56f/BqIizXjj//wFbz57sdhz2H/7u0Aws/dRLYNjHVXd680fgHjLT0/WfJrVz5G4awsyEdldR3qGpqluTUaDdLn8iqzr7ywH6VllTh6/Czeeu9ISP/l4c5AEHWsMHe4eVxZkI+szHS88dbhoGsNGJmDscjD6KOr6wLh5y9cKHUyVZkneu08LBTvvPOOmJeXF/RmYWEhXJb2OeoSERERERERERERERERERERERERPQoCIVh5wJT8+gcsUqB13eoC7Coumusu0WPCKfqrAd++fXtOjl9YWAgAUM7J0YmIiIiIiIiIiIiIiIiIiIiIiOiRFqhoqtGosXPbxsc6vFpaVolfv3EoaEn3z09dgM3umHC1V6JHjXquO0BERERERERERERERERERERERESPnpzsDHzvz74x1914KHT39oVd0p2VV+lxxgArERERERERERERERERERERERER0SzaVVzEoCrRKMq57gAREREREREREREREREREREREREREVMrNtIAACAASURBVD1eGGAlIiIiIiIiIiIiIiIiIiIiIiIiIqIHigFWIiIiIiIiIiIiIiIiIiIiIiIiIiJ6oBhgJSIiIiIiIiIiIiIiIiIiIiIiIiKiB4oBViIiIiIiIiIiIiIiIiIiIiIiIiIieqAYYCUiIiIiIiIiIiIiIiIiIiIiIiIiogeKAVYiIiIiIiIiIiIiIiIiIiIiIiIiInqgGGAlIiIiIiIiIiIiIiIiIiIiIiIiIqIHigFWIiIiIiIiIiIiIiIiIiIiIiIiIiJ6oBhgJSIiIiIiIiIiIiIiIiIiIiIiIiKiB4oBViIiIiIiIiIiIiIiIiIiIiIiIiIieqAYYCUiIiIiIiIiIiIiIiIiIiIiIiIiogeKAVYiIiIiIiIiIiIiIiIiIiIiIiIiInqgGGAlIiIiIiIiIiIiIiIiIiIiIiIiIqIHigFWIiIiIiIiIiIiIiIiIiIiIiIiIiJ6oBhgJSIiIiIiIiIiIiIiIiIiIiIiIiKiB4oBViIiIiIiIiIiIiIiIiIiIiIiIiIieqAYYCUiIiIiIiIiIiIiIiIiIiIiIiIiogeKAVYiIiIiIiIiIiIiIiIiIiIiIiIiInqgGGAlIiIiIiIiIiIiIiIiIiIiIiIiIqIHigFWIiIiIiIiIiIiIiIiIiIiIiIiIiJ6oBhgJSIiIiIiIiIiIiIiIvr/2bvv8LbKsw3gt4YleUi2vOO9E2c6OyQQEkICZLBHSwv9uqH9vkJLJ5RSKJQWymhpKVAoUFpGIKyEBBJCdiB7Oo4T7z20LMna4/vDtYgTW36PZ8b9u65eV3XOc877HOvIrZ3bzyEiIiIiIiKiEcUAKxERERERERERERERERERERERERERjSgGWImIiIiIiIiIiIiIiIiIiIiIiIiIaEQxwEpERERERERERERERERERERERERERCOKAVYiIiIiIiIiIiIiIiIiIiIiIiIiIhpRDLASEREREREREREREREREREREREREdGIYoCViIiIiIiIiIiIiIiIiIiIiIiIiIhGFAOsREREREREREREREREREREREREREQ0ohhgJSIiIiIiIiIiIiIiIiIiIiIiIiKiEaUcjUU9Xi/qG1pQXVuP5pZ2mCwd8Hl98Hi9PZtTKqBSqaBWRSAxIR5jUpOQnZmG1OQkKJWK0Wid6IIVCATQ3NqOyqo6NLe2w2A0w+3xwO329KiTy+XQqFXQamOQmpKIvOxM5OVmQhURMUqdExERERERERERERERERERERER0dlmxAKsLpcbB48ex6EjZTBbrAgGg/0e4/P54fM54XA4YbZYcbKyBgAgk8mgj9Nh4vgiTJ4wFtqYaOE+/H4/3lj1Eeobmgd8LadTq1VQKBSIj4vFmNQk5GZnIjMjdcgDe5YOG1576wPY7Z3Cx8hkMixdcikmTxg7JD2sXb8Fh44el3RMUmI8vnbzCkRqNP3WdnY68O+VH8Jk7hhoiyEymQxqtQpyuRzamGgkJeiRnZWO3KwMaLXi90w4Q9kv8GXPSqUSCfpYZKSlIi83c9RC2z6fH8dPVmHfwaNoaTUgEAj0e0wgEIDD6YLD6UJrmwGHjhyHTCZDvD4Oc2ZMxsTxRZDLOfyZiIiIiIiIiIiIiIiIiIiIiIjoQjbsAda2diO27NiNqpoGofCbiGAwCJO5A1t37MG2nXuRmpKISy6agfzcrH6P7XQ4YbXah6SPbt0TKB0OJxqaWrBn/5FQYG/29MmYUFw4JOFDk9kCt8st6ZhgMIiW1vYhCbCWn6xG6fEKycfF6rRC4VUAsFhtcDicktfoTTAYhOu/Xy+Hw4nWNgOOlp0EAERFajChuBCzZ0yRFIAezn6BU3t2w27vRG19E3bs2g+5XI7UlETMnTUV+blZwx4AdThd2LZzD46UnoDX5xv0+YLBIIwmMz5avwWbt+/G3NnTMG3KeAZZiYiIiIiIiIiIiIiIiIiIiIiILlDDFmA1W6z4bOvnOFlZKzRtdaCCwSCaW9qx8r11SEzQ48ZrroQ+TtdnvdFkgcM5dIHDcH0ZTWas3bAFn237AvNmT8OMqRMHFdhrbG4dUJiwzWCC3++HQjHwEK3N3okt23fDN4D1szLGCNe2G0xwe7yS15DK4XRhz/4jOHD4GKZOHo/5c2dCpZI+MXek+g0EAmhqbsM7H3wCnTYGl82fg+Kx+UO+jsfjxdade3Dg8DH4fP4hPz/QFSL/dPNOlJ2oxIorFyIutu/PKxEREREREREREREREREREREREZ2fhnz8YSAQwM5d+/Hiv1biREXNsIZXT+f1+qBQhL+ktnYjvN7BT5SUwuVy47OtX+DNd9cOalpnS6thQMdZrXZ0DnJK6Lade2E0WyQfF6FUIikxXri+sal1RO8Zn8+PPfuP4OX/rBrQ9Y10vwBgtdnxwdqNWP3xpiENmZaVV+L5V97Cnv1Hhi282i0YDKKhsQWvvfUhGptbh3UtIiIiIiIiIiIiIiIiIiIiIiIiOvsMaYDVbnfg9bfXYMuOPcMegOuNTh&quot;
08-31-2019 12:58:53 Wire.java DEBUG [Forwarding screenshot on session 7924db1cdca3d9f58beaf776318b9ec1 to remote] http.wire 87 - http-outgoing-3 &lt;&lt; &quot;eD6KjIsDV1Dc0j1E1PwWAQtXWNAw6xdnY6YBpAwBIAnC4XzBbrgI4FgPKT1Sg9XjGgY6OiIpGYoBeqdbs9aG03DmidwTKZO/DGO2vQbjAJHzOa/QaDQRw9dgLvf/TpoD9rHo8XH3+6DR+s3Qi7vXOIOhRjt3finQ8+QW1d44iuS0RERERERERERERERERERERERKNryAKsjc2tePWN91DfODoBUQDIzkyDQqHoc7/T5UKH1TaCHZ2ptc2Azdt3Sz7OYrUNeHqrx+OF0WQe0LE2eye2bN8Nn29gU2tFQsXd7A4HbDb7gNYZCjZbJ9Zv2iEcCB3tfgGgoqoWew8eHfDxdrsDK99bhwOHj434JNluDocTaz7ZPKAJuERERERERERERERERERERERERHRuGpIAa1VNPVa+tw7WUQzzKRQKpCQlhK0xmTtGPXAIAOUV1WhoapF0TLvBBLfHO+A1m1vaB3Tctp17BxUsTEtNDhsqPlVLqwEut2fAaw2FhsYWHC49LlR7NvQbDAax/2DpgILZlg4r3nz3o1ENnXez2uzYtHXXqExuJiIiIiIiIiIiIiIiIiIiIiIiopGnHOwJausasfrjTXC53JKP1WjUKMjLxtRJxdDrY3tM6rTZOtFmMOFYeQUqqmr7PX9kpAbJSYlhawYbAh0qLpcbx09UISMtVfiYxqbWQU3INJjM8Hi9UEVECB9TfrIapccrBrymXC5HSnL49+RUzS1tCAQCA15vKAQCARw5dgITxxf1+7U6G/oFusKf1bUNKJlULHyMw+HEu6s3oN1gkryeRqPG+LH5mDCuEMnJCaGvU6fDiaqaeuw7eBQtrQbJ92tldR3KT1ZhQnGh5J6IiIiIiIiIiIiIiIiIiIiIiIjo3DKoAGu7wYTVn2yS/Gj7mJhoXHbJbBSPzYdc3vsQWK02GlptNPJzMxEIBFBWXonPtu2C3d7Za70+TgdtTFTYdaWEQHOzM/CVG5b1ud9m60RNfSP2HjiK1jbpYb3G5lbhQKnb7UFru1HS+U9ntXXC4XBBFSsWYLXZO7Fl+274fL4Br6lRq5CaIhZg9fv9aGkzCJ97eskELLns4jO2BwIBdFjtqKtvwoEjxwYUpDSbrbBYrEgOM9F3qPo9tefK6jrsPXAUZkuHpH6DwaCkAKvP58faDVvRKqF/AIiKisT8uTMwZeK4Xj+30VGRmDS+CJPGF6GuoRmr130maSpzIBDAvoOlKMzPgUolHrQmIiIiIiIiIiIiIiIiIiIiIiKic8+AA6w+nx/rN+2AzdZ7oLQ3MpkMJZOKcdn8OZICanK5HBOKC1GYn4MtO3Zj/6FjZ0y+7O9R9R6vFwaTWXjN9LSUsPu12uhQWO/gkTJ8unknvF7xsKeUQKnd4YBNQhCwN26XGyazBXGxWqH6bTv3wmi2DGpNrTYGMVHhQ8XdOh1OWK1i1yiTyZCaktTrPrlcDn2cDvo4HaZMGoeqmnqs/lhayNrldqOlzRA2wCqlX7lcjvQw03a7e54xdSKmTRmPLTv2YPe+w5Kmu5otVrjdHqjVqn5rN2/fhYqqWuFzA0Bm+hhcu+xyxPQTEu+WlTEGN193Fd56b62k7xGt7UbUNTShIC9bUn9ERERERERERERERERERERERER0bul9/KmArTt2o76hWXwhuRyXzpuJKy+/ZMDTFVWqCCxeOA/Lr1wIterLoJ5CoUBGP4FTm70TFotVaB2FQoGUMOHF05VMKsb4sQXC9QAQDASEJ4O2tBrgcnsknf90Xp9P+HHx5SerUXq8YlDrAUBKUoJQoBIADEazcMhUo1YjNVlssmteTiauXHQJlErxrHYwGESH1Ra2Rkq/apUKSQl6oVq5XI5LLpqBjPS+A6+9CQaDCAjcT5XVdTh4pEz43pPJZJhQXIiv3LBMOLzaLSkxHlddPh8REeJfe5/Ph5q6RknrEBERERERERERERERERERERER0blnQAHWhqYWHCotFw7ByeVyXDZ/Di6aNXUgy51hwrgC3HD1EkRFRQIAIiM1SE4KH2g0Gs1we7xC5xc53+kK8rLCToAdjNY2g6RpnH1pamnrt8Zm78SW7bvh84lPk+3LmNTep6T2pt1ggldwTa02GlptjPC5C/KyJPUCAO5+AsNS+tXpYhCrE5t8CwBKpQIFuVnC9aIcDic2bdslaVJwQV42li6+FErlwO7t/Nws5OVIu5bG5lZ4vGKfVSIiIiIiIiIiIiIiIiIiIiIiIjo3SQ6w+nx+bNmxBy6XW/iYaVPGY+a0SVKXCis7Kx3Lr+iaxKqP00Hbz3TIhqZW+P1+oXPrtNGIitJI6icuVgdVxMAmy4bj9/uFgqciuh8zH862nXthNFsGvZZGrUKK4JRUAKiTMM03Xh+LSI1auF6hUCA5MV64XoSUfvVxOuFJtKceM9SB6H0HS2EwmoXrU5ITsXTx/AGHV7tNLC6QdC0dHTZ0dopNtyUiIiIiIiIiIiIiIiIiIiIiIqJzk/izvf+rsroOTc3igcqU5ETMmz1N6jJC8nMz8ZP//Wa/dVJDoGNSkoYljHoqtVoFlcCj1TsdTlit9iFZ02azw+5w9BmmLD9ZjdLjFUOyVlRUJOIEp452djpgkhCaTUtNltyPXD6gYcO9ktpvdmbakK3dl/7uJ0uHDYclTE1Wq1S4bP6c0JTjwUhNSUJMdBQ6rDaheo/XC0uHFfo43aDXJiIiIiIiIiIiIiIiIiIiIiIiorOTpFSf3+/H/kOlwo+XVyqVmDd72pCE4AZDSghUJpMhNUXa4+YBwNJhlfTY81idFtHR4afGAoDRZIHDKTaNUqeNCRvUdLk9aGk19LrPZu/Elu27hd/b/ujjdELXBwAWqw0Oh9g1qlQRA3p/AoGApPp4fWyf+6T2mxCvl7Q20DUtV3RiMAAkJ8aHnXJ66GgZrDbxIPS4ojzkZKUL14cTHRUJnS5GuN7vD8DhdA3J2kRERERERERERERERERERERERHR2khRgra5tQENTq3B9TlY6CvKyJDc11KSEQDVqNVKTEyWvUVldLylwmJ6WIlTX1m6E1ysWKh1bmAu1qu9H1QcCAbS29R5g3bZzL4xhporK5XJJj5IfI2FKarvBBLdHLPwbqdEMaDKnydwhXKtQKBATJnwrpd+Y6CgkxscJrw10BcWrauqF6+VyOdLTUvvc73A4UX6yRvh8UZEazJg6Ubi+PwqFAhFK8WHPgUAAPsF7noiIiIiIiIiIiIiIiIiIiIiIiM5NkgKsR46dkDR9derk4rBTIUeKlBCoVhsNrVZ8WiTQFWisqK4TrteoVcjLyRSqbWppEz5ndmYaIiPVYeva2o1nbCs/WY3S4xVhjyvIywobjj2VQqFASlKCUC0ANDa1Cj/aPl4fC53E98fSYYPR1Hc493QajRqJCfF97pfSr5RJtN1q6hrR2CweFNfGRCMzve8Aa2VNPcwW8QBvUUEukiW8fyISJIZ4iYiIiIiIiIiIiIiIiIiIiIiI6PwmHGC12uxobmkXPnFSoh5ZGWkDamqo1TU0C9fG62MRqQkfAj2Vw+HE6o83wW7vFD4mOysD6WP6n8DqdLmEg5dRUZFITUlCrE4btq7DakNnpyP02mbvxJbtu8MGkxP0ccjLyYTL7RHqJTJSg+QksSm2brcHrb2EavsiOrn2VEdKy2GT8P7E62MR28cj76X2K2USLdAVhl736VbhwDUATCguCBvqPVlZi0AgIHSuiAglxhXlCa9NRERERERERERERERERERERERENBDCz/Wub2yRFALMzc6AShUxoKaGktPlQofVJlyfJiFwWFvXiDWfbIbVZhc+JjJSg7mzpwrVmswdsAmeWx+ngzYmGokJelTXNvRZ53A4YbHaQlNBt+3cC6O575CsUqnEpRfPQmNzK/x+v4RexKaO2h0O4WuUOtkVACqr67Fn/xHhiakymQxF+Tl9Tg4ern4DgQBKj1fg08074XK5hY4BusLF06ZM6HO/1WZHS6t48FwfF4vUlCTh+uEgl8uhjBD+1kRERERERERERERERERERERERETnIOGUWE1tg6QpjmfL9FUpIVCVKiJseM/pcsPSYUVFVS1Kyypg6bAKBy&quot;
08-31-2019 12:58:53 Wire.java DEBUG [Forwarding screenshot on session 7924db1cdca3d9f58beaf776318b9ec1 to remote] http.wire 87 - http-outgoing-3 &lt;&lt; &quot;OBrmDeJRfNQGqy2HRSo8kCt8crVNs96TM5KQEymazPvtweL4wmC9LHpKD8ZDVKj1eEPW9hfjYK87Nx4PAxoT4AIDkxvs8A6OlaWg3Ck101GjUSE+KF+2hsbsXaDVvg9oidHwDi42JRPDa/z/1S+u1vEm2nwwmzuQPHyitRXlEtaYovAKhVKixaMBfamOgw/bbDfsrE3f5kpqdKmkAsSnSSMAAoFHJERWqGvAciIiIiIiIiIiIiIiIiIiIiIiI6ewgFWD1eLwwms/BJoyIjkRAfN+CmhlK7wSQcAvV4vHj97dXD0odMJsP0kgmYXtL3tMzT1Tc0CwVkI5RKpI9JAQAkxMdBrYroM2QZDAbR0tqO3OwMbNm+Gz5f34+q12ljcMncGbB3OmAydwj1LJfLkZ6WKlQLAM0tbcLB6FhdDGIEJru6XG5s+3wvDh4pg88nNjUW6Op91ozJYQOhUvq12zvx95deF15fCrlcjksvnoX83MywdQ1N4pNzpb53w0WpUCI6KnK02yAiIiIiIiIiIiIiIiIiIiIiIqJhJBRgdThcsNrEp0PqdDFnTQCtsalV0pTU4SCXyzFn5hRcOm+W8DFSQsNqjRrx+q7AsDYmGmq1OuyU0LZ2EzZv3w2jue+pmHK5HPPmTEOCPg7VtQ1wOJ1ivahUSErQC9X6/X60tBmEagEgMV4PVUTEGds9Xi86OmyorW/CiYpq1De2CIdMT5Wfm4WJxUVD1u9wiYhQYsnCeZg8cVy/tW3tRuHzSnnvpHC63JKmwEZGqs+a7x9EREREREREREREREREREREREQ0PIQCrGZLB9xut/BJ9bE64UfIDyepk2OHg0ajxpWLLgn7WPre2O0OdFjtQrX6OB20/51MGh0VCZ0uBh1WW5/1DU0taGhqCXvOU8Ocbe1GeL19T2o9lVYbDa02Rqi20+GEVfAaAeBwaTkOl5YL10uRkpyIpYvnQ6ns+76V2u9w0GljcO3yy0MTd8NxutzodIgFjwFApYqARqMeTHu9crs9cDhdwvXR0VHD0gcRERERERERERERERERERERERGdPYQCrDZ7p6RHsavVqgE3NJRs9k5YLNZRWVsmk2FsYS6uWHQJoiI1ko83GE1wucRCw8mJ8aHAsEKhQHJiPOobmvus728ibUxMNC6dNzMU5mxqaRPsGojXxyJSMHxoMJrhkBCwHC7x+lhcs2wRovqZ+jma/SqVCkydPB7z586ESnXmFNreuFxudEqYfKpWqxDRy4TbwTKZLXAL3stAz/uZiIiIiIiIiIiIiIiIiIiIiIiIzk9CAVan09Vv6PFUSQnxA25oKBmNZrg93hFdUyaTIS8nAwsuno3kpIQBn6e13Qi/v//QsFwuR3paao9tiYN4DLxMJsPMaZOQlNj1HjpdLhhNFuHj01KThWvbDSZ4fWKTXYdLZvoYXLvscsT8d4JtOKPRr1KpwNjCPCy8ZDa0MdGSjnU4nUL3ULeY6Cjh8LEUjc2twl+33u5nIiIiIiIiIiIiIiIiIiIiIiIiOv8IT2A9FzU0tUoK8A1W14TMGf1O8hTR2NQqVKdWqZB0WmA1IV4PlSoCngGEdzMzxmBGycTQa5utE3a72BRPlSoCqSlJwmvVhZkSO9zkcjmml0zAgotnhybN9mck+1Uo5Jg7expmTZ8M1QCnono8XvgDgSHuTBq/34/a+ibh+shIDcZIuIeIiIiIiIiIiIiIiIiIiIiIiIjo3CQUYD0X+f1+NLW0jeiabe1GKJWD/5J2djrQYbUJ1ep0MYjVaXtsi9VpoVKpJAdYNRo1Lp03s0egs6XNAJdb7PHvkRoN9HE6odrOTgdMZvHJrkNFJpMhJTkRixfOQ0ZaivBxI92v3x+AwWgecHj1bGE0WWAwmIXrkxL0iNXFDGNHREREREREREREREREREREREREdDY4bwOsnQ4nrFb7iK7Z3NqOo2UnMG3KhEGdx2CywN4pNvVUH6eDWq3qsS0qSgOdNhp2CZNzZTIZZpRMRMZpj2+vb2hGMBgUOke8PhY6rVj40GK1weFwCvc3WDKZDKkpibhs/kXIyhgj+fiR7hcAKqpqUV3bgNzsjBFddyiVnaiE0+USqpXJZCgemw+FQmwiLhEREREREREREREREREREREREZ27hiXA6g/4h+O0khhNFjicYoHDSI0Gt960HMlJCWfsq65twKoPP4HX6+v3PIFAAAcOl6F4bAEiNWrJPXdraW0Xnp6anZl2xjZVRAQS4/VoahafQJuSnIgZ0yb12ObxemEwiU/P7O3r15d2gwluiRNipZLL5UhJSsDE8UWYWFwIzSDeEyn9xutj8fWbr0Z0dNQZ+/YfKsWGTTsRCAT6PY/X68PeA0eRlTFmREKdokFlUR1WG0rLKoTrtTHRyMk6d8O6REREREREREREREREREREREREJG5YAqwmc8dwnFaStnajUOgUALTaaGj7mByam52BvJwslJ+sEjpXu8GEQ0ePY86MKcK9nq6pRSx4qlGrkJKc2Ou+xAS98HpqlQrz5848I3RrtzvQITjFVqFQICMtRXjNxqbWIQlMymQyqNUqyOVyxMfFIi5Wi/S0VGRnpkEfp4NcLh/0GoC0fvVxul7DqwAwsbgIh0vL0dzSLnSumrpGVFTVYWxhrnCvA2XvdMDpciFSoxmS8x0+Wg6rTXwKcl5OJuJitUOyNhEREREREREREREREREREREREZ3dhAKspz+ivj8Go/jUzuFS19AsXBuvjw07MXXWtEmoqW2A2+Pp91zBYBD7D5aiuCgPsTrpYTynyy0cAI6KikRcH2skJcYjQqmE19d/iHfShCLk52aesd1gNMHlcgv1olZFIEEwNOt2e9DabhSqBYCLL5qOSy6aIVw/1KT2OyY1uc99KlUEppdMxNr1W4SmsPp8Puzaewi52RlQqSKEewAAnS6m6x4QDHLb7Q7YbJ1DEmBtaTNg36FS4dBvVKQG00smDHpdIiIiIiIiIiIiIiIiIiIiIiIiOjcIjaeM1Wkhk8mET2o0WWDpsA24qb7Y7Q78+60P8fzLb6Kz09FnndPlQodVfP20MIFDAMhIT0VeLwHPvnRYbdiz/4hw/alsNjtstk6h2nCTPuP1cVCHCeV2S9DHYc7Mkl73NTS1wu/3C/USF6eDNiZaqNbucMAmOJlToVAgJSlBqHa4DHW/YwtyMSYlSXj95tZ2HC07IVzfTaNSQSNwD3Rzud3C03/D8Xi8WL9xO5xOl/AxRQW5SB7l95mIiIiIiIiIiIiIiIiIiIiIiIhGjnCANSJCaFgrgK5HkVfV1A24qd5U1dTj5dffRX1jM5KTEvoMbgKAydwhHDhUqSKQKhAmnDF1oqQw4NGyk2hpMwjXd2s3moUmvQLhJ31GatSIjooMe7xSqcSlF8/qM3jaJmHqaGK8HqoIsQmhLa0GuNxi16jRqJGYEC/cx3CQ0m9kpAbJSYlha7qmsE6AXC708UMgEMDe/Udhs4sFm7tFR0dBH6cTrg8Ggyg9XgGfTyy03JetO/dICsLG6rSYO3vqoNYkIiIiIiIiIiIiIiIiIiIiIiKic4tQgi4xPg4xYQKjpwsEAth/6BgcDueAG+vmcLrw3poNWPneOtj/G+Drb2Jqu8EEt8crdP5IjUYo5JeRlorc7AyhcwKA0+nC/oOlwvXdGptahB4t39+kT7Va1e91FeZnY2xhbq/7rDY7TOaOfvsAAJlMhsyMMUK1ANDc0iZ0jQAQq4tBTIz4vTccpPSr00YjKkrTb11hfo6kKawmSwdKj1cI13fLzkyXVN/Q2ILyk1WS1wG6PvcbNu3A3gNHEQwGhY6Ry+WYO3sqYnXaAa1JREREREQXjpbGehzY8zmCwSCcTge2b1oPq8U82m0RERERERERERERERHRAAmNVY2OjkJyUoJwoBHoCpGu3bAV1y67HEqlQnJjgUAAew8cxbbP98JzShhVZGJqY1OrcIAuXh8LnTZGqHbOzBLU1DUKPxq9vKIakyeORUZaqlC93+9Hm8EkVCsy6fO65YuFztUbo8kCh1MsgKxWRSAhPk6o1u/3S5pMOyYlSXiy63AYrn5VqgjMnjEFH677DD6fr9/6YD&quot;
08-31-2019 12:58:53 Wire.java DEBUG [Forwarding screenshot on session 7924db1cdca3d9f58beaf776318b9ec1 to remote] http.wire 87 - http-outgoing-3 &lt;&lt; &quot;CI/QdLUVyUJynsmZudgahIDRyC92wgEMCm7buQkKBHanL4++tUHo8X6z7dirLySuHPHgAU5GVh0vgi4XoiIiIiIrow1VZV4P4ffxdOhwP3/OZRlJcewZuvPIcZcy7BLx9+AtEx/KO4800wGITDboff3//PzL2Jio6BchR/n0BERERERERERERERP0TCrACwKTxRaioqhMK23U7WVmDN95ZjaVLFggHHF0ucUdiGgAAIABJREFUNw4cPoY9+4+gs5cJrjHRUUgMcy6P1wuDSXwCS3painBtanIiivJzcOjocaF6l8uNz3cfxPUrFkOh6D/Ea7M7YLZYhc6tj9NBO4yTSdvajfB6xd5rrTYG8fpYodpOhxNWq12oViaT9RtWHm5S+pXL5UgXDCsDQH5uFtLGJKOuvkmovsNqw579R3D5grnCayQnJSAzI03SVFWbrRNvvbsWSxbOQ/HY/LC1gUAAZeWV+GzbrtCEZFEpyYm46vL5Qp8NIiIiIiK6sCWPSUNR8STs2LwBD/7sh6Htk6bNRFS02B+l0rmlqb4W9//4+2hurBvQ8T++72EsWXHDEHd1dnG7XPjzo/dj0ydrAABjJ0zGQ088B12cfpQ7IyIiIiIiIiIiIiISIxxgzcpIQ1KiHs0t7ZIWaGhqxYv/ehs5WemYOL4IWeljoNVGh/Y7XW5YOqyoqW1E+ckqtLYbwz6uPV4fh+jovoObNnsnLIIhUIVCgZSkBPGLATCtZAJOVNYIT2GtqWtERVUdxhbm9ltrMlvgdrmFzpucGD+swb+mljbh2lidFpEajVCtwWiGo5dgcm80arWkKaDDQUq/apUKSQni/0ikVCowo2QimprbhIPhR8tOYuL4Iklfl6mTi1FVUyccSAYAh8OJD9ZuxBd7D2HG1InIyUwPfW59Pj8MRhOOlp1E2YkqycFVANBqo7HiyoWIioqUfCwREREREZ1f1q9ehbXvrYRCqcT37/4lisZP6rG/02ZDRXkpzCYjxk+ehv+5826YDO14/ulH0dbShLrqSqSmZUAt+HPpYJmNBmzduA47Nq1HdcUJ2G1dv4NITctAZk4eps2ehzmXXIaU1DTI5PIR6el8FAj4e52+GqdPwL2/fwrZuQXweNz4x18ew9ZP141Ch8A///YE3n7txdDrvkKz61evwlOP/Dr0+qbbvoNv/fCeEelxtFgtZmz5dB327NwCq8US2j5lxmzc9t3/gzIiAsFgEK3NjYjTJ0ATOXq/H7BazPjNPXegvPQwACA5NQ0PP/0CMnPC/1EvEREREREREREREQ2ecIBVpYrAzKmTsOaTzWEDpr0JBAKoqqlHVU295AZPl5UxJux+o9EMt8crdC6NRo3EhHhJ66cmJ2JsQS4OHikTqvf5fNi19xByszOgUoV/dF1jcyu8AkFGqZM+pXK6XDCaLP0X/ld/78mp2g0moWsEgJiYqB5h59EgpV+tNhparbTJPwV5WchIS0FNXaNQvdPpwhd7DuLaZZcLr5GbnYHxYwuEJwd3CwaDaGltx5qPN0k6rj9abTRuuW4pkhKlffaIiIiIiOj8EAwEYGhvQ2JyCjxuNw7u/QLlx7qCYzWVJ1A0fhK8Xg/cLhciIlT4258eCk2YfPSZlzFp6kwEg0FUV5TjrVdfwEfvvjki0zb9fj8+XPlvvPL3p+DxnPnHpy1NDWhpasCenVvx/FOP4qvfvBO3f/9Hg1739PDjhTBZNByVWo04fXxoymjKmPRR7ohOV1ddid/fdzca62qQkZ0HtfrLcLnX60Eg2PV7RbvNisd/+wvExunxo189iDi9tD8yp9FxenD7sb//C5OmzhzFjoiIiIiIiIiIiOhcJhxgBYAJxYU4WVWLsvLK4eonLJUqot9Hyjc0tcLv9wudL1YXg5iYvqe59mV6yQScqKiGQ3AKa3NrO46WncC0KRPC1wlOPZU66VMqk7kDNptdqDZCqZQURKxraBauTYiPE57sOlyk9Buvj0WkRi3p/AqFAjOnTUJDU6vwFNaKqlpU1zYgNztDeJ0FF89CS5sBrW0GSf0NtXh9LG689kok6ONGtQ8iIiIiIhodfr8f77/5Kl77xzO4+fbvYfK0WaiuOBHa/8W2TcjOK8Rbr76A46WHcNevfgeV+sufs5zOridABAIBdNptAAClUokIlbSfxQbS91uvPI/X/vGM8DE+n9gf1xKdT3xeL1a/8x/4fD785ZV3kFswts/aYCAAv9+Hz7duBACGWImIiIiIiIiIiIguQJICrACwZOE8mMwdoxKEi4mOQmJ838E3v9+PJsEQKACMSUmCKiL8VNTeJCcloEjCFNZAIIADh8tQPLagz4BjZ6cDZotV6Hw6XQxidVrhfqUymizCU2yjoiKRKBim7ex0wGQWn+yalposXDscpPabnZk2oHVyszMkTWH1en3Ye+AosjLGQKFQCB0TFRWJFVcuxFvvrYXN1jmgPgdDJpMhKzMN1y5dhKio0XssIBERERERja6tn67DK39/Cj6fD6+98Jcz9n++dWMozAYALz3zOB54/G+48ye/xp8fvR/P/PG3OLR3F8wmA3Zu3oC7fvUQrrzmpmHvu6m+Bp+sXhV6nZyahh/89NcomXER1BoNgoEALBYz9uzcgvfeeBU1lSfCnI364nI6sXn9GrS3tcBqMcNm7QDQ9fX+5g9+glh9PBQKBRKSUkLHXHbl1Zg6ay4A4NOP3sdnH384Kr1TF0enHSePl+LypdeGDa+ejiFWIiIiIiIiIiIioguT5ABrVFQkbr72Krzzwcdobm0fjp76FK+PQ3R03xNTOx1OWK1ik0NlMlm/01zDmTV9Eiqr62Czi4UB2w0mHDp6HHNmTOl1v8Vqg8PhFDqXPk4HtVol3KtU9Q3NCAaDQrU6XQyiBQOJUq5RZNrucJPab0L8wKbiKhQKzJlZgsbmVni9YlNYa+oaUVFVh7GFucLrJCXG45brluLd1ethMncMqNeBUCoVmDd7GubMLIFcLh+xdYmIiIiI6OyTVzgOKWkZaKyrEaovmjAJ8UnJ8HjcMBkNMBsN+GDla6H99TVV8Pv9wn/cN1AWswltLU2h17PmXYoZF80PrSuTy6GPT8CS5ddj4RXLsenj1Wg9pb6by+nEjk3rsWn9GpSXHobdZoVKpUbR+IlYvPx6zF90FTSRXT9jWy1m/OaeO1BeerjHOZ565Nd46pFfAwDGTpiMh554Dro4fY/HeienpuHhp19AZk5+6Lj1q1eFjgOAH9/3MJasuAEAUF9TiV/f/b3QNd5027cx//KlWP3O69izcwvMRgP0CYlYuGQ5brztO9DHD33A0GRoxxO/+xX279pxxj59QiKmzZoLXdyZP3fn5BciJ78QANDe0nROB1hbmxvx6UfvY9f2TaiuKIfP54M+IRGTps7Eihu/hgmTp0Im4efqIwf24Od33h56fde9v0PqmAysXvUfHN63G3abFalpGbjq2ptx9U1fD917QyE+IVHyMedqiDXc5/riy67AwiXLe713ga73fN37K7F+zbuhz9mcSy7D5Gmz8M+//QntrS0AgJtu+w6+9cN7ehwbDAZRW1WB9WtWYe/ObaivrQIApKZlYPL02Vi87Lpe75mBfq84/ftEt1PvsYVXLMddv/od1KP8RCUiIiIiIiIiIiI6d0gOsAJATEwUbr1pBdZ9uhVl5ZXCYceB6gqbJmLW9Mlh64wmCxxOscChRq1GarL0X6Z3S4jXY1xRHvbsPyJUHwwGsf9gKYqL8nqdntraZoDL7RE610AnfYrweL0wmMzC9anJicL/UNhuMAlPdo3UaKCP0wn3MRyk9NvfdOD+ZGWMQXZmOiqqaoXqfT4fdu09hNzsDKhU4lOEkxLjcdtXrsXqdZ+hurZhWD+7MpkM6WkpWLr4UiQM4mtDRERERETnj+y8Alz3ldvx18ceAgCMHT8Zd/zkXowdPwlerwebPvkILz7zGOw2K3Sxcbjm5tsQGRmFupZKWC1mZOcV4IHH/4bWpiY8cu9dMJuM8LhdiIyKHtHr2Lz+IySljMHCK1YgPjGpx8/FERGqUDD0VCeOHcGTD9+L2qqKHts9HjeOHtyHowf34ZMPV+Fnv/0jUt&quot;
08-31-2019 12:58:53 Wire.java DEBUG [Forwarding screenshot on session 7924db1cdca3d9f58beaf776318b9ec1 to remote] http.wire 87 - http-outgoing-3 &lt;&lt; &quot;Myhv0awvnw7f/gvTdehc/35R9Zmo0GvPvGK9i3azvufeRpZOXmhzmDNN3h1Ybaajz+3L8xsWR6n2G585Hf78cnH76D5596FB6Pu8c+s9GArZ+uw9ZP1+HGr38bt333f6FSDywc+MLTf4DT0fMPsVuaGvDys0/i0L5duOf+RxGfOPR/TFxTeQIP3HOn0Ht5roVYRT7Xb736An76wB8xdeZFkMlkoZqDe77AI/feBbvtyycymY0GrHt/Jda9vzLsuh63C6//8+9Y9Z9/9vicAl3vaUtTA9avXoUly6/H93/8K0RFxwzB1RIRERERERERERENvQEFWIGuiZPXLF2EovwcfLb1C1htYpNPpdBo1Jg0vgizZ0yBNqb/f4xqazcKT7CMiYmCVju4f+CaOrkYx09UCU9h7bDasGf/EVy+YO4Z+5pbxKbZDmbSpwi73YEOwSm2crkcY1KThc/d2NQqHJiM18dCpx3dX65L6TdWpw07Hbg/CoUCM6ZORG19o/A93NzajqNlJzBtygRJa0VFanDL9UtRVl6JT7d8Drvg/SuqO3B++YJ5yEhL6f8AIiIiIiI67/n9fpw4dgRHD+7D5g1rAHRN/rv7vodD0zNVag2WrLgeMrkMz/zhAVg7LPjPi3/DZVeuQMG4Cfjzyyth6+hAfGISUtMy8ey/P0BiUrKkiZQDlZicgvSsnNDkWLvNipeffRIvP/sklEolcgvGYvbFCzFz7nzkjx1/xh961lZV4LHf/rzfybPHDu/H6y89ix/+7DfDdi0i3C5Xn/tqqyrwwcrXcMdP7kVExOCfDmMxG/HUw/ehobYaP/vtY5hYMv2MGrPRgP27dyJWHw+FQoGCseNDgbyaypMwmwwAgEP7dg+6n8E4dTquqGAwiI3rPsDfn3j4jCDi6d5/81Xk5BVi0dJrBtTf6eHVU+3ftQOfrn0fN932nR4hy6Fgs3ZICiKfKyHW5sa6XsOrpzMbDfjz7+/Hg088F/p+V19bhb8+/mCP8KqoYDCI9996DW+9+kK/tevXvAt9QiJu+96Phn1SNREREREREREREdFADDjA2q14bD7GFuaisroOO3btR0urYVBTHdUqFbIy0zB1cjFyszMkPXK8rqFZuDYhPg6Rg3ycVUK8HpMmFGHnrgPCxxwtO4mJ44t6TH91uz1obTcKHT/YSZ/9MRhNcLnc/Rei671KShAL00q5RgBIThrdf6CQ2m/6EAQ1c7MzkJeThfKTVUL1gUAAe/cfRWF+jlDA+3RD+dmVyWTQxkSjuCgPM6dPHlA/RERERER0/uq0WfH804+ivPRwaNu02fOQkZXTo04mk2H67HnIyitA1Ynj2LV9E3Zt3xR6fHb3dEiZTIaklNQR6z81LRM33/5dPPOHB84IGfp8Ppw8XoqTx0vx7xf/irSMLNx5z32YPvtiyORy+P1+rF+9KhRejdHq8J3/+zkWXrEMESo1Wpsa8OTD9+HIgT0AgD07t6Khrhr5RcV4+qW3+nyc93C6aP4ifOdHP8eYtAz4/X5s+Og9PPun34Wu/ciBvTC2tw3JpNgTx46i9PB+3Pf7p3sNrwJAW0sT/vibnwL48pHn3QHWzz7+MPQ49HORydiONaveCH1tT51KHAgGsX/XDjz2wM9gt1nh8/mwY/MGzF1w+YCmDl9909dw8ze+h/iEJLhcTqx89R9485XnQvsP7f0Cy677CqK1Zz45aKR9vnUjZHIZ7vrlQ9DFDd8fcg9UMBjElg1re4RXL5q/CHfe82skpaTCaGjDP/78R2zZsBZA1z380btv4Pt3/woKpRIb137QI9CenVeA//vFbzFuYgnkMhn2fL4ND9xzR69rtzTVY/2ad0OvY7Q63PGT+7BgyTIAXV+7P//+/lA49qN338S8BYtRWDxxUNecmZOPV9/fiH/+7Yken7nH/v4vTJo6c1DnJiIiIiIiIiIiogvXoAOsQNckzsL8HBTm58Dj9aK+oQXlFVVoaTXAZu+Ex+OBz+fvcYxMJoNarUKkRo3kpATk52QhLydzUFNRb7r2ysFeimSXzpuFS+fNGtQ51GoVvvX14f3HJ1FFBbn4+V3fGfLznk3XKGK0+r1+xeIRXW8gn11VRASUEUrEx8UiISEOedmZyM5KR6RGPaK9ExERERHRuU2lUvc6PVWhVEKhGJJfVwwZmUyGxUuvRXxCIv7+xCNoaqjrs7apoQ4P/uyH+L9fPojFy66DxWTAwX1fhPbPXbAYl121IjS9NDU9Ezd+/duhAKvFbERzQx3yi4qH96LCyMjORVpGFgBAKZdjwZJl2LNza2gyZn1NJdpbm4ckwGoxGeD1uPHiM4/jtReeCW13u10wGdoGff6zXWV5GU6WHQ29vu6r38C4iVMAAAp0Bb0vu/JqfPj2vwEADXU16LCYBxRgzS8qRkJi15N0IiOjsPyGr2D3zs2oOnE8dG6Tse2sCLACQH11FWzWjrMywOqw23Fk/57Q68ioaNx427dDwfqExGR87ds/QNmRg6Hps+XHjsButyJCqerxniuVSnzrhz/FhCnTTzlf30/5qSwv6xF+nbtgMeZffmVowuq8BYtRcbw0NKHVbrOi8kTZoAOsRERERERERERERMNhyP9FSBURgfzcTOTnZg71qYloGPGzS0REREREw0WticS8BUugkCtQV1MJu82K0kP7YDK0nzFJtamhDg211QC6Jgtm5eQjO69wNNruQSaXY8ZF8/HCW/NQX1OJPTu34dC+L1BeeviMx4D7fD58/MHbmH3xAjg67bBbv9y/fvUqrF+9Kuxajk77sFzDQEVGRSMjO7fHtrYW8afg9Mfn86Gm8oRQrcfthsVsQmxcPDweN1qbG4esj8Hqazru6VN0T2UxGXq8/sP99+AP99/T5xpulxNej9iTc/oTo41Fdm5BKMBqMrTB2mEZknMPVnpWDn71yJNIP21K89nC7/eh85TP6ZiMTKSkpvWoiY2Lhz4hMRRg7TCbYOuwIDYu/rRjs5GVmy+89unfH3ILikKBeKArcN8dQO8WLnRPRERERERERERENJrOrpEmRERERERERHTeUWs0uOm2b+PGr38Lb736PF597s+oPFGGd/79Ir5xx92hx8E31tfipWf+BKejE5FR0XjwyecwftJUWDsseP6pR+HotOOOe+5DW3MTnvjdr7Dixltx2ZVXhyYPjgSFQoGc/CLk5Bfhptu+jWAwCJOxHWvfewsrX30h9Ch4Y3sbrBbziPU1nILBIAKBQI9tWl3sqPRiMRvx8ztvH5W1zzfBYBB+/5dPXYnRxkIT2ffkz4GSy+VQKpWhz0Z/0rNycN/vn0Zuwdgh7+VsFKGKQERExGi3QURERERERERERDQqGGAlIiIiIiIiohHhcjnRcMqjrz98+z/47OPVGJORhYDfj/qaKnj+O13S6ejE0QN7UTyxBI5OO/bt2oH6mkrU11ahpakBZqMBRw/uw4Ily4Y9wLpx7Qdob2vBtbfcDk1kZI99MpkMCYnJuOamr2PfF9tRXnq4x/4IlRpqzZfHzFuwGPc88AdEDkNQsNtQT9K026yoKD8Weh0ZFY3Ys/Cx7uei7vB2tx/+7DdYfsNXR2Rts6kdlSfKQq+1sXGIjtEO+TrjJ03F62u3I3haCNpm7cAff/NTnDxeGtp2roRXFQolok9575ob6tHa0oSEpJTQts5OW4/pzLH6eGhj4yCTy6FQfPkrWVN7OyxmU49jwzn9nqmuOAGv1xOawtodqj/V6RNZQ2ufRVN3iYiIiIiIiIiI6MIkH+0GiIiIiIiIiOjCsGvbJmxc+0GPbXabFSfLjqLyRFkovNrtvTdeReWJMiQkJWP85BIAgKGtBV6PBwBQMmN2j0dnDxe/34dXn3sat129AP/82xMoLz0Mp6MztL/TZsPnWz9D4ynh3MJxE5CYMgYJSckonlQS2r5r+ya89MzjaKyrCU2/DAYCMJuM2P7ZJ/jZHV/HkQN7QvUKZc/JjGVHD8HldJ7Ro/KUOp/Ph13bN8HjdiEYDKKlsR5HD+4Tvl6fzxsKG5qNBrz+z2dxaO8Xof1F4ychLTNb+HzhnD7ZVaVSY0x672G700mpPVvljy1GelZO6PXr/3&quot;
08-31-2019 12:58:53 Wire.java DEBUG [Forwarding screenshot on session 7924db1cdca3d9f58beaf776318b9ec1 to remote] http.wire 87 - http-outgoing-3 &lt;&lt; &quot;wWH737BjosJgSDQQCAz+tFc2MdVv7rH7j/7u8NeLKv1+tFMBgM3RMvP/tUj3u2eFIJEpKSB3dB/+U45fMhk8uh1cVCF6fv8R+tLhbyU8Ln50p4FQCiYmIwadrM0GunoxPvvPYS2ltbAAAdFhP+/Y+/9fj6jh0/CTExOkRFx6Bg7PjQdovZiLdfexFGQ1vXuZwOVJZ/GSw+3en3zM7NG7D104/h9/vh9/ux9/NtWPWfl0P7Y7Q65BcVh14P9nuF8vTvSUcOwuv1hD2GiIiIiIiIiIiIqC+cwEpEREREREREI2L2JQuxaOk12Lj2A0yZMQf5heOwZtUboeBqWkYW5l++FJ99/CFMhjasuOlrOHb4AJ5/6vc4cewobv32D3Drt34Ap6MTT/7uXvzjL49hx6YNuO6r38CEKdOHvX+7zYq3X3sRb7/2Yti6GK0Oy2+4NTRl9fqv/g9KD+1DY10NfD4fPnr3TXz07ptCa6ampfd4/PrHH7yNjz94GwAwdsJkPPTEc9DF6ZFX2DP09/ZrL+Ht116SeokAuoLD773xaq/7lEolll13C7S62AGd+1SNdTVY+a8vv5bjJ0/DL3/3BBKTU7Dho/fwzB8e6POx81Jqz2apaZm4+fbvhvo3Gw3462MP4a+PPdRr/dgJkwe81l8fexB/fezBXvfFaHW46pqbBh0IV2sikZaRhcP7d2PxsuuEJ7qeTeHVtpYmfO8ry/vc/+P7HsaSFTfg0sVLsXn9R6itqgAAfL51Iz7furHXY5JT07Ds+q9CGdEV/pw5bz7Wvvdm6J7dsmEttmxYK9Rfalomliy/Hi8/+ySAru9Lf3rwF/jTg7/otX7Z9V9B3ikB1sF+rzg1PAsALz/7ZKiXhVcsx12/+h3UGo3w+YiIiIiIiIiIiOjCxgArEREREREREY2IyMgo/OCeX+Oi+YswffbFkMlkMJsM2PTJGgDAipu+hmtvuR1XXXsTqitOYGLJdPzt8YdCEwFLZsyBQqFAjFaHCSXT8fnWjdixeQNmzbt0WAOsESp1jxBpOGkZWfjxfY9gQsmX/WTnFeDnv30MTz58byjsJionvwgz512Kz7f0HozrNmXGHEybPQ/7d+04Y58+IRH5hcXY+8U2SWufTqlU4qvfvBNzFywe1Hm6paZn4he/exwdZjPeff1l5BWNQ2JSMmQyGYonTkF8YjKuvOZGjJv45QRbr8fTb61cLkduftGQ9DjcZDIZFl11DXxeL55/6tEzphCPBJVKjTt+fO+gwrHd1BoNliy/AY/cexfuu+s7mDpzLuSKLx8AlZGVi/mXXwXFOTp59VRj0rPwk1//vt/PtT4hET++7xHk5BeGtk2dORdf/eadeOPlv0sOXstkMlx7y21wdNqx6j//DHv8FVffgFv+5/s9vt6D/V4xedos5BcVo/JE31NiiYiIiIiIiIiIiEQxwEpEREREREREIyYqOgbzTglApqZlhv57YlIKgK5phcmpafD7/Vh01TVITE7Blg3rsHPzpygcNxE2awd2bduE8ZOmYuYwh1eBrqmCJTPmoPTQPnyxfRNOlB5BfW3VKdeQgQkl0zF/0VUomTEbKvWZ0weLxk/CX15+Gwf37sL61atQeaIMLU0NALoChLmFYzFl+mxcNH8RCosnho6LjtHi7nsfRuG4Cdi28RNUV5QD6JqYmZGdC4Wy61c7Wl0sfvHQn/DBW//Cug/ehtlogD4hEVddcxOW3/g17NmxWTjAuvS6W5CRlYsNH72H6opyqFRqzJp3Ka655XZMmDwVMrm8/5MIUCgUGDt+MoLBII4d3o/tm9Zj8bLrkJGdi/27d8Lv82HOJZf1CDZKqT1XKBQKLL3uFlw0fxG2blyHHZvWo7riBOw2K4CuUGHB2PGYNnse5l56ObSxcQNa57bv/Qh+nxeffbwaLU0NiNHqcPFlV+Cam29Ddl4BZDLZkFzPlBmz8ds/PYtX/v4U3nzluR77Fi29BvMWLoZCoUC0Vodrb7kdWTn55+T7BnR9rp9+aSV2bFqPzz5ZjaMH9sLjcUOlUqNo/ERcfNkVWLhkOXRx+h7HKRQKfPWbd2DcxClY9frLoeNyC8Zi8bLrkJqegYd+/r+h+rSMrB7Hq9QafOOOu7FgyXKsX7MKn2/ZGPp+kpqWgcnTZ2Pxsut6/bwO9ntFUkoqfvPYX/H+W//qsa4+IRFJKWN6hGWJiIiIiIiIiIiI+iNbuXJlsKio51SKkpISuK3No9QSEREREREREdGX/H4/nnvyEaxZ9UaP7T994I9YdNXVo9TV+aO+phK/vvt7aGtpAgDcdNt38K0f3jOiPbS1NOGP9/8Ux44cAPDltNfTp0dKrb2QHTmwBz+/8/bQ6x/f9zCWrLhhFDuibm6XC8889lvEJyRi4RUrkJmdB2VEBPx+P5oaavHiXx7D7h1bAHTd379/5p+YNHXmKHdNRERERERERERE5xNXMAoAcPDgwVFZv6Sk6+lrnMBKRERERERERGe1tpZGHNjzOZRKJRYtvQYtjQ04tG8XPt/yKeYuuByRkVGj3SINUnJqGh75y0v4fOunaG1uwtSZF6GoeGKv016l1BKdrQJ+P95+7SW8/dpLYetmzrsUeYXjRqgrIiIiIiIiIiIiopHFACsRERERERERndUSk1Nx8+3fRVN9Lb76zTvRabfh3y/+FQuWLINGrRnt9miIaCIjsfCKFUNeS3SuGjt+Mr71g3sQHaMd7VaIiIiIiIiIiIiIhgUDrERERERERER0VouIUGHJ8utDr9UaDX70ywdHsSMiooFTRkTgksuuhFyhQE3FCdTXVMHjcQMA9AmJGD9pKuYtXIyL5l8OTWTkKHdLRERERERERERENHxkK1euDBYVFfXYWFJSAre1eZRaIiIiIiIiIiIiIiIiIiIiIiIiIiKi4eAKRgEADh48OCrrl5SUABCcwPpCcxXWmJpw3GGDNxgY1sbOVxEyOcZFabE8Pg1lMuPDAAAgAElEQVTfG5MXtvY1825ssB1Hhbsd3qB/hDqkc02ETIECdRIWa8fhNv2ssLWvl3mwsdaHCksAPn6EaRCUcqAgTo5F2UrcWqwKW3t0fRuq9pphbnAi4A+OUId0rpArZNBnRCJvhh4TlySHrX199RZs3HkYFXXN8Pn4v4vDQalUoCBrDBbNnYxbV1wattbX/hIClrUIuE4AQe8IdXgBkUVArimCPG4plEnfDlvq3PM6PMc3wmeoAPy+EWrwAqVQQplYANW4RYiceWvYUteaD+H5fAd89XWAj+9Ln5RKKDOzoLpoHjTLrw5beriyDlWNbTDZ7AgE+P8pBkMulyFeG4O89GRMzs8KW7v6s9344kA56pra4fPzf38vBEqFAllpSZgzdSxWXBb+Z0zeH4PHrzeNFin33iu1W/Fx62GctLfAG+C9JypCrkBhTCquTJmM/8meH7b2wPuNOLnDCGNtJwI+/v+ckSRXypCQHY3CeQmYem162Np/rdqA9dv2oqKmEV7+XuK8FKFUoCAnHUsumYHbb1g82u0QERERERERXVDCTmCtczvwvxX7caSzY5TaOz9Nio7FXwumIUsd1WN7g9eCe5s/RJmrZZQ6o3NVsSYVvx9zNTIi4npsb7QH8JvtLhw3MbVKQ29cvBwPXaxBeoy8x3Zbuxub/lEDY61jlDqjc01CdhQWfjcH2iR1j+2NrUb85unXcbyqYZQ6uzCNy8vAQ3ffivSUhB7bg556eGvvRsBZOkqdXXjkkRMQkf00ZKrMHtv9lkbYV/8Gvtbjo9TZhU2ZMg4xKx6CIq7nP3IHWlth/8uT8FVXjVJn5y5lbh5ifvQTyFNSemy3Opz4bG8pDB22Uers/JYYq8VlMyZAF9Xz0dStBgv+8upqVNXz59ILWV5mKn70jRVISez5Mybvj+HBrzeNlr7uvXqnCT878jqOWRtHqbPzx3hdOh6fdCsyI+N7bO9oceGTJ06gvdI+Sp3RqZLyY3DFPUWITdX02N7Q0o5f/uFFlFXUjVJnNBqKC7Lwh19+BxmpSaPdChEREREREdGwOlsmsMrDFTG8OjyOdHbgfyv2n7Gd4VUaqDJXy/+zd9+BcZR3wse/M7O9atV7t5&quot;
08-31-2019 12:58:53 Wire.java DEBUG [Forwarding screenshot on session 7924db1cdca3d9f58beaf776318b9ec1 to remote] http.wire 87 - http-outgoing-3 &lt;&lt; &quot;olF7nIvXdjMMWmQ0g44MiFNEJy4XIkdyFvCimXhCSQBEKJEyAmFGPAxqa4gCu23G1ZbpIsWb1u333/GHmlRdW2bDnJ8/lLmp155pmZZ2dnnvnN7+HbZ9/oMV0ErwqX0+EGNUD6s0TwqnCh6k918P7vT/aYLoJXh8fh8gr++xerekwXwatXXsB5AO+pr/SYLoJXh5ev5jBtb/53j+kiePXi+U6U0/bLn/WYLoJXL6+65lY27ux5XhfBcgJA+Zlqfvncmz2mi/ZxeYj9LQyXvtqeCF4dOgdbKvnGvp73VyJ49epSe7yNd396tMd0Ebz6r+lQ2Wm+9cM/DHc1BEEQBEEQBEEQBOFfRp8BrE+fLRfBq5fRvvZmnj7b9YD7hcbtInhVuCSHXNW80Lg99P+qQx4RvCpcdocbAqw65An9v3/dORG8KlyU+lMd7F93LvT/qjc/FMGrw+hweQWr3vww9L+v9o8ieHWYBJwH8NX+MfS/c8cqEbx6FfDVHMa5oysQwbXmDRG8eol8J8pxrel6Iav0+GkRvHoF1DW3Unq8KyjjzY3bRbCcEFJ+ppo3N3bdY4r2cXmJ/S0Ml8+2vT+d+kgErw6xgy2V/OnUR6H/P32tUgSvXoVqj7fx6Wtdbf/51etF8Oq/sENlp3l+9frhroYgCIIgCIIgCIIg/EvoM4B1TUPVlazHv6Tu+3h9qwhEEC5d93a04ZRvGGsi/Cvp3tbKdzYOY02Ef3Td28+GraXDWBMBwo9BoGntMNZE6L7/PYc3DGNNhO66HwvPx1uGsSb/PLrvx/LKc/3MKQyl7vv6k0+PDGNNhKtR9zYh2sflJ/a3MFy6t7d3asS92OXQfb8e21I/jDUR+tP92KzbtHMYayJcDUQbEARBEARBEARBEIQro88A1sMdItvN5dZ9H5e5a4exJsI/i+7tqKxJZF8Vrozuba2xwjmMNRH+0XVvP2Wnzw5jTQQIPwYBV8+hFIUrp/v+99WVDWNNhO66HwvfGZGZaSh0348NrSIr2ZXSfV+frhL3pUK47m1CtI/LT+xvYbh0b2/H2kTm38uh+36tP9U+jDUR+tP92JSdFJmI/9WJNiAIgiAIgiAIgiAIV0afAazeoAh+u9y672Nv0D+MNRH+WXRvRz7xFRaukO5tLeAPDl9FhH943duPzyd+F4db2DEIeoevIkL4/veLDOtXje7HwieOy5Doth8DAXFNcaV039c+v/j9FcJ1bxOifVx+Yn8Lw6V7e/MGRNu7HLrv14BPXOdcrbofG6/ol/iXJ9qAIAiCIAiCIAiCIFwZfQawCoIgCIIgCIIgCIIgCIIgCIIgCIIgCIIgCIIgCIIgCMLlIAJYBUEQBEEQBEEQBEEQBEEQBEEQBEEQBEEQBEEQBEEQhCtKBLAKgiAIgiAIgiAIgiAIgiAIgiAIgiAIgiAIgiAIgiAIV5QIYBUEQRAEQRAEQRAEQRAEQRAEQRAEQRAEQRAEQRAEQRCuKBHAKgiCIAiCIAiCIAiCIAiCIAiCIAiCIAiCIAiCIAiCIFxRIoBVEARBEARBEARBEARBEARBEARBEARBEARBEARBEARBuKJEAKsgCIIgCIIgCIIgCIIgCIIgCIIgCIIgCIIgCIIgCIJwRYkAVkEQBEEQBEEQBEEQBEEQBEEQBEEQBEEQBEEQBEEQBOGKEgGsgiAIgiAIgiAIgiAIgiAIgiAIgiAIgiAIgiAIgiAIwhWlGcrCnsifzq2JOQAcbW9i9iere8wz1ZHIL0fOJF5vwhsI8OSpvfykfHeP+RbHpHF3cgFjbNFYNDokIAi0+TzsaanjuYqDvF17qsdy70+6kRxzRNi0zQ1V3Pzp22HTronN4Ed5U4nQ6kPT2vxeHj28lb9Vl3FTfDaP503BomgHte19be+VMieiiLviZjHCmIBZ0SMh4Q8GaPK1s6O1jD+f+4jS9p77q7vvpd3MddETkZAAqPI08HD58xxoP93r/E/n/Dsl1hEAlLtquP7Ajwas5zVR4/l2yo2YFf2A83623O+m3cz10SUAuANefnd2Hc9Ubwib/4uJi7gnfi5aSeGct5lHT6xie+uxHvXtjTvgpcJdz2v123m+5oMB6/bZ8g51VHDLoZ/1Ou9E6wgez7iNWK29z/KCBGn3uznmPMvTZ9ezteXwgHW4nGLNGu4a42BGmpkok4JOkQgCTm+AyhYva4+28mJpU5/LZzh03D4qgqmpJhwGBUVW25XbF6SyVV3+lQPNdHgDYcvdPyGSu8c40HbOD9DuCfDE1jrWHGkJm/enCxOYkW4Om7aj0smDayoB+M01SUxIMvZZR48/SIvbz7qyNp7a2dCjLr2VcbjOzZ2rz/RZZvf5W9x+frS5lnVlbWHz/NfMWK7LswFwotHDypfV79iSHCvfnBaDSSvT4Q3wo821rD3aOqht6c4bCPLcnkae2tEQmlYUZ+CesQ5GxRmw6hVkST2ntnsCHKx18eLeJj4+0zGo8i+njAlxjFqSQWSKFZ1RAxIE/EHcbR4qDzaw/+2T1JT10+4mxDFyfhoxmfbQ8gTB4/RRW97MgfWnOLGjpsdyM+8rIm9WMgA+j59dr5ax543ysHkmrBjBmGWZyBqZ9gYX7/+2lMoD9QCs/Ml0HEmWQW9nY2UbL39jU+j/a749kaTCqND/dSdaWP3olkGVNXJ+KnmzU7DHm9HqFZDA7w3Q0eymcl8dO1eX0d7g6nU7BiPgC7DnzXJ2vKKeS8csyyR3VjKWKAManQJ0rq/JTdnWKj59vRyvyzeosofab37wTSaMKejzc7fHQ+XZWt5cv4kXXw2/LpgwuoDvPXwfMVGOQa2rtr6Rx554mh17D/b47Jr503n4/tsxm4yh9T794t95/m9rey3rv778ea5bOHPAcntTlJfFPbdcy6i8bKwWE7IsEwwGae9wcfBoOS+++jYf79o3qLKGmjH7V2jj7hz0/EF/G67yh/Ge+2vn8r9GG3c7dF6XBNyncR7+HP62nteN3emTv4I29nZkfQrIBjoXJuCpxlu3Gk/Fzwj6u87LGvsMjDlPIekSIOjBXfEL3Kd/EFamYp2AMfv/kE3n21cQX9OHOA/fESpLsU5An/x1FNtEJMUOkgIECfpb8bfuxlP5K3xN4dctw0ETk41l+gPos6YjmxwgKxAMEnS34a09RseOVTj3/r3fMuzX/RDT2JtAUo+Nv6mCxpe/hLeytN/lLNPuxzj2JhR7IpJWPTZBn4dAaw3O/Wto2/Rbgu720Py6jMlE3PBTFFvcoLbN31JD06tfx3Pi49A0ffYMLDO/iDY2F0lvUesc8BNwteI5sZW2rc/grfh0UOVfTobJMzAtvxltWhaSyaTW0+8n0NqMp/RT2t94Be+RA/2WEfn9X6AbPS70v/f4Ueq/8oVBze87c5K6Bwf+vhpnL8T2719DMpoI+ry0/+3PtP35j4PcyssrKS6OeZMnh869A2nvcPLexx9TWVPD7JKJ5Gdl9fl5dysWLSImMvy34tDx47y/bfuAdQoGgxw4VsZHO3f2WqfcjHRmjB+PVqvF6/Xy0c6dHDlxskc5fa1vuPzf/z5CcuLgvqcAFVU1/GHVqzz0hduIdPR9f9RdQ2Mzv/zjKhqbW3n43+8iJTEegLM1dfzw189QUdV1nJIT4/jWf3yehLhoANo6nDz30hvU1jdc0DoB9h06xnef+B0A2RkpfP2Bu4iJcvDO+1v5w59fBSAnM40br5lHblYaZpMx9FvsdLkpO3Ga19/9gD37j4SV29s+676u86aMH839d92ExWwKTXO63Pz+xdV8+PGu0LSLqcOV8uDnVjJ3ekmfn/sDAdo7nOzZd5gXV79FfWNz6LPvPvwARfl938MDeDxe6hoa2bh5B39/e2PYZ93384ZN2/jNn17uUW5bewe/f/FVNm8P/y3oXu+Kqhq+/J0fA1CUn31J7ehKKikuYtmCmaQlJ2A06JEkCX8gQGtbO/sPl/HW+k0cLe+/n+iL99zM7KkTkDp/88/VNfDT3z1P2Yme98S97ZtgMMj7W3bw5LMvhc27fPFsbr52ITpdV5/b+e/5vkNlzJw8jn+740aMht77joLBIC63hzNV1bz0+ru9tu/ZUy&quot;
08-31-2019 12:58:53 Wire.java DEBUG [Forwarding screenshot on session 7924db1cdca3d9f58beaf776318b9ec1 to remote] http.wire 87 - http-outgoing-3 &lt;&lt; &quot;fw+VuXYzKq1xwej5eX3niX195+v9cyu7eLvo6Z0aDnhqVzmVRcRHSkI1T/QCCA0+WmoqqGdz/YGvb9BMK2JxgMsqv0IP/vl8/0uf98Pj9/f3sjf33tnbB5xhTmctM188OOaaDzO7TvcBlvvvvhgMf0cvl+8T3clDajz889AR/nXI28VbGdp4+sod3n6nPelekzWZE+kyxrIkaNLtTH2ertYHvdYV48voHtdf33mc1PHMfnsheSY0vGojV09ZN62vik9hDPH1/P3objPZYzawx8Kf96FiSOI9pgRyerXecuv4eK9lpWn97Ms8fe6bHclZAyJoZF3xyPJXrga522Oifv/GgnZ/bUhk3PnprI6Gszict1oDdpQ30m7g4vNUca2ftGOWVbqnqUN/9rxRQuTu93nX5vgPYGF2Wbq/j4+YN4Orr6Be76wzyi0mxh85/+9ByrH9kcNi1nRhJzvzIWg1UXmubp8LHxV3s49F5X/3Ta+DhKbs8jOsMW2o5gIIi7zcvpPbXs/tsxzh5qYDh875EvcsPSef3O4/F6qWto4r0PP+Y3z/6V9g5n6LM//Ox7lIwbNah1eb0+nln1Kr9+5i+UFBfxg0e/TGx0VK/zBoNB3J3nzRf/toZX33qv1/my0lO4a+W1TJ80jsgIG4qi9vucX/bNdR/y0mtvh9UZYNmCWTz61fv6vRYPBAK0tLWzd/8Rnn7hFUoPHg19Npj91l17h5PHf/40b677gFEFOdx35wpGF+Zis5i79Ys42X/4GH/66+ts2T7893yCIAiCIAiCIAiCIPTtqsvAalG0/DR/Or8tnMP0yESsncGroPapWTU6pkcm8ruiOTxVNGdQAaZpJhtjbDFh00ZaIzEPMjj1amZW9Hwv7WZ+nHkXYy0ZWBRDKABVkWSitFYWRY7lyRH3cU/8nD7LSTPEMMaSEVoWIEpjY1I/AZ/DSS9rWRJZTJohZuCZL6DMLGM8X026hl9n39tvkO00ez7ZhviwaUn6KJZEFl/0+iUkLIqBsZYMfpx5Jytiplx0WZdqZrqZ3y1L4uZCOwlWDTpF6qwjmLQyI6L0PDQ5mqeuTSLDoeux/E0Fdn63LInr8mxEmzSh4FUAvUYi06HjiyVRPHt9MuMSB+54N2plCmLCj4dJK5MacWnfYZ0iEW3ScEtRBI9M69mWpqSYyIoM375Eq5ZF2dZBlW/TKyzPG/yDzcvl2jwbTyxMYHqaGbtBDV4F9XhadDITk0w8Pi+eGwuGr65ag4aZ9xUx70tjiM91oDNpzsesISsSRrue7MkJLP7meMYsy+x3+aTCqLDlkUBn0pBUGMW8h8Yy/8tj0Rr6fn9Do1MYMTURe4K5z3mGUsqYGCJTwoNfrbFGsqcm9rucOdLAkkfGM/XuAqLTbWgNSmibFa2MNdpI3uwUrv+fyYyY1n9Zg6E1aFj8jfFMvDmHiARzKHg1tL4YI2OvzWLh14r73b/DSa/TkZmWxJc+v5Kff/droYfZQ23S2MKwsvU6HWML84Z8PdcumMET//0Vpk8cg91mQZbVyzpJkrCYjUwcO5LHv/UgNy7p+/f/aiUbs1FsJdDtukTWxqKJmNXnMpJiwVTwEvrU7yAbR3QFrwLIemRDGvrkr2LMexFJGXzAuWzKw5D1i/Dg1eZNuI49GApe1cbdgSl/FZrIRUiayM7gVQAJSbGhiZiFMfcZdPGfH/R6LwfThNuJumcVxtHXI1ui1eBVAElCMljRpRQTsfxHOFb+Cknf+zlQE5WBLnVcKHgVQLbEoM+c2ud6Jb2ZyNv/gHXu19FEZ4aCVwEkjQ7FkYJl2gM4bvltn+u9GJZZD+FY+Wt0qeORDNauOssKsikCw8glOG7+NfoRM4dsnRdKMpqwP/Qt7I98F13BKCSzuaueioIcEYlhxlwc3/0J5htv67Mc/bhJaNIywqYpcQkYZs6/nNX/p6bX64iNigyblhIfj/kCfjtSE+LDgq8kSSI+Jhqt9h//PnS4VFTV8PbGLXQ41cCn+NgobvxMsMONS+cRH6sGbwSDQXaXHmLj5ksP+E1NSsBmNePxeKk8ew6AOdMm8q0vfZ7xowuwdgZMgHqsTUYDowpy+Nr9d7Jw1sD3dnExUWRnpIRNS09JxKDv/+XPoazDcFBkGZvFzPRJxfzH52/pM2CxLzqdlsT4WG67YTFf+sKtF7x+i9nEvBl9B9j+IzIa9Hzxnpv52v13kj8iA5PREApAVWSZCJuVaRPH8uhX/43li2f3WU5iXAx52emhZQEcdhuj8nMGXRdJkkhP6XkvkpIYFxa8eqEkScJo0JOTmcaDn7uZ4qKe19pjRuaGtSedTktBTlaP+QZrxuRxPPHY17l+8RwS42PD6i/LMmaTkdzsdL74+Vv48r239dmWJUkif0Qm82dMuqD1r7x2AQ//+909jqksy1gtZqaMH83DD97d6764GuhkDcmmGO7LWcKz075BtrVnu4g3Onh6yld5bMxdFDkyMGn0YX2cEToLCxLH8/SUr/Jfo27vdT1mjYHHiz/PzyY8wLioEVi1xvB+Ur2Npckl/H7KV7l3xJKwZbOtiTw77RvcnT2fRFNUKHgVwKDoyLYl8fDIFfxw3L1DtVuuGJ1Jw4KvF7PkvyaSWhyL3qwN6zPRm7WkFsey9DslLP1OidqncoEUrYwtzkTxDdkse2zSgGVEJFqIyw1/KSg6y47W2P9yk+7M55rvlJBUGBW2HZIsYbDpyJmRxDXfKSF94uBfrrnSdFotiXEx3LliGb/4/jcH/QLWpZAkCYNBz4jMNB5+8HOsvG5hj3luvm4Rz/zif7lh6Txiohyh4FVQr42zM1L5yn138OJvfsiEMYUXXAe58zdo5pTx/Ox/HmFaycX3o593/ZK5/OoH32bmlPFE2Kyf6RcxMWncaH7y2Nd73V5BEARBEARBEARBEK4eV10A6+O5U1iRMAKt3H/VNJLM0tgMnh41d8Ag1kitnjxLeIdYniVywHX8I/jPlBu5NmoCWknpdz6bYuSeuDksihzb6+eTrDnE6sKD1/SyhhLb4B9MXGkZhlhWRA/9QzhZkplqy+OR5OV9zjPOkoVdYwqbZlUM/WZ4vRBWxXhJwbCXYkqKiUemxZBi7/97JQFjE4x8qST8zf4bC+w8WBJFpLH/NikBmQ4dj82KY0qKqd95ZYkegbJTUkwDrmOwZAnmZVr43Jjw80RxohGbPvw8YdXLg86EClAYp+eWwoiBZ7xMTFqZlSPtA+4rq07mrjERFMVdnoC+gUy7p4DcGUkDZgXVm7WMWZZJ9uSEi1peViQyJ8az4Cv9B7FGJFoomJvS5+dDKTE/Er0lvH3rTVqSRvaeNQPUYNLZD4wiZXQMUrcA8d6YIw1MWJFDXPaltcPChWkkFUb1vz4JEgsiKbnl6v3tAPWhyZTxRXz9/t4fel6K1KR48rLTwh70A+RmpTJhdN/ZYS+UyWhg5bJ5REbY+p3PajZx101LKMq7+If1w0ETMQtJ95mH2rIBxd53oKEu4T409pndgkd7I6GxT0ef9tig6iEpFgwZP0QxdwWv+tt24yp/hICnKjSPLuE+JG3/L9VIGju6pC+jWCcMat1DzTThNqzzHkY2931uAUBWMOQvxDbvG71+rMuaimILf4lH0ujRZfZ9TWaeeJf6udzPsZEk9OmT+lzvhdImj8U09qYBA2IVWzzWOV8d0sDZC2F74KsY5y5G0vR/3SVbrJhvvB3DjLm9fq4rHINsCT8fyGYL+m4ZWYULo1EUIm3h90dqtr2eL2/1JT46JvQQ/TybxUJWypW5xvhn9e77W9m59yDBYBBJkhg/uoCFs9Vz0MJZUxg3Kj/0O1x9rp7VfWQYu1CZacnodTraOpycrKjCaNCzZO407Lb+X4owm4wsXzybnMy0fuezWc2kJoVf46YmJ6DR9H3uHOo6DCdJkijMy+b2G5de1PKyLDOmMPeigvdyMtNYOm/6Ra33anTv7Tcwa8r4ftsOgMVk5PrFc5g2sfd+olEFOT0yzWq1GkYVXFi/hyPCxuiC8PuDz7b1SxHlsHPL8kVhAaOJcTFkpiX1uCbPSEmkKD/7gtdRXJTHHTcuJT42qkeZn6XIMlMnju&quot;
08-31-2019 12:58:53 Wire.java DEBUG [Forwarding screenshot on session 7924db1cdca3d9f58beaf776318b9ec1 to remote] http.wire 87 - http-outgoing-3 &lt;&lt; &quot;HmfoKlzCYjs6aOH3TAdk5mGnOmTRxw/t72xdVGQqLIkcF/jgoPODdrDPyg+F6mxxWhSP3f1xsUHbdmzuk1kPQ7o+9geepUtHL/QZA2rZl/y1nC0uSuAPY7suZRGBH+cv9nKZLMoqQJ3Jdzceeq4TL7P8ZQsCANZRB9JjnTk7jmvy8uiBUACRLyI8mfl9rvbEabjuiMz1xrZdj7rWNCfiQjF6YNWDdLjJEpdxdc/DZcIZIkMaogl2UL+n5R83KwWsx8/tbrGdXt3LzyuoV8+b47BswwLkkS2RmpfP/bD11SAGpsdCTLFl7adut1Om69YcmAde5tewVBEARBEARBEARBuLpcVb04tyflsiAmFaWzM7jN7+Xtcyf5U8Uh9rTUMicqmduS8pgTlYxeVpCAkoh4PpdSwK9P7u2zXKOsocgaxV87/8802ckxq4E8gWAQeYDO5za/l0cPb+Vv1WVDsZlD5sboScyKGInc2bHb5Gvn9frtvFa3nRpvE0sjx7EiZgojjAlISNg1Jq6JHMc7DT2HzJliy8Mkqx3cJ13nSNZHoZEUsg3xTLPns7n50JDXv93v5gdnVrOmvvchNAeikRQWRo7ho+aDbG89dkHLbms9xn1Hfxv6f5o9nxujJzHVlo9e1iBLMtPtBX1u+2RbDhpJIUCQk65zZBhikZAYY8kgzRDDKVdtj2XO8wb9PFu9gSerwoccm2bP576E+Yw2q0NypeqjmWzL4eOWo70Vc9ncMdpBrFk9NQSCsLfayasHW3inrJWCGD0rCiOYk2HGpJWRgNHxRhZlW3mnrJVUu5abRtqx6uRel89w6Lg218aSHGsooDLequGmkXa2DjB8fZJVQ0GMnoO1bgBGxhkwa2UCQTVRWf/fYthR6eTBNZWh/wti9Nw5xsHMdDNaWUKvkXoEb5Ykm9DIEoEgnGrykO7QdW6zgVS7ltPN3gH3p1Ejc12+ja1n2gc1/2B8dlv6MyPNTJJNDYoJAqXVLp7Z3cDWMx2MSzTyheJIxiUakSWINWuYmW5mX03fQ/ldDvlzUkgfFxsKjHS1ejjyYSVHPqygrd7FiGmJFMxLJSrFqmYGsWgZMS2Jso/P9rq81+XjxPYa9q8/Re3xZlLGxJA/O4XUMTEoWhkkiM9zMHJBKnveKO+1TrIikTUpgdOf1lJ5oH7AbXj5G5vC/s+ZnsS0ewrQGjR4XT42P3uQo5t6P2bJhdHIikQwGKSpqh1HokWtY64De4KZ5rPtPZYZsyyDhDxHqOG31jo5tPFMaB0505PIn5OCNUYNtrZEG8iZkURNWRM7XjnGjlfCz5nXfHsiSYVqUFvl/nrW/KBnlrKl35qg7j/UIfz2v3uSgxvO4OnwUbQ4jaJF6RisOiRZIqkous+6Xyk79hzkwW//KPT/lPGjuH7RLKaMH4VOp0WWZaZNHM2U8aPYujN82HOvz8dzr7zFUy+8esHrnTW5OJT1raGpGUVWsNssOOw2SooL2bH34KVtWKcZJWNJio8F1OxypYfKeOavb7B1ZynjRuXxhVuvY1xRHrIsExsdyczJ49h3uOcQmZeTs+xLOMu+FDbNMvYTZJMaWOKteaHH5+dpIuYiKWpAYcB5DNmQDpIWxZyPxjEfX3r/ObsAACAASURBVOP6Hsso9mmhrKtBfwueqqfwVj9L0N+CLvHf0SU8gKSNAklBEzEL2ZhNwNn3tZ2kWDDmPY8mYibnv2z+9oM4j32RQEfXkKWayMVq/dQ142/Zhrvip/ga16OxT0OX8gga21SQFGR9IprIpfhbdwxqHw4VTVQG5gl3IBvUAMeg34v72Ad07PwL7mMfoh8xE9P4W9GPmIWkaEFW0OfMQbv3dbwV4deN+uzpSDr1xRNfXTkaRyooGrSxOehHzMR97MMe69dllCBp1OvMoKuV9m3P07FzFQF3K+ZJn8M86R5kkwNkBV3mVDRRGfjqT4SVEfR7ad/8FK0bfz6obdZnT0O2dAYVB/y4jr1P24dP4q0sxZC/AMusL6GNywdJQhOdhXH09XRsf/GC9uulMi1chr5kGnQGOAZamnFuWItz/Vr8decwzl6AafFyNGmZIEnIVhvGWQtxfbShR1m6sRNAo4FgAF/FGTTJqSBJaAuK0CSl4KvsOdTzP7NAIMDugwfZXrrvksqJjAh/+SPGEYlGUUKBk/3JSk0lMkJ9mO72ePD5/JhNRnRaLSkJ8Rwu7/0a5B/R+aHVz+s+VHZvw90DYQFkfQ2V3Z/Vb73HiIxUEuKiMRkNLJ4zlVNnzrJg1uRQFjO328PbGzdTUVUDwL5DZfzbw/8TVs4tyxdx/eI5aDRK2PDlvUlOiEWSJOrqGzl0tJzpJcXExXRlej1y/CSr17zH7n2HGZmbxYplCxiZm4ksy0Q57EwsLux3aG81U3xyKFtsYlwMKYlxofJ7a3PjR48c0jpcbhVVNWHtJTkxjiVzpjFj8jiMBj2yLJOb1XuQbW9DuicnxrFs/sxQsKbFZCIvO4Pd+/ofWvyz9Hodc6eX8Om+w1TV9H0vr9bj0trR5TZ/xiQmjBkZCp5vaWvn/S072Lh5O/UNTcyYPI6Fs6aQmhQfyk43Y/I4NvcytPKYwtxQBuCq6nPExUShKAopSfEUF+UNej+bjUYy0pLY2zlU9PjRI4lyRBAMBgEGPJ9+9jxiNOiZM20iS+dND7X/uJgoxhbmsXWn2jc4sbiQ6Ej1BdWmllaUziyldpuF0SNzL+j4GA16blm+iKjOAKlgMMipirNs2LSNbbv3Ud/YzPSSYhbOmkxudjqyLKMoCuNG5bPug4/7bFPZ6alct2j2oM59owtzibCrI8EEAgF2lR7ib2vWU3biDCXFRaxYNp/0lEQkSSIpIZaZk8fzzvtbBr2NQ62stYpr3ns09H+RI4PbM+cyN6E4lBF1bOQIbsucw6ryjQB8YcRiJkTnhIJHGz1t/P3UZl49tUktL2USN6fPojhqBIoko0gys+PHsDS5hLcqtgGwMn0mcxLGhgJgu5dx1tnAtSmTuSVjNjn2ZLWfVGdmWcrk0PLFUSNCfcTnXE38/uhaXj21CavWyL/lLGV56lTMGgMGRceM+FE8ffStK7ZPP8vvC7Dzr0fZ+tzA95dFS9LJmpwQ6jPxdPgo21zJnjfKqTnSSPrEOIqWZJA+IU4daUWCpMJoRl+bxY6/HulRXv2pFp6/N/zlEEuMkVHXZDB2eTY6kwatUUN8roO+e+tBY1CIGxHBgc6vgCPZQlSa2s77+t1LGxeHObLzni8QpHxbNdv+fJiaI41kT01k0p35xGTaQYLIFCv581LZ20e/z5Vw/OQZlt/9UNi0uJgoVl63iNtvXIrZZMRkNFCYPwJee7vH8tt2lXLv1wb38mV3Xq+PZ1a9yq+f+Uto2pJ5M7jn1uXkZqmZtaMjHYwfPZLSg0dJS0nkluWLsVo678EDAfbsP8xLr7/L2vc+Iis9heWL53DtwtmhYNGE2GhuXr6Izdt291h/e4eTx3/+NG+u+yBs+pJ5M3jwnltIS04IZaM2m4y0dzh57MdP8tiPnwyb/7XnfklWuvri16tvvdfj8yXzZpCSqL5cGQwG2bP/CE+/8Aqbt+1mwphC7r97Zeg3MS4mmrnTSyg9eGX72QVBEARBEARBEARBGJyrKgXptbGZ2DRqRpsWn4fvH9vOVw5+xJ4WtbN3Y30F95a+x1On9+MO+AEwyArXxGb0Wl6j102T140sSRRau7JNjbfHEqU1EggGqfM4L/NWXT6zIwqxKurDuVpvC4+eXMXPKt6k3FVDu9/Ny7Vb+Wb5Cxx1nuWsp5HX6rfz27PrepQzypxGrknNcuYMeHi3cQ/NPjWY0KG1MN2ef+U26gLFaG2siJl8yeVsbj7EV48/y9/rPyEQDAB9b/uSyGKS9Gp7avK1s75xL86AB4AEnYM5EUUXXYdtLUfxBs+3bR0OzeCHOB4Ki7Kt5EarD6gCQVhX1sp9b1TyTlkrAAdr3Xzv/Rpe3t9Ms8tPaY2L326v56NTapDa4hwraRHa0PJvHwtf/kSjh//7pI7vvV/DuXYfQCggdF5m79t6qkndtxFGhcJuAaa5UXoUWaLN48fjC17wth6sdfOf66&quot;
08-31-2019 12:58:53 Wire.java DEBUG [Forwarding screenshot on session 7924db1cdca3d9f58beaf776318b9ec1 to remote] http.wire 87 - http-outgoing-3 &lt;&lt; &quot;s51BkQC2DUdp0SF2VbSbSq29Lk8rOhvA2nV20b8RYtszIGf2zSI7TcUNB/NoDLRZbVDLMATm+AN460hIKFd1U5+e2Oemra1GOhkaXQNl9J6ePi0JnU9bY3utn421I+WXWYxso2vC4fB987zYZf7aH+dCttdU6OfFjBzle7AjCzJiWElvd0ePlk1RHe/10ptcebATizp5Z1P99N6doT+DuPoUankFXSf9Yfs8NA/mXOwpo9NRFrrHoed7V6Kd9WjdetngMsUQYyxvcc8k5r0JA6NjaUbbaxoo23f7yTT18/TnuDi/YGF5++fpxNzx6gtc5J09l2St86yf53Ly1YoXvm1bqTzex45RjtDS68Lh+7/36c8m3VoYfQerOWiIThyWbYl607S/nG93/J6+s+JBBQ20GE3ca0iaOHdD1jC/PQd2bn21V6mPLTalCxRqNQMnbkkK1HlmXkzmPidLl5Y91HoUDcXaWH+e1zf6OmriG07sS46CFb9+WmWCcgm9XhCIP+Drx1rxL0NQIgaaPROBb0tWToL3/bXtynHyfgqSLob8N95id4618H1GMvaSKQjf1n3zJkPqFmdA0Frx7AefQLYcGramEK5y+pg/4OPOdeDAXY+po34z71v6FsrUhaZEP/mYguB0PBIpSo9M46emnf+gca//JAKNjUfexDGv/yAK79bxHoaMJ9fBOtG57oEbyqTR6rBn0CQU+HOr+zCQDZHIkhp49hiLtlxfWePUDrxp/hb6km6G6n7cMncR14Gzqvv2SjHU105iVvsyRr1DdcgEB7PR3bXsBbqX5HXIfW0b7l9wRcLeq8Gj0ax5XPiKkvmY5sVq8nAg11NP/s+7Q+8xt8Z04SdHbQsfY1mn78XXwnj+OvrcH53lra/vJsj3IMM+ejxKm/aYGWZlxb3ifoVl9GUWLi0E/658kqeCUEAgFa29VrW4vJSHpSEgBarTYsIPX8b0lfkuPi0GnV65PGlhaqas+FPouPjiY2KvJyVP9fRkVVDW9v3Izbrd4rJCfEcf9dN5Ga1BXEsO/wMd56b1N/xQxaYlwMMVEOgsEgldXqsZRlKRRc4/Z42LBpeyig78CR46x6dS31jer1qKIofR7z1rZ22to7kCSJzNSk0PTc7HRsVov6klNLa6/LDlUdhktFVQ1Pv7ia3aVdL42e/94MdvnN23fT0toGgKLI2KwXdw+dnBDLglmX3rcw3CaMLQwFcTc0tfCrP6zi+ZffpKKqBqfLzbvvb+VnT73AqYqz1DU0snHzdl5+490e5eRkppGeovYTud0etmzfQ2u7eh9pt1ooHjXwyAKNzS243G50Oi2Zqcmh6dkZKZhNRrxeH+0dF94n53S5eeu9Tby57qPQOUBRFLTarnf0C3Ky0OnUtnTg8PFQILuiKD2ywQ5k4ewpoQCpQCDApm2f8l8//DVrN2wOfb82bdvNf/3oSXaVHqKtw8mOPQd4+Y31/QZEazQK0yaOJTlx4GHOFVkOBXY2t7bx9obNlJ1QX07Ztnsfr7/zAe1O9bdfq9USF3N1fdf3NZ7gW7v+wO+PvoXLrx4zk0bPtFj1mt+sMbAgcVwoa2q1s5Fv7vw9P97/EmWt6nX0mjOfcOemH/LmmY/xd1432nXmsAyqcxLGYtOqL1qdczWFldHuc/GXE+/z9R2/40hzBWc76nn11GaePPx6aHm5W+bXrecO8MLx9bT7XFQ7G/nfvS+yo64rmDPGEEG6JXxUgqtVzqxk9Bb1++Bu87Lp9/t49ye7qDmi3mOd3F7Dm9/9hN2ry/B51P4IjV4hZ0ZSn2V+Vlutk63PHqS1tuvldHNU7yP8uFo8uFo9SJJETFZXX1liQRSmCD3BYJCORnevy8pK1xvsHU1u9r5+PLQdZVuq2PnyUVzt6svjik7BfpX1SwDU1Nbzqz/8mepzdaFpMVGOfpYYGmvf+4gn//gXGpvUeyBZljEZ1WO0bP5M0lPU4x0IBFiz/kPu/tKjrH3vI0ANxP3pb5/j0f/3S2pq1Ze8JUlibGE+C2YNfnS0te99xK69B0L/m4wGcrN7f64zGIosh66DnC43f1/7Xiigdsee/fzy9y9S3VlfjUYhsfMlYEEQBEEQBEEQBEEQrj5XTQbWMbYY0kxdw15uaqjihcreszn86PhOSiLiKIlQOwoT9CbmR6eyvu502HzugB+n30eEVk+SwUJJRDzbmqoZbYvGrGhwBnycdrUSq+9/+PKr0UhzKlnGzodzBNnSfKjXTKHlrhpWHnyi37ImWLOJ1KhvuNd6W3irYRdjLBlEaa3ISIwxZ2BW9LT7e+88HA4BgkioQ4+VWHNYFDm218yyF2pD4z7mRBQRq7UjI5Fl6NkZXWzJxKKoHXynXXU8V/M+8yJGkWWMRy9rGWfJ5Fk2XvC6l0QWMyuiEG1nkEeLv4NT7roBlhpao+INWDqzp9Z3+HjjSEuv8z25vZ4nt/fMSpkTqUfbGVBV1erluT2NvS6/9UwHbx9r5fZREWhkCbNWZmScgffK23rM2+D0k2ANYtDIZEeqwbUFMXqSbZrO9fhItGrQDzA84oUak9C1LypavLywt4k5mRYyHTr0GomxCQae39N/GYGgGjyqkSVmZ5jZUN52xbOb1rb7aPcEMGllTFqZL06MoiBGzxuHWzhY62ZfjYtrV528onXqLibLjiO58yFzEM7sreXMnp4P+Ror2/jbf27udXlbXNc5vGJ/PQffO91jPoDtLx0lPjdSzVyK+jAlrTiWU7vPhc0XDAbVh4OSmh01e3JCKNvrUEvIdYSGtGupbmfvmhNkTozHkWxBo1NIyItkz5vh2UJSRkdjjVYfSgd8AU7sqKaxsud358yeWlY99EGP6Rertc6ppvGVID43kusem8SxLVUc21yF1+Vj0zMH2PTMgQHLGW7vb9nFrMnjiIlyIEsSGamDfyg3kKK8LLLS1fKcLjd7DhzFEWGjMC8LrUZDYnwMi2ZN5p0PPr7kddXWN9Le4cRkNGAyGvji51ZQkJPBG+s+4uDRE+w7fJxrP/f1S17PcNDYpyNr1cyZQW813tpXUKyT0ETEAjKKrQRJsRD0h7f7oPsM5xupxjYZc9E7eGtfwVv7EkF/G67jX8N1/GuDqoMx+5doY24IBV4GnEdwn/hmz+BVIOiuAn8rKBYkxYwh7TEUSzHemhfxt+3G37qDtp0X93LLUNGmjAllQPXXn6Rt0297na/p1f7bjD5jErJFDYb2t9XiLH0dbeo49JZokGS0KeOQ9GaC7vDsy/6mSgiqKdN1aROI+sJLOEvfwFn6GkF3O81rvkPzmu8MwZZ28TWeBp8bFC2yJQb7su/j3P8Wzr1/x1db1rn+N4Z0nRdCOyIfTVrnw9pgEPeubbh3fdJjPt+Zk9Q9dE+/ZelGjkI2qw/n/VWVtL/6FwxTZqJJzUDS6dGNHEP76lVDvg3/zNraO7Cazeh0OqIdDk5WVpKakIDZ2BkU1txMbFRUn2+DarVa4qLVYaYDwSDVtXU0NDeTlpiITqvFZDCQHB/PufqGK7dR/4Teem8TednpTB4/GkmSQsGrAPWNzaxZ/9GQrSs9JRGL2YTX6wsFsDY0NeN0ujAa9Bj0eu64cSnZGSls3LydshNnOFp+igce+f6AZXu9PtweLxaziegoB/k5mRw6Wk5WegpGgx63x8O52gYcdluPZYeqDv+osjNSWDhrKnabej/h9fqorr2we+jzWf4URaGkuIitO/YOa5baS5GdkRKWtXfP/sO9ZkmtqKrh69/9ab9lFeZlE2FT+4kam1v46JPd5I3IIMJmRZIk8rLTQ1mW++J2ewkEghj0+rAgzfSURDQahcbmdtrbnVjMQ9snl5OZFjofuN0eDh07gd1mYURmGhqNQmxMFNNLitnUS9bA3uRlZ4SCYc/VNbL6rff63O4f/uqZAcvrnnk2LiaSRbOn8oc/9z/yQ01tPR6vF41GIcJm5f67bmLrjr188PFOKqpq2LRt96C3Zzj9uXwD16ZMJtum3jOlW+IxawxMjysixqBmPfcHA6yv2slHNaW9lvG7I2sYHZlFRmfwaJYtiXRLPFatkRGd5QYJsqlmX69llLVWsXzjf/dadq2riW&quot;
08-31-2019 12:58:53 Wire.java DEBUG [Forwarding screenshot on session 7924db1cdca3d9f58beaf776318b9ec1 to remote] http.wire 87 - http-outgoing-3 &lt;&lt; &quot;yrGri9OGkiEToLayo+Yc0Z9RrtgY9/cQlbPzzich1EJHYF9p/+9Byla070Ou+WZw6QVBhFUpF6vW+JMZI5KYHyTwbuD4lKszFmeVaofyYYDNJU2fuILD6PH5/bj8GqwxZrIqkomsp9dcTlOtAaNfhcfprPtocyrXbXfLYdv8ePopExOwzM/fJYjn5YwaH3zlB/qoXDG89weOPVPfJAVnoKt92wlMR49Z43EFCzOg+nnOz00EsAldXneGbV33udb/O23by1/kPuWnmdmvncbGRUQQ7rPtg64DrMJiPLF89h0rhRoWkNjc3sLr34UWrO1dXT3tERymT7lfvupDBvBH9f+x77D5dRevAoC1fed9HlC4IgCIIgCIIgCIJw5Vy2ANYccwSVc78w6PkzTDYiOrOvegJ+DrX1/zBvT0st4+yxaCQZi0bHCHNEjwBWgApXGxkmG3aNngJLJNuaqim0RiFLEg1eN6ecrYy395/twKJo+b+RM/m/kTN7/bzN7+XRw1v5W/WVGyIuTR+NTVE7BT0BHyfd/Q9z159p9nz0soYgQQ60n+aUq5ZtLUcZY85AL2tI0UcxL2IUr9cP7XC3ZkXP4+m38Xj6bb1+3u5384Mzq1lTv7PHZ1XuBnSyhlitHbvGxI3Rk9jUfOnDMm9vPUazr4NYrZoBIEprDfs8zRDDBGs2MhK+oJ/dbeW0+93sbisnwxiHjESuKYmJ1hFsbz3W2yrQSgr3JSzgvoS+Msipne37209zoL33QLzLJcWuDWXrrHf62VF5YdlQEm1d2XIqWrycaPT0Oe/eahfLcgNEGhUUWSLV1numnWZXAJcvgE5RyIpUzxGFcQYijAqBIJTVu4kyKqC/oKoyIcnIDQV28mO6FmxyqZkmUu1axicakSXwBYJ8etZJhzfAp2edpEfokCU1A+yEJGO/++h4g5t4qxarTibeomXlSPuQBLBOSDKy4/6+MwfuqHTy4JrK0N8fn+ngmlwbsgSRRoUbC+zcUGDH6Q1Q2eJly5kO1h5t7fd4XS72eDN6s3rsfV7/BQ853315vzdAw+nes1OdV3u8ibgREciKhNag4Eiy9Ahgba11qg9DIg3oLVry5qRw6tOLP8f2WfcEM4kjO4Nb/EHOHmnE6/Jx9nADEUlmJEkiKs1K0sgoKg90BYw7kixo9GpQndflp36AbR4qZVuqSC6KxhJlQFYk4nMdxOc6mHp3Ae42D9VHmyjfXk3ZlqorUp+LtWPvQZpb20MZTqIiegaDaDUa7r31Ou699bpey/D6fDz3yls89UL4g+aZk8cR0zlU6bm6Bj7ZvR+71czSuVNJiI3GajYxYUzBkASw7th7kI937eOaedOQZZnICBs3LpnDDYtn43S5qTx7ji07S1m7cSsnOrPA/qPQOOaDbACC+Ft3E3CW4W/+EI2tBGQDsiEDTdS1eM+FB+R5a19GiZiNrE8CSYNim4Rim4Qh80cEfQ34W7bjrX8db+0r/a5fsYxWM69K6m8OATfe2lfxNfcMogfwNX+Er3ED2thbQVKQtDHo4j+PLv4egv4OAq4T+BrX4619qdcA2CtBE9GVXdTXeKpHgOlg6UfMVANhg0G8laX46k/gKd+KLnWcmsU0MhVDwSKcn64OW85Z+jr6rGko9gSQFXSp49Gljse+5DECHY14zuzGdfDtfgNKJUWLZeZ/YJn5H71+HvR7ad/8FK0bf66u89PVGIuWoc+cBpKE4kjBMv0BLNPuJ+huw1dXhuvQOpylb+Bvqb6o/XEplMRkZHPnEKleD77Ki7vm0ySloBtVDJIMPh+eA3sJOjvwHNiLJiUNJBlNZja6UcV4Sq/+wJahIssy4wsLGV9Y2OvngUCA3QcPsr10X6+fd7ic+Px+NIpCpF29L4iLikKr1eLz+6lvaiLG4QCl9xeoctPTsVvV4+tyu6moqeZsbR2jcnOIdjhQFIXkuHh2H7j0+5d/BhqNwopl81mxbH6vn/t8fv7+9sZeh9l+c91HZGekEhsdGTb/R5/sGtIh3NNTEjHo9bR3OKmoUq8d9x0qY8+BI8yaMh5ZlrHbLCycNYUFMyfj9nioPlfPp/sOhwLM+lNb30BCXLSa9Tc5kUNHy8lMTUKSJFpa26mprSc3O73HckNZh+GQnZHCnGkTKR7VNfJJXxk5i/JHsPqP/Qdd1jc2s3PvhX2vTlWcJSbKgdlkJCbKweK50/5hA1gTYmNCwaDdg60vRnFRHlqthmAwSNmJM1TV1FJ68Bh52RlotRriYqKYNG4U72/pu5/I5/PR4XQS5bATYbMyfvRIqqrPhYJsG5taaO9wDioDaXdRDjtTJoxh8Zyp6PWd/YgeL+0d6r32xOJCIjuv8esbm9h74AgWs4lZU8arx9poYFTBiEEHfHY/v5ypqr7k75LL7eFsTS2ZacnIskxJcRG7Sw/i9fn6XOb9LTuYXjKWUQU5nYGvUVy/ZA7LO6/9K87WsG33PjZ9sjuUFfZq1O5zUeNqDAWwmjUGihwZZFkTMXa+bNXhc7O3se8h30+2VXOo6XQogDVCaybPnoJGVrBp1Rd63H4vJ1ov/PpuzZlPGBmRhk1rRq9omRU/mlnxo/lB8ReoczWzs/4oa8580mdw7ZWkaGRK7sij5I68Hp+11Tl550c7ObOnFkeSJZR91e8NUFfe+4vq51UfaSShIApZkdAZNUSmWXsEsEal2fjq+hv6LcfZ7OH07r7PQS01HUQkWdBbtcRk2qncV0dMlh1JknC2eGiubidxZFSP5Q6sO0XunGTSiuNAUvtVJtySy4Sbc3F3eGk43UrZlioObzxDW+3wj7qWlZ7Cvg97DwY9r6m5hW27em9TJeNG9bv8tl2l3Pu1xwash9lkZN6MSdyxYhmOzvOjz++jvkk9XyQndJ2Hz1RWc/xk30HAn+47zPLFc4l02FEUhdTknqMbmU1GfvDol/nBo1/usxyfz8+OPfsHrHt/tu3ex5bte7hu0Wy1X8RhZ+V1C1lx7QKcLjdnKqvZvG03b677oN9tEgRBEARBEARBEARh+F01GVgVuoa+8wQDnHH2H5Dj9PsIdmaCU5AwK71vyilnC5OD8RgVDYXWKKY6Ekk2qA8Ta9zteAYY+vFqJUtdw4f5ggFqvf13QPZlmj2fNL36xrcz4OHTNvUt/B2tZayImUKCzoFJ0TPZljvkAayXwhP0sbnpECujpyBLMqPN6dwcM21Iym7wdWV0M8t6ii2Z7G5TO88nWXOI1akPsZt9HexqOw7A7rZyFkaOxaYYidRYmGzL7TOAdSD+YICPW47wRMWVzwqmSF1DhLe6L/y7oXQtHhqWvi8uXwB/IBj636jtPYdVmzdAsyuATa+QYNEwIclIbpQeg0bG5QtQ2dL/es4bKOiz1RNge6U61NnEZBMx5s6smO4Au6vUTu89Z13Mz7Ji08s4jAolyaZ+A1ibXAGq25xMSzMjSzAl1cSC7Isb0vJS/HRrHQFgUbYVg0Y9SBJg0sqMiNIzIkrPypF23jzSyhNbhj5Qsz+yLHF+lL5gIEhH04Vleu6+fMAfoHWABxQ+j5/zPx6yrAaxfpbfG+DMnloK5qUiyRJxIyIYuWDoh/xOLozC7FAzirjbPFQdUl/cOHukkazJCejNWox2PcmjosMCWGVFOj8qNj6PH3ebd8jr1pvKA/Vs+dNBSm7LJSLeHBq2T1YkjHY9GRPiyBgfx9hrM9ny3EGqDl69WeXOD5kH6oOVsYW5Q1LuqPxsNBqFYDDI4bJTnK5UH5oeP1lJQmw0kiQxumAEqUnxoc8uxU+f+jOBYJBFsyZj6Hx4L0kSJqOBEZmpjMhMZeWyeby5fhNP/O7FS17flaBxzEc2ZgEQ9Hfgb1WzHfmaN6GNvwdZn4KkWNBEzOkRwOpr/ghX+TcwpH8P2ZhNqJFKGiRtLJqoa9BELUWf/FVc5Y/0HpAqadUA2u55FWU92tjb8DVtxN/a+7WQ68S3gACamBVIsvF8YUiKGcVciGIuRJdwH95zL+Iq/+bF76CLJXed6wLtF/fd1I+YiSZKzRga9DrxnFZfMHKf+ATT+FtRIpKQdGb0WdN7BLB6TnxMy9rvYp3/TbUMKXQCQbZEY8hfgC&quot;
08-31-2019 12:58:53 Wire.java DEBUG [Forwarding screenshot on session 7924db1cdca3d9f58beaf776318b9ec1 to remote] http.wire 87 - http-outgoing-3 &lt;&lt; &quot;FvPpZpD9C89nt4Tm67qDp+VvNr38K+7PvosqYhKZ0vykgSksGKNnks2uSxmKfeT/uWp2jb/PSQrHOwJFkm9NaQ30+goWdm+8HQjR6PEtWZvamtBc9+NT2850AphulzkS1WFLsD/diJ/1IBrJfK6XLj9XrVANYIO1qtlmiHmrnb7fXSNsCQ1wmxMWg16rVkc0srp6vUwI+aunqiIiKQJInICDupiQmhz4SLc7T8FLtKD7Jg1hQUWT13nzxTxatvbRjS9aQmJ6DRKDS1tLKzyQuFWwAAIABJREFU29C3z/zlNQKBINMnjUWv6/otNuj1pKckkp6SyOK5U9m4eQd/7CObGUBNbQP+QEAdaj0tiaL87NDLNo1NLf0Gtg1VHa6E5MS4foNQfT4/pYcu/D46GAxSfa6e519584KDC1vb2qlraGTcqAIkSaK4KI9pE8decB2uBrLc1a/mDwTCrnkvRHFRHgmdmQHdHjWDKcD+w2UsmDWZmCgHRoOeMSNz+w1gBThbU0dmWjJmk5HsjBSsFhM2qyX0mc068PDeRoOeh+69jYfu7f3lZ4DTlWdD3828rHQURb0mLz9VSVVNbec81cREOUIZZBPjYkKf9ef8uQWgpTV8BICi/Gwe+sJtRDrsn10Mp8vN719czYcf7+rx2fY9B4iNjsRiNuGwW1k4e8qAWaOffPYl7r9rBaMLctB0jkBz/to/JzONnMw0li+azWvvvM9rb78/4HYNl7POrmtRk8ZAtMGOIsnnr9zp8Lmoc/UfhNvh73oxWCMr6Duv8+Tz7T8YoNbddMF1W31qEzpZw7/nXUuMwR7qd9XJGhJNUVxrmszS5BJ21R/lf/a8QFnr1f3yJoDU/bzgDdBc3f+LbD6XvzNLsISkSOgMF/7ooL3BxbYXD/f7cmvz2XYC/iBavYbYbDspY2JC2Vvb6pz4PX33Sa776W7mfXksqeNiUTSd308J9GYtCfmRJORHMmFlDjtePsrOl45ecP2vpLqGJn73p5fYsKnnSAyXQqvVcP/dK7n/7pV9zlNRVcPWHeq9g9ztPFd9rv9M5k6XC5+/67rEZOiZKXcgbo+XNes+4DfP/vWCl/2sH/3qjwQCAZbOm4HBoAbCnz835mank5udzq03LOG1tRv4f7/8wyWvTxAEQRAEQRAEQRCEy6OvUQ//KbT5PJS21uEO+JGAkdYoRtuiidDqCQJl7VdvVoIrZbo9H4dWfXhwztPMJ61qx15p+ymOdKgdjRISoy3pjDQPfQDXpXjp3BZOuNS3+fWyliWRxWikoR1GXpKksDKn2PIwyWpn2Cl3LZubDwGwtmE3lW418EAjKUy25VzwunxBP5uaD/Jw+XN8sez31HguvLP9n403EORcm4+adrVj1KZXyI8xkBOtRwLa3AGqhiB4zxsIsqG8jdcOqQ/4JiebMHUG1J5q8rD1jBrY+k5ZK1Wt6vo0skRJ8sBDHf7tQDN13eq/PK/ng63LrcMb4PEPz3HXq2f4055GDtW6afcECHabx6SVWTHSziPTYq54/a5GB9afpqlKfbCj0SmMmJqIrAztT2byqJhQAG3T2Q7O7FEfnpZtqaL1nBoYIysSyYXRQ7reS3FyVw0vff0jNvxmLyd21NDe4CLg79aSJIhMsTLr/lHEZUcMX0UvgCRJaPrIoHch5k2fSFZaMqA+rN5zsOtB2af7D+P2qBmO42OjmDW5+JLXB9DhdPH4/z3DXV/+Ln96eQ2Hyk7S3uEMDUsKYDIaWHHNXB558M4hWeflpnEsQNKqbT7oqcLX9AEA/tYdBNrPZ2eRUGwTUSw996OvYS1tuyfgPHofvvo1BDxVEOwe9CMhmwowZD+JYp3QSw0kQpfHARcE1czcsiEVXeKDfdY76G/DWfYQ7Xtn4674Of62PQT9rdDtTCspZnTx92LI/Mkg98bVxZAzG9msZiDzt1TjOb4FAG/Fp3hr1OshJAldytj/z959B8ZR3vnjf0/Zvuq9d1nFRXLvFWNsOoQeQkKAlOMIad+E5JdLwiW5lLuEXEIqCaEYjmKaMc02xr1XuciyimX13na1fef3x1grCe1Ksi1rhf1+/SXtTnl25tnZ2dn3fB5okqYOmd9eugktf1iJzje+Bfupj9Sqp15P/wSCADluEsJv+RU0yWMTHPJ0N6J97UNo+8ed6N3/Etwt5VBcg4OHojEc5qXfgHnRV8dkneNNN302BL0amnbX1cBxUP3x2751IzxN54ORsgxtsb/+Tv54vF60dnbAfv64bTIYkJ2airDzgSubwwGbPXBF/dioSMRHq8cxr9eLxtb+cFRtUxOcLvVc0qDTIT0x6XK9jKvG9Cl5mDN96qCAWUJcNBbPnTFm6zDodYiPVavAfTocabM78OfnXsX/+8+n8OZ7H6Oiuha9Nvugz2K9Tofrls3HQ/f5r1ZnsztQcbYGLpcLgiAgPSURWekpMJuMUBRlxCqaY9GGicDr9eLoyTK8/cGFBe9q6hvx3Kvr8d0nf4t9hy+uktuHW3aho0u9idpsMuKaxXMuajlXiulTC3zHvPaOLhw7f15bVlmNszXnrxMJAnKz0pCdkRJwOZ3dPWhsboXb7YEsS76+bdDr4HZ7RhUeHY2Gpla886F6zjh/5jSkJKmVOQeGbwHgZFkFnE71GBwdGYHZ0/1X6R4PzS1tOFRSCkVRIAgC8nMykZ0+/DW3to4u/OL3z+CHv/wDPvxkF2rrm3zfMfqEmE2466ZVuHXN8svZ/DEjCgIkYWJdmn65agtWb3wCTx55ATubj6PN0Q2P0h+mlAQRs6Pz8MsZD8MkX3hw70rW02LD3rWleOnRLTi6PnAVXafNjaayDnicHkAAYrLCETcpAvoQLaAAHTXDF7WwtNjw1v+3C688vhXH3q1CW3U33A7PoGn0oVrMuz8fs+4em5tVx1pjcyv++vxruPuR7+CVt4dWmL/c2ju68MJr61FdM74hbJvdjg0bt+Fr330SP/nNnwJWXb8Q1l4bfvKbP+Hur3wX/1j7Bk6eroDF2jvkusjdt67GDx5/5JLXR0RERERERESXx2WrwFpm7cSyPeuGPL4gIhH/W7gE8brAwS+tICLFEBLweQAI1+h81SI9UGD1DK1I4oUaUu12O2GSNIjRGjA7PA56UYLd60FFbxfSDCE4X8g1IIvHhR+W7sLrjWM3BOFY0ogSkrSRI0/4KSZJhyJTBvrqHKTrY/FO4RN+p42SQzE3JGdMh7S3ehz4Rc06vNt24KLmr7Q34d32g/hqwrXQiRpk6GPR6rr0obQj5f4KmRaP3VdJdaopDZOMib7nppszcXTGb/0uI0kXhTWR0/Fe+9BKVy7Fg2cbN+NfTVtwf+xS3B+3BGZJD1mQUGzOxEFL4Iu84ynCcGmBrjjz8IeXMJ0Endz/zrO5/FdX8EJBTZcLMxIN0MoCJsfqEHu+OmqbzYOGHvegIOZoKYCvguv/lXTi7VI1vDolTo+cKJ1vuuKEwJVbE0M0uC47BB+UB+53u2p68clZK24vCIMoAJPjdPAqF9PifvvrbPj6uxc+JHhVhxNP723D01DD1gUxOlybHYLVOSGINEgQBWBhqhHvxuhwsuXCKqGOBVESERJjGHnCS5hfZ9JAOF8q2OtV4LJ7/E7XUWdB2Y46zLgtG7JWQnii+YKrww4nLjscUWn9n3MJeRH4ykur/U4bEmtA9oJEv9VLNHoZhnCdn7kur/Kd9b72aPQyMmbHIW9pMuJyIiBKAszReuQsTERT+cQM4vcNmQcAFmsv9h89iVnTCnyPudxuPPfaBvz1hTdGvcyZ0/JhNqvnNkaDHt/7+hfwva9/Ych0Oq0WxZPz8Pzr713CKxis6lwdnv7Xa3j6X68BAApyM3DtkrlYvWw+IsNDIYoiFs4qwru5O3CyrGqEpQWPIJkhhc5BX4BUNOTAPN3/OYKoiYUcvhQei/+Kkq6W1+Bqec23XDnqRmjj7ocUMhsQZIj6FGhi7gxYUVVxNsJR80toE74K0ZgHQIAcsQrahK/C2fCXgK/B21sKR/VP4aj+KQBAMk+HJuZ2aGLuhKCJAQQJcuQqSM0vB2z75SaFDR3icSSCzgRNygz0lbyWozMR89gmv9&quot;
08-31-2019 12:58:53 Wire.java DEBUG [Forwarding screenshot on session 7924db1cdca3d9f58beaf776318b9ec1 to remote] http.wire 87 - http-outgoing-3 &lt;&lt; &quot;OK5hjoMhfAVed/GEzbsXdgO/aOb7n6/FUwTr8D2pQZgChBCk+CcdrN6Ko9PGg+xeOCdcdf0fPx7y64/a66Y+ga0B5txjwYi26DPm8lBH0IBI0e+sI1sGwPvG8vK1kDKe7C94tmUiHkjP5zFG3hNMSv3+53WikuAfolK2HfuvGim/lZ4vV6cejkSew7VnLhMysKPB4PLNZeRISGQiPLSIqLhV6nft5291jg8XoCnn8mx8f7KlGJoojiggIUFxQMmU4QBMTHREOj0cDlGp9q6hOV2+3Bm+9/jP9768IDHDesXIyIsMHXDkxGA1Ytm48TZRWXPNQ3ABROykao2Txs4K62vgkvrtsArNsAAMjOSMHC2cVYPHcGwkLNEEURM6bm45NdKSivGjyEraIoqG1shrXXDr1Oh/DQEOTnZECr1cDpdKGusRnxMdG+oFsgl9KGYFEUBU6XC13dFnz0yW68+f7HAactOXUGP/nvv2DO9Cm477Y1SEqIBQAkxcciLzsdm7ZdfPW6QyWl2HuoBKuWzoMoisjNTLvk72zBJssSYmOGDr89EoNeh7zsdF9fS4yPxR9+8X2/00aEhWJqfm7A/qQoCmrq1eC+LEuIj41CaIgJgiDA7nDgXG0DcjMv7kZpl9ut3jRWUooX121AW4d6g/rk/GyYjOp3Qr1Oh4c/fxse/vzQ4LZWq0FBbtaoKpU6Bxyj4y5imwby/uYdyMtOR2x0JExGA+bPmtZfpX4Y5VU1g7b5lPxsLJ0/E7OLp8Bo0EOr1WD+zGl4873A76dgSjD0X7+0uGxosnUgzdQ/fHlfVdbhRGr7j/turwcOj8tXhRUANKKMZOPF35xrddvxctUWvFyl9o94QwSuSZyBz6UtxqSwZAgQkB2aiHsyluOZM2P3ve5CeNxeHPi/Mux67uSo55E0IsLih696rA/VQjx/zUTxKHDah15vb6vuxvMPbULytBgs+FIBEguiAAEIiTYgeWo0Tm+phQWBg4mKV0F7jQUOiwsagwxjhA5Jk6Mg6yS4HR6011oQnmDCSBfsm053oOl0h+//lKIYFKxMRdaCROhMGsg6CbmLk7D//04Pv2Euo4qzNbjlgccwq2gy/v2h+1A0eRIEQUBcTBRmFRXi/c3b0dQSeCSGvQeP4aFv/XhM2uLxeGDtteHoidP4y3Ov+m5O+LT42OFvog4LDYFO238dqtfPjV3WXht+/ru/Yd/hEnz1gTtx46pl0Gk1MOj1mFU8GTv2jf134YqzNXjqby/gqb+9AACYnJeN1SsW4YaVSxAZEQZRFLFk3gy880E2jpdOzN94iIiIiIiIiK5mly3AeqFq7Bb0uJ0wSxpoRQnFoYEvNJolDaaGRPuGhrJ73Dhn8x8g29vZiFanHQk6EyI0OswMUy+KWtxOnLF2wiTJcHu90IgT647/kdQ72mHx2GCSdNAIEjL0sRe8jCVhhUjUjS74qhNlzAnNxT8ax3Yoxkv1SssOLAkrQJE5A7IgYXZI9rA/6o2k0JQKk9R/Ea7b3X/BdVZINiLl4YPVfUIkPeaE5PgNsPaxehz4S8OH0IgS7o9dCp0owyzp8aW45WhwduCD9sMB571cartdmJlkgAAg0iBhforRV310NJqsbmREqMNWpoVpMSVOj5Im/xWqpiXoYTpf5dSrwFdlNVC7nG4FOllAcYIBJq06X02XC4cbbLA6vcAIIw+ONvQ5I9GAKOPowrshOhGzkgzDBlgB4LUTXZibbERKmAYGWURxwsWHNC/Uy3ekIjtS3Sef3gYnWxw42eJAfY8Lj86JgkEWEaaXkB6hHbcAa09LL5y9bmj0MiRZRHiieeSZAs2vERGbFbjqp0YvIzozrH/4PKcX3c2B+/eJj84hbXos4nPVUGZiQRTGqjhMYmEUjGGjC57qjBokFUb5AqMd9Va4nV5oZRGyTkJUagjKd45NuwKZcVs2im/OgqQR4bS5seu5kzi9Te1LLrsbZdvqULatDrf8ZC7ictVhOS90X46XgtwMmAz9lXJ6rKM/xgViNOgxeVKW77xkJJOyUjFrWgH2Hx39j42f9vKffo7sdLXi6/4jJ/H1H/zK99zJsiqcLKtCfWMLHv3SnTDodQgLNSM9OXFCB1jlyNUQdaMMMYh6SGFLgFr1RhJdyvegS/4WIOqgeHpgr/weXM0vAVCro7qaX4ar+WWYpn4IKUQNyYoG/9XSFXcHHDW/hrPxXxDkCOhSvgeIegiSEdr4L8Ld9Qm8vaW+6c3FuyAa1XCau3Mrek/c7HvOYzkEj+UQvPZq6NJ+AkEyQpAjIRpzxzXA6ulugByjBh2lsCTIURlwt42+L+gnrYAUPrpKkYKsgzZzPrD9zwAA89J/h3nR1yHIWigOC7refxK2w+pNborDCtuRN2A78gaiHnoN2pTpgCBCis66wFc4mDZtFsI/9xSk0HhAUdB7+HV0vd0fvnFW7YazajdCVz0B09wvAaIE0RQNbcY8OKt2X9K6R8vT3Aiv1QrJYIQgy5BT0i54Gdqp0yGGj+5cXjSZoZs246oJsI6Frp4eJMfHQRRFJMXGQSPL8CoKOnt60Guzw+VyQ6vRDJkvISYG0igre4eazchKSUFp5cS4ge2z5tY1y5Gfk+k7t+vs7oHJYIBGIyMlMQ43r1qKp5995ZLXk5GWBKNR7wvc9fntT7+DtGQ1fN4XruzTFzBramnH/Z+7HjqdFiFmE5LiY/2G/U6VVaKruwdREWEIMZswKSsdgFpdtba+GXqdDh6P1zds+OVow3iorW/CN37060taxt5DJXC5XPjqA3ci6nwgZXbxZNx3+/V4Zu3obz76tA+27ERR4SQkxEVDp9OiIDfzktoZDM1tHei12WHQ6yBLEpLjL/w60cxphYiJHt1ni0YjY2pBDt54L/B1oobmFlisvTAa9IiNioTbo95AaLH24mxNPVrbR77hzWZ34O8vrsPW3QeHnc6g1yE3M23U14QyUhIxJT8bJaeGDzI1NLUi8/xIC3ExUcjNTENZZTUAoORUOR7+zpO+aZfMm4GHP387DPqRv+uVVVZj76ESrFmxEJIkISM1yW9wOj83E9985POIigiDoijYsnP/oGNbyalylJwqxwN3WnH9ysWQRBHhoSGjem3BEDEgfGr3utBo60ClpQF2jwsaUYZJ1mNmVC7erfEfSs8OSUR2aP95qcVtQ11vK3SiBj0uG0yyHhpRQmbIhd0c9GTxA7gjfQkECGiydeB7B/+OPS3qKAONtg68WLEJO5qO46/zv4k0Uyz0khbpIXEjLDX4upt64bS6oDWq10zi8yICTqs1yojNCfe9h9xOD7obrAGnrz3agk2/O4w1P5iF6MwwQACSJkdj4UOFePtHw59T15W0orfTAXOMAfpQrRqChVqdtb26B1q9DI/HC0nuvwiTNCUaa56YBXOMAVCAEx+exUf/0/+dquZIC2qOtGBxtxPFt2ZDlAQYI3RIKYrxjXgTLPuPHMdP//tP+PV/fAu5WepNAsVT8vH4V+7Hvz/xizFfn8vlxj9fegN//OfLo5q+qaUNWelqRe301CRMLcgNGHCdPrUAZpN6XdPrVdDYHDiA29TShp/+95+h1Wpww8olEEURsdGRePTBe3CutiHgOkbrjWefQk6m+j3q02Hf46XlOF5ajtqGJnzzK/fDoNcjLDQEGanJDLASERERERERTUATJrW5t7MRFdYu3/+zw+PwcEqh32n/LX0aCkP6qx7U2i34pK024LKretXl6kQJERr1InKr046NrWNXTXS8HbJUos7ZDgAQIGBmSDYWhuUPmc4k6fDspEexeepP8YuM+wZNszisACHS6Ie7ytbH+11HMFk9DrzZtg/dHjVoKgmir6LsxVgRPgUxGrXSgxcKztj6Kx4uDMuHThxd5luAgCJzBtL0I1d8+GfjZhy19odIwmQjvhC3dFCQdryUtTl8lVDD9RJW5/gP7N49ORwbH8jA87el4AtFEb6KqMeb7XB51R9c4swy7p4cDqNm6GFmfooRyzPMkER1X1mcXhxrDDwUa1WHE9YB7dKIApweBZUdzoDzXKz5KUZopdH1IQHAtHg9UsOGhhcGqupw4oPyHjjPD7U+2uWPhf&quot;
08-31-2019 12:58:53 Wire.java DEBUG [Forwarding screenshot on session 7924db1cdca3d9f58beaf776318b9ec1 to remote] http.wire 87 - http-outgoing-3 &lt;&lt; &quot;ru/moxWZFaLM0YmvQ1akRfRevx1lDage7m80FxAUjIj0RK0dD3jUYv46b/mIv7/7Qcy78+zTdNQ2kHOuv7f1CJnxSBKavT/a6r+OZMRKf1V97sabWh5mhrwLa57G6c/qQWDqu6DUVJuKSA/EAp02Ig+Xlv+CWoryssQd13LZVd6O1y+NqUVhyLiKShYdGIJDPu/M0i3Pv7pVj0YCFisoavYjOcjjqLb0g+rV4OuI8k7aVVbh4Py+bPRHSUGnT2KgrOjEGAY82KBUhJHP2PlxFhoZhziUOW1jf2/wCXlZ6MpfOHDpVsNOgHDak80ckRqyDIo++nkikfcsRKAIDXdhqKVw0jC5LZ9/hAgmQGxBFuIFCccDb+A87GfwIAHLW/g7t7r+9p0ZirBmUH8NqrB7SpAHLUDX7XLQRxeFRXw0ng/GgFUkQKDMW3+50udNUPEPf9Q4j64loYZ90HQaced3S5yyHqQ/3O448mNhe6nCUAAHdLBRTX+X2jNUGfvWTI9ILOBGEMh2B1Vu+H13r+h1RBgDZtli/AO2i9GuOoKp1dDs4TR+FpOn+eKQjQTi6CbsbcIdMJBiMif/lHxD7/NsK+9aNB0+hmzIGg1Y5uhYIATcEUyEmBh3qmwTq6u31Bq75qfm63Gy0d7QHnSU1MQEzk6EfG0Go0SEmIv7SGXqVyM9Nw7ZJ50GrV83Brrw2vvvMRTp2phKIoaqhx+hQsXzj7kteVkqAGmLu6LTh8vP8GhubW/r6QmpSAOdOnDJnXoNdBHOVncUOTel6q0cgIMavH387uHhw4eiLgPGPdhs+KQyWl2Lr7ANxu9T0qiiIWzSnGwtnFF73M2vombN97CC6X+nmpkSfM/d6jdqqsEs3nK/kJgoCCSVmYPiVvyHQGvQ4/+96/4R+//Qm+8dC9g6aZOa1g0M1eI0lJive7jj7lVTXo6FRHO9HptL7jaVNLW8CKxhdrybyZSIgbvnLgQGGhZkwrHHl48ZNllbA71O9f0ZHhuOfW6wIGVCVJuqBTi48+2Y2a85WiBUHwe+7eF3DvmyY/JxPJfr576HTaUd9QFyz3ZCxDiqk/WF3V04CzlkZsaTiCJpt6PBMFASsSirEiwf/7+aHcNUgy9u/nM911KOmowoG2MtT2qn1KgIBZ0ZOwOG7qkPlNsh4vLn4CO1Y/hV/PfMQ3zTlLCxwe9bt/lC4US+KnDZk3TGuCRpj433kHqitpRXtt/03XiZOjMP02/6MMzbp70qDrBt1NvTh7YPhK5m3V3Tj2bpXvugkEILU4FrPuHvm91VFnAQDIWgn6UPWctrfDgco9DX6n7wu99q0naUo0otKGfkfR6OUxu/l4LFWcrcGrb38Iy/mbaAVBwLwZ0/Dl+4ZWiR5vJSfLfJ9/8THR+PznbvQdrwdaOGc6rlk813ezlsVqxZEB50aB/POlN1FZ3f/bTWJ8LB6+/3OX3O7ahv7+mZOZhhWLhn6fMhkNEMXP1vuWiIiIiIiI6Go0oa7Iv9dyFsVhMTBJGoTIWjyRPQszwuLwQl0pdnbUY3lUMu5LysOKqBRfxVSH14OPWs/B4hk67GK3W72oddbWDdenqqyes1/6UPPBtrHjKPKNyTCIWsRoQvGf6ffgleadeLNtLyweG66PnIHPxcxHriEBAgRcHzkDCdoI7Og6hTR9DPKN6rBXChS83boPP64eWp3mS/HL8bWEVdCJGkRozFgUlo8dXaeC8GoDe6t1LxaETsLKiGkQLjK8WmhKxa1Rs7EmcobvYnSn24pd3eowUwvD8pGmUwNbLsWDZxs34+n6oUNcPpF6G+6MWQARAhK0EVgePgXPNg4/bJvV48DLzTuQbUhApKyG0HINifhy/DX437oNF/V6LtZ7ZT24LjsE0+L1EAVgZZYZUUYZLx7twK6aXhTE6HDH5HAsTTfBrBURrpeQFq5Br8uL10904f2yHqzMNCMtXKvOn21GargGr5R04uMqK+LMMm6aFIobJoUgXK9uZwXAyRa73yqmbq+CDpsHB+tt6HZ4EGnov+Bod3txdowDrPNTjEgLVy+au7wKnjvSgb/uHxpS+H8LY3B7QRhEAYg3a7A0w4znj3QMmW6gF492YnaSEdPixy6gMxqHG2yYnWyEXhYQaZDw+NxoxJs0eOd0N8xaETfnheLOyWG+UK3draDT5hnXNlbua0BMRihknQRThA7LvjoVJzZWo3RLLZy9buQsTETBilREpYYAApCzMBHmaIOvgkbV/kbEZodDo5egNcqYc/ckxOWE49TmGtSdaFOHkVuegtSiGIjnq3d4XF5UH2yGy89weAOVflKL5KnRyJqTMOzQdRcipSgG4QnqUPNetxdH1ldi/2tnhky38IsFKFiZCkEQYI7SI2NmHI6sr0RXgxXnDjcjNDYdoiQgIsmM674zAyUfnsXpT+qgNcrIXZSEvGXJCI0xAgJQsCIVWqMGm/945KLaXLm3EUU3ZCLGrFZVyZgZh5XfKMaRdyvRUtGFlKIYTLs+Q91HAKAAtu6xD5hfioLcDNx07WKsXjbfF0jo7OrBnkPHL3nZRQW5vh+xK6vr8KVvPYle2+BQfkFuBn75xKNIiIuGLEuYU1yIPz578es8fPw0ZhcXQq/TIjI8FI8/dA/iYyLxzkfbYTYZcfOqxbjzxmt8wR67w4HO7ol77iMasiGZp0F9oylwNa2FrfzRIdNpk74BfeoTakVUTTTkiGvh7tgIV+tb0CY9BskcAUCAJup6YNK/4Kz7X3gshyBHrIQ26d8hGftujlKguAKEJhTvoH+djX+HZCqAoIkBIEKOWAVt/IO+kKu7eyek8KUQRAMETQz06T+DU5sMV/OLEKRQaOK+AG3Cw4B4/vjv7YXiClyl5nKwHXkD+vxVkKPSIUgamOY9CDkiFZZdz8BVdwy6nCUwzrgbupwlagXVjLmQY7Lh6ayFp/0cNAmFatDTTzXTPuaFj8C89BsQNHqIpkjoc5fBcWYr7Cfeg3nBwxCTwgFBgC7/WkTc+QdYdv7dt27zgoehiTt4NcgJAAAgAElEQVT/I7ei9IdPL4Gzej80cXmAKEGOTEP4534H686/w3bsHcgx2TDN+QIMU29G36/bitMKb3fjJa/3Qth3fgJN1iQIej3EyGiEffMH6N3wJmwb34XXaoVh2bUwXncz5PQsQBBgWHYtpNg4OA7ugW7GXF8YVXG7YH19LSxr/zFkHaFf/SaMa25RK9vGxEE3dxHc614a19f5WeP2eOBwus5XWXUNCrE5nE509fRAI/u/eSkpNhb686Fia68Nm3bvRl3T0ODHHdddh5hItQJafHQ0YqMi0dwWOBhLQ9147WLERKnbUFEUHDx2Ch9u2YWW1nYkJcQhKiIMZqMB11+zCKVnqi4pKNcXiGtt74DN3j9KwcmySkwtyIFOq0VYqBkP3HkjoiPD8fGOfTAa9FixaA5Wr1gIjUbtQw6nEz2WoZXsrL3qzVyNza1wuz2DqqwODKj6M1Zt+Cx6Y8NmFORmIi87AwBgNhlxzeK5OHjs5KD9dCHe+fATTC3I8S3zs2j3wWPITEuG7vw54qMP3oMPtuzE5u170WuzY/G8Gbh2yTykJSdAEAQsnjcDMVEROFRSisS4GGSmJUEQBL+VPvvcsnoZ7rppFbRaDcJCzJg+tQCHSoYGmLp71L7W0NyCSdn9NxkqioL6psA3El6s/JwM6M4fg2vqG/HEz/93SF/IzkjBt7/6BcRGR0KSJEwryMWLGP66y9bdB7BobjHysjMgCAKm5Ofg50/8OzZt24O9h0rQa7NjzvSpWDJvOiZlp/vaMBr1TS34eMc+3HfbGuh0gec7daYK6SmJEEUR8bFRePzh+/D2B59g+95DSE6Mw5rlC7F47gzfDZd2hwNt7V0BlzfeskMSsTp5Nu7NXIEQjRqKs3kc2NmsBvStbju2NB5FujkesighRh+OX854GBtq92Bd9XaUdFThhpS5uDtjGYojsyGdP3/rdlmxsb6/Mu+HdQdQGJ4Gg6RDrD4c/zXjy3i58mO8Xr0NPS4bbkqZh7sylmFSmHo99KaUeUg0RmFb0zHsbT2FO+1LkGqKhSxKuDN9CfSSFmsrNqG8px43pM&quot;
08-31-2019 12:58:53 Wire.java DEBUG [Forwarding screenshot on session 7924db1cdca3d9f58beaf776318b9ec1 to remote] http.wire 87 - http-outgoing-3 &lt;&lt; &quot;zFl3NWI8Go3qji9nrQ4bCM85a8OOU76pGQFwmNQYbOpMGCLxcioSASx96tQs2RFqTPjsPUNRlInxPvq3jqdnpQubsBzt7hr5kAwNH1lUieFo3cxcmAAMg6CfkrUlC5uwFt1d1DpndY1Gv4nfUWeNyDq6x2NQ7/GVV3vBUxWWEQRHXUl9VPzMKBV8tQ+nENotJCMe3mTOQtT/G9F1w2NyyttmGXOZ5eefsDzCqejGuXzocgCNDptLhh5RJ8snM/Ks4Gpzo6AKzfuBWrli1AemoSRFHAdcsXID0lEWvXvYtN2/YgPjYat6xejptXL0dEmBoaVhQFx0vL8d6mbSMuv+JsDV5f/xG+8cjnYdDrIQgCZk4rxF03X4dX3h56fX20Dh49iXkzpkGv1yEyIgzf+foXER8bhbfe/xhmkxG3XX8N7rltDXQDrot0dA3tk0REREREREQUfBMqwPpc7SlMD43FrfFZkAQBOlHCjXEZuDHO/48HCoB9nU34a3WJ3+ft5yvmlFk7Yfe6oRH7gmlelFpG/wOhWdLg94VL8PvCoRWj+jQ6evHYia3Y2VEfcJqx9lLzdhQYU3B95HSIgohI2YyvJa7C1xJX+Z2+22PD2237AQDLw6cgQav+4NfrceCQxf+wlR93luC26LlI1UVDhIAiUwZMkg5Wz+AfATL1cTg647cB21ppb8KtJ3416DGTpMPP0+/Fz9PvDThfs6sLP6x6Cft6hoa7BnqtZTeKzBmI1YyuctuckJxh2+tVvNjZVYqPO9W+tSgsHxEaNVza4bZgf0+F3/l2dZ3GtRFFiJTN0IkazDBn4lkMH2AF1O083ZyJe2IXQhYkaAQJ10UU45PO4zhmrR5x/rHS6/Lin4fa8cMlsYg1yZBEAbOSDJiV5L9inQLgWJMdr59Qfxg51+XCyyVd+Lc5UQjRqrVw86J1+PGyOPx4mf91tljdePmY/2EDFUWtztrr8qLR4kZ6eP8POu02D3bVXPrQ3wMtTDP5grWdNg8O1fu/yL27phcrMs2INEjQyQKKE/R4foRcYK/Li3fLupEZqUWI9tJKQcxKMmD/V/xXzOjzdmk3fra1GW+c6sbSDLMvOJsUqsG3F0Tj2wuGVqZRAJxoto/5dh3J8Q+qEZMRhpwFiRBEAYZQLWbenoOZt+f4nd5hdaFsW3/lhhMbzyE2O9w3v6QRkTU3AVlzAwwZqACNpztwdMPohs8+tbkG8bkRMEWOTfg4rSjGV13E1u1E/Un/n0c1x1qROTcBhlAtZK2EhLxIHFmvHqsPvF6OqNRQJBVGAQIQGmfEgi8UYMEXCvwuy9JuR+mWS/sxpGxnHSKSzZB1EkRZROaceGTO8V81zmF1ofrg8JVaLrdZRQXY/95zAZ/3er3YfbAEn+waOhSpRpbx0D0346F7bvYzp6rXZsevnn4eZ2vrMTU/2/dD//HTFUPCqwBwsqwKx09X+EIwifExuG7pPHzwyeChFWOiIvCn//pewPW2tHXgx//9N7zx/hYsnT8D0wrU90lSfAy+/ZXP49tf+fyQeRRFwYnTldh14FjA5QabHHk9RN35MJ7HAnf3Lr/Tuds3wBv/AER9JgARUugcCJIZiscCV/OrEA15ECQjIGihib4Fmuhb/C5HcXfC3f7+qNrmbnsX7ojroIm9BxAkCHIYNPEPwt21DV5bOVyN/4Im8gZIoWq1F1GfDn3mL6HP/KW/NcPTcwjujvEdxt3dUg7r7n8g5JrvQtSHQpB10E++HvrJ1/ufweuBvWwLHGe2wrzwEUhhiQDUkKfz3H6/s9hPbYRhxt2QI9MAQYQmZQYEnQmKwwrbsbcgx2RD0BohSBroC9dAX7jG/6rtXXCc3jTkcUHSwLzkUZiXDA0291EcVnRt+DFsR99E74GXoctZCjkqXa0+Gl+A8Nt/h/Dbf+f39Tord8LdNrrPhbHSu/51aLInwbD0WkAUIYZFwHzvgzDf+6Df6b2WHtg2q/1WN2sexLDz1aS7OuEsOex3HsehfdAvXAYxLAKCVgdtYRGsfgKscko64tdvD9hWd81ZtH79/kGPCbIG5ru/CPPdX/Q7z3DB2stNFEXMnDwZMycHrnbtcrmw7cABnK46O+hxr1eBy+1GXVMTbA4HjIb+8+BuiwXNbe1IivNfdTs5PsFX6bKju9tveBUA6pqaEBURDlEQYNTrkRwff0EB1vysLORnZQV8/lRFBbbs3Tfq5QWbLEu448aVuOPGodWz+wwcQnzVsvkompznC6c0Nrdh3Qb1uNFXmfOma5dCliWkJsVjzTWLLnpo+Sn52QgPDYHH60V17eCKcBu37sac6ZN9Yce4mCg8eM8tePCeoZ89iqKgvOqc35Cf06UGeWrqm+B0uXwBVrfbg3O1/qvQjXUbPotsdgfe+XArEmJjEBaqfleflJWG65YvwJvvjfwdPNAyP9l5ACmJ8X4rz30WbNi0HZlpyVg8dzpEUURYqBl33bwKd93s/zqRpdeGj3eqn+2zp09G9Plwvc3uwMky/9eJ9h06jpWL5yI+NhqCICAvO91vRdK+qqWNLe1wud2+GwIcTuegSnxjITsjBblZab5z8jOV5/wGmcuranCm8hxio9UQYmxMFBbNmY7tew8NmbaPze7Aunc34asP3ImoiDAIgoC05AR8+d5b8eV7bw04X4/FivbOkUOkGzZtx6yiQkzJ9//9FwA+2rob06fkIyFO3eYZqUl4/JH78Pgj9w2Z1uv14ujJM2Ne4fZCZIckovTWwHfrKVBwuK0Cb1T3n3v85fR6FIanY15sPgQICNEYcHfGMtyd4f9ikkfx4uOGI1g3YBkvVGxEYXgabkyZB0kQEaULxaP5t+DRfP/fCbpdVrxZvQMAUNJRhc0Nh3F/5jWQRQkmWY97MpbhngDrb7S3Y1ND4H4zkRx9pxLxeZHIX5ECQRQgayXkLklG7pJk/zMoQP3xNhx8ffhrsQPteaEUsdnhCD8/Okxkagim3ZSJj/8w9GKZ26ler2+v7oHb4fEFWD1uL1qrhn/PlGw4i4zZ8ep6BCAmKwyrn5iF1U/MGvoyvArOHW5BR+3EChr/+V+vIC8nE2nJ6jWrzLRk3HXLavziqb8NmXbOjKko2frmsMt7Y8Mm/PjXT19Sm6pr6vHC6+vx+CP3I8RsUqs952biZ088hp898ZjfeZpb2/HCa+tHvY616zageEq+L7xrNhlx6/Ur8O7Grb6beS7U6+s/wopFc1F8vhJ4cmIcvv/YQ/j+Yw8NmVZRFJScOoMdwxzviYiIiIiIiCh4JtyAOj88vQuvNJTB4R2+AqBb8WJDcxUeOrbJb/XVgap6u9Hp7q8EZ/e6UWbt9D3nUMa32uBY+q+addjUWQLPp6qFfZrFY8fapm14q1UdBneGORM6Ub37uNHZiU2d/kMt1fYWnLCegwJ16PMUXRSuCR86BFew7es5g487S+AdYTuMhlfxYmd3Kf6rZh0ANWhbZMqAeL78YpW9OWCgdmvXCZy1N/v+n2RMwuyQwD9CDPTnhg9w3HrO93+iLgL3xwUOTV8uu2p68ce9bWi2Dl9lQQFwvMmO3+4aXDll3cku/GlvG9p6h39fKQAqO5z4j4+bRhWYrOlywav0/99ocaPXpe7v1hHWNRpGjYipcWrlWQA42+nC/jr/F1C3V1tR3dl/TJkUpQsY8h3orVPdONJggzLilGOn1+XFn/e3oWqEarUKgPI2B/6wd3yrAvbZ8exJVO1vgtcz/NZx9rpR8sFZlH4y+AfPHc+exOmttfC4hj8GeD0KKvc14sPfHhqx+mqfuhNtOHugCYr30vecRi8jLjfCF7jorLei7oT/bV59qBmd9f3VR6LSQtTAKgCX3Y2dz51EQ2k7RupQvZ0OHFx3JuB6Ruv4B9Wj2sZupwcnNlajfPfwgYtg8nq92HWgBL/+0/OXvKzZRYWIilBvnui12XH4RFnAaQ8dP+0Lt4aYjJhV5D9wPBq9Njv+/PzrqKoZ/sYZNaxSgz88+9pFr2s8yGHzfRVKFUcd3G3v+J3OayuHp+cQ+jq+qM+AHHUTAMDZ8Be4mtcC3qEB4sELscPZ8AxcretG3T5H/R/htfeH3CRjPnRJj6vt9V&quot;
08-31-2019 12:58:53 Wire.java DEBUG [Forwarding screenshot on session 7924db1cdca3d9f58beaf776318b9ec1 to remote] http.wire 87 - http-outgoing-3 &lt;&lt; &quot;jgOPczeG2nR1iKAo/1BOzVPxn1esdS7/6XYN3+Z3htIwQpvB44yrei+4P/BABo02ZD0Kj7xtPVAPtJ/xVy3G1VcNUdU+8+ASBHpkJfcB0AwLrnOdiOrIPiHr4inuKyo3ffWthK3r2Ql+a/PS3lsGz9Azw9I4TpFQWOql3o3vSbS17nxej+y+9g37UV8Ixw3mS1oved12DbuAGCwQhN/hRf9VhP7Tk4j/n/Idaxbyfctf3nl3JmNrRTp4/dC7jCfbpSZVePWsm6rqkJTtfgc6uc9DSEnh/23ev1orE1cHCotqnRF+ySJAnJcf5vCKGhkhPjsHr5AhjPD3HudLqwecde1Nb3v9ff2LAZp86ogfRLHVo+OUENMjocTpyrG1yl2WZ34KU33h80fK0/iqKgurYBL7w+fJXHhuYW37DCgBps7RtavKGpBS730HPXsW7DZ83eQyXYtucgPOePoVqtBisWzvE7vPpobdy2B6fOVEJRxvNb29h6Zu0b2HOoBB7v8OftvTY7Nmzcho93qIH3gtwsX/X+to5O7Dno/zpRfVMLyqtqfNsoLiYKc2cEvk5UV98Eh6P/mGnttaOhWb2O0N7ZDbf70r/PT83P9VUFHC58C6iVi/uOwSaDHlMLRr5mc6ikFM+sfQMNTa0j9g2324NjJ8vwu7++iJJT5aNq/6Ztewe9/z+ttr4Jr67/CO2dw1cO7AtorV03cd/rChSUdFThF8fWwuruP2+3uu34waFnsL1p5Gucdo8TL1d+jO8ffGbIc/959EVsrD844jJ6XDY8X75xUAD2j6fewseNh0ect8tpxTNl7+Nou/+b2yeiLX88ghMfVvvCo4F4PQrKttdh/U/3jKr6ap+26m4cebvCd51FEAXkLE5C9oLEgPN01Fl81VgBwO3woL26x/ecxzl0P7RVd2PPC6WwtI3wnU8Bzh1uxo5/XPqIK2Ot4mwNXn5jA2x29TWIoohVS+djxaK5QW3Xq29/iN//7UW0tvsvMtCn74aYJ3721AWHQf/8r1cGnU9NysrA179090W1F1Cr2P/hmbUj3hShKArKKqrx1F9fuOh1EREREREREdHlNaEqsAKAxePCd0/twIbms3gkdTKmhkQjVNZCEgQoACxuJ05bO/BCbSlebxzdheAj3S1ocliRolfvAm9z2XG0e+yHKwsGq8eB71Y+hxuiZuKO6PnIMcTDKOkgQIBH8aLTbcX+nnKsbd7mq+Q51ZSGbIN6l7cCBSXW6iEVVQc6bKnCkvBCGEUdjJIO80In+Sq5TiSvNO/ELHM2sgwX/gOwAgU2rxPn7K14o3UPXmnZ6XtuSVghEnVqdQ6X4sFRy/DVuY5YzmKqKQ2yICFSNmNe6CTs7h4p1KLuy783bsJP0u5CjCYUAgTMCcnFdZHF+KDdf1Wty+X9Mz04WG/DwzMjMSfJiFiTBElU34M2lxd13S68V9aDFwNUTn39ZBe2VVt980cZJd8Q9Q63gkaLC1uqrHj2cIcvhDqSs51OODxeGGQRHq+C8vaxHZ58cZoJCSHqj3Uur4KjTcPf/X+syY4pcXrIooAIg4Q5ycaAgdeBXj/RhbxoHWJM43f4PVhvw6Mb6ofsT+Di98dYc9nd2Pj7w8hdlISCFSmISAmBVi8DgvoDisPiRN3Jdhx//yyayof2O5fdja1/P47KvY2YuiYD0Zlh0BllCKIAKIDT5kZHbQ9Obq5B2fa6C27fiY3nkFgQhYhk8yW9zrQZsQiJUcPOXrcXTWc6hp2+6UwH4nLCIUoCDGE6JE+N9gVRO+oseOc/92Lq9RnIXZiEsHgjZJ1ascvj8qK3y4G6klYcWFcOa/sIP+6M0o5/nURzRdeQfaR4FTh63Wit7MKx96pQc2zifcYqigKb3YGa+ia89eFWvP7u5jFZ7rSCXN8P/U0t7fh4R+DPx32HT6Dlpg7fkK3TCnKQmnTxoaWDx0rx6A9/g4fvuwVzigsRGxUBSVL7gMPpRGNzG7bsOohnX1nvtyrsRCGFzIJo7AvzKvD0HIDiCVwlx9OzB3LkagiSCYJkhhy+HK5mtaKkvfK78FgOQhv/JYjGAgiSGWon9UDxdMFjOQJn3dNwd17Y/vf2lsLV/CJ0Kd9Tg7aCBDnqBmh69sDV9CLcXTvQe/xW6FK/Dyl8GURtAiCcP8577fA6auBqWw9n7W+HfW2Xm2XH3+A4ux+muV+ELmMuRGMEIEqAokBxWOBqOYPe/S/BdlSt8qNJLoYcm6vOrChw1h6B4gg8rKfz3AHoJ61QK61qTdBlLYLtsBoU7trwEzhrj8I4615oYnMhaE2AIABeD7z2HrgaSmDd9U84ykcegnK0bEffgrut2v/rddngbq+G7ehbsO4aGn4YL4qtF52/+g8Ylq2CcfUtkNMyIBiM6rbxeODt6YLz2GFY33kNrtPqMLu62QsgxarHDsXtgvOU/9Eo+rhOHYd2UiEgy5DCIqArnh0w8EqDdfb0wKsoEAUBLrcbbcNU0kuMiYVWo34e2OwO1DU1B5z2XH0Durp7YNSrIczI8DCkJgaoHE+D3LxqKZLiYwGon+2nzlQOqbapVubcgqSEWESGh8JsMuKmVUsuamj5tOQEaLUatLR1oKa+ccjzJ05X4Mn/+SvuvGkVphXmIjIiDNL5KrxOpwut7R3Yc6gEb2zYPOK6y6tq0NHZ7asM2d1jGdVwwmPZhs+iV97+EOkpSZiSr45QERcTieuWLbjoqrsA8OGWXchMS0FkeOhYNXNc2ewO/M+fn8eSeTOwaul8pCTFw6DXQRAEeLxe9FisOF5ajg0bt6OsUr1OlJuZ5jsvHa6CaZ9TZ6ows6gAep0OBr0ORYWTsGn7Hr/Tnq2ph8XaC7PJCABobevAqWECphcjLycDGo167jVc+BYAjp0sQ3vHQiTGx/oqyCbGxYy4jn2Hj6Pk1Blct2wBFs4pRnxsFHRa7aDtevJ0BT7YsgsnTl9YsHHHvsOYMa0Ai+YU+252/LRtuw+isakV169chMl52Qg1myCKIhRF8Z37b919EO98+MkFrXu82D1ONNja8c65XXi+YuOg8GqfRlsHHtn1O9ycOh93ZyxDdkgSzBq97xpnj6sXJzrP4tnyD7GjyX8w0eq24/F9f/ItIyc0CSa5fxmdTgv2tJzC8xUbhwRQrW47Htv7NL6Ucx1uTpmPdHMc9JI6espI8050zl43Nv72EMq21WHG57IRlxMBnVnju2bi6HWh7Ww3jr1bhVObzo28QD8Ov1mB+EmRmLQ8GYIgwBimQ+F1aSjf6f+my6bTHbC02hAapx4bbF0ONJUNf40EAE5tPofOeguKb81GSlEMDGFa3+tw2d3obLDi1MZzF1RBdrytXbcBU/JzsXrFIoiigIjwUNyyZjk2BziOjpdX3v4An+zaj6998S7Mm1WE6Mhw3/mtw+FEQ1MLNm3bg2fWrruoqqkVZ2vwwqvv4PGv3A+zyQhZlrBi0Rx8uGUnjp0MfDPwcPYfOY5Hvv0TX5vjoiP7r4uMQZuJiIiIiIiIaHwIr776qpKbmzvowaKiIiRuCt4PuVeTqtnq0K2zyn4d5JbQlWJ/7v8DACx4aWINkUVXtp33qsHOZ78yvmFruvJ86a9qhbQFd30vyC0hANj5yq8AAPZjeUFuCemnqkM+t/33giC3hAaK+o5601P7vXcEuSVXjsiX1IrRz6zfEuSWXF0eulEdIvmex4NTjZgmtpef+i4A9o/xwu1NwdLX96ZueiLILblyHbvmvwAAT9+2K8gtoeH82xvzAQAzbvhakFtCE8HBd/8c7CYQERERERERXTZ2Rb25+MiRI0FZf1FREQBADMraiYiIiIiIiIiIiIiIiIiIiIiIiIjoqsUAKxERERERERERERERERERERERERERjSsGWImIiIiIiIiIiIiIiIiIiIiIiIiIaFwxwEpEREREREREREREREREREREREREROOKAVYiIiIiIiIiIiIiIiIiIiIiIiIiIhpXDLASEREREREREREREREREREREREREdG4YoCViIiIiIiIiIiIiIiIiIiIiIiIiIjGFQOsREREREREREREREREREREREREREQ0rhhgJSIiIiIiIiIiIi&quot;
08-31-2019 12:58:53 Wire.java DEBUG [Forwarding screenshot on session 7924db1cdca3d9f58beaf776318b9ec1 to remote] http.wire 87 - http-outgoing-3 &lt;&lt; &quot;IiIiIiIiIiIiKiccUAKxERERERERERERERERERERERERERjSsGWImIiIiIiIiIiIiIiIiIiIiIiIiIaFwFDLBqBGZbL7eB21gjSEFsCV0pBvYjmW9hGicD+5ooCcFrCH3mDew/sszPxWAbtA8ETfAaQoO3vyQHrx002MB9IXO/jIkB21EUeU4xXgZua1ni5y8NNrBPsH9cftzeFCwD+5tGZN+7HAZuV1Hmec5ENXDfaHhd4qrHPkBEREREREQ0PgJG3PKMIePZjqvSwG2crYsJYkvoSjGwH2WHM8FK42NgX4tINgSxJfRZN7D/ZKcmBLElBAzeB6I+N4gtoYHbX47ODmJLaKCB+0JOSQ1iS64cA7djZIg5iC25ugzc1qmJ/F5Kgw3sE+wflx+3NwXLwP6WY44PYkuuXAO3a1SaKYgtoeEM3DfZ6UlBbAlNBOwDREREREREROMjYMLthsjE8WzHVWngNl4ZkhfEltCVYmA/WpHGSmA0Pgb2tcyZEUFsCX3WDew/K+ZPDWJLCBi8D8TwNUFsCQ3c/tq8FUFsCQ00cF9o5y0IYkuuHAO3Y2ZSbBBbcnUZuK3nFk8KYktoIhrYJ9g/Lj9ubwqWgf3tujh+F7scBm7XnAVRQWwJDWfgvrl20cwgtoQmAvYBIiIiIiIiovERMMD6SEImppjCxrMtV5UppjA8kpDp+//+iNnI17PCAV28fH087o+Y7fv/3nwt8iJZhZUur7xIEffma33/T742FlFpxiC2iD6rotKMmHxtf4Dm3huXIC8zOYgturrlZSbj3huX+P6XY74M0VAYxBZdvURDIeSYL/v+N8y6F3Icb3wKNjkuD4ZZ9/r+199wE+SMzGHmoJHIGZnQ33CT7/+pWamIDuOoIJdbdFgIpmb1V769cflsZKbweympMlPicePy/u+Y7B+XF7c3Bcun+94X0xajIJRVB8dSQWgSvpi22Pd/8S1JiMlitfmJJibLjOJb+vv+F25fifxsjrRwtcrPTsUXbl8Z7GYQERERERERXRWGTbf9MXs6Q6yXwRRTGP6YPX3I479IuIkhVroo+fp4/CLhpiGPP7lQzxArXTZ5kSKeXKgf8viyh9MZYqULEpVmxLKH04c8/uTj9zLEGgR5mcl48vF7hzyuSXuKIdZxJhoKoUl7asjj5hufZIg1iOS4PJhvfHLI4+bHvsUQ60WSMzJhfuxbQx5fPrOQIdbLKDosBMtnDj2uP/bAjQzNETJT4vHYAzcOeZz94/Lg9qZgCdT3fjPlXoZYx0hBaBJ+M2Xo96tV385liHUCickyY9W3c4c8/svvP8QQ61UoPzsVv/z+Q8FuBhEREREREdFVQ3j11VeV3NzBF2eKiorg6G7w/f+3hkq8216P0t4euBTveLfxiqARROQZQ3BDZOKgyqv+vNCxDxt7SlHuaIFL8YxTC+mzRiNIyNbFYGVI3qDKq/68dMqJzdVulHd64eZbmC6BLALZ4SJWpMmDKq/6c/yjZlQe6EBHrQ1ejzJOLaTPClESEJFsQObMiEGVV/15af1WbN51DOXnGuB283PxcpBlCdmpCVgxf+qgyqv+uFv+AW/ne/DaywDFNU4tvIoIGoj6XIjhawZVXvXHtv8lOEs3w91aDnjc49TAq5QkQ47OhjZvxaDKq/7Y330Hzt074a45BxZ44DkAACAASURBVLi5XwKSZcgpqdDOWzCo8qo/xyrOobKuGe09Fni9PKe4FKIoIDLEjMyk2EGVV/1Z//E+7Dl8GufqW+D28PP3aiBLElITYzC3eNKgaoz+sH9cOm5vCpYL6Xv/qt6GD5qO4YylES4v+95oaUQJOeZ4XBc3dVDlVX8Ov1WHMzvb0FZthdfN85zxJMoCotJMyFkQNajyqj/Pr9uIj7YfQPnZOrh4XeKKpJElZKcn4dpFM1l5lYiIiIiIiK4adkUtTnfkyJGgrL+oqAjAKAOsRERERERERERERERERERERERERET02TdRAqwcW5yIiIiIiIiIiIiIiIiIiIiIiIiIiMaVHOiJZ79yeDzbQUREREREREREREREREREREREREREl9k9f1kQ7CYAYAVWIiIiIiIiIiIiIiIiIiIiIiIiIiIaZwywEhERERERERERERERERERERERERHRuGKAlYiIiIiIiIiIiIiIiIiIiIiIiIiIxhUDrERERERERERERERERERERERERERENK4YYCUiIiIiIiIiIiIiIiIiIiIiIiIionHFACsREREREREREREREREREREREREREY0rBliJiIiIiIiIiIiIiIiIiIiIiIiIiGhcycFuABERERERERERERERERH5F3FLT7CbQHTF63grJNhNICIioqvY1EfDzv8lBLUdNHE4nU5YrVacOlmKjR9uRGVFJb4976lgN+uyYICViIiIiIiIiIiIiIiIaAK78847g90EoivWq6++GuwmEBER0VVOkqTzfzHASipJkiBKIiRJhCBc2f2CAVYiIiIiIiIiIiIiuuJk32NCu70p2M0gIhpWpD4O5S9bg90MIppAeA4zvngcJiKiiUCj1Qa7CTTBKFCgdWohyzJEkQFWIiIiIiIiIiIiIqLPlHZ7E+64445gN4OIaFivvfYaAHOwm0FEEwjPYcYXj8NERDQRaDSaYDeBJhhFUSBrZEiSxAqsRERERERERERERERERERERERERDT2GGClT/N6vZAlGaIoAmCAlYiIiIiIiIiIiIiIiIiIiIiIiIjGmCRJwW4CTTCSJEGURIiiyAqsRERERERERERERERERERERERERDT2rvSAIl04UewLr4rBbsplxwArERERERERERERERERERERERERURAIV/gQ8XRxBAgQBOBKzzczwEpEREREREREREREREREREREREQUBIqiBLsJNNEogIKro18wwEpEREREREREREREREREREREREQUBF6v97It2+PxwOFwwGq1oru7G729vXC5XPB6vRBEAVqNFgaDAWazGeHh4dBoNXA5XbBYLOjo6IDNZvO7XJ1Oh7CwMJhMJhgMBsjy4Bii3W5HZ2cnrFYrHA4HNBoNoqKiYDKZoNFoIIrioOmtViuamppgsVj8rk+SJGi1WphMJoSHh0Nv0EMU+pfhdrtht9vR29uLnp6eYV9naFgo9Hp1/r71Op1OmM1mmEwmmM1maDQaAIDLpW4Lq9UKi8UCrVaLuLg4mEymS9ktI/J6vVC8ChRFwZWeb2aAlYiIiIiIiIiIiIjoCnb69GncdddduP322/GjH/0o2M2ZELhNiMbXzp07sXDhQrz44ou47777gt2cCc1ms+Gb3/wmzp49i7Vr1yIqKirYTSIALo8Trx76G7aXv4cH530Xs9OXBbtJREREdAXxeDyXbdnWXitamltQXV2NEydPoOZcDTo6O+B0OqHRaBAeHo6kxCTk5uaiqKgIYeFh6GjvQEVFBQ4cPID6+nq/y42NiUVhYSEyszKRlJiEkJCQQc+3tbXhyJEjqKioQEtLCyIiIjBnzhxkZmUiLDQMOp1u0PR19XXY+NFGVFRW+F2fwWBAREQEMjIyUFRUhMTERMiy7AuxWq1WNDY24mz1WZwuPY3a2lq/rzM7OxuTp0xGfHw8ZFn2rbejowNZ2VnIysxCZmYmIiIiAABdXV2orKxERWUFKsorEBERgZXXrkRWZtal7pphebweNcR6padXwQArEREREREREREREREURUFpaSmeeeYZbNiwAadPnwYAFBcXY9q0aVi1ahWWL1+O2NjYILd0/DgcDmzZsgX//Oc/sXnz5v+fvTsPj6q83z9+z5LJMllIJiEkAYJASAKCgMoioCDRgLhRlZbaqqA/cKlVoV9aF7QaRQQK1Spga0FExEoxFMGCNVBAkOCCbMFABMKSkD0hyUyWWX5/pBmJbGFJgvh+Xddctec885zPOTPzEMg9n6Pi4mIFBQWpZ8+eGjhwoG688Ub17dtX/v7+LV0q8JN1ss9pfHy8Bg0apLFjx6pv374ndDY6F/UB1PHjx2vWrFkt/rlnzQZOVFRUpKVLlyo1NVUbN25UeXm5evXqpUGDBmnUqFHq27evtzNaUVGR7r77bq1evbrBHL&quot;
08-31-2019 12:58:53 Wire.java DEBUG [Forwarding screenshot on session 7924db1cdca3d9f58beaf776318b9ec1 to remote] http.wire 87 - http-outgoing-3 &lt;&lt; &quot;GxsRo8eLDGjBmjQYMGnbB+1H8BZNu2bfrTn/6kJ554QgaD4YRadu3apbvuuku7d+++aNYNAAAuZk6Xs8nmLi0t1beZ32p3xm5l7slUfn6+tzOp0WBURXmF3C63gkOCVWmvlJ+/n8rLy5Wbm6sdO3bo4MGDCgoKkp+fX11g9H8/HxiNRpWXl6uqqko1tTXec6jrGOpRcXGxMjIytG37NuXn56t169Z1nVP9/GQymWQymxrUWVJSol0Zu7Rz5075+vrKYrHIYrHIaDTK7XbLZDLJ19dXZWVlCg4Olo+Pj0JCQuTj46Oamhrl5uZq165dyszM1L59+1RYWKjq6mpvODg/P1+FBYVyVDkUHBIsi8WioKAg73Hz8vLkkUeB1kC1adNGQcF1gVy73a68vDxlZWXpm2++UWRkpK66+qomfc0kyeV0yeWqe1zqIVYCrAAAAAAAAACAnzSn06m5c+fqqaeeUnl5eYN9W7du1datW/X222//pAIYBQUFmjhxohYuXNhge3l5uTZs2KANGzbo5ZdfppsiLnnJycn65JNPGjX2xhtvPCEM1pT27t2rCRMmaMWKFQ22Z2ZmKjMzU2+99ZaeeuopPfXUU01+e8vmxJqNluBjsujuq3+ju6/+TUuXcgKPx6Nly5bpySef9Ia569V/Jl577TXddNNNmjt3rtq1a3fKubKzs7VgwQJ9+OGHmjx5sp544okTbgdc78MPP9TPfvYzdejQ4YR6Vq9erd27d5//yeniXocBALhQnLVNF4YsKChQenq6vv32W7lcLoWGhiomJkYB/gGqqq6SPJLF1yIfHx95PB45a52qra1VVXWVKioq5PF4FBkZqaioKFmtVlksFklSaKu6eYICg2Q0GL3n4Ha75XQ5VVJSogPZB7R//345HA5J0p69exQYGKiQkBBZAxr+HaWmukaVlZWqrq5WUFCQbDabQkNDZbFYVFtTq9LSUuXk5qi2tla2MJvMJrM6d+4sf39/FRcXKzMzU+vXr1d2draMRqNCQkLUpk0bWXwsKq8oV1lpmYpLipWVlaXIyEj5+fmpXbt23uOWl5eroqJCdoddNTU13vOpqamR3WFXRUWFysvLFRgYqJrqmiZ9zSSptrZWtTW1ctY65XG7m/RYLe38v3IJAAAAAAAAAMCP2KZNmzRlyhQlJCRo9erVstvt3o4h5eXlysjI0OzZsxUeHt7SpTYLl8ult956SwsXLtQ999yjzMxM1dbWyuPxyOVyqbCwUJ999pmefvpp7y+ugEvVxIkTm2Ts+SooKNDvf/97rVixQnfddZe++OILVVdXy+PxqKKiQitWrNDVV1+tKVOmaMqUKXI6z++XqwMGDJDH49HcuXNbPBDKmg00tH79ej3xxBPKycnR888/r4MHD3o7dZWWlurjjz9WcnKyjhw5Irvd3uC5ycnJKiws9H6GKioqtGTJEoWFhWn+/PknBGLrDRo0SMXFxUpLSzthX3Z2tj788EP96le/Uvfu3c/7/C7WdRgAgAupvtNmUzwcdofyjubp6NGjstvt8vHxUWRkpDp17qSuiV2VmJioyy67TBHhEfIx+8jlqrt1vcvpUk1NjSSpVatWio6KVmz7WHXq1EkJ8Qnq1KmTIiIiFBAQIIPB4D1eVVWVSopLlJ+fr4L8ApWWlqq2tlYOh0OHDx/WoUOHVFFRcUKdTqdTNTU18ng8Cgys64IaFxenbl27KTExUTExMZKnrpP84SOHlZubK7vdrsrKSh3JOaLvsr5TVlaWCgoKFBwUrM6dOqtH9x7q1auXel7RU127dlVs+1jZbDZZLBZ5PB65XW7vcauqquRwOOSwO2S32xs8HHaHHA5HXbfZmho5nc4mfc2Of7jdbl3a/VfpwAoAAAAAAAAA+Ilbt26dcnNztWDBAt1www0N9gUGBioxMVGJiYktVF3zKy0t1bp16zR48GC9/PLLio6O9u4zGo2y2WwaMGCABgwY0IJVAs3jxhtv1I033njG7n/145rL8uXLlZqaqocffljTpk1r0GHVarVqxIgR6tixo8aMGaP58+frtttuU58+fZqtvqbEmo2WsnLnYn20Y6H+L2mGOkV0Pen2UGuENu//VOkH1irv2GFdZovX0Pjb1bv9QBkNptPMfm7y8/M1c+ZMFRcXa+7cuRo9erQMBoN3f0hIiIYPH67rr79e//rXv2Qynb4Gq9WqO+64QwcPHtTEiRO1c+dOdevW7YRxAwcOVGVlpd5//33ddNNNioqK8u5LS0uT0+nU6NGjtWPHjvM+x4t1HQYA4EJyN2GHTYPBIF9fX1l8LHK5XN4vqFqtVoXbwmW1WmU0GeXn6yer1Sqn09nglvUmk0n+fv4KDAxUYGCgWrVqpeDgYFmtVvn7+8vHx0cGg8F7Dna7XYcPH9bhw4dVUVkho9GogIAAmc1mFRUVKS8vTw6H44Rzdnvc8ng8slgsCg0NVfv27XV5t8tls9lUW1uroKAgHThwQAWFBaqsrNSxY8fqwqQup7Kzs5V9MFsVFRUKCQ5R9x7d1aN7D7Vu3Vr+/v7eAG1ZWZlMJpPCI8IVEhwiX19f73Hdbrdqa2plt9tVXl6ugIAASXV3orHb7aqtqa0Lk3o8cnvcTfqaSZLH7WnwOlzK6MAKAAAAAAAAAIAkX1/fsxq/adMmjR49WgkJCTIYDDIYDOrdu7cmTpyoAwcOeMdVVlZqzJgx6tmz5yk7mf39739XcHBwg05mHo9H27Zt0wMPPKAOHTrIYDCoX79+mjNnjiorK0+Yo3782LFjZbPZFBwcrJEjR+rjjz8+oeNaY5jNZvn4+JzVc86m5oqKCk2ZMkXXXnutgoODZTAYZLPZdMstt2jp0qWqrq5uMD4zM1M9e/ZUSkqKKisr9eqrr3qv/csvv+wdV1lZqTlz5mjw4MHeOUeNGqV///vf3tsWHq+goEBTp071zpWUlKQ1a9ac9BdFbrdba9eu1ahRo2Sz2bzjT1ZvdXW1li5dquHDh3vPb/DgwZo2bZoOHjx4VtcVLasxHf2as+tfWVmZVq1apcTERD388MMNwqvHS0xM1KRJk5Sbm6sVK1bI5XJJqutYNGzYMD344IMn/UykpKScsF4d//n7obP9zB3P4/Ho/fffl81m08svv3zC5+h0znbNPlWtY8eO1bZt2074zKempuq2227zrmUGg0H9+/fX1KlTVVBQ0GCsw+HQgw8+qGHDhqmgoECffvqpkpKSZDAYdPPNN6ukpETSydeQwYMH6/XXX1d+fv4J9davI/VzJSQk6LXXXjvjdUXL2HwgTTM+/T8t375QeccOS5L2F2XqrU2v6L97VsjTBL2zNm/erOXLl2vcuHG64447GoRXj+fr66tRo0apc+fOZ5zTYDAoMjJSkk7Zvdnf31933HGHdu3apc8//9y7vaSkRCtXrtSNN96oDh06nMMZndzFtg4DAHDhNV1QMSAgQLGxsd6OqWazWWVlZcrNzVVubq4KCwvlsDu8Hdx/qKamRkXFRTpy5IiyD2Z7f24NCAiQr6+vfHx8ZDR+H0F0OBzKyclR7tFcOZ1OBQUFqV27doqIiFB1dbUKiwpVWlaqSnvlSX/WcLvdqq6uVkVFhUpLS1VcXKzi4mIdKz+mWmetjEajLBaLfCw+MhgNqqmuUVFhkQoLC1VdXS3/AH+1b9denTp1UlRUlCIjI9W2bVt17NhR3bp1U0JCgqKjohUcHNzg3zxqampUVFSk7Oxs7di5Q1999ZW++uor7di5Q9nZ2SoqKvJ2pMWFRQdWAAAAAAAAAMBPWseOHSVJ7777rhITExUREdGo5+3fv1/vv/9+g21bt27V1q1btXHjRi1cuFBxcXGyWq265ZZb9Pbbb+uzzz5TfHx8g+fUhz2SkpLUu3dvSXWhrn/84x965JFHVFxc7B2bnp6u9PR07dy5s0HXRY/Ho8WLF+vBBx9UeXm5d/yyZcu0bNmys7oeAQEB6tChg9577z0tX75cv/rVrxoVFDvbmqurq7V+/Xpt2LDBO7a4uFgrVqzQihUrNG3aNE2YMOGEbnHp6elKTk7Wxo0bvdvqf+mVl5enRx99VEuWLGkw55IlS7RkyRJ99tlnDTrHpq&quot;
08-31-2019 12:58:53 Wire.java DEBUG [Forwarding screenshot on session 7924db1cdca3d9f58beaf776318b9ec1 to remote] http.wire 87 - http-outgoing-3 &lt;&lt; &quot;amatGiRQ2CemlpacrKytKiRYsajHU6nZo1a5ZSUlIaXOO0tDSlpaVp6tSpmjhxosxmsxwOhyZNmqTXX3+9Qe3r1q3TunXrVF1drcmTJ5/xmuLicKbuf83d9S83N1eZmZkaMGCALrvsstOOvfLKK3XNNddo9+7ddd2IQkIuaC1n+5k7nsfjUWpqqv7whz/od7/7nSZMmNCoteZc1+xT1Tp//nytWbNGCxYs0HXXXefdt3PnTi1fvrzBHJs3b9bmzZu1ZcsWvfnmmycc++jRo3rwwQf14Ycferc5nU653e5TriH160JJSUmDdeHbb7/VHXfcoc2bN3u3ZWZm6rHHHlN1dfVJ10e0rK8PfqaBnYdpUKfhslkj5ZFbXx/8TEu2/k3fHP5cV7YfqBB/2wU7nsfj0ddffy1JSk5OPqdQ98k4nU5t375dQUFB6tSp0ynHXXnllUpOTtb777+vIUOGKDQ0VF988YWysrKUkpJyQd+fF9s6DADAhVb3JZSTfxHlfNlsNvXr20/R0dHKzs5WfkG+Dh8+rO+yvpPL7VJwULBiY2MVFxen7t27y2q1NvhSTFlZmbZv366srCyZzWbFxcXJ399fwcHBMpvNMpsbxg+rqqqUk5uj/Px8mUwmRUdHq0ePHnI6nUpPT1dZWZny8/NVVFSkiPAIb4i0/ktjlZWV2r9/v8rKypSVlSWLxaLq6mqVlpTqSM4RhYaGKjIyUtHR0QrwD1BJVYmqqqtUVVUlt9stH7OPgoODvfXVn4vJZPL+vGQ0Gr3bjz/ugey6Dq+7MnbJ4mORJNXU1qiystL7qB9/qi8OXSjNcYyLBR1YAQAAAAAAAAA/aUlJSbrtttv0t7/9TZ06ddLw4cM1ZcoUrVy5UgcOHDhl97G7775bHo+nwaO4uFivvPKK0tPTtWLFCu/Y/v37KykpSatWrVJZWVmDefbu3avNmzcrOTlZoaGhkqQdO3bohRde0FVXXaUtW7Z4b/FXXFys6dOna+HChVq9erV3joyMDL344osKCwvTkiVLZLfb5fF4VFFRodTUVMXFxTX6evj7+2v06NEKCwvTAw88oPj4eN13332aPXu2NmzYoKKiopN2ZTnbmm02m1atWtXg+tXW1io9PV1DhgzRsmXLdPjw4ROOs379evXv31/fffedt0PM5MmTVV1drenTp2vJkiUaPXq0vvvuu7pbANbWKisrS88///wJYZqsrCzdcsst3rnsdrv++te/qri4WEuXLm3QXWXNmjVKSUnRzTffrD179sjlcsntduvw4cP63e9+p1dffdUbJMrIyNDSpUt133336fDhw3K7624vWFhYqEWLFiksLKzRrwcuDqfr7NfcXf+Kioq0Y8cOtW/f3ntby1Np1aqVoqOjlZOTo9LS0gtax7l85up5PB6tWrVKEyZM0Pjx4xsdXpXObc12Op167bXXtGrVKk2fPl3FxcXeNWfLli2Kj4/Xq6++6u2UKkmTJ09usD7Vf94ff/xxpaamNug6WW/btm2qqanxBtXrz9Nms2nlypVKSUlRx44dtXr1atXW1jZYF4KDgxvMlZ2drfDwcO9cLpdLn3/+ufr27XvK9REt677+E3X7FfcpPLCNDAaDjAaTerTtp+7RV+tgyV4VVxaceZKzUFVVpaNHj+qKK65Q+/btz3s+j8ejoqIi/fnPf9acOXM0cuRIde3a9ZTj67+gs2rVKn399deqrKzU4sWLNWTIkEZ1ej1bF9M6DADAhWY0GpvsERQUpMs6XqbLL79cl3e/XPHx8YqOjpbValV1dbWO5h1Vxu4MfZv5rYqKirw/ex5fm8Vikb+/vwIDA2W1WmWxWGQymWQymbzHMRgM8ng8cjgcysvLU0FBgVwul/z8/BQQECCLxSK3262Kigrv/pramu9rNdTFGF0ulxwOhzfomp2drYyMDB3IrrvTTUREhNq1a1cXYA0IaBBGleqCn97aTN9fB5PJJB8fH/n4+DSou/649Txuj1xOl2qdtap11srldMnjbvhvIEZD071e3utpbJ6g7MWADqwAAAAAAAAAgJ+0yMhILViwQG+99Zb+8pe/aNWqVVq1apV3f2xsrJ544gmNGzdO/v7+p50rNDRUv/rVr/Tvf/9bZWVl8ng8MhgMatOmjYYPH64ZM2YoMzNTffr0kVT3i5kVK1aoVatWGjhwoKS6AMmnn34qSZo+fbp69OjRYP77779fmzZtUlpamm666Sb5+vpq9erV2r17txYuXNjgFsJWq1WJiYlnDLn90HXXXafVq1frlVde0T//+U8tWLBACxYs8O4fNGiQ/vjHP2rIkCHeX1KdTc1+fn4nPa7ZbFafPn3085//XG+88cZJb5P92GOP6fnnn29wi0JJOnDggD799FONGDFCM2fOVJs2bbxzdurUSc8+++wJc02YMEHPPfec93r5+/vr9ttv1wcffKBDhw7J4XB4u72sXLlSV111laZPn66YmBjvHDExMXr44Ye1YcMGpaWlqU+fPqqqqlJubq5at26tyMhI7/w2m02//OUvG/Ua4OJyqu5/F3vXP4vFIpvNpr1796qqquqCzn0unzmpbo1bu3atHnroobMOr0rntmYfOnRIaWlpevTRR/X44497u0SZzWZdffXVGj9+vO677z5lZmaqX79+Jz2uwWBQTEyMxowZo5UrV540EDx06FC99dZb3tuv13M4HPr3v/+twMBAzZw5U9dff71336nWhaSkJM2bN69Bl9e+fftq2LBh+utf/6rCwkLFxsY2+rqh6QX4BMrwg85pFpOvQgNaq6rWIbfH3UKVndrq1asVHh5+wvaRI0fqhRdeOCFY/UNDhgxRUlKS3n33XUnS559/rnfeeeeCdYM93o91HQYAoDHqvvjVNEFFg9Ego8koH4uPgkOC1blzZzkcDhUWFmr//v3KyspSZmamsrKylJiYKH9//wZfCrPZbBowYIAS4hNkC7cpIiJCrSNaKzAoUGazuUHw1Ol0qrKyUoUFhSoqKpLFYpHdbldOTo6qq6tVVVUlo9Goo7lHlXc0T+3bt/d+6c1oqgui+vj4qFWrVgoPD5fNZpPdbtexY8fk8XgU2z5WCfEJ6tSpk6KiouTn5yezj1l+fn7y8/OT0Wj0BmCrqqoUYA2QyXz6rvD1x7VareoQ20Ht2rVTTEyM9+egY8eO6ciRIzp06JAOZB+o+6KSydjkd0PwBnBNxks+xEqAFQAAAAAAAADwkxcSEqKJEyfqiSeeUElJifbt26evv/5aq1atUlpamh5//HEdOnRIL730UoNQRn5+vj7++GOtW7dOOTk5ys7O9t6OPj4+XlVVVfL395fBYNB1112nGTNmaMWKFbryyitlMpmUl5enDRs26IYbbvB2K6uqqtKePXu0e/duXXHFFaes+c477/R2+NuzZ4+6d++uq6666oL9YiM+Pl7z5s3T3LlzlZ+fr8zMTG3atEkrV67Uhg0bdPvtt2vhwoW67bbbzrrm+gBr/S0E//Of/+jLL7/UsWPH9M0333hvr11UVHTCHBaL5YTwqiQVFhZq27ZtuuOOO7xBujMxmUwnXC+r1aoOHTro0KFD3l/aVVRUKDMzU2vXrlXbtm1POd8111yjmpoadezYUUlJSZo2bZr279+v0aNHKyEhQR06dDhjCBoXr4kTJ54QnLrYu/7V1NSoqKhIVqv1lMHxc3Uunzmprovy2LFjzym8Wu9s1+ycnBylp6crPT1dU6ZMOeW8+fn53v/2eDzKzs7WRx99pE2bNqmwsFB79+5Vdna2JHn/93gnu4WqJNntdh04cEA9evQ47Rp5vPquUMczGAzq2LGjcnNzL3ggGag3fvx4/elPf5LVaj3j2NDQUI0YMUKTJ0/Wtm3b1L9/f3Xr1q3JavsxrsMAADRGUwZYXbV1dxupra2V0WhUcHCwwsLCZLVaVVNTo/z8fNntdhmNRlU5quR2u+tCmv/rbOrv76+YmBh16dJFUVFRCgwKlPT9Le7rO4XW1NTo2LFjKi4uVmlZqaqrq2W1WuXj4yO73e4Nr7rdbh3NO6qc3BxVVVV5n19/PIvFotDQULVv116xsbE6Vn5MhYWFOnbsmPz9/WW1WtUqpJ&quot;
08-31-2019 12:58:53 Wire.java DEBUG [Forwarding screenshot on session 7924db1cdca3d9f58beaf776318b9ec1 to remote] http.wire 87 - http-outgoing-3 &lt;&lt; &quot;WCg4NlkEEB/gFq3bq1Wke01pEjR2R32HXw4EHZbDZFRUUpwBogl8ul2tpaVVdXy2QyKTg4WP7+/nUB3P8d19fiq/DwcHXs2FEJCQneL5IVFBTI19dXDodDubm53lqbI8Ba/3eCSzy/SoAVAAAAAAAAAIB6RqNRNptNNpvN25Vv586deuCBB7R8+XLdc8896tGjhzwej/7xj3/okUceUXFxcaPmTkhIUHJysjZs2KC8vDxFR0dr8+bN+uqrr/TMM894Q1z1QaczKS8vl9PplNPp1IEDBxQdHd2gU9+FYrFY1LZtW7Vt21ZDhw7V008/rffeJr+T/gAAIABJREFUe08PP/ywli5dquuvv141NTVnVbMk5eXl6dFHH9WSJUsuSJ31x+/YseN5zVN/u8HjFRYW6ujRo2d8rt1ul8vlUlRUlGbPnq0XX3xRqamp3nMMCgrSL37xC73wwgtnFfjDxeGH3f9aquufzWZT9+7ddfDgQdnt9tN2WC4tLVVOTo6io6PVqlWrC1rHuXzmli9frvT0dBUXFys2NlYWi+W8amjsmt2Y9UmSNzzvdDo1a9YspaSkeLedj/o1pF+/fmfdEfuHmvoX5fjx8PPzU5s2bbRt2zYdPHhQ8fHxZz1HcnKyFi1aJJvNpry8PI0fP17vvfeerr32Wo0ePbpRX4oZOnSo5s+fr+3bt+u5555rVPD1XF0s6zAAABdaUwZYq45VKftAtkpLS2Uym+Tn56fgoGDZHXYdKzsmh90hl8slo9EoX19f7xffTGaT944rtbW1qqqqUqW90vvzgclskp+vX92XTE1G1dTUKDc3V0dyjshhd8hsNissLEyhoaGyWCxyuVwKDgpWZWWl8vPzdeTIETkcjrq/gxtNMhlNMqguwFofJL3iiit0rPyY8vLy9N1336m8vFxFRUWqra2tG28wKDg4WJ07dVZJcYmysrJUUlqir77+So4qh3p076EwW5jsdrvKyspUUFCggIAAdU3squiYaAVaA73HNZqM8vPzU0hIiKKiohQVFSWp7ktqubm5dR1eTUYZ9L96mzHA2lTvjYvFiV9RBgAAAAAAAAAAXt26ddOwYcO0d+9eb5ApIyNDL7zwgiIiIjR37lzt27dPxcXFcrlcKiwsVHJy8gnzWK1W3XLLLfrvf/+rzZs3y+Fw6JNPPlFSUpJ69+7tHefv76927drpmmuu0YEDB+TxeE76WLVqlWw2m3d8YWGhSkpKmvx6GI1GJScnq2/fvsrPz1dNTc1Z1+xyufTGG29oyZIluueee/TZZ595u754PB7vrYjPRrt27SRJ+/btu9CnrLCwMEVEROjOO+9UaWnpKc9v7ty53g6rcXFxWrBggfLy8pSRkaF33nlH1113nf72t7/pySefVGVl5QWvE03v+E5/LdX1LyoqSvHx8dq4caP2799/2rFfffWVNm3apMTERAUGBjbYZ7fbG9wa9Gydy2cuPT1dzz77rK6//no99dRTSk1NlcfjOecaTuZka3Z9rTNnzjzl59fj8ejuu++WJK1bt04pKSlKSEjQkiVLdOjQIZWWlsrtduvbb79tdBfVevVryIEDB2S32y/o+eKny2AweH9+WLFihaqrq89rvsjISL388svq2rWrnnrqKa1fv75Rz4uNjdXPfvYzJSUl6dprrz2vGhrjYliHAQC40Oo6+Zu8Hf0v5KOmpkZHjx7Vnj17tG3bNn315Vf68ssvtW3bNm/gMygoSFFtohQWFqbAwED5+vrKbDLLYDDIbq/raLorY5e2bt2qL778Ql98+YV27dyl3NxcVVRUyOP2eAOsR3OPqtZZq9BWoeoS10U9evRQQkKC4uLiFNclTpGRkaqurlZRUZFKS0u9/w5gNBklQ921sAZYZbPZFBMTo8suu0xxcXFq06aNampqVFhUqJLSElXaK+XxeBQYGKi2bdsqLi5OXeK7KDw8XEVFRcrYlaGtW7fqyy++1JdffqmtW7cqIyNDhw4dqvv7uKfu3zfqj2s0GuXj46OAgACFhIQoNDRUoaGhCgkJUUBAgHx8fOrCpAbJaDI2yWt1sofReOKdYy41dGAFAAAAAAAAAPxkORwOvf322xo5cuQpO2LW1NSopKREcXFxCgoKkiR999132r17t+bOnavx48c3+nj9+/dXUlKSPvnkE7Vr107r16/XY489ptDQUO8Yf39/xcbG6q233tJXX32l2NjY087p6+uriIgI7dmzR9nZ2ercuXOj6zmZrKwsbdy4Ub/4xS9OeWvviooKlZeXq0uXLrJYLGddc0VFhXbv3q3Bgwfr5ZdfVnR09HnVLNUFb6644gp9+eWXys/PV+vWrc97znqBgYHq1KmTli9frszMTPXp06fRz/X391diYqISExN188036/7779eOHTuUm5t73q8Vmt/x3f5aqutfSEiIhg0bpn/+85+aPXu2pk2bdtKOh7t379a0adMUGxurW2+91dshKCAgQB06dNB3332nqqoq77omSR6PRy6Xq1F1nMtn7o9//KPuvfdeDR06VI888ogmTJggm82m6667rlHHPNc1u77WDRs26L777muw5p7M9u3bVV5erpdeekk33HBDo2o7nePXkF27djVLyA8/DVdffbWSkpI0f/589e3b95RdU6urq/Wvf/1LvXv3Pu2fPYmJiXrllVd077336ve//73mz5+vxMTE09ZgMBg0YcIETZgw4bzPpzEuhnUYAIALzWyuj/Bd+KCiy+VSSUmJ9u3fp9ycXFVUVshkMnk7qwYEBKh9u/bq0aOH2rZtq5CQENXU1MhkqgtOFhcX64svvlBGRkZdt1VjXb/Mdm3bqV+/frr88svl7+/vDbDm5edJkmLaxmjAgAHq2rWrJKmktET79+/X9u3bVVxSrPLych09elT5+fnybefrPZ5BBhmNRm8H0lYhrZQQn6DyY+U6cuSICgsKdfjwYUVFRald23ayWq0ym81yuVyqra1VeHi4duzYoSNHjig/P18Gg0FOl1M+Pj4KDg5WaGioTGaTfH195ePjc8rj1r8mx3dCNcjgvWvL969Z03C73f87tvGSD7DSgRUAAAAAAAAA8JO2bds2devWTS+88IJ27typmpoaSXW3kP7uu+/0zDPPaP78+UpOTlZcXJykult4BwUFafPmzcrNzW0wfvr06friiy9Oeqw2bdpo+PDhWr9+vV5++WVJ0sCBAxuMMRgMGjZsmGJjYzVhwgTNmzfP21nV7XaroKBA77//vlJSUuRwOGQymTRgwABJ0qxZs7R37155PHXdT9avX6/f/e532rZtW6Ovh8vl0qxZszRo0CAtXLhQOTk5crvdkurCY+vXr9dvf/tbZWRk6KabblJQUNBZ12yxWGSz2ZSZmakvvvjC2wWyrKxMK1eu1Jtvvtnoeut16NBBSUlJWr58uZ588klvJ9j61+WFF17Q5s2bz3peqS6EOnz4cFVUVGjcuHH66KOPvB1UnU6nDh8+rL/+9a969dVXJUlLlixRSkrKCe+nb7/9Vjk5OYqIiLjgt3NH85k4cWKLd/279dZbNXLkSM2ePVu/+MUvtGXLFu97rbKyUitXrtS9996r9PR0PfTQQ+rZs6f3uRaLRWFhYUpPT9eyZcvkcDjkdru1b98+TZo0STNnzmxUDefymfPx8ZHBYFBsbKymT5+uNm3aaPz48Y3u9Cid25pdX2tqaqoeeeQR7dixw7vuOBwObd++XU8//bS33vow7n//+18dO3ZMUl0wdvv27XrllVfOutPz8WvIpEmT9N///ldOp1Mej0dFRUV67733vOsHcDaioqJ0//33S5IefPBBTZo0Sfv27fP+uV1WVqa0tDTdeeedmjJlSqMC6tdee62mTJmijIwMPfnkk8rLy2vSczgXF8M6DADAhVQXVDR7w5IX8uEf4K/wiHBFR0crsk2kbDabAgMDFRQUpMjISHXu3Fm9e/dW9+7d1bp167p9wUFqHdlaiYmJSkhIUOvWrWW1Wr2BT5PJJJP5f4///bevn69CWoUoJiZGl19+uXr17KXEronq0qWLunTposSERHXv3l1XXHGFevTooU6dOikwMNAbGg0JCVGXLl3U7fJu6nBZB4&quot;
08-31-2019 12:58:53 Wire.java DEBUG [Forwarding screenshot on session 7924db1cdca3d9f58beaf776318b9ec1 to remote] http.wire 87 - http-outgoing-3 &lt;&lt; &quot;VHhMs/wF/BwcHq2LGjunXrpq5du6p9bHsFBARIquuaarFYFBgYqOjoaF1xxRXqc3Uf9erVS3Fd4mQLtykwKFBhYWGKjo5Wx44dFRsbq7DQMPn7+8vHx+eUx/3h9etwWQd1u7ybunTpopCQkCZ5rU72MBqNusTzq3RgBQAAAAAAAAD8dBkMBvn5+am4uFjPPfecnnvuuZOOu+uuu/TMM894bw/ftWtXDRs2TG+//bbefvvtBmP79evXoKPhD483cOBAzZgxQ6mpqfrtb3970k5oV155paZOnapHHnlE999/vzeccrzjO78OHjxYv/71rzV79mytXLmywbhevXopKirq9BfiOGazWf7+/tq8ebPuueeek44JCgrS5MmTdeedd55TzfVhrvfee0+33357gzFhYWHq1q1bo+ut5+vrq/Hjx2vHjh2aN2+e5s2bd8KYoUOHnvW89UaMGKHJkycrJSVFt95660nHvPDCC5Lqgm7PPvusnn322RPGBAUFae7cubLZbOdcC1rWxdDxLyIiQrNmzZIkpaamasWKFSeMCQoK0jPPPKPf/OY3DboDmUwmjRgxQu+9957GjRuncePGeffFx8erc+fO3vDb6ZzvZy4xMVFvvPGGHnnkEU2aNKnRnR7PZc329fXV//3f/+ngwYNavHixFi9efNLn3XTTTZKkAQMGaMCAAZoyZYqmTJnSYMw111yjwMDA09Z5MklJSXr00Uc1ZcoUDRky5IT99esHcLZGjRolt9utRx99VDNmzNCMGTNOOu5nP/vZKX8+OZ7BYNCoUaN06NAh/eEPf1BMTMwpOz23lIthHQYA4EKqu1tC06QUIyIiNGDAAF1++eWqqKiQ3W6X3W6XVHd3hqCgILVq1UohwSEKDg6W0WSULcymbt26KTAwUKWlpSedNygoSNHR0XWBWGtdELVPnz7q0qWLPB6PQkNDFRUV5b0ThDXQqnbt2ikgIEBRUVFyu91q06aNwsPDFRAQoJiYGI0YMUJ2u13h4eEKDw9XSEiILD4WxbSNka+fr8IjwuV0OhUZGanw8O+DppJktVoV0zZGISEh6hzXWaWlpTp27Jhqa2tlsVgUEBCgwMBAhYSEyGazyRpgldFkPOVx6+cNCQlRfHy8bLa6a1Jfa/3+pmI0GeseRqOa6r1xsSDACgAAAAAAAAD4yfLz89PMmTM1fvx4ffTRR/rkk0+0ZcsWlZeXKywsTEOHDtXYsWM1ZMgQ+fr6ep8XGhqquXPnqkuXLnr33XdVXFysAQMG6IEHHlD//v01duzYUx6zW7duSk5O1tKlS3Xrrbc2mLeewWDQz3/+c/Xp00dvvPGG1q5dq61btyosLEzXXHONbrnlFt1+++3ecJbVatW0adPUpUsXzZkzR5mZmRo6dKgeeughdenSRb/+9a8bfU06deqkNWvWKD09XampqdqwYYO2bt0qqS7cNmLECD3wwANKSEhocBu7s6351ltv1bJlyzRlyhSlpaV553700Ue1ceNGbdiwodE114uLi9MHH3yghQsX6p///KfWrVunsLAwjRgxQr/+9a911VVXnfWc9cxmsyZOnKihQ4dqzpw52rBhgzIzMxUbG6u+fftq5MiR3vDb7bffrn/9619atGiR0tPTlZ2drdjYWG+ArUePHpf8LQDR9GJjY7V48WKtXbtW8+bNU1pamoqLiyXVfRbeeustDRo06KTvtWuuuUYLFizQjBkztGLFCsXHx+u+++7T/fffr7lz52rp0qWNquF8P3NXXnml93blY8aMOWOI9VzXbEmKjIzUggULdNddd+mdd97Rpk2bVFxcrF69emnQoEEaNWqU+vbtK6muY+vixYuVkpLivRb1a2qbNm00evToRl2f41mtVj3//PO69tpr9fe//937eg0dOlSjRo3SHXfccdZzAlJd57Ff/vKXGjhwoN5///0Gn4tevXppxIgRuv3229WrVy/vLX/PxGw26ze/+Y0OHjyo2bNnq3379nQ8BQCgCRmbMAwZGBiowMBAeTweuVwu1dTUyOFwSKr7cqnFYpHJZPL+vcHj8chkMsnH4qNWrVp571zwQyaTSX5+frJYLDKbzTKZTerUqZNqa2tlNptlsVjk5+cno6nu5w9fo68sFousVqvCw8PldrtlsVhksVjk4+Mjs9ms7t27y+VyNdhuMplk8bXI399fYWFhcjqd3vl9fX2981tMFll8LQoJCVFM2xjV1NSosrLypPMdr1WrVic9bv28/v7+atOmjcLCwtShQweZTCZZrVbv/qZiNNaFVw1GwyXfgdXwwQcfeLp06dJgY8+ePTV39MctVBIAAAAAAAAAAOcnbGSF7rrrrpYuAwBOa8mSJSpOPX03z9DbyzVq1KhGz5mSkqI5c+boo48+0pVXXnm+JQKXvA8++EAly87cmbS58DNM82rMOgwAQFO7fVbvZjmOx+OR2+2Wy+WSpONuUW845bhT3Z3BYDA0eL7H45HT6ZTH45HBYJDRaGwQjP3hvB6PxxvSNBqNDZ5//Pb657vd7jPOf7zjx59svsaOq6+5/mEwGGQ2mxv9xaBzVV1drfJj5dr69Vb984OlytiVoYn9/3xBjzF67gBJ0jfffHNB522snj17SqIDKwAAAAAAAAAAAHDJ6Natm3Jzc/X3v/9dHTt2VGhoaEuXBAAAAOA0mjoMeTyTySQfH58LNu54ZvOZo4inm/d0zzcajY2a/2zHN2bcD7u2Nofvg7TN995oKQRYAQAAAAAAAAAAgEvEoEGDNHLkSM2ZM0dz5szxbn/33Xd19913t2BlAAAAAE6mOQOs+HH4vhus4ZRdZi8VBFgBAAAAAAAAAACAS0RERITefPNNde3aVe+++66ys7PVq1cvBQZyi2wAAADgYnQ2nUXx0+ByuWQym2QymQiwAgAAAAAAAAAAAPjxiIiI0IsvvqgXX3yxpUsBAAAAcAY+Pj4tXQIuMm63Wz4+PjKZzARYAQAAAAAAAAAAAAAAAADAhUcHVvyQy+mS2WSWyWQkwAoAAAAAAAAAAAAAAAAAAC68Sz2giLNnMBr+97649N8bBFgBAAAAAAAAAJecML9ILVmypKXLAIDTCvOLVLEqW7oMABcRfoZpXqzDAICLwcb1GyRJHoKs+J/amlpVVlZqT+YelZeXt3Q5TYoAKwAAAAAAAADgkpO1uFJSYEuXAQCnRWgKwA/xM0zzYh0GAFwMXk55UZJBHoNRP4WOmzgzt9sjp8upqqoqVZRXtHQ5TYoAKwAAAAAAAAAAAHAR++CDD1q6BAAAAABN5LN16+WRQR6DSTIYW7ocXER8fX0VEhIiXz/fli6lyRBgBQAAAAAAAAAAAC5SJcuCWroEAAAAAE1o5uiPWroEoMUQ2QYAAAAAAAAAAAAAAAAAAECzIsAKAAAAAAAAAAAAAAAAAACAZkWAFQAAAAAAAAAAAAAAAAAAAM2KACsAAAAAAAAAAAAAAAAAAACaFQFWAAAAAAAAAAAAAAAAAAAANCsCrAAAAAAAAAAAAAAAAAAAAGhWBFgBAAAAAAAAAAAAAAAAAADQrMyn2jH+veHNWQcAAAAAAAAAAAAAAAAAAACa2LFjx1q6BEl0YAUAAAAAAAAAAAAAAAAAAEAzI8AKAAAAAAAAAAAAAAAAAACAZkWAFQAAAAAAAAAAAAAAAAAAAM2KACsAAAAAAAAAAAAAAAAAAACaFQFWAAAAAAAAAAAAAAAAAAAANCsCrAAAAAAAAAAAAAAAAAAAAGhWBFgBAAAAAAAAAAAAAAAAAADQrAiwAgAAAAAAAAAAAAAAAAAAoFkRYAUAAAAAAAAAAAAAAAAAAECzIsAKAAAAAAAAAAAAAAAAAACAZkWAFQAAAAAAAAAAAAAAAAAAAM2KACsAAAAAAAAAAAAAAAAAAACaFQFWAAAAAAAAAAAAAAAAAAAANCsCrAAAAAAAAAAAAAAAAAAAAGhWBFgBAAAAAAAAAAAAAAAAAADQrAiwAgAAAAAAAAAAAAAAAAAAoFkRYAUAAAAAAAAAAAAAAAAAAECzIsAKAAAAAAAAAAAAAAAAAACAZkWAFQAAAAAAAAAAAAAAAAAAAM2KACsAAAAAAAAAAAAAAAAAAA&quot;
08-31-2019 12:58:53 Wire.java DEBUG [Forwarding screenshot on session 7924db1cdca3d9f58beaf776318b9ec1 to remote] http.wire 87 - http-outgoing-3 &lt;&lt; &quot;CaFQFWAAAAAAAAAAAAAAAAAAAANCsCrAAAAAAAAAAAAAAAAAAAAGhWBFgBAAAAAAAAAAAAAAAAAADQrAiwAgAAAAAAAAAAAAAAAAAAoFkRYAUAAAAAAAAAAAAAAAAAAECzIsAKAAAAAAAAAAAAAAAAAACAZmVu6QIAXHgGg6GlSwAAAAAAAAAAAAAAAAAAXITKyspaugRJdGAFAAAAAAAAAAAAAAAAAABAM6MDK3AJ83g8LV0CAAAAAAAAAAAAAAAAAOAicLHd2ZsOrAAAAAAAAAAAAAAAAAAAAGhWBFgBAAAAAAAAAAAAAAAAAADQrAiwAgAAAAAAAAAAAAAAAAAAoFmZL/SEtsn/uNBTAmikopSft3QJAAAAAAAAAAAAAAAAAACcER1YAQAAAAAAAAAAAAAAAAAA0KwueAfWenSCBJoPnY8BAAAAAAAAAAAAAAAAAD8mdGAFAAAAAAAAAAAAAAAAAABAs2qyDqwALn5v/vLfLV0CAAAAAAAAAAAAAAAXnfHvDT/pdn7PDgC4mJ3qz6+LFR1YAQAAAAAAAAAAAAAAAAAA0KwIsAIAAAAAAAAAAAAAAAAAAKBZEWAFAAAAAAAAAAAAAAAAAABAszK3dAEALh4Dn2rf0iWcs8+mHGzpEgAAAAAAAAAAAAAAAH7yfsz5E+DH5seemaIDKwAAAAAAAAAAAAAAAAAAAJoVHVgBnGDio39o6RIa7U9/mdrSJQAAAAAAAAAAAAAAAOAHfkz5E+DH5lLJTNGBFQAAAAAAAAAAAAAAAAAAAM2KACtazMaNG2UwGLRo0aKWLkWS5HA49OCDD2rYsGEqKipqkmNcbOcMAAAAAAAAAAAAAAAAAEBLIMAKAAAAAAAAAAAAAAAAAACAZmVu6QIA4Kfg6rvi1POWjjKav//ewJGdRVoxZUsLVoV6o6YPUmhMoPf/11Y59dn8DO3ZcKQFq/rpielm05CHesga5ufdVllcpbVztuvIrqbpjA0AAAAAAAAAAAAAAICWQYAVwE9eu54RGjK+u/xDfBtsd1a7lL44Uzs/yW6hyvBjZQ3zU/dhHdS+V4QCbX7y8TVLhrp9bpdHtVVOVRRVqWBfmfZtOapD3xS0bMEAAAAAAAAAAAAAAABAMyPACuAnL7ZnhPyCLSdsN/ua1O6KCAKsOCvX/DpR8de1lSXg5H/EGk0G+Vp95Gv1ka19kBKua6u8vSVa9sfNzVwpAAAAAAAAAAAAAAAA0HKMZx5y4WVmZqpnz55KSUlRQUGBpk6dqoSEBBkMBiUlJWnNmjXyeDwnPK+6ulpLly7V8OHDFRwcLJvNpl/+8pf6/PPPTzr+dNxut9auXatRo0bJZrPJYDBo8ODBev3115Wfn99g7IEDBzRx4kRvjb1799bMmTNVVlZ2wrwpKSnq2bOnvv76ay1YsECDBw+WwWBQQkKCXnvtNTkcDlVXV2vlypXe8+jQoYOmTZum8vLyBnNt3LhRBoNB7777rrZt26axY8fKZrPJZrNp7Nix2rt37wnHT01N1W233aYOHTrIYDDIYDCof//+mjp1qgoKGnb4czgcevDBBzVs2DDl5ORo6dKlSkpKOqHeelu2bFF0dLSeffZZuVyuE46dm5urG264QWPGjFFlZeVZvR4/dDbX/GzOud4P33f9+vXTX/7yF+Xl5Z10/MneL0lJSVq6dKmqq6tPOX7kyJHe9+rYsWO1cePG87ouuPB8/MyK7BIqg8Fw0v2h7QIV2blVM1eFH6shD/XQ5cmxpwyvnpRBslh9mq4oNEq7nhH61etDNP694XWPRcN10++vOq85r74rTv/vnWTvnKOmD/Lui+lma3i894brunHdz+t4o6YP8s71/95J1tV3xZ3XfLh0/PD99sP3xzW/TtQDC75/r455K0ldk9q3YMUAAAAAAAAAAADAublnzN1a8Z9UrVr7kVat/Uh/fXt2S5d0SXri/37rvcar1n6kqX960buvZ68eWrTkbe++1JUfaOiNQ1qwWlzMWrQDa2pqqhYtWqTMzEzvtrS0NGVlZWnRokUaMGCAd3tlZaWefvppvfrqqw3mWLx4sVasWKG5c+dq9OjRpwyhHc/pdGrWrFlKSUlpEBpdt26d1q1bp5KSEk2ePFmStH79eo0bN65BjVu3btXWrVu1fv16vfnmm4qMjGww/759+zR8+PAGQdjMzEw99thjOnDggIqKivTOO+9495WXl+v3v/+9XC6XJk2aJJPJ1GC+5557TgUFBQ1qnT9/vjIyMjR//nwlJiZ6t+/cuVPLly9v8PzNmzdr8+bN2rJli958801FREQ02P/tt9/qjjvu0ObN33f/q6+3urpaEyZMkMlkUrdu3ZScnKxPPvlEY8aM0WWXXdZgns8//1yffvqpli5dKqvVeoqrf2Zne83P9px3796tMWPGKD093bstPT3d+/+Tk5MbzHWq90taWprS0tI0depUTZw4UWaz2Tv+T3/6k/7whz80mGf+/PnneknQhGKvbK2gCP9T7reG+qnD1ZHKyyptxqrwY3TVHXHq1C9KBuOZ/xzCxcXHz6wrRlwma5hf3QaPdGRXkf7z6jctWxjQTDYt3C2jyaCEIe1k8jHKEuCj3rd3UnmhQ4e+OfmXgQAAAAAAAAAAAICmNvzmZN0wbKjax7ZXQIC/jMa6Xo21tbVy2B06fPiIPv8sXWvT1qmwoLCFq20Z94y5W6N+eac3t3Qmqz/+j2ZNf62Jqzo/f317ttrHtmvU2KLCIk2fMlPfbN3exFWhqbRogDUrK0vjx4/Xxx9/rA4dOqi6ulrvvvuuJk6cqKVLl+rqq6+WxVJ3W+9PP/1U8+bN04033qiXXnpJvXv3ltvt1po1azRp0iQ99dRT6tKli6666szd0lauXKmUlBR17NhR06ZN0/XXXy+TyaTi4mKtXr3a27WzpKREr7/+unJycjR9+nSNGzdOwcHBys3N1cyZMzVjxgx17txZL730knx9fb3zl5eXKyEhQfPmzdP1118vPz8/ffnll3r00Uc1a9YsxcfHa+HChRo5cqQCAgK0Y8cOjRs3Tp988onuvfdeRUdHN6jXarUK1A88AAAgAElEQVTq2Wef1a233qrQ0FAdO3ZMM2fO1PPPP6+5c+dq2rRp3uNPnjzZG76VJI/Ho5ycHM2YMUN//vOfdd999+nWW29tMH92dra6d++udevWqV+/fjKbzdqyZYsef/xxLVu2TKNGjVJsbKysVqtuueUWvf3221qzZo3uv/9+7xyVlZX66KOPlJSUpP79+5/lO+F753LNz+acKysrNW3aNKWnp+vpp5/Wb3/7W7Vu3VpOp1MZGRl67rnnGnSdlaQ1a9YoJSVFN998s55//nl16tRJBoNBOTk5+vOf/6xXX31VQ4YMUZ8+fSTVBaFfeukl9e3bV1OnTtXAgQNlNptVUlKiDz/8UA888MA5X58fo6E3DtFvHntI/gH+ctgdev3VOUr7ZG1Ll+UV26u1fANO3f3SaDIoMi60UXNFdm6lHiMuU0w3m3ytPpJBctW6dSzPrpIjFad8Xq/bOunKn3WWyef7ptglhyuU+uznqq1yNhgbf22Mrrm3qyz+3y/fhQeOafkL6aqtcir+2hjFDYxRUGt/+Qf7ymwxNghUOmtcqnU4dXRPqXanHdSh7Sf+AHfduO5KGNy2wbZv/3tY3645VHd+l9u816ymyqmjmSX6+sOs04Z8rWF+6j6sg9r3ilCgzV8+vibJIMkj1VY7dSzPoaxNOdr1n4MnnLMkdRkUo65D2ym0baB8/Mx15+SRaqtdOpZn157Pjmj7yv2nPL4k9RhxmRKua6vgyIC6a+2Rqv8/e/cdHlWd7w/8faZlJj0z6ZPeGxBKaAFEOqLAKopedFf0WlbXvqyuv4uuy+qy19V13b32tSuCqysIShERQ00EEgghjYT0QJJJb5Mpvz+GnORkJoUQCOr79Tw+PjPne77nc8rMkGfe8zmtXajIqYNccfENyYPG6CTnEFagrqwZeXvLUX68VrwGQsb7IHS8L/SJOrj7OQ8aeB27JBwxM/Rw99NA6aQQj5ux3YT68mbk7C5DflqF3XphE/0Qe5UeXnpXaDycoHCSQybv2Z&quot;
08-31-2019 12:58:53 Wire.java DEBUG [Forwarding screenshot on session 7924db1cdca3d9f58beaf776318b9ec1 to remote] http.wire 87 - http-outgoing-3 &lt;&lt; &quot;a5y4KuDhPqSpqRn1bhcI6YmXrMWJ0ApbrnequvaMF/1h7E+GURiJoeCBetGjK5gNzvyrH3jROS9b30rhi7JBwB8Vq4eDlBobL9QMNqsaKrw4T68hbkfV+BU9+WDXp8u8+fR4ALZHIBFrMVrYYO5HxTiswviwZdfyCTVkQhIE4r2cf97+U4vBZ/jq59cjL0STrxcUV2HbY+lz6KFdGlsO/dHHj4uyBojDcg2H7AMXZRGAOsREREREREREREREREdNmFhAbj0d89hNj4GIfNDJVKJZQeSiR4uCMhMR5z58/GvXc+MAqVEtHFGtUA66OPPoqnn35afKPRaDRYvnw5Nm3ahLKyMrS3t0OlUqG9vR1ff/01XF1dsW7dOjGkKpPJsGDBAtTU1ODWW29FWlraoAHW3nO9+OKLmDNnjrhMp9Phv/7rv8THOTk52L59O1avXo0HHnhADEwGBARgzZo1yM/Px8GDB1FdXY3Q0FBxvTFjxuD9999HXFyc+NyECRMwZ84ctLW14eOPP0ZSUpJk/KJFi/DFF19IOnx2e/zxx7Fq1Srxsbu7O+655x7s378fx48fR11dnV3otZsgCNDr9Vi9ejW2bduGhgb7gNm8efPw9ttvS7qUTpkyBYsWLcIbb7yB2tpacf+mTZuGefPmYfv27VixYgU8PDwAACdPnsSOHTvw29/+Fv7+/v0c/cEN95gPdZ+767zrrrvw+9//XuwUq1AoEB0dDT8/P5w5c0Yc39nZiW3btmHSpEl4/vnnodfrxWV6vR733Xcf0tLSsHv3bkyePBmdnZ3YsmULXF1d8dxzz2H27NnieC8vL8k1QaPPI8AF3uHutkDgeR1NRlitVmg8ekLpnoEuCJ3gi5Kj5xzMYpN8XQSSl0bYgqu9yJUyeAW5wivItd91i9KrETs7CB5+zuJzLjo1Iib7Ie97aajQP04LVa8wodVqxbnCBjFo5x+nlQTN+lKo5FCo5AhP8UNIsg/y0yrw/VvZ/Y7v5uHvjMWPT7LbP5VGgZBkH3j4OyPtXydRcbLObt2x14QjeWkENO4q+4kFW/dLXagbdKGx0CfqsG19hrjYS++KmXck2sKFff9NKgBKtRy6UDdMDY6FPkGHb/6RaRc67HcOAXByVSJi8vDfs3pT9Tk2FrMFJUfP4cTXZyTPlx6rQekxWyAsPMUPE5ZLw8vdAhO0mHF7Irz0rg73XeWsgF+MF3wiPBAQ54W9b0rPo0+EO0KSfSDrJ5wrV8ogV6qgT9IhIF6LiKn+2P2PrEFDm3KFDL/44zTHdfUy/bZ4xF4VBJWz/T81BJkAlbMSfjFe8Iu27UN/16FMIcOUm2PhE+Eh2Z5MLsDNR4OUG6Ph5qNB2tsnB6y7P35RnghP8RfDvaZOM3K+LR0wdD4SKk7W4cPfXDlhfiIA+OHfBfAIcLF1JhcAvxgvJM4PwcldpaNdGhEREREREREREREREf1M6IP0eGLtGkREhg8++DxZn7tdE9GPx6gGWOVyuV1K3sXFBWFhYSgrK4PJZAvRtLS04PTp0xg7diwiIyPt5pk4cSLGjBmDvLw8tLe3Q6Pp/3bgbW1tOHPmDMaOHYtx48YNWN/p06fR3NyMyZMnSzqsAoCPjw/Gjx+PZ555BuXl5ZIwpUwms9svuVwOjUaD2tpadHZ2SpYJgoCAgABkZWWhtrYWsbGxA9YF2MKQMTExSEtLQ1NTkxhgtVqtKCkpwZdffokDBw6gtrYWBQUFKCkpAQDx/31r626x3bumiIgIVFVVoaOjQ3ze398fixcvxl//+lfk5eVh8uTJMJvN2Lp1Kzw9PbFw4UKHv3wYquEc8wvZ54KCAlRVVWHGjBlieHUgLS0tyMvLw549exAUFNTvuOnTp8NoNIrjExMTMWbMmOEcArqMwif5wVWnljxXV9oMc5cFIeN7At1qNyVCkn36DbAmzAvB+GURUA3QyXUgjVWtqDndCA9fZzGgp1TL4RvlKQmwKtUKeIdJA7fGVpPD0OhQyJUyRKcGwlDejOzt9u8NvfXuTumIh58L4q4Otqtl8soYjL0m3GFA05He3Ui99K6Y+0AydCFuQ1oveJw3ZqxOwJ5Xe9rCK9UKpP4qwXEA9hKTKWRIWhAKV60a+WkVDs9TccZZFGectXs+ONkHV/13Us8t7QfZTvQMPdqbjEjfmD+8WuUCgsf6YNKKKBz8MHfAse69gtb9ufrXYxGdGjhod1kAgIABx2ncVY7Dz+fJFDKEp/jhzNFzw+oUGT0jUPI+UFPcNOjrgein6mxhA0qPnUPCvBAIMgFKtRyR0wIZYCUiIiIiIiIiIiIiIqLLZu782ZLbx5tMJhzcdwjbtnyNzGPH4e3jjYkp4zF7ziwkJMXb5Yt+7q7EuyNfrMyjWXjisf8Z7TLoEhnVAKsjgiBA3icVbzAYUFNTg6lTp8LZ2T44IwiCXQCzP7W1taiuru53rt66g49hYWFDqnMo+gZCu7m69t+d0RG1Wg1/f3+cOHECdXW2UJTJZMLf/vY3rFu3zmEn1wvlaP8EQcDChQvx1ltvYevWrZg4cSJKS0uxc+dOXHPNNYiKirqobV7oMb/QfS4qst1m2lEQ2pHu62UwbW1tMJvNkuvrQs8pXX4BcVrxluYAYDFZcLagHiajBfqkntvBC4IA3yhPKNUKu+6USrUCcbOD7MKrrfWdyN5+Bid3lcJVp8bYa8IQMytIcgv33qrzDAid4AulWt7vNoPHecPNWxrQN5S3oOiw9Brt6jDDUN6MMz+cRcmRc6ivaIGLVo3wFD/EXR0MXbCbGOZUOMmhT/S++MCeAPhEesAjwAWNVa0AIG5PEl61AnWlTcjcWozC/ZXwifRA0vxQhE3ys+vUmXxdBLTBPa8jq8WKylMGHP1PIWqKmhA7W4/k6yLh4mX7x6ggExA63hdR0wJQeLAKAJC4IAR+MZ6S8KrFbEX58VpkbStCZY4BEZP9MXVVnK3j4EVoPtdu60rai8pZgZhZesTM0sPcZUFHsxH15S0oOXYOxRln0Wqw/zwAgHHXhEvCqxaTBcU/nMWRzwphbDchYW4wkhaGicdMrpQhanogSo6cw9nCnq7TJqMFzRWtKDteg6L0atScboRSrUD4ZD/EzQ6Gf4ynGB6VyQUExvffvXeokhaFImKyvySU2n3usrYVoyyzBsHJPoi/OhghyT5DDjcPxMlVhaBE3QUHWJVqWxfb7lpNnWYUHaoadJ3E+SGImh4Idz9nKJ3kgGDbx842E+rONCE/rQL5aRUDzgMANz0/U7xmLCYLMr8sQsanBZIxgQlaJMwLQWC8Fk6uqp5OsUYzWuo6UHGiFse2FPV7LXVLWhSKKStjoXCyvcdYLVYU7K+UBL77ipmpx4zVCVCqpa9NfZIO93y8GADQ1WHCvndyxP110aox6YYo6Md4w9nDSTy/3fUWp1fj2OaiQTv9OhI81htjrwmHd4QHnJwVtvNmBYztJtQUNSJraxHKjtcCsIXnxy0JFzsQO9rfvkFrY1sXDn+Sj5xvSu3OTc7uMniHuUMb4iZ2wTZ2mFCaWYNDH+VKjn/YRD8kzA+BNsgVTi5K2+fM+ZeDucsCY1sXKnIMyP76jOT1mnJjNJKvixBrrq9owcEPTmHctRHnPw/ksFqsaGs0Inv7GWR+WWR3jFy0aky5ORYhyT62jtmC7TOhrrRpyK+1gn2VCJngK37eDKULOREREREREREREREREdFI0XnroFD0fEdZc64GH7z7MUpLygAAtTW12PHVLuz4ahfiEmJx+3//Eh4e7gPOOTFlAlas/AXiEuKg0ahhsVhQX9+AzZ99iU0b/u1wnbkLrsaSpYsRGhYCZ2dnCIIAi8WClpZWFOQX4vNNX+BIxlFx/PoX/oTkCT3NFLOOHcfjj/4/8fHKVTdi1S9vhkpla+BUWHAav7n7YXH5Xb++A8tvWCpmoyorqrD2iWdQUT74d8/DkTx+LNY8+Sh03racgKPg6xvvviIJE+/4ahf+9vzLl6SekXSh5w4AHlnzIBZeM198nHk0C59+8jluu/2/EBEVDpVKJe6/o7G7duzG9SuWIyQsGEqlEkajESdP5OC9tz9Ebk4eJqZMkMxlNBqRn1&quot;
08-31-2019 12:58:53 Wire.java DEBUG [Forwarding screenshot on session 7924db1cdca3d9f58beaf776318b9ec1 to remote] http.wire 87 - http-outgoing-3 &lt;&lt; &quot;uAt15/B7k5eZft2FyJrrgAqyNarRY+Pj44c+YM2tra7DqsWq1WWCyWEZmrt+4On2fOnEFqaqrdNs1m8wXuychpa2tDaWkpxo0bB29vbwDA3r17sW7dOsTFxeF3v/sdpk6dCjc3N7i7uyM/Px8rV64ckW1HRUVh/vz52LlzJ1avXo1vv/0WpaWluOmmmy76Vw0XeswvdJ+75y8vLx9SPd3Xy4oVK/DWW2/Bw8NjSOPLy8vR0dEx4PVFo0ufqIMuVNrZs7WhE6XHamCxWhE/J1gSaPTwd0HMTPsudDEzA+EZKA0tdrZ04dCHp8QQZX1FC9oaOgGrFf21Ac1Pq0Tc1cG2DqvnuXlrEDzOWwyoBsZroXLpedu2mK04W1AvmWfvGyew940TdvO3GjqQvaMEbQ2dmHVnEpxcewK37r6DX6fNNe049W0Z8tMqoNIoMHllDEIn+EpCikonOdy8NWKANWJKADRu0s6Z9RUt2P3PLPH27DWnG7Hn9HEEJmgxY3WiOC442QfB47wlHZ3PFTVixwtHxeBb9vYSuHipMfaacDHUp3JRwD/WSzz2Icm+kpAyrEBZVg22//WI+FRRejUm3Rg96DEYTHFGNfxiPG2hMQfkShlctGq4aNUIGuuNKTfH2gK5nxdKQmyJ80PgG+UpWffM0XP45uVM8XHGpwVw93NB1LQA8ZLSeKgQEK8V58r4tMAuDAnYAof531egvqIF8x8cL7nONR4qBMR5oSq33m69bu1NRuTtLUf58VqHXWUjJgeIIclulacMknNXllmDsswaRM8IxJRb4vrdFmALD5Zm1iDn2zKUZdYgcX4Ixi+PEoPLgC18q3brv0trf/qGwlsbOlF2orbf8YEJWsy4PdEWbOzzUhZkAtSuSuiTdHD2chpSgHUwqb9KQNzVQdJr+DyFSg7PABe4+2jQ2drl8Fx3C072QfK1ET3nxQpU5hiw752ci66xt+gZgZhyc6zDzsHd9Y5fGomQZF+k/Stbct0Ppt9jIdiC4vokHXwiPHBs82lkflmEY5uL4BvpCX2iTuzyGzbRFwnzQpDzTSkS5oUgbKKf+B5m7rLg5K5S5Hxj32lUJpchcUGIXYd5lUaBqKkB8Ap0xe5/Zorvaz4R7tAnaMUgam9ypQwaDydETQtAQKwX9r6V3W/w2sXLCfMfHi8JEAsyAS5eTpi0IhoKlRw/fNZz3oOTfZD6y3h4+Es7zCvVcvjHeA1wdKXOFjagrqRZfG04uSgRGK9lgJWIiIiIiIiIiIiIiIhGhZ+/H377+0ew55u9OJJxVAyyAkBuTh6e6BUSdUSr0+J//vAENM493w3LZDLodFrcevstUDmp8OG7H4vLNM4aPLrmQUyfOc2u0Z5MJoO7uxsmThqPMWMS8cXnW/D2G+8BAPLzCpA0NlEM3/oH+CMmLhr5ubbv9OITYsXwKgB4+3hj6vTJOHQgHQCgDwqUbK+0pPSShVd/qoZ77hzx8/e1u276ExoeikfWPCgJXqtUKoyfmAwvL08UFhZh1uwZkvOvUqmQNDYRDz56P579w19+1uf6RxFgdXV1RWRkJLZs2YLTp09Dp5N2iDty5AhOnDiB1atXDxoY7D3XyZMnMWvWrH7HRkZGws3NDenp6VixYoUknFlTU4Njx45h+vTpA95a/lIpKytDRkYGoqOj4e/vDwA4fvw4mpub8eyzz2L+/PmDzDB8Tk5OWLp0Kd555x1s3LgR6enpWLhwIRITEwdfeRAXeswvdJ8DAgIAACdPnoTZbB60i27v6yUvLw+TJ08ecLxarUZAQAB++OEHVFZWwstr6IERuryCxnpD4yENXNeXtYiBqrrSZkmwT+kkh3+s1i7Aqgt1t3Vg7KX2TJMYoByqrg4TzhU2QBfqJoakVC4KBMZrxQCrd5i7JEDVWt+BMw5uPw8AXnpXRE0PQGCCLUyncVdBkAkOg3BDuc17xck6HNt82rZdALnflcMvxktya3elWg5nz55jqg2WhvwsJguKM6rFkFdvlTkGbFqTJj72jfCQdrW1AobSZruujfXlLTB3mSGT2z7OBEEQA8UBcV524VxjhwnF6YN3VR6O3O/K4aJTY9yScLuOlY4onOQISfaBX5Qn0jfli8G5vteUucsCQ6l9h+mms62wmC1iSE6hksMjwMVunItWjejUQASN8YarTg2NhxNkckHSFbI3mXzgLo0dzUYc3uD41z8Oj3m7CQVpFQ47bhbsq0TBvsoBt9feZET2jhIxLHtyVykC4rSInBYgGecoNDkYXYib2PUYsF1P3QHsvrz0rpj+ywR4BV2e7tqTV8Ygfk7wRXeo9dK72oVK68qasf+9nGF1Qe2PX5QnUm6MGfw8CIAu1A0pK2MkoeaBDPVYqJwVSFwQipqiRlScrMP+93Iw94Fk6ELczi9XYuw1YWhv7MT4ZZE9XZ+tQHVePY5ttu9o2l2z0M+PDyDY3usS54dg37sXFgh20aox7prwfgOsfTt79yZXyhAxxR9Z24rR1WGCUq1Ayopou/DqcBnKmhEyzhsyhQwyuQD3EZqXiIiIiIiIiIiIiIiIaDCVlVUwGo1i2E8mkyEmNhoxsdGwWq3o6OhEVWUVTmRlY9uWryWBVkdcXfv/rkulUmHmVan4bNN/0N7WDgC4465fIXXW9EHvBq5yUmHJ0sU4d7YGWzd/hZzsU1iweD48PW3N8dw93BEeHob83ALExEUjPCLcrq6Y2GgcOpAOfZAeIaEh4jJjpxEnT5wacPv90ThrsOb3j2LN7x+1W1ZXW4fnn3sRmcf6v1PnlSh5wjhs3/Olw2W9u8IO99w5EhAY4PB5R7y8PPtdFhYRhrAI+zuRdwsK0mP6jKn49JPPhry9n5ofRYBVo9Fg8eLF+Pjjj7F27Vo8++yzmDBhAiwWC3bs2IF169YhNDQUM2fOvKC5fve732H9+vWYMWMG5HI5DAYDduzYgZqaGjz00ENISEjAokWL8M477yA4OBh333033N3dUVVVhT/96U/YsmULHnvsMTFAeqkUFRWhuroafn5+sFqtyM7OxpNPPomsrCw88MADYldQX19fAMB3332HKVOmwN3dHUajEbm5uXjppZdQVNRPMGMYJkyYgHnz5uH3v/89AOCzzz6Di8vFhxsu9Jhf6D7Hxsbiqquuwvvvv4+UlBQsXrwYMpkMZ86cwauvvoqPP/4Y06dPF8f3vl7uvvturFu3DnPmzIGLiwtMJhOqq6vx1Vdfob29HQ899BDc3NwwefJkfPDBB/j73/+OZ555BgEBAWhtbcV3332HZ5555qKP0ZWsb+vwvvr7kCwtKcPdt993qcuT8Iv2Ert2AraQYHV+T9fJs/n1CBqj6wl8CoBftCd8Ij1Qc7pRHOfu6ywNAVqBpnNtw6qp4mQdIqcGiN1RBUGAX7QtBB06wdcuQNQ7cNvNS++K6bfFI7Cf7n8jpaGqFcZ2kyTA2ps+UWfXidRktKC+0nE4sC9Xb400rCYA8XOCET+n/+urm8bDVpObj3NPQO28rnbTsM/PUBz5rBDnChowflkkfKM8hxQ+dHJVYvyySDRWtaLiZJ3dNSVXyjBpRTQmrRi8S6xrr/CgUq3AzDsTET7Jz64j6qVyuY55q6EDFrNV8hoeDmcvdc8t5q1WtNa19zs2fm4wtL3Dq1agrrQJmVuLUbi/El56V8TM1CNiqj9gvaiy4BPpgcipAZLrp6vDhIJ9lcjeUYL6ihZEpQYienog/OMG/qFE6q8SoAvu6TbdaujA4U/yHAbJ+8pPq0B+WgWufXIy9Ek9Px6qyK7D1ufSJWNn3pEIV++e689isqDgQBUyNuXDw98ZKTfFwD/aS7y2/aI8ET83GMe3FQ9Yg0eAC8In+4vHwmqx2joX/6cQNUVNto68yyLEsKezpxNCkn1QcbIO9RUtOPxJHq66a4zYsdfDzwVX3T0GTr3CoYMFeq1WK8qP1+LEjhJU59bbbVOQ9bxXd+tsM6HuTBMKDlSiOP0sujpM0CfqkLQoDKHjfcQfDrj6aOAR4OIwON3Z0oXc78qRt9fWNX7G6gQExuvEY+jkqoRftCfKT9QicX6INFxtBeorW3D0i9Mo3F+JiMn+SL09QfIjg4&quot;
08-31-2019 12:58:53 Wire.java DEBUG [Forwarding screenshot on session 7924db1cdca3d9f58beaf776318b9ec1 to remote] http.wire 87 - http-outgoing-3 &lt;&lt; &quot;E0VrXCbOoJyLsOIyBORERERERERERERERENBxb/rMVyePHInnCOLu7JAqCAI1GjYjIcEREhmPxtQtxYN8hvPXaO6itcXy3zebmZuz46hvs/HoXAOD+h+7F2OQx4txubq6IT4jF0R8yEZcQiynTUiQByMqKKrz39odIP5SBG25cjl/cuEzMSLm4uGDBonnYuvkrHDqQjtqaWjHAqnZyQlRMJHZ8vQtx8bHw8HSX1KVQKBAVEwkAiIgKh5t7z/d9DQ0NOHE8+2IO48/OxZw7R0pLyrBty9fYn3aw32urW825Wnz5xTZ8uXkbJk9NwT333QmtTutw+dz5V+OXq1fB3cN2PaicVAgK1l/s7v+oXbp00wibN28eHnjgAezcuRMpKSmQy+VQKpW49tprUVlZieeeew4TJ068oLkOHz6Mq6++GkqlEjKZDN7e3li1ahWampoAAF5eXnjkkUcQERGBNWvWwMPDA4IgIDAwEK+88gqWLVuGNWvWSLqEXgpPPfUUAgICIJPJIJfLMW7cOGzbtg333Xcfbr75ZnFcamoqUlNT8dxzz4m1Ojk5Ydy4ccjLy4Or68h1jfPy8sKSJUsA2I7ntGnTRmzeCznmF7rP3aFYg8GApUuXQqlUQi6XIzIyEps3b0ZISIhdTUuWLMHatWtRVFSEpUuXwtXVFYIgQKlUIjg4GPfcc494zQDAjTfeiGXLluHNN99EYGAgBEGAq6srrr32WiiV/XdTo8snYoq/NIgGoK2xE5W9bode/MNZtNZ3SsY4ezohKMl7wLktZgvaGzsHHNOfosPVaKiUhspcdGqETvBFYLxWEgg1Gc2oyjVIxnoEuGDO/eMQNMb7koZXAVu4yWKyXNA6XR0mtDcM79hciIE6yhrbTajKre93+UgoO16LLesOY8Mje7H/vRycOXIOjVWt6Oow9xts7A7dXaze+z7/oWRETw+8bOHV/lyKY24ymgHrRaZEAUmnW6vZis7Wrn7H+kZ4SI5v49lW7P5nFgr32zrIdoclNzy8F5t+l9bfNEPiF+kpCRpazFac+rYMaW+fFIOnhfsr8fXzP+CdO3ch49MCh/P4RnkiIF4rBh6NbV04+sXpfjt+XgzfSE/JH4+G8hbsfzcHrYYOVOYY8MOnBWit7xCXK5zkkmBtf4LHeEvCky2GDmRszEdljgFdHSZkflmEsqyePxb6dgsty6xB/vflMHedf78SYHsvPV/qUAK9VrMVNUWNKMuscbhNwBac1yfaQr4ZnxZgw8N7UXa8FjEz9Fj515m44+35WPy7SQib6Cu5jhRKWb/h0LbGThz6OBf1FS2or2hBcfpZ27V/Xu+u195h7pIO2+3NRmRsyhevz87WLlgtQ3/NtDV02t6zzpOrfjR/MhAREREREREREREREdGPXHtbO174y9+xd08ajEbjgGNVKhWuunomHnv8oX5v9V5vaMBbr72N0pIylJaUYX/aQXR29mQXNBoNvLS2hjVjxibB07Onm6bRaMSOr3dh77ffo72tHR++twH7vj8Aa6/vq719dJgwKRkAcOpkrvi9nCATxCZwiWMSoFbbvhesKK+E2Wz7Li40LBQxcdGIiAyX3HW8sqIKuTmO74xKjl3suevLUGfA5s+/HDS8CgAV5RXYtOHfaG9rx95vv7frCtx7+dbNX6G46Mww9/Kn6UfRgRWwpZ6feuopTJgwAW+99Rb2798PpVKJhQsX4oEHHoRUi98AACAASURBVMDUqVPtUvcDzfXMM89g1qxZ+Ne//oXdu3fDYDBg7ty5uOmmm3DDDTeIY6dNm4YvvvgC//jHP7Bt2zbk5eVh/PjxuPXWW3HnnXeK3U8vpSeeeAKdnZ34/PPPUVJSgrlz5+LXv/41rr32Wkl4NiwsDBs2bMC6devw2We2tsLdY/39/XHLLbeMaF0TJ05EREQEFi9ePKJdaC/kmF/oPguCgJtvvhm+vr5Yv349du/ejdjYWNx+++245ZZb8Oc//xlnzkjfJBQKBR577DHMnTsXr776KtLS0pCXl4fQ0FBMmTIFv/jFL3DNNdeI4/38/PDmm28iKSkJH374oXhtPfjgg1AoFJg1a9aIHSsaHn2iDioX6dufm7cGy/84cBBbrpTBP2bgbocQBEmI6EJV5dXDJ9JT7Czp5KJEYLxW8hwAtNR1oPiHs5J142YHQRvsJuneae6y4FxhA6rz62EobYbCSY7pv4wf0i3uR5pCJRe7y44WmULWb7fDkdZq6ED2jhJk7ygRn/OJ9EDytREIm+grCRnL5AJULiN3bBLnh8A/Viu5FixmKwylzajKM+Dc6UaYOsyYsTph8Fu+XySFSm7XufhKoXZz3EHYkb7np76idUhdTIdD46GSvN672k04W9AwwBr2ZHIZ9Ek6yb+NWg2dqDplGGCt4esbcLSFtns6mlacrIOx3YTefaSHcu31PRZDea9W9gltp2/Mh4tWjejUQEl41NhmGnagt7HaFuLvfh0r1QpozodJ42YHIeWmmCF3Ox0qY7tJ8sdUb32v5da6DhRnnHU4diisFusFBV6JiIiIiIiIiIiIiIiIRlJtTS3Wr3seIaHBmLtgDsZPGAf/QH+4urrY3R5eEATExsdgxqzp2LV996Bzt7a29vtdmEajhkzeM39bWztKikskY+pq6mA2m6FQKM6v0xOAzck+havnXgVXN1tTNf8Af8QlxCIsPBQAYOw04vDBDMxfNAdubm7w8HRHXHwswiNCxflMJhNysk8N5TA51N7Wjn/+/VXs3rln2HNcaTKPZuGJx/5nwDEXe+4up/6+9/25GpUAa2xsLDIzMx0u02g0eO211xwuc3Jywg033CAJmA6XQqHAwoULsXDhwkHHhoWF4YUXXsALL7ww6Ni1a9di7dq1F7xs1apVWLVqlcNlSUlJWLVqFV588cVBtx8cHIw33ngDb7zxht2yvsd8oGM9WE1msxmff/45nJycsHDhwiGHh3tLTU3t9wV5Icf8QvYZAGQyGebNm4d58+bZLevveMhkMkyYMAFvvvnmoPUAgI+PD/70pz/hT3/6k92yn/Kb0N2332f33NwFV+M3D/0aGmfNFfEhqVQrEBCnHdY1CwA+Ee4ITvYRA08dzdJf+8jkwgWF4voqP16L6NRAMdglkwsIiNdKg1BWoLa4yS6E6R3qLgl6WcxWnNpdhv3v54jPxcy8PG3Hz51ulHTvA2wdFz38XfpZQ6qtoVMSDgOA/O8rsOe140OuobO1CyajBcpeGTmlkxxu3poRD7DqE3W46u4xaKlrx4mvz/QbHKs53Yhdfz+G6/5nMgITdA7HtBo6JI8tJgsytxYjY1P+kOvRhbrbhfjOHDmLXS8dk9Q80rq7NvYOSKucFfDwd7kiA6x9X78/KQIgWAVYrVbx/c5T74LxyyPx7f9ljXJxVwa5UgZX3TAD3H0+Q8wmC7raTfCL8sSEX0SJ79lWixXnTjei5KitE7Mu1A3J10Vc8i7Z5i7z4IOIiIiIiIiIiIiIiIiIrnClJWV458338M75xxpnDebOvxpLli5GWHio+F2oSqVCQMDINd8brkMH03HzrTeJAVZ3D3dMmz4FPr62u/02Nzcj/WA6xiYnwc3NDU5OTkhIioc+qCfL0dzcglM5uaNSP9Fo+NF0YKUrS2lpKXbu3In58+cjKipqtMshGrKYmYFw9XbcNn4onFxVCIzXigHWvl34AMA32nPYXT4rTtahrqRZ0pnQO8xdErjtbOtCybFzduv27iwIALBaYWzv/5bol1JXhwm1Z5rgGeAidgGVK2UIT/FD9o4SSWdGAPCL8sSsu5LQ3mjE1ufSUZ1fj87WIGg8eoK7AfFa6BN1qDhZ53CbwWO9Me22eJzNr8feN7NRmWNAR5MRGveeQLHaTQV9kg7lJwZv8X6hZHIBAXFaBMRq0WLowNmCelRk16E6r17s1KlP1CFkvI+tU24vFpMFbedvr37udAPCJ/tDqbYFUGUKGULG+SDnm1K7cGu3uNlBSF4WidMHKpHxaYHtWuhzORjbTA7XHUnlJ2rRWN0mCVw7OSsRNS1AvJV5b2ET/TBjdQLKjtdi7xsnLnl9fXV19oT8BLlgu7V8P8xGi+Sxl9&quot;
08-31-2019 12:58:53 Wire.java DEBUG [Forwarding screenshot on session 7924db1cdca3d9f58beaf776318b9ec1 to remote] http.wire 87 - http-outgoing-3 &lt;&lt; &quot;4FXnrXS9KFtavDDIvFiu53FaVGAb9oTxQdrr6geerKmlFf0YLIKf4QZAIEQUD4JD8kLQpF9vaSwSe4AH2Pj0eAC5Rqhfha94vyhKJPqLq/67m3vseivbETe14/cUFdU5OXRiDi/DHoTa6UIXF+CFrqOpDzTemQ5wPO/2Cg1/u+qdOMtsZOhIzzkVz/TTXt2PPacfHzQBfqZjfXSOj7C1G1h9NFdZt20aqhcu75M6Hv+SUiIiIiIiIiIiIiIiK6VJ59/o/w8HDHO2++jyMZRyXLum/B3t7eLjZTG0nt7R2wmC1ios7ZWYPQ8FAcOpAujvHw9IBcJu+1TjvqDfVifbmn8hASGgxBEKB2csKElPHQqG11VlVWI/PYcZwuLEJkVAQEQUBCYhycnZ3F+aoqq5Bx+MiI7tdQKJQK+Pv7XfbtjpSLPXc0ehhgpWH59ttvkZOTg2effRZOTiN7i1yiSykgTisGA4dDJhcQlOSNw8gDAFQXNKCztUsStPTwc8bMOxJx9D+FqClqQuxsPaKmB0palQ+kOr8e+iQd5Erb+L6hq+aadpQcsQ+w9g7j2WqVITBRh8CTdajMMSB+TjAS54dC6XR53vpLjpxF8FhvOLn2hAJ9wj2w7OkpyNxajML9lfDSuyL2qiDEzNJD465CRaMtnFqWWYNzpxsROt5XDGK6+Wgw94FkFOyrQOmxGlScrIOLVo3wFD9ETAmAX5QHZAqZeKv1rg4T6kqb4aV3FeeQyQXEzQ5CV4cJJ74ugafeBeOWhMPd1xkjRgBcdWq46gIQOTVgSKs017aj8EAVACA/rRKxVwXBJ8JDXO4d5o6lT01B/vcVKM2qQc3pRnjpXRE60RdR0wOhDXKVBNjMRrOk8yYA+Md4ITzFD8UZZxGe4ocxi8Mk1+1IKc08B58IdyhU519nAhCS7INr/99kZG0rRllmDXwiPZA0PxRhk/wkIbnLra2+QwygC4IAF13/f9ycO90AXZibeEw9/Fww+54xOLGjRLyWwyf7I/YqPcxGCzb9Lm3YdVWdMqC9yQi382F723Vr+wPn1LdlqK9oQcRkf0SlBkKfpEP29jPI+LRAMofFZEHJkbMoPFAFXbAbvIJsv/BTOMmRtCAUFSfqhhy+7RuOdPdzRvBYb5Qd7wmC9z0+2iBXpN6egIxN+XD2csLkm2Ph1uv4mjrNqCtrvuBjoXF3wozbE5C3twLF6dWor2iBi1aN4LHeCJ3oh8B4LYrSq8VAdHCyD5IWhIrXo9ViRVeHCSpn2/uSylmJCcsj0VzbPmAotjus6qV3xfhlkdAnSTsY15e3oOZ0I8Im+Eqas2rclAid4Ivj24oRnOwD/1gtBPnwOoAPxFDWjMBEndiF291Hg6m3xCJ9Yz6M7SYEJuou6LXmEeACea+AbssQwsZEREREREREREREREREI0EukyEqOhLr1j+N8rIKZB07jozDR5B+KAMAMGPWdMxfNA9O6p7vu0eqa+mJ49loaGiAr58vAFtn14WL56O66izSD2XgumVLcNWcWZIcR21NHY7+0HOH6NMFRei8uhNqtRqCTEB0jK0xoNlsRl6u7c6r2cdPYuZVqXB2doaPj4+YabBarDhdUHTR+zEUJrNZchdppVKJ5AnjkLZ3P9ra2rH8+uvgpfW8LLWMhJE4dzQ6GGClC1ZVVYVPPvkE8+bNw4QJE0a7HKIh84n0gG+U9MPV1GnG4Q15yN7puBth4vwQTLklThJ6dfPVICo1EIX7K1GWWYOSYzWInaUXP+QEmQB9om7Yt2gvSq9G7OwgePjZhyqtVivO5tfbdTAFgLMF9Qgao5MEB/1jvHDd/0wZVh0Xq/BgFbQhbhh7TbgYxoVgu7393PvHYe794wZc//CGPLh6a6AL6elYqHFXYew14Rh7TfiQasjdUwb/WC/JbcLVbiqk3BiDlBtjLnynLoHOli4c/+qMGCbs6jAh498FuOq/k3o68QqAu68zJq2IxqQV0Q7n6R0yrM6rR9T0QEl42DPQBQseufTv2ZlbiuCld0V0auCIvSYulbrSZnR1mOHkej6cGOTab9fK7B0l8Ivx6rkeBcA3yhNzozztruWL7cp6trABhfsrJa8dlbMCYxaHYcziMMlYi2ngzpj1FS3I3lmCKTfHigFGDz8XTLklFtv/OrRf7TXXtgNWSMLk1zyRAsB2ve57Jwf531cgeJwP3HzOh24VMsTO0iN2lt7hnGcLG3Bqd9mg27Y7FudfCyk3RiPlRsevhW5eeldMuTlW0tG68pQBJ74+g5l3JIrPu3ipMe6acFTnOn5vlSlkSL4uAsnXRTjcTmdLFwr2VQAA2ho6YTZZITv/L2yVsxLTVsVh2qq4Qff1YpRm1iByWoC4T4JMQNgkP4RNGt4vJLXBbmJo12K2oql6eJ1ciYiIiIiIiIiIiIiIiIZLJpMhJDQYIaHBuG75kn7HWSwWHMk4OiJdS3Nz8nD4YAaWLF0Mmcz2fVmgPgC/X7vG4fjW1lbs3P6N5LkjGcew/IalCNRLG161tbUh95QtwJqTnYuG+kY4OztLApUtrS04npV90fsxFNnHT6KhoRHePt7ic2PGJeGNd1+5LNsfaSNx7mh0DK0dII2K1NRUWK1WrFq1arRLkQgICMCuXbvw+eefw8vLa7TLIRqyoCRvya2dAaC1oRNlA9xOvjy7Dq310s5zTs5KSRDvwPunUJFdZwt49cNklP5yZSCNVa2oOd3ocL6OJiNK+ukSmLmlCEWHq+26JdrVMcDykZa+MR9HvyhEZ2vXBa9bX9GC3f/IREV2HSzmIdZslQb6Kk7W4djm0+hs6X/7FrMV5q6Luz22scOEjuauCzu2VqC2uAm7/5lpd/vysswafPtKFmqLmwa8rnqzWKwwm2yDCw9WIWd36YD7ZTFbBw0/Dte+d3KQ800pTEbz4INHUVlWrS2ceZ6LpxOCx3g7HFtf0YLDn+Shoap1yOfkYqRvzEd+WsVFX5sAkPNNKcqO1/TULQD6JB2SlzoOZPZVllWD9mbjgGPOFjYg49N8tA7WqdMK1JU0Y/+7OQ7Doo6kb8zHqW/LLuh6UqoVSP1VAnTBPQH4VkMHsrYVo+ToOemxFYDABC1mrE4Y8vzdTEYzTu4qQeHBng7K5wob+r1GrFbrJbl+Kk7WIW9vef/HyIohfwb5RXlCF9pz3Dpbu1B5yjASZRIRERERERERERERERENqqvLNOTvtoxGI3Z+/Q3+7++vjdj2337zPez//gDM5oG/nzR2GrHl863YuvkryfMV5RUoLSm1G3+uugY/pB8RxxTkFw445nJI+24fjJ2Ovws2dhrR2vrjanRzseeORgc7sBLRz4Y+UdfTCfS82qJGh90WuzVWtaK2uAme/i5i90EIgH+sl9ipsavDhJ0vHcOkFdGImh4AjbsKgkyA1WJFZ5sJ5Vk1aDF0YOziMAiKod06ujrPgNAJvpLOrwDQUNU24G2u97x6HC217YidHQxnD5X4Sx2L2Yq6kiYUHqzCpBuioFRfvrf/o/85jby9FRizKAyhE33hqlXbusQKAKxAV6cZTWfbUJp5Did3Sf8RV1/Rgq3PpSM8xQ/RM/Twj/GEUqPo6TILW4Css6UL5043omBfBYozzkrmyPmmFM3n2jBxRTR0wW5QOMnF9ZrOtiHnm1IkLgiFl9512PtYc7oR//79PvhEeiB2ph6+0Z5w93WGUq0Qb+kNAOYuC4xtXagraUZRejVOfdt/B8rKHAM++3/7ET8nGJFTA6ALdYNSrei5hq22fWht6MS5ggbkfleGypyekFn6xny0NXQiaWEo3HycxTqsFiuazrYh97tyJC0MlXSnHCldHSbsezcHJ3eVYuyScOiTdNC4q3rOmxUwtptQX9mCokMDH4dLqavDhLP59dCFuEGQCVA4yRExNaDfjsxlmTX4PLce45dFIGySH1x1Giideq7lztYu1J5pwulDVSNS3/dvZaM4vRpjFoXBO9wdTq4q8Tyauyxorm1HRXYdCg8Mvr0jnxXCO8wdHv4uAACFSo7E+aGoOd2IipN1A65bnHEWCic5xl4TDs8AF/E1ZLVYYWwziUHUgn2VqMwxYNINUdCP8YaLl1qs12&quot;
08-31-2019 12:58:53 Wire.java DEBUG [Forwarding screenshot on session 7924db1cdca3d9f58beaf776318b9ec1 to remote] http.wire 87 - http-outgoing-3 &lt;&lt; &quot;Q0o6WuA8Xp1Ti2uWjI4dVu+9/LQXFGNRLmhSAwXguVs1LyWujqNKGlrgOVOQac3FmCGasTEJigFd+3TZ1mZG4tEt8/0zfmQxvshtDxvoBg61gaOTUArYYOpG/Ml2zbYrKgKrceXkGu4vu7ucsCQ2kzsneWID+tQhzb1WHCnteOY8rNsQgZ7wMnZ6V4fTSebUXVKQNiZurF7qYjKePTAjTXtGPcdRFw97W95q0WK9qbjCg9dg7Byb5w8XIadJ7oGYFw7fW+0FDZipKj50a8XiIiIiIiIiIiIiIiIiJH1j7xByy+diGmTEtBVHQk3N3doXJSicu7urrQ2NCInJO52Lr5KxzPPDGi229va8ezz/wFcxdcjSVLFyMsPBQajQaCIMBisaClpRUF+YX4fNMXOJJx1OEcJ0+cwoSJ48W6rVYrCgtPo72tp8FSYf5pTJs+ZcAxl9rGj/+Nri4Tll1/HXx8vSGTyWA0GlFUWIwP3v0Y99z/33Bxcbls9VyskTh3dPkJmzZtssbESG+jnJycPOQke1+6tRsBAHXrVl50cUQ0NH1fd4JwPqg2yOv49f/6WvJ4xpMhAIDHHnhipEu8ZF74x3oAwL7n7H+9QkQ0GL8oT8x9IBluPhoAtqDj4Y15yN7uOMRKPw83PT9TDLVbTBZkflmEjE8LRrmqS6/v66Grw4zDG3LtflxARERERERERERERPRzcM/Hix0+3/d7diKy92PMnxD92PSXmerv86tbd66ssbERAJCZmXkJqhtccnIyAGDk2z8RERER/UicLWxAcUY1LGZb4F/hJEfCnJCL6shL9GM1fnkk3Lxt4VVYgbP59QyvEhERERERERERERERERHRJcMAKxEREf2s/fDvQlTlGsTHXnpXpP4qAUq1YhSrIrq8ptwSi6Ax3oDtx3Zore/A8e1nRrcoIiIiIiIiIiIiIiIiIiL6SWOAlYiIiH7WujpMyNpWjFZDh+0JAdAn6jD/oeTRLYzoMpl+WzzGLAqDXGn708DY1oWjX5xGWWbNKFdGREREREREREREREREREQ/ZZestZhu7cZLNTURERHRiCrLrMGHv9kz2mXQFWLTmrTRLuGyOvDBKRz44NRol0FERERERERERERERERERD8z7MBKRERERERERERERERERERERERERESX1Yh3YK1bt3KkpyQiIiIiIiIiIiIiIiIiIiIiIiIiop+QEQ+wEtGP3wv/WD/aJRARERERERERERERERERERHRjxjzJ0Q0GNloF0BERERERERERERERERERERERERERD8v7MBKRKJ9z5WOdglERERERERERERERERERERE9CPG/AkRDdWIB1h1azeO9JRENER161aOdglEREREREREREREREREREREREREg5KNdgFERERERERERERERERERERERERERPTzMuIdWLuxEyTR5cPOx0RERERERERERERERERERERERPRjcskCrER05bvn48WjXQIREREREREREREREREREdGPBr9nJyIiGjmy0S6AiIiIiIiIiIiIiIiIiIiIiIiIiIh+XhhgJSIiIiIiIiIiIiIiIiIiIiIiIiKiy4oBViIiIiIiIiIiIiIiIiIiIiIiIiIiuqwYYCUiIiIiIiIiIiIiIiIiIiIiIiIiosuKAVYiIiIiIiIiIiIiIiIiIiIiIiIiIrqsGGAlIiIiIiIiIiIiIiIiIiIiIiIiIqLLigFWIiIiIiIiIiIiIiIiIiIiIiIiIiK6rBhgJSIiIiIiIiIiIiIiIiIiIiIiIiKiy4oBViIiIiIiIiIiIiIiIiIiIiIiIiIiuqwUo13AaGpvb8cjjzyC119/HQCwcOFCfPTRR9DpdKNc2fDk5eVh5cqVyMrKAgD88Y9/xNq1awHY7ysA7Nu3D6mpqaNSK12ZBEEY7RKIiIiIiIiIiIiIiIiIiIiIiIhoCKxW62iXcFF+MgFWk8mEw4cPY9OmTUhPT8ehQ4cAAFqtFuPGjcPUqVOxYMECpKSkwMXFZZSrJSIiIiIiIiIiIiIiIiIiIiIiIiL6+fpJBFgLCgrw6KOPYuvWrXbLDAYD9uzZgz179uDPf/4zJk6ciE8++QRRUVGjUOnw1NXVYdWqVdixYweAK6tT7Lp16/DUU0+Jj9nV9afhx57MJyIiIiIiIiIiIiIiIiIiIiIi+qn6qdxpWzbaBVysgoIC3HbbbQ7Dq46YTCaYzeZLXNWVR6PR4LXXXoPVahX/Y9CUiIiIiIiIiIiIiIiIiIiIiIiIiEbDjzrAarVasXHjRhw+fFh87re//S1KS0thNpthtVrR1taGrKwsPPTQQ9BqtaNYLRERERERERERERERERERERERERERAVdYgNVgMOBf//oX2tvb7Zbl5ubi22+/lTzX0dGB8vJy8XFERARWrVqF4OBgyGS2XdNoNBg7dixeeuklHDlyBNOmTRuwBovFgoMHD+KOO+6ATqeDu7s7Fi9ejG+++QYWi8XhOq2trfjkk0+wcuVKhIWFQRAE6HQ6XHfddXjjjTdQV1dnt05eXh6Sk5MhCAIEQcC6devQ2dmJzz77DPPmzYMgCPjoo4/w0UcfwdvbGzt27BDX3bFjB7y9vcV1P/roowH3qdu6devEdZKTk5GXl+dw3x966CFMmzZNHBsWFoaVK1fi9ddfR1lZGaxWq1j/U089JZljxowZ4nr33nuvw3NJRERERERERERERERERERERERERD9vV0SA1Wq14ocffsDSpUuRkZEhWWaxWPDpp59i0aJFqKqqGnCeoqIiPPfcc9i3bx9aWlrsloeFheHVV19FbGysw/Wrq6uxZs0aTJ8+He+88w4MBgOam5uxfft2XH/99di0aZPdOkePHsXChQtxyy23YNOmTSgpKQFgC+Nu3boV99xzD1JTU/Hdd9/BarX2W3tpaSnuuusurFixArt37x5wPy+F1tZWPProo5g+fTpefvllHDp0SFxWUlKCTZs24d5778Wzzz6Ljo6Oy14fEREREREREREREREREREREREREf10jHqAtbOzE++++y4WLlyI/fv3S5YZDAY8/vjjuOmmm8RgaG9qtRoxMTGS5z799FPMnDkTbm5uiIuLw+rVq7FlyxacO3du0FqysrLw3nvvOVzW3NyM9957D7W1teJzZ86cwYMPPmhXd195eXl4+OGHkZub2++Yt956Cx988MGgNV4KVqsVb731Fv7+97+PyvaJiIiIiIiIiIiIiIiIiIiIiIiI6OdlVAOs1dXVuO+++3DHHXfAYDAgNjYWy5cvh1qtRmZmJm655Rb89a9/BQBce+21mDx5smR9QRCwatUqLFu2zOH8eXl5ePfdd7Fs2TJERUXhiSeeQE1NTb/1xMfHY/PmzWhpaYHFYkFWVhamTJkiLq+oqBADrFarFZ9//rkkvHrbbbehrKwMVqsVlZWVuOuuu8RlWVlZePfdd2E0Gh1u+6677kJxcTG6urpgtVphtVqxatUqrFq1CrW1tVi4cKE4duHChaitrZWMuxhNTU3Yt2+f+Hj27NkoLi4W529ra8OJEyewfv16ODs7AwBiY2ORmZmJP/7xj5K59u3bJ6732muvQaPRXFRtRERERERERERERERERERERERERPTToxitDR86dAgPPvggMjIyAAB33HEHnn32WXh7e+P999/Ho48+CoPBADc3N6xZswaPPvooXFxc7Obx8/PDm2++ibi4OLzyyitobm52uL3m5mb85S9/QW5uLl5//XX4+fnZjQkJCUFqaqq4ncTERMyZMweHDx8GAJw4cQJ1dXUAbKHPgwcPiusGBATgN7/5DYKCgsTHjz32GNLT05GVlQUAOHr0KBobG+Hj42O37eDgYISFhQ35+I0kpVIJT09P8fF3332Hm2++GYsWLUJKSgoiIiIQExODpKSkUamPiIiIiIiIiIiIiIiIiIiIiIiIiH5aRi3AumvXLjG8+sgjj+CZZ56Bm5sb6urqsGHDBhgMBgDA//3f/2HVqlWQyfpvFuvj44P169fj8ccfx4EDB7B3716kpaXh0KFDdmM3b96MG2+8cUhdS+Vyeb8dRE0mkyQsGxsbK4ZXu3l7e8Pf318MsNbU1M&quot;
08-31-2019 12:58:53 Wire.java DEBUG [Forwarding screenshot on session 7924db1cdca3d9f58beaf776318b9ec1 to remote] http.wire 87 - http-outgoing-3 &lt;&lt; &quot;BgMDgMsI4mZ2dnzJ07Fxs3bhT36fDhw2JwFwC0Wi3uvfdePPbYY9BqtaNVKl0hTmafHO0SiIiIiIiIiIiIiIiIiIiIiIiIfpISkxJHu4TLov9U6CU2f/58pKSkAAD+9re/4eGHH0Z1dTU8PDzwy1/+EqGhoQCA+++/H88++yxaW1sHndPLywtLlizB//7v/+LgwYPo7OzE3r17sWDBAsm4oqKikd+hH7mbbroJ7777LsaMGeNwucFgwHPPPYdHHnkETU1Nl7k6IiIiIiIiIiIiIiIiIiIiIiIiIvopGbUOrFOnTsW2bdvwhz/8Aa+88grefvtt7N+/Hy+99BJuueUWJCQk4PHHH8fOnTvx1FNPIT09HS++9j8/ZAAAIABJREFU+CKio6PFOerq6vD000/jjjvuwPjx4yEIgmQbKpUKs2bNQllZGXbu3Dmi9SsUCri5uYmP8/LyUF5ejsDAQPG5pqYmNDQ0iI99fHyu2O6lMpkM119/PZYvX46ysjJkZ2cjKysLaWlp2L9/v9iZddeuXSgoKMDEiRNHuWK6EsigGu0SiIiIiIiIiIiIiIiIiIiIiIiIfhIsMI52CZfVqHVgBWyBzhdffBFvv/02tFot8vLy8MUXX6CjowPJycnYsGEDfvvb3wIAtm7divT0dLs5CgsLMXHiRCxduhT/+c9/UF5eDpPJBAAwmUzIz8/Htm3bxPFubm6YPn36Rdfu7u6OadOmiY+rqqrwz3/+E+Xl5QBs4drnn38ehw8fFsdMmDABHh4eF7wtmUwGhaIna1xaWopTp07BarVexB70qKurw6233opXX30VeXl58PX1xZIlS/Dkk09iy5YtuP/++8WxLS0t6OrqEh/3rgsAfvjhB3R2do5IXURERERERERERERERERERERERET00zSqAVYAcHJywu23344dO3YgNTVVskyr1eIvf/kLNm3ahNDQ0AHn2bp1K66//noEBwdDqVRCEAQolUrExsZiw4YN4rjbbrsNU6dOvei6BUHA9ddfL6n5gw8+QHBwMARBgLe3N1599VVx2bhx43D77bdDpbrwjpUajUay/6dOncLMmTMhk8kgCAI++uiji9sZALW1tbjvvvuQkJAAZ2dnCIIAQRCgUqmwfv16cdyiRYsQGxsrPo6IiJDM8/DDD0OtVkMQBNx7771ob2+/6NqIiIiIiIiIiIiIiIiIiIiIiIiI6Kdl1AOsgC0MOmnSJGzZsgUpKSmSZTKZDDfeeCO2b9+OgIAAu2VqtXpI23Bzc8OTTz6J9evXw8XFZUTqDgsLw8svv2wXvO0rNjYWL7/8MuLj44e1HbVajWXLlsHNzW1Y64+U1NRUPP300/Dy8hKfmzFjBq6++upRrIqIiIiIiIiIiIiIiIiIiIiIiIiIfmwUgw+5fLRaLe68806Hy+Li4hAXFyd5zsvLC//+979x/PhxfP/999izZw+ysrJQUlIizjd9+nTMnTsXy5cv///s3Xl4jNffx/H3JCEiEpJQu0QsSWwJQWxVrX0rpVqqmz5d/LSUKqpKi9pSamstrWptpVSVhopSa0hskVgiRCSWJIQQEREymecPP/MzTZBESLWf13XlejrnPvc533NmxvV75v7e3xtXV1cMBkO+xlyvXj0CAwP57bff+OWXX9i0aRNJSUnmuTt37kz37t1xcXF5oHlat27N2rVr+e6779iyZYt5jY0aNaJkyZIPNLazszPffvstAQEBrF+/3mIPPTw8qFu3Ll26dKFz585Zkn/Lly/PggUL+Oabb1i7di2hoaHm88qXL4+1tfUDxSYiIiIiIiIiIiIiIiIiIiIiIiIi/zyG5cuXm6pXr27R6OPjg8lkytOALiN/AuDi2BcfODgRyZm/fu9uJ2rn9nuc0/MOHzoMgBWFczW+iIiIiIiIiIiIiIiIiIiIiIiIZC+TGwDUrFXznv0eND8sOTkZgAMHDuQ2xHzh4+MDgFWBzC4iIiIiIiIiIiIiIiIiIiIiIiIiIv9aSmAVERGRXDsZc5Lnnn+Wz8aM4nr69RyfF7B2DTVqVydg7ZqHGN3D87jHLyIiIiIiIiIiIiIiIiIiIvJ3oQRWEXkgxkwj87+fR43a1Zk240uMRuNd+56NO8vLr/akU5f2RB6LfIRRyt9RZmYmIbuDGTT4fRo3a0CN2tXp/kJXvv1uLkmXkrI9x2Qy8cPC76lRuzqt2j7NocOHHnHU/z77Q/dTo3Z13u77f1y+fLmgwxERERERERERERERERERERGRfwglsIrIA7G2subZzl14qnkLVv26kr1792Tbz2g0suLnn9gfup8Xe/SkerXqjzhS+TsxmUys+nUl7w34D4Ebfic5ORmAiIgjTJ02hX7vvUN09Iks58XExrB6zSoAOnXsjJen1yONW0RERERERERERERERERERERE8ocSWEXkgZUsWYqXe7/KtWvXWLJ0UbbVM0MP7GfVrytp1bI1HTt2xmAwFECk8ndx4kQU3y+YT2pqKr716rMuYAMHD0Qw7vOJAISHh7F2XQDGzP9V9DVmGvlj4wYiI4/i7l6F9u06Ym1tXVBL+NeoV7ceRw4e45s531GiRImCDkdERERERERERERERERERERE/iGUwCoi+aJB/Ya88PyLbNz0B5s2bcRkMpmPXbmSzJIfF1OoUGFef+3/cHZyLsBI5e/geNRxc4XVRn6Nca3kirW1NT7edfHw8ATg4KFwUq6kmM85GR3Nmt9+BaBt63ZUrVr10QcuIiIiIiIiIiIiIiIiIiIiIiL5wqagAxCRf4bChQvzQo+e7Avdx4/LFuNbzxd39yqYTCYCNwQSuOF3Brw3EO863hbn3bhxgy1bN/PzLysIDd0HQN26vnTp3JWWLVtRxLaIRf+AtWsY+tGH+E+cTKeOz2aJ437H7yUzM5M9e3ez7KelBIfsJDk5GS+vGvjWq0+7th3wruONtbU1Fy9eYO26AEL2hBAZeZS4uLPY29tTu1YdWrZszbOdu+BQzMFi7JMxJ/ngw/fxruPD4EEfEhZ2gJ9WLCM4ZBc2Nja0ad2W/7zzLmXKlM1VzHndD5PJxMmT0fy8cjlbt23hZMxJihcvTl2ferRo8QytnmmFs7OLxVhJl5JYveZXAjf8Tnh4GMWLF6dZ0yfp/dIreNfxyVVV3fPnz5n/28raynyuUwknSpUsRWTkURIvJHLp8iVKlCiB0WgkYN1vREefwMPDk06dnsXaKv+qr+blPQW4fPkya38PYMOG9ezZuxsA7zo+NG7chPbtOlDFvSpWVve/V+TGjRts3baFLVv+5Oixo0REHAHAy6sGfg386NGjJ5XdKud4PXFxZxkybDBPPPEEY0aPs4j99rGKFSsxcsSn2Nvbm48dPnKIfu+9Q4f2nfhg4IcUKlTI4rP70bCPs3wn7+Zs3FmWLFlo/nx5edWgdcs299wPk8nEsWORLP5xEbuCdxIXd5bKbpXx8a5Lhw6d8PWtTxHbIhgzjezds4cNGwM5cuQwYeEHAKjsVhlf3/o83+0Fateuk+UzOXvu18z8ajqLFy7Dzc2Nlb+s4Ndff+FkzEl69ezN0A8/wtbWNs/xi4iIiIiIiIiIiIiIiIiIiEjOKYFVRPJNpUqu9O71MsOGD2HpsiUMHjyU+Ph4fly2mKeat+D57j0sHvmedCkJ/y8mmqtq3rZjxzZ27NhG2zbt+eTjkbi4lHzosaelpTFtxpcsWrzAoj0i4ggREUfYs3c3X06eTmW3ysSeOsVE//EW/VJTUwkO2UVwyC527drJ6E/HZBt3XNxZho/4iD83b7RoX/Hzck6ciGLSxCmUL1c+/xd4B5PJxO/r1zF23GckJyeb25OTk9mydTNbtm7m4sUL/Oedd83HDoSFMnrsp0RGHrXov3ZdAFu2bubTUWPo2L5TrpJYcyPqRBQbN/0BQPt2HalUqVK+jp+X9/RkzElGjhrO/tD9FueFhR8gLPwAhw4dxH/iFEqUKHHf+a9du8aKn39iR9B2i/bbn78NGzcwYdwkGtRvmKP1OLu4UK1adQ4c2E9iYqJFAmtMbAyhB/aTdCmJM2fP4FHd439rOhlNYmIiNWvUpFChQjmaKzt79+3h088+4W&quot;
08-31-2019 12:58:53 Wire.java DEBUG [Forwarding screenshot on session 7924db1cdca3d9f58beaf776318b9ec1 to remote] http.wire 87 - http-outgoing-3 &lt;&lt; &quot;TMySxruRuj0ciChd8ze+7XpKam/i+mmJOcjDnJqtW/sHjhMurVrcfNmzf5PXAdy1cssxjjdt/f16+752dy2/YtjB23xeLzbDQaMWHKc/wiIiIiIiIiIiIiIiIiIiIikjtKYBWRfGMwGHi6RUu6PNuVX9esom5dXw4fPsiZM6f58IOhlCxZytzXmGnk55UrWPPbr3Ts0In3+g2gYsVbSYmnT5/iq1kzWLsuAFdXV/q/+75F4mt+M2YaWbpsCYsWL6Bpk2a8338QXl41sLa25tq1axw9GsHv69di9d9EOGtrK155+TU6dehMterVKWJbhMzMTM6fP8eiJQv5/ofvaFC/Aa+92ifLXDuCtuNbrz6zv/6Ghg38sLOz49y5BL6YMol1v68lKGg7L/To+dDWCnDhwgVW/rICV1c3hg0ZTq2atSlUqBA3b97k3PlzbN68CWNmprn/2bizTJ4yiYSEeD4dOZr27Trg6FicmzdvEhKyiynTJjNn7iw8q3tStWq1HMXwxBOlzf+daczEZDJhMBi4dPkSiRcSAShVshROJZy4ceMGa9asIjr6BPXq1qNjh05YGayIjDxqUamzXLnytG7VhhdyWa0Ucv+eGjONBASsIfJYJKM//Zx27drjUMyBzMxMLidfJuxAKDt3BeUqBtdKrvR68SXq1vWlePHiGAwGUq6msGXLn0yfOY0fly7G09Mr20qwf1XEtgg1vGqwfMUyYmNO4l7Z3Rz37t3BAMTGxnDoULg5gdWYaSQq6jiurm5Uq+Zx17Hv52zcWaZNn0LSpSSGDRnOc1274ehYHKPRSMK5BH5cupjvf/guy3mBG9Yze+7XVKhQkcEDP8TPrzGFChXievp1YmNj+WXVz1hb/6/6qZOTExPH+9PIrwklS5bEysqK6+nX2btnN1OmTWbp0iXU86lHuWwSwpf8uIgXevTkqxmzKVe2nEWSa17jFxEREREREREREREREREREZHcUQKriOSrYsWK0fulV9mzdw8fDh0EQJ/X3shSOfLUqVP8vn4tTzVvwbAhwy2SW28nVl69epWNm/6gU4fOOU6MzIv4+Hg2bAzEr2EjPh87gdJ3JFcWLVqUevV8qVfP19zmXccH7zo+FmNYWVlRpkxZunfrQVDQdk6dPkV6err5ceS3dezQiZEjPsXRsbi5rXTpMvR88SXW/b6WyGOR2Z6Xny4nX+Lc+XPU922Al1cNc6XNQoUKUaF8BV55+TWL/hs3bmB/6H4mTfiCTh2fNSf7FSpUiGbNmmOwsmLgB/0J2rkjx+9TtarVcHevQnT0CYJDdtGxY2cqVqjIgbBQc1XM2rXq4ODoQEREBIF/BALQtk17ypUtx959exg+YhhxcWfNY8bFnWXBwu/5I5fVSiH372n69XTiE+KoUKEi9es3MCeVWllZ4ezkzNNPt+Tpp1vmeP4SJUow4uNRWdodijnQulUb9uzdTUREBJeSknKUwArg4eGJvb09kcciadHiGQwGAxcvXORA2AHefqsvsbEx7N+/jw7tO2FnZ8e1a9eIPRVLxYqVeKLUEzmO/a9uf16GDxvBy71fNX9erK2tKV+uPF6eXlnOuXIlmfWB6yhdugwTx39hURW2iG0RPKp7MHzYCIu29/sPyjJOEdsiNG36JGHhYfywcD6JFxKzTWCd7D+V5k8+lW111rzELyIiIiIiIiIiIiIiIiIiIiK599ASWF1G/vSwhhaRvzkvLy9e6tmbyV/6U6eONy/06EnhwoUt+sScjCYy8ihdn33OInn1tpIlS/F0i2f4bMwojkcdf6gJrKdOxRIeHsaA9wbmOHHPaDQSEXGEPfv2cPjwQS5dukTsqVhzQqWPTz3z48jvZG9fjMLZJKe6uJTEw8PT4jHmD4t9UXuKOxZnR9B21q0LoFXL1hYJtXdKTU0l4mgEDRv44dewcbYJf+XKladChYp3TdrNTpUqVenVszfTpk9h3/69dOjUxuJ4nTredOzQCWOGkTW//Upc3Fn8GjaiTZt2pKRcYdHiBeaqq+PGTKBBg4aE7A7mo4+HEBd3lmU//YiXZw2KFSuW433JzXtaqFAhihcvQWTkUZavWMZLvV6mfLnyWFlZ3WuKezKZTJw7l0DQzh0ciTjCqVOxJF1KMj+23sPD06Iy7v2ULVOOmjVqERMbw7Vr17C3tyfqxHFOxkQz5MNh7N27hxUrl3P27BmqVq3GpaQkzpw5Q9MmTXEs7pinNdz+vHh4eN5Kbs7m85Kd+IQEjkcdx69hI1xdXXM8X1LSRYJDgjkScZjIyKNcvXqVsPAD5uNGY/b75eDgmG1seY1fRERERERERERERERERERERHJPFVhFJN9ZW1nTosUzrPntVzw9vChdpkyWPqnXUgFwcXG56zhFixYFwGjMeDiB/ldS0kUAKlSokKOEtdjYGCZ9MYEtWzc/1LgelrJly9H7pVcYO+4zPhn1MZ+M+phy5cpTp7Y3TZs05ekWz+DsfOt9uXnzJklJF9m9J4QWLZvdc1zvOj45Tr41GAz0evElqlapyrKflhIcspPk5GS8vGrQrm17unfrgbOTM3v37SFww+8AdGjfiSdKPcGRiMPmJMUmjZvg7e2NlZUVNWvUpIZXTbYmbuHEiSjOJ57PcQJrbt/TQoUK8UKPnhw8GMaChd+zYOH32NvbU7tWHRo0aEirlq2p4l41xwmtaWlpfPvdXBYtXkBqamqOzrkfJycnvLxqEByyi/OJ56lkV4l9+/ZSr64vlSrdShKd/8M8wsIPULVqNc6cPcPhI4fo1/ddrK2s8zTn7c9LqZKlcCrhlOPzUlNTiY2N4dnOXShiW+S+/Y1GIyt+/onpM6eSnJycp1izk9f4RURERERERERERERERERERCT38j2B9eLYF/N7SBF5DBkMBgwPUI3y7yrpUhJTpn7Blq2b6dihE127dMPTw5NChQphb1+MU6dP8cGH7xd0mPdkMBjo0L4jjfwasXnLn+wK3klExBHWB65jfeA6ypUrz4Rxk2hQv+FDjcPKygq/ho3wa9go2+NpaWmsWrWSxMREGjdqQounnsZgMJCefoPExMT/jmEN/006LmxrS+nSt5Kljx0/xuXLl3MUR17f08pulZn37Q/s27eXPzdv4siRwwSH7CI4ZBczv5rOB4M+pM9r/4e19b2TQY2ZRpYuW8KcubOoVas2L/V8mfr1G1DMvhhF7G4lc06cNN6ismhOFCpUiJo1arJg4ffEx8dRzL4YB8JCaf7kUzgUc6BSJVfq1fVl//59dGjfiePHj+Hq6ka58hVyNU9BCNywnilTv+CJUk/Q9+1+PNmsOc7OLhQuXJiiRYsye+7XzPxqekGHKSIiIiIiIiIiIiIiIiIiIiL3oAqsIlIg7IvaA3Dh4kVMJlO2lU8vXrxVGdXa+uH+U3U7ljNnztw1lttOnz7FruCd9Hj+BT4aOgI7O7uHGtvD5OzsQvduPejerQcAV64kE7A2gKnTJ/Pj0sV4enphbWONvb09jRs14Qv/L3F2cn5k8e0P3ceGjYEAPNe1G6VKlXoo8zzIe1rEtghNmzSjaZNb1Wlv3rzJ/v37mDpjCosWL6BxoybUrFHrnmOkXr3Knr278fDwZOI4f9zdq1gcv55+PfeL+q/Kld0pVaoUhw4fwsrKithTsdSv3wAAh2IO+HjXZcXK5ZyIPsGp06fw9PCkXLlyeZ7PysqAtbU1aWlp3LhxI8fn2doWplSpUpw7d47r6dfvWYU1PT2dffv3UrRoUUZ9Mho/v+wToPMir/GLiIiIiIiIiIiIiIiIiIiISO7988ojishjwa2yOx4enmzdupnzieezHL9wIZHgkF24u1ehWtVqWY//N/H1TpmZmSRfuZLnWEJ2B2cby52MxkxSU1MpU6ZstomOJpMJU2ZmrmN4UPmxH46OxenQviN1feqRmpqKMcNIMftieHvXJfxgGBERR/I77Lu6evUqAWvXkJqaytNPt6RJ46bmY7eTHQEyM43w33XfSE/n3LkEAKpXq06JEiVyNFd+vqeFChXCz68RTzVvQWJiIunp90+CzMw0YTQaKVWyFM7OLlk7mEy31pkH5cqWx8PDi6io42zbtoXatWpTqZ&quot;
08-31-2019 12:58:53 Wire.java DEBUG [Forwarding screenshot on session 7924db1cdca3d9f58beaf776318b9ec1 to remote] http.wire 87 - http-outgoing-3 &lt;&lt; &quot;Kr+Xj9+g1ISbnC9h1biYk5iUd1T4rZF8vTXAD2xYrhUd2Dw0cOcTzqWLZ9jMase3k7zr379hAbG3vPOUzc2i9nZxeeKF0663GTicxs5niY8YuIiIiIiIiIiIiIiIiIiIhI7imBVUQKRKVKlWjfriMhu4OZPGUSx6OOkZmZSWZmJrGxMUz6YgJbt22hVcvWVK7sbj7vdkXJ9YHrCD8YRmZmJkajkWPHjzFi5EeMGz8m97FUrMRTzVsQsjuY0WNGcejQQYzGWwmD165dY//+fYwbP4bY2BgcHRxwd6/C1m1bOBAWau535UoyAet+46OPh3DsePaJbw9DXvYjLPwAn48fze49IVy5kmxOfL2efp3Q0H1En4ymVMlS2NraYjAYePqpp6lSpSofDh3E/O/ncf78eTL/m9B58+ZNzpw9w6LFC/hh4ff5tq7de4LZuOkPALo++5xFYmfFChXxruMDwM5dOwkLu7Xuw0cOcyTiMAA1a9SibJmyOZorL+/p5cuXGTd+DAHrfuPcuQTzOUajkeiT0YSHh+HuXgVHB4f7zm9ra0upkqUIPbCfPzZuIC0tDfhfNdeRn47g55UrcrSWLGsr7kgNTy82b9nEmoA1+HjXxaHY/2KqVMmVenV9WfLjYsIPhuFR3eOeFYjvx9rKmkaNmgAw8+vp5v3MzMzk9JnTzJrzFRP9x2U5r0SJErRu2Ybo6BOM/PRjgnbu4ObNm8Ctz2XksUgmTBpHWPgBChUqhIuzC5GRR1m3LoArV5IBzJ/78RPG8sPC+Y80fhERERERERERERERERERERHJvXx/LrfLyJ/ye0gRyaGLY18s6BByzNrKmue79yA6+gRrfvuVtesCsvRp26Y9r/R+FWtra3NblSpVadOqLUuWLqZX7xcs+teqVZvnunZn1a8rcxeLtTWvvvI6CQkJrPntV7Zs3Zylj4eHJy+99AqVK7vTtctzfDl1Mi+9bLnf9vb2NH/yKVJSUnI1/4PIy34YjZn8uHQJPy5dku2YHh6e9OrZ21yN1NXVjY+GfszosZ8y+Ut/Jn/pn+15/d97Px9WdCtx9LeA30hNTaVtm/b4NfSzOO7oWJxXXn6NIxFHiIs7S583X7U4Xq5cebp27ZZtNdXs5PU9jT0Vy5Kli7Md097ensGDhlDZ3T3b43eys7Oja9duhOwJ4dPRn/Dp6E8sjjdt0gy/ho24nHw5R+u5k7WVNd51fPhm3lyKFi1K/foNLI47FHPAx7sugRvW4+HhiVvl+8d7Pw3qN+Sdt/+T7X4WL16cqlWqsW//Xot2g8FAp46dORt3hm++ncNb77yR7dht27TH2sqajh06EbRrB1/PnsnXs2da9KlXtx71fRuwdduWRxa/iIiIiIiIiIiIiIiIiIiIiOReviewiojklLOTM2M++5xnnm7Jz7+sIDR0HwB16/rSpXNXWrZsRRHbIhbnFLEtwgeDhlCpkivLfvqRkzEnqVPHm67PPkeXZ59j059/5DqB9c5YOnXoxMpVKwkO2UlycjJeXjV4qnkL2rfrgGslV6ysrHj15dcpW6Yci5YsIDw8jMpulXmqeQue7/4CBisrPvgwfxI5cyIv+1GjRg1+mL+IjZv+YN/+vUREHAHAu44PzzzTku7deuDs5Gxxjo93Xb6ft5ANGwPZuOkPQkP3kZqaSmW3yvh416VNm3b41qufL2sK2R1C4Ibfsbe3p3Onzjg6Fs/Sp75vA76eMZvFPy5iV/BO4uLOmt+HHj16Utmtco7ns7a2zvV76ujoyEdDP2bzlj8J2rmDg4fCzfvh61uf3r1eoXouqpnW923AjGlf8e28b9gRtA0bGxsa+TWh+3Pd8fb2YcrUyVwOP5DjNd2pXPkKuLq64enhSaVKrlnnrt+AUqVK4VHdkydKPZGnOe50ez8rVbz1mQwO2WXez969XyU0dF+2CaB2dnYMeG8gLZ56mpW//GzxvjZt+iTt2nbAu443AO7uVZjyxTS++XY2G/4IJCMjg7p1fXm2cxdaPt2KHxbOz3MCa17jFxEREREREREREREREREREZHcMSxfvtxUvXp1i0YfHx/zI6Vz63YF1sepEqTI4+6v37vbSXO5/R7n9LzDh249pt2KwrkaX0RERERERERERERERERERERERLKXyQ0Aataqec9+D5oflpycDMCBA3krqPagfHx8ALAqkNlFRERERERERERERERERERERERERORfSwmsIiIiIiIiIiIiIiIiIiIiIiIiIiLySCmBVUREREREREREREREREREREREREREHiklsIqIiIiIiIiIiIiIiIiIiIiIiIiIyCOlBFYREREREREREREREREREREREREREXmklMAqIiIiIiIiIiIiIiIiIiIiIiIiIiKPlE1BByAij69MbhR0CCIiIiIiIiIiIiIiIiIiIiIiIvIYUgVWERERERERERERERERERERERERERF5pFSBVURyrWatmgUdgoiIiIiIiIiIiIiIiIiIiIiIiDzGVIFVREREREREREREREREREREREREREQeqX91AmtaWhp9+/bFYDCY/4KCgh5ozKCgIIvxlixZkk/RioiIiIiIiIiIiIiIiIiIiIiIiIj8MxR4AmtmZiaHDh1i5MiRNG/eHEdHRwwGA25ubnTp0oVvvvmG8+fPF3SYfyt37lnjxo3NybIuLi60a9cOf39/IiIiyMzMLOhQRURERERERERERERERERERERERESyKNAE1qSkJPr370/t2rX5/PPP2b59OykpKQDExsayZs0a3nnnHby8vPj6669JT08vyHD/FhISEnjrrbfMexYcHGw+lpSURGBgIMOGDaNGjRoMGzaM69evF2C0uTN27Nh8rYYrIiIiIiIiIiIiIiIiIiIiIiIiIn9PBZbAeu7cOd544w1mzZp1375JSUm89957TJs2jYyMjHyLwc7Ojjlz5mAymcx/TZs2zbfx89u5c+fo27cv8+fPz1H/lJQUTCbTQ45KRERERERERERERERERERERERERCR3bApi0oyMDGbMmMHq1avNbR4eHowfP562bdtStGhRzp07x+zZs5k6daq5Kuu4cePw9PSkS5cuBRF2gcpuzxwcHBgxYgSvvfYapUvZFVKoAAAgAElEQVSXxmg0EhERwTfffMOCBQsKMFr5pzMYDMCt5HIREREREREREZG/Iycnp2zb9duWiIiIiIiIiIj83d3tt61/mgKpwBoZGcmqVavMr8uWLcusWbPo1q0b9vb2GAwGypQpw8iRIxk6dKi5X0pKCgsWLODSpUvmtqCgIIvHzi9ZsiTLXD4+Pubjffv2JS0tzXz8zsfW+/j4EBkZmSXejIwMgoKCeP/996lXr565f7169Xj//ffZsmUL6enp9113RkYGI0aMsIh30qRJOaoq+9c9c3BwYM6cOQwdOpQyZcpgMBiwsbGhdu3azJgxg99//x0HB4e77sPYsWNJT09n5cqVtGrVKtu9S09P548//qBPnz54enpiMBhwdHSkVatWfPXVV1y8eDFLnNHR0cycOZNevXpZ7JWjoyPNmzdn5MiRREREWFSGvR3bqFGjLMZq1qzZXd83k8lEREQEI0eOpHHjxhbvyeDBg7PMcVtaWhrfffddtj9OX7p0iZ9//jlH76WIiIiIiIiIiIiIiIiIiIiIiIiI5F2BVGDdsWMHERER5tdt27bFz88vSz8bGxt69+5NQEAAISEhAAQHBxMdHY2vr+8jiTU2NpZBgwZZJI/eFhoaSmhoKDNmzGDHjh00bdr0ruOYTCaWL1/OzJkzzW39+vXjvffew8bm/m/DX/fsueeeo1OnTuZqAXcyGAw0bdr0nvGcOnWKt956i0WLFmV7/G7rTklJYdOmTWzatInFixfz9ddfW7wXu3btYsCAAVnGS0lJYfv27Wzfvp3p06czZ84cevXqlW3895OWlsaUKVPw9/c3V+e97fZ78u233zJ16lRee+21LPu7Z88evv/+e6ZNm4avr685hszMTObNm8eaNWvw9/enTJkyuY5NRERE/nnizsYVdAj3Va58uYIOQURERERERESAqKgoYmJiCjoMERERySM3NzeqVq1a0GGIiIj8az&quot;
08-31-2019 12:58:53 Wire.java DEBUG [Forwarding screenshot on session 7924db1cdca3d9f58beaf776318b9ec1 to remote] http.wire 87 - http-outgoing-3 &lt;&lt; &quot;zyBNYbN25kqXLaqFEj7O3ts+1funRpateubU5gjY+PJyoq6pEksJ47d47333+f1atXP/BY27Zt4+OPPzYnXHbp0oVRo0bddd13ym7PmjRpgqOjY57jmTdv3l2P5XTdISEhjBs3jrlz51KqVKkcz52SkoK/vz++vr54eHjk+Dy4VcV2xowZjBw58r5zjB07Fk9Pz2wTeYOCgmjbti2TJ0/mpZdewtbW1nxs0aJFhIeHM2XKFJ555pk8JdmKiIiIiIiIiIiIiMi/T0xMDD169CjoMERERCSPVqxYoQRWERGRR+iRJ7AajUauXbtm0VasWLG79jcYDFhbW1u0ZWRkPJTY/mrFihUWSZze3t5MnDiRZ555hsKFC5OamkpwcDDTpk275zgREREMGzaM2NhYAPz8/JgwYQKlS5fOURy53bOceOutt/j444+pUKFClgqlAQEB5nU7ODgwatQo3n77bRwdHbl48SIjR45k9uzZAKxatYr//Oc/tG7dGgBra2veffddevbsia+vL3Z2dphMJpKSkpg5cyajR48GICwsjFOnTuHh4YGHhwcHDhxg7NixjBo1yhxHdlVtDx8+zIIFC8yve/Xqxeeff07lypW5efMmS5cupX///qSkpBAbG8vatWtp1KiR+TNUpEgRunbtypYtW4iMjOSNN95gx44djBs3jpIlS9KlSxf27NlDWFgYzz33HJ9++in9+vXDzs7ugfZbRETuTlUppCDl5k7qwf0/esjR5N6UmRMLOgQREREREREREREREREREZE8eeQJrI+LlJQUdu/ebX7t4OCAv78/bdq0MbfZ29vTsmVLWrZseddxLl++zMSJE80VZF1dXZk0aRJeXl4PL/gcqFixIm5ublnaU1JS2Lp1q/l1q1at+L//+z9ztVcXFxf69u3Lxo0bOX78OACHDh0yJ7D27NmT559/nvDwcObNm8fOnTu5cOECx48fNyfw3nb+/Plcx71jxw4iIiIAKFu2LAMHDsTd3R2AwoUL061bNzZt2sSiRYsAOH78OFevXqV48eLArYTodu3asWXLFkaMGMH8+fOZP38+Bw8eZMaMGfTt25cGDRowcOBAgoKC+PDDDwkKCmLq1Km4urrmOl4REbk/VaWQgqQ7qUVERERERERERERERERERArGI09gza6i6tWrV+/a32QyYTQaLdr+WjH0Ybhx44ZFgmXt2rVz/bh7gHHjxhEfH29+XatWrVyPk9s9exB/XfeqVatYtWrVPc+5M5bg4GAGDBjAnj17Hkp8d8YWHx+Pn5/fPfunpKRkW7G3TJkyTJs2jeLFizN16lT27NnDH3/8QaNGjahfvz4rVqzgjTfeYP369axatYru3bsrgVVEREREREREREREREREREREREQkn1g96gmLFCmSpcpVaGgoaWlp2fY/d+4cBw8eNL8uW7bsY1UlKz4+nrJly5pfr127lnnz5mWbVHk32e1ZcHAwqamp+RZnfoiJieHDDz80J6+2adOG33//nYSEBK5du8bixYsLOML/SUhIYODAgUydOhWABg0a0Lp1a0wmE3v37qVHjx6sX78egF69etG8efOCDFdERERERERERERERERERERERETkH+WRJ7ACNG/e3CKpc82aNezatStLv4yMDJYsWUJISIi5rWnTpvdMYD116lS+xGhjY4ODg4P59cGDB4mMjMz1OF26dGHdunV06dLF3Obv78+ff/6Zq3GaNm1qsWcrV65k9erVmEymLH1vJ2GOGDHironBd/PXdbdq1Yq4uDhMJtNd/0aOHAlASEgIQUFB5nM//PBD2rVrR+nSpbGzs8tVHHdTrFgx8387ODiwcePGe8a2fv16XFxczOfcbmvRogXz588HoF+/fqxdu5b69eszZ84c2rZtS1BQEA4ODkyePJnvvvuOihUr5kv8IiIiIiIiIiIiIiIiIiIiIiIiIlJACay1atXipZdeMr+Oj4+nX79+/PLLL6SmpmIymUhISGDs2LH4+/ub+zk4OPDyyy9TvHhxc5u1tbVFwmVQUBCxsbEAXLlyhW3btlk8dj6nHB0dady4sfl1SkoKo0aN4s8//+TGjRsApKWlsW3bNjp37myRuHmnHj164OPjw4ABA8wJqCkpKUycOJGzZ8/mOB5vb2+LPUtJSaF///5MnjyZhIQETCYTGRkZnDhxgqFDh/LMM89w8eLFB173xo0b+eijjwgPDzev22QycenSJbZs2cJrr73G0qVLAbJUld2zZw9paWmYTCbOnj3L3r177zm3jY2Nxeu9e/eSnp5u0XZnIm9KSgrDhw9n7dq1JCcnm/ukpaVx6NAhxo4dy4ABAyySeK9fv86vv/5KZGQkzs7OzJ8/ny+//JJSpUqRnJzM6tWrSUpKwtvbm1WrVvHBBx/kW/KtiIiIiIiIiIiIiIiIiIiIiIiIiNxSIAmstra2DBkyxKIqaWRkJN27d6dYsWJYWVlRtmxZxowZQ0pKirnPiBEj6Nixo8VYZcuWpXbt2ubXa9euxc3NDYPBQPHixXn77beJj4/PdYwGg4HevXtbxBgSEkLLli2xtbXFYDBQtGhRnnrqKQICAu47XvPmzenXr5/59ebNm5k6dWqWBM27sbW1pV+/frRp08bclpSUxNChQylbtixWVlYUKlSIqlWrMnnyZIt9y43s1r1w4UK8vb3N67ayssLZ2Zmnn36ahQsXkpmZCUCZMmUskolHjBhB0aJFsbKyokKFCkybNu2ec7u7u1u8HjhwIEWKFMFgMNC3b1/S0tKoV68e77//vrnPnj176NSpEyVKlMBgMJjfl9q1azNq1Chz0u1fNW3alMDAQF5//XVsbW0tjr3yyiusX7+eli1bYjAYcrZxIiIiIiIiIiIi8o+Qnp7Oli1beO+992jYsCHOzs5UqVKFXr16sWDBApKSkgo6RBGRf4y0tDT69u1Lu3bt8lSY5XH1b123iIiIiIjIXxVIAitA6dKlmTNnDm+88cZ9+zo7O/PVV18xcODALFU6K1WqxAsvvJDteQ4ODrz44otUq1YtzzF+8cUXdOrUKU/n38nGxoY+ffrw9NNPm9u++eYb1q9fn+Mx3N3dmTdvHq+++mqO+ru4uGBtbZ3rWEuXLs306dN57rnncnVeo0aNeOWVV+56/Hbl1Ltp1qyZxf5kx8bGhgEDBjB27FiLZNncaNCgAWvWrKF+/foWCapWVla8+eabfPvtt5QpUyZPY4uIiIiIiIiIiMjj68SJE7z++ut069aNH3/8kaioKAAuXbpEYGAggwYNol27dmzatAmTyVTA0YrI4+7ixYu0a9furkmMJpOJZcuW4eLiwrvvvktqamoBRCkPasmSJRgMBsaOHVvQoYiIiIiIiPztFFgCK9yq2Pntt99y8OBBPvnkExo1apSlz+DBg4mIiODdd9/NUikTblUMfffdd1m5ciUtW7YEbiW89unTh+3btzN69GiKFi2a5xirVavGzz//zIYNG+jXrx9169Y1H/Pw8GDAgAFs3ryZevXq3Xes8uXL89FHH5kTL1NSUpgwYQLHjx/PcTwVK1bk+++/z3bPnJ2d6dSpE7NmzeLUqVN8/vnnFC5cOBer/R9XV1eWL1/Ojh07GDBggMU8Dg4OPPnkkwwfPpzNmzfTrVs3AOzt7fH392fWrFn4+fmZ+9euXZulS5cyYcKEe85Zvnx5FixYwCeffJJln8uXL29OxrWzs2PEiBGEh4czadIk2rZti7Ozs7l/3bp1ef3111m6dCljxozBzs7OfMzOzo7/+7//s+h/m5OTE88//3y2nzPJufT0dDZt2sQbb7yBt7c3zs7OODs706ZNG4YPH86OHTu4fv16QYcpIiLySLTv1JbPxn3C4uXfs2b9StZv/o31m39j3abVLF/9I6PHj8KzhkdBhykiIiIiIsCpU6d47733CAwMpFmzZqxatYq4uDiSkpI4f/48O3bsoGfPnkRFRfHBBx+wc+fOgg5ZRP7htm3bxkcffUTLli0ZNWoU9vb2BR2SZCMyMhIfHx8lqIqIPCJt27Y1P531fn9t27Yt6HBFRETkPgzLly83Va9e3aLRx8cnz3ePu4z8CYCLY1/M0/n79u2jc+&quot;
08-31-2019 12:58:53 Wire.java DEBUG [Forwarding screenshot on session 7924db1cdca3d9f58beaf776318b9ec1 to remote] http.wire 87 - http-outgoing-3 &lt;&lt; &quot;fOxMfHA9ClSxemTZuGq6urHucuchd//d7d/q7k9nuc0/Nu9/vr49JOnz7NiBEjCAgIuOf59evXZ+7cuVSuXNk8zttvvw3cqkycXYJxXjyscUUkf23cuJEePXoUdBjyL7VixQpatWp1zz5xZ+MAGNz/o1yP/80Ps6jkWvGefVJSUvhh3iLWrvk91+NPmTkRgHLly+X6XBERERGRfzonJ6ds27P7bSsjI4OJEyfy5Zdf0qFDB6ZOnUqpUqWynJuRkcHXX3/N6NGjefLJJ5kzZ859nzwlIv8uufmt6+LFi/Tu3Ru4VaXTxcXFfOzQoUO8+eablClThrlz51K6dOmHEm9BS0tLY9CgQcTExGTZg8dFZGQkL774It27d2fkyJE5OuefsG4RkYKyYcOGHCemBgYG0qZNm1yNn5PrBiIiIo/C3X7buu1B88OSk5MBOHDgQB6ie3A+Pj5AAVdgzY67u7tFtc/Vq1dTuXJlrKyszHfJBAUFFWCEIpKdy5cvM2rUKAICAujevTvbt28nISHBXKHi0KFDTJo0iRo1anD9+nWMRmNBhywiIo+Bf8Od1A4ODvTo2V2VWEVEREREClBUVBQBAQFUr16d4cOHZ5u8CmBjY8Nrr71Gly5d2L59Ozt27DAfmz17Ns7Ozvz+e9ab024f27Jli0X7jRs3GDFiBF5eXhYXC7744gucnZ0JCQnhzJkzTJ48mYYNG+Ls7Ezr1q355ZdfyMjIyDbGzMxMgoKC+M9//kOVKlVwdnamRYsWzJo1iytXrmTpf+dcFy5cYNq0aea5hgwZQnp6eo72UETyT0REBG+++SbFixfniy+++Mcmr4qIiORFmzZtcpSUmtN+IiIiUrD+dgmsTk5OvP/++7i6uhZ0KCKSC1FRUWzatIn27dszfvx4atasSeHChYFbP+yXK1eOt956iw0bNtCnTx9VVBYRkRwZPHjwQ+n7qJhMJs6fO88vK35lwH8+oN3TnRn50WccPhRhcSecS0lnfOvXLcBIRURERET+3SIiIjh27BhNmjShSpUq9+xbokQJWrZsCcDu3bvNCZ716tWjWLFihIeHW/zv/atXrxIeHg7A9u3bLW7sTklJ4dixY9SqVYuKFbM+vWHZsmV07NiR8ePHExUVBdx6itmbb77JvHnzslTYuHbtGuPHj6dz58789NNPXLp0CYDw8HA++eQT+vXrR2JiYrbr+uOPP+jWrRtjxowxz2U0GvP8tDYRyZtz584xfPhwAKZNm0a1atWy9Fm1ahVdunTBzc3NfGNv48aNmThxYpbveFpaGn379qVdu3YkJiayceNGWrVqhcFgoFOnTly6dImdO3fSq1cvPD09zePVq1ePwYMHExMTk2X+sWPH4uPjQ0REBJs3b+a5557D0dERNzc3PvnkkyxPb7stMTGRiRMnmudp1KgRM2fO5Ny5c9n2T01NZfbs2bRo0QKDwYCLiwtvvPEGYWFh2f7blJv+t9dw8OBBVq5cad4TT09P/P39SUlJyf4N+oslS5bg6elJWFgYo0aNsrjZesmSJQAEBQVZvL5b3I0aNTLvy/z583UDgYjIPeTkesDf8ZqBiIiIZGVT0AFk56mnnmLLli3MnDmTzZs3ExoaCoCzszMNGjTAwcGhgCMUkb86ffo0V69epXTp0vf8jhYtWpQ+ffqYX4eEhNC+fXvz66pVq1r0//333/Hz8yM9PZ0NGzYQGBjIoUOHzD/616lTh2bNmvH6669bnJvTcVesWME777zD3Llzs32s092Om0wmjh8/zsKFC9mwYQNRUVE4OTnRsGFD2rVrR4cOHe5aqUNERHLu9h3SGzZsyFG/v5t3+rybpW1PyD4cizvi7u6GXVE74NZjGqytrR91eCIiIiIi8l+3EzarVatGkSJF7tvf09OTYsWKcfLkSVJTU7G1tcXV1dWc0JWSkoKjoyMAsbGx7N27F4D9+/dz4cIFczXFhIQEYmJiePbZZylRokSWedasWcOrr77Ka6+9RqVKlcjMzGTNmjWMGDGCdevW0bVrV8qUKQPc+r1q4cKFfPnll3Tq1IkhQ4bg5eWFtbU1CQkJzJ49m6+++oqaNWsydOjQLP8/yDfffMPrr7/O4sWLqVixom5AFykAiYmJDBkyhJiYGGbPno2Xl1e2/Q4dOsSaNWss2oKDgwkODmb37t3MnTs3y+/TCQkJ9O3bl19++cXclpGRQWZmJidPnmTZsmUW/UNDQwkNDSUoKIhFixZlSaQ9f/48b775Jjt37jS3paSkMG7cOJKTk/H398fOzs58LCIigj59+hASEmJuCwkJMb/+65N1zp07R//+/VmxYoW5LSkpie+//54///yTBQsW8NRTT+W5P0B0dDRdu3YlOjra3BYZGcmwYcOIjY3F398fe3t7HqY9e/bQrFkzTp8+bW67vS+JiYkMHjwYG5u/5eVcEZECdb9rB3/XawYiIiKS1d+uAuttbm5uTJkyhf3792MymTCZTFy8eJH169dTp06dgg5PRP6iYsWKFCtWjL1793Lq1Kl8Hz81NZUFCxbw448/mpNX4Vb1iFmzZtG9e3eCgoLyfd7smEwmVq1aRfv27Zk1a5b5AselS5cIDAxk0KBB/PDDD48kFhGRf4N/4p3UNtY2cMfF4IyMDC5fTi7AiEREREREBKBkyZI56leiRAnc3Nws2pycnPDw8CA6Oprz58+b2/fs2YOLiwtjx45l3759HD161Hzs1KlTnDhxAk9Pz2xvaps9ezajRo3Czc0NKysrbGxsaN++PW3atOHAgQOcOXPG3PfMmTP8+uuvtGnThsmTJ1O7dm1sbGwwGAyULVuWIUOG0LNnT7Zu3UpcXFyWuebNm8fo0aOpVKmSkldFCkBqaiqfffYZ27ZtY/r06TRu3PiufUeOHGm+dmYymcjMzOTMmTMMHDiQVatWsWvXriznhIWFcePGDbZu3Up6ejomk4n169fj4uJC7969LcYzmUwkJSUxadIkQkJCCAgIyDJefHw8N2/eJCAggKtXr5KZmcmxY8fo2LEjK1eu5MiRIxZr8/f3JyQkhBEjRnDu3DlMJhM3b94kLCyMrl27WoydkZHBjBkzWL9+PV988QVJSUnm/rt378bDw4Pp06ebq0zntv9tKSkpeHt7m/fkzjXMmjWLwMDA+75vvXv35ujRo3h7ezNmzBiLPezdu/d9z7958yZdunQhPDycmzdvYjQa2bVrF35+fkyfPp39+/ffdwwRkX+re10XeNyuGYiIiPyb/W0TWEXk8VK1alVatmzJoUOHePnll5k+fTp79+7l8uXL93zMmJ+fH1FRUTzzzDM888wzREVFkZSUZP7z8/Mz961SpQpLliwhKiqKixcvkpSURExMDHPmzAHg22+/5cqVK7keN7fOnz/PokWLcHd3Z/369SQkJJCUlERCQgKhoaGMHz/+od+VLSLyb3K/O6Uftzup7Yra0aJlc4oUsTW3XUi8yL49oQUYlYiIiIiIPChbW1tq1qzJoUOHzImlV69eJSQkBF9fX9q1a0eNGjXYuXMnRqMRgKNHj1KlShVq1KiR7ZjFixfPkkxqZ2dHhQoVuHr1qnkcgBMnTrB7927atWvHE088kWUsBwcHKleuzJEjR7J9XHd2c4nIo3Ht2jWmTJnCrFmzKFOmTLbf4XsxGAyUL1+ePn36UK1aNS5fvpylT8uWLZk3bx7NmzencOHC9x3TycmJl19+mRYtWpCcnJzld/7atWuzcOFCOnbsiL29PQaDgWrVqvHCCy8QHx/P2bNnzX0PHz5MYGAgb731FsOHDzevz8bGhmrVqpmrUt92+vRpNm3aRP/+/Rk4cCBOTk7m/g0aNOCdd95h48aNREZG5qn/bd7e3kyYMMG8J7fXMGjQIBwcHNi7d6/Fv7MPQ5MmTfjss8/MNx1YWVnRqFEj3nrrLeLj481PqRQRkazudm3gcbtmICIi8m+nZ06ISL4oUaIEY8aMwWg0EhAQwOjRo83HnJycaNiwIa1bt6Z9+/aULVs21+M7OzszadKkLO2Ojo507tyZoKAgDh48yIULF8yPZ3tYkpKSiI+Pp0mTJtSpU8f8Y1/hwoVxdXWlb9++D3V+EZF/o8&quot;
08-31-2019 12:58:53 Wire.java DEBUG [Forwarding screenshot on session 7924db1cdca3d9f58beaf776318b9ec1 to remote] http.wire 87 - http-outgoing-3 &lt;&lt; &quot;GDB9/1UUCP053UTZ5szEuvvEiVqu7mC8NXr6ay6ufVnD1z9j5ni4iIiIjIw3bhwoUc9bt8+TIxMTGUK1cOK6v/1Ynw8fGhdOnS7N27l6eeeoozZ84QGhrKp59+SsWKFfH19WX37t1cuHABe3t7jh07Rs2aNalYseIDx56YmAjABx98wAcffHDPvg87IUtEcmf79u3cuHGDjz/+mJkzZzJkyBC+/vprXF1ds+1vMpmIjY3lt99+Y+fOnVy4cIHjx48TGxsLYP6/d7Kxsbnno+jPnz/PunXrzFWaY2NjzQmfHh4eXL9+HTs7O3N/KyurbJPeb1enTklJMbcdP36c+Ph4mjVrlqPiD3FxcYSEhBASEsL48ePvGXNe+t+Pq6sr1atXJzExkfT0dIoWLZqj8/JTzZo1cXBwID4+HpPJpBsMRETuIrtrB4/TNQMRERFRAquI5KOKFSvyww8/EBkZyR9//EFISAiHDh3i9OnTBAYGEhgYyLhx4xgxYgSvvvrqPX8sy47JZCIuLo7NmzcTFhZGdHQ0Fy9eJDw8HIBatWqRmZn5MJZmoVixYpQoUYJNmzaxcuVKOnbsSIkSJR76vCIi/2a375j+6w9Rj8ud1A0bNeC9gX0p9UQp8wUHk8lEQnwCy5asIHDdHwUcoYiIiIjIv1vVqlWBW0lW169fp0iRIvfsf/LkSa5evUqVKlUsEpsqVqxIrVq1OHHiBKmpqezdu5cSJUpQq1YtChcuTLNmzVi0aBFHjx7F3d2dkydP0rRpUz3NR+RfztXVlUmTJtG0aVMcHR356KOPsLGxYe7cuVmqk2ZkZDB16lTGjh1rkSSaVyaTiZ9++ol3332XpKSkBx7P2to6S1t0dDRw6ylrORETE5OjfrfXn9v+9+Pk5ETJkiU5ffo0aWlpBZLA6uTkhLu7OwkJCVmSh0VE5H/+eu3gcblmICIiIv9jdf8uIiI5Z2VlhZeXFwMGDGDJkiWEhYVx+vRpNm7cyFtvvcXNmzf57LPPCAoKytW4165dY8KECTRu3JgBAwbw3XffsXnzZnPy6qNUoUIF3n77ba5evUr//v1xd3fH29ubN954g8WLF5urXYiISP7K7q7px+VOagfHYjg4OJiTVy9fTub7bxfS7633lbwqIiIiIvI34OXlRfXq1dm5cycnTpy4Z9/Lly+zbt064FbF1Tsfxe3g4ED16tWJjIzk5MmTBAcH4+vra05Aq1WrFjVq1GDnzp3ExcVx5MgR6tevn23CV24VK1YMgFmzZpGUlHTPPz8/vweeT0Tyj6enJ7Vq1cLGxoaBAwcyfvx4Vq9ezZgxY0hNTbXou3XrVsaOHYunpycrVqzg9OnTXL58mczMTI4ePYq3t3eu5j5y5AhjxoyhVKlSzJkzh+joaJKSkjAajVy4cIG2bds+8PpuV5I9c+ZMjvrfrkr95ZdfYjKZ7vrXu3fvPPW/n8TEROLi4nBzcyuQ5FW4VRE8LCyM8uXLK3lVROQ+7rxO8LhcMxAREZH/UQKriDx09vb21KtXj3HjxjFgwACuXr3K7t27c3y+0Wjku+++Y/LkyVSrVo2vv/6a0NBQoqKiiIuLIy4ujtdff/0hrsCSwWCgW7duBAcHM2PGDLp164atrS2//vorAwYMoFWrVrlO0BURkfv7653Tj/Od1FeSr7B86c+kXUsr6FBERERERASoXLkyrVu35tixY0yYMOGuNyhnZGSwYMECVq9ezZNPPkmzZs0sjhcuXBgfHx8OHDjA9u3bCQ8Pp1mzZot2GjQAACAASURBVOYk19KlS+Pr68vu3bvZtm0bbm5uVKtWLV/WUKNGDXx9fdm2bVu+VGUUkYJha2vLgAED6NevH7NmzeKrr74iIyPDfDw8PJyUlBTGjRvH888/T4UKFShevHieHzF/4sQJIiIiGDRoEO+88w6VK1fGyckJK6v8u4RYtmxZAA4fPozRaLxv/9KlS+Pt7c327du5dOlSvve/n3379nHw4EE8PDxylTxqNBoxmUwPPL/RaGTbtm0A1KxZ84HHExH5p7t9reBxvmYgIiLyb6YEVhF5ZGxsbMx3WudGSkoKQUFB1KpVi9mzZ9OrVy9cXV1xdna+7+PcHqZSpUrx8ssvM2/ePHbv3k10dDT+/v5cunSJb7/9litXrhRYbCIi/1S6k1pERERERB4GW1tbXn/9dXx9fVm3bh09e/Zkw4YNXLt2DbiVuHrkyBEGDBjA6NGjqVixIkOHDjUnZd2pRo0aVKlShZkzZ1K0aFFq1aplPla4cGGaNWvGvn37mDdvHu7u7jzxxBP5soYKFSrw7LPPsmzZMt5++2127tzJ9evXgVuPCL98+TI7duxg2LBh960yKyIFy97enlGjRtGlSxfGjRvH8uXLzYmRt//N2LJli/k36Bs3bhAeHs6kSZOIjo7O1VwuLi44/D979x7X8/3/f/z+rlahjLclzakpxzVFSHKO8FmYQ2Z8fDbzMTGLta9tbGab4WOOOzvNpjGUhDXEYo1MOc7HWZn9bBmRUxKr3r8/fL2/UllSvcXterm8/3i/nofX4/XepbLn+/F8PB0dtX37dp06dUrSjd95ycnJmjZtmnbs2HHPz1O/fn21a9dOYWFhWrt2rbKyspSTk6Pjx4/rnXfe0bfffpurv6urqzp16qSoqCi9/PLL+u9//2tO4r169ar27dunt956S9u3by9S/5syMjJ06NAhc5Xbq1evasWKFXrrrbfUsGHDQidB2dvbq0KFClq/fr0OHDhwV5/NhQsXdPDgQV2/fl2SdOXKFS1atEjTp09Xp06d5Ovre1fzAcDD6rXXXuM7AwAAyiibkpq4yvjlJTU1gPvQunXrVL58ebVp06bAndlZWVn67bffJCnfxf3r16+bF2lulZOTo6ysLFWtWlWPPfZYnnaTyXTHXdsFzXur1NRUmUymXLvUc3JydOHChTuOu1WlSpXUu3dvrV+/Xunp6bl2xQMAisetO6jL0k7q2A2bFbths6XDAAAAAHAHbm5umjNnjt5++23FxMSof//++fZzd3fXlClT1KpVq3zba9asqSeffFJr1qxR79695ezsnKvdw8NDjRo1UmJiojw8POTo6Fgs8VtbW2vIkCG6ePGiZs6cqZiYmHz7eXh4aOjQocVyTwAlx9nZWVOmTNHgwYM1btw4Va9eXe3atZOfn5/8/Pw0efJkTZ48OdeYVq1aycHB4a7u06hRI3Xt2lVff/21vv7661xtLVu2LJbfUTVr1tRLL72k4OBg9ejRI1db3bp1VatWrVzX7OzsNGbMGP2///f/tHTpUi1dujTfef/xj38Uqf9Nx44dU69evfL0c3R01OTJk9WoUaNCPV+1atXk6+urGTNm6KmnnjJfX7x4sQYOHHjHsQkJCWrbtm2e67Vr19bbb7+d73cpAIC8ytL3BQAAIDcqsAIoFunp6erVq5f69eunFStWKCUlxZzAmZWVpV9//VXvv/++Pv74Y/n4+ORakClfvrxq1aqlrVu3av369ebKEDfZ29urWrVqSkxMVHR0tLnyxfXr17V9+3aFhITom2++yRPT380r3Vgcc3Z2VlRUlHbt2mVOlj148KBGjhypN954I8+YnTt36vXXX9fWrVt14cIF8873zMxMJSQk6NixY6pWrZpFq8MCwIOsLO6kfnVMiNZv/s78it4YpX8NvvMXGAAAAABKn5ubm77++mutXLlSAwYMkLu7uyTJwcFB/v7+mjVrltavXy9/f/8Cj+uuUKGC3NzcJEmtW7eWra1trnZnZ2d5e3tLkpo1a1bkY7/zU758eY0bN04xMTEaNmxYrvjbtWund99911z5FcD9r2HDhpo6daok6Y033tChQ4fk6uqqpUuXaujQoTIajTIajQoKCtKmTZu0YMGCu67qXLlyZc2ZM0dvvfWWateuLUdHR3Xt2lUrVqxQZGSkGjRocM/PYTAY1L9/f61cuVL+/v6SblRlnTJlijZu3KjWrVvnGePs7KxFixYpPDxcgYGBMhqNkqQmTZooJCREW7dulY+PT5H7Sze+H5g5c6aeeeYZOTo6ymg0avDgwdqyZYuee+65Qv9+trOz07hx48yfoXQj+Te/gh&quot;
08-31-2019 12:58:53 Wire.java DEBUG [Forwarding screenshot on session 7924db1cdca3d9f58beaf776318b9ec1 to remote] http.wire 87 - http-outgoing-3 &lt;&lt; &quot;y3e/rppzV//nx17drVHMPQoUMVExOjdu3aFer+AAAAAFCWGcLDw0316tXLddHLy8uckAWg7Lm5qHK3P8eFHXezX1pamvnamjVrNHLkSKWnp99xrI+Pj/7zn//I09Mz1/W1a9cqODg4z/h169bJx8dH8fHxGjFihE6ePJlnzg4dOigrK0vnz5/XwoULzQvzhZk3MzNTEyZM0Pz58/PM26RJEzVq1EhLlizR3LlzFRQUJOnGjuhu3boV+IweHh766KOP1KRJkzt+FgBu+OGHH8w/X0Bpi4iIUKdOne7YJ+WPFEnSa6+8WeT7vDomRF3+0dn8PisrS+HfrlDYV0uKPKckzfjkP5Kkx6s/fk/zAAAAAA+iypUr53s9v7UtACgurHWVDRMnTlRkZKSWL1+u+vXrWzocAMB9pDDfGwAAUBoKWtu66V7zwy5evChJ2rt3bxGiu3deXl6SqMAKoJj06NFD+/bt07JlyzRgwAA1btzY3FazZk0988wzWrBggSIjI/Mkr0o3jnX47LPPzDuKb1aFuHncUatWrRQWFqaePXvKwcFBlStXVs+ePRUREaGFCxeaq1rc7bz29vaaMGGCJk+ebE589fb21vTp0/Xdd9/le3SPp6en1qxZo2HDhuV6zmbNmumdd97RypUrSV4FAAAAAAAAAAAAAAAAgDuwsXQAAB4clSpVUkBAgAICAu56rI2Njbp3767u3bvn224wGOTp6amvvvoq3/aZM2cWaV7pxtFqwcHBCg4OztMWFBSUZ7e8vb29Wrdune+xRgAA5GfWtI81a9rHlg4DAAAAAAAAAAAAAID7BhVYAQAAAAAAAAAAAAAAAAAAUKqKvQJrlfHLi3tKAIV0buKzlg4BAAAAAAAAAADgvjZ+/HiNHz/e0mEAAAAAwEOPCqwAAAAAAAAAAAAAAAAAAAAoVcVegfUmKkECpYfKxwAAAAAAAAAAAAAAAACAsqTEElgBAAAAAAAAAACAh4mrq6siIiIsHQYAACgiV1dXS4cAAMBDhQRWAAAAAAAAAAAAoBj8+uuvlg4BAADcg19//ZW/5yWkc+fOlg4BAHAfIoEVAABYFFUpYEl3s5N6xif/KcFIAAAAAADAg6Jfv36WDgEAAOC+Eh4ebukQAAD3KRJYAQCARbm7u8vd3d3SYQAAAAAAAAAAAAAAAKAUkcAKAAAA3MHj1R+/Y3vKHymlFEnRY/i7ZwAAAAAAAAAAAAAAoLRZWToAAAAAAAAAAAAAAAAAAAAAPFyowAoAACwqKSlJJ06csHQYQL5cXV3l7u5eqL6vvfJmCUdz92Z88h9LhwAAAAAAAAAAAAAAQL5IYAUAABZ14sQJBQUFWToMIF8RERGFTmAFAAAAAAAAAAAAAACFZ2XpAAAAAAAAAAAAAAAAAAAAAPBwIYEVAAAAAAAAAAAAAAAAAAAApapMJrDGx8fLYDCYX8HBwbp69aqlw8oT15IlS8xt586dU9euXc1tXl5eOnLkiAWjBQAAAAAAAAAAAAAAAAAAsAyLJLDensyZ36tp06YaNWqUfv75Z+Xk5FgiTAAAAAAAAAAAAAAAAAAAAJSA+7YC6549e/Txxx+rVatWGj9+vK5cuWLpkAAAAAAAAAAAAAAAAAAAAFAMbCwdQGFMnjxZVatWVUhIiAwGg/z8/GQymSwd1l2pUqWK1q9fb+kwAAAAAAAAAAAAAAAAAAAALO6+SGD19PTU8uXLVb9+fZlMJqWkpGj27NmaPn26uU90dLT69esnFxcXC0YKoDBycnJ05MgRRUVF6ccff9TOnTslSY0bN1bz5s31j3/8Q76+vrK3t7dwpAAAWFa3wC7y8W0u97puqlixomztbCXd+Fuann5Fhw4c1tLFy3X44BELRwoAAAAAAAAAAAAAQPGysnQAtzMYDKpevbpCQ0PVqVMn8/XU1FRdunRJknTkyBF5eXnJYDDIYDBo4sSJueaIj483txkMBn3zzTeKi4vTCy+8IFdXVxkMBjVt2lQfffSRrly5km8c165d08aNGzV48GA1aNBABoNBFStWVKdOnfTpp5/q3Llzd/VcV69eVXBwsDmmrl275prj9piXLFmic+fO6dNPP1XLli1lMBjUoEEDvfPOO0pNTc33HiaTSYcOHdL48ePl6+trnqtp06Z67bXXdOjQoTJXuRZlz9mzZzVq1Cj5+flp+vTp5uRVSdq3b5++/PJL9enTR23btlVcXNw93SsiIkJGo1ERERH3GjYAABbRq29PtWzlo8ecHjMnr0qSlZWVKlZ0lI9vc038zwQ93aObBaMEAAAAHlxpaWnq27evjEbjXb1YjwIAAAAAAADu3X1RgTU/jz76qFxdXYtlrjfeeEOnTp3KdW3Pnj3as2eP4uPj9cknn8jZ2dnc9ttvv+nVV19VVFRUrjGXL19WbGysYmNjtXjxYn322Wfy9vYulhhv98MPP2jatGn65ZdfzNeOHDmiiRMnav/+/Zo7d66cnJzMbVevXtWMGTP04Ycf6vLly/k+6/z58zVr1iw9//zzsrG5b//TowxLTU3Vq6++qrVr18rDw0MjR45Up06dVLlyZRkMBl26dEn79u3TokWLFBkZqTNnzlg6ZABAGdelSxdt2LChUH0DAgIUExNTwhEVP0dHRwX176PkpONUYgUAAAAAAAAAAAAAPDDuuwqsN6WlpenIkf/7gr5ChQpFPm789uTVW0VERGjZsmXmyqSnT5/WqFGj8iSv3i4hIUGTJk0qsBrqvfr6669zJa/eKioqKleiRlZWlj7++GONHz8+T/LqrS5fvqyJEycqISGh2OMFsrOztXjxYq1du1YBAQFasmSJ+vXrJ6PRKIPBIEmqWLGiWrdurblz52rlypUqX768haMGAJR1r732Won0LS0mk0lnTp/RyohVChkeqq4dumv8m+/qwP7clfOrPGaUd7MmFowUAAAAeDAZjUatWLFCaWlpuV7r1q2TJL3wwgtKSUnJ0x4UFGThyAEAAAAAAICy775LYM3JydHx48c1YcIEbdmyxXy9WbNmqlatWpHmfPPNN3Xq1Cnl5OQoPT1dkyZNytW+detWXbp0SZIUHR2t1atXS7pR7WratGm6ePGiTCaTzp49q+HDh5vHRUVFae/evUWK6e+MHDlSycnJys7OVkZGRp6Yjx07Zk5qOHLkiBYtWmRue+6555ScnKycnBxdu3ZNX3/9tRwdHSXdqC77/fffKzs7u0TixsPr999/19q1a+Xs7KyQkBDVrFmzwL5WVlZq3769nn76afO148ePa9q0aerbt6/c3NxkNBrl5uam5557TpGRkcrMzDT3zczMVGhoqIYNGyZJGjZsWK4j3EJDQ3P1z8nJUXx8vIYPH26eu3379vr888/NP/u3u3btmmJjYzVo0CDVqlVLbm5uGjx4sL777jsNGjRIffv2VVpaWp5xZ8+e1ezZs9W+fXsZjUZ5enoqJCREu3btypWIdFNERIT52LmMjAwtXLhQnTt3ltFoVP/+/RUXF6eGDRtq5MiRysjIyDfWw4cPq2XLlvrXv/6lCxcuFPi5A8CDKCAgQAEBAcXWr7QNG/yy/tV/iOZ9/qWOHj4mSdqRsEtrv1unzKv/97fMYDDI2traUmECAAAAAAAAAAAAAFDs7osE1l9++UUNGjQwfzHv5uamhQsXmttr166tQYMGyc7Orkjze3h4qFq1ajIYDKpQoYJeeOEFtW/f3tx+7Ngx/fnnn7p8+bLi4uLM1zt16qQhQ4aoYsWKkqQqVaooODhYdevWNffZv39/kWL6Oy1btlSdOnVkZWWlcuXKKTAwMNd9//zzT3OC3tatW3Xo0CFJkouLi0aPHq06derIYDDI1tZWvXv31jPPPJPredPT00skbjy8du/erV27dql9+/Zq3LjxXY/ftWuXpkyZok2bNun8+fOSpPPnzysmJkZDhw7V+PHjC0zgvJOMjAxNnjxZ3bt31/Lly81z79u3T2+//bZGjBiRp5JyRkaG3nvvPQUFBen7779Xenq6zp8/r9WrV+v555/X999/n++9duzYod69e+v999/Xvn37JEknT57U4sWL1atXL3366afKysoq8PkHDRqk//mf/9GuXb&quot;
08-31-2019 12:58:53 Wire.java DEBUG [Forwarding screenshot on session 7924db1cdca3d9f58beaf776318b9ec1 to remote] http.wire 87 - http-outgoing-3 &lt;&lt; &quot;sk3aiu7O7uLn9/f8XGxurw4cN5xplMJm3atElHjx5VUFCQKlWqdNefEQCUdYWprHo/Vl+9ExtrG+l/K5hLN/4mXLhw0YIRAQAAALgpOztbP/30k8aMGaOAgADzpuoWLVpo1KhRBW5kloq2aTojI0MrVqxQUFCQatWqZd6cPXbsWCUkJBS43gQAAAAAAADc7+6LBNY78fT01NKlS9WsWbNim7Ny5cqqX7+++f3x48d1/vx5Xb9+XWfOnDFfj4qKMh9/fvPl6empY8eOmfuUViKonZ1dgcet3xrzqVOn5OPjkyvmihUr6ptvvjH3uXz5MouaKHZJSUmSpHr16snBweGux9va2mrs2LGKj4/Xn3/+qbS0NJ05c0Y7duxQnz599OWXX5oTzO3t7TVz5kzNnTtXkjR37txcR7jNnDlT9vb2MplMCgsL08yZMxUYGKi4uDidOXNG586d04EDBzRy5EitXbtWCxYsMFclvjlmzpw56tKli2JjY81jjh8/riVLlqhevXp54k9NTdXs2bN14sQJvf/++zp+/LjS0tL0559/KiIiQq6urpo2bVquytK3mjdvnpydnRUfH6+zZ88qLS1NK1asUPXq1RUUFKQrV64oJiYmT/XkM2fOaOPGjWrXrp1atGhx1587ADwI/q666v1afbUg5cqXU3v/trK3/7/NW2dTz2nXjj0WjAoAAADATX/99ZdWrVqlL7/8Ujt37jRfT0pK0jfffKNevXopMjIyTxJrUTZNp6am6uWXX9ZLL72k2NhY83r0vn37NHfuXI0ZM0YnTpwo2QcGAAAAAAAASsh9mcDq6Ogof39/ffLJJ4qNjZWvr2+xzm8ymXIlgVWrVq3A5FAAd6dGjRpFGtezZ0+NGTNGDRs2lK2trSTJxsbGXIVCUr4VSO/k999/16pVqxQQEKDp06frqaeeko2NjQwGg1xcXDRmzBj1799fcXFxSklJyTXGx8dHU6dOVZMmTcxjKlWqJB8fn3yf8ccff9S6desUEhKi4OBgcyVUW1tb+fv764MPPlCFChUUGRmZbyXZqVOn6tNPP1XDhg1lZZX7V7Onp6fat2+vTZs26ffff8/VlpiYqLi4OHXu3FlVq1a9q88HAB4kd6qwWpaqr7Zq46tps6fIq6mnDP9bgTU9/YqiVqzWH7//YeHoAAAAANxUpUoVffHFFzp48KB5M3JKSop5I/OCBQtyreMUddN0TEyMVq9erTfeeENJSUk6d+6cecyaNWvk6+tr/n8HAAAAAAAAoKyxsXQA0o3krOXLl+eqilqSTp8+rf/+97/m905OTnr00UdlY2MjR0dH8/VOnTopLCxMLi4upRJXUd1a7dLR0VFRUVHy9/e3YERA0WRmZmrnzp1KTEzUnj17dOnSJe3fv1/nz5+XpLuuHJycnKzExETNnDkz3+ROR0dHPfHEE4qOjtbp06dVs2ZN85hx48apZs2ahbrP9evXtXfvXjk7O6tTp06yscn7q7Vp06Zq3769Dh48qD///FN16tTJ1V6pUqU8iau3tgUEBCgkJERbtmxR7dq1Jd2o2hETE6N69eqpY8eOfFkB4KF2s8rqhg0b8r1+v2vRsrlGjg6WU1Un8+9zk8mkP0/9qWVLIhSzdqOFIwQAAABwk729vd566618r3fs2FE7d+7UZ599Zl5vkvJumq5Vq5Z5XEGbprOzs83VVdu3by+j0ZhrTOvWrdW6deuSeEQAAAAAAACgVNwXCawl7a+//jIf1/Tbb7/pgw8+UEJCgrm9WbNmqlatmmxtbeXr66sVK1ZIkn744Qe9+eabeu2119SgQQPZ2trKZDLpwoUL+uWXX/TVV1+pa9eueu655yzyXDf5+fnJxcVFp06d0uXLlzV27FhNmDBBrVu31qOPPipJunr1qpKTkxUVFaXU1FRNnTpV5cqVs2jceDDdXiG0sHbu3Kk33nhDe/YU3/HIqampkqTQ0FCFhobese/Nqsw3x9SuXbvQCaE5OTm6evWqnJycciWU38rGxkblypVTVlaWcnJyCvsIZm3atJG3t7c2bNigwMBAVapUSYcPH1ZsbKz69u2rJ5544q7nBIAHzWuvvZYngbWsVF91rOggR0dH89+eCxcuamX4Kn23+ntdzbhq4egAAAAA5Cc1NVVbtmzRL7/8ov379+vy5cvauXOnuf3WU8CKsmna2tpaVapUkSQtWLBAjo6OqlevXr6bpwEAAAAAAICy6KFY6Ro8eLD5CPLb1a5dW4MGDZKdnZ0kaeDAgfrpp5+0evVqSVJYWJjCwsIKnPt+qOjVtGlTjRo1Sm+++aYkaceOHQoMDCyw/7Bhw0orNDxE3N3dJd1YjM/IyFD58uULPTY5OVljx47VsWPHNHToUPXu3Vtubm6ysbFRxYoVtWPHDnXr1q2kQi8TatSooY4dO+qLL77QL7/8otatWysmJkaS1KtXL/PvMAB4mN1ehbWsVF/Nz6WLlxS+dIWlwwAAAACQj6ysLIWFhWnSpEnmk4P+TlE2TUtS3759lZiYqMjISEVGRkq6UZChTZs2CggIkLe3NwmtAAAAAAAAKLPyP6/6IWE0GvWf//xH3t7e5mvOzs766KOP1KtXLwtGdndsbGwUEhKiiRMnytHR0dLh4CHVsGFD1atXT7Gxsdq7d+9djd23b5927dqlkJAQTZo0ST4+PnrsscdUqVIlWVkV/dfUzWqon3/+udLS0u748vHxkSTzgv+VK1cKfR8rKyuVK1dOqampunTpUr59rl+/rrS0NNnY2BTpmaytrdWlSxdVqFBB69ev16+//qq4uDj5+/urQYMGdz0fADyobq24WlaqrwIAAAAoW9asWaN3331XVapU0aRJk7R9+3YlJSXp5MmTSktL09ixY4vtXk5OTpo/f77WrVunV199Vb6+vjp8+LBmzZqlbt26aezYscrIyCi2+wEAAAAAAACl6aHYmj1t2jRlZWUpPDxce/bsUe3atdW7d28NHTpUDRo0yLPjvXbt2goPD1dCQoLCw8OVmJio7du3S5IcHR3l5eWl1q1bKyAgwJz0ZmnlypXTW2+9pX/+858KDw/Xpk2btGPHDqWlpUmSmjRpIk9PT3Xp0kUdO3ZUuXLlLBwxHjTu7u4KDAzUzJkz9fHHH6tmzZoFHodmMpmUmJios2fP6umnn1ZWVpakGz97+VWMuPW4tfwUlGzaqFEjeXt766efftLTTz9dqATvJ554Qs7OzkpMTFSfPn0KNcbW1lZeXl764osvtHbtWjVu3DjPc+zdu1cJCQny9/dXtWrV/nbO/DRo0ED+/v7avHmzypcvr8TERL388st3Ve0WAB50t1ZdLUvVV2M3bFbshs2WDgMAAADA37h27Zp+/vlnVahQQdOnT1fbtm0LNa4om6ZvHevj42Nei87KytKhQ4c0adIkffnll+rYseNDf3oRAAAAAAAAyiaLJLBWqVJF69evL/L4+vXr31WFRxcXFw0cOFBvvvlmocfY2NjIz89Pfn5+hR7j5+cnk8mUb1u5cuU0Z84czZkz567HSoV7ZoPBIFdXV73++ut6/fXXCx03UBxsbGw0bNgwHT58WGvXrtXx48c1atQodevWTZUrV5bBYNClS5e0b98+LVq0SJGRkZo7d64kqWrVqnJwcFBkZKSaNGmiOnXqyGAwKDU1VatWrdKCBQvyvWetWrXk4OCg6OhotWnTxjzupho1aqhHjx6aMGGCzp8/r1deeUVNmzaVvb29TCaTLl68qP379+u7777TSy+9JDc3N9WrV0/+/v5as2aNnnjiCQ0dOlSVKlVSZmamdu/erTlz5mjTpk3q2LFjrljat2+vbt26ad68eXJ0dNSAAQPk5OSk69eva8uWLXrvvfd05coV9enTp8gJp+XLl1eXLl307bff6ujRo2rXrp1atGhRpLkA4EFWFiuvvjomRF3+0dn8PisrS+HfrlDYV0ssGBUAAACA25lMJmVnZ8vJyUmPP/54vu05OTl5rhdl03RBbGxs9NRTT6lPnz7asGGD0tPTizwXAAAAAAAAYEkPRQVWAKXDyclJU6ZMkZWVlaKjo/XKK68U2LdRo0ZydnaWJDVv3lzPPvusvvzyS23YsC&quot;
08-31-2019 12:58:53 Wire.java DEBUG [Forwarding screenshot on session 7924db1cdca3d9f58beaf776318b9ec1 to remote] http.wire 87 - http-outgoing-3 &lt;&lt; &quot;FXv8qVK6tr165KSkrKM0f9+vXl7++v1atXq3nz5ubrL7zwgiZPnix7e3sNGTJEFy9e1MyZMxUTE5NvLB4eHho6dKikG0miISEhOnLkiKZMmaIpU6bk6tusWbN8K8s6OTlp9OjROnnypN577z299957udodHBw0ZswYtWnTpsDPpDDatGmjwMBARUdHq1evXqpateo9zQcAD6KyVHkVAAAAQNnyyCOPyMnJSfv371dkZKSGDRumSpUqKSsrS0ePHtWiRYu0dOnSPOOKsmk6MzNTM2bMkIuLi/z9/eXi4iJbW1vl5OTo1KlTio+Pl4ODA+tDAAAAAAAAKLNIYAVQrGrWrKmFCxdq165dWrVqlX7++Wft27dPktS4cWP5+vrq6aefVrNmzWRvby/pRtLoe++9Jzc3Ny1cuFBJQLsd8AAAIABJREFUSUlq3LixAgMD1b9/f/3xxx/5LvxXqlRJH3zwgR5//HFFR0fr5MmTcnd3l4uLi6ysrMxzjxs3Tl26dNHKlSsVGxurpKQkOTg4yNvbWx06dFDXrl1Vp04d87z16tXTl19+qVmzZmnTpk06efKk/Pz8NGDAALVp00ajR4+WjY2N+R43NW/eXCtXrtTixYu1atUq7du3TzVr1lS7du30/PPPq2nTprkqxBaFtbW1OfZ27drd83wAAAAAAAAoPGtra/Xp00ebNm3S1KlTNXXq1FztPj4+atWqVZ5N2kXdNH3u3DnNmDGjwHhCQ0Pl4+NzD08EAAAAAAAAWA4JrACKnY2NjXx8fO5q8bx8+fIKDg5WcHBwnrYaNWooLS0t33HVq1fXpEmTNGnSpALntrKyUvPmzXNVaf07tWrV0qxZs/JcT0pK0pkzZ9SmTRuVL18+T/tjjz2m0aNHa/To0YW6T1BQkIKCggod1+7duxUdHa3hw4erRo0ahR4HALi/zZr2sWZN+9jSYQAAAAAohJubn2fOnKnvvvtOf/31l3x8fPTss8/qH//4hz777LM8Cay3jivspmk7Ozu99tpr8vDw0MaNG5WYmKjz58+rZs2a8vb21uDBg+Xn55dnkzUAAAAAAABQVjyQCax+fn4ymUyWDgNAGbVz506tXLlSffv2VaNGjWRvb28+Bm7WrFk6ceKE3nvvPdna2pZqXBkZGYqIiFCFChXUpUsXWVtbl+r9AQAAAAAAHhY+Pj4FbqiWbmx+nj17tmbPnp2nbcyYMRozZkyB4wq7adpgMKh69ep68cUX9eKLLxbxSQAAAAAAAID71wOZwAoA9yI7O1tz5szRnDlz8m2fMGGC2rRpU8pRSYcPH1ZsbKz8/f3VoEGDUr8/AAAAAAAAiu5+3TQNAAAAAAAAWAoJrABwm9q1a2vs2LHatm2bdu3apfT0dNWsWVOtW7fWgAED5OvrW+pHs127dk0RERG6cuWK+vTpY67EAQAAAAAAgLLhft00DQAAAAAAAFgKCawAcJtq1aoVeMybpdjZ2WnKlCmaMmWKpUMBAAAAAABAEdyPm6YBAAAAAAAASyKBFQAAAAAAAACAEnY/bpoGAAAAAAAALInt3AAAAAAAAAAAAAAAAAAAAChVVGAFAAAW5erqqoiICEuHAeTL1dW10H1nfPKfEowEAAAAAAAAAAAAAIAHS4klsFYZv7ykpgYAAA+QbeeeUnyqtzL/Mlg6FCCvFEnb/q5TpVIIBADwMLF/xCS/Otf1L5+rlg4FAAAAAAAAAACgxFCBFQAAWExYQjnFHrGzdBgAAAD3lcy/DOZ/I5HECgAAAAAAAAAAHlTFnsB6buKzxT0lAAB4QMUft5UkzehvUF1nCwcDAABwnzh2WnptmUnxx21JYAUAAAAAAAAAAA8sK0sHAAAAHl6ZfxkkieRVAACAW9z8t9HNfysBAAAAAAAAAAA8iEhgBQAAAAAAAAAAAAAAAAAAQKmysXQAAAAAAAAAAAAAwIMiPDzc0iEAAAAAAFAmFHsCa5Xxy4t7SgCFdG7is5YOAQAAAAAAAAAAAAAAAACAv0UFVgAAAAAAAAAAAKCY9OvXz9IhAAAA3FeoUA8AKEiJJbBSCRIoPVQ+BgAAAAAAAAAAAAAAAACUJVaWDgAAAAAAAAAAAAAAAAAAAAAPFxJYAQAAAAAAAAAAAAAAAAAAUKpIYAUAAAAAAAAAAAAAAAAAAECpIoEVAAAAAAAAAAAAAAAAAAAApYoEVgAAAAAAAAAAAAAAAAAAAJQqElgBAAAAAAAAAAAAAAAAAABQqkhgBVAsMjMzFRoaKqPRKKPRqA8++EBZWVl37JeQkGCBSAEAAAAAAAAAAAAAAAAAlkYCK4Bi5eDgICcnJ0VHR+vIkSOWDgcAAAAAAAAAAAAAAAAAcB8igRVAsXJ1dVVISIhSUlK0bNkyXbt2zdIhAQAAAAAAAAAAAAAAAADuMySwAih2fn5+6tGjh9asWaODBw9aOhwAAAAAAAAAAAAAAAAAwH2mzCWwxsfHy2AwmF/BwcG6evWqpcP6WxMnTjTH7OXlleto9bL6TEBBHBwcNGDAAF2/fl3h4eGFrsKampqqL774QgMHDpSnp6eMRqNq1aqlXr16af78+bp06VKeMUlJSWrbtq1CQ0OVmpqqhQsXqnv37jIajfL09NRbb72lP/74QyaTSUePHtXbb7+tFi1ayGg0qnPnzvrqq6+UmZmZbzwZGRlavHixevXqZY4lKChIP/zwg7Kysu7pMwIAAAAAAMDDKSIiQkajUREREYW6bimZmZkKDQ1V27ZtlZSUVOhxCQkJMhqNmjZtWglGBwAAAAAAgAeBTWnfcMmSJfrnP/951+MWL16sgQMHlkBEAEpC06ZN1a1bN61atUrdu3dXq1at/nbM8ePH9dZbb+W6lp6erri4OPNr1qxZcnJyyjN23bp1WrdunU6fPm2+dvLkSX3xxRc6fPiwnnjiCYWHhys9Pd3cvmvXLu3atUvp6ekaMWKErK2tzW3Jycl6/fXXtXnz5lyxxMbGKjY2VhMmTNDLL78sG5tS/zUKAAAAAACAYpaZmalx48bp66+//tu+69atk4+PTylEdfeys7P14YcfmpNHFy1apO7du1s4KgAAAAAAACB/Za4CK4Cywd7e3pysvmLFigKrnN7K2tpawcHB+uGHH5SSkqK0tDSdPXtW//3vfzVy5EitXbtWK1asyHfs6dOn9eSTTyoqKkp//vmnzp07px07dqhjx47avHmzFi5cqMDAQMXHx+vs2bM6c+aMvv32W9WsWVMbN25Uamqqea4LFy7ogw8+0I4dO/T666/r8OHDOnfunM6cOaPY2Fh16NBBM2bMUHx8fPF8WAAAAAAAAEAxSElJUVxcnJycnOTg4KBt27YV+nQkAAAAAAAAoLSVudKBfn5+MplMlg6jWD2IzwRI0pNPPqlnnnlGS5YsUc+ePdWuXbs79m/WrJmaNWuW65qVlZWqV6+uQYMGadOmTTp+/LiuXbsmOzu7XP2CgoI0bdo0VaxY0XzNzc1NgYGB2rRpk6ZOnaohQ4bIysrKPG/79u3l7++vFStW6Pfff1e1atUkST///LNWr16tcePGafTo0eYqqzY2NmrSpInef/99DRkyRBs2bJCvr69sbW3v+bMCAAAAAACA5Xl4eGjhwoVyd3e3dChFsnfvXiUmJuqDDz5QUlKSNm/erOeff14NGjSwdGgAAAAAAABAHqVegXXgwIEymUy5XosXL87VZ/HixXn6DBw4sLRDBXCP7Ozs1K9fP1WuXFnLly/X5cuX/3ZMVlaW9uzZo88++0z//ve/1atXL3l6esrHx0cHDx5UdnZ2vgnfFSpUyDeRtEKFCpKkRx55xJy8epO9vb1cXFyUnp6u7OxsSTeOWdu5c6fc3NzUrVs3c/LqrVxcXFSjRg0lJycrIyOjUJ8FAAAAAAAAUJKuXbumbdu2qV69eurYsaM6dOigo0ePaufOnZYODQAAAAAAAMhXqSew3qsjR47Iy8tLBoNBBoNBEydOzNU+ceJEc5uXl5eOHDmiQ4cOadiwYXJ1dVXFihXVr18/7d6925wEd+LECYWGhprbe/Xqpe3btxdYFfXKlStatmyZnn32Wbm6uspgMKhKlSrq3r27vv32W125cq&quot;
08-31-2019 12:58:53 Wire.java DEBUG [Forwarding screenshot on session 7924db1cdca3d9f58beaf776318b9ec1 to remote] http.wire 87 - http-outgoing-3 &lt;&lt; &quot;VUnulmzAaDQe3bt9fSpUsLPA7q2rVr2rhxowYPHqwGDRrIYDCoYsWK6tSpkz799FOdO3furmIGCqtRo0bq0aOHoqOj/3axPDk5WYMGDZK/v7/Gjx+vlStXKi4uTidPnrznOFJTUwvV76+//tL58+eVnJysNm3ayGg05nm5u7tr06ZNysrKUk5Ozj3HBgAAAAAAgLInKSlJbdu2VWhoqDIzM++6vbidPHlS8fHxatasmWrVqqXGjRvL29tb8fHxSk9PL3BcTk6OtmzZosGDB8vNzU21atVSUFCQIiIi7rgh/ezZs5o9e7bat28vo9GoFi1a6O2339ahQ4fy7X/r55GRkaEtW7Zo0KBBqlWrlmrVqpVr7TAnJ0fx8fEaPny43NzcZDQa1b59e33++ee6dOlSvs+wY8cOhYSEyNPTU0ajUZ6ennrxxRe1cuXKPM+Rlpam+fPnq3v37uY1v4CAAE2ePFmHDh1izQ8AAAAAAKCU5C0t+ADJyMjQhx9+mGehLSIiQomJiZo3b56OHTumd955R2lpaeb2VatWac+ePVqyZIn8/Pxyzbl7926FhIQoPj4+1/W0tDRFR0crOjpaTz/9tD777DPVrl271J4pLi5OcXFx+vDDDxUaGipra2tz22+//aZXX31VUVFRuea6fPmyYmNjFRsbq8WLF+uzzz6Tt7d3sceMh5udnZ369++vjRs3KiwsTA0bNsy339mzZ/Xee+8pJiZGffr00YABA+Th4aFHHnlEDg4OOnHihF588cVSjh4AAAAAAAAoG7Zv3679+/frlVdeUfny5eXi4qIWLVpo5cqVSkpKkpeXV54xWVlZ+uKLLzRt2rRcSa43140lycPDI8+4pKQkvfLKK0pISMh1LSkp6W/jPHXqlMaPH6+vvvoq1/WbJyRlZGRo5syZmjlzZq72ffv2ad++fdq2bZtmzZolJyenOz7DyZMndfLkSa1atUpz585VUFBQgbFL0s6dO7Vz507t3r1b8+bNk9Fo/NtnAQAAAAAAwL0pcxVY78axY8e0cOHCfHeJ//bbb+rSpYtGjhyZK3n11vbIyEhdv37dfO3QoUMaMWJEnuTV233//feaPn26rl69eu8PcZs7PZMkLVmyJNci4enTpzVq1Kg8yau3S0hI0KRJkwpdpRK4G/Xr11dgYKBiY2O1devWfPucOHFCP/74o/71r3/po48+UocOHeTk5KRKlSrJxqb0cu2trKxUrlw5NWrUSAkJCUpLSyvwtWLFChayAQAAAAAAHiD79+9XixYt8j2Vp23btoVK0LSE9PR0xcfHy9vbWy1atJAk2draqnPnzjp9+rS2bduW74ljGzZs0LRp01S3bl1FRkbqzz//VFpamlJSUrR+/Xp17Ngxz5gLFy5o0qRJOnDggEaNGqUDBw7o3LlzOnv2rA4ePKhJkybdMdaYmBjt3btXy5YtU0pKinmtzcfHRyaTSWFhYZo5c6YCAwMVFxenM2fO6Ny5czpw4IBGjhyptWvXasGCBeaE16SkJC1ZskStWrVSQkKCzpw5Y36G+Ph4jR07Vra2tpJuJMlGRETowIEDmj17tk6cOKG0tDSdPXtWR48e1ZIlS+Tm5nav/zkAAAAAAABQSA90AquLi4vmzZunixcvKicnR3v37pWnp2eB7Vu2bMlVHfLgwYPmRNHs7GwtXbrUvCu7du3a+uabb5SRkaGcnBz9+uuv6tmzp3lsTEyMjh07VmLPlJaWJpPJpN9++y3XfX/55RedPn3a/D46OlqrV6+WJDk6OmratGm6ePGiTCaTzp49q+HDh5v7RkVFae/evcUeM2BjY6O+ffvq8ccf16JFi/THH3/k6ZOdna309HRVr15d5cuXz9NuMplK5eguW1tbtWzZUgcPHtTPP/+c78I+AAAAAAAAcD9JSkrSjz/+qGbNmqlatWrm6w0bNlS7du20efPmPIUcLl26pPDwcFWuXFnTp09Xhw4dzIme9vb2aty4sWrVqpXnXj///LNWr16t559/Xm+++aZcXFxkMBhkZWWlatWqqWnTpneMtU+fPoqMjFRAQIDs7e1ztf3+++9atWqVAgICNH36dD311FOysbGRwWCQi4uLxowZo/79+ysuLk4pKSmSbhRxOHr0qLy9vVW3bl3zZnh7e3s1bNhQY8aMMa+hZ2Zm6vfff5erq6tatWqlihUrSrqxqf2xxx5Tt27dNHXqVDatAwAAAAAAlJIHOoG1atWqatu2rSpWrCiDwaB69eqpZcuWBbY3bdpUfn5++c51+vRpbdmyxfy+Z8+eCgoKUrly5WQwGOTq6qqXX37Z3H7s2DGdOHGixJ6pcuXKkqRatWqpW7duufqcPHlSknT58mXFxcWZr3fq1ElDhgwxL8pVqVJFwcHBqlu3rrnP/v37iz1mQJLq1q2rZ599VvHx8dq4cWOe9kcffVT16tXThg0btGPHDmVlZUm6UdFhxYoVCg4O1sGDB0slVl9fXwUGBurtt9/WhAkT9Ouvv5rjycrKUkpKipYvX65JkyYpMzOzVGICAAAAAABAyfPw8FBiYmK+p/H89NNPcnd3t3SIeZhMJm3btk2nT59W27ZtZWdnZ2577LHH1KJFCyUkJORZ+z158qQOHDggf3//XIUd7iQ7O1s7d+6Ug4ODAgMDc92rsBwdHfMkrt6UnJysxMREde3aVVWrVs137BNPPKGDBw+aCzk8+uijcnZ21nfffaf169crIyOjwHs/8sgjqlSpkvbv36+vvvpKJ06cKJVN8wAAAAAAAMjfA53AercMBoOsra3zbbt8+bLOnz9vfv/xxx/L3t5eBoPB/AoICMgzpjQ4ODjke/369es6c+aM+X1UVJSMRmOumD09PXNVik1PTy/xePFwsra2Vvfu3eXh4ZFvu7u7u5577jnt2rVLXbp0UdWqVWU0GlWnTh2FhobK1dW11I7veuyxxzRhwgQ1b95cn376qby9vc3xVK1aVR4eHho+fLjOnTtXKvEAAAAAAAAABUlLS9PmzZvVunVrNWnSJFebtbW1OnbsKEnatm2bsrOzzW3p6elKTk6Wi4tLgQmlt/vrr790/vx5ubq6qkqVKsX3EP8rNTVVkhQaGiqj0Zjva8qUKUpPTzc/i4eHh0aMGKETJ05owIABqlGjhlq0aKGRI0dq9erVudbpbW1tNXjwYPn4+OiLL75Q06ZN5erqql69emnatGk6dOgQCa0AAAAAAACliARWAKXGzc1N/fv3z7fNxsZGwcHBmj9/vry9vSXdSGodMWKEfvjhB40dO1blypUr1Vi/+eYbLViwQD179jRXPa5Zs6aeeeYZzZs3T2PHji304j4AAAAAAABQEvbv36+EhARt3bpVjRo1ypPw2a1bN6WnpysuLk4pKSmWDrfY2djYaOTIkdq6dasmTZqkbt266dq1a/r22281ePBg9e7dW0ePHjX3d3d3V1RUlCIjIzVkyBA1aNBAcXFxmjJlivz8/PTJJ5+YT2MCAAAAAABAybKxdABlhb29vSpUqGB+/8ILL+jTTz/Nde1+Y2NjI0dHR/P7Tp06KSwsTC4uLhaMCg8qe3t7zZw58459DAaDRowYoREjRuTbbmdnpz59+qhPnz75tv/00095rrm7u+d7/aagoCAFBQUV2D5mzBiNGTMm37by5curd+/e6t27d4HjAQAAAAAAAEvJzs7Wtm3bCnWyVmJiovbu3auaNWtKulGd1cHBQZmZmcrOzi7wdLJb3TzF7OrVq7p27do9x3+7m6eNff755wVuhC8orlq1amn48OEaPny4TCaTUlNTNX/+fM2YMUOLFi3ShAkTZGtrK+nGWmaHDh3UoUMHSTdOM9u+fbsmTpyoOXPmqF27dvLy8ir25wMAAAAAAEBuVGAtpGrVqqlZs2bm95GRkXr33XeVnJxs3o2dk5Oj1NRUrVmzRt27d1d8fLylwpUkVaxYUb6+vub3P/zwg958803t27dP169flySZTCadP39eP/74o55//nktXbrUUuECAAAAAAAAQJlz9uxZZWZm5rl++fJlXb16tUTvnZqaqp9//ln+/v46duyY0tLS8n1t2rRJzs7O2rZtmznxtEaNGvLy8tLOnT&quot;
08-31-2019 12:58:53 Wire.java DEBUG [Forwarding screenshot on session 7924db1cdca3d9f58beaf776318b9ec1 to remote] http.wire 87 - http-outgoing-3 &lt;&lt; &quot;t15syZPHObTCZlZ2fnumZnZ6cnn3xSycnJ2rVrl0wmU55xt4+5G40aNZK3t7d++uknXb58ucjzGAwGVa1aVc8++6w8PDx09epV5eTkFNjf1tZWbdu2VUBAgE6fPl0iybkAAAAAAADIiwTWQrKzs1NwcLB8fHwk3Vh8nD59utzd3fXII4+Yd55XrVpVPXv2VHR0tIUjvrFIN3DgQPXs2dN8LSwsTJ6enrKzs5PBYJCVlZWMRqM6dOigsLCwOy7iAQAAAAAAAABuqFq1qurUqaMff/xRa9asUWZmpkwmk86cOaNPPvlEffv2VXJyconGsGPHDm3dulUdOnSQ0WgssF+dOnXk4+Oj+Ph4nTx5UpLk5OQkX19fbdmyRVOnTtWpU6dkMpnM1UhDQkL0zTff5JmrZcuWqlevnmbMmKH169fr+vXr5ueeN2+eRo8eXeTnqVGjhnr06KFly5bppZde0rZt28zJwSaTSRcuXNDWrVv1xhtvmD/b1atXa9KkSdq9e7euXLlinuvSpUvatm2bTpw4IScnJz3yyCNKS0vTG2+8oRUrViglJcVcnCIrK0vHjh3Trl27VK9ePT366KNFfgYAAAAAAAAUno2lAyhLGjZsqM8//1whISEWr65aWM7Ozvroo49kZWWlqKgoS4cDAAAAAAAAAA+EihUrqkePHtq0aZNGjx6dK3GzcuXKJX5K17Vr17Rt2zY5OzurZcuWMhgMd4y1ffv2WrNmjbZv3y53d3dZW1vr3//+tw4cOKCwsDCFhYXlGtOgQQN5eHjkmat+/fr6n//5H4WGhmrgwIG52hwcHOTl5aWkpKQiPZO1tbWGDBmiixcvaubMmYqJicm3n4eHh4YOHSpJun79umbMmKEZM2bk27dDhw567rnnZG1tLUlKTk7W/Pnz8+3r4OCgd999V3Xr1i1S/AAAAAAAALg7JLDepaZNm2rjxo3asmWLli5dql9++UV79uyRJBmNRjVv3lx+fn7q2rWrmjRpYuFob6hdu7bCw8OVkJCg8PBwJSYmavv27ZIkR0dHeXl5qXXr1goICDBXmAUAAAAAAAAA3NkzzzyjKlWqaPbs2YqLi1PNmjUVGBioYcOG6fr169q9e3eJ3fvkyZOKj49X8+bNVadOnb/tf7Nyanx8vJ555hk5ODjIyclJs2fPVrNmzfTtt98qKSlJfn5+6tWrl3r27KlJkyZp586dueYxGAzq3bu3nJ2dNW/ePMXFxaly5cpq166dXnrpJV25ckXdunUr8nOVL19e48aNU5cuXbRy5UrFxsYqKSlJDg4O8vb2VocOHdS1a1fzM3ft2lXLli3TmjVrlJiYmKtv9+7d1b9/f5UvX16SVKlSJU2ePFnr16/X5s2btWvXLqWnp8vd3V2+vr4aOnSonnzyyTsmAwMAAAAAAKD4GMLDw0316tXLddHLy0smk6lIE1YZv1ySdG7is/ccHIDCuf3n7uYC693+HBd23M1+aWlpdzU/ANzu+bBKkqQ1o/hiCAAA4FY9Prrx/2WL/nXBwpEAQNlVuXLlfK+ztgWgJG3cuFH9+vWzdBgAAAD3lfDwcHXu3NnSYQBAmVLQ2tZN95ofdvHiRUnS3r17ixDdvfPy8pIkWVnk7gAAAAAAAAAAAAAAAAAAAHhokcAKAAAAAAAAAAAAAAAAAACAUkUCKwAAAAAAAAAAAAAAAAAAAEoVCawAAAAAAAAAAAAAAAAAAAAoVSSwAgAAAAAAAAAAAAAAAAAAoFSRwAoAACzG/hGTJOnYaQsHAgAAcB+5+W+jm/9WAgAAAAAAAAAAeBDZWDoAAADw8PKrc12xR+z02jKSMwAAAG7nV+e6pUMAAAAAAAAAAAAoMSSwAgAAi/mXz1W5XFpj6TAAAADuS519Ols6BAAAAAAAAAAAgBJDAisAALC4fv36WToEAACA+0p4eLilQwAAAAAAAAAAAChRVpYOAAAAAAAAAAAAAAAAAAAAAA+XEqvAWmX88pKaGgAAAAAAAAAAAAAAAAAAAGVYiSWwAgAAAAAAAAAAAA+b8PBwS4cAAAAAAECZUOwJrOcmPlvcUwIAAAAAAAAAAAD3vc6dO1s6BAAAAAAAygwrSwcAAAAAAAAAAAAAAAAAAACAhwsJrAAAAAAAAAAAAAAAAAAAAChVJLACAAAAAAAAAAAAAAAAAACgVNkU94RVxi8v7ikBFNK5ic9aOgQAAAAAAAAAAAAAAAAA+P/s3X1cz3f////bu1rOYnlHzUaiJCcTIlKUUrGFOclObbMTzDGbw2bHYcM+W8Oxw7Bjx7Fh2Mmx2bFpDnM2aooQSjnpMJ0opyHpxKicHNX794ev928dhUoU7tfL5X256PU8eT1er3T2ej+ej6fIDakCq4iIiIiIiIiIiIiIiIiIiIiIiIiI3FY1XoH1KlWCFLl9VPlYRERERERERERERETk3pCdnU1WVhbnz5/HZDJVaw6DwUDjxo154IEHsLe3r+EIRUREREREKueWJbCKiIiIiIiIiIiIiIiIiEjNOXToECdPnrzpeUwmE+fOnePcuXMUFBTQtm3bGohORERERESkapTAKiIiIiIiIiIiIiIiIlID0tPTOXLkSG2HIXWQk5MTLi4uNzVHdna2OXm1bdu22NvbY2lpWa25SkpKyM7ONifE2tjYqBKriIiIiIjcdkpgFZEaV1paSmpqKitXrmTz5s0kJCQA0KVLF3r27MkjjzyCl5cX9evXr+VIRURERERERERERERqzpEjRwgNDa3tMKQOCg8Pv+kE1qysLOBK8mqLFi1uai5LS0vzHIcOHSIrK0sJrCIiIiIictspgVVEalROTg7vvfcey5YtK9eWlJREUlISS5cuxcXFhTlz5uDr61sLUYqIiIiIiIiIiIiIiNxZzp8/D1Cjiab29vYcOnTIPLeIiIiIiMjtZFHbAYjI3ePMmTNMmjSJZcuW0blzZxYuXEh6ejq5ubnk5eVx5MgRVq9ezYgRI0hPTyc7O7u2QxYREREREREREbml4uLiMBqNzJkzp0rjwsPDMRqNhIeH36LIRETkTlNcXExJSQkAJSUlNfK6OldxcXFtXpqIiIiIiNyjVIFVRGpESUkJ3377LT///DNBQUHMmTOHVq1alenTpEkTfHx86NOnD08//TSFhYW1FK2IiIiIiIiIiMi1nT67jE/wAAAgAElEQVR9mvHjxxMTE4OHhwdLliyhdevWtR3WXSc8PJxx48ZVaYy/vz+ff/45RqPxFkUlIlJ3lZaWApgTT2t6XhERERERkdtNFVhFpEZkZmby888/4+DgwGuvvVYuefX3LCws8PPz49FHHy1z/NKlS6xZs4bQ0FAcHR1xdHQkNDSUFStWcPHixXLzpKen069fPyZPnsyZM2f44osvGDx4MEajEXd3d9555x1OnDiByWQiLS2NadOm4enpidFoJDAwkC+//LLcvHl5eYwcOZKRI0dy5swZYmJiGD16NI6Ojjg7OzNx4kQOHDhQLparsb/66qv4+flhNBoxGo34+fkxbdo00tPTy435/blycnLYtWsXEydOxNnZGUdHR8aMGcN//vOfMmN2795Nhw4dePXVVykqKqrw/qakpNC7d2+effZZzp49e83Pg4iIiIiIiIiIVGz37t3ExMTg4OBAYmIiSUlJtR2SiIiIuWpqcXFxjb5+X41VRERERETkdlIFVhGpEbt37yYxMZHHH3+cLl26VHl8Tk4O06dP54cffihzPCoqiqioKIYOHcpf//pXmjdvXm7s+vXrWb9+PadPnzYfO378OAsWLCAlJYU2bdqwfPlyCgoKzO2JiYkkJiZSUFDAhAkTsLS0LDNnZmYmL730Elu3bi1zfNmyZWzZsoXPPvsMb29v8/HCwkK+/vproqOjy/RPSkoiKSmJNWvWlBtzVXZ2Nu+++y7/+te/yhxftWoVu3fv5quvvqJbt24AuLm5ERAQQFRUFCkpKXTv3r3MGJPJRHR0NGlpabzzzjvY2tqWO5+IiIiIiIiIiFzbpUuX2LJlC87Ozrz99tvMnz+fiIgIAgICaNiwYW2Hd1cJDQ0lNDS0zLGLFy/y9ttv89VXX7F+/Xp69epVS9GJiNQ9qsAqIi&quot;
08-31-2019 12:58:53 Wire.java DEBUG [Forwarding screenshot on session 7924db1cdca3d9f58beaf776318b9ec1 to remote] http.wire 87 - http-outgoing-3 &lt;&lt; &quot;IiIiJ3G1VgFZEacbXCqKurKzY2NlUaW1JSwjfffMMPP/zAiBEj2LVrFzk5OeaqpCNGjGDVqlUsWrSI4uLicuNPnz5Np06dWLlyJVlZWeTm5rJr1y78/f3ZtGkTX3zxBSEhIcTGxpKTk0N2djbfffcdrVq14pdffuHMmTPl5kxLS+O+++5j+fLlZGZmkpeXx9GjR5k6dSr5+fksWbKkXHVTZ2dnli1bRnp6Orm5ueTl5XHkyBEWLlwIwOLFizl37ly5c+3fv599+/bx6aefcujQIfLy8jh06BB/+MMfOH78OGvXrjU/jGrYsCGhoaEUFhYSERFR7iFVdnY2v/zyC76+vnh6elbp8yAiIiIiIiIiIpCVlUVCQgK9evXC19cXb29vEhISOHbsWG2HJiIi97jS0tJb+rrTFRcXs2bNGoYNG4bRaMTR0ZEJEybc9t3qwsPDMRqNhIeH39bz1qTf7yKYl5dX2+GIiIiIyF1MCawiUqNatmxZ5TGHDx9m5cqVBAUFMXPmTJydnbGwsMDCwgJnZ2dmzpxJUFAQa9euNSfK/l5oaChffPEFvr6+WFtbYzAYcHZ2JiQkBIAPP/yQf/zjH3To0AELCwusrKzw8/MjICCAvXv3kpmZWW5OX19fFi5cyIABA8yVNRo3bsz48eMJCQlh586dHDlyxNzfaDTy4YcfMmjQIIxGIwaDAYAmTZowePBg/Pz8OHbsGDk5OeXO5eXlxb/+9S+efPJJc8VUW1tbnn32WTp27Mivv/7K+fPnzf3d3d3x8/MjOjq6XOzx8fHExMQQGBiIvb19VT8VIiIiIiIiIiL3vPj4eBITE+nduzdGo5E+ffqQlpbGzp07rzsuJyeHjz/+GD8/P4xGI56enkybNo3k5OTrjjt27BjTpk3D09MTo9GIn58fH330EcePH6+w/++TYoqKivjiiy8IDAzEaDTyxBNPlEnSycnJ4dNPPzW3Ozs78/LLL7Nr1y5MJlO5uYuKivjxxx8JDQ3F0dHRHM/UqVOJi4srs7jcZDKRlpZWJnZnZ2eefPJJvv766woXjd+so0ePEhgYyLBhw8rsxvR7p0+fZtiwYQQGBnL06FGgbBLOmTNniImJYfTo0Tg6OuLs7MzEiRM5cODANc9b1fsocqvFxsZiMBhYtmyZ+diFCxcYP348AwcOJDc3txajk3tdXFwcRqOx3MvZ2ZmRI0cyZ84ckpOTazxh1mQysWTJEp577jliYmIAKCgoIDs7+65IzhURERERuVvdsQmsqampdO3aFYPBgMFgICwsrLZDEpFqOnjwIPv378fX17fCpEt7e3sGDhxIWlpahQ/8GzVqhLW1dYXHAe677z4sLMp+u6tfvz4tWrSgoKCgwq12LC0ty42BK0msnp6enD59msOHD5dpM5lMnDhxgm+//ZYpU6YwYsQI/Pz8eOihh/jmm28oLi6u8CFJgwYNzLH+np2dHQ888EC5cba2tgQFBZGYmMjWrVvNx4uKioiIiMDV1RV/f39zEq2IiIiIiIiIiFROUVERMTExdO7cmd69ewPQtWtXPD092bx5c4W768CV3YlGjx7N+++/T1JSkvnYZ599xuTJk695vu3btzNy5Eg+++wz88LtpKQkZs2axQcffHDdWBMTExk9ejRvvvkmiYmJAGWeI+3atYvhw4czffp0c3t+fj4rVqxgxIgRrFixokzy5ZkzZ/jDH/7A2LFjiYqKoqCgwBzPokWLmDJlinlBt8lkYuXKlQwaNKhM7Pn5+URERPDHP/6Rr7766rrxV0fLli3x9/cnJiaG+Pj4CvtcXeA9bNgwHB0dy7RlZmby0ksvMWzYMNatW0dBQQH5+fksW7aMJ598ktjY2HLzVfU+ilSXyWRi3rx5GAwGHnzwwWv+Hxe5U+Xn5xMdHc3s2bPx9vbm1Vdf5cSJEzU2f2ZmJj/99BMeHh5ERkaSk5NDXl4eP/74I0ajscbOczPuhsqsIiIiIiI1rU4ksJ46dYrAwEBzMqrBYMDb29u8OlpE7hwVVTO9kasPw5s1a3bNPlcTPH9f5aGyarraQ0WxFBUVMXv2bLy8vHjttddYunQpmzZtMr9hUdP69u1rfghztapGSkoKUVFRBAYG0qZNm1tyXhERERERERGRu9nhw4eJi4vD29ubVq1aAfDggw/i7e1NXFxchbsDnT17lpkzZ/Lrr7/y+uuv8+uvv5Kbm0tOTg4HDhxg5syZFZ7r2LFjhIWFkZuby8yZMzl06BB5eXlkZ2ezd+9eXn311evG+vnnn+Pg4EBsbGy5JJ1jx44xY8YMTpw4wdy5c81zZ2VlER4ejpOTEx999BGpqanm+SIiIli1ahV/+tOfSE9PJzc3l9zcXA4dOsTq1avx8vIyL5jOzs7mm2++oW3btmzYsIGsrCzz/Hv27GHWrFkVLti+WZaWlgwbNgxXV1ciIiIoKioq036jBd5paWncd999LF++nMzMTPLy8jh69ChTp04lPz+fJUuWlKlgW537KFJdZ8+eZdu2bcCV980iIyOVHH2bBQcHl3mv8nqv4ODg2g63zps6dSp5eXnm18mTJ9mzZw8zZ87ExcWF77//nueff560tLQaOd/JkyeJj49n+PDh9OjRo8IiJSIiIiIiUvfUid/cDxw4QFxcXJlj27dvN69mrsvCwsLK/MFa0QptkXuBi4sLABkZGeUeHN/tSkpKWLp0KR999BHt2rXj008/Zc+ePaSnp3Py5ElOnjzJ888/X6PnvFptYvPmzezbt4+SkhIiIiIAGDZsGPXq1avR84mIiIiIiIiI3Au2bNlCRkYGffr0MT9fsbS0pF+/fhQWFhIdHV0uoWzHjh2sWrWK5557jj//+c+0aNECg8GAhYUFDzzwAN27d6/wXOvWrSMuLo4pU6Ywfvx4bG1tAbCyssLR0ZGHH374urF++OGH/OMf/6BDhw7lknSuzj179myef/5589zW1tYEBATw3nvvcfLkSTZt2gRceb51tbqqn58fRqPR/Mzb1tYWHx8fPvzwQ5ydnQHIy8vj1KlTPPzww3Tp0sW8O5K1tTWtW7dm/PjxTJgwodL3vSratGlD//79iYqKIiUlpUzb1QXe/fv3r3CBt6+vLwsXLmTAgAE0bNgQuLLj0vjx4wkJCWHnzp3m+wBVv48iN+PAgQNs3LiRsLAwBg4cSExMDFlZWbUd1j3ljTfeuCV95Yr69evTunVrXnnlFX7++WeeffZZEhMTmT17dpnFA9V17Ngx4PrFUkREREREpO6p9QTWy5cvs27dOs6fP1+uLTIykgsXLtRCVCJSVR06dMDV1ZWoqCj27t1bpbE2NjbAlUqp11pRnpOTA1x5gF+bTCaTuaJr8+bNATh//jyxsbF07tyZBQsW8OSTT9K6dWuMRiP169e/JXFYWloSHBxMo0aN2LBhA4cPHyYmJoaAgADc3NxuyTlFRERERERERO5mZ8+eZceOHXh6etK1a9cybW5ubnh4eBAbG0t2drb5eElJCQkJCdjY2BASElLpRcUFBQUkJSXRuXNnBgwYUK5SaGXY2tpWWF3u6tw+Pj7069evwrlbtWqFk5MThw4d4tKlS1haWmJnZwfAkiVLOHDgwHV3QrKxscHW1paoqChWrFhRI4lHlVWvXj0GDhxIYWEhERERlJSUAJgXeBcWFjJw4MAKPxeWlpYV3rPGjRvj6enJ6dOnOXz4MFC9+yhSXVf//7Zs2ZLHHnuMwMBA4uLiOHDgQG2Hdk8JCgoiKCioxvrJtTVr1oy3336boKAgVq1axdatW8v1MZlM7N+/nz//+c+4u7tjNBrx9PTkgw8+KJPcffHiRSZPnsy4ceMAGDduHEajEaPRSL9+/czV0w8dOsScOXMYOXIkzs7OGI1GnJ2defLJJ1mxYgUXL14sF0N4eDhGo5Hw8PAKr+NG7ZWJ0Wg0Mnny5ArPfy3Hjh1j2rRpeHp6mu/LtGnTKqwUDzBnzhyMRiNxcXFkZmby0UcfmccGBgby73//u1I7IF66dImpU6fi6OhITExMhX1KSkqYPXs2RqORNWvWVPqaREREROTeVesJrCdOnGD79u0Vtm3ZsoVDhw7d5ohEpDpcXFwICQnh9O&quot;
08-31-2019 12:58:53 Wire.java DEBUG [Forwarding screenshot on session 7924db1cdca3d9f58beaf776318b9ec1 to remote] http.wire 87 - http-outgoing-3 &lt;&lt; &quot;nTfPLJJxw/fvyafU0mE3Fxcaxbtw6Adu3a0blzZyIiIipcUZ6dnU1MTAyurq506NDhll1DZWRlZREREYGHh4e5ikNpaSnFxcXY29tXuLLXZDKZH6TXJDc3NwICAti0aRP/+te/iI+PJzg42Fw9QkREREREREREKi81NZXNmzfj7e3Ngw8+WKbN3t4eb29vEhMTy1T9/O9//0t+fj5OTk7mBNDKuHz5MmfOnMHe3h6j0Vhj1/D7ubdt20bHjh3LJMhcfXl6erJ//35KSkrMC8pHjhzJ0KFDWbFiBT4+Ptjb2xMUFERYWBhxcXFlEltatmzJ2LFjKSgoYOLEibRt2xZ3d3deeOEFvv32W/MC8FvF3d0dPz8/oqOjyczMBCAzM5Po6GgCAgJwd3ev8pyNGjUCMF9nde+jSHVkZ2ezY8cOevXqRZs2bfDx8cHGxoaoqKhb8mxZrq0ylVVVfbVm2NvbExISAlx5T/j3CwGKi4tZsmQJjzzyCJ9//rn5Paf09HTmzZvH6NGjSUtLq9L5rlZ7jY6OJj8/H4D8/HwiIiJ4+eWXmT59ep3fYdBkMrFmzRoGDx7MZ599Zk5YTU9P57PPPiM4OJh///vf1/yZ9P333/Poo48ya9Ys89jExEReeukllixZcsOfZVcXkQBs2LChwsUbV38eh4SE0Ldv35u5XBERERG5R9R6Auv27duJi4sDrqxyfuyxx8xtycnJbNu27abmP3bsGH/9618ZMGAATZo0wWAw4Obmxssvv8yOHTsoLS0t0//ChQuMHz/evD3SwIEDycnJYd++fbzwwgvY2dkxfvx49u3bR9euXZkxY0aZ8T4+Puax48ePL1NB9mosAwcOxM7ODoPBQJMmTRgwYABhYWHs2rWrUqvbROoiKysrxo0bxyOPPEJkZCQjRoxg2bJl5OXlmf/gPXfuHNu2bWPs2LEMGjTI/CCgTZs2DBs2jK1btzJjxgySk5MpLS2ltLSUjIwM3nnnHSIjIwkJCcHFxeW2XE9mZiZxcXGcO3cOuJKk+uuvv/KnP/2JrVu3MmTIEFq2bAlc2fbmgQceID4+nrVr15qv6/Lly+zcuZPXXnuNb775psZjbNiwIcHBwaSlpTF//nx8fX3x9PSs8fOIiIiIiIiIiNztSkpKiI6OpqCggPnz59O8efMyiYp2dnbMmjWLgoICIiMjuXz5cm2HXOOaN2/O4sWLWb9+PX/84x/x8vIiJSWF+fPnM2jQIKZOnWp+7mUwGBg+fDg7d+7kk08+Yfjw4dSrV4+ffvqJ1157jQEDBhAbG3vLYrW1tSUoKIjExERz1b6tW7eSmJjI8OHDsbW1vWXnFrkV9u/fz8aNGxkwYACNGjWiXbt29O7dmx07dnD69OnaDu+ecqPqqqq+WrO6deuGs7Mzhw8fprCw0Hw8MjKSsLAwOnXqxKpVq8jKyiIvL49Dhw7x/vvvk5qayieffEJRURH169dn3rx5LFq0CIBFixaRl5dHXl4eW7ZsMb+vZG1tzdSpU4mNjTXPl52dza5duxgxYgRLly69ZlXRm3W9GPPy8pg3b16ldvTLyMhgzpw5ACxcuJDMzEzy8vLIzMxk4cKF2NjY8Ne//vWa1ZtXr17N8OHD2b17Nzk5OWRnZ7NkyRIcHBz4+eefK/X9pmfPngwZMoRNmzaZq5b/3tWfx0FBQfp5LCIiIiKVUqt7cRcWFrJx40bzx7169WLChAmkpqaSnJwMQEREBKNGjaJp06ZVmru4uJhly5YxefJk8vLyyrSlpqaSmprKkiVL+L//+z/eeustGjRoUOE8RUVFzJ8/n7///e+cP3++ild4hclk4ocffuAPf/hDuVjOnz9PVFSUeaulH374gfbt21frPCK1rXnz5syePRsLCwvWrl3LxIkTr9m3Y8eOODg4AFe27rq6WvaHH35gxYoV5foPHTqUcePGYWV1e75tpaWl8fTTT1fY9uKLL/Liiy9iaWkJXEkkffLJJ9m6dSuTJk1i0qRJZfr379+fvn37mlf01qS+ffsSEhLC2rVrGTZsGPb29jV+DhERERERERGRu11OTg7x8fGV6hsfH8+pU6do3bo1BoMBS0tLLly4UKUt5C0sLLCysqKoqKjGk2GtrKywsbHB19eXxYsXV7hj0PXG9urVi169egFXnrMnJyczc+ZMli5dir+/P4MGDTL3b968Oc888wzPPPMMAGfPnuXHH3/k/fffZ/HixTz88MM0adKkRq/vqr59++Lh4UFkZCR9+/Zl48aN1V7gbTKZzFVjmzdvDtzcfRSpipKSEjZt2oS7uzs9evQAriRp+/j48MYbb5CQkMCQIUNqOcp7yxtvvEFkZOQ126Tm1KtXjwYNGpCdnU1eXh5Go5Fz586xfPlynJyc+Nvf/oarq6u5v62tLePHj+fs2bMsW7aMtLQ0unbtWqlzDR06tNwxKysrnJ2dGTNmDCtWrCAlJaXMz7m6xGQy8dNPP7F//34WLlxIaGgoBoMBuPI+VWhoKADjx49n9erVuLm5md/HumrBggUEBgaax1lYWDBo0CBiYmJYuXIlmZmZPPDAA9eN42pxle+++47o6Gjat29vnu/s2bNERkbi4eGh6qsiIiIiUmm1WoE1IyOjzCpsLy8vevfuTb9+/czHdu7cycGDB6s0r8lkYvny5UycOLFcwuj/mjt3LqtWrbpm+9atW5k1a1a1k1fhytYLf/7zn28Yi8jdoFWrVnzxxResX7+ecePG0aVLF3Nbly5dGDduHKtXr2bjxo1lvtabNWvGxx9/zNdff01AQAA2NjbY2NgQEBDA4sWLWbBggfnh8e3g5eXFwoULGTp0qDmB3tfXl6+//poPPviAhg0blunfp08f/vnPfzJ06FBsbGxo2rQpQ4cOJTw8nC+++AJnZ+dbEqelpSU2NjZ4eHjg6+trfkggIiIiIiIiIiKVl5ycTExMDG+//Ta5ubllqqL9/jVz5kwSExNJSkoCriTedOrUiYyMDBITEyvcerei7b8bN25Mp06d2Lt3r7mYQ2XGVUbjxo3x9PQkMTGR//znP9Wa4yorKysefvhhRowYAUBBQcF1+9va2jJ8+HA8PT0pKCi4pTuOtWzZEn9/fzZv3syyZcuIi4sjMDCwWgu8s7KyiIiIwMPDgzZt2gA1ex9FriczM5OYmBh8fX1xcnICrlQ59vX1pUWLFkRFRVUpQV5u3rWqrKr66u1x/Phxfv31VwIDAyt8b8XKyor27dtz+vTpCiuAXs/FixfZtm0b8+bNY/To0QwdOhRnZ2dCQkIA6vROmefPn2f//v14enri5eVV7v0gg8FAv3798PHxYd++fRW+t33//feXG9egQQNatmxJQUFBpX/38PT0xNfXl19++YXs7Gzz8X379rF582b8/f3NuxiKiIiIiNxIrVVgNZlMbNy40Zyc2rhxY4KDg2ncuDF9+/Y1b6Fw6tQpIiMj6dmzZ6UTs7Kysvjyyy/Nv5gHBQUxc+ZMunfvTmlpKZs2beLll1/m6NGjnD9/np9//plHH32Uxo0bl5urV69ezJkzhx49epSr0rp3717CwsKYMWOG+di2bdvw9vYu02/r1q0cPXrU/PHPP/9McHAwFhYWFBcXk5WVxZYtW1izZk2lrk+krvvfSg2VVa9ePQYPHszgwYMr1d/FxYUtW7Zcsz00NNS84rQiU6ZMYcqUKRW2NWjQgAEDBjBq1KhKxWIwGHB3d+fLL7+ssH3evHnljhmNRn788cdrznmjdoDdu3ezdu1aXnnlFT0MEBERERERERGphkuXLhEREYGDgwP+/v7XfQ7t5eWFg4MDmzZtIjAwkPr169O7d29cXV2ZO3cuzZs3JyAggPvuu48zZ87w008/sWTJknLzWFpa0q9fPxYvXsysWbOwsbGhW7duWFhYcOzYMZYvX25+Rl5VBoOB4OBgVq5cyUsvvcSkSZMIDQ3F3t4eCwsLLl++zKlTp1i/fj2lpaVMmDCBixcvMnfuXFq0aEFAQAAtWrTA2tqa0tJSTp06RWxsLDY2Nubk0ISEBJYvX86QIUPo3LmzOSHm4sWLxMXFcfDgQfr27Vup7ZCry9LSkuDgYP75z3/y0Ucf4e&quot;
08-31-2019 12:58:53 Wire.java DEBUG [Forwarding screenshot on session 7924db1cdca3d9f58beaf776318b9ec1 to remote] http.wire 87 - http-outgoing-3 &lt;&lt; &quot;rqesPPX2ZmJnFxcXh7e9OkSRNKS0tJTk7mww8/ZOvWrbz33nvmZ2zVuY8i1ZGYmMj27dt54403qFevnvm4i4sL3t7exMXFcfLkSXNytdweFVVhrQvVVy0sLCgtLaWkpKRcdc3qupq0aGFx++seXbp0iQsXLtC6dWuMRiNwZbFERkYG8+fPZ/78+dcdX5WE04SEBP70pz+xZ8+em4q5thQXF1NQUICNjQ2NGjWqsI+1tTXW1tYUFxdTWlp6y2Kxt7cnMDCQadOmER8fz+DBg7l06RIbNmygadOmDBw4sMb+f4qIiIjI3a/WEljPnj3Ltm3bzB97e3vTvn17AHr06IG7uzv79u0DICYmhhdffJEWLVpUau79+/ezceNG88fjxo0zb7tiYWGBv78/Tz31FLNnzwauVILNy8urMIHV1taWjh07lkterQo7O7syH7/yyis88sgj+Pj40K5dO1xdXXnqqad46qmnqn0OEbn3FBUVER4eTqNGjQgODtbDABERERERERGRasjKyiIhIYGePXvStm3b6/Z1cXHBz8+P7du3c+TIEdzc3Gjfvj1vvvkmkydP5umnny7T38bGhq5du5Kenl5uLm9vb9544w3ee+89goODy7Q1bdoUNzc3duzYUa1rcnZ2ZtasWbzxxhu8++67vPvuuxX2mzp1qvnfubm5zJ0795pzTp482bxgvaSkhCVLllSYnAvQuXNnXnzxxXK7GNW0Tp068dhjj7Fo0SJCQkJwcXG5bv+0tLRyn6OrXnzxRV588cUyz9iqcx9FquLSpUvExMQAmCsdV2T79u1KYL3NrlZbvZrEWleqr9rY2HDu3DlycnJwcHCokTlzcnLMc99ue/bsISMjg6CgoFt6/oyMDKZOncrBgwd5+eWXGT58OM7OzlhZWdGkSRN27drFoEGDbtn57zYGgwF/f39cXV2JiIggICCAY8eOsWnTJh555BE6duxY2yGKiIiIyB2k1hJYd+/eXSbJ1Nvb25zo6eTkhK+vrzmBdePGjezfv7/SCay/36oArv9HP0BhYSEXL16sSvhV4uXlRa9evYiLiwPg6NGjLFiwgAULFpj7DBs2jBkzZtC1a9dbFoeI3F1SUlKIiooiICAANze32g5HREREREREROSOFB8fT2JiIh988AH333//dfva2Njg7e3NDz/8wM6dO3Fzc8NgMDB8+HAcHBz4/PPPiYmJoWnTpvj6+jJ27FgKCwsrTIqxsrJi/PjxtG3bli+++IKYmBhcXFwICgpi7NixxMXFVTuBFaBnz5789NNPrFmzhrVr1xIXF0dBQQEuLi54enoyZMgQvLy8gCs7I73xxht07tyZX375hfj4ePLz82nVqhUeHh6MGTMGb29vc3U+d3d3Vq9ezbp169ixYwdJSUnAleIUjzzyCM888wzNmjWrduyVZWlpSaNGjXBwcOCRRx7Byur6b3l4eXnx3HPPsX79erZs2UJ+fj6+vr688MILBAUFlal+eVVV7qNIVR05csScwHo9Gzdu5LHHHrtm1UW5NX5fhbUuVF8FaN68OefOnePw4cMANGvWrNrFLUpKSsjJyTHP1bx58xqLszKys7NZu3YtNjY2BAUFYW1tDVz5meTg4MDzzz/PW2+9VekdOq8nKSmJxMRE3n77bSZNmnTDnxd1kZWVFTY2Npw4cYLz58+bK9b+XmFhIQUFBdja2t7yirpt2rShf//+/PTTT6SkpJirRQ8cOLDCn6ciIiIiItdSK7+dl5SUEBMTw/nz583Hpk+fzvTp0685Zu3atfTr1++O/IW3Xbt2fPXVV7z99tusXLmywjqv+qoAACAASURBVD4rV64kJSWF77//ni5dutzmCEXkTnPp0iXCw8MpLCxkxIgRt7yahYiIiIiIiIjI3So0NJTQ0NBK93/mmWd45plnyhyzsLCgb9++9O3bt8IxeXl5FR6vV68egwcPZvDgweXaHB0dK4yrKvEajUaee+45nnvuuev2MxgMPPTQQ7zwwgu88MILN5y3fv36+Pj44OPjU6k4qqJ+/frMmzePefPm3bBveno6a9eurfQC7wYNGjBgwABGjRpVpZgqex9Fqmrbtm3s27ePVatWMWTIkHLthYWFvPrqq8TFxXHkyBE6depUC1Heu35fdbUuVF+FK7s+FhUVcerUKQ4fPmxOPr1ZLVq0KLej5K2Un5/PrFmziIyM5Nlnn6Vnz57mNicnJ3r27Mn27dvJysqqdIGj6ykuLgagdevWFSavlpSUXHf8mTNnMJlMZZJpS0tLOXv2bLXiKSwsrPKYxo0b07lzZ1avXk1MTAyjR48uE4/JZGLHjh3Ex8czZcqUCncerUn16tVj4MCBLFu2jK+//prTp0/j5+eHu7v7LT2viIiIiNx9bu3Sq2vIzMwkKiqqSmOurtqqjP/9hXzJkiWYTKZrvvbu3Uv79u2rFE9Vubm58e9//5u8vDy2bNnCp59+ynPPPUfr1q3NfZKTk6t8X0SkZhmNRn788Ud+/PHHClev1hX16tVj9uzZHDt2jP79+9d2OCIiIiIiIiIiIrdVSUkJK1euJC0tjeDgYC3wljtOYWEh27Zto0+fPtdM+GrUqBE+Pj4kJyezc+fO2xyhwJXKq3Wl+ipcqcLZsmVLnJ2dadKkyU1V2bSwsKBJkyY4OzvTsmXLW16V9PLly5w8eZLFixczePBg/vnPf9KrVy9effXVMt/DbW1teeyxx9izZw/PPPMMkZGRnDt3ztxeWFjI7t27efvtt0lISKjUue3t7bGxsWHFihWkp6dTWlqKyWQiOzubzz//nEmTJlU4rl27djg4OLBy5UoSExMpLS2luLiYAwcO8Oqrr/KnP/2pSvfA0dERGxsb1q5dS0ZGBiaTqdJjDQYDjz32GJ07d2bu3Ll899135mJRRUVFhIeHM3PmTFxdXRkyZEi1K/NWhbu7O35+fnzzzTdERkYSFBSEra3tLT+viIiIiNxdaqUCa2JiItu3b6/SmLi4OKKjo3nxxRdv2Pfhhx+mV69exMXFATBnzhwsLCwYMmQIRqMRg8HA5cuXOXHiBKtXr2bHjh18+umn1VpZ+L9/zCUkJNCjR48ylWJnzpxJUVERjzzyCB07dsTHx4e+ffvyyiuvEBkZycCBA819L168WOUYRERERERERERERETuJZmZmURHR+Pr64unp2dthyNSZUeOHCEuLo7HHnuMli1bXrNf79696dChAzExMYwaNeqWV1WUsupK5dWrGjZsyG+//UbTpk1p2rRpjc9dk2bPns3s2bOv2f7EE0/wzjvv8NBDD5VrGzJkCLm5uYSFhfHEE09cc46hQ4dWKpaePXvy+OOPs3TpUiIjI8u0NW3alIEDB5Kenl5unJubG0OGDGHx4sXl/i9069aNp59+mmXLllUqBoD27dsTEBDAqlWrylSdff7555k1axb169e/7nhnZ2emTJnCtGnTmDhxIhMnTix3Le+++y4dO3asdEw3w9bWltDQUNauXUvfvn0JCAi4LecVERERkbvLba/AeuHChTJ/GLRo0YK4uLgKK6OuWrWqzNht27ZVaksFJycnXnvtNfMf8ampqbzwwgs0a9YMCwsLDAYD9erVo23btkyaNKna2zsAtG3btszHkyZNon79+hgMBsaPH8+FCxcoLS1l1qxZ+Pj4YDQazTFYWFiUSV5t3bo1gYGB1Y5FRERERERERERERORuZzKZWLduHYmJiQwbNgx7e/vaDkmkyrZt20ZycjL9+/e/bqVEJycnevXqxcaNG0lLS7uNEUpdZGVlxf3334+1tXWZ7eOry2AwYG1tzf3333/LK7A2bdoUf39/pk6dSmxsLP/4xz8qTF6FK9f50ksvsXHjRt588026dOlibuvRowdvvvkmUVFReHh4VOrcDRs25L333mPWrFm4uLgA0KVLF95++21iYmJ49tlnKxxXv3593n333TLjPDw8+Oijj1izZg39+vWryi3A1taWDz74gFdeeYVWrVoB4OLiQosWLSpVTddgMDB48GDWrFnDhAkTzDG5uLgwYcIEIiIiGD58eI3836gsGxsbbGxsCA4O5oEHHrht5xURERGRu4dh+fLlJldX1z&quot;
08-31-2019 12:58:53 Wire.java DEBUG [Forwarding screenshot on session 7924db1cdca3d9f58beaf776318b9ec1 to remote] http.wire 87 - http-outgoing-3 &lt;&lt; &quot;IHu3btWqUtC37PbvoPAOSGPV5h+6+//kpoaCjJyckAjBw5kiVLlnD//feX63v06FGeeuopc7XWFi1asGbNGjw8PEhNTeXxxx9n3759ALz//vtMnz7dPLa4uJhly5YxefJk8vLyrhtzcHAwy5Ytw87OjgsXLvDHP/6RRYsWlWuryIkTJxg9ejSbNm0q1zZu3Djmz5/PRx99xIwZM64bg9Fo5O9//ztPPPHETW33Ifem//26u/qHaVW/jis77mq/G31tiYhUxi+//MKoUaNqOwwRERGROmX58uVa5CoicpOuVZlOz7ZE5FbauHEjoaGhtR2G1EHh4eEMGDCgtsMQqTFFRUW89dZbJCQk8NVXX+Hm5lbbIYmIiIjcVW6068LN5of99ttvAOzdu7ca0d28rl27ArVQgfXqitKr+vTpU2HyKlxJWO3Vq5f541OnThETE1Opm25lZcVzzz1HcnIyixYtYsiQIbRu3drc3r59e5544gkWLlzI4sWLMRqN1bqehx56iK+//ppp06bRrVu3MvM/9NBDWFpa8vrrr7N27Vqef/75Mn2MRiPBwcF8+OGH7Nmzh6eeekrJqyIiIiIiIiIiIiIiIiIiUqft2rWL1atX079/f9q0aVPb4YiIiIjIHerW7gVRgXHjxjFu3LhK9bW2tmbevHnMmzevXFv79u0rlf1rb2/P2LFjGTt2bKXO2aBBAxYuXMjChQsr1R+gVatWhIWFERYWVmG7tbU1jz76KI8++mil5xQREREREREREREREREREalrLl26xIYNGwAYOHAg9erVq+WIREREROROpXKfIiIiIiIiIiIiIiIiIiIiUim//vorP/30EyEhIXTv3r22wxERERGRO9htr8AqIiIiIiIiIiIiIiIiIiIid6bu3buTnJxc22GIiIiIyF1ACawiIiJS65YvX17bIYiIiIiIiIiIiIiIiIiIiIjIbWRR2wGIiIiIiIiIiIiIiIiIiIiIiIiIiMi9RRVYRUREpNaNGjWqtkMQERERqVNUoV5ERETkzuTk5ER4eHhthyF1kJOTU22HICIiIiIiUucogVVERERERERERERERESkBri4uODi4lLbYYjUqJMnTtZ2CDf04EMP1nYIIiIiIiJSDRa1HYCIiIiIiIiIiIiIiIiIiIiIiIiIiNxbVIFVREREREREREREREREpAakp6dz5MiR2g5DpNKcnJwqXTX4jYl/vsXRVN3cv/+ltkMQEREREZGboARWERERERERERERERERkRpw5MgRQkNDazsMkUoLDw+vdAKriIiIiIhITbOo7QBEREREREREREREREREREREREREROTecssqsNpN/+FWTS0iIiIiIiIiIiIiIiIiIiIiIiIiIncwVWAVEREREREREREREREREREREREREZHbqsYrsOaGPV7TU4qIiIiIiIiIiIiIiIiIiIiIiIiIyF1EFVhFREREREREREREREREREREREREROS2UgKriIiIiIiIiIiIiIiIiIiIiIiIiIjcVkpgFREREREREREREZF7Vnh4OEajkXfeeYfLly/fsP+3336L0Wjkq6++AiA9PZ1+/frRr18/0tPTb3W4IiI35fjx44wdOxY7OzsMBgNPPfUU+fn5t/y8qampdO3albCwsFt+LqlbBoUE838zp/Ht8i9ZvWEFGzatYcOmNfwctYrlq77jvVkzcOvYvrbDFBERERGRWmJV0xPaTf+hpqcUkUrKDXu8tkO4K4WHhzNu3DgWLVpEaGhobYcjIiIiIiIiIiI1yNPTEw8PD+Lj4zl16hStW7e+Zt+CggJiY2NxdXWld+/etzFKEbkb5ebm8vTTTxMREVHmePv27enWrRsDBgxg8ODB2Nvb18j5srKyeOWVV1i3bp35WF5eHqWlpTUyf1129V5nZWXxww8/0L69EiZvl2Ejh+LYulW54xYWFjRp0pheXj3p2NmNr5Z8w7rV62shQhERERERqU2qwCoiNeLixYtMnjwZo9F4w9ecOXNqO9wKzZkzp07HJyIiIiIiIiIiNe+BBx6gR48eJCYmkpSUdN2+6enpbN68mT59+uDk5ASAi4sLW7ZsYcuWLbi4uNyOkEXkLpeamsr333/PSy+9RIcOHfj6668pLi6+6XmjoqJYt24dCxcupKioCJPJxIYNG7Czs6uBqKsnLCyMrl27kpqaWmsx1HXBwcEYDIZKvYKDg2s73Gpp3LgxoU+MUCVWEREREZF7UI1XYL1KlSBFbh9VPhYREREREREREameevXqERwczKJFi9i0aROBgYHUr1+/XD+TycT27ds5ffo0/fv3r7CPiEh1BAcHs2zZMnMi6YULF8jIyODbb79l8eLFTJw4kdzcXF5//XUsLS2rdQ6TycTBgwfx8/Nj8ODBNGjQoCYvoc6zs7Njw4YNtR1GtbzxxhtERkZWum9dYzKZyD6dzbYt29kcvYW0lIP07OXBE888TsdObhgMBgDsmhnx6NGNlANKZhYRERERuZeoAquI1KjOnTsTHx9PXl7eNV9Tpkyp7TArNGXKlDodn4iIiIiIiIiI3BodOnTA19eX7du3c+TIkQr7/Pbbb+zcuRMPDw+6dOliPp6Xl8fIkSMZOXIkeXl55cYVFRXx7bffMmzYMIxGI46OjoSGhrJx48ZyFRUXLFiA0Whk/fryWyhfbdu8eXOZ45cvX+add96hQ4cO7N27tzqXLyJ1TIMGDejcuTN/+ctfiIyMpGPHjnzyySfs2bOn2nNevHiRrKws6tWrR7169WowWrnVgoKCCAoKqrF+t9u4MX/g2Sde5PPPlpKWchCAXXGJ/LxmPRcvXDT3MxgM1U7QFhERERGRO5cSWEVERERERERERETkntasWTM8PT1JS0sjISGhwj6pqals3rwZT09PWrRoUal5MzIyGD16NK+99hoxMTEAFBQUEBUVxahRo/j000/LJLF2794dGxsbkpKSMJlM5uMFBQUkJSUBsHXrVkpKSsxt58+fJy0tjc6dO9OqVasqX7uI1G0eHh5MnTqVvLw8vvvuOy5fvlymvbCwkAULFuDn54fBYMDOzo4XXniBffv2mb+P5ObmMmzYMBYtWkRERATNmjUzbzkfGxsLwMqVKxk6dChOTk7mNi8vL/7yl79w5syZMufMzc1l4MCBjB8/ngsXLpSLOSwsjK5du5Kaeu1KmlfnmDFjBvv27cPNzc183oEDB5Kbm3vNsSUlJcyYMYMmTZqY4/9fUVFRNGnShKVLlwJXqtqOHz++wrlLS0vZtGkTo0aNws7ODoPBwIABA1ixYgWXLl0y90tNTaVr165Mnjy5zOfh0qVLvP766wQGBnLq1Kkyc8+fP58HH3yQxMTEa15PZVSmsmpdrL56PVaWVvD/qq8CFBcXc/bsb7UYkYiIiIiI1AYlsIpIrfp9hYqTJ0+yatUqQkNDcXR0xNnZmYkTJ3LgwAEAMjMz+eijj/Dz88NoNOLp6cnHH39Mfn5+uXkPHTrEnDlzGDlyJM7OzhiNRpydnXnyySdZsWIFFy9eLDcmPDwco9FIeHj4Lb9uERERERERERGpOywtLfH398fGxobY2FgKCgrKtJeUlBAdHQ1cqXBnbW19wznPnj3LBx98wK5du3jrrbdISUkhNzeX7OxsoqKi6N+/P3Pnzi2TfNW6dWu6du1KcnIy58+fNx8/evSoObF29+7d5OTkmNuysrI4cuQIXbp0wdbW9qbug4jUTd7e3nh7e7Nnz54yX/+nT59mzJgxTJgwwZwkn5eXx5dffsnQoUPZsmVLpc+xf/9+Vq9ezdGjR83Hdu7cydSpUxk3bly5JNbaZGlpSUhICDY2NkRERJRJ6ocrCaWrV6+mY8eO+Pv7X3eu4uJi5s6dy9ChQwkPDzdX0o6KimLkyJF8/PHH5oUGDz74IF26dCE5OZlz586Z5zh58iRxcXHExcWZ38+AK1Vv09PTcXd3p3Xr1jd1zTeqrlpXq69eS4OGDfAL6Ef9+v9/NeCcM7kk7qp+lWEREREREbkzKYFVROqEPXv2EBwczJgxY4iKiqKgoID8/HyWLVvG66+/zjvvvIOvry+zZs0yV5tIT0/n/fff5y9/+Uu5hN&quot;
08-31-2019 12:58:53 Wire.java DEBUG [Forwarding screenshot on session 7924db1cdca3d9f58beaf776318b9ec1 to remote] http.wire 87 - http-outgoing-3 &lt;&lt; &quot;TExERmz55NdHS0OcE1Pz+fiIgIXn75ZaZPn05RUdFtv04REREREREREamb2rdvj5+fH5s3byY9Pb1MW05ODvHx8Xh4eODm5lap+Xbs2MGqVat47bXXePPNN7G3t8dgMGBlZUW3bt14//33efDBB4mMjDRX8mvatCnt27fn0KFDZGdnm+fatWsXdnZ2hIWFkZiYSEpKirnt2LFjZGRk4Obmpq2XRe5SjRo1onXr1uTn55uT24uLi/nkk0/YsGEDc+bMIS8vD5PJxH//+1/i4+Np3749f/vb38jPz8fOzo6VK1cybtw4goODycnJwWQyYTKZ8Pb2BmD69OnmYyaTidLSUjIzM5k0aRIrV65kx44dNXpNdnZ2bNiwgffffx93d3dSUlLM596wYQN2dnbXHd+pUyeCg4OJiooiMzOzTNvVhFJ/f38cHR2vO090dDRhYWGEhISQlpZGSUmJ+drffPNN/va3v7F7924AGjduTIcOHcjIyODkyZPmOf7zn/9w7NgxHnzwQWJiYswJtVcrZHfr1o2mTZtW5zaVcb0Kq3dS9dU+fb2Y8/FsunZ3x/D/KrAWFBSy8sdVnMg8UcvRiYiIiIjI7aYEVhGpUfv378fT0xOj0XjN15w5c8qNy8/Px97eni+//JLMzEzy8vJITk7mqaeeIjExkQULFuDp6cm6devIzs4mJyeHyMhIPDw8iI6OJiMjo8x81tbWTJ06ldjYWLKyssjLyyM7O5tdu3YxYsQIli5dal6RLiIiIiIiIiIiYmtri5eXF6dPn2b79u3mrbcBkpOTiYmJwdvbG3t7+xvOVVJSQkJCAs7OzgwaNAgrK6tyfVq0aEHLli3JyMgwL7SuV68enTp1Yv/+/eaErIKCAuLi4vDw8GDgwIF07NiR7du3mxOkUlJScHZ2pmPHjjVxG0TkDnH8+HGioqKYOHEikyZNMidIWllZ0bNnT8aNG8fGjRtJTU2t1vwGg4GHHnqIMWPG0K5dO86ePVuT4d+0Ro0aMXjwYLZv305iYmKZtujoaA4cOEBAQMB1E/svXbrEunXr6NGjB3PmzKFdu3ZYWFiYr33ChAk4OjoSFRVlHtOjRw8OHjzIkSNHALh8+TKbN2/mueeeY8yYMezatctcVOPUqVMcPXqUTp061cgCg2tVWb1Tqq969u7JP79fyvT3puLSzhmDwYDJZOLUyVMsXrCUdavX13aIIiIiIiJSC5TAKiJ1gpeXF9988w1Dhw6lYcOGADg4ODBy5EgAXn31Vb766iu8vLywsrLCwsICDw8PgoODycjIIC0trcx8Q4cOZcqUKXTo0MG8pZuVlRXOzs6MGTMGoEylChERERERERERkX79+uHs7MzOnTv57bffgCvJSb/88gsODg74+/ubq8Vdz3//+1/y8/PJyMigb9++FS7ydnFxITo6muLiYkpLS81ju3btioODAwkJCZhMJjIzM9mzZw8+Pj60atUKDw8P4uPjycnJoaCggLS0NDp16kSrVq1u2X0RkbrnapXRWbNmcd9992EwGMq8RowYwfnz58tUc74ek8nEkSNH+Pvf/86TTz5JYGAgTk5OuLu7c/DgQY4ePXqLr6jqPDw86NOnD2vWrKGwsBC4UvU0JiaGAQMG0L179+uOLygoIDU1lU2bNtGyZcty97Bt27bExcVx5swZc6VsV1dX+vTpw+7du68kX546Za722r9/f5KTk81Jw8nJyQA8/PDDNXbNFVVavVOqrzZuYkPjxo3NP0fPnv2NLxf/kwkvv07Ez7/UcnQiIiIiIlJbyi/7FhG5CZ07d+aLL77AxcWlSuMaNGhA/fr1KzwOcN9995WrVGEwGGjdujVwZbuk/3Xx4kUSEhKIj49nz549nDt3jv3795tXP1c0RkRERERERERE7l1t2rShV69erF69mtTUVHr16sWpU6eIj4+nV69eVX7mVR2tWrWic+fOZGRkUFhYSEJCAra2tnTu3Blra2t8fHz45ptvSElJoW3bthw+fBhvb28aNWp0y2MTkdpRWFjI0aNHad68OUajEcBcAfRGzp8/f8M+xcXFzJ8/n7CwsEr1rytatmxJQEAA33//PRkZGXTp0oXk5GQ2btxIWFiYuSrtteTk5JCVlXXD8xQVFZmrXtvb2/Pwww/z66+/cu7cOdLS0rC2tqZTp040aNCA7t27s2nTJry8vEhOTsbV1bVGFxhcrbYaGRlZ5uM70bnfzrH8Xz/WdhgiIiIiIlLLVIFVRO4I+fn5/Pe//610/4SEBB599FGGDBnCBx98wLp169i6das5eVVEREREREREROR/NWzYEF9fXwoKCoiOjqakpISkpCQSExPx8/OjSZMmlZrHwsKCBg0a0LFjR+Li4sjLy7vm68cffzQnpAE0btwYV1dXUlNTOXz4MDt37sTDwwMHBwfgygLyjh07sn37dk6ePMmBAwfo0aNHjWxPLSJ10+7du4mNjcXLy8v8/eJqUuS8efMwmUzXfD399NM3nD8mJoawsDDc3NwIDw/n+PHjnD17ltLSUlJSUnB3d69wXFFRUa0WirC0tCQkJISCggI2btxIaWkpkZGRODo64u/vf8PxRqOR5s2bM3LkSM6ePXvNe7hw4UJzsY0GDRrQvn17Dh48yIkTJ8zJqg4ODtja2uLj40NsbCxHjx7l0KFDdOnSpdI/Oyrr9xVX75TqqyIiIiIiIteiBFYRuetkZGQwdepUDh48yMsvv8z69etJS0vj0KFD5OTksH79+toOUURERERERERE6ihPT088PDyIj4/n+PHjbNq0CVdXV3r37l3pOaytrenduzcHDhxgx44dmEymKo3t2rUre/fuZevWrSQlJeHj44O1tTUADg4O5vi2bNmCk5MT7dq1q/J1isidITExkRkzZtCyZUtGjhxpTlZ3cHDA3d29Rgo3JCUlcf78eWbOnMnIkSNp2bIl999/v3mr9//VsGFDnJycOHXqFBcvXizTZjKZzNVKK6u0tLRK3yd/r1OnTgQHB/PLL7+wf/9+YmJi8Pf3x9HR8YZjbWxscHZ2JjY2ltTU1Eqf09PTk0OHDrFjxw527NhB7969sbS0xGAw4OPjQ3JyMlu2bCEjI8PcVpOuVl2906qvRkVuYtijoxjYfzAD+w9m7PMTajskERERERGpA5TAKiJ3natVMV577TVmzpxJr169aNasGba2tlhY6NueiIiIiIiIiIhc2wMPPECPHj2IiYlh1apVbN++nR49elQqGer3vLy8CAkJYdq0abz77rsc/v/Yu/e4nO//j+OPSyml0sGZlIXmTCFn5lDIYWxsNjNf2xy+je++zA4OYw7twNjJ12FOY5szY7FqYpYQYQjfrMhhDlEOpZTq+v3h1/XdtYqKiXneb7duN30+78Pr/f58uujyul6fkydNlQozMzM5d+4cK1euZNq0abkSwOrUqYOHhwdffPEFtra21KtXz3TOysqK1q1bs2/fPhYsWMATTzxB+fLl733hIvLQSEtLIzY2lsmTJ+Pr68vRo0cZP3489evXN7Vxd3enU6dOrF+/noCAAA4fPmx6jUlLS+PQoUOMGzeO3bt333W+nNeQn3/+mevXrwOQkZHBoUOH+Oijjzhx4oRZeysrK5ydnYmMjOT7778nLS2N7OxsTpw4wVtvvcXMmTMLvFY7OzsOHz7M+vXrSU9PL3C/HKVLl6ZHjx5EREQwffp0IiMj6dixY4GSRm1sbOjatSspKSkMGTKEH374gRs3bgC3X6fPnj3L/Pnz+eyzz8z6Va9eHW9vbxYsWMCtW7fMKtTWrFkTLy8vJk+ezJUrV3B3dy/0mgpi9OjRj1z11X+PGUnwth9MX0E/rWfgP+5eIVhERERERP7elMklIn87OW/Subm5YWlpmet8YT/9LSIiIiIiIiIijw9ra2vatm0LwPvvv8/x48fx8/PD1ta2UOOULVuWiRMn0rRpU7788ku8vb0pX748zs7OlC9fnnr16jF8+HASExNz9XV1daVu3bpcvHgRb29vKlSoYHa+Xr161KlTh0uXLlGvXj3s7e2LvmARKXYhISGULVsWg8GAwWDA1taWmjVrMnHiRMqVK8e8efPo16+fWUVUa2&quot;
08-31-2019 12:58:53 Wire.java DEBUG [Forwarding screenshot on session 7924db1cdca3d9f58beaf776318b9ec1 to remote] http.wire 87 - http-outgoing-3 &lt;&lt; &quot;trxowZQ9++fVm+fDkNGjSgZMmSpv4NGzYkMDCwQO+Ht2rVilatWhEYGGiqvGptbU3Dhg2JiYnBzs7OrL2FhQX+/v44OzszZMgQbG1tsbCwwMPDgx9++IEaNWoUeO1t2rTBzc2NsWPHUqpUKQwGA126dMnztTE/jRs3pk6dOnzzzTd06tQJLy+vAvf19/dnwoQJnDhxgp49e2JnZ4fBYKBkyZK4uroydOhQU1JvDmdnZ+rUqcPu3btp1qwZlSpVMp1zdHSkdevWnDhxgrp16+Lm5lbgWArjUau+KiIiIiIikp9iSWBNTEykS5cupl/EDQYDHTp04Pfff8+z/ZEjR6hTp45Z+2HDhpGWlvaAIxeRR0H58uWxs7Nj7dq1xMbGmh4/lJCQwPz583njjTeKO0QREREREREREXmIeXl50a5dOwC8vb1p0KBBkcbx8PBg2bJlLFiwgF69euHk5ATcS0EOcAAAIABJREFUTlB9+umnmT9/Pu+++y6lSpUy61e6dGk8PDwAaN26NVZWVmbnK1SogLe3NwBNmjTJ9zHfIvJo8vT05Omnn2bevHlERETQv3//PIs1VKhQga+//ppVq1bRvXt3nJ2dgdsJnSNHjmTHjh34+PjcdT53d3eWL1/Oa6+9hrOzM87OzvTt25etW7eyYMGCPKs8t2zZkq+//pru3bubYv7ggw8IDw+nd+/eBV6rt7c3ixYtomPHjsDtwhQeHh6ULFmywGNUq1bNlMzp7+9veq0tCEtLS0aPHs3PP//Mq6++iqenpymOfv36sXz5cv71r3+Z9SlVqpTp74X27dubvUYbDAZat25NpUqVaNiwIQ4ODgWORURERERE5HGU+7fdYrJt2zaCg4N55ZVXzI5nZWWxcuVKjh07VkyRiUhhREdH06xZszu2effddxkzZsxfFkPTpk157rnnWLhwIaGhoWbnnJyc6NKlC7GxsX/Z/CIiIiIiIiIi8mirUKEC69evL1BbZ2dn1qxZk+95W1tb+vTpQ58+fQo8v4WFBRMmTGDChAl5nreysmLatGlMmzatwGOKyMPHxcWF4ODgexrDxsaGvn370rdv37u2mzt3br7nXV1dmT9/PvPnz8917tdff811zGAw0K5dO1Oy/x/l9frl6emZ7zgdOnSgQ4cOd4z/TiwsLJg8eTKTJ0/Ot82d1l+iRAm8vLz46quvCjzn0KFDGTp0aJ7nmjVrxrlz5wo81uNi1vTPmTX98+IOQ0REREREHjLFUoE1P5s2beLKlStmx06fPp0rAU1E5E5sbW15//33CQwMND2qqEGDBowdO5bt27czcODAYo5QRERERERERERERERERERERETk8fbQVGAFWL9+PQMGDDB9Et1oNLJx40YiIyOLOTIRuZtSpUoxc+ZMZs6cWah+d6tQ4ePjQ1JSUr7n8/tkua2tLcOGDWPYsGG5zlWtWjXPMfMbqyCfXhcREREREREREREREREREREREZGCe6gqsAL88MMP3LhxA4ALFy4QFBRUqP43btxgxYoVPPfcc7i7u2MwGHBxcaFHjx589913prH/LDExkfnz59OrVy9TP4PBQIsWLRg7diw///wzaWlp99TnxIkTfPHFF/Tv3x8vLy9TewcHB9q2bcuECRM4duwYRqMx37V99913dOrUybSufv36sW7dOgYOHGgar0uXLiQmJt63vTl9+jQff/wxXbp0wcXFxRRzp06dmDJlCnv37iUzM7Ogl0hEREREREREREREREREREREREREHnMPRQXWSpUq4eDgQExMDGvXrmXAgAF07NiRrVu3smXLFgD8/f3ZtGnTHcfZv38/I0eOJCIiwux4UlISQUFBBAUF4e/vz+zZs3FzczOd/+WXXxgyZAgxMTG5xty9eze7d+/mgw8+YMeOHbRq1arIfXbt2sXIkSNztU9OTiY8PJzw8HA+++wz5s6dS//+/TEYDKY2Fy9eZOjQoWzYsMFsXatXr2b16tV33Jei7o3RaGTlypUEBATkqlaZnJxMWFgYYWFhrF27lpUrV+Lp6XnXOEREREREREREREREREREREREREREHooKrA0aNOCNN94AbidGbty4kfPnz7N27Vrg9iPE7/b47mPHjvHPf/4zV4Lmn23atIkZM2aYKqPGx8czduzYPBNR81OUPgWVnJzMxx9/zPHjx03H0tLSmDp1qlnyamEUdW/27dvHO++8c8fHt4uIiIiIiIiIiIiIiIiIiIiIiIiIFNZDkcAK0Lp1azp16gTAhg0bmDdvnqn6qq+vL9WrV8+3b1ZWFsuXLycyMhIANzc3li1bRmpqKtnZ2Zw8eZJevXqZ2oeEhPDbb78BcOjQIbPEzrlz53Lr1i2MRiNZWVkkJCQQFBRklkBblD4AFhYWBAQEEB4eTmpqKkajkezsbC5fvszEiRNN7Q4ePMjp06dN3+/fv5+vv/7a9L2zszMLFy4kJSUFo9HIqVOn6Nix433fm/DwcE6dOmU6t3nzZrKysjAajdy6dYszZ87w7bffUrt27XyvjYiIiIiIiIiIiIiIiIiIiIiIiIjIn1kWdwA5KlasSNeuXdmyZQunTp3i/fffB24nXPbs2ZP09PR8+168eJHw8HDT97169aJv375YW1sD4O7uTkBAgKmC6W+//UZ8fDwNGjTA0dHRbKyxY8cSERFBu3btePLJJ3nyySfp1q0b/v7+pjZF6QPw/PPP8+yzz3Lo0CEWLFjAzp07uXz5Mr/99ptZoihAQkKC6c979uwhOTnZ9P2wYcMYOHAglpa3L1/p0qVNf76fe+Pi4mI21vDhw+nWrRutW7emZs2a1KpVixdeeIEXXnghz7lFREREREREREREREQeJ+7u7qxevbq4wxApMHd39wK3/eSLD//CSERERERE5HH00CSwGgwG/Pz8WLBgAceOHTMd79WrF/Xr1ycqKirfvsnJyVy5csX0/eeff87nn39+x/lyEkJr165N7969Wb9+PQBJSUksW7aMZcuWmdq2adOGSZMm8dRTT2EwGIrUB2D37t2MHDmSvXv3FnRbAEhJSTH73sfHJ9+E1bzWWdS9adGiBT4+PqbqradOnWLOnDnMmTPH1LZ379689957NGrUqEDxiIiIiIiIiIiIiIiI/F3VqFGDGjVqFHcYIiIiIiIiIo+EhyaBFW7/Ut+5c2dTAqu9vT09e/Y0VQv9K5QrV47//Oc/lC1blhUrVphVOs0RHh7O008/zZo1a/D19S1Sn/j4eN58801T8qqvry///ve/ady4MQ4ODqxbt44BAwYUKGYbG5t7W3QB1axZkyVLljB27FhTsu6frV+/nv/+97+sWLGCBg0aPJC4REREREREREREREREHkaxsbHEx8cXdxgij52jx44W29zu7u5KXBcRERERKaKHKoHV2tqaF198kdWrV3P+/Hk6deqEl5fXXfuVKlWK0qVLm74fNGgQX375pdmxO6lYsSLz589n1qxZHD16lEOHDrF//37CwsKIiYkBblclDQ4Opn379lhZWRW6T2RkJBEREaY533zzTTp37lyg+P5cbfXEiRMF6gf3vjdPPvkk69at48qVK0RHR3P48GH27NnDzz//zKlTpwA4duwYYWFhSmAVEREREREREREREZHHWnx8PH379i3uMETkAVq9erUSWEVEREREiqhEcQfwZ82aNePcuXMYjUbWrVuHk5PTXftUrFiRJk2amL5fu3YtkyZNIi4ujszMTACys7O5dOkSGzdupEePHqZk0uXLlzN8+HBCQ0NJTU3F29ubV155hdmzZ7N8+XJq165tGjc9PZ3s7Owi9cmJI8fevXtJS0vDaDTy+++/ExUVle/6/rg2gMWLF7N7927TuDExMVy4cOG+7820adMYN26c6fvWrVvzz3/+k8WLFzNv3jyzeW7evJlv/CIiIiIiIiIiIiIiIiIiIiIiIiIif/RQVWAtKmtra4YNG0ZkZCSRkZEkJyczY8YMZsyYkW+fd955B7idvDl37lzmzp17xzns7e3x9fWlVKlSRepTsWJF7O3tSU5OBmDcuHGMGzeuQOurV68enTp1YsuWLQBERkbSokWLAvW9170JDAwkMDDwjnO4ubkVuJ&quot;
08-31-2019 12:58:53 Wire.java DEBUG [Forwarding screenshot on session 7924db1cdca3d9f58beaf776318b9ec1 to remote] http.wire 87 - http-outgoing-3 &lt;&lt; &quot;qsiIiIiIiIiIiIiIiIiIiIiIiIiMhDV4G1qGrXrs1//vMfWrVqdd/Htre3Z/z48XTp0qXIfZo3b85LL72Ub/tKlSrd8dyECRPw9PQseNB/8FfujbOzM4GBgXh5ed33sUVERERERERERERERERERERERETk7+lvUYE1h5eXFz/99BPh4eEsX76cgwcPcuDAAeB2omXTpk1p1aoVXbp0oXHjxgD06dOHbdu2sX79evbs2cPu3buB2wmojRo1ol27drzwwgs8+eSTGAyGIvcpXbo0H3/8MfXq1ePrr78mMjISgPr16zN27FjS09MZNGhQvmtr27YtwcHBfPHFF2zatImYmBg8PT3x9/fnueeeY9y4caYKra6urtjY2Nzz3vzrX//Cy8uLNWvW5Nm+Q4cOPP/881SrVu0er5yIiDzuVq1aVdwhiIiIiIiIiIiIiIiIiIiIiMgDVCwJrC4uLgQHBxeqT6tWrTAajXdtZ2Njg6+vL76+vgUa18bGhvbt29O+ffsCx1KUPnA7iXX48OEMHz48z/Mvv/xyvn2//fZbNm3axJAhQ3jvvfcoU6YMRqORpKQkFi9ebEqIBXBzc8uVwJoTd2H2xsHBAX9/f/z9/QvUXkRERERERERERERERERERERERESkIP5WFVj/7pYvX87y5cvv2KZ27dr07NnTVPlVRETkUdCvX7/iDkFERETkoaIK9SIiIiIiIo+Xa9eucfr0aQCqVatGmTJlitT/+vXrwO1iRUUZR0RERETkQSpR3AHI/ePm5sbUqVOpX79+cYciIiIiIiIiIiIiIg+5yMhInJ2dmT59enGH8kiIjY2lbdu2jBo1ips3bxZ3OCIFNmXKFBo1akRMTExxh/LY07XITXvyP6dPnzYVNMpJZC1K/48++oiPPvqoyOOIiIiIiDxIqsD6iPDy8mLixIlERUURGxtr+iXO2dmZli1b0rFjR/r06UO1atWKOVIRERERERERERGRR1N6ejo7duzg22+/Zd++fZw5cwaAJk2a4O3tjb+/P02aNKFUqVLFHOnD4ezZs6xYsYLQ0FCioqIAcHV1pV69enTs2BE/Pz8qV66sJ4aJ3MXp06dZunQp69at48CBAwB4enrSuHFj2rdvT7du3ahatepj87N048YNNmzYwLJly4iIiCA5ORlnZ2eaNm1Kq1at6NKlC40bN8bS8vH5b07dI4+H69evEx0dTUbWNVp1qobDpeskngMLizJUdnenTJkyWGZnU8JoNOuXU3l1/6EITl2K4FTCYRLP/29MEREREZGH2ePzm90jrnbt2kyaNKm4wxARERERERERERH5Wzpz5gzjxo0jKCgo17moqCiioqKYN28eTZo0Yd68eVSvXr0Yonw4ZGZmsnr1asaPH8+VK1fMzp05c4YzZ87w448/8uabbzJp0iRGjhxZTJGKPNyMRiPr169n1KhRnDp1yuxcTEwMMTExrFixAj8/P7799ltcXFyKKdLCmTJlCmvXrmXlypV4enoWqu9vv/3G66+/TmhoqNnxpKQkQkJCCAkJ4b333mPHjh20atXqfob9UPq73iMPmp+fX657Kj++vr6EhIT8xRHdWWrmaeKTl3PlyGZ2BoGtTUO6DxpE/fLlsU9Pxyory6x9TuXVU5ciqNrwNPbusOuHYgpeRERERKSQlMAqIiIiIiIiIiIiIo+1q1ev8t577xEUFMQzzzzDG2+8Qc2aNbGysiIzM5OEhAQ2bdrE119/zc2bN8n6U+LI4yY0NJS3334bJycnJk+eTNeuXXFycsJgMHDjxg0OHz7M0qVLCQoKIj09vbjDFXloHT9+nMmTJ1OqVCmWLVtGjx49KFOmDABpaWlcuHCBHTt2sGfPnmKO9MFIS0vjk08+YdeuXbz99tsEBARQpUoVSpQoQWZmJomJiRw8eJCNGzdiYWFR3OE+ELpH7o/Ro0cXOIF19OjRf3E0d5eVnUZ6xjlSbl4kKS2DSylZ7D/4JNeuXcM+IwNrCwuwt7/dODmZmKP7+O+pCNKtY2hU3R6HVBd+tU8u3kWIiIiIiBSQElhFRERERERERERE5LEWGxtLWFgYXbt2JTAwkHLlypnOWVpaUrlyZV577TVefPFFVq5c+Vg/ojk9PZ1t27aRkpLCJ598Qt++fc3Oly5dmubNm+Pj48PQoUP59ddfiylSkYdfVFQUBw8eZO7cuQwYMMDsnI2NDdWrV6d69eq89NJLxRThg3X69Gl2797N008/zbhx47DPSdDj9mtxhQoV8PX1xdfXtxijfLB0j9wfOffN3ZJYH5b7yxp7XKiFayVb6JFIXFwKu0K/I+SiFZbZ2Vg4O0OtWrcbHz+OZcYJSlU9jXsNe+xdapGYCnC8OJcgIiIiIlJgJYo7ABERERERERERERGR4nTmzBlSUlKoUKGCWcLUn9na2vKPf/wDDw8P07GsrCx++eUXxowZg6+vL87Ozjg7O9OsWTP+9a9/sW/fPoxGo6n9qVOn6Ny5M7179+bixYt5znPx4kV69+5N586dcz0yOjU1lW+++YbevXvj7OxMtWrV6Nu3L1u2bCEzMzPP8S5fvsynn35K+/btTbGNHz+eY8eOFWabgNsV/86cOQNAtWrV8m1nMBho2LAhL7/8cq5zRqOR6Oho3nnnHRo2bGiKaerUqVy4cCFX+0uXLjFnzhxefPFFU/tq1arRu3dvvvrqK65fv56rT2xsLG3btmXUqFGkpqYSHh7OSy+9RLVq1ahWrRpRUVGmttnZ2YSHh5uurbOzM+3bt+fdd98lMjIyz31NT08nLCzMNKaHhwdvvPEGv//+e577Udg1w+1Hpn/11Vf06NHDdF/5+voSGBjIsWPHyM7Oznf/5dFiY2NT6D7Z2dls27aNfv364eLigsFgoFOnTqxdu7bAlY+NRiMHDx7k1Vdfxd3dHYPBQPPmzZkzZw43btwoUHsvLy+mTp1KfHw8ly9fpkuXLrz33nscPHiQJ598EoPBgMFgoEuXLiQmJhYoLmtr60JVWE1JSSEwMJC2bdvi4OCAwWDAxcWFHj165NqPsLAwHBwcmDp1qtlrc47z58/TuXNn/vGPf5jtwY0bN5gzZw7t27c3jT948GAOHjyY5zg57Zs3b47BYODJJ59k6tSpnDx5ssDr+qOi3COFiXnnzp3079/f7Jp5eXkxevRo4uPjc409ZcoUGjVqRExMDPv376dfv344ODjQpEkTYmNjgbvfL3+OIeee7t27Nw4ODri7uzN+/HiSkpIKvfa8FKSy6oOqvpqSnU1cRgb7L11i98GDREREEBERweHDh7l27RpgBbhg7+hKrUYeuNd2JCPrLJcS9pKSvJOUtD0kph0jMe0YKWl7sLA+SpUat6hayxEbuwqAy/+PISIiIiLy8FMFVhERERERERERERF5rLm6umJnZ0dUVBSnT5+mVk5VswK4desW33//PUuWLDE7HhsbS2xsLOvXr2fmzJk888wzGAwGqlatSocOHZg+fTr79++na9euucY8duwY27dvZ8yYMVStWtV0PC4ujrfeeott27aZjqWkpBAWFkZYWBgTJ04kICAAS8v/vfUfGxvLiBEjiIyMzBVbUdjY2ODq6gpAeHg43t7eZvPdTWZmJosXL2bKlCmkpKSYxTRz5ky2b9/O7Nmzza7BiRMnGDdunNk4KSkpbN++3fQ1a9Yss8q5Oc6fP8+ECRNYvHix2fGsrCzgdkLw1KlTmTt3rtn5Q4cOcejQISIiIli0aBE1atQwnTt9+jQBAQFs3rzZrM/SpUuJiYlh3rx5Zsm9RVlzXtcNbldjjIqKYv/+/cyfPx9nZ+dca5ZHh7u7O/b29qxatYrWrVvzxBNPFKhfZmYms2bNYsqUKSQn/+8x4TmvBR9++CGjR4++48+m0Whk5cqVBAQEmCUIRkZGEhkZSXR0NB9//DGlS5e+Y/sDBw5w4MABzp49y4QJEwq7BWZcXFyoVKkSP/30E9u2baNr166UKHH3Wjzp6en88ssvhIeHm44lJSURFBREUFAQH3/8MaNGjcLCwgIvLy86derE9u3beeWVV6hUqZLZWLt27WLLli2sXbvWtPaLFy8yYsQIVq9ebTb+4sWL2b&quot;
08-31-2019 12:58:53 Wire.java DEBUG [Forwarding screenshot on session 7924db1cdca3d9f58beaf776318b9ec1 to remote] http.wire 87 - http-outgoing-3 &lt;&lt; &quot;p1K19//TXt2rUznbt48SJDhw5lw4YNpmMxMTGm/WnYsGGB96So90hhYz558iQrVqwwGyPn2kZERLBs2TJq1qxpdj41NZWJEyeyefNm032YmZlJVlZWge6XWbNmmRJzExISePXVV9m5c6epbXJyMtOmTePatWt8/PHHRUri/aO7VWF9kNVXL2ZmEpqczOEjR0gMCiLt+O1qqdeuXeP06dNUrmFLIpBsbYe9SyXca5WnXnvwqA21XBKxcYTE//+8jYs3WFtak+7iAnYuWFtbAXl/oEVERERE5GGkCqwiIiIiIiIiIiIi8lirUaMGHTt2JDo6mgEDBvDZZ58RFRXF1atX86ys92cuLi7MmTOHo0ePcvnyZZKSkjh37hyrV6/G3d2dBQsWcPbsWQAsLCzw8/OjQoUK/PLLL7kqJaanpxMSEkKFChXw8/MzVSG8evUqU6dOZe/evbz11lv897//JTExkYSEBMLCwnjqqaf45JNPiIiIMI119epVpk2bxpEjR/jXv/7FkSNHSExM5PLlyxw9epRp06YVeq+sra156qmnsLOzIzAwkNdee42goCBOnTpFRkbGXfuHhoYyZcoU6taty4YNG7hw4QJJSUmcOHGCyZMnExMTw+eff05qaqqpj4WFBcOGDWPLli2cO3eOpKQkLl++zOHDh3n99dfZvHkza9asyXO+kJAQfv31V1asWGHqm5SUhI+PD1lZWSxcuJC5c+fy1FNPERYWRkJCAklJSZw5c4bNmzfTokULDAaD2Zhbt27lypUrrFixgrNnz5KUlER0dDR9+vQhMjKSrVu33tOas7KyWL16NUeOHOHTTz8lPj7etObjx4/z7bffmlUBlkdXo0aNeOmll9i0aRMeHh60b9+e8ePHs379eo4dO5bvz9TWrVuZMmUK3bt35/jx42RlZZGdnc3Zs2d58803+eyzz9i/f/8d5z58+DCTJ0+mSZMm7Nmzh1u3bmE0GklKSmL69OksW7aMkJAQU/t9+/bxzjvvYG9vz7Jly0hNTcVoNHL16lU2b95MlSpVcHZ2Jjg4mMmTJ9OwYUP++9//YjQaMRqNBAcH4+LicseYXFxceOmll0hKSqJ79+7UqVOHgIAAFi5cyN69e/+/MmXe/YKDg01zGY1Gbt26RWRkJE899RTff/+96TXYyckJf39/tmzZwt69e83GSU9PZ/v27bRv357mzZsDtxMyP//8c4KDg5k+fTpJSUmm8ffs2YOnpyefffYZV65cAW7//M6ePZsNGzYwePBgTp48SXZ2NllZWcTHx/Paa6/dcQ/+rCj3SGFjBnjxxRfN9i/nXvjoo4+IjIwkKCgo1zy//fYbJ06cYPny5aSkpGA0Gvn111/x9PQs0P3yR+fPn+fWrVsEBQWRkpJCdnY2x48fx9/fn7Vr13L06NFC7Vt+7lRh9a+uvhpx6RIRp04RsX8/B6OjuZSSwi1LSwz//5VhaUm6hQXZBgNYWINtWSxsKmNjURkXR3fcG9ajdvuGNGpfG28fd7w9yuLtUQFvnzrU8m6IfaXaWNt74GLviot9BaztHcHGBgpRzVhEREREpDioAquIiIiIiIiIiIiIPNYcHR2ZPHkyWVlZBAUF8f7775vOOTk50axZMzp37kzXrl1zVesrVapUruqgOcc7dOhAVFQUs2fP5uLFi6bKpTVq1MDHx4dt27bx8ssv8+STT5r6nTlzhoiICDp27Gh2fNeuXWzYsIGxY8fyxhtvmCorWlpa0rhxYyZPnswrr7xCaGgoLVq0wMrKytQnICCAd955B2trawAMBgMVK1bEy8urSPvl6+vLRx99xPjx49mwYYNZlcEGDRrQokUL/P39adq0qWlOgOvXr7Nq1Src3d357LPPzCqOOjo6MmzYMK5evcq3337L8ePHadSoEQBNmjShSZMmZjGUKFGCKlWq8NJLL7F161ZOnDhBenq62XwAzzzzDNOnT8fR0THXOs6ePcvGjRtp06YNX375pdm1LV26NM2bNzclsd1tzMqVKzN48GDWrVvHkSNHTLEUZc03b97k7NmzuLu707JlSxwcHExrLlu2LF27ds2zcq88ekqXLs2MGTNo1qwZn3zyiamicA5nZ2eGDRvG6NGjTdV209PT2bRpE02aNGH69OlmiYBVqlThn//8J+Hh4YSFhdGsWbM85zUajWzZsgWA6dOn06BBA9M5JycnXnnlFXbu3ElYWBjdunXD2tqa4OBgTp06xbJly3jxxRdNid1lypS5b/ekwWCgf//+VK9enenTp7N+/XpiYmLM2vTu3Zv33nvP9PqQH0tLS5o1a8Zzzz3H7NmzSUtLM53r0KEDPj4+hIWF4efnZ3rdiI2N5aeffuLZZ5+lQoUKwO3X5LCwMEaMGJHrtbdp06YMHTqUQYMGERMTQ/PmzTl9+jShoaH4+/szbdo0KlasaFqbm5sbrq6u7Nmzp8B7UpR7pLAx58fJyYkBAwbw448/cu3aNYxGo1lCf/369Vm0aBH16tUz65eTsFyY+6V+/fosXbrU7O+9mjVr0q9fPzZt2sTvv/+Ot7d3gfctP/lVYX0Q1Vc/OnIEzp6FnTup7ORE0wEDaO3tjX3lymQlJ5MI/Prrr/zw9ddYW2fh4lILF/taWCcnk5Flg4t7ZbBOxcrqPNYZ6bgk2gM2WLt4k0IWiYnJWGGFu0tlLCpdxK7SOTCWASurv3RdIiIiIiL36i9LYHWZsPKvGlpERERERERERERE5L5ydXVlyZIlxMTE8NNPP5keoX3mzBlCQkIICQlh2rRpjBs3joEDB+Z6NPelS5cIDw/n4MGDREdHk5ycTFRUlOl8ziPrARwcHOjUqRMbN25k27ZtZgk7u3fvJjo6mhEjRmBra2vqGxUVhYeHB127ds3zseCVKlWiatWqxMXFkZqaioWFBVFRUdjZ2dG9e/dciZ33wtLSkv79+9O9e3e2bt3Kjh07OHjwIFFRURw6dIhDhw4xb948/Pz8mDp1qqla6JkzZzhy5Ag9e/bMs4KopaUlnp6eXLx4kZMnT5olqGVmZnL48GF27tzJgQMHSExM5MSJE5w5cwaAZs2a5Vkt197enlKlSuW5jpMnT7Jv3z7Gjh1rSjIriPzGLF++PPXq1TM9Pruoay5ZsiSOjo5ER0ezePFiXnvtNapVq1agR6nLo8fGxoaXX36ZgQMHcv36dU6ePMnRo0cJDg5m06ZNBAYG8ttvvzHSfDlJAAAgAElEQVRv3jycnJxISUkhJiaGbdu2UbVq1XzHbdmyJRkZGVjlkbx28+ZNjh8/zrFjx+74OPtnn32W9PR0jEYjZ8+epWHDhjRt2jRXVeL7yWAw0KJFC9atW0daWhoXLlzg6NGjREREsG7dOtavX8/+/ftZs2aNWWJ7ZmYmkZGR/PTTT0RFRXH9+nV+/fVX06PtExMTTW2rVKlCy5YtCQ4OJjY2lrp16wKwY8cOrl69Svfu3U3Vr8+dO0dkZCSRkZEEBgbmG3dCQoJZ+4kTJ5qSYO9VYe+Rwsb8x+83b97M9u3bOXfuHKdOnTIlEHt6enLz5k1sbGxM7UuUKEHJkiVzjZuThF+Y+6VEiRJ5tnN3dwcwXcf7YfTo0bkSWP/q6qt/lpWVRVpqKmlpadj+4d8HudulkZp2ltTMLLIsKpGVCYmZkJqWAcmJWFrYkFHGhWQgOTUVWzLIKpMMpAH5jysiIiIi8jBRBVYREREREREREREREW4n0NSuXZvatWubjt24cYOYmBhWrlzJ8uXLmTRpEh4eHrRr1w64nTS1dOlSpk2bZvY45rtp06YN3t7e7Nq1i/79++Po6Mj169fZsmUL3t7eZpUTb926xZUrV4iLi6NNmzZ3HLdDhw5kZ2eb+ri7u9/1sd1FZW9vT69evejVqxdwey8SEhIIDw9n/vz5hISE4OLiwscff4ytrS0pKSnExcUxa9YsZs2adcexMzMzTX+Oi4tj/PjxZo8zvx8uXboEgJub21+WkFeUNVtZWfGPf/yD/fv3M2fOHObMmYOdnR3e3t60bNmS7t274+npqYTWvxmDwUCZMmVo1KgRjRo14oUXXuD3338nICCA1atX89prr9G5c2cuX77MhQsX7j&quot;
08-31-2019 12:58:53 Wire.java DEBUG [Forwarding screenshot on session 7924db1cdca3d9f58beaf776318b9ec1 to remote] http.wire 87 - http-outgoing-3 &lt;&lt; &quot;peamqqWeL8n8/Fx8ffdYzk5GQyMzPJzMwkPj6eihUrUrZs2UKvrahsbGyoXr061atXx9/fn4kTJzJz5kzGjh3LunXraNy4MRYWFly8eJERI0awevXqAo1rZWWFv78/CxYsYMeOHdStW5crV64QEhKCn5+fKaEVKNA+wf8SLHPa16xZ876/rhT0HilszEajkZUrVxIQEEBSUtI9x5lzf92P+yUnkfh++nMV1gdRfRXg7bp1oXp1qFOH+LQ0fr55k6DQUKx37oSzZ0kHrl69yvn4eKrWciQx8TjnE89AejTJaamcP1+J1HQ4x3kss5IhA2xsLHDBmgwg41w6WdgSQyXOn88g5fxxypSsCRkZf/naRERERETuxX1PYE2c8tz9HlJE5JG2evVqhg4dyrx58+jbt+9fNs/NmzcZO3YsUVFRLFq0iBo1avxlc91PsbGxDB48mCZNmhAYGJhvRYw/e1D7KiIiIiIiIiKPt9KlS+Pl5UWDBg0oV64cgYGB7Nmzx5TAunHjRiZNmkTFihV588036dixI2XLlsXa2prSpUszffp0Pvjgg1zjVq1alQ4dOjBnzhwOHjxIu3btiI2NJTIykoEDB96xsuLDytLSksqVK/Pcc8/RuHFjXn31VQ4dOsS5c+eK/F7V5cuXef/99wkJCeGZZ57hhRdeoF69epQsWRI7Ozvi4+MZPHjwfV5J8atRowbr169n165dbN68mYMHD5oeHf7BBx8wceJEAgIC8qzGK38fVapUoU+fPmzYsMFULdPZ2Zly5crx7LPPsmDBAsqUKVPocW1sbHB1daVly5Z89913uLm53bF9amoqrq6u7N27l8uXL/9lSfF3Y21tTe/evVm+fDlJSUmmCrOzZ89m9erVDBw4kCFDhlCrVi3s7OywsbHh22+/ZcCAAbnG8vLyolOnToSEhNCvXz+OHj3Kli1bWLJkCaVLlza1c3V1BWDmzJn8+9//vmuMOe1Pnz59n1Z9Z3ndI4WN+ejRo0yePNn0d5yvry+Ojo6UKVOGK1eu8OKLLxYqppz7q7jvlzv5YxXWB1V9tVW5crf/4OaGw9WrHImP52JmJsbMTMjMxAqwzsqihNFIVlYqaalnuJoM6ekxJCakEH88gauJAIlAKgC2NuDiAha2FqRgjZWtDacsE7l4MYvUq4mUsasKd6jwKiIiIiLyMNA7GyJyX+QkTy5ZsuSubd99913GjBnzAKKSgijMtfvxxx/x8fEx/ceLrqWIiIiIiIiIPC4sLS1zJXmlp6eza9cuSpcuzYwZM2jbtm2Bx7OwsMDPz4+lS5cSGhqKj4+PqcKon5+fWdW5EiVKYGNjQ506dVi8eDE1a9a86/jp6elYWFiQlpZGenp6geO6X8qWLUv58uXNHlFtbW1NhQoVGDRoEG+99VaBqhPGx8fz888/M3DgQAIDA7G1tb1vMdrZ2QFw6tQpjEbjX1KFtShrzlGqVCmeeuopnnrqKQAyMjLYvXs3U6ZMYe7cubRr145GjRrd95jlwVm0aBEtW7bkySefzPO80Wjk8uXLAJQvXx64fd96eHiwceNGYmJizKo1F5SNjQ1ubm4sWLCAffv23TWB9Y/to6Ki8PT0vOsc2dnZGI3GQsW1b98+Tp48SZ8+ffKtMHz9+nUuX76Ms7MzVlZWpKSkcOzYMdq3b88HH3xA5cqVCzSXk5MT/v7+/Pvf/+bQoUOEhYXh7e1N8+bNzdpVqFCBhg0bEh4ezqBBg3BycrrjuI6OjtSsWZPjx49z48YNs2TYoijKPVLYmOPi4jh27Bhz585l6NCh9xQvFO1+edD+WHX1QVRf/bNqpUvT392d605OUKcOpKUBcPjwYZYvX046Z4BE0tMhMTGD+OPpRP+cyMV4gP/9nW5pAVbWYFvVGrsmLrhUtYDEZK4mppGRng52D3xpIiIiIiKFpufLiMgjJykpiWeffZZnn332vjzORkREREREREREHm8//vgj27dvJzs7O982mZmZnDp1CoBKlSoBtxOHsrKyKFeuXJ5JU0aj8Y5jPvHEEzRt2pQ9e/Zw8OBB9uzZQ8eOHXMlKllZWdG8eXOOHj3Krl27CpQUZm1tTd26dYmLi2Pfvn159snv8eJ3cvXqVebOnWtKmMrP5cuXSUhIwMXFBXt7ewDc3d1p2rQpO3fuLNAj0HNiTElJoUqVKnkmr95tj++kZs2a1KtXj/Dw8ALHU1hFWXN+rKysaNu2Lb6+vly8eLFYEpPl/vr9999p1qwZI0aMYM+ePaT9fxJbdnY2586dY8aMGUybNo3evXubkpVtbGzo2rUrKSkpDBkyhB9++IEbN24At1+nzp49y/z58/nss8/ynddgMNClSxfc3NwYNWoUixYt4sqVK6a5L126xIoVK5gyZQppaWlm7ceNG8eaNWtMsV67do0ff/zR1BZuJ9kePnyY9evXF+o+vXnzJn379qVbt25s3LiRxMRE02vXtWvX2LRpE6+//jpWVlb4+/tjYWGBlZUVLi4uxMTEsHfvXjIzM83az5s3L9/5OnToQJ06dZgxYwYbN26kTZs2VKhQwayNu7s7nTp1Yv369QQEBHD48GHTHGlpaRw6dIhx48axe/duU3svLy/Wrl3Ld999R1paGkajkQsXLjB9+nQ+/fTTAu8HFO0eKWzMOa/Tu3fv5vz588DteykuLo7p06ezd+/eQsVc2PuluIwePfqBVV/9szIlS1Lf0ZFWbm608vKiVatWtGrVivr161OmTBmysjJITU0kMSGR+GMZnI+3B6tauFRqimuFlniUb41H+da4ubSmkl1rbLLqkfx7GRLis7h6OY3UtFQyVXlVRERERB4RSmAVkfuqXr167Nmzh6SkpHy/VLHz4VSQa+fj4wPAmDFjdC1FRERERERE5G8jJSWF3r17069fP9asWcO5c+dMyT6ZmZmcPHmSyZMn8/nnn+Pj42OqtFqyZEnKlStHdHQ0a9eu5erVq6Y+R48e5Z133mH27Nn5zuvo6Iivry/79u1j4sSJbN++HT8/vzwTNVu0aEH37t0ZP348EydO5OTJk2Yxnjt3jpUrVzJt2jRu3rwJQPPmzalVqxaffPIJwcHBZGRkYDQaSUhIYP78+bzxxhuF3qvs7Gy2bNmCj48PU6dOZf/+/abkObhdHTE0NJThw4cTHR2Nn5+fqSqgo6MjTz/9NAcOHGDAgAGEhoZy/fp1U98bN26wf/9+xo4dS1RUFABlypShVq1ahIaGmiWnXb16lTVr1jBs2DCOHj1a6HXA7SQvX19fwsPDGTVqFAcOHDCNf+PGDXbv3s3bb79NXFxckcYv6pqTkpJ4++2387wXf/vtN/bt20etWrWK9Oh4ebhYW1uTnJzMl19+iY+PD7a2thgMBiwsLKhSpQpvvfUWtWvX5oMPPqBczuPHAX9/fyZMmMCJEyfo2bMndnZ2GAwGSpYsiaurK0OHDjW7z/Li7e3Nhx9+SHJyMq+88grOzs6mucuXL0///v35/fffTe0bNWrEm2++SVJSEn379jXF6ujoSLdu3czatmnTBjc3N8aOHUupUqVMCY2JiYl3jKlkyZI4OzsTEhJCr169KFu2LCVKlDDN0717d+Li4vjwww9p2bIlYJ7Q+/TTT1OyZElT+4EDB95xvsqVK+Pj40NQUBAJCQl0797drPp1zjUaM2YMffv2Zfny5TRo0MA0h62tLQ0bNiQwMND0gQAHBweGDx+Os7MzQ4YMwdbWlhIlSlCpUiVmz56Nq6vrHWP6s6LcI4WNuU6dOnTp0oUlS5ZQuXJl071Uo0YNtm/fbvoQQmEU5n4pLn+swvqwyUhPJzExkfjjiUT/nE7iOXfq9XiZ5yZMYMS77/L222+bfT3j+wy2Z21J3JVIRqI+3CAiIiIijxbL+z2gy4SV93tIESmgxCnPFXcIIiIiIiIiIiIijxxra2vs7OzYunUrW7duzbedj48PH374IdWqVQPAwsKCZ555hq1bt/LRRx/x0Ucf5WrfsmVLQkND8x2zTZs2eHt7s2fPHpo1a5bvI+HLli3LxIkTuXHjBl9++SVffvllnu0GDRpk+rOnpydvvvkmo0aN4sUXXzRrZ2dnR6NGjYiNjc&quot;
08-31-2019 12:58:53 Wire.java DEBUG [Forwarding screenshot on session 7924db1cdca3d9f58beaf776318b9ec1 to remote] http.wire 87 - http-outgoing-3 &lt;&lt; &quot;03tryUKFGCUqVKceXKFWbOnMnMmTPzbGdnZ8fYsWMZNGgQBoPBdLxnz54kJiYyZcoUnn/++Xzn6dWrFwA1atSgf//+vP/++/j5+eWao3PnzndN1MuPpaUlw4YN4/fff2flypWEhITkalOvXj1ee+21Io2fo7BrhtuP9P7qq6/ybGdnZ8ekSZOoWbPmPcUlxW/MmDH079+foKAgNm/ezM6dO0lKSsLe3p5WrVrx0ksv0atXr1yPobe0tGT06NF07NiROXPmEB4eTkxMDG5ubvj4+NC7d2+6det2x7kNBgPPPfcczZo1Y/bs2Wzbto0DBw7g7OxMy5Yt6dGjB08//TQ2NjamOQMCAmjatClfffUVW7Zs4dSpU/j4+NCnTx+ef/55U1tvb28WLVpEYGAgYWFhuLm54eHhQcmSJe8YU7NmzTh58iTh4eGsWbOGXbt2ERMTA0Djxo3p06cPAwcONL0G5+jZsyfff/+9aT5PT0/8/f0ZMWIEERERhIeH5zmftbU1PXv2ZPHixfj5+VG3bt0821WoUIGvv/6avn37snTpUtN1aty4MW3atKFfv36m4g8Abdu2Zd26dXz44YcEBwfj7OxMnz59GDlyJMuWLWPt2rV33Ic/Kuo9UpiYnZycmDt3LrVq1eKbb74hKSmJVq1a8eqrr9KiRQsGDx5c4HhzFOZ+kdxSU7I4czyVMmXK4GjhQUW3VjTzak29+vVxT0/H8U/VVR0cHDgZc5L/nkrj5sXTXLt2jYziLXArIiIiIlJg9z2BVUSkoFJTU5k4cSILFy5k4sSJBAQEYGlp/rK0bt063njjDTp27MisWbOIiYmha9eupvM1atQwa//jjz+a3nQxGo0cOXKEb775hh9//JEzZ85Qo0YNevbsyauvvkrFihXN+sbGxjJ48GCaNGnCxIkTiYqKYsmSJWzfvp2SJUvSo0cPxowZQ5UqVfJcz+nTp5k/fz6hoaHExsbSoEEDunfvTokS+Re7zs7OZteuXXzzzTeEhoZy5coVGjRoQL9+/RgwYAAODg559omIiGDRokX88ssv3Lp1Cx8fH3r27ElycvKdN/0+Wb16NUOHDmXevHn07dvX7Fxh9/1uCruvRqOR3377jaVLl5r6ODk50axZM7p06UK3bt3MqhWIiIiIiIiIiPTs2ZO2bduyZ88eNm7cSHR0NIcOHQLA1dUVb29vunfvTpcuXXJVR61VqxYLFy5k5syZ/PDDD6b3ap577jm6devG7Nmz75jAWrVqVTp06MC+ffto164dlStXzreth4cHy5YtIzg4mB9++IFffvmFK1eumGLs1q0b7dq1o1SpUsDtBLU+ffpQoUIF5s+fz/bt23FycqJdu3YMGTKEGzdumL3XVhCOjo4sWbKEuLg4QkJC+OWXXzhw4IDp8eNNmjShffv2PPvss9SsWdMseRVuJzW9+uqrtGvXjjVr1hAaGmra65y+Xbt2pX79+qb2w4YNo2rVqsydO5d9+/ZRo0YNfH19GThwICVKlChSclWOsmXL8umnn/Lss8/yzTffmPa0QYMG+Pr60rt3b5544okij1+UNTs6OhIYGEhwcDDbtm1j3759pKSkUKNGDVq0aMFrr71G3bp1c+2tPHoMBgOurq4MHz6c4cOHF6pviRIl8PLyyjfR+Y8mTJjAhAkT8pz/iSee4JNPPilwvD4+PmbJmvm169ChAx06dCjQuH/k4OCAv78//v7+Be5zp/nc3d1zJfD/UceOHQuUBG9jY0Pfvn1zvR+eXzxeXl6sWrUq17n8rsWdxirqPVKYmJ2dnZk6dSpTp07NdS44ODjXsYKso6D3y53GatWqFUaj8Y79/46SE+H4LqhfrxrdffvTyLs1LhUqUCY9ndLZ2bnaV6tWjf79+7N3fzWCQpdzPPowyYmA24OPXURERESksAyrVq0y1qpVy+xgo0aNivzLQE4FVlWCFHlw/vxzl/PGZWF/jgvaL6ddUlKS6djNmzdNj7latGhRrsTS/MTFxTFs2DASEhL4z3/+Q6tWrUznjh8/TkBAAACzZ8+mVq1aREZG3vFN9ZwE1szMTBYvXsyUKVNISUnJ1c7b29s0Zo6cBNby5ctTqlQpNm/enKufj48P8+bNy/UJ7507d/LGG2/csWLFn5M9U1NT71ilolu3bsyaNcss2TIzM5M5c+Ywffr0PNcFt6tCFOYaFOXa5ZfAei/73qRJEwIDA03/wQKF31ej0cj69esZM2aM6T9N/uzdd99lzJgxd12jPDg//fQT/fr1K+4wRERERB4qq1atonPnzsUdhojII83JySnP43m9tyUicr9s2bKlQAmDIvL3sXr1ajp16nTP4xw+fJjly5cTHR0N3P7/nv79+5s+4PBX9xcRERGRh0t+723luNf8sGvXrgHw66+/FiG6e5fzFKL8ywKKiBRBdHQ0zZo1w9nZOd+v6dOnm9p7eHgwadIkACZNmkRcXBwAycnJfPrppyQkJDBp0iRTwqOPjw+xsbGmT1PHxsaSlJRk+sr5JG9oaChTpkyhbt26bNiwgQsXLpCUlMSJEyeYPHkyMTExfP7556SmpuZaw9atW7ly5QorVqzg7NmzJCUlER0dTZ8+fYiMjMz1GLnTp08zZcoUEhMTmTZtGidOnCApKYmEhAR+/fVXXn/99VxzGI1Gli5dysyZM+nevTvbt28nISGBxMREjhw5wuuvv87mzZtZsGABWX94FExoaCjTp0+nZs2arF271rSuc+fOERwcXKRPtBfk2rVt27ZAj5O7l33/s6Lsa0JCAsuWLeOJJ54gODjYNP+FCxc4cOAAgYGBuR6lJCIiIiIiIiIiIiIiUtxyKqm+/fbbvP322/Tv3z9XQZW/sr+IiIiISHGwvHsTEZG/VsuWLRk+fDhjx45l7ty5jB8/niVLlhAUFMTMmTNp2bJloca7fv06q1atwt3dnc8++8ys2qejoyPDhg3j6tWrfPvttxw/ftyU0Z/jmWeeYfr06Tg6OpqOVa5cmcGDB7Nu3TqOHDlCeno61tbWAGzatInIyEgCAwMZOnSo6ZMKlpaWVKtWLc9Ptp49e5bvv/8eX19fZsyYQfny5U3nKlWqxJgxY7h8+TLbt29nwIABuLq6mtbl5OTEjBkzaNy4salPqVKlaNCgAdWqVSMhIaFQ+3W/3Ou+/1lR9jUpKYnz58/TsmVLGjRogJWVFQBWVla4ubkxbNiw+7hiERERERERERERERGR+6NMmTL3VC31XvuLiIiIiBQHJbCKyH1V2MfXw+3S1AMHDiQuLo6FCxdy7tw5oqOjefnll+nRo4cpcbGgzpw5w5EjR+jZsyceHh65zltaWuLp6cnFixc5efJkrkRKe3t7s8fY5yhfvjz16tUjKyvLVH47JSWFQ4cOUa9ePTp16lTgWOPi4tizZw8zZ840S179YwzVq1cnKCiIixcv4urqalpXx44dqV27doHmKYyiXLs/utd9/6Oi7qudnR2Ojo6EhYWxdu1a/P39zRKRRURERERERERERERERERERETk4aAEVhF5KNja2jJmzBjOnDnDjz/+SLdu3Rg5cqSpymlhpKSkEBcXx6xZs5g1a9Yd22ZmZhY1ZAAyMjK4dOkS5cuXx9nZucD9Ll26BMCoUaMYNWrUHdtmZWUB/1tXv3798kywLW73c9+Luq9Vq1ZlyJAhjBkzhhEjRjBixAhcXV3x9vamQ4cO+Pn5Ua5cuQKPJyIiIiIiIiIiIiIiIiIiIiIif40SxR2AiEgOg8GApeXtvPrExETS0tKKOSJ51BgMBvr06cPu3bv5/PPP6dOnD9bW1nz//feMHDmSTp06ERERUdxhioiIiIiIiIiIiIiIiIiIiIg89lSBVUQeCqmpqXz88cccPnyYwYMHs2rVKr744gvef/99bG1tCzWWtbU1FSpUYNCgQbz11lsFfvx8UZQoUQJLS0tSU1PJyMgocD87OzsA/vOf//D8888XqI+FhQV2dnbcvHmTrKwsLCwsihTzX+V+7ntR9zVHuXLlGDBgAAMGDADg6tWrrFmzhsmTJ/PVV19Rv359HBwcihyfiIiIiIiIiIiISF7c3d1ZvXp1cYchIg+Qu7t7cYcgIi&quot;
08-31-2019 12:58:53 Wire.java DEBUG [Forwarding screenshot on session 7924db1cdca3d9f58beaf776318b9ec1 to remote] http.wire 87 - http-outgoing-3 &lt;&lt; &quot;IiIvLIUgKriBS7rKwsFi5cyMKFC3n//fd59dVXsbGxYfbs2VStWpWAgABTZdY/ysjIyDO50d3dnaZNm7Jz504uXLhApUqV/rLY7e3tqVu3Ll999RXHjh2jYsWKudpkZWXlOlanTh28vb355Zdf8Pf3x97e/q5zVa1alUaNGhEVFUVCQkKudRmNxjznelDu574XdV/z4+joSJ8+fQgODiYlJYXMzMwixyYiIiIiIiIiIiKSnxo1alCjRo3iDkNERERERETkkVCiuAMQEdm9ezcLFixg4MCBvPLKK9jY2DBy5Ei6devG3Llz2blzp1l7W1tbqlWrxo4dOwgODubmzZtm5x0dHXn66af/j737Dqu6/v8/fj9wZAkkoihO3AtFRUXFvU1zVM5sWA60sjJXqJXp10qT1idTs3LkRzNzpKa4FVBJcWIGbilxMBRQBIHz+4Mf708nUHFi9bhdl9f1eb9f6/l+H9HP5fXoedi/fz8DBgxgw4YNJCUlGeNXr15l3759BAYGsnfv3nuq3dbWlhYtWgAwdepU9uzZQ0ZGBllZWZw+fZpp06Yxfvz4XOvKlClDt27dWLJkCUOGDGHnzp3Gc1gsFi5fvkxoaChjx47lxIkTQHZX0SZNmhASEsKHH35IbGwsFouF9PR0du/ezYgRI1i4cOE9Pc+9uJ/v/W7f6969exkzZgyhoaFcvnwZi8UCwPXr1wkPD+fYsWOULFkSBweH+/jkIiIiIiIiIiIiIiIiIiIiIiJyp9SBVUTuq8jISBo1anTLOW+99RajR48GIDo6mnfffRcPDw+GDx+Ok5MTkB3WHDZsGMOHD2fy5Ml88cUXVK1aFQAHBwfatWvHsmXLGDlyJCNHjjT2XrduHX5+fnTr1o34+HgmT55M3759b1pL9+7d7/WR8ff3580332TSpEl07NjRaszNzY3q1auza9cuq/u2tra89NJLXLlyhaCgIIKDg/Pc29vbm8GDBxtrBg0axJEjR1iwYAELFiywmlu9enW8vb3v+Xnuxf1873fzXjMzM5k7dy5z587Nc09vb29eeukl4/eZiIiIiIiIiIiIiIiIiIiIiIgUDHVgFZECc/nyZd5//32ioqJ44403jIBqjqZNm/Lmm28SERHB+++/z+XLl42xDh068MUXX9CyZUsAnJ2dadmyJc7OzgCYzWYGDRrEpk2bGDVqFHXq1DHWNmjQgFGjRrF582Z8fX3v+TnMZjMBAQHMnz/fqKdy5coMHz6crVu38sILL+S5zsnJicDAQIKDgxk6dKjxtVI5z/Luu+8yd+5cKlasaKwpXrw4n3zyCW+//bYx39/fn48++ojVq1fToEGDe36ee3E/3/vdvFcfHx9++uknhg4dmuvst99+m+XLl1OvXr378KQiIiIiIiIiIiIiIiIiIiIiInIvTEuXLrX8NTRWt25d42uX75T7xO8BiJ/c556Lk7+P+Ph4nnnmGaOLpI+PD99//z3VqlUr4Mr+Hf76c2cymQDu+Oc4v+ty5iUkJNzR/iIiedm4cSO9e/cu6DJEREREHilLly6lffv2BV2GiMjfmpubW5739W9bIiIiIiIiIiLyqLvZv23luNd82JUrVwA4cODAXVR37+rWrQs8Ah1Ys7KyiIyMZOLEiTRp0gSTyYTJZMLd3Z1OnToxbdo0jh49SlZWVkGX+o907tw5Wrdubbz3UqVKERERcdP5YWFhuLq6GvMHDhzI1atXH2LFIiIiIiIiIiIiIiIiIiIiIiIiIvJ3V6AB1vPnzzN48GBq167NlClT2L17tzGWkJBAcHAwY8eOpWbNmowdO5br168XWK1RUVHUrVvXCG4GBASQmppaYPXcLyVKlKB58+bGdWxsLCWnpggAACAASURBVDt27MhzbmZmJsHBwSQnJxv3mjVrRuHChR94nSIiIiIiIiIiIiIiIiIiIiIiIiLyz1FgAdYLFy4QEBDAN998k6/5ycnJd9zuVm7P1taWjh074uLiYtwLCQkhMTEx19yLFy+ya9cu49rPz482bdoA4O7uzvr167FYLFgsFg4cOEC1atUe/AOIiIiIiIiIiIiIiIiIiIiIiIiIyN+OuSAOzcjI4LPPPmPVqlXGPRcXF8aPH8/zzz9PiRIlyMzM5OjRo8yZM4f58+cXRJn/GjVr1qRdu3asWLECgN27d3Ps2DEaNWpkNe/XX38lPDzcuPbz86NUqVIPtVYRERERERERERERERERERERkfvp4sWLnD9//p4a7JlMJlxcXChZsiQeHh73uUKR/Dv3x7mCLkHuQanS/648XoF0YI2KijLCkpAdXp01axZjxoyhZMmSmEwmzGYztWvX5rPPPmPdunVWHUKjoqKoW7cuJpMJk8nE5MmTrfaPj4+nU6dOxninTp2Ij4/PNWfOnDl0794dLy8vY26TJk0IDAxk27ZtpKamAjB58mSqV6/OwYMHjfWzZ8/GycnJWBcWFpbn/k888QTu7u6YTCa8vLzo06cPS5Ys4erVq7neS1hYmLGfyWRi0aJFxMfHExQURP369TGZTDRu3JjFixeTlpYGwNWrV/nyyy9p3LixMf7NN98Y4/lRpEgRmjVrZlzHxsYSGhpq9RdyZmYmmzdvJjk52bjXtm1b7O3tAUhNTSUgIOCW7xwgLS2NjRs3MnDgQKpXr47JZMLV1ZV27drxn//8x2rNX/esU6cOv/32m9V+y5cvN8ZLlSpFRESE1fjs2bOt3unGjRuNsaysLHbt2sVrr71GkyZNjDk5n9Ps2bOJiYlR518RERERERERERERERERERGRf6iTJ08SHR1NUlLSPWVELBYLSUlJREdHc/LkyftYoYjIP1eBdGANDQ3l6NGjxnXPnj3p2rUrJpMp11yTyYS/vz/+/v737fwdO3YwZMgQoqKico3t3r2b3bt38/777xMaGnrH51osFoKDg3n99ddz7X/mzBnOnDnD0qVL8ff3Z/bs2dSqVeume23atInp06dbBWfDw8Pp378/U6dOpWnTpowePZo9e/ZYjYeHhxMfH8/IkSOxtbW9bc0mk4l27dpRpUoVjh07BmR/RgMHDsTNzQ2ACxcusGvXLmNNu3btaNiwYf5eyp+e/4033rAKLwMkJyezefNmNm/ezHfffccXX3yBr68vjo6ONGzYkNmzZwNw+PBhoqOjqV69OgDp6emEhoYa+8TGxrJ37158fX2N8T9/Bk2bNqVq1apAdvB3/PjxfPrpp3nWmfM5DR06lI8//hhHR8c7elYRERERERERERERERERERERebRdvHiRc+eyu1VWrFgRDw+PfGVt8pKZmcnFixc5efIk586dw9nZWZ1YpUC9+eq4gi5B7sCMzz8o6BIKxEPvwPrXUCFkBwtdXV0fyvmnT58mMDAwz/Dq/RAREUFAQMBt9w8LC2Ps2LGcP3/+pnPmzZtnFV79s8DAQFq1amUVXv2zlStX8vvvv+e77kqVKlmFdTdt2sSvv/5qXB85coRt27YZ102aNLmjv2QvXLjAa6+9liu8+lfh4eH83//9H5cuXQKgYcOGVKlSxRjft2+f8V+7xMbGEh4ebrV+//79RufcuLg49u/fb4z5+fnh6emJxWJh7ty5eYZXRUREREREREREREREREREROTfISe3U7FiRTw9Pe86vApga2uLp6cnFStWtNpbRERu7qEHWDMzM7l27ZrVPWdn54d2/qFDhwgLCzOuZ82axY0bN7BYLMZ/CbFmzRp69eplzJk4cSK//fYbPj4+xr2hQ4dy7do1LBYLFosFf39/0tLSWLhwIWfOnDHmjRs3joSEBLKysoiOjqZLly7G2Nq1a1m2bNlNa33llVc4deoUWVlZJCQkMGjQoJuOx8bG0rdvX2Ns586ddxRgLVy4MM2aNTOuk5OT2bp1KxaLhfT0dNatW2eMubi40LFjxzv6S3vNmjWsWrXKWD99+nSuXLmCxWIhLi6OYcOGGXNXrFjBgQMHAChfvrzVez9y5AhJSUkAREdHs3PnTqtzDhw4YPwfgNjYWKsgcbNmzbCzsyMpKcmqc2urVq04deqU8Vleu3aNw4cP88EHH+Dk5JTvZxQRERERERERERERERERERGRv4/k5G&quot;
08-31-2019 12:58:53 Wire.java DEBUG [Forwarding screenshot on session 7924db1cdca3d9f58beaf776318b9ec1 to remote] http.wire 87 - http-outgoing-3 &lt;&lt; &quot;SA+9opNWevnL1FROTmHnqAtaAVKVLE6jowMJAXX3yRr7/+ml27dmFjY8Pjjz/O0qVLrTqS5sf58+fZu3evce3n58eQIUNwc3PDZDJRpUoV3nrrLVxcXIw5Bw8ezBXozdG4cWO8vLwwmUy4ubnRqlWrm46XLFmSzp0731G9f9WmTRv8/PyM67CwMOLj43N1Om3Xrh01a9bM977Jycls377dav1LL71kdN11d3cnICDAqtNqZGQkAI899hhNmzY17kdFRREbG0tmZiZbt24Fsjv4vv7660B2B9fDhw8D2WHX2NhYAHx8fKhVqxYAhQoVsvp9sG3bNvr27cu7777L2rVrOX36NFWrVmXs2LEEBQXh6OiY72cVERERERERERERERERERERkb+HjIwMMjMzgeymfPfjV85eGRkZBfloIiJ/Cw89wGoymXJ17kxJSXlo59eoUYOePXsa1wkJCSxcuJBBgwbRrFkzihUrRsuWLdmyZYvxVfX5df36da5evWpcV61alWLFilnNKVasmNEqHCAmJsb4yvt7dS9tzAFKlSqVK8B68OBBIiIirDqdNm/eHDc3t3zvm56ezsWLF43rFStWULRoUUwmk/HLx8eHY8eOGXP+/HvC398fT09PAA4fPkx0dDSJiYns378fyA4K9+rVy5ize/duUlNTjS6ukB32LVeuHABOTk60bdvWKkgcHh7OpEmT6Nq1KzVr1sTT05Px48eTkJCQ7+cUERERERERERERERERERERkb+PrKwssrKy7lt4NedXzr4iInJrDz3A6uDgQOXKla3u7d692yr4+SAVL16cmTNnMnjwYKsA45+FhITQo0cPNm7c+FBqelTY29vTtWtX4zo5OZl169axadMm416NGjXo0KHDQ62rYsWK+Pj4GNf79u3j6NGjhIWFAeDr60utWrWMjrl79uzh2LFjRidWgIYNG1p1Uu3duzfz5s2jdu3aeZ6ZkJDA1KlTeeONN0hKSnoQjyUiIiIiIiIiIiIiIiIiIiIiBSgncJqRkXFff/25G6uIiNycuSAOzemomfP17j/++CPt27enX79+mEwmq7kWi4WIiAhWrFjBhAkT8vw69/Pnz3P9+nUcHBzydX7JkiWZM2cOH3/8Mb/++iuHDh1i3759bN68maioKCA7vLl+/XpatWqFnZ1dvvZ1cHCgcOHCxnV0dDRxcXFWQdkrV65YdSMtW7bsI/UV9d7e3rRr184IrS5cuNCqQ6yfnx9eXl53tKfZbLZ6B+3atWPBggVGx9TbcXd3x9/fn/Xr1wNw6NAh0tLSSE5OpkaNGtStWxdXV1d8fHxYtmwZ4eHhrF+/niNHjgBQpUoVGjZsaLWnjY0NTz75JD169CAmJobIyEgOHjxISEgIYWFhJCcnA7Bx40aOHTuGr6/vHT2ziIjcmaVLlxZ0CSIiIiIiIiIiIiIiIiLyL5PTJfV+h03VfVVEJH8eegdWAB8fH/r3729cJycn8+qrr/LRRx9x/vx5LBYLGRkZnDhxgjFjxtCmTRvi4+ON+ba2tpjN/8vehoWFERUVhcViITU1lbCwMM6ePZvn2YsXL2bYsGFs2LCBa9eu4evry0svvcQXX3zB4sWLqVGjhjE3LS3N+Avlr2f++uuvxMTEWO1dsmRJGjRoYFyHh4czZ84cEhMTsVgsnD59mqlTpxrB3Zx34eTkdKev8IHx8PCgSZMmxvXFixeNMCdkh0//HNLND1dXV6s9N23axLhx4zh06BDp6elAdlA5MTGRbdu28fzzz7N48WJjvslkws/Pz7hesWIFH3zwAQANGjSgXLlymEwmWrdujYuLC8nJyXzyySfGe/bx8aF8+fLG+vj4eAYMGMCXX35JVFQUHh4edOnShcDAQH766SdefvllY25KSgo3bty4o+cVERERERERERERERERERERkUdfVlbWA/0lcjvHjx+nRYsWjBw5kuvXrxd0OfIXdevVYdEP81i/dTXrt65mxdqltO3QuqDL+kcpkA6s9vb2DB8+nMOHD7NhwwYg+yvbx4wZw5gxY267vnjx4lSoUIGIiAgADh48SN26dfN1dlZWFrNmzWLWrFm3nOfi4kKHDh2Mrq7u7u6ULFnSGA8JCaFatWrGdWhoKP7+/jz77LOsWrWKM2fOAPDBBx8YYcu/6tKlC08//XS+6n5YbG1t6dq1K3PnzrUK2kJ299WmTZve8Z4mk4lnnnmGHTt2sGrVKgAWLFjAggULbrqmQ4cOVte1atWiVatWbNu2zep+vXr1jO6uFSpUwNfXl23btlnV3rRpUx577DGrdXFxcQwfPvy2tXfq1MnqcxYRkQejd+/eBV2CiIiIyCNFHepFRERERERERETkz37//XeWLFnChg0b2Lt3L5D9zc/e3t60bduWjh07UqpUqVzffi1yN5o2b0KXbp2pUqUShZ0LY2trC2R3K069lkps7Hn27T3A5g1bOHsm5ja7idxcgXRgBahYsSJz587lueeey9d8d3d34wfhscceY8CAAVZfS/9nTz75JD4+Pnddm4uLCxMmTKBTp07GvSJFitC9e/fbrvX19WXWrFm3DT36+/szY8YMq1Dso6JKlSo0btw41/2mTZtSunTpu9qzRIkSfPrpp/Ts2fOu1hcrVox69epZ3fP09MTf39/qjD93es1rzp3w9/fnnXfewc3N7a7Wi4iIiIiIiIiIiIiIiIiIiIjci4yMDBYvXkzLli2ZOnWqEV4FiImJYd26dYwaNYratWvz+eefF2Cl8k/g6OTIpKlvM/6dsfg2qIfrY65GZg+ymyM6uzhTpWpl+vR/mqnT38O7Tq0CrFj+7goswArZ/xXAt99+y+HDh5kwYYJVaLJo0aJ07dqVmTNncvbsWaZMmYKdnZ0x3q1bN1avXk2PHj1wcXHBxcWFHj16sGXLFmbNmnXTYOiTTz7J1q1bGTFihNV5Li4uNG/enAkTJhAeHs7o0aOxt7c3xk0mEwMHDmTFihX06tWLokWLGuvatm1rhGlNJhOdOnUiLCyM2bNn06lTJ2OsfPny9O7dm8WLFxMcHPzIdvZ0c3OjefPmue537tzZ6jO4U+XLl2fp0qWEhobe9P2/9dZbbN26lSeffNJqrZ2dHa1atbK65+PjQ8WKFY1rW1vbXMHbv86B7N9bX331FTNnzqRbt26UL1/eGKtWrRp9+/Y1PqNatfQHrIiIiIiIiIiIiIiIiIiIiIgUjA0bNjB27FicnZ35/PPPOX78OPHx8SQkJBATE8PPP/9M3759cXZ2Ji0traDLlb+5CZPeolHjBlah1VsxmUyY8zlXJC/mgi7AxsYGb29vvL29mTx5cr7XmUwmWrZsScuWLfMcX79+fZ73HR0dadWqVa4wZH6YzWZ69OhBjx49bjvX3d2dIUOGMGTIkHzv7+/vj8Viuen4M888wzPPPHPX43fijTfe4I033sj3fEdHR2bNmsWsWbNuOc9sNuPv739XXVG7det2y/eT3zkmk4myZcsybNgwhg0bdsd1iIiIiIiIiIiIiIiIiIiIiIg8aGlpaWzdupWUlBRmzJhBr169rMYLFy5M48aN8fPzY+jQoRw4cKCAKpV/gvad2lKjZjVMJhMAWVlZHDoYyZqVawndsRNHJ0caNW5I85b+1PP1oXDhwgVcsfwTFHiAVURERERERERERERERERERERERKylpqYSExMDQLly5W46z2Qy4ePjg4+Pj9X9S5cusWzZMkJDQ4mMjCQmJgZnZ2d8fX15/PHH6dOnD66urgBYLBa+/PJLJkyYwGeffcaAAQPyPOu7775jxIgRTJkyhWHDhlmFHXft2sV3333Hhg0bSExMpE6dOvTu3ZsBAwYY5+RXVlYWERERLFy4kO3btxMTE0PZsmXx9fWla9eutG/f3vhW7BxxcXF8//33rFy5koiICNzc3GjTpg1DhgyhQYMGRq2QHQ7esGEDwcHBREZGcujQIQDq1KlDs2bNeOGFF6hcubLV/gkJCUYzw9mzZxMbG8vs2bP5+eefSUxM5Ouvv6Znz55G/WFhYXzzzTfs2LHDeB9NmjShR48e+Pr6YjZbR/fS0tIICwtj3rx5bN++nUKFCvHEE08wev&quot;
08-31-2019 12:58:53 Wire.java DEBUG [Forwarding screenshot on session 7924db1cdca3d9f58beaf776318b9ec1 to remote] http.wire 87 - http-outgoing-3 &lt;&lt; &quot;RoSpcufUfv7254epa0+nbulOQUflqxhp0huwBIvZbK9i072L5lB8WKF2NQwECq1aiaax9HJ0f69u+Ff4umeHgUx84+e88bN24QH5fA9i07WPLfH0i9lmqsaeLvR9fuj1Peqxwuri7Y2dkZn9eNGzdISbnKwf2HWPnjT/z2a5TVeXPmzaRc+bIAZGRksPS/y7h+PY0u3TpT3KMYadfT+M+nX7J5w1ajvie6d6FV2xZ4lvLEwcEek8lEVlYWKSlXOXHsBJs2bDHm/5XZ1szro17Fr0lDirgVyX43qan8snsvc2d9S9yluLt6//9WCrCKiIiIiIiIiIiIiIiIiIiIiIg8YhwdHSlbNjuYFxISkmfo8VZOnjzJ+PHjre6lpKSwfft249fHH39M8eLFMZlMtGnThqpVq7Jp0ya6deuWK3SakpJCWFgYVatWpU2bNkbA8Nq1awQFBREUFGQ1/9ChQxw6dIidO3ca5+RHRkYGX375JdOnTyclJcW4HxMTQ0xMDCtXrmT27NlWHWn37NnDm2++SWRkpHEvMTGRH3/8keDgYIKCgnjqqaeMmq9evcr8+fPZsmVLnjWvXr2amTNn5vkt01euXOHTTz9l3rx5VvVlZGQY72PKlCm5vsk6Z++cYOufA7Jnz57l5Zdf5ueff7Zas2DBAqKiopg9e/YtQ8wPgourCy8Ofp4KFcqz55cIon87ZozFXYrjg8nTc62pU7c2L78WQLnyZa0CwwCFChWipGcJevd/mlq1a/JZ0BecPZMd0K5StTI+9erk+fu7UKFCuLkVoVWbFnjXrsmnM/7DnvCIm9bdvFUzSpcphY2NzR3VZ2Njg6urC/V86+JezD3PAGshu0K8MPg53P5/cDWHk5MTLVs3x8XVhfGj375pbZJb7k9JRERERERERERERERERERERERECpS9vT2tW7fG2dmZqVOnMnjwYNasWcOZM2dIT0+/7XpbW1sCAgLYtGkT586dIyEhgbi4OA4fPswrr7zCzz//zLJly4z5FSpUoHXr1oSHh3P8+PFc+0VHR7Nt2zZat25NhQoVgOzOrQsWLCAoKIiuXbuyfft2Ll68SHx8PEeOHDHOmTt3LpmZmfl67uPHj7No0SKaNm1KeHg4Fy9eJCEhgXPnzhEWFsZbb71l1Sn07NmzvP322/zxxx/MmDGDkydPkpCQwPnz5/nhhx/w8vLio48+IirKunNnpUqVWLRoEcePHyc+Pp6EhAROnz5tBE+/+uorkpKSctUXERHB+vXref/99zlz5gwJCQkkJCTQq1cvMjMz+frrr5k1axatW7dm8+bNRv0xMTH8/PPPNGnSJFd4csuWLSQmJrJkyRJ+//13EhISiIyM5MknnyQ8PDxX0PZBiDn7O9dTrxvXJpOJMmVL8+zAZ/jsyyB+Wv8jcxfM4o3RI6hTt3au9eXKl2XYq0Mo71Uu1/P9mclkoqZ3DZ7q0/OOayxWvBhP9b75OrPZTNlyZfIMr+a3vlsxm825wqs5TCYTNWpWo32ntne197+VOrCKiIiIiIiIiIiIiIiIiIiIiIg8gjp06MCHH37IhAkTWLVqFatWrTLGcr6SvkuXLjRs2BB7e3urtQ0aNKBBgwZW92xsbChdujTPPvssW7Zs4eTJk6SlpWFvb4+9vT0tWrRg9uzZBAcH4+Pjg62tLZAdVN2yZQtXr16lU6dOxlm///47K1eupEOHDnz00Ud4eHgYZ3l6ejJ69Gji4uLYvn07AwYMMDrK3sqFCxeIjo7mqaeeokqVKsZ9BwcHatSoQY0aNazmr127lvDwcGbNmkWvXr2McKKdnR1t27bFxsaG559/nq1bt1K9enUAihYtyocffpjrbFdXV5544gnCwsI4fPgwcXFxuTrRNmnShFmzZuX5LL///js//fQTzZs35z//+Q+enp7GWOHChWncuDGNGzfOte6pp55i+vTpFCnyv3BkqVKlePHFF1m+fDlHjhwxPqcHZevm7fg2qk+bdq3yDIDa2dtRpmxpypQtTbuObTh04DDzv/mO337NDga369iGsuXKGPOTriSx4sefWPnjT5QtV4ZBQwdS28cbk8mEjY0Ntet4U7pMaf74/Q8AUlKucuL4SbZt2k5oyE5Sr6VSt14dejzdjUaNGxo1eZTwsFr3Z5mZmewJj2BT8GZCd+y0Ggt4ZTDlvf7XxdZisXDyxCmWLVnO1s3bKVe+LG07tKFF62ZYLJY831FGRgZ7wiP4efU6Ig//yoDn+/FEjy5GoNrOzo5SpUvdyWv/11OAVURERERERERERERERERERERE5BFkNpvp168fXbt2ZcuWLYSGhnLw4EH27t1rfCX97Nmz6dixI1OmTKFSpUpW6zMyMjh8+DA7d+5k//79xMfHc/LkSWJisr+6vVGjRlZhvfr169OyZctcgdOLFy8SFhaGn58f3t7exvwTJ07wyy+/EBQUZBVezeHi4kKFChVYs2YNFy5cyFeA9bHHHqNEiRKsXr2a2rVr06JFC5ycnPKcm5KSwqFDh2jWrBktWrTIs7Nm2bJl8fLysgrrQnaA8dy5c2zdupWDBw9y8uRJ4uPjOXToEADe3t5kZWXl2s/R0ZHChQvnWc+pU6eIiIggMDCQkiVL3vZZc7i4uODg4JDrvoeHB97e3mRmZt40VHk/ffHpLK6mXKVdxzY3fUbI7u5bz7cuRdyK8P570zh7JgbvOrUwm7PjiJYsCyHbw1i88HsAon87xvIfVlLOqxxFijwGgIurMxUrV+CP3/9gwbeL+OH75XTu0pE27Vvx/EsDKFy4MOZCZgoVKmR1tr29HcWLu+cZYLVYLJw8fjJXeBWgavUqVsHcc3/E8uGUjzh7Jvtn4eyZGL79aj7ffjX/ps99I/0GoTvC2BMeAcDPq4Np4t+YUqWzg8pms5miRd1uul5yU4BVRERERERERERERERERERERET+dWxsbMjKyiIzM9PoNHqvMjMzjb3vJxcXF7p370737t2B7GDqxYsXCQkJYc6cOQQHB+Pu7s60adOMsOeJEyeYMGECwcHB+T7Hw8OD9u3bM2HCBA4cOGAETvft28f27duZMmUKRYsWNeZfunQJgJEjRzJy5Mhb7p3zbm7H29ub4cOHM336dPr37w9A5cqVadSoEe3bt6dNmza4uLgAkJ6ezqVLlwgNDaVmzZq33LdBgwZGCPTatWt88sknzJo1i5SUlHzVlR8576N8+fJ3/TX1BSn1Wipffj6HH5Ysp3XbljRu2ohSZUrh6uqS589I2XJlaNWmBQu+XYSzs7Nx32Rjoku3znTp1vmmZ5ltzdjZZYdTO3ZuzwuDnsXtAYY//1wfQMzZGCO8erf++P0PMjIy7mmPfzsFWEVERERERERERERERERERERE5F/H2dmZpKQk4uLiKFGixH3ZMy4uztj7QTKbzZQqVYo+ffpQr149Bg0axKFDhzh37hyVK1cmLi6OSZMmERwczFNPPUX//v3x9vamUKFCODs7c/r0aV588cVc+5pMJtq0aUPVqlUJDg6mbdu22NrasmPHDqpWrUqbNm0eeDDTbDbzyiuv0L17d9auXUtoaCiRkZH897//5b///S++vr588cUXVK1a9a72z8zM5Ouvv+ajjz4y3l3Tpk1xcXExwr+BgYHs3bv3fj7W30rcpTh+WPIjPyz50bjXum1LunTrTE3vGkZA22w2417M/Z7Oql6zGv2e7WOEV7Oysog6Gs3uXb/wR8wfVKpckV79njK6u8o/iz5VERERERERERERERERERERERH51ylevDhJSUmcOnUKgGLFit11J9bMzEzi4uKMvYoXL37f6rydYsWK4eHhwcWLF417p0+fZtu2bTz33HNMnTrVCGbmR4UKFWjdujUrV64kOjoaBwcHtm7dSuvWralQoYLV3Jyg7syZM+nbt+/9eSCyg7TlypVj2LBhDBs2DIvFwqVLl/jqq6+YMWMG8+fP55133sFsNuPs7EzLli356quvKFas2G33vnz5MmFhYXh7e/Pll1/mCsJev379ruvOeR9nzpzBYrH8rbqwvj7qVXzq1WbJoh8I/nljrvGtm7eTmJDI6MCReYZW09PTjf9tsVjYvi&quot;
08-31-2019 12:58:53 Wire.java DEBUG [Forwarding screenshot on session 7924db1cdca3d9f58beaf776318b9ec1 to remote] http.wire 87 - http-outgoing-3 &lt;&lt; &quot;WED6ZMv+25zzzXF/di/+vqez72Ah998Al//P4HABUrVbjZ0jvy5/oAypYrS7nyZe+5C6vcGwVYRURERERERERERERERERERETkX8fd3Z1r164RGxvLqVOnjPDpvfL09MTd/d66UkJ20HLJkiU8/fTTtwxmxsXFcfHiRdzd3XFxcQGyA7UpKSmULl06z/CqxWIhKysrz/3s7e1p2rQps2fPZufOnbi6unLu3Dk6deqEvb291dyaNWvi6+vLjh076NKli3H+/WYymfDw8KBPnz4EBweTmppKVlYWLi4uNGrUiA8++IDDhw/TunXr2+6VlZVFRkYGHh4eeb5Xi8VCZmbmXdVZpUoVvL29CQkJ4ZlnnsHT0/Ou9ikIJpMJz1KevD7qVZ55ri/7Iw6yL+IAv+zeQ+q1VOrWq0OXbp15rMhjxprU1Osciz4OQNTRaCpVqojJxoTJZKJp88a8/V4gWzZtI3THTgDq1quDb6P6+DVphIOjA0EffIKtra1V0Nf1MVcaLdwVvgAAIABJREFUN23Ej0tX0NDPF+86tbC1ubtg+Z/9uT6AUqU9GTn2NVb9uJqtm7dTrnxZmrX0p32ntqSnpTN04Mv3fKbcngKsInJfXL9+ncDAQObNmwfAyJEjGTduXK723X+et27dOvz8/AqiXBEREREREREREREREREREfmXM5vNlClTBicnJy5dukRKSspNQ523Y2Njg7OzM8WLF6do0aL35evOs7Ky2LRpE9OnT2fgwIE8/vjjVKtWjcKFCwOQlJTE7t27+fDDD4mMjGTq1Kl4eHgA8Nhjj1G1alU2bNhAq1atqFevHmazmcuXL7Np0ya+/PJLfv31Vxo1apTn2Y0aNaJly5Z8++23FCpUiFatWuHj45NrXpkyZejWrRvvvPMOiYmJvPrqq9SvXx8HBwcsFgtXrlwhMjKS1atXM2TIECpVqnTb5161ahWRkZF07tw51/Pu3LmT06dP07lzZwoVKoTJZKJjx46sWLGCQYMG8frrr9OrVy88PDywsbEhPT2d2NhY1q1bR1ZWFsOHD8fBwYGSJUvy008/sWbNGp5++mmcnJxIT09n3759fP311/z44494e3vf8Wfm5eVFhw4dCAoKYuTIkYwZM4batWtjNpu5evUqhw8fZsWKFfl+FwXBZDLhUcKDjo+3p+Pj7W86z2Kx8Nuvv7F541YAVi1fTU3vGlSo6AWAnZ0dTZs3oWnzJnmuj4+LByAhIZEbNzKMnxln58IMHvYig4e9eD8fK1d9JpOJ6jWqUX1CNcZOGGU1V11ZH54HFmB1n/j9g9paRB5hzs7OODo6smbNGnr27EmtWrUe6HnHjx/nxRdfpEGDBkydOhUHB4cHep6IiIiIiIiIiIiIiIiIiIj8Mzg5OXHlyhXc3Nxwc3O773vfKxsbGxwcHEhMTCQoKIigoKA85zk7OxMYGMgLL7xgdLKsXLky/fr1Y9KkSXTs2DHX/Pbt25OUlHTTsz08PGjfvj0TJkwA4Nlnn6VIkSK55tna2vLSSy9x5coVgoKCCA4OznM/b29vBg8enK/nTk9PZ8aMGcyYMSPP8datW9OvXz9sbbO7claqVImpU6fy5ptv8s477/DOO+/kue6tt94Csj+bfv36ERISwuuvv87rr7+ea//mzZuTmJiYr3r/zGw2ExAQwB9//MH333+f5/u4k3fxMGVkZGCxWKy6od5MZmYm+/Ye4NMZ/yH1WiqQHfr88vM5vPxaAOXKl83XPgCbN27Fv3kT6tb3yXONJcsCJvK9382cPRPDN3PmMfTlwZQuU+qe95P7Qx1YReS+8vLyok+fPnz44YcsWbKECRMm5GofLyIiIiIiIiIiIiIiIiIiIlLQzGYzjz32GNeuXePGjRtYLJZ72s9kMlGoUCGcnJzuSwfWIkWKMG/ePE6cOEFwcDA7duxg//79RrCyQYMGtGrViqeffpoqVapYBfJygpRlypRh1qxZREREULlyZTp06MBzzz2HjY0NL7548w6XJpOJNm3aULVqVSA71HkzTk5OBAYG0rFjR5YvX87mzZs5fvw4zs7O+Pr60rp1azp16kTFihXz9dydOnViyZIl/PTTT/zyyy9Wez3xxBP07ds3V0C4YcOGrFy5ktWrV7NmzRrCw8NJSUmhcuXKNGrUiG7dutGkyf86gTZt2pQFCxbwySefsHnzZgoVKkSLFi0YMGAADRo0YNKkSezduzdf9f5VsWLF+OSTT3j66af57rvv2LFjB4mJidSpU4cOHTrQs2fPfL+Lh+nzj2cSsXc/rdq0oHKVSrgXK4qdnZ3x+yozM5OkpGSOR59g3dpgdobsyrXHoQOHef3lUTzRvQut2rbA07MkDo4Oxh43btwgJeUqJ0+cInR7GAf2HwJgxoef8uLg52jUuCGFnQtjMpmwWCyc+yOWwwcjadexzX35mdoTHkHk4V/p278XTZo1prhHcRwc7I3zUlJSOB59gh3bQu/5LMkf09KlSy05f9DkqFu37j3/gSwiBSfnD/07/TnO77qceQkJCca969evExgYyN69e/nss8+YO3cuISEhzJs3j3r16uWaN2/ePNatW4efn98d1fhX6sAq8ve3ceNGevfuXdBliIiIiDxSli5dSvv2N/9qJhERub2bdc7J69+2RERERERERET+Kc79cQ6AN18dV8CVyJ2Y8fkHAJQqXQq4+b9t5bjXfNiVK1cAOHDgwB2tv1/q1q0LgE2BnC4i/2jOzs7079+f9PR0li5dSlpaWr7XZmVlERISwsCBA6lUqRJFixbliSee4KuvvsrVuv6HH36gUaNGREZGMm/ePEqVKkXRokUpWrQoLVq04Pjx48Zci8VCZGQk48aNw8fHh6JFi9KoUSOmTJnC+fPnc9VhsViIjo5mwoQJNGrUiKJFi1KpUiX69evH/PnzuXTp0t2/IBERERERERERERERERERERERkX+5e++rKyKSh/r169O5c2dWrlzJE088QdOmTW+75tq1awQFBREUFGR1PywsjLCwMJYvX87nn39O5cqV76iWjIwMvv32WyZPnkxKSopx//jx4wQFBbF9+3a++OILo+29xWJhxYoVjB492mi7D5CYmEhwcDDBwcFcvHiR0aNH31EdIiIiIiIiIiIiIiIiIiIiIiIikk0dWEXkgXBwcGDAgAEALFu2jOvXr992zdq1awkKCqJ169Zs3ryZixcvEh8fz5EjR3jllVcIDw8nKCiI5ORkAHr16sUvv/yCt7c3L7zwAufOnSMhIYGEhAR27NhhBF03bNjA5MmTqVWrFqtWreL8+fMkJCRw8uRJ3nvvPaKiovjss8+4du0aABcvXmThwoVUrFiR9evXG/PPnz/P/v37mTp1KoULF35Ab05EREREREREREREREREREREROSf7753YHWf+P393lJE8il+cp+CLsFKrVq16NGjB4sWLaJ79+60bNnypnPj4+NZunQp3t7evP/++0Y3VABPT0/GjRtHUlISy5cvp0+fPrfc68+SkpJYunQpXl5efPrpp1b7FilShICAAC5fvsyiRYuIjo6mbt26JCQkEBsbS9OmTalTpw52dnYA2NnZUb58eQICAu7yjYiIiIiIiIiIiIiIiIiIiIiIiAioA6uIPED29vb07t0bNzc3vv/+e6Nzal5iYmKIjIykefPmeHl55Rp3cnKiR48epKSksG/fvnzXEBMTw5EjR2jfvj2VKlXKNW42m6lWrRoXLlzg1KlTADg7O1OkSBE2b97Mjz/+yOXLl/N9noiIiIiIiIiIiIiIiIiIiIiIiNzefe/AmuNR6wQp8k/2KHc+rlmzJt26dWP+/Pn06tWLJk2a5DkvLS2NCxcuUKRIEaPj6V85OjoCkJGRke/zU1JSOHHiBB9//DEff/zxLefm7FumTBmGDBnC6NGjefXVV3n11VcpW7Ysvr6+tGnTho4dO1K8ePF81yAiIiIiIiIiIiIiIiIiIiIiIiLWHliAVUQEsruw9u3bl40bN7JgwQJq1KhR0CXdlslk4sknn6R58+YEBwezbds2Dh06xMqVK1m5ciVly5Zl5syZ+Pv7F3SpIiIiIiIiIiIiIiIiIiIiIiK5zP&quot;
08-31-2019 12:58:53 Wire.java DEBUG [Forwarding screenshot on session 7924db1cdca3d9f58beaf776318b9ec1 to remote] http.wire 87 - http-outgoing-3 &lt;&lt; &quot;j8g4IuQeS2FGAVkQeuWrVqdO3alTlz5hAaGprnHHt7e0qUKEFCQgJpaWnY29vnmpOQkACA2Zz/P7py9n3hhRcYM2YMJpMp32uLFy/OgAEDGDBgAACXL19m2bJlvPfee3z11VfUrl0bV1fXfO8nIiIiIiIiIiIiIiIiIiIiIiIi2RRgFZEHzmw28/TTT7NmzRrmz5+Pk5NTrjlly5bF29ubrVu3MmDAAGrVqmU1fu3aNYKDg3F2dqZ+/fq51qemppKRkZHrvpeXFw0bNmTnzp2cP38eT0/Pu36OIkWK8OSTT7J+/XpSUlLyPE9EREREREREREREREREREREpKCUKl2qoEsQyTebgi5ARP4dqlSpQp8+fQgLC2Pjxo25xt3d3enduzfR0dG8/fbb7Nq1i4yMDCwWC7GxsXzwwQcsWLCArl27WgVY3dzcKFGiBNu2bWPHjh25QqVFihShR48e7N+/nwEDBrBhwwaSkpKM8atXr7Jv3z4CAwPZu3cvAHv37mXMmDGEhoZy+fJlLBYLANevXyc8PJxjx45RsmRJHBwcHsSrEhERERERERERERERERERERER+cdTB1YReShsbW154oknWLFiBZGRkXnO6dKlCyNHjiQoKIitW7fmGvfz82PkyJG4uLgY94oWLUrbtm3ZvHkzAwYMMO57e3vzzTffULlyZbp160Z8fDyTJ0+mb9++N62xe/fuAGRmZjJ37lzmzp2b5zxvb29eeumlPDvJioiIiIiIiIiIiIiIiIiIiIiIyO2pA6uIPDSVKlW6ZYDUycmJwMBAVq1aRffu3XFzcwPA39+fDz/8kO+//57KlStbrTGZTLzwwgvMmDEDX19fILsra5UqVXB0dATAbDYzaNAgNm3axKhRo6hTp46xvkGDBowaNYrNmzcb6318fPjpp58YOnRorrlvv/02y5cvp169evfnpYiIiIiIiIiIiIiIiIiIiIiIiPwLmZYuXWqpWrWq1c26desaX5l9p9wnfg9A/OQ+91yciOTPX3/uTCYTwB3/HOd3Xc68hISEO9pfRCQvGzdupHfv3gVdhoiIiMgjZenSpbRv376gyxAR+VvL+Y+j/0r/tiUiIiIiIiIiIo+6m/3bVo57zYdduXIFgAMHDtxFdfeubt26gDqwioiIiIiIiIiIiIiIiIiIiIiIiIjIQ6YAq4iIiIiIiIiIiIiIiIiIiIiIiIiIPFQKsIqIiIiIiIiIiIiIiIiIiIiIiIiIyEP1rwmwTp48GZPJhMlkom7dukRFRRV0SQAsWrTIqMtkMrFo0aL7tndUVBR169Y19p48efJ92/tRlJqaSkBAgPG8nTp1Ij4+3hgPCwt7YO9aRERERERERERERERERERERERERPKvQAOsWVlZREZGMnHiRFq0aIGrqysmkwlXV1datGjByy+/zNq1a0lMTCzIMuUeJCUlsWTJEvr06YOXl5cRHq1fvz4DBw5k7dq1JCUlFXSZIiIiIiIiIiIiIiIiIiIiIiIiIvIQmQvq4EuXLjFu3Di++eabXGPJycmEhIQQEhLCzJkzcXFxYcOGDTRu3LgAKpW7kZWVxfLly5kwYUKe3W7379/P/v37mTdvHuXLl+eHH36gYcOGBVCpiIiIiIiIiIiIiIiIiIiIiIiIiDxsBRJgvXTpEkOHDmXFihX5mp+cnExmZuYDrkruF4vFwpIlSwgICCA5Ofm288+cOUN6evpDqExEREREREREREREREREREREREREHgU2BXHohg0brMKr/fr1Iyoqihs3bmCxWEhLS+PYsWO89957lC9fviBKlHtw+PBhpkyZYhVe7dChA9u3byctLQ2LxUJCQgKLFi1S11URERERERERERERERERERERERGRf6ECCbCePHnS6vrZZ5+latWqmM3ZDWHt7OyoXLkyEydOZM+ePYwaNSrPfVJTU9mwYQMDBw6kevXqmEwmTCYTTZo0YeLEiURERJCVlXXTOo4ePcrIkSPx8vLCZDLRqlUrFi9eTFpaWp7zLRYLR48eZeLEiTRp0sQ4r379+rz55pscPXoUi8WS59rTp0/z5ptvGnVWr16dKVOmcObMmZvWl5qaSkBAgHFOp06diI+Pt5ozefJkY9xkMhEWFnbT/W7m7NmzTJs2jXbt2uHq6mrUN3jwYHbt2nXLd/hXmZmZLFu2jKNHjxr3unfvzoIFC2jRogV2dnYAuLm50b9/fzZv3sy4ceOs9jh58iSff/45/fr1o379+sazubq60qJFCyZOnHjLdy0iIiIiIiIiIiIiIiIiIiIiIiIijzZzQRcAMG3aNAAaN25MkSJFMJlMxljx4sWZPn16rjX79u1jxIgReQY2d+/eze7du1m9ejXff/891apVsxq/du0a06ZN44cffrDqErp9+3a2b9/OtGnTGDlyJLa2tsZYamoqM2bMYNq0aVZrAPbv38/+/fv56quv+Pjjj3n++eeNMK7FYmHFihWMHDnSKqwaFRXFxIkT7+Q13XcZGRksWrSIkSNHkpCQYDUWFRVFVFQUc+fO5d1332XMmDE4Ojreds8LFy4QEhJiXLu4uDB8+HBKlCiR53wXFxfef/99q3u7du1ixIgRueYmJycTEhJCSEgIn376KbNmzaJfv35Wv19ERERERERERERERERERERERERE5NFXIB1Ya9WqZXW9bds2Hn/8cYoWLUqFChXo06cPCxcuJCYmJs8um0ePHmX48OF31W0U4NixY3zzzTe5gqg5Fi1axPHjx43rjIwMPvvsMyZOnHjTNZAdsJw8eTLh4eHGvYiIiFzh1UeBxWJh6dKlvPrqq7nCq381Y8YMVq1ala99Y2NjiYqKMq59fX3x9va+p1rzkpyczLRp04iOjr7ve4uIiIiIiIiIiIiIiIiIiIiIiIjIg1UgHVg7duzI8OHDmTlzZq6xM2fOcObMGZYuXQrAc889x6RJk/Dy8gIgPT2defPmWYVEO3TowJQpU6hXrx5ms5nExES2bdvG3Llz8zzf09OTSZMm8fTTT+Pm5sbZs2cZMWKEEdI8ePAgFy5cMDq3RkVFMX/+fGN9v379mDJlChUqVODGjRssXryYV199leTkZM6cOcPatWtp3LgxmZmZ/Pe//7UKr/bs2ZP333+fKlWqAPDtt98yaNCge3mdd+X8+fN8++23RiC3Q4cO/N///R/169cnKyuLrVu3MnjwYM6cOUNycjI///wzXbp0wcXF5Zb7Xr9+ndjYWOPa3t4ee3v7O6rN1taWl19+mb59++Lr64ujoyMWi4WEhAQ+//xzJk2aBGR/TmfPns3VYVdERP5+cv7eFxEREREREREREREREREREZF/hwLpwFq4cGGmTZtGUFAQRYsWveXcBQsW0LdvX44ePQpAXFwcv/zyizFeo0YNpk+fTsOGDTGbs/O4bm5u9OzZk7Vr1+YZbvTw8KBFixa4ubkBUK5cOTp37mw1JyYmxvjfoaGhxvmenp68/vrrVKxYEZPJhJ2dHU8++SQ9evQw5h87doyUlBTi4uLYv3+/Va3vvvsu1apVw8bGBhsbGxwcHPL1zu63yMhINm3aZFwPHTqUBg0aYGNjg9lspk2bNvTv398YP3HixG07td4vffv25ZNPPsHJyYm5c+fSr18/OnTogK+vrxFezXHx4sWHUpOIiIiIiIiIiIiIiIiIiIiIiIiI3D8F0oEVskOsb7zxBkOGDGHPnj1s27aN0NBQfvnlF6MraI7w8HB+/PFHxo8fT3JyMomJicZYrVq1KF++/D3X4+zsfNOxP4ckY2Nj8fPzu+VeycnJZGRkPLBa74e/Bj+feuqpW86/evUq169fv+2+tra2uLi4GJ9hWloaaWlpd1Tb7t27GTFiBHv27LmjdSIi8vfVu3fvgi5BRERE5JGiDvUiIiIiIiIiIiIiIvJPVyAdWP+scOHCtGrVinfffZdNmzaRkJDAoUOH6Nevn9W833//PV8BykeZo6MjNjYF/sofKE9PT2rXrm1cR0REGN1r8+P06dOMGjXKCK926NCBdevWcf78ea5du8Z3331332sWERERERERERERERERERERERERkYfroacpU1NTGTduHJs2bSIrKyvXuN&quot;
08-31-2019 12:58:53 Wire.java DEBUG [Forwarding screenshot on session 7924db1cdca3d9f58beaf776318b9ec1 to remote] http.wire 87 - http-outgoing-3 &lt;&lt; &quot;lspnbt2rz88st5rndwcKBw4cLG9ZEjRzhz5swDqxesu7O6uLiwadMmLBbLTX+tX78ed3d3bG1tMZv/1+Q2JiYmV3fZOxEXF2fV0fVeuLi4WF3PnTv3ls904MABqlWrdtt9S5YsSYMGDYzr5ORkPv/8cy5cuJDn/KtXrzJ58mR27doFZHfbDQsLM8ZHjRpFp06dKFGiBI6OjnfzqCIiIiIiIiIiIiIiIiIiIiIiIiLyiCmQdqCXL1+mffv2tGrVivnz53Pq1CnS09MByMrKIiYmhpUrV1qtadiwIY6OjrkCkkePHiUwMJADBw6QkZEBwJUrV1i7di1dunQhKirqnuv19/fH09MTyA5kvvXWW6xdu5YrV64Yc1JTU4mMjGTy5MmMGDGC1NRUSpQoQc2aNY0527ZtY86cOSQlJQGQmJjIr7/+etNzTSYTtra2xnVERAShoaFkZGSQlZVFZGQkhw4duqtnql27Nn5+fsb19OnT+fbbb4mPj8disQCQnp7OqVOn+PTTT+nbty/x8fG33dfe3p5nn32W8uXLG/dWrVrFoEGD2LFjh/E553xGrVu35u233zbCzDmfYY49e/aQmpqKxWLhjz/+YO/evXf1vCIiIiIiIiIiIiIiIiIiIiIiIiLy6DDffsqDExISQkhIyG3nde/ena5duwLZAcmAgADCw8MJDw8HYO3ataxduzbXOh8fn/tSZ/369XnttdcYN24ckB2qzKknL0OHDgWyu5x27NiRhQsXGmOTJk1i0qRJ+TrXwcGBypUrW90bOHAgAwcOvNNHyMXLy4sRI0YQEBBAcnIyUVFRvPjiized37Fjx3zvXa9ePcaOHcvYsWONjrNr1qxhzZo1t11bsmRJXFxcjHXjx49n/Pjx+T5bROT/sXf38TnX////74fNZpg4pkViTmIoNicZ5iTEpkTKucTKWULq/UaFvu8ayUmFxJyU89EI81Zvc76cZHLShJmTnKScZIdYo2nb8ftjP6+Plw0b23Fs3K6Xyy4Xz9fZ8TheXsdxvE4ez8cTAAAAAAAAAAAAAAAAQN7n8AqsFotFhQoVyvLyr776qsLCwvTII48Y06pVq6ZJkybpqaeeyo0QM3B1ddXgwYMVGhoqT0/PbK37wgsv6M0337zl/OuVXW+lffv2CgwMzHReYGCgnnvuuWzFc53FYlGnTp30+eefy2q13tU2bsXFxUV9+vTRjBkz5Ovre8flfX19VaRIEUlS/fr11aNHj1sue6f9BQAAAAAAAAAAAAAAAAAA8j6HJ7AWKlRIn376qQ4dOqSwsDB16dLFlOTo6empFi1a6MMPP9TPP/+sWbNmqVSpUhm2U79+fW3atEkRERHq1auXaRu1atXSyJEjNWvWLFWqVClH4vbw8NCIESO0b98+jRs3TkFBQabEz1q1aqlXr15avHixPvzwQ3l4eEiSihQponHjxik8PFxNmzY13mNwcLCWLVum0aNH3/Z1y5cvr8WLF+utt96Sj4+PJCkgIEDTpk1TVFSUAgIC7vo9ubq6qmfPnoqLi9OMGTPUtm1b4zWk9MTSLl26KCwsTLNmzcpWoqurq6u6du2qnTt3avHixerUqZNp27Vq1dLgwYO1adMm7d27V/7+/pLS99f48eM1bdo003urUaOGFi9erLFjx971+wUAAAAAAAAAAAAAAAAAAHmDJSIiwl6lShXTRH9/f9nt9rvaoNeoryVJCaGd7zk4AFlz8+fOYrFIUrY/x1ld7/pyNpstW9sHgMysW7dOnTp1cnYYAAAAeUpERIRatmzp7DAAIF8rUaJEptO5twUAAAAAAIC87lb3tq671/ywS5cuSZJ++umnu4ju3l0veOnwCqwAAAAAAAAAAAAAAAAAAAB4sJHACgAAAAAAAAAAAAAAAAAAAIcigRUAAAAAAAAAAAAAAAAAAAAORQIrAAAAAAAAAAAAAAAAAAAAHIoEVgD5ns1mU4cOHdShQwfZbDZnhwMAAAAAAAAAAAAAAAAAuAMSWAHkiKVLl8pqtWb4mzBhgrNDAwAAAAAAAAAAAAAAAADkMSSwAsA9mjBhgqxWq2JiYpwdCgAAAAAAAAAAAAAAAADkCySwAsgRHTt2lM1m04wZMyRJM2bMkM1m09ChQ50cGQAAAAAAAAAAAAAAAAAgryGBFQAAAAAAAAAAAAAAAAAAAA5FAisAh5owYYKsVqtiYmJ0+vRpTZw4UfXq1ZPValXLli21fPlypaSkZLpucnKy/vvf/6pjx44qV66cKlWqpJCQEK1fv15Xr17NsLzNZlOHDh3UoUMH2Wy2bM232WyaNWuWnn/+eVmtVlmtVrVq1UofffSR4uLilJaWZqw/duxYSVLr1q2NZa1WqyZMmJDhdRISErR//34NGjRIlSpVktVq1dKlS/Xuu++qXLlyio6OzvS9p6amauzYsbJarfrvf/+brX0OAAAAAAAAAAAAAAAAAHmNa25t2GvU17m1aQD3gSVLlmjjxo369ddfjWm7d+9W79699dFHH6lfv36yWCzGvCtXrmj06NEKCwszbScyMlKRkZGSpObNm+dIbEePHtWgQYMUExNjmr5r1y7t2rVLe/bs0cyZM7O93UuXLmny5MmaO3eu/vrrL9O84OBgLVq0SGvWrFH9+vXl7u5umn/69Glt3LhRbdq0UePGjbP/pgAAAAAAAAAAAAAAAAAgD6ECKwCnWLVqlV588UXt2bNHFy5c0Pnz5zV79mw98sgj+u6773Tu3DljWbvdrvnz5yssLExBQUHasGGDzp8/L5vNphMnTmjp0qV68skncySu1NRULV26VAcOHNCkSZN04sQJ2Ww2XbhwQYcPH9aiRYtUqVIlSZLVatWyZcv07rvvSpL+97//yWazGX9Dhw41bXv37t1as2aNxo4dq5MnTxrLdezYUU899ZTatm2rTZs26fjx4xni2rJli3bv3q1WrVqpePHiOfJeAQAAAAAAAAAAAAAAAMBZcrwCa0Jo55zeJID70PTp09WyZUujymqBAgXUunVrRUdHa8WKFTp9+rRKlSolKb366MqVKxUQEKBx48apXLlyxnaKFSumWrVqydvbO0fi+vvvv3X69GmVL19eDRs2VLFixYz4SpYsqdatW6t169Z3te0GDRooLCxMZcuWzTCvcOHCCgoKUnh4uDZu3ChfX19j3/z5559au3at6tSpQ/VVAAAAAAAAAAAAAAAAAPcFKrACcIqHHnrISNC8zsPDQ4899pj++usvpaamGtOPHTumnTt3qkWLFpn9BkUwAAAgAElEQVQmf+akggULqnjx4tq/f7/mzJmjEydOKC0tLUe27eHhoSJFitxyfr169dS0aVOtW7dO58+fN6bHxsZq8+bNat68uR577LEciQUAAAAAAAAAAAAAAAAAnIkEVgB53h9//CFJ8vHxyZD0mtPc3NwUEhKigIAATZ8+XbVr11b58uXVvn17TZgwQXFxcTmW0Hozb29vtWzZUtHR0dq5c6ckKTk5WWvWrFGJEiUUHBwsFxeXXHltAAAAAAAAAAAAAAAAAHAkElgB4CaPP/64VqxYoW+++UavvfaaqlatqujoaI0dO1aBgYH6/PPPlZKSkuOva7FY1Lx5c1WpUkVRUVG6cuWKjh8/rk2bNunZZ59V9erVc/w1AQAAAAAAAAAAAAAAAMAZXHN6g16jvs7pTQLIooTQzs4OIVe4uqZ/VSUlJTnsNQsVKqRmzZqpWbNmkqRr165px44dCg0NVVhYmJo2bSp/f/8cf90KFSqoWbNmWrlypQ4dOqSYmBj9/vvvCg4Olru7e46/HgAAAAAAAAAAAAAAAAA4AxVYAeR5VapUUaVKlbRz504lJiZmmJ+WlqbU1NRbrn/p0qVM10tKStLVq1ezFIObm5uaNGmiVq1a6dy5c0pOTs6wTFa3dTvu7u4KDg5WUlKS5s2bp+joaD399NPy8/O7520DAAAAAAAAAAAAAAAAQF6R4xVYr7tfK0ECedH9Xvm4QoUKCggIUHh4uHx8fNSvXz8VL15cV65c0fbt2xUWFqbo6Gg1b97ctF7RokXl6+ur6dOna8mSJRowYIA8PT31559/6ttvv9XkyZN19OhR03o2m0&quot;
08-31-2019 12:58:53 Wire.java DEBUG [Forwarding screenshot on session 7924db1cdca3d9f58beaf776318b9ec1 to remote] http.wire 87 - http-outgoing-3 &lt;&lt; &quot;3jxo3TU089pYYNG8rb21uurq5KSUnR8ePHtXv3blWpUkUPPfSQsU758uUlScuWLVO1atX0yCOP3NP79fPz09NPP60FCxZIkqZMmaLixYvf0zYBAAAAAAAAAAAAAAAAIC+hAiuAHLF06VJZrVb169dPktSvXz9ZrVZNmDDhnrdduHBhDR48WHXq1NG4ceNUsWJFWa1WPfbYY+rUqZMuX76ssmXLZljPzc1Nbdu2VdmyZTVu3Dj5+PjIarWqYsWKevfddxUQEKAnn3wyw3rHjh1T37599eSTT8rb21tWq1Xe3t4KCAjQ9u3b1bdvX1WuXNlYPiAgwEiwrVatmqxW6z299+LFi6tjx46SpMaNG6tFixZ3tR0AAAAAAAAAAAAAAAAAyKtIYAWQL1SpUkVffvmlXn/9dZUtW1ZFixZVixYtNG/ePM2fP9+UUHqjevXqaf78+WrXrp2KFi2qEiVKqHv37vruu+/0n//8R97e3qblixcvro8++kj/+c9/1LRpUxUtWlSS9Pjjj6tHjx767rvvFBISIhcXF2OdcuXK6ZNPPlH37t1VokQJSVLNmjVVqlSpu36/RYsWVdGiRRUUFHRP2wEAAAAAAAAAAAAAAACAvMgSERFhr1Klimmiv7+/7Hb7XW3w+lDmCaGd7zk4AFlz8+fOYrFIUrY/x1ld7/pyNpstW9tH1ly5ckXDhg3Trl27NHfuXFWtWtXZIQG5at26derUqZOzwwAAAMhTIiIi1LJlS2eHAQD52vWOxjfj3hYAAAAAAADyulvd27ruXvPDLl26JEn66aef7iK6e+fv7y+JCqwAkOf8+OOPWrVqlZo1a6YKFSo4OxwAAAAAAAAAAAAAAAAAyHEksAJAHpKcnKw1a9ZIkoKDg+Xu7u7kiAAAAAAAAAAAAAAAAAAg55HACgB5yIEDB7Ry5Uq1adNGtWvXdnY4AAAAAAAAAAAAAAAAAJArXJ0dAADg/9SuXVtxcXHODgMAAAAAAAAAAAAAAAAAchUVWAEAAAAAAAAAAAAAAAAAAOBQJLACAAAAAAAAAAAAAAAAAADAoUhgBQAAAAAAAAAAAAAAAAAAgEM9cAmsoaGhslgsslgs8vf3V3x8vDHv6tWr6t+/vzE/ODhYCQkJuRpPQkKCgoODbxkTAAAAAAAAAAAAAAAAAADA/cbpCaxpaWnav3+/Ro0apQYNGhiJnF5eXgoODtb48eMVFxentLQ0Z4d6Rzcmx1osFi1atMjZIQEAAAAAAAAAAAAAAAAAAOQ5Tk1gPXv2rPr06aMaNWpo9OjR2rFjhzHPZrMpKipKw4cPV/Xq1TV8+HD9/fffTow2/4iPj5e/v7+RSNu/f39dvXrV2WEBAAAAAAAAAAAAAAAAAABIklyd9cLnzp1T//79FRkZmaXlExMTZbfbczkqx/Py8tKaNWucHQYAAAAAAAAAAAAAAAAAAIDDOCWBNSUlRVOmTDElr3p6emrEiBHq2bOnHnnkEaWmpiouLk4zZ87UvHnznBEmAABwkIiICGeHAAAAAAAAAAAAAAAAAAdySgJrfHy8VqxYYbQ9PT0VFhamrl27ymKxpAfm6qoaNWpoypQp6tKli1auXGksn5ycrI0bN2rTpk3atWuXYmNjZbPZJEm+vr6qVauW2rVrp+eff15FihRx7JvLpqtXr+qtt97SjBkzJElBQUFatGiRvLy8jGWSk5P1/fffKzw8XLGxsdq7d6+k9PfaoEEDBQUFqXnz5vL29lZoaKjef/9902vMmDHD2L4kbd26VYGBgQ54dwAA3FnLli2dHQIAAAAAAAAAAAAAAAAczCkJrFu3blVcXJzRbt++vdq0aWMkr97IYrEoMDDQlHD5119/afLkyYqKisqwfHx8vOLj47VkyRK1a9dOM2bM0COPPJI7b8QBzp07p0GDBmnp0qUZ5l1/r3PnztWHH36oUaNGOSFCAAAAAAAAAAAAAAAAAACA7HF4Auu1a9cUHx9vmtawYUMVK1Ysx18rMjJSdevW1YgRIzJNjs3rkpOTNWHChEyTV4G8wGq1OjsEAAAAAAAAIFN2u/2287m3BQAAAAAAgLzqTve27hcFHP2CqampunLlimla0aJFs72d0qVLa8aMGfrtt9+Umpoqu92u5ORkbdu2TQEBAcZyhw8f1l9//XXPcTvD2bNn9cMPPxjtV155RRcuXJDdbpfdbldiYqJiYmL03nvvqUCB9P/KUaNG6dChQ/Lz8zPW69evn65cuWKsd2M1WwAAAAAAAAAAAAAAAAAAAEdzeAXWnODl5aU5c+bo/Pnz2rFjh7Zu3arY2FhdvnxZO3bsMC17/vx5Xbt2zUmR3pvChQurcOHCRnv+/Pn67bff1KpVK9WqVUuVK1dW7dq1Va9ePSdGiQfRg5LhDwAAAAAAgPsP97YAAAAAAACAvMHhCawWi0UuLi6madmtkJqUlKSPP/5YkydPVmJiYk6Gl6dYrVa1atVK69evN6Zt2LBBGzZsMNo+Pj5666231LdvX3l4eDgjTAAAAAAAAAAAAAAAAAAAgGwp4OgXLFSokB5//HHTtB07digpKSlL69vtds2ePVujR49WYmKiPD09NXr0aB08eFA2m03nz59XUFBQboTucC4uLho8eLCmTZsmHx+fTJc5efKkhgwZotGjRyslJcXBEQIAAAAAAAAAAAAAAAAAAGSfwxNYJSkwMFClS5c22t98840iIyMzHbrJbrdr165dGjFihK5evao///xT69atM+a/8MILGjx4sKpVq6YSJUqoQAGnvKVc4+7urtdff11Hjx7VoUOHtHz5co0YMUJNmzY1Lbd582b99ttvTooSAAAAAAAAAAAAAAAAAAAg65yS7enn56du3boZ7cTERA0aNEgTJ07U2bNnZbfblZKSomPHjmnYsGFq3ry5EhISJElpaWmmSqOHDx/W8ePHZbfbde3aNf344486deqUw99TboiPj1fXrl21YMEC/frrr6pQoYLat2+v0aNHKzIyUq+88oqxbHJysv755x9J6ZVbXV1djXkHDx7Ur7/+6vD4AQAAAAAAAAAAAAAAAAAAMuN650Vynru7uwYMGKCff/5Za9eulSTZbDYNGzZMw4YNu+26hQoVMlVvjYmJkZ+fX67Ge7defvllvfzyy5nO69evnz777LM7biMuLk5Lliy543JPP/20ypYtK0ny8vJSqVKljHlbtmyRr6+v0d66dasCAwPvuE0AAAAAAAAAAAAAAAAAAIDc4JQKrJJUsWJFzZ4921RF9Ha8vLzk4uKiIkWKqFevXvLx8cl0OW9vb3l6euZkqHlex44d9dZbb8nd3V2SVLx4cbVr187JUQEAAAAAAAAAAAAAAAAAAGTOaQmsklS2bFnNmTNHP//8s0aOHKn69esb86xWq9q0aaNp06bp1KlTGj16tNzc3CRJTZo0UWRkpEJCQmS1WiVJnp6eCgkJUVRUlBo2bOiU95PTKleurMWLF2vcuHEKCgoy3qsk1apVS7169dLatWu1YMEClSlTxphnsVgUEhKiFStWqGPHjqZ91KJFiwcuwRcAAAAAAAAAAAAAAAAAAOQtloiICHuVKlVME/39/WW32+9qg16jvpYkJYR2vufgAGTNzZ87i8UiSdn+HF9fDwAAAAAAAAAAAAAAAACQt91tftilS5ckST/99FOOx5QV/v7+kpxcgRUAAAAAAAAAAAAAAAAAAAAPHldnBwAg77jbyssAAAAAAAAAAAAAAAAAAGQHFVgBAAAAAAAAAAAAAAAAAADgUCSwAgAAAAAAAAAAAAAAAAAAwKFIYAUAAAAAAAAAAAAAAAAAAIBDkcAKAAAAAAAAAAAAAAAAAAAAhyKBFQAAAAAAAAAAAAAAAAAAAA5FAisAAAAAAAAAAAAAAAAAAAAcigRWAAAAAAAAAAAAAAAAAAAAOBQJrAAAAAAAAAAAAAAAAAAAAHAo19zasNeor3Nr0wAAAAAAAAAAAAAAAAAAAMjHqMAKAAAAAAAAAAAAAAAAAAAAh8rxCqwJoZ1zepMAAAAAAAAAAAAAAAAAAAC4j+R4AiuAvMNisTg7BAAAAAAAAAAAAAAAAAAAMijg7AAAAAAAAAAAAAAAAA&quot;
08-31-2019 12:58:53 Wire.java DEBUG [Forwarding screenshot on session 7924db1cdca3d9f58beaf776318b9ec1 to remote] http.wire 87 - http-outgoing-3 &lt;&lt; &quot;AAAADwYKECK3Afstvtzg4BAAAAAAAAAAAAAAAAAJAHXb582dkhSMqFBFavUV/n9CYBZFFCaGdnhwAAAAAAAAAAAAAAAAAAwB0VcHYAAAAAAAAAAAAAAAAAAAAAeLDkeAXW66gECTgOlY8BAAAAAAAAAAAAAAAAAPkJFViBB0B0dLQGDRqkixcv8pcP/m71/wfcTziucwb7MWewH3MG+zFnsB9zBvsxZ7Afcwb7MWewH3MG+zFnsB9zDvsy57Avcw77MuewL3MO+zLnsC9zDvsy57Avcw77MuewL3MO+zLnsC8di/2dc9iXOYd9eX8igRUAAAAAAAAAAAAAAAAAAAAORQIrAAAAAAAAAAAAAAAAAAAAHIoEVgAAAAAAAAAAAAAAAAAAADgUCawAAAAAAAAAAAAAAAAAAABwKBJYAQAAAAAAAAAAAAAAAAAA4FAksAK4L8TExMhqtcpqtapJkyY6evSoMW/p0qXGvA4dOshmszkxUgAAAAAAAAAAAAAAAAAACawA8qRz586pffv2RuKp1WrVtGnTZLfbnR0anGDbtm2yWCymv0WLFmVYbtGiRcb8/v376+rVq06IFvnVgQMHVL16ddNxtnz5cmeHlS+EhoZm+Ize+NegQQN9/PHH+uOPP5wdar5x6tQpjR8/Xs8884yKFSsmi8Wi8uXLq3PnzgoPD1dCQoKzQ8yTMvu9uP5Xvnx5tWvXTpMmTdKpU6ecHWqed/XqVfXv3/+2n21+c7PmTt+R7Mesu3r1qtauXauQkBDVrl3b2HdVq1ZV+/btNXPmTJ0/f97ZYeZJN38/ZnYunZCQoODgYGOZ0NBQJ0SaP9zu9+b637Zt25wdZr4QHx8vf3//TPdhcHAw5zx3cKfPdkpKisaNG2daZty4cUpJSXFSxHnbzec/HIPZk9nn+VbX1F9++SWf9zvIbH+OHTtWqamppuVu/B5gP95ZQkKCZs6cqeeff15eXl6yWCzy8vLS888/r5kzZ7L/suBO14rX92d4eLiSkpKcHW6+wHF57+50fn59f37zzTdKTk52drj5Qlpamvbv369Ro0apQYMGpn0ZHBys//znP9q8eTOf81vIzn2163/+/v6Kj493duh5TlbP0W+8/8a+zCg1NVXvvfeesY+qV6+uAwcOZLrsyZMnFRgYaCz7/vvvZzgHhbRu3TrTZ/jrr782zb/52M3suLz5nH/s2LGOfAv5xpIlS4znZBaLRX379s3w+5OamqoJEyYYyxQrVkzh4eHkltxk165dKl++vLGfmjdvrt9++y3Dct9//70effRRY7l///vfnENlIru/9zwDuj0SWAHkSXFxcYqOjjZN27Fjhy5duuSkiJDXfPnll5meUAF3a+vWrYqLizNNi46O5oQ8B+zYsUPvvvuunn/++Qz7GGYpKSmaPn26atWqpeHDh2vDhg1KTEyUlH7jKCIiQt27d1eVKlW0c+dOJ0ebv5w8eVKrVq3SW2+9pSeffFKjR4/mQhHIR/bs2aOWLVsqKChIc+fO1d69e4158fHxWrlypfr166fHH39c06dPd2KkAJB3LFu2TGPGjDHaAwYM0MCBA+Xq6urEqPAgWbJkiS5evGiadvHiRX377bdOiih/W7BgwS0TDXB7drtdK1asUGBgoPr166fVq1cbo3TZbDatXr1a/fr1U2BgoFasWMGD7ntwfX92795dISEhOnfunLNDyrOyc1yuWbOG4/IeXN+fHTp00Ntvv03S5R0kJiZqxIgRqlGjhkaPHq0dO3YY82w2m6KiovTBBx+oWbNmWrlypRMjBZBVLi4uatGihTw9PSWlP4e/8bN9o9jYWG3fvl2S5OnpqaZNm8rFxcVhseYX5cqVk5+fn9GOi4sz/VafP39eP//8s9GOjY3NkMB66tQpxcbGGu26devmYsT5V/v27dW3b1+jvWTJEkVGRpr299atW/XFF18Y7Z49e6p9+/ayWCwOjTWvq1Wrlvr162e0N23apGXLlpn25dWrVxUeHq4zZ85Ikvz8/PTaa6/J3d3d4fHiwUICK4A859q1a1q3bl2G6Zs3b6bHHAybNm1SeHg4vf6QIy5duqT169dnmB4dHa0TJ044IaL7U0xMjL755htuuN+C3W5XWFiYhg8fbjywuBWbzaZ//vnHQZHdfxITEzVq1ChNmDCBJHUgH4iOjtaLL76YpYqWiYmJunDhggOiAoC8LS4uTpMmTTI6Q7Vr107vv/++ihQp4uTI8CBZs2aN9uzZY5r2448/Znr9jTuLi4vTrFmz6Ih3F77++mv17NnzjveW4+Pj1bNnzwwVtHB3li5dynX3bWTnuOzevbuWLVvmoMjub9OmTdOSJUucHUaelZycrA8++EAff/yxs0MBkMOqV6+ugIAAo71169YMCf3Xrl3T5s2bjXZgYKApSRP/59FHH1XNmjWN9oEDB3T58mWjffr0aVMCqyTt27fP9Hxs//79xr8bNmyoKlWq5GLE+Ze7u7sGDhyowMBASen3f6dMmaKjR49KSh/Z97PPPtPJkyclSc2aNdM777wjDw8Pp8WcV7m4uKhr167GvpSkOXPm6PDhw0Z7y5YtCg8PN9ohISGqWrWqQ+PEg+mBT2DNrKTvjQ/Fbi7bzRB6QO47c+ZMplXl/vrrL23cuJGERRjmzJlD5QnkiPj4+EyTYmJjY7V161YnRJR/+fn56dChQ7Lb7UpNTdW6devk4+NjzD99+rT+/vtvJ0aYd+3evVsTJ040kgw8PT01fPhwnT59WmlpaUpOTlZ0dLTatGnj5Ejzj4ULF8put8tut8tms+mrr76Sr6+vMX/ixIlas2aNEyPMP4KCgnThwgVjf974FxYWxs2gLLrxO5L9mDXnz5/Xp59+atyAlKQ2bdoYVdLtdruSk5O1ZcsWde3a1YmR4kESGBgou92uK1eumKoW9OvXT1euXJHdbjfdCMat+fr66qeffsp0f+LunTt3Tu+++65iYmIkSQEBARo7dqweeeQRJ0eGB01iYqJWrVplJK8lJSVp8eLFxjUPsm/evHnasmWLs8PIV06cOKGpU6earrUnTJggm81mXCtOmDDBqEiWmJioqVOn0qE5i268Vvznn3+0adMmU3LMDz/8oLNnzzoxwrwpu8elzWbT5MmTOS6z6Mb7QcnJyYqMjDTdnzxw4ICuXbvmxAjzrvj4eK1atcpojxgxQmfOnFFaWprxOf/1118VGRmprl27qkCBBz7VIFMeHh4KCwsz3fc5dOiQKRHwxuPUbrfrp59+Mt23BHJaqVKl1LRpU6MdExOT4XflzJkzxnWklH7/w8vLy2Ex5ieenp6qVauW0T5+/Lj++OMPo71z584M1z2HDx/WX3/9JUm6cuWKDh48aMyrXr26Hn744VyOOv8qX768hg4dapwbxcTEaMqUKbp8+bLmzp2ryMhISVLp0qU1cuRIlSlTxpnh5mnly5fX66+/brRjY2O1aNEipaam6uLFi5o9e7Zx7D733HPq3LkzlWxvIbPf++t/Bw8eNF0X+fj4qGvXrjwDug2nnFUmJCQoODjYlDTavHnzWw4FfeDAAVWvXt20fP/+/fNdT+MzZ86oZcuWpvcRGBhoehAHIL330e7duyVJzZs314ABA4x5O3fupKLSA65y5cpG8lZcXJzmz5+fpV78ixYtMr57/f39TT3bb/5dWrRokTFv27ZtpvXi4uK0adMmtW/fXsWKFVPVqlU1fvx440TuxIkTevvtt1W+fHl5eXnp1Vdf1ZEjR3J4LyAn2e12bd261RgK4eWXX1avXr2M+Zn1QkXWFChQQLVq1TL1zLNarXJzc3NiVHlTamqqVq1aZTovHDFihEaPHq0yZcrIYrHIzc1NTZo0UUREhEJDQ7lBnE0lSpRQSEiIVqxYYVw0JiYmauHChbp06ZKTowNwK1u3bjU9POvdu7fCw8PVpEkT4/fEzc1NjRo10sKFC7V69WoVKlTIWeECgNOlpKRoypQpxsMbHx8fjRs3TtWqVXNyZHhQLV261BgW88CBA4qKipKnp6e8vb2dHFn+0rlzZ0np1zCzZ8/WxYsXnRxR/rFhwwZTp+Vhw4ZpyJAhKlGihKT0a8UhQ4Zo2LBhxj&quot;
08-31-2019 12:58:53 Wire.java DEBUG [Forwarding screenshot on session 7924db1cdca3d9f58beaf776318b9ec1 to remote] http.wire 87 - http-outgoing-3 &lt;&lt; &quot;Lbtm3Thg0bHB5rfufq6qqnn35aISEhxrSkpCQ6MmeC49Jx3NzcFBgYaLo/WahQIYbDvoXExETT84zatWurVKlSRuKKq6urHnvsMbVt21bh4eF0JAXyEYvFombNmhkJgHFxcdqxY4dpmd27d2v79u2S0hMBW7VqReLabTz55JPGv3fv3q3ff/9dUvp36d69ezMsv2/fPmOZP//806ggKqUnsBYuXDiXI87fnnvuOQ0aNMhoz5s3T++8846mT59uTHvzzTfVpEkTZ4SXrzz77LPq2LGj0V62bJkOHDig77//3ij64unpqT59+qhUqVLOCjPfurljuaenpz766COOzTvIM0+9N23alGn1o9TUVH399deKi4tzQlQ56+DBg6YeK5K0fft2I1EPd+fGpLSbE8+Q/1y5ckVRUVFGu06dOmrdurWKFi0qKX340Pvh+wB3r3DhwnrjjTeMikYzZ85UdHS0Q177/Pnzevvtt9W8eXOtXLlSiYmJio+P1/Dhw/Wvf/1LX3zxherUqWMMU2Cz2TRnzhyFhITQOz4PO3v2rP73v/8Z7aefflrPPPOM0d62bZuOHTvmjNDyvZSUFG3fvl2HDh2SlP7w/MUXX+QGcSYuX75sGlozICBAnTp1kqura4ZlPTw8NHLkSDVo0MCRId43qlatqk6dOhnt2NhYOpQBedS1a9dMldBLly6tPn36GDfab1agQAE999xzGjp0qKNCBIA8xW63KyIiQp9//rkkbpDDuQYPHqxq1arpzJkzWr16tVEB78yZM3rmmWf00ksvOTvEfKV79+7GA8alS5dq2bJlpuFHkbm///7bdK1duXJltW3bNsO1tqurq9q2bavKlSsb0/bs2UPi5V2w2+2mjuCurq7cB7oJx6VjXbp0ScuXLzcSsiSpUqVKHJe3UKhQIZUuXdpo9+nTR6+88orCw8N1/PhxKtcC+Vz16tVNz79uLOByfQS46+rXr2/6DUJGVapUUcOGDY329RwGm81mPFcMCAhQcHCwpPRnEadOnZIknTp1ysgT8vT0VL169RwZer7k6uqqAQMGqFmzZpLSE4WnT59uPN9p166devXqlelzNZiVKFFC/fv3N37z4+LiFBoaqsmTJxtFu7p166ZWrVo5M8x8KSkpSR9++KHRsVxKL1jUqVMnOgTcQZ5JYJWkb7/9NkPP4VOnTmnt2rW59pqZlfTNjWHerl27pm+//TbT4ZHWrl2b76rJArnl1KlT2rVrlySpaNGiatiwoapWrWoqr71u3Toukh9wFSpUUM+ePSU5vvJEly5ddOXKFf3zzz+aM2eOMX3WrFk6evSo9u/fr7S0NG3ZssWocLNt27ZMh6dH3nBjB5Nq1aqpfv36qlu3rjGcz5EjR6hukA2xsbGqWrWqLBaLChYsqLZt2+rkyZN66qmn9NVXX6lOnTrODjFPSkhIMA2p5+/vT6/GXGKxWFS3bl2jfeTIEZ07d86JEeUPUVFRKlmypKnj2PU/fuOy7sbvSPbjnSUlJenw4cNG+4knnlCFChWcGNH94+WXX85wDJYsWdLUmRBA/vPf//5X7733nnH/kRvkcKaaNWuqZcuWkqRVq1Zp1apVWrFihaT0yjk3JsfgzqxWq3r37m105Jk3bx4d8bLg6tWrpv1UsWLFWw4nWqZMGVWsWNFonzx5kuc22XTt2jVFRUVp/vz5xrTq1avrkUcecWJUeQ/HZe678XqnePHi6tu3r3F+1K5dO2OEN2RUsWJFNWrUyGjbbDYtWLBA3bt3V8WKFVWyZEm1b99ea9asydLIeADyluLFi5s+4zExMUYBnt9//91UjK1x48ZGZXBkztvbWzVq1DDa8fHxunbtmg4fPmx0nGjYsKFat25tLBMTEyO73a7Dhw8bv0116tThnmcWlSlTRiNHjsxwPZyx7mYAACAASURBVOnj46ORI0dy3pkNgYGB6tatm9FetmyZNm3aJCn9efmAAQMY7j6bUlJSNHXqVE2bNs2YNmDAAA0cOJDE6izIUwmsK1asMD4QUnpPzVWrVmWoWpof/fbbb6befTf6/vvv9csvvzg4IiBv2rFjh/GQuk6dOqpataqsVqspgXXnzp3GUN94cLVr105t27aV5LjKE97e3qpfv748PDzk6uqqBg0aGEmOklS3bl2VLl1aFotFNWrU0BNPPGHM43s+b0pNTdWGDRuMi8SAgACVL19e5cqVU/369Y3ltmzZwvB89+jQoUOaN2+eaUgU/J/U1FSlpKQ4O4wHxs1VNs6fP++kSADcTlpamum70cXFRQUKpN/GSEhIUHBwcKbJwP379+ehLoAHUkREhCkh5vLly06MBg+6QoUKqW3btvL09FRsbKw6deqkuLg4BQQEqHnz5s4OL19q3Lix8YBx27ZtmjVrFteRd3Dz+WR2pKSkKC0tLYcjuv/c2NnR3d1drVu3VmxsrKT0amIvvfTSLUdQeFBxXDrPq6++qrCwMJJbbqNEiRIKDQ29ZbGnxMRErVy5Uq1bt1afPn30xx9/ODhCAPfCYrGoadOmpqqLO3bskCTt3bvXyMupXLmyWrRo4bQ48wsPDw/VqlXLaMfFxenSpUum/KY6deqoTp06xvnQ4cOHZbPZ9NNPPxnLVK9eXVar1XGB53N169ZV06ZNTdNatGghX19fJ0WUP7m7u+u1114z5TpcFxISYspzwJ1dHxVpzJgxxrTnnntOo0aNUpEiRZwYWf6RpxJYpfRKAdfLlJ89e1arV6/O0nqJiYmKiIjQG2+8oSZNmqhYsWLGw6vatWsrJCRE69aty7Q3WGhoqLGsv7+/4uPjc/Q9SdL27duNHypPT0+98MILxry4uDjTsIiZsdvtOnHihMaPH69nnnnGeH/ly5dX586dFR4eroSEhHteJykpSUuWLFHnzp1Vvnx5WSwWeXl56fnnn9fMmTMzLC+l9xbt37+/sQ+Dg4MzLHfjPr65utC2bdtM8xYtWqSEhARNnTpV9evXl8ViUdWqVfX++++bLoSuP7B8+eWXTa91Y8/Km2NJSEjQzJkz1a5dO+P9WSwWNWjQQO+99542b97Mg04nunz5sjZv3my069WrZ9z8aty4sYoWLSpJ2r17t/bt2+esMJFHeHt764033jBVnrixQpezubm5ycvLy9lh4A5Onz5tGhKlUaNGKlKkiDw8PNS4cWNj+o4dO3TkyBFnhHjfSExM1Pz589WjRw9jGBX8HxcXF3rfOVBqaqqp7e3t7aRIANxOgQIFTN+NqampPKwFgGz4/PPPFRERwTDjcJratWubhiiVpFatWqlcuXJOiih/8/Dw0IABA4wRfxYtWnRfFP/ITTefT2aHq6ur0XkK2efp6amPPvpIzz33nLNDyXM4Lp0jICBA77zzDiMeZYGvr6+ioqK0ePFivfDCC7dMQl+wYIFmz56d4T4bgLytSpUqpnP0rVu3KiEhwfSsLDAwUJUqVXJGePnOk08+aXxPHjt2TIcPHzaeV1euXFk1atRQhQoVjNEJDx48qKNHj5qeadesWVOFChVyfPD51Hfffadvv/3WNO2rr75SZGQk9z+yqWrVqgoJCTFNa9asmbp165ahEAxu7/vvvzeNiuTj46OhQ4dy7pkNeeIqp3Tp0kY2/DfffGP08ti4caPWr18vSXe8yP3999/10Ucfadq0adqyZYtxUEjpvUXmzp2rVq1a6e233zYSZB0lKSnJeB9S+kXSjTeapPReqreq7Hb16lWNGTNGNWvW1PDhw02V4k6ePKmIiAh1797dVIb4btbZs2ePgoKC1LVrV1PFBpvNptWrV6tfv34KDAzU5s2bc/WLf/369WrRooUGDRpk3ICLj49XaGio+vXrd9e9+b7//nsFBgaqX79+WrVqlakixY4dOzR27Fg1a9ZMe/bsyZH3gew7evSo6abrhAkT9PDDD8tqtap169b666+/jHmbNm3S33//7YwwkYfcXHkiNDTUyREhv9m9e7epQnrv3r2Nzg03dpA4c+aM1q5dy4VPFvj5+enQoUOy2+2y2+1KTk7W8uXLjR69MTExWrNmjZOjzHu8vLxMFzEHDx7MtOMQ7p3dbteuXbuMduXKlam8kQVBQUG6cOGC8d&quot;
08-31-2019 12:58:53 Wire.java DEBUG [Forwarding screenshot on session 7924db1cdca3d9f58beaf776318b9ec1 to remote] http.wire 87 - http-outgoing-3 &lt;&lt; &quot;m+8e9WVTmQ0c3fkezH2/Pw8JCPj4/RPnDggI4fP+7EiO4fCxcuzHAMXrhwQUFBQc4ODcA9aNeunbZv3278piQmJmrKlCk6dOiQkyPDg6pEiRKm+/qlS5dWmzZteBB2D5544gn16NFDUvp9/uHDhzs5orzt5vPJX375Rb/99lumy/7222+mEZR8fHwYMvMu+Pr66u2331ZMTIzeeOMNOutmguMy9y1cuFBpaWmaNGmSMS0mJkaTJk1y+DPi/KpIkSLq0qWLVqxYoQsXLuiXX37R/Pnz1aZNG9Ny27Zto+o/kM94enqaqlfGxMRo69atpmf014u94M5uTE49cuSINm7caBTiqlKlisqWLauSJUsalVp3796t9evXGwmspUuXVt26dZ0TfD4UFxenSZMmmfLBrps4cSL3P7LJYrEoKChINWrUMKY1a9ZMZcqUcWJU+c+JEyc0YsQIIwfteme+Jk2aODmy/CVPJLDWrFlTQ4YMkZR+Y3XVqlU6c+aMvvnmG0npCZ8dO3bMkdeaNm2aVq5cmSPbyqpjx46ZKo42aNBA9evXNx2st6rslpKSoilTpmjUqFGZfgln5m7WOXHihAYPHmyKMzPx8fEaMmRIrn7xz5071xhi5mYrVqzQ2rVrs73NEydO6L333suV6rrIGXa7XTt27NC5c+eytPz27dt14sSJXI4KeZ2Hh4d69+5tuuEHZFVycrKpR+mdREdH6+zZs7kY0f3Jzc1NTZo0Uc2aNY1pN3ZIQLpixYqpdu3aRnvLli1atGhRpkPKJScn6/PPP9cPP/zgyBDvG4cOHVJERITRpjc5kHcVKlTI9N145swZffTRRzp37py8vLy0Zs0aEi+B+8i1a9fowHOPOnbsqAYNGmjo0KFGBZiYmBiNGDGC4V3hNM2bN1dAQICk9E5RDEN4b1xcXNS1a1c6P2XRzeeTR44c0apVqzJca6ekpGjVqlWmZzS1a9emElYW3NzZ8dChQ/rkk09UrVo1WSwWZ4eXJ3FcOobFYtErr7xier68YMECqrPdwZIlSzR16lTTaJVubm6qUKGCevTooYULF6p79+7GvJSUFEZKQa5yc3MzDa1+9uxZXbhwwbTM1atXTR0BrhdHwq3Vr1/fKLYWFxen8ePHGwmsfn5+atSokTPDy1duTE6VpOnTpxu5LjVr1lSxYsXk5uZmJLlK0hdffGH8vj/xxBOMUJFFSUlJmjp1qnGsBgQEaMaMGUaeQGxsrD777DM6q2STxWKhwv89SEpK0oQJE0y5diNGjFCnTp24HsqmPHMUNmrUyChVHhkZqRkzZhhVS1u1aqUKFSrccRt+fn5avHixLly4oLS0NNntdl25ckWRkZEZqrY4ajgDu92u9evXGz9Anp6eCgoKkqenp2lo4ltVdtu/f7+mT59utD09PTVhwgTZbDbZ7Xb9888/OnDggP79738bB39217Hb7Vq+fLnpA9WjRw/9+uuvstvt+v3339WnTx9jXmxsrObOnatr167l7M76/w0cOFDHjh1Tamqqrly5ojFjxpjmHzlyRHa73XhguXDhQtP8GyvJrFmzRl5eXtq3b5/p/YWFhemff/6R3W5Xamqqzp8/r9WrV+dYojSyz2azadOmTVle/vDhw6bqaXhw+fv7m26YAFl14sSJbCWwxsTE6ODBg7kY0f0pKSlJy5cvN1W6pfpGRi4uLmrbtq3pnHXMmDEKDQ3V2bNnZbfblZKSot27d6tHjx4aPHgwN4ez6dKlS1q4cKHat29v3ODw9PRU165d6U0O5GHBwcFq1qyZ0Y6MjFTPnj31v//9T5cuXXJiZABy0tWrVxUREaGoqChjWqVKlfiNvkvBwcHq27ev0V6xYoW++uqrTDtHAbmtQoUK2rFjh+x2u+bMmcPnOgf4+PioZ8+ezg4j32jRooUp4Xf8+PGaNGmSMSLexYsXNWnSJI0fP95YJjAwUC1atHB4rHhwcFw6RokSJTRy5EgjSSsxMVGjR4/Wzz//7OTI8q7U1FQNGjRIAQEBmjx5sk6cOGGcQ6akpOj48eOm5MHq1asbHaeA3ODi4mLqABUbG6tPPvlEZ86ckZR+Lblw4UKFh4cby1SvXl3FihVzeKz5ScWKFU3F1m58flO/fn0SKrPBzc3NGG1aknFsSun78vroEzVq1FDlypUzLFOjRg099NBDDoo2/7Lb7YqMjNSCBQskpT/bGTx4sF599VW98cYbxnKzZs1SeHg4nVXgECkpKZo6dapp5PMBAwZo4MCBPAu/C3kmgbVUqVJq3bq1pPShbz744AMlJibKx8dHbdu2veOwQr6+vpo7d64CAwMVFRWlgQMHKigoSIGBgWrXrp1puHibzZZryZc3+/PPP7V161ajHRgYaPyA1a1bV35+fsa8zCq7xcTEmGIfNGiQhgwZohIlSkhKTwCpXr26JkyYoJEjR97VOpcvXzZV8CpdurQGDhyoxx57zGj/61//MsW6Z8+eXHtYWL9+fVWsWFEFChSQh4eH2rRpY/yYS+k9q7I7dHzx4sVN7ffee0+vvvqqvvzyS/3www8qUKCAnn32WUVERNB73Un2799vJJMULVpUK1askM1mM/0dOXLEdINm/fr1DE0Cubq6qk+fPnf87FatWtUYwjw2NlY//PCDUlJSdO3aNf344486deqUI8JFHrJ161ajF2S1atW0f//+DEPpHjp0yPj9S0xM1Lfffuuwc4j8KjY2VlWrVpXFYpHFYlHRokXVt29foyq8j4+PWrZs6eQo8yZ/f3+9/vrrRjsxMVEffvihSpcurQIFCqhgwYKqW7euli5d6sQo85eXX37ZOBaLFy+uHj16mCryjxgxQs2bN3dihPlHVFSUSpYsaezPG//69+9vqswB5KQyZcro//2//2dK8I+KitKzzz6r4sWLy2KxqGTJkqakNyC3bdu2TRaLRYULF9aMGTOM6TNmzFDhwoVlsVjuOMLNgy4hIUHBwcHGb0nhwoVN54xSemIHFcbujru7u9566y1TB4AxY8bo22+/dWJU+c/tzn9CQ0OdHR4eYBaLRR06dKAYQxaVL19eb775plGJLTExUUOHDpXVapXFYpHVatXQoUON3yCr1ao333xT5cuXd2bYuM/5+PhowIABRuLfnY5LT09PDRw4kOPyLtSoUUNvvfWW0Y6Li9Po0aONZGFk7ueff9aQIUNUoUIFFSxYUBaLRQULFlStWrWM628fHx+99NJLcnNzc3K0uN89/fTTpmubWbNm6dFHH830WrJ06dJ66aWX5O7u7qxw8wUPDw9TsbUbtWrVSh4eHg6OKH+rW7eu8Qz6uho1aqhKlSpGu2zZsqb2dXXq1OF7NAsOHTqk8ePHG5/1Hj16qF27dnJ1dVWPHj303HPPGct+9tlndFaBQxw7dkyLFy82TZs2bZqKFi2a6b0kf39/Rg2/jTyTwGqxWBQUFGT0gruuXbt2qlGjxh3X/+OPP9S7d2+VK1dO3bt317Rp07R27Vrt3bs3t0LOkj179hiVZKX0BFYvLy9J6TdOmjZtasxbv3699u/fb1r//PnzpnZAQMAdM7Wzu05KSorpAYGvr6+RvHpdyZIlVapUKaP9xx9/yGaz3TaOnOLu7q7ChQvf0zaqVaum9u3bG22bzaYFCxaod+/eatSokUqWLKmmTZtq48aN9MZwgtTUVG3fvt0YUrpOnTqqWrVqhuWsVqsx5JiUnqx99OhRh8WJvCsrlSeqV6+ul156yWiHhISoYMGCcnd31wcffKArV67kdpjIQ5KSkkwdTAICAjK9AVyuXDnVr1/faG/fvt00FA2yx2q16uOPPzYNlYL/4+rqqiFDhmjq1Kl3HOLIx8eHmxr3wGq1aurUqRoyZAi9IIF8oEmTJgoPD9dTTz3l7FAAOMh7772noKAgZ4eRr5UpU0bvvPOOKTFm7NixiouLc3JkAHJCiRIl1Lt3b6reZVGHDh00e/ZsU3WszPj6+mr27Nnq0KGDgyLDg8pisahr166aN29elo7LefPmqXPnzg6K7v5isVjUuXNnvfLKK8a0pUuXaubMmVSnz4S7u3uWflt8fX0VFhamhg0bOiAqPOjKlCmjiRMn3rGQjdVq1c&quot;
08-31-2019 12:58:53 Wire.java DEBUG [Forwarding screenshot on session 7924db1cdca3d9f58beaf776318b9ec1 to remote] http.wire 87 - http-outgoing-3 &lt;&lt; &quot;SJE9WoUSMHRZa/NWzY0PTcXUp/VlarVi0nRZR/+fj4mIrBSenfkzcmtRYrVkw1a9Y0LVO5cuUs5UI96C5fvqyPP/7YKErk5+engQMHGqN7lCpVSoMHDzZ+v+Li4vTJJ59QCA3IZ/JMAqskPf7446aKXJ6enmrbtu0de8gkJydr3Lhx+uqrrySl/0CEhYXpl19+0Z9//mmqnuZIqampio6ONiWHjho1SgUKFJDFYlGhQoU0ZcoU0zqrV69WcnKyo0O97z388MOaNm2a+vTpc8sLry1btuiFF17QunXrHBwd/vjjD1MV4Hr16qlkyZIZlrNYLGrcuLGKFi0qSTp37pwxBBkebBaLRe3atVPbtm1vuYyHh4c++OADjRo1yrgp2KJFCy1btkzffPNNpknTuH8dO3bMVBWrUaNGmQ5jeHMv1JiYGKd3jsmP6tevr5EjR2r37t3q0qWLLBaLs0PKs9zd3fXGG29o7969GjdunFq0aGGcu1xP1o+IiNC+fftI5Mqm6yM7zJgxQ3FxcXrjjTfoiQ/kExaLRQ0bNlR0dLSioqLUq1cv00NeX19fdenSRVOmTNGBAwc0depUKkUAeVyBAgVUpkwZU3Xl6+c6mzdvVmhoKMOM54DmzZtr0KBBRjsmJkYff/wxD3GA+0Tjxo3VrVs3Z4eRL1gsFrVv317btm3TjBkz1KZNG6PjqNVqVZs2bTRjxgxt27ZN7du3574FHOJ2x+V177zzDsdlDihWrJj+9a9/mYooTZ8+nVETMtGhQwcdPXpUixYtUpcuXUzX3j4+PurUqZMWL16snTt3GiMqAI5Qu3ZtRUVFadGiRWrbtq1xLenp6akWLVpo3Lhx2rt3r7p166YCBfJUCkye9eijj2ZIYG3YsKHKlCnjpIjyr2LFimUo1Ofn56dixYoZbRcXF1PBHEmqVKmSHn30UYfEmF/Z7XZ9/fXXmj9/vjHt3//+d4bn+k2bNlXfvn2N9vz58/X111+TRwLkI3mq3JC7u7u6d++upUuX6syZM3rmmWdUu3btO67366+/avPmzUa7W7du6t27t1xcXCSlDznvDKdPn9aGDRuytU5MTIx+//13VahQQZKMRL0b5z/77LO3rRSV3XVcXV1NSZ3x8fE6ffq06cfy8uXL+vPPP432ww8/fMvKYBcuXNDFixeNSrN5RalSpTRz5kx99tlnOnjwoPbt26c9e/Zow4YNRpnmxMRErVmzRk8//TRVzRyoVKlSWrVqVZaWDQgIyHSo94CAgFtWBe7YsSNDauVzgYGBdzzB9Pb2VmRk5G2XsVqt+vDDD/Xhhx9mmLdmzZpsv7avr69++umnTOd5eHgoLCxMYWFht40JzlGzZk0dPnw4S8t2795d3bt3z+WI8rdRo0Zp1KhRzg7jvlKuXDkNGzZMw4YNc3Yo+UpWfi+QNfyO5Ry+I3OOh4eHWrVqpVatWjk7lHwnK9+PXl5etzwnhhm/N/euRIkS+vLLL50dRr53p2PR1dVVY8aM0ZgxYxwYVf7F+c+9ud09ksxwjnR7WdmfHLPZ5+Xlpb59+5oebiN7OO5y3o3HZUJCgrp3724M0X7p0iUSsbIgK+fnNWvW1MGDBx0UUf7m7e2tbt260Ukih2X3XAkZFSlShGMzB7m7u2vy5MmaPHmys0PJ99zc3PTpp5/q008/ve1ybdu25X5SNlksFvXp00d9+vS57XLu7u6aOHGiJk6c6KDI7h/8Pt099l3OynNXPfXq1dPvv/8uu92u5cuXq0SJEndcJzU11TTMw8GDB43hfZOSkrRjxw6dP38+12K+ld27d2v79u3ZWicmJkYbN2402oGBgabS4p9//rlmzJihixcvSpJSUlJ07NgxDR06VKNHj76rdYoVK6YGDRoYy585c0ZTp07V6dOnJUkJCQmaMGGCYmJijGVq166thx56SFL6j8b1ZOHr73vr1q1KSUlRWlqa9u/fr3379mVrP2THzYm5u3fvVlJSkmna4sWL9frrr2vt2rW6cuWK6tSpo9dee01ffPGFFi9ebOoRk5ycrLS0tFyLFwAAAAAAAAAAALiRp6enqlevbrSnT58uq9Uqi8Uii8Wi0NBQJ0YHAAAAALkjzyWw3o1ixYrp4YcfNtqRkZHy8fGRxWJR0aJF1atXL505c8ahMV29elVr16412qVLl1ZMTIzsdnuGv5srBm7dutVIwKxdu7befPNNY15iYqIGDhxoXLAWLFhQjz/+uCZOnGj01sjuOhaLRS+++KICAwONdRYsWKCyZcvKYrGoZMmSmj59ujHPz89PvXr1MiqUFipUSI8//rjpPYSEhKhgwYJycXFRjRo1tGzZsnvdpbfk4+NjqiD72WefqWjRorJYLAoODlZCQoLS0tIUFhamoKAgeXt7y8XFxbjgr127tuLi4iSl3xxo1aqVChUqlGvxAgAAAAAAAAAAADdyc3NTnz59MgzpDAAAAAD3s/sigbVUqVIKCQkxJTHeyNvb+5bzcssvv/yi77//3mgHBgbK19c302X9/PzUsGFDox0VFaVDhw5JSq8uOnDgQI0cOTLL7+Fu1ilfvrym/H/s3Xd0VHX+//HXTCZlUkinpRFaCi2E3sFQRVBEiqAu9g4qy35dV/D3hV3c79pW3F3RdRcsKKCCFEFEFhAQ6aETegKhhVDTM8n8/shyw5BCAkNCeT7O8Rznzr2f+76fuXMnnHnN+06Z4hBiLU1UVJSmTJni0LFUkgYNGlTmtp06dVL//v0rVMe1iI2N1aBBg657HB8fH73++uvq27evE6oCAAAAAAAAAAAAKi4mJkYzZ87UK6+84vC9YsuWLR3uvggAAAAAt4vbIsBqMpk0fPhwzZs3T/fdd58R2gwICNBrr72muXPnqn79+lVa0+rVq42unpLUsWNH+fr6lrpunTp1HH5Nefz4ca1cudLoqOrl5aWJEydq3bp1mjhxohISEhyOcciQIZoxY4aefvppY4xr2SY+Pl5LlizRV199pSFDhiggIMBY/5577tFHH32kNWvWqGvXriWOoV69evrqq6/08ssvKyIiQpLUrl07/eMf/9CSJUtu6K9Fa9Sooffee09vv/22unXrZiyPiIhQgwYN5Orqqvvvv1/Lly/X6NGj1b59e2MdHx8fdenSRa+//rrWrVuncePGyd3d/YbVCgAAAAAAAAAAAJSlXr16euedd7Rnzx7jbo6bN2/WE088Ud2lAQAAAIDTWapjp4GBgfrhhx8qtU2nTp2MQGdpzGazevTooR49epT6fGJiYpnbjh8/XuPHjy/1uaioqHK3LcvTTz/tEA4tj5ubm9599129++67Za5jMpkUExNTbq3O2MbLy0vDhw/X8OHDK7T+5cLCwso8jvJquNprW5HXICAgQGPHjtXYsWPLXKd79+7q3r17ueMAAAAAAAAAAAAAAAAAAIAbr1oCrACqXmxsrLZt21bdZaACLu8kfElsbKxWrlxZDdUAzsF57RzMo3Mwj87BPDoH8+gczKNzMI/OwTw6B/PoHMyjczCPzsNcOg9z6TzMpfMwl87DXDoPc+k8zKXzMJfOw1w6D3PpPMyl8zCXVYv5dh7m0nmYS+cqbT5vBgRYgTvArl27jP9w87vyA4PXD7cDzmvnYB6dg3l0DubROZhH52AenYN5dA7m0TmYR+dgHp2DeXQe5tJ5mEvnYS6dh7l0HubSeZhL52EunYe5dB7m0nmYS+dhLp2HuaxazLfzMJfOw1w6180aYDXNnj3b3rhxY4eFcXFx5d7SvTyB42dJktInDbvu4gBUDO87AAAAAAAAAAAAAAAAAEBFXLhwQZKUmJhYLfuPi4uTJJmrZe8AAAAAAAAAAAAAAAAAAAC4YxFgBQAAAAAAAAAAAAAAAAAAQJUiwAoAAAAAAAAAAAAAAAAAAIAqZanuAgA4n8lkqu4SAAAAAAAAAAAAAAAAAAA3ofPnz1d3CZLowAoAAAAAAAAAAAAAAAAAAIAqRgdW4DZmt9uruwQAAAAAAAAAAAAAAAAAwE3gZruzNx1YAQAAAAAAAAAAAAAAAAAAUKVuWAfWwPGzbtTQAAAAAAAAAAAAAAAAAAAAuIXRgRUAAAAAAAAAAAAAAA&quot;
08-31-2019 12:58:53 Wire.java DEBUG [Forwarding screenshot on session 7924db1cdca3d9f58beaf776318b9ec1 to remote] http.wire 87 - http-outgoing-3 &lt;&lt; &quot;AAAABVyukdWNMnDXP2kAAAAAAAAAAAAAAAAAAAALiN0IEVAAAAAAAAAAAAAAAAAAAAVYoAKwAAAAAAAAAAAAAAAAAAAKoUAVYAAAAAAAAAAAAAAAAAAABUKYuzBwwcP8vZQwKooPRJwyq1/kcjFt+gSgAAAAAAAAAAAAAAAAAAVenpL/tVdwmVQgdWAAAAAAAAAAAAAAAAAAAAVCmnd2C9pLKdIAFcOzofAwAAAAAAAAAAAAAAAABuJXRgBQAAAAAAAAAAAAAAAAAAQJW6YR1YAQAAAAAAAAAAAADAzanza+HVXQIqafXklGrdP+cMgGvBtQu4sar7PXa96MAKAAAAAAAAAAAAAAAAAACAKkUHVgAAAAAAAAAAAAAA7lBjX3y1ukvAVbzzwZ+ruwQHnDMAKoJrF3Bj3WzvsWtFB1YAAAAAAAAAAAAAAAAAAABUKQKsAAAAAAAAAAAAAAAAAAAAqFIEWAEAAAAAAAAAAAAAAAAAAFClLNVdAAAAAAAAAAAAAAAAAJyv21PNFN091HicuiNdCyevr8aKAKBi7nmtrUKaBhqPCK6zaAAAIABJREFU96w4qpUfb6/GigDcCARYAVxVzF1hatC+jgIjfOTm6Sqzi0mSZC+0Kz/HpvMns3R022ntXJqizDM51Vxt+doMaaS4AfVlthQ3oL7Z/8gZ+lYX+Yd4G48zz+Ro+YfblLozvRqrAgAAAAAAAAAAAAAAAIBrR4AVQJnqtaqldiOi5FfbSzKVfN5kNsnN01XBkb4KjvRVs771dGDdCa2Yuq3qiwUAAAAAAAAAAAAAAAAA3DIIsF6H9PR0jRw5UkuWLJEk9enTRzNmzFBgYOBVtgRufrE9w9VueGO5ebpWeBuLu4u8AzxuYFUAAAAAAAAAAAAAgDtJXMvmGvfaKwoMKspiZGdl62/vf6hlPy6v5squzSOPjtTQEQ/IYimK7KQkH9FTo56TVPJYJWnJoqV6760p1VKrs708brT63N3LeJy4eateHfu6pNvvdb7RyptLALiVVEuA9crgZ2latmypLl26aPjw4WrXrp3MZnOZ6wJwrsg2tdT6gUaVCq8CAAAAAAAAAAAAuDP8+Z0/Ki6+RYXWtdlsmv3lN/ps2owbXBVuBeERYRo8dJBatmohPz8/ubm7SZLsdrtyc3N1Jv2s9uzao+XLVmrDuk3VXC3K8/b7f1bT5k0clu3fd0AvPPVStdTz8fR/KDwirNx18nLzdOpUmn5c/JNmf/VNFVWGW11p59bepH36n1f+oOysbGNZQu8eemHMs7J6WiVJ6afT9dbkd5W45da/i3HHLh3Uf2A/NWrcUN7eXkaOLz8/XxkZmdq9Y7d+Wrpcv6xaW82V4lZ003Zg3bJli7Zs2aIpU6botdde02uvvSYvL6/qLuumN2nSJE2YMMF4vHr1anXq1KkaK8KtqFm/SFlruJVYnpdl0+GNJ7V3VapSd6bLP8RbkW1rq2HHOvKr4yWT2VTmmJFtaik2IVxB9X3l7mkx1rXlFSgjPUep209ry/yDyjyTU2Lbxl1C1PnRWLl6FF+yzqZmaO74tWp5b3017FhX3oEeMplNKsgv1PkTmdq++LD2rDhqrN9mSCPFDagvs6VkGD66e6iiu4c6jD173CpJUvsR0aoT7S+fYKtcPSyyuLlIlw7T/t/6z5Rf/5XzENMjTEGRNeTu7SazS9FgBfmFysvK17HdZ7TrpxQd23VGQ9/qIv8Q7xJjeAV46J4/tDUeF9oKlbjgoDZ8va/kfEfWkJunq7GfwgK78rLydf54pg5vOqV9a45dtWYAAAAAAAAAAAAAFXNld83bKcB0vR76zYMaNOTeUrMfJpNJHh4eqhtSR3VD6qhL986a+cVszfhsZjVUem2uDK/dLB1Eb0Rdbdq1UkhYSInltWvXUo+Eblq+bOU1j30jubm7KTQsRI8++YhaxDfXH9940yGAeDu5MnR5O3XyvRnUbxCph0eN0Mf/+Fd1l3JDBQUHaczYFxTfOk4uLi4lnnd1dZW/v586dumg9p3aadGCH/S3v35YDZU6uhnP/5v1M+JmcNMGWC83efJk1axZU6NHj5bJVHZADsD1a9iprgLCSoYmM8/kaOUnO3QkMc1YdjY1Q2fn7tfmufsV3T1ULe9tUGI7Vw+Luj/dTPVa1zJClJezuLnIr46X/Op4KbJtbW2as1+7fkq5ap0WNxcNmtRB/nW9iwOlklxczQoI81HHR2Jk9XXXlnkHKnjkpQtvGVxqiFSSZJIs7o71b5i91yE4e4l/iLc6/SZWdWICSp0HF1ezrL7uatC+jsKaB2vVtJ3XVK9XgIe6PdFUIc2CSt2P2cUkDx83efi4qVZjf4U2C9LCyeuvaV8AAAAAAAAAAAAAUBEPjRqhoQ8OlptbyUZKpTGZTKWGpW53iVu2aeSQUdVdxlW1bd9Gfr6+JZZ7eXsprlWLmzbAeonJZFKLuGZ68KGh+vfHn1Z3ObgFWSwWdenWWevXbrhtf6Bg9bRq7P+MUVx8iwrl9cxms1xdudMzKu+mCLC2aNFCs2bNUlRUlOx2u44dO6a//vWvevvtt411Fi5cqKFDh6pOnTrVWClw+6sbEyB3T8cPFFtugRIXHnQIr15pz4qjJYKbrh4W9X6ppUKbBTmETMvi6eeudsMbS9JVQ6w+wdZyn3f1sKhx1xAdXH9C549nXn3nTuDp5664gfV1ct85nU3NMJb7h3gr4cU4BYb7VGgck1kyl9PNtiyuHhb1eKa5QpoEVmi+AQAAAAAAAAAAAGdIST6ip0Y9V91l4CZl9bSqS7dODuHV48dPaMHc7/XzitU6nXZacS2bq22HNurctaOCawZXY7W4GqunVbFNYkq9Q6vJZFKTprEKCQ1R6tHUaqiuWOLmrXp17OuSpPCIMN17/wAl9O4hDw8PSUUBxMZRjaqzRNzigoIDdffAfrdtgPXhUSPUrEVTh/Bqdla2Vq/6RQu++1579+xTj4Ru6t2vp5o0i63wDxSAK90UAdbLmUwmhYSE6JVXXlFiYqJ++uknSVJaWpouXLigOnXqKCkpScOGDdPWrVslSRMnTtTvfvc7LVy4UB9++KGWLVumL774QiNHjjTGzczM1IIFCzR37lytW7dOycnJCggIUMeOHTVgwAANHjxYgYGBpdaUm5urhQsX6pNPPtGaNWskSQkJCRo8eLCysrLKPJZJkyZpwoQJkhxDupfMmDFDDz30kPH4ypolyW63Kzk5WbNnz9aPP/6o9evX6+LFi4qIiFC7du107733qk+fPjp9+rTDnFzSuXNn4/+ffvppvffee7Jai4J/KSkpmjlzpv7zn/9ow4YNOnPmjHx8fNS2bVt169ZNffv2VcuWLY1bG+DO4Fvbs0T48dzxTCWtqPwfl016h6t2tL/DePk5Nu38MUWbvzug2tH+ir+vgWo3Kl7HzdNVTXqFK3Vn+nUHT70DPBTWLEjnj2dqw9f7tOHrfWozpJHiBtSX2WI21tuz4qhWfry99EHsUvaFPJ1IOqvDm07q0PqTys+xKbiBrxp2qKPGXULk4VP8IewV4KGI+JoOAdZWgxsqMMwxvJqfY9O+1ce0Y0myMtJz1KhzXcUmhDuEXGePWyVJGvpWF4cusJlncrT8w21K3ZnuMGaTXuGq2dDPYb4zz+Zq2/eHdODX48rLsimybS017hyiWo38ZHG/836xCAAAAAAAAAAAgOoRHhGmP/y/VxVRL9xYdjrttN5/52/asG6TpKLbko8Z+4KCgoMkFX1fnrh5qyZOmKyoqEYa99orCgwq+l4/Oytb8+YuUJu2rRUaHiJ3d3fZ7XZdvHBRy5et1PR/fV7qrcETevdQ/4H9FFEvXJ6enjKZTCosLFRGRqb27d2vObO/06YNmx22eXncaPW5u5fxOHHzVn09c44eHjVC9RtGys3NTUsWLVVMk2iHWxZLUmBQoP787p+MxzfDbYyrWlRUI3l7exmPCwoK9OuadZrz9XfGssQt25S4ZZs+/se/NPTBB3Tv/feUO6bFxaKXfvui2nVoIz9/P0lSdna21v+6UZ9MnabTaadLbNOqTbzuH3qfGjVuKG9vL5nNZtntdmVlZSn5cIq+n7&quot;
08-31-2019 12:58:53 Wire.java DEBUG [Forwarding screenshot on session 7924db1cdca3d9f58beaf776318b9ec1 to remote] http.wire 87 - http-outgoing-3 &lt;&lt; &quot;+4xK2cH3l0pIaOeMDITaQkH9G7f3lfIx8ZrqbNm8pq9VDi5qKcRlx8C4dtrZ5Wjfv9Kxr3+1eKjvGyQGV5Lr/1tc1m0+wvv9Fn02YYzwcFB+mh3zyo+NZx8vPzk5t70ffVl87jo0eOavXKX7T4+yV6Y9IfnFbXJZ27dlSdkNrG49zcXLm4uBhzFBQcqFZtWlZ7gPVyKclH9MF7/1Bkg3qKbRJz1fUHDx2khN49VKduHXl4uMtkMqmgoEDnz53X+l836otPvypxjlXmdcnOylZcy+YlrmlX3k78Wm6DfuU5e0mfu3sZ17H00+l6a/K7RvDSON46teVh9ZDJZJLdbldOTq7STqVpW+J2zZ+7UCnJR646d7c7e6FdtgKbXF1dZTKZFN+6pfrd00eLFy6p8BjRsVG6b/BAtWjZXDVq+MjFxcWY7yPJRzRv7gLjPLjyPLHZbPp65hx9+q/PjfEmvjlBbdu3MepbOH+R/v7+VOP5d//2F4fzfuXyVXpz4l/KrTEkNERt27dxOI8yMjI17Z+f6vv5i41ly5et1PJlK9WhUzs9+ezjJcaxelo1fMQQderaUTVrBhvvi/z8fJ09c1abNyaW+n4q7XN36ZJlunfQANWrHyE3NzcVFBTo+LET+nrmt1qyaKmkyp//Tz33hFq2aqHg4CBZPa1G52+73a6c7BwdP35Cy35crm9nzy11nsIjwjR46CC1bNVC/gH+RgfaS8e3fetOLZj3vUY9/rDTr8W3k5s2mejr66t69epVaN2UlBQ9+eST+vzzz0t9fvPmzRo9erQRPr3kzJkzWrhwoRYuXKh3331XU6dOVbdu3RyS42lpaRo7dmyJsb/77jt99913upGys7P1zjvv6C9/+YsuXrzo8FxycrIRbJ04caKGDh1a4XHtdrtmzZql559/XmfOnHF47uLFi1q2bJmWLVumb7/9tkToFrc/q697iWUZ6TnKz7FVeqzwuJqyuF0WkrRLyZvTtG5mkiTpSGKa8jLylTA6Tj5BxR1Va9TyVGTrWkpccLDMsfNzbDq0/qR2LE3WudRMNe9fT837RcrNs/iyZnYxyepX8ngqY/bvVpW6PO3AeaUdOC8Xi1mxvcKN64bF1UU1anka64XFBatuTIBDqLTQVqgdS5K1ftZeY9mun1K066cUdR4Vqwbtr63TtKefu1wsjunj88cztG3RIePx3p9TtffnVNVq6KeOj8TIXmi/pn0BAAAAAAAAAAAAlZGSfETz5y7Uo0/+xggzBgYF6v4h92nH9l2SpMHD7jfCq5J0+FCyPvzg41KDqB5WDw17cIhDF0iTyaQavjU0cNA9Cg0P1R/feNPY1upp1SvjRqtjlw4lbk1vNptVo4aPWrVuqWbNmui7OfPLva14rdo19fr/e1VWz/LvGonSubi4qGefu+Tl5aXVP/+i9b9ucHh+9lffaPZX35S5vaubq0Y9+Yj8/xtcvcTT01PdenSRTw0f/WHcBIfnnn3xKfXr38cIT11iMpnk5eWl2CYxiopurFatW+qDv35Y6jknSd7eXvp/fxovPz/fyhyy07Rp10ovvvycataqWeK5S+dxbJMY1apVUwf3l/19+/Vo1TreaJwmSQf2H1SNGjUUGhYiSfLw8FDrtvGaP3fhDdn/tbJ6WuXu5pgfKCgsdHgcHhGmF19+Tk2bNylxy3QXFxcFBAaob//eim0ao7/99UNtSyxqlFXZ1+Vm6dhp9bTq9f/9veJbxZU4XpPJJKvVQ+ERYaobUkcXzl9wCFLfqQoKC7R96041j2sqi8Uib28v9bunj1b85+cKbT9k+GANG/GAvH28HZZfmu/G0Y00ZuwLio6J0t/fn6rELdt0/NgJI8BqsVgUWT/C2K5xdCNF1Ct+bDKb1KBRfYfnL2/omJebp/17D1y1zlZtWioouHg7u92uzRu3OIRXL7d2zTqtXbPOYVnzuGZ6fswzCo8IK3F+ubq6qmatmurbv7fi27TUh1M+KrH95SIiI/TyuNEOwVQXFxeFhoXoyWcek+zSksVLr3pcV2rdNr7ED0+k/74enlbVbxCpek9HKLJBPb395nsO65T1Wl5+fAm9a8pmq3ze6k5z0wZYz5w5o6SkJOOxl5eX0cb7Sp988kmZ4xw+fLjU8OqVkpKS9NJLL+mrr75STExR6jw3N1f/93//V2Yw9kay2WyaMmWKxo8f7/SxN23apFdffbVEeBUoS87FvEpvE9osqKib62XycwuUusPxVxMn95/ThRNZDgFWi5uLgurVKHf8jPQcLZ9a/Efdpm/3K6xZkGo19jeWmS1meV5ngPWSsLhg1W9bW0ERNeQV4C6Lu4tcXF1kdrmiXa1JDv9IrlnfV26erg6rnD+RpS3zSv/Hwurpu7R6+i6n1CxJdWMC9dDfeuh08gWdSbmoE3vPKmVLmk7uP6e5E9Y6bT8AAAAAAAAAAAC4c4VHhOmH5QtKfS4l+YieGvWcJOn7+YsVXDNI9w+5T25ubjKZTGrWoqkeHjVCXt5eat6iqbFdRkamFs5bVGbHP5PJVOLOkpc/16xZEw28r79mfVkUhHzsyd+oU9eOMpvNpW/0X27ubuo/sJ9OnUzTwnmLSl2nTt1ra0hzp0pK2qdzZ88bASxJ8vHxUe9+PdW7X08VFBTowoWLStqdpHVrN1y1k6HFYikRXr3EZDIpJjZKvfomaOkPyyRJw0Y8UGp49UouLi7q2qOL0k6d1rRPPit1nYDAgHLHuJGsnlY9/OjIUkOSVSUkNESNoxsZYTSbzaYd23bK189XIaF1jeX1IiMUHRulPbuSyhuuysS1bK77HhioyAbFjfRsNpuSLqvP6mnVsy8+VWp49Uph4aEaNnKItiVuvylel2v12JO/Ucv4Flc9Xjjat3e//Px9Vb9BpCSpfoNIDR8xRCkp5Xeo7T+wn4aNHOLQkbo0bm5u6pHQTfv3HtCSxUuVtGevYppEGz++CAkNkdXTquysbLWIa17ielirVk3FtWyuxC3bFB0TJV+/4vzN2bPntDXx6gHqsPBQh8B3bm6udmzbedXtLrF6WvXEM486dF0vS82awRr1xCNKPXqszM/8sq75kuTt460ePbtdU4C1Isxmszp2bu/wuVLR1xIVc9MFWAsLC3X48GH96U9/0qpVxZ0PW7durdq1a5e6zZNPPqnXXntNoaGhDklru92uOXPmOIRXH374YU2ePFmhoaE6fvy43njjDf3zn/+UJG3dulXTp0/XpEmT5Obmph07dujLL780tg0ICNBbb72lYcOGycvLS8eOHdMjjzyiZcuWOXsatGPHDn344YfGYx8fH02YMEGPP/64/P39ZbPZtHfvXk2bNk0mk0lRUVFKTEzUpEmTNGFC8S+JVq9erU6dOjmMvWrVKiUnJxuPFy1apD59+shsNstms+nEiRP6+eeftWBB6f/AwJ3Hw6f8P+RL4+nnLlcPx18u5mXl62JayV+qXTxdyi8mr2GfGek5qlXprcrXqHNdtbq/oXxreZX5D+DyeAdZ5eLq+I/gzDPX1tH2ak7sO6fczHzHLromySvAQ14BHopoWfQHc0F+oU4nX9Cmb/bpyLaSt84AAAAAAAAAAAAAbpTpn3yumrVqqsdd3WQym2SxWHTPwLslyQiX5uXlaeG878vs9CYVhc9Wr/xFc775TmfSz2rw0PvUf2A/ubkVfc/o5u6mmCbRkopu19yuQxuH8Oqx1OP69N9faP2vGzR4yH0aNOReeXkVBVG8vLzUu2/PMgOsKclH9P38xVqzam2J2x5fefviK2/VfSfKzsrWooU/OHTfvZyLi4v8/f3UvmM7tevQVkMfHKyZM742bgl9JZvNpg3rNmnRgsXasX2XHvrNgxpwX//i197NTXVD6koqClF17d7FIbx67tx5zZrxteZ+M0/33Hu3Hnx4mAL/G0y1WCzq2qOz1qxeq7179pXYd3r6Gc2fs0Br16wrEbRK6N1DL4x51ujMW9ot4a9H67atVKducW4mJydHX342y+hWG9eyuVq1jVfrtq3k6VnUbOrVsa87ta7O3To6dGU8f+68Nm/YouBawerSrZOx34DAALVt17paA6xx8S3KDNbb7XZt37pDX8+aYy&quot;
08-31-2019 12:58:53 Wire.java DEBUG [Forwarding screenshot on session 7924db1cdca3d9f58beaf776318b9ec1 to remote] http.wire 87 - http-outgoing-3 &lt;&lt; &quot;xL6NVD0bHRRpgzOytbP/34H8368ht5elo14pHh6tq9s8xms0wmkxo0rK/2HdvK1c2t0q/LjfTZtBn6bNoMfTz9Hw6dJZcsWqr33prisO4Tzz7mcF1c/fMvmvq3f+p02mmFR4SpVZt4tW3fWg0a1heKFdhsWrJoqR598hF5eHjIYrGo211dNfebeeVu1yOhm3ENtNvtOnjgkGZ8NlO/rFqrXn0S9JvHHzK6kHv7eCu+TUstWbxUe3bvVVZWlnx8fCRJfv6+at22lVatWK2GjRuUCOf71PBRVGyUErdsKxFETT6cXOq17Upubm4OzdvshXZlZmZWbIIkDRx0j+pFFneGLSws1JZNifro70VNKkc98Yjad2xrnH9h4aG6e0BfTf3bP0sdL+3UaX0/f7F++vE/qhtSR8+Nftph/MCgQFk9rZU6/yWpoKBAqUdTtW7tBq34z8/au2efgoKD1LV7Zw0eNsj4bHB3d3fYX59+vRw+z2w2m9au/lVfz5qjvXv2qU27VkrodZfatG8lyfnX4tvNTRFg3bp1q6Kjo8t8PiIiQg8//LDc3UvvpBgWFqZ69eqVWH7hwgWtXVvcYbBOnTp64YUXFBoaajweO3as1q9fr61bt0qSNm/erPPnzys4OFgbN27U8ePHje2feeYZPfLII8Yfmu7u7g6BWWdat26dQ8j0xRdf1EsvvWTsz2KxKDY2Vm+99Valx768NbQkPfvss7r77rvVuXNnNWrUSI0bN9aIESM0YsSI6zsI3JKyz+fKP8SxvbV3oIdcPSw3JHRZlitDnxWRn1vg1Bqiu4eq3YhoeXi7Xn3lSsg4k+PU8S45kpimQxtOKrp7qMyWsufPxdWsWg391PuVeG37/pA2fH31P04AAAAAAAAAAAAAZ5n5xWxF1q+nyPpF3/NfHr4pLCzUzytWa/on5d8pNT8vXxvWbzSCOB/9/RNFxTRWbJMYY51LIcZmzZvKz6+4e1teXp6WLF6qlf+95fMXn36l4FrB6t23pxFeCwoOVHzrOG3emFhi32fSz2jeHBpCVcb38xfLZrNp+Mghql2ndpkdH00mk+rUraMnn31cFoul1BBzfl6+Vv+8RhvWbZIkLVqwRB06tVfdkKLOuBaLRQEBRXfubN22lWrWDja2tRfatebnX4yg2cJ5ixQQ4O8QOvbz91dkZL1SQ16ZGZlGV9+qlpmRofy8fOOxh4eHHhr1oHr1TdCR5CNKSTmiVSvX6F8fTb9hNTRpGmMEhSXpSMpRJW7ZJqunVQ8Mu9/otmixWNQ8rtkNq+N65OXlafXPv+iD9/6h7KziZlvNWjSV1Vp8Z+jt23bo7+9PNR5/Pu1LNY5qZJxnnlarwsLDdGD/gWp/Xa5VZoZjILFj5/aKjmmsIylHlXr0mBI3b9Xvf+v8O0ffDubNWaC2HdoovlWcTCaTatWuqQ6d25e5fvuObRUaHmo8zszI1Dcz5+iXVUW5tqVLlqle/QjdN3jgZZ1Wiz7DVq1YrWEjHjACrFZr0a3tD+4/pEaNG0qS8nLzdPbsOdWqXVNubm6KiY2SVNQh/VIQ1Wazaf/eA06eidLFxEY5XCtOp53W59O/NIL/b735rv7697eNa4bZbDb+JihN6tFUzZwx2xhr04bNCgsPNebK09OqqKhGlf6xyLOPv6jmcc2U0KuHXh43WsHBQbK4WuTu7u7wOeXi4iJv76IsVfuObVWzdnHHZbvdrl9W/6rJ//t/xrIN6zYZn1G4upsiwFqeFi1a6MMPP1Tr1q0rva3NZtPFixeNx1FRUUZ49ZKgoCDVrl3bCLCmpaXpzJkzCg4O1qlTpxzWbdeu3Q0LrF7pRu67Q4cOateundatWydJSk5O1ocffujQ8XXQoEGaMGGC4uLinLJP3DounMpW3Rg5dBv1q+OlqO4h2vFDcpnbOVtBfmGV7assjbuGlgiv5lzM07FdZ3Ry31mdO56pyDa1Fd09tIwRSnct3WUratW/dyrt4Hk161dP/iHeDr+IuZLFzUUNO9bV4c2nlHbg/A2rCQAAAAAAAAAAALe3lOQjemrUc5Va/98fT9eYsS8Y3eYu2bbVMTRWGUeSjzoEWD09rWravImsVg+ZXYobwGRlZSv5kON3n+lp6SooKDC+l7darfL/bwgSzrFk0VItWbRUPRK6qUu3TopsGKnAgIAS3QMlydvbS126dSq3C+8lqUdTZbOV3ozJzc1VFpfirEVuXq6SD6c4bp96TPl5+cZr7+pqUa3aN9/t4DdvTNShQ8nyD/A3glVubm4KCw9VWHioOqqDho0YomOpxzXjs5n6z1LndvVr066VGkU1Mh7bbDbt2rFbUlEnwR3bdio8vDgsFxoeqvYd2+rXX9Y7tY7rdeH8BS3/aYVDeFWSfH1rODxu275NmR1cJcnsYpbV6lHtr8v12L5tp2KaRBtBQ7PZrKDgIAUFB6llqzjdc+/dyriYoaVLlhmdM1Hs+/mL1aBhffn5+cpkMqlps1iHjraX8/L2kvtlgU5vH2/9z+u/1f+8/tsyx788AJq0e68aNKhvdC6PrB+h2KbR8vP3lSSdPXtOWzYlqk+/XjKZTQqPCFdcy+aqXae4O/D5c+e1LXF7hY6toLBAdrvdOKdNZpPRpbwiPDw8HB6fPp3u0JE5OytbZ8+cNQKskir1mZubkyu73V7h9Utj9bTq1dfHqXXbeCMIWxFXvpb5efnal7T/umq501W+xWEV8PHxUUJCgj744AMtW7ZMHTp0qO6SJBX9gXo7aNSokaZPn65BgwaVuc7cuXM1YsQIbdt2597G4E51+tD5Ep1MLe4uik0IV93YgDK3C2sepKFvddE9r7WVJGWdy1V+juM4bp6u8gku+T4qLdCZczHvWsp3mjrR/qpR07HWnAt5WvWvnVr6/hZtW3RYKVvSrjpO1rlcFdocw7iXOtreKHtWHNXX/7NaM0av0MqPtyvp51SlHTpf4vWQJKuvm/zrepcyCgAAAAAAAAAAAFD1fH1rKPiKUGtFXR5SlaS8vHydPXPOGWXBiZYvW6mJEybr0RFPamDfwRr97CtaumRZiUBhQGDZ30/fqd77yxRtWLexzMCuyWRSSGhdPfXc4+rYxblZm2YtmsrHp/i7ZYvFohGPDNcPyxfoh+UL1H9gP4cGS741aqhNu8o3q3OWxM1b1bfHAP36y3qHoFtQcJAGD7vfuI23M1Tn63I9vpj+pb6d/Z0yLmaUuY63j7cG3NdfTz33eBVWdmv4ZdVarVu7XoWFRZkQi8VSZoD1eu3ZnaTsnOJrZEhoiJq3aGZk2Y4fO65NG7coI7PotfQP8FdU9IubAAAgAElEQVTbDm1U47Jg9vFjJyrcofR46gmHzsLu7u4OPxC5HTz25G/Upl0rI7x64fwFLVm0VO/9ZYpGP/uK0S0WN95N0YG1RYsWmjVrlqKiopw6rsViMdonS1JSUpKOHj2qunXrGssuXLigc+eK/2ANDg5WQECAsf3lDh48eM21HDx4UGfPnq3w+pfaDl+ybt063X333U7rwhodHa05c+bo7Nmz2rFjh7Zv367169drxYoVSk4u+qXZ7t27tWzZMjVv3twp+8StYe+qY4rqFqrg+r4Oy/1DvNXnlVY6vPGk9q5KVerOdPmHeCuiVU01aFdHAeE+MruYlHU2V5J0dPtpnT+RJU8/d2MMi7tZdaIDtGfFUWNZrYZ+CozwcdiXLa9Apw9fuIFH6ai0AO2V/7iVpAJboXIz80ssL8+JvWeVmxkqq2/xPPjV9VKT3uFKnF/ymtLuwShFdwvV2hl7tHdVaqljWtxc5H5FZ1hJ6vZkU9WNDdSWeQe0Z8VRZZ7J0Z4VR435dvWw6P4/dpRf3Yr/KgYAAAAAAAAAAABwNqunVQ8/OrJE91VJqhcZoWdffEoTJ0wuEWi82pj160c6LMvKylLq0VRlZ+eosKDQSEh4eloVERnh0BnS189XLubiDmzZ2UXd4XD9Enr30KjHH9Evq9dq+r8+L/G67t2zT+/8+a8KDg5SXHwLp+47Ly9ftoLiUKG7m7tDxz+pKNDoYil+7fPzbTp5wvGuuTeL02mnNeH3ExUUHKQeCd0UExuluqF1VbNWsKxWq9&quot;
08-31-2019 12:58:53 Wire.java DEBUG [Forwarding screenshot on session 7924db1cdca3d9f58beaf776318b9ec1 to remote] http.wire 87 - http-outgoing-3 &lt;&lt; &quot;Et0bdGDbWMb2HcntwZ4lu3rFRmxWQ2KTomSlZPa6Xey87274+nq1btmg63J2/eoqmeH/OM3n7zPWNZTk6Ow3Y7tu3Ub8e8WqF9OON1sbhaVLt2rWs5xOvy6b8+16f/+lw9EropvnVLhUWEqlbtWvL1rWGEMS0Wi5rHNavy2m4F386aq6bNmigktG656115LcrOztG/PpqmhfMWVWg/q3/+RQ8Mu9+4fvn7+6lJs1iZTCbZbDbtTdqnjes36Uz6Wfn4+MjDw11x8S3k4V6UVSkoKFDSnr0VPq7t23bo3LlzqlmrqBu1yWRS63at1H9gv1I7Y7dqE6+nn39Cu3bs1l/f/qDE+ykoKFDRsVFGF1arp9Uh0yepyj9zmzVvYpzjBQUFWrpkmf754b+vut2Vr6Wrm6saRTW8YXXeCW7KDqzOUqNGDYfurcePH9ff/vY3HT1aFOZKT0/XW2+9pXXr1hnrxMfHy9e3KLjXurXjL0GmTZumX3/9VYWFhbLZbEpKStKJEyfK3P/lH9wXL17Ujz/+qOzsbNntdh0+fFi//vprmdt26tRJderUMR5/8MEH+uijj4wQrM1m04EDBzRu3Dj98Y9/LHWfkrRx40bl5uY6LPvTn/6kP/zhD1qzZo0kqXPnznruuec0bdo0ffTRRw7rXnlBwe0vP8emPSuOKi+rZFDTzdOixl1DdM8f2urpL/tp6Ftd1G54lIIia8jsUvJW9SmJp2TLK+76aTKZFNm2ljqPipVXgIfqxgao/UPR8gl0/GXThZNZOrTxpPMPTlJ+ToEKCx3biNdq6KsmvRz/kZKXY1NhgeN6Hj5uatChjrwCPOQV4KH2I6IVEV/+rSOOJKbp1IHz0mVDWdxcFH9fA3V5rIn8Q4rC6g071dXACe3U/O5Iubg5XpoL8hw7uLp5WdS4S4ixrcFkUo1anur6RNOi1+bBKIU0CZQkeQV4KG5ApEOgWJLysmzKPMP7HAAAAAAAAAAAAFXn+THPqGGjBsbj7Owco3OhyWRSi5bN9fyYZ8ofxGSSu1vRd1/N45rptQn/o8gGxQE1e6FdSbuLwjqXgjiXuLm5qU+/Xup2V1dZPa0a+uAD6nZXV4fukafT0rV5Y2Klj62goMCh26O3j7eaEfySt7eX7r1/gL6YPU3/O3mCBj1wr8IjwiRJ4RFhevjRkarfoDiAbLfbdXD/oeve78b1m3TqRPGdNU1mkzp17ahBD9wrSerVJ0ED7r3b4Vbd586e1aFDhyu9r8KCQhXai7/bdXVzVYu45k7r9JnQu4dmzf1Cf/3727rn3n7al7RPEydM1jOPvaDfvfSajh+7LL9ikhHKdUZdPRK6XVO4sm5oXSX06lHp7ZwpJfmIFs5bpIyMTGOZ2WxW126dNWzEA8ay3buSlJdXfKfYmCbReuv9N9WrT4IxV42jG2nYyCGaMvVdzZ73pRJ697jm18V2xbXC1dVVcfEtFB4RpqDgID3x9KPyD/C75uMuLHC8Q2tkg3qKjnVsLPjRtL/rX59/pJfHjVah3a5/fPCRXnrut3rsoae05udfHNa1VOIW63eSlOQjWr5spcO5U5orr0VWq4ceGjVCTz33uBpHNypa5mlVt7u66nevvaKZc7/Qm29PMtbPzsrW4UPJxmNvH2/VDSnKlWVkZGrXjt3KzsrWnt1JstvtRfmcyHrG51pWVpb27K54gHXPriStW7vB6C4rFV3HH3vqNxr76ktGzZ27dtSEia/pjT/+QeERYUZY+8r3U1BwkB4eNULhEWEKjwjTmLEvOHxmFxYW6tDByl93y1KR89982TltNpvVsFED4/330G8eLPP9V+JzxWRS+45t9bs/jDXmJa5lc4199SV9u3CmXh43+r813djPiFvZTdGB9UYxmUy6//77NWfOHCOs+fnnn+vzzz8vdf0WLVpo1KhRxh8mLVq00MCBAzV//nxJRV1QLw/EXk2TJk0cHr/xxht64403KrRtfHy8xowZo1dfLfo1x8WLF/XCCy/ohRdeKLHuxIkTjf+vX7++w3MvvfSSXnrpJUnS008/rffee0+FhYWaPHmyJk+eXG4NERER6tWrV4Xqxe1l108p8vJ3V/P+kbK4XfsfIYnzD6puTIDCmgdL//23nquHRU16R6hJ74hSt8nLytfOpSk6fzyz1OevV9rB88rNyJcloPi4rL7u6vxoE3V+tOg9ezY1Q7PHrdKZIxflE2Q1andxNSvmrjDF3BVWqX2u+ypJ3kFWBYYX/3rE1cOi2J7hiu0ZXmL9giuyw6eTLyioXg2jDpPJpIj4mkZ4ttBWqMQFxd1cTWaT/EO85R/irbgBjteEy9kL7Tqy7bRSd6ZX6ngAAAAAAAAAAACAy4VHhOmH5QtKfc5ms2n2l9/os2kzJEmjnnhYXbt3NrqeZWZmato/P1N0bJTu6tldZrNZZrNZ7Tu2K7PTm1QU/hk99nmNHvt8qc+fPHlKS5csk1QcxOk/sJ+x37ohdfT78eNK3TYzM1M//vBTxSfgMsdSjysvL0+urkV3VHR3d9fIR4Zr5CPDJano9sRvTbmmsW8HXl5eatehjdp1aFPueumn07Vs6X+ue3/ZWdn6ecUqhYWHys29KAvi5+erp59/Qk8//0SJ9W02m35evlp79+yr9L7S0k4rOytbXl5Fd8S0WCzq3a+nevfrKanolvavjn39Oo6mKHwdHRul6NgoDR85tMz1MjIytHXLdqfVFdeqhby8i+/0eerkKU2e+Bejm+IlXbp31uhXnjM6K3p4uKtpsyYV7jJ5o3w/f7FCQutq4KB7jMZwbu5uGnBffx08cEgb1m3S/LkLFdeyueLiW8hkMsnFxUXNmjdVs+ZNNfbVl0qMeXlX2Wt5XXZs26lz5847dKJu1qKpPp7+D6ccc/qZs6p3WdfZxlGN9Ne/v1303Ol0vTX5XZlMJoWE1lVIaF31ubvsfFBhYaG2b9vplLpuR9/OnquWreLUpGlMmetkZ2Vr0cIf9OiTv5H3f99Lfn6+un/Ifbp/yH2lbnMpDHrJzu271K5DG3l4eDgsP5122ugofmDfQeX2yJWHh4fDjzJOnjilVStWV+q4vvt2gRo1bqiomMZGLV5eXurVJ0G9+iSUu+38uQvVqUsHNY4qCnSazWa1ahNf5vl9JOWoFi34oVL1laci5/+F88V3hr7045mKvP9Key3d3Nx0V8/uuqtn9zK3q4rPiFvVbd2BVZLq1aunKVOmqFOnTuWuFxUVpSlTpigmpvhiUrNmTY0dO1ZRUVGlblOzZs0S7Ywv16VLFw0ZMqTM/Q0bNqzMbS0Wi1544QW9/vrr5e7jSp07d1aPHtf/65WAgABNnjxZ8fHx1z0Wbk0bvt6nNdN36cLJLIfuoeXJy7LpbGqGw7Kl7yfq4PoTJbqZlibrXK7WfrFHu35KuZaSKyR1Z7qObDtdoXrWfZWk9CMXy17BLtlyC8p+/r/OpmZo1Sc7dHzPmQrP5eX2rzmmi6evfksFe6G9wuMX5BcqaeVR/fLZ7soXBAAAAAAAAAAAAFyD/gP76Z57+xtNpQoLC7V2zTotnLdIs7/8RsmHi78n9Pb20oMPDVWbdq0qvZ+LFy/q65nfOoTr/v3PT7Xm519UUFD+93t5uXmaP2fhNQfufl27XocP3bjvO29FNluBCgoLr76iijqvph49pr+/P1Ub1m1yyv5nffmNFn+/RHm55XdILCgo0PJlKzXtk8+uaT87tu3Urp17HLpqVoe83DwtXrhEK//zs1PqCgkNUZOmsQ5huoMHDpUIr0rSqhWrdfLEKeOxyWRSTJNooythdfp8+pfavnWHwzwEBQfpsadGKTwiTNlZ2frwg4+1Y9vOG/IaXvm6SEXzVdZ5mZebp8zMa2/8tX7tBqfcddlut2vrlm2a9eU31z3W7So7K1s/LlqqjIsZ5a73/fzFmjXj66uuV5Y9u5N0/twFh2WXdxuXpE0btuhM+tly16mo1KOpevcv7ytx89arfnZKRdfQrKwsSUVz8snUaUo+nHLV99Opk6f0ydR/KyX5SKVrLEtFzv/ly1Y6dGa+nN1uL8rglOH7+Yv13TfzKvUevVk+I25Gt3UH1kvi4+O1ZMkSLV&quot;
08-31-2019 12:58:53 Wire.java DEBUG [Forwarding screenshot on session 7924db1cdca3d9f58beaf776318b9ec1 to remote] http.wire 87 - http-outgoing-3 &lt;&lt; &quot;iwQHPmzNGyZct05swZBQQEqGPHjhowYIAGDx6swMDAEtt27dpVP/zwg958800tWbJEycnJioqKUv/+/fXggw/q9ddf15IlS0rdr7+/v6ZOnar4+HhNnz5dSUlJioqK0qhRo/T444/rxx9/1KxZs8qs28vLSxMnTtSIESP0zTffaOXKlVq/fr0uXryogIAAJSQk6L777lPPnj2NbUJCQvTpp5/q448/1vfff68tW7ZIKgrMhoSEyMXFRWPGjFF8fLy++eYbbd261VgnICBAbdq00V133aXhw4crPLxkZ0jcWfasOKoDv55QzF1hqt+2lnzresvd02L8SsNeaFd+jk1nj2Xq4K8ntPs/R5SfY3MYIz/HpqXvb1Fkm1qKTQhXUH1fhzFseQXKSM9R8qZT2v7D4Sq5nf3Kj7frbGqGoruFyqemtbjLrL2ontzMohaoZ1MztOyDRLUe0kihzYLk5mExuqDm5xQoecspFeQXKqpryFX3eXL/Oc2fuK54HiJryM3TVWaXogELC+zKzcjTib3ntG91qg5tOGlsm7ozXcs+SFTz/pGq2yTQYf4KC+zKy7IpN9OmDV/vU9rB8wpvWVPBkTXk7u3q0EHXlleg3Ix8ndh7Vrt+StGxXWecMZ0AAAAAAAAAAADAVbVp10oPPjTU6FYmFd1i+O/vT5VUdBvmmTO+1gsvPWM0eboULrs8EHdJdnaOdu3crcZRDeXt7S2TyaTs7Bzt2bVH38yaq00bNjuun5WtP/3v/ymhdw/1H9hP9SIjZLVaZTKZVFhYqIyMTO3bu19zZn9XYtvKyM7K1vtvf6DHnhqlJs1ijNrsdrtycnKvK5B2q1r5n5916MAh9R/YT7FNY1Snbh15elqNbrh2u11ZWVk6lnpcq1as0YJ53zt0t3SGDz/4WOt/3aj7h97ncM5c2nfy4RR9P3+xlv24/Lr2895bU5Sbk6vW7VrJ17eGcYx5uXm6eKGc5kkV8MvqX+Xr66uu3TsrNDzUYQ4LCgqUmZGpffsOlHoOX09drdq0VFBwcZ4mLzdPO7eX3Shp9849atCgvvGdtn+An1q2irumrrbOlJ2VrVkzvlZoWKiCaxZ3PY2oF66hIx7Q22++p5TkIxr30u/V754+6tU3QeER4aXO89GjqVq98hf9svpXSbrm12XWl98oP9+me+8foOCaQTKbzcrLy9PB/Yf0+fQv9fTzTxjdGitr3pwFcnFx0d0D+qpW7ZpGV+iCggJlZmYpKztb0//1uXr26qGYpjHy9vYy1rHb7crJztHx4ye07Mfl+nb23Guq4U6yZPFStWobry7dOpXonHq5r2d+q3Vr12vw0EFq2aqF/Pz8jO7QdrtdeXl5Sj99Rnt27dEPi5Y6bLt3zz4dOnhItWrXNJZl52Rrz+7iMHnq0VSlJKeobkidMtepjJTkI/r9b8erY5cO6j+wnxo1bihvby/jHM/Pz9fZM2e1Y9tO/bBoqbYlbje23Za4XS89/1sNHzFEnbp2dDgPL223eWOivvj0K51OO31N9ZWlIuf/9/MXy2azadDggQqLCJOLS1G+Jjc3V2tWrVXDRg0UHlH2HZq/+PQrbdywWfcNHqimzWLl6+frsJ/00+nasW2nli0t/ly5kZ8RtzLT7Nmz7Y0bN3ZYGBcXd81p38DxRYHM9ElldxcF4FxXvu8ufRhe7X380YjSb7cBAAAAAAAAAAAA4PbW+bWihkZjX3y1miupmLiWzTXutVcUGFQUpMvOytbf3v/wugOHt4J3PvizJGn15Mp3du32VDNFdw81HqfuSNfCyeuvqY5b7ZwBUL2u59olSfe81lYhTYvD03tWHNXKj7eXs0XpuHbhdlXWe+zpL/uVu92lXNn58+clSYmJiTeguquLi4uTJJmrZe8AAAAAAAAAAAAAAAAAAAC4YxFgBQAAAAAAAAAAAAAAAAAAQJUiwAoAAAAAAAAAAAAAAAAAAIAqZanuAgAAAAAAAAAAAAAAAMqTuGWbRg4ZVd1lAAAAwIkIsAIAAAAAAAAAAAAAANyGVn68XSs/3l7dZQBApS2cvL66SwBQBczVXQAAAAAAAAAAAAAAAAAAAADuLHRgBQAAAAAAAAAAAADgDvXOB3+u7hJwi+GcAXAr4toF3JzowAoAAAAAAAAAAAAAAAAAAIAqRQdWAAAAAAAAAAAAAADuMKsnp1R3CbjFcM4AuBVx7QJubnRgBQAAAAAAAAAAAAAAAAAAQJW6YR1YA8fPulFDAwAAAAAAAAAAAAAAAAAA4BZGB1YAAAAAAAAAAAAAAAAAAABUKad3YE2fNMzZQwK4QZ7+sl91lwAAAAAAAAAAAAAAAAAAuAPRgRUAAAAAAAAAAAAAAAAAAABVigArAAAAAAAAAAAAAAAAAAAAqhQBVgAAAAAAAAAAAAAAAAAAAFQpi7MHDBw/y9lDAqig9EnDqrsEAAAAAAAAAAAAAAAAAACuig6sAAAAAAAAAAAAAAAAAAAAqFJO78B6CZ0ggapD52MAAAAAAAAAAAAAAAAAwK2EDqwAAAAAAAAAAAAAAAAAAACoUgRYAQAAAAAAAAAAAAAAAAAAUKUIsAIAAAAAAAAAAAAAAAAAAKBKWaq7AAAAAAAAAAAAAAAAAAAAgMrYuWNndZdQ7Zo0bVLdJVwXOrACAAAAAAAAAAAAAAAAAACgStGBFQAAAAAAAAAAAAAAADe1LVu2aP/+/dVdBgCgijRs2FAtW7as0LpjX3z1Bldz83nngz9XdwlOQYAVAAAAAAAAAAAAAAAAN7X9+/dryJAh1V0GAKCKfP311xUOsOLWZa7uAgAAAAAAAAAAAAAAAAAAAHBnIcAKAAAAAAAAAAAAAAAAAACAKkWAFQAAAAAAAAAAAAAAAAAAAFWKAOttLDs7W88884xMJpPx35o1a6q7LAAAAAAAAAAAAAAAAAAAcIerlgBrenq6+vbt6xCsvPK/+Ph4jRkzRmvXrlVhYWF1lAkAAAAAAAAAAAAAAAAAAIAb4KbtwLplyxZNmTJFHTt21Pjx45WZmVndJd1UZsyY4RD4nTFjRnWXBAAAAAAAAAAAAAAAAAAAUCGW6i6gIiZPnqyaNWtq9OjRMplM1V3OLcNqtWrq1KmaOnVqdZcCAAAAAAAAAAAAAABwU8vOztbLL7+sw4cPa8aMGQoMDLwja1mzZo06d+6sL774QiNHjqyy/d4KmBvg9pHQu4deGPOsrJ7WUp8vLCxUTk6OThw/qQ2/btSCeYt0Ou30Vcftd08f9eqboPCIcHl6WmU2F/UYzcvN06lTafp1zTp9N2dBhca6E9wUHVhbtGihPXv2yG63q7CwUEePHtVvf/tbh3UWLlyoEydOVFOFAAAAAAAAAAAAAAAAuNXk5uZq6dKlGjVqlOrVqyeTyaR69epp2LBhmjlzpi5cuFDdJQIAbkJms1menp6q3yBSw0YO0QdT39U9995d5vrRsVH66z/e1uhXnldskxh5e3sZ4VVJcnN3U2hYiB4Yfv9Vx7qT3BQB1suZTCaFhITolVdeUc+ePY3laWlpxh8NSUlJiouLk8lkkslk0qRJk5Sbm6tvv/1WPXv2lMlk0owZMxzGzczM1MyZMzVs2DDjD5LAwEANGDBAH3/8sdLT00vUkp2drWeeecbYT9++fZWWlqbVq1drxIgRCgwMVGBgoJ566ikdPnxYkmS327V161Y99thjxvOPPfaY9u3bV+rx2u127d69W+PHj1eHDh2MfcXHx2vMmDFau3atCgsLjfXT09PVt29fPfTQQw7jPPTQQw51XjqeSZMmGcvj4uKUlJRUogZnzs3atWv/P3t3Hh/D+ccB/LO7idx3QhN0E0UiNJFIhbjvW1GKKj0U1TqrlCpFSp1VtHXWra66oxVNEARxJBJHsqkjQQ5yELG5Nrv7+yO/jGyyOeXUz/v1yutldp6ZeWbs88zszHe+j7Dvpqam6NWrF/z8/DT2IVfuReInn3wCd3d3YV1OTk745JNPsGfPHjx58kTrcSMiIiIiIiIiIiIiIiIiIiIqyr///ovBgweje/fu2LZtG6KjowEA0dHR2LdvH4YPHw4XFxecOHGiimtKRFTz9OjRQ4j3Ku6vR48eVV&quot;
08-31-2019 12:58:53 Wire.java DEBUG [Forwarding screenshot on session 7924db1cdca3d9f58beaf776318b9ec1 to remote] http.wire 87 - http-outgoing-3 &lt;&lt; &quot;3dV2ZhaYGx40fjo08/LDDvTWl9TJ42AU5NHEs0wryFpQU+/mwU+vTvVRFVrVGqXQBrLjMzM9jb25eo7IMHDzBmzBgMHjwY/v7+BeYHBwejR48eGD58OPbt2ydckCQnJ8PHxwfjxo1DmzZtcObMGajV6kK3Ex8fj+nTp6Ndu3bYvXs3kpOTkZycjI0bN2LYsGEICgrCd999h3bt2mHLli3C/C1btmDkyJEFgljT09OxcOFCeHp64ocffsClS5eEeSEhIVi9ejW8vLwwZcoUpKamluhYlFZ5HxsvLy9h31NTU3HixAkMGjQI+/bt0yj/+PFjjBw5Et27d8fWrVsREhIizJPJZNi6dSuGDx+O9evXV8h+ExERERERERERERERERER0evr8ePHmD59Onx8fDBkyBBcuXIFmZmZUKvVyMzMRGhoKCZMmIDk5GStib2IiKho06ZNq5CyVSU7Oxt/bN+Dnp36YWCf97Fi8c+4EXYTSqVSKFNLrxZ69esJr3atNZb9dOzHsHeQCtNqtRoPHzzCLz+vxcA+72POzHm4fOmKxrqMjY0wZNh7cHJ2rPidq8aqbQBrcnKyRrZQIyMj6Ovray27adMm7NixQ+u8qKgoTJo0CYGBgUVuTyaTYcqUKYiIiCi0TGhoKLZt26Z1XlBQEFq1aoVFixZpDTYNCgqCj4+PMK1Wq7FhwwbMmTOn2ODUNWvWYNWqVcjOzi6yXGlV1rFJTU3Ftm3bkJiYCCAn8+qyZcuwf//+sleeiIiIiIiIiIiIiIiIiIiISAulUonNmzfjyJEj+OKLL7BlyxZ4eHigVq1aAIBatWrBxcUFq1evxqlTp2Bubl7FNSYiqnm6d++O7t27l1u56iQ9LR3/+Ppj+uRZ2L/nALKysoR5Zmam6N7z5cjyXu1aw7lZE43Mqw+iH8J77iL4HPkL6WnpuBJ0DXNnLUDA6XNQq14mkaxTpza69ehSOTtVTVW7AFaVSoV79+7h+++/x7lz54TPPTw88MYbb2hdZsyYMbh//z4UCgXUajXUajVGjBgBtVqNgwcPagRojhw5Eg8fPoRarUZsbCzGjBkjzAsNDcXWrVs1vnB5NWnSBEeOHEFaWhqUSiV8fX1ha2tb6Pw///wTJiYmwnyZTIb09HQAOcGju3fvFuZJpVLs3bsXCoUCCoUCR48ehVT6Mip706ZNuHnzJqysrHDixAns3LlTo247d+4U9v3EiROwsrIq8jhX1LF58eIFVCoVQkND4enpKcyPiYkRAljj4+Nx8eJFYd6oUaOQmJgo1D81NRVBQUH49ttvIRZXu68oERERERERERERERERERERVWOPHj2Cj48P2rRpg+nTp8PIyEhrOZFIBA8PD/Tp06fAvMzMTBw4cABdu3aFSCSCk5MTVq9eLcR95KVWqxEaGorPPvsM9vb2EIlEaNWqFdauXQu5XF6gvEqlwunTp/H+++/DysoKIpEIHTt2xC+//IInT54Uu3+PHz/G+++/j1atWuHmzZuvXI+BAwfC1NQUVlZW+PTTT4tNhJZfeno6Pv/8c/Ts2RMJCQnw8/MTjlvfvn3x9OnTQve7a9euOHDgADIzM1/pOEVFRWHatGlwcnKCSCSCu7s7fvrpJ6SkpLxSXUt6bORyOdauXYuOHTtCJBLB1NQUvXr1woYNGwpk+M2tg0gkwq5du0p1rImqm5JkVq0J2VeLsnXTDlwPDhWmRSIRHBrYo7FTIwBA02ZNYGRkKMzPzs5G0MXLeBD9sMC6jh7yQUJCwst1iUVwbNK4Amtf/elUdQWAnOBIJyenQudLpVKMHDkSenp6WufXr18f9vb2BT5//vy5RqCkra0tJkyYgHr16gnT06ZNw+XLlxEamvMlCw4ORkpKCmxsbAqs780330SbNm1gYGAAAGjRogVcXFwQFxendX779u3h6ekJPz+/Auu6ceMGgoKChOl3330X7777Lrj7Nq4AACAASURBVHR0cv5L+vbti9DQUMyZMwcAEB0djbCwMDRv3rzQ41QaFXVsci/6mjZtis6dOwv7eOPGDeGEbGhoCEPDl412+/btiImJQffu3eHm5oZGjRrB3d0dLVu2LJd9JSIiIiIiIiIiIiIiIiIiov+O6OhoXLhwAbNmzUL9+vVLvXxERATee+89XLp0SfhMJpNh8uTJyMzMxFdffQWJRAIgJ2h07969+PLLL5GcnCyUDwoKQlBQEG7evImlS5cK8RTZ2dlYuXIlvL29NUbsDQgIQEBAAJ4+fSrEimiTkJCA6dOn48GDB9i0aROaNWtW5nqsWLECM2fO1Fj/li1bSn28csXHx+Pzzz/HwYMHhc+ys7OhUqkK3W9/f3/4+/tj8eLFmDZtmhA3U5rjdPbsWYwdO1ZjpOeQkBCEhITg7NmzWL9+PerUqVOqupbm2CQkJGDcuHE4dOiQ8FlqaipOnDiBEydOwMjICCNGjCjxcSSqSXKzq548ebLI+TXdnci7cPdwE/ooU1MT1H+zHiIj/kXdenbCOQEAXryQ4/bNcK3ribgtQ1xsPGrXqS18Zm5uhmYuTXEz7FbF7kQ1Ve3TW7q6umL37t3w8PAo9bLZ2dkaJzFHR0chQDOXtbW1RmbXhIQEjRP5qxCLxRpfzrzy1gsAnJ2dNQJ0RSIRHBwcNMpER0eXS72Aij82EolECOTNz9LSskDH5O/vj2+++Qbdu3eHg4MDGjZsiFWrVml9c4mIiIiIiIiIiIiIiIiIiIioMA8f5mS9a9q0aaFxG0WJjo6GtbU1AgICkJmZCaVSiYsXL8LT0xOHDx/Go0ePhLI3btzAggUL4OHhgcuXLwujBycnJ2PZsmXYsWMHfH19hfLHjx+Ht7c3GjRoAF9fXygUCqhUKiQmJmLXrl0wNTUttF7JycmYPXs2IiMjNYJXy1KPgIAALFy4EJ6enjh9+rRG+U2bNpX6mAE5CeyysrKE45Z3FOFTp07B29sbffv2RWRkJJRKJVQqFR49eoSvv/4aq1atQnBwcKmP09OnT/HLL78gNjYWy5YtQ0pKijDy8Ndff40jR45g2bJlBTK8FlXX0h6bixcv4tChQ/j222+RnJwMtVoNpVKJmJgYrFmzptAMwESvi6IyrNb07Ku5YmJiochSCNO6tXRRt64dAEBfX1+jrDI7GxnpGYWuS61Wa0yLRCLolOFc9bqoFhlY8zMxMUHLli0xYMAADB8+HFZWVlVdJSpHEokEkyZNgrGxMZYsWaI1MDc6OhpTpkzBkydPMH/+fCF6nYiIiIiIiIiIiIiIiIiIiKgide3aFZs3b9YYodbT0xM9e/bEhg0bkJiYCKlUCrVaLYzKu2zZMri4uAjlLSwsMHr0aFy4cAH+/v7o3bs31Go1/v77bxgbG+Onn35C586dhfJWVlb44IMPCq1TamoqvvvuO4SFhRUIXi1tPUQiEY4ePQpjY2MsWrQIHTt21Chf1CjKRenSpQs2bdpUINtpZmYmjh8/Dg8PDyxbtgx169YV5tWtWxdffPEFzp07B39/f7Rs2RLp6eklPk63b9/GiRMn8Mknn2DixIlC8jhbW1tMnz4dkZGRuHjxIuLj4yGVSktU19Iem9wEcvXq1YO5uTmAnKR3dnZ2mDBhQoHyBgYGWLduHdatW1f8QSWqAQrLwvq6ZF/VJjdQnV5dtYgKdHV1xd69e+Ho6Fiu69XR0YGJiYkwLZPJ8OjRI9jZ2QmfPX/+HM+ePROmbWxsYGlpWa710CZvvYCcE2pmZqZwIlWr1Xj8+LFGmbwn0ldV1cdGT08P48ePx5gxY3D37l3cvn0b165dw/nz5xEQECCUO3PmDGJiYsp134mIiIiIiIiIiIiIiIiIiIgKI5FIIBZrDmosEonQoEEDxMXFISMjJ7NeRkYGIiMjER4eDldX10LXN3jwYGRmZiI7OxtRUVFwcXEpsnx+crkcc+fORXBwcIHg1bLWQyaToWnTpnj77bdLXI/i6OjoaE1Q9uLFC8hkMpw+fbrA6MB5eXl5ISsrC2lpaSU+Tnfv3kVqaipatmypMfIxkBPn4ubmhvnz5+PRo0casSfF1bU0x6Z58+Zo0qQJvvnmG4SFhaFv375wdnZG3bp1UatWrR&quot;
08-31-2019 12:58:53 Wire.java DEBUG [Forwarding screenshot on session 7924db1cdca3d9f58beaf776318b9ec1 to remote] http.wire 87 - http-outgoing-3 &lt;&lt; &quot;Ktg6immzZtWoEA1tcl+yoAvPFGHejovuwzshXZiI/Pie3LPSfkkujoQN9AMytrXiKRSGNarVYj+z8cDCsuvkjNZWpqitatWwvTcXFx+OWXX4RU7klJSVi2bBmCgoKEMu7u7jAzM6vwur399tvw9PQUpo8cOYIjR44gOzsb2dnZ8PPzw+rVq4X5UqlU4w2Z/CfRa9euQS6Xl3j7VXlsZDIZhg8fjh07duDhw4dwcHDAwIED8cMPP+DIkSMYNWqUUDYzMxMKhaKItRERERERERERERERERERERG9VL9+fQDArVu3yjVDniTfEM+5gZbFSU1NRXZ2NhITExEfHw97e3sYGhqWaJvx8fH48ssv8dtvv+GNN97QyAr7qvV46623YGxsXKJ6vIrc7RUnLS0NSqWyVMcpd9Rfe3v7AvNEIlGB/7OS1rU0x8bZ2RmbN29Ghw4dsG7dOvTt2xcNGjSAra0t5s6dK2RoJXqd5c+2+rplX3Vs0hi6urrC9PPnqXj4ICfOLuZRrMa5xtjYCI0dG2ldj5OzI2zt3tD47NmzFNwMu1UBta4ZXusAVpFIhEGDBqFNmzbCZzt27ED9+vUhEolgbW2NtWvXCvNcXV3x8ccfV8rbD/b29hg+fLgwHR0djaFDh0JXVxe6urro3r27cJIFgM8++0zjDRqpVKqRQXXlypUwNjaGSCRCz549kZSUVOT2q/rYhIeHY9SoUWjQoAH09PQgEokgEolgbm6O7du3C+U6duwoXFgSERERERERERERERERERERFUcqlcLLywunTp3CgwcPKmw7BgYGqF+/Pry8vBAVFQW1Wq3178SJE7CysoKlpSVsbGwQFRWFtLS0Em0jNDQUtra2WLVqFU6dOoXp06cjISGhXOrx6NGjApkDK0Lu9gYPHoxnz54VWr9169bBwMCgVMcpN6uqtgDesgzxXZZjIxKJ0KpVKxw7dgypqakICQnBb7/9hqZNm8Lb2xvLli3jUOP0n5A34+rrlH31489Gorn7y2zQarUa4bciEBnxLwDgenAonj9/Gaiuo6ODNu298Ka0YMxb/4F9NV5EUKvUkIVHVmDtq7/XOoAVyAkUXb16tUagpjaOjo5YvXo1mjRpUin1EolEGDt2LLy9vTUCUbWZPHkypk6dqpF11dnZGQMHDnylOlTXY5NryJAhmDp1aoEU70RERERERERERERERERERESFqVevHrp06YKgoCAsX7680BFt1Wo1rl69iuPHj5dpOwYGBpBKpbhw4QKuXbtWbHljY2O89dZbCAsLw61bJcu216VLF3h7e+OLL77AypUrcfjwYcybN09jn0pbD319fdja2uLevXuIjY0tUT1eRe5+BwYGQiaTlbh8SY7TW2+9BRMTE1y+fBmZmZka8xISEhASEgIvLy/Uq1evRHV91WNjbGyM5s2bY/z48di2bRs8PT0RHByM58+fl3pdRDVNbtbV1yH7qoGhAbr16ILFPy3E4KGDNJI+JiYk4cRxX2H6StA13Ai9CbVaLXz2prQ+5iz4Fn3f7Q0DQwO849kCC36ciw6d2kEkFgnlHj9+gn98/Stnp6qp1z6AFQDc3d3h6+uL3bt3Y8iQIbC0tASQ89ZE3759sX79egQGBqJ9+/aVWi8DAwPMnj0bQUFB+O677+Dm5ibMc3Nzw6RJk3DhwgX89NNPMDIy0ljW1NQUK1euxPLly9GhQwfhc6lUirfeeksjZXFRquLYNGrUCLt378aSJUvQo0cPYZtAzn5//PHHOHnyJHbs2IG6deuW23aJiIiIiIiIiIiIiIiIiIjo9SeRSDBy5Eh4enrit99+w7Bhw3D27FlkZWUBALKysnDz5k3MmDEDnTt3xrNnz8q0ndxRcqVSKb766its3rwZT58+BQCoVCokJCRgz5498Pb2Rnp6OgwMDNCrVy+8ePECM2bMwJkzZ5CdnQ21Wo2kpCT88ccfWLVqlcY2dHR0hL+PPvoIs2fPxm+//YbZs2cLQaylrYeJiQlatmyJ8PBwrFq1CnFxcQAAuVyO48ePY+rUqWU6HoXJu99jx47FsWPHhLpnZ2fj0aNH2LBhg7DvpTlOzs7O6NmzJ7Zs2YI1a9YIgaJxcXGYP38+jh49itatW+ONN97QXrl8ynJsfvrpJ6xatQpRUVHIzs4GkPMdu3HjBuLj41GvXj3o6+sL5dPT0/H5559DJBJh165dZTyqRNXTtGnTamz2VR0dHXwwahhOnD6GQ8f3YdrMKWju5qKRdPLFCzn27NqH6yFhGsvu3PoHou6/HG1dJBKh/pv1MGHKeBw6vg/ei+ehZat3IJFINNa1f88BRNwuPrD/daZTfJHyZ2VlhRMnTpR5eUdHR1y/fr1UyxgZGWHYsGEYNmxYiZcxMDDAunXrsG7dOq3zi9uPkuynSCRCkyZN4O3tDW9v7xLXDcgJMi2u0c+ZMwdz5swpcj0VcWyK2rZYLEaTJk3QpEkTzJgxo8TbJCIiIiIiIiIiIiIiIiIiIiqJRo0a4ffff8e4cePg4+MDHx8freUcHR1LHNyoTYsWLbB48WJ8+eWXGD16NEaPHl2gzLhx44R/d+3aFRMnTsSiRYvQqVOnAmUXLFhQ6LZ0dHQwadIkZGRkYN68ebC1tcW0adOgo6NT6noMGTIEfn5+2LhxIzZu3KhRzsvLq0T7Xhp9+vTBnDlz4O3tjf79+2stk3ffS3qcLCwsMHXqVERGRmL69OmYPn26Rrl3330X06dPL9Xov6U9NnK5HHPnzsWUKVMKzJNKpRg+fDgMDAxKvH2imqymZ14tjFqtRkJCIrZu2oFT/5wuMP9B9EP8uGApJk79As1cmkIkEmlZy0tPk59i1/Y9OH7074qqco1RJQGsREREREREREREREREREREREQVqWnTpvD19cWxY8dw6NAhBAUFITo6GlKpFB07dsSQIUPQsWPHAqPiloZIJMLQoUPRsmVL/Prrrzh9+jRCQkJgaWkJLy8v9OvXDwMGDBACGI2MjDB//ny0b98ev//+O/z9/ZGcnIwuXbrg/fffx3vvvVfk9gwMDPD111/jyZMnmDlzJgAIQaylqUedOnWwceNGNGvWDDt37hTqMGnSJOjo6JT7KMY6OjqYNm0aunTpgrVr1+LcuXOQyWSQSqXw9PTEwIED0bt3b6F8aY5T69atcfjwYaxZswbHjx+HTCaDm5sbPvzwQ4wePRpmZmalqmtpj80XX3wBe3t77Nu3DxcuXEBycjIcHR3Rp08fTJw4Efb29q928IioSqhUKqSlpSMuNg7nzgTi2JHjSE9LL7T8g+iHmD5lFnr17YFuPbvgTembMDQ0gFgsBgBkZWbhyZMEXAoMwuGDx5CYkFhZu1Ktifbt26du3LixxofNmzeHWq0u0wqt5uwFACR5D33lyhFRyeRvd7lR/GVtx0RERERERERERERERERERNXJ/v37MWTIkKquBhERVZKS9Pu3bt4CAEybOLMyqlStrFizGADQtFnTUi2XG1eWkpICALh+/Xr5VqyEmjdvDgAQV8nWiYiIiIiIiIiIiIiIiIiIiIiIiIjoP4sBrEREREREREREREREREREREREREREVKkYwEpERERERERERERERERERERERERERJWKAaxERERERERERERERERERERERERERFSpGMBKRERERERERERERERERERERERERESVigGsRERERERERERERERERERERERERERUqXSqugJEREREREREREREREREREREREVp2LAh9u/fX9XVICKiStKwYcMSl12xZnEF1oQqEgNYiYiIiIiIiIiIiIiIiIiIiKhac3Nzg5ubW1VXg4iIiMpRhQWwWs3ZW1GrJiIiIiIiIiIiIiIiIiIiIiIiIqL/sKbNmlZ1FegViau6AkRERERERERERERERERERERERERE9N9S7hlYk7yHlvcqiYiIiIiIiIiIiIiIiIiIiIiIiIjoNcIMrEREREREREREREREREREREREREREVKkYwEpERERERERERERERERERERERERERJWKAaxERERERERERERERERERERERERERFSpdMp7hVZz9pb3KomohJK8h1Z1FYiIiIiIiI&quot;
08-31-2019 12:58:53 Wire.java DEBUG [Forwarding screenshot on session 7924db1cdca3d9f58beaf776318b9ec1 to remote] http.wire 87 - http-outgoing-3 &lt;&lt; &quot;iIiIiIiIiIiIiIiIiKxQysRERERERERERERERERERERERERERUqco9A2suZoIkqjzMfExEREREREREREREREREREREREQ1CTOwEhERERERERERERERERERERERERFRpaqwDKxEVP3dunmrqqvwSpo2a6r185q+X0RU87F/IqJc7A+ISoZthYj+y9gHEr06tiMiIqKag+dtIiIioopV2PVWdcUMrEREREREREREREREREREREREREREVKmYgZWIIEatqq5CqaiQVaJyNW2/iKjmY/9ERLnYHxCVDNsKEf2XsQ8kenVsR0RERDUHz9tEREREFauk11vVDTOwEhERERERERERERERERERERERERFRpWIAKxERERERERERERERERERERERERERVSoGsBIRERERERERERERERERERERERERUaViACsREREREREREREREREREREREREREVUqBrASEREREREREREREREREREREREREVGlYgArERERERERERERERERERERERERERFVKp2qrgAREdVMCoUCaWlyiCVimJuZQ1dXFwqFAkqlqsjlJBIxdHV1IZaU7R0KlVJVou0QEdUE7EupPN2Puo+vvp4MmSwCADBxwmSMH/dlFdeqemLbIyob9jMlx36G/itepV949uwZZsychvOB5wAAjo5O+Gn5KjjYOwAAgkOC8eGoYUL5pYuXo2+f/uW8ByXHdk3VWf728v6QYZj5zbfQ19MHAKxd/yvW/LIKQMG2VlZsE0RERAUVd04mIiIiooKqJIA1KSkJI0aMgK+vb6FlLC0t4eXlhQEDBmDYsGEwMjKqxBoSUWF0dXWQnilHUnIiXrx4AbVaXab1iEQiGBsbw8rSGgZ6RlAossu5ppryPxQBADu7uvj5pzVo1rSZRtnq9oCkukpLkyM6Ogr6BnqwqW0FMzNTpDx9DqUys8jldHV1YWZhCn19vTJtNyMjs0TbIaqJVCoV7t67g79P/IWLFy8gNOw6AMDMzAxvN3OBZ8tW6NSxM+ztHSAWM5H+64B9KeWl7XolvyZNnNHC3QO9e/WBy9uu7AvKiG2vZisu4ClXRmYGFi9ZhH379wif7dy+B+5u7pVa3+qE/UzlYT9DFUVbO/Zs2QqLf1yGOrXrFCh/586/mDJtEu7duyt8xofoZcN2/fooyfkwL76woR3bBBERVba898+vXLmMCFk45HI5zMzM4NbcHR07dkbXzl1haWlV1VUlIiIiolKothlYk5OT4ePjAx8fH2zZsgW///47HB0dq7paRP9puro6eJaahLi4uFdel1qtRmpqKlJTU2FrawtzE6sKD2LNLzY2Brv+2I7Zs+bC2Ni4Urddk+VmV0hIfIKExCcwNzeDWCKCoZEBFFkKoUxhWRDEEjH09fVgaGQAAFAqlVAosqBSKgvdnjwtHQqF4v/l1chWaC9LVJMlJibg59UrcfDQnwXmpaSk4HzgOZwPPIcVK5fhk49HY9KEKdDTK9vDHqp67EuprMLDbyM8/DZ27tqOsWM+x7gx42FgYFDV1aox2PaIisd+5tWwn6GqEHT5Es6fP4v3Bg3R+FypUuLvE39pBK9S6bFdE2limyAioqpQ3P3zMwGncSbgNFb+vBwTv5yCwe8NQa1atcpt+/lfgGnbph2WLl4Bc3PzctsGERER0X9VtQ1gzSswMBCLFy/GL7/8wkysRFUoPVMuBK82aNAAtWvXhkQiKdO6lEolnjx5gnv37iEuLg56tfShI678QCw//3/Qrm0H9O7Vp9K3XVPlZldISHyCtDQ5zM3NALzMnqBbS7dUWRAUiiykPE1CRka61vkpKc8RHR2DZynPAQAmJqaws60LE2PT8tkhomogKSkR8xZ8j1On/UpUXi6XQ42yZcCm6oF9KZWHDRvXwcrSCh+OGAWRSFTV1akR2PaISof9TOmxn6GqEnD2DLp17Q5TUzPhs7i4OARePF+FtSqaubk5Nqz7vaqrUSy2a6oJ3N3ccftGZKVsi22CiIgqW2nun6ekpOCHRfORli7HJx+NLvNzzLKqzHMyERER0euiWgSwurq6Yu/evUKGVblcjj///BOzZs0SguVCQkLw6NEjZmElqkJJyYkAcoJXbW1tX2ldEolEWMe9e/eQlJyIOtZ1X7mOpSWXy7H/z71o0cJD61B7VJBCocCzlKdIS5PD0NAAJiZGUCmzoVBkQle3FvT19ZAqKXyYUZVShYyMTIglYujq6kKlVCIjIx1p8hdayz979hSxsTF4lpIKI0Mj6OroFZrBgagmUiqV2LFru8bNNyMjI4wbOx4D+g+ElZX1/4dGuov9+/fg8NFDVVhbKi/sS6kk8g6Lrlar8SThCbbv2IotW18GepwJOI2ePXrDxsamCmtac7DtEWliP1P+2M9QVfHz/wf9+r6Lbl27A8gZ+eb0aX+EhYVWcc1qPrbr11/e8yEVj22CiIgqU1ZWFjZv2aRx/9zB3gFTJk9D2zbtoK+vj6SkROzZuxvbdmyBXC4HAKzfsBYNHBqgc6euVVV1IiIiIiqhahHAmp+RkREGDRoEf39/7Nixo8iyarUaERER+OOPP+Dn54dLly4BANzc3NCpUyd89tlncHJyKpApJDMzE2fPnsUff/yB0NBQhISEAAAcHR3RunVr9OjRA507d0bt2rU1lktKSsKBAwdw7NgxXLhwAcnJyZBKpfD09MTAgQPRr1+/AlliZTIZhg4ditDQnBvGCxYswJw5czTWOWLECPj6+gIAevTogV27dsHKygpATgbatm3bCuV37tyJAQMGYPv27di2bRuCgoJw/vx5tGnTRijz5MkTHD58WKOelpaW8PLyQu/evdG/f3/UrasZLPjgwQPs2bMHJ0+exOXLl5GamgpHR0e0a9cOn376KTw9PSEWF7zxlLvcqVOncOXKFSQnJ8PExAQtW7ZEhw4d0LNnT7i5uUFHp1p+3agUXrzIuYmYv128itq1a+PevXt48eIF6liX22qL1bBhIygUCkRHRyHo8iUcOXoYoz/9DBJx8W9iyuVynDsfgCtXryAyUoYIWbjwg7hJE2c4NXZCnz794NHiHY3hSTIyM7B4ySLs278HQM7wIot/XIao+/exe+8uYdiR7t16YOyY8ahrVxdqtRqRkTJs37lN+HHeuVNXjP1sHKRSe631i4uLxV9/H0fghfO4cTMMcrkcDvYOaNHCA4MGDobL265a23JpGRoaQCqthzp1bKDITEfK0ySYWVgVu5xCoUDK0+dQZClgZlHyTAlGhkaQSu1hbV0bRobMxk2vj/v378HP/x9h2sjICN/PXYA+vfoK1y8SiQSNGzXGt7PmoFevvvA/9U+B9aSnp+P0mVPw8/8HYTdCERsbAzMzM7g1d0fHjp3RvWuPAsMZ3Y+6j6++ngyZLAIAMHHCZHw86lP4njyBQ4cP4MrVy3Cwd8CwoR9g8Hvvw8DAAFlZWTgTcBp79v6BS0EX4WDvgEEDB2PY0A80roG09XkzZ3yLgHMBOHPmFK5cvQwzMzO0bdMOn3w8Gk2cnDWu18ra1wLA2vW/Ys0vqwC8fBCpVqmw/8A+/ON3ErGxMXjHoyXeHzIM3bp2F5b/x+8kJk+dIKznm+mz8NGoTzTWfefOv5gybZIwDOuHI0bh669mlHk4KvalVFIikQh1atfBx6M+RUREOC5eugAASH6ajBfyF4UGlqWnp8P/tB8OHvwTl4Iuws6uLtp6tcWYMZ+jrp32l4eePXuGk36+OHPmFEKuByMlJQV2dnXh8rYrunbphk4dOxcYTryw/qS02+Z1DFUFtVqN+/fvweevY7h48QJCw64DyDnftHD3QO9efbR+9wo732zfsRXnL5xHSsoztG3THmM+Gyuc52JiY7Bz13b843cSKSnP0MqzNT4bPRYub7tqzXBa1Pm9d+++6NKpa4H2WFbVvZ8JDgnGh6OGCdNLFy9H2zbtcfxvHxzzOYKwsFA42DugZ4/eGDFiJCwtLLVum/0Mvc7OnDmFtm3awcDAAImJiTgTcLpUy5elbWqTnp6OI0cP4fDRQwgLC4WdXV1069odH438GG+88fKFaG2/GcoyDCvbNVWmivwdDQAyWQTOB57D9d&quot;
08-31-2019 12:58:53 Wire.java DEBUG [Forwarding screenshot on session 7924db1cdca3d9f58beaf776318b9ec1 to remote] http.wire 87 - http-outgoing-3 &lt;&lt; &quot;AQ3Lt3F/ej7gMAzMzM8HYzF3i2bIXevfrA1tau2HqNH/dlhR4LtgkiIqoM9+7dhe8/vsK0jY0N5n43H56erYTPrK1tMP7zL6Gjo4PVv/wMIOf+8uEjh+DR4h1hlIL8vysXL1oKW1s7HDp8AJevXEZsbAyaNHHGgP4DhfM4APgcP4oZM7/WqNf5wHPwatdSmF66eDn69ulf4nNyVf0uzt1uwNkzkMkiEBsbAwBwdWkOz5ae8PJqCxcXV+jr6Rf130JERERUrqptRGF2drYQLAcAOjo6BVL8p6enY8WKFVi6dClSU1M15oWEhCAkJAQbN27EypUr8dFHHwkBlI8fP8bEiROxf//+AtuVyWSQyWTYunWrRqCpWq2Gr68vpkyZAplMprFMdHQ0oqOjsW/fPrRp0wbr169H06ZNy+U4aHPjxg1s374dJ0+eLDAvOzsbu3btwldffYXk5GSNecnJyfDx8YGPjw9CQ0OxcuVKGBgYFLlM7vHYtGkT5s2bhxkzZggXy2q1Gnv37sWXX35ZYLnU1FT4+/vD398fBw4c0MiwSzVXdna28G+lUllu6y3PdZWUW3M3NHB4C0uW/QgA2Ld/D7xat0Gzps2KiSIQYgAAIABJREFUXfZJwhOs37hO+PGZV3j4bYSH38ahIwcxfNgIfP3VjEIf7iQkJmD5iiU4fEQzm+L+P/dBFinDt998h1Nn/LHrjx1C0BYAHDp8AHfv3cGSRcs0gliVSiWO+RzFkmWLkJKSorHO+1H3cT/qPv48sB9ffjERoz8dU+ofnwqFAmlpcjxLeQqFQgFdXR2YmZnAxNgISqUCGRnpMFEqIZboQl9fDyqlCgqFokBGBKVSBaUyJ8uCiVIFsUQCfX0DqJRKKBRZwvdBoVBAnpaOlJRUKBTZ0NXVg5mZBczNSvcgi6i6Cw65JgRDAkDXLt3QsX0nrUEsIpEI7m7ucHdz1/j8dvgtLPrRG8EhwRqfp6Sk4EzAaZwJOI1t2zbj+7kL8I5Hy0KHAL516xYmTfkSgRdeDjN6P+o+flyyEFHRURj47iD8tu4XjQfh96PuY8XKZYiPj8O0aTMK7VtCrgdj1CcfIjk5SaN+x//ywfnAc5gzex569ewt1K28+tqMjAz8vnkjfE/+rdGXXrl6GVeuXsbXX83ARx99AolYgiZNnOHi4ipkqboWfBUDBwzSGIY1NOy68P9lZGSEzp26lCp4lX0pvSoTE+MCL6IVRlubjo2Nwb4/9yIiMqLAtYRarUZg4Dn8uGSh8KA873KxsTE44fsX3N3cMW+uNxo2bFRu2+Z1DFWVjMwMbN26Gb9v2ahxngBenm927tqOER+MxJRJXxUIMhHWU8j5xvfk37hxMwzzv/dGdHQ01vz6s8Z33P+UH8IjwrF08Yoynd87tO+IObO/h10hgaJlUVP6mYsXL+D3LZs0rhXuR93H2vW/4t87kZj3vbfGwzr2M/S6srGxgbGRMe5H3cdJP1/06/cuWnm2RtDli0Igeof2HRFw9kyh6yjPthkWFoox4z7R6LtiY2OwbfsWhFwPxiLvxWjQ4K1X3OscbNdUHZT37+hTZ/yFF2TySklJwfnAczgfeA679/6BHxcuwTseLQuUq0hsE0REVBVyX+bM1darHVxcXAuUk0gk6Nu3P86cPS3c3w0Nu46Hjx6iqbNZgfIAsGLlMiQkJGh8lnsvIDgkGN99OwdWVuWbfacqfxdfvXYF38/7rsB2gZxjFRp2HRs2rcfO7XsK3KMgIiIiqkiv/up5OVOr1UhKSsKqVatw6NDLoC4PDw+NByjZ2dlYvXo15syZUyB4Na/U1FR4e3sjKCgIQE7m1WXLlmkNXi3KtWvX8PnnnxcIXs0vMDAQ33zzDeLj40u1/tJYsmSJ1uBVtVqNffv2YeLEiQUCSgtTmmVWrFiBI0eOCNPXrl3DzJkzS7wtqvlUKhVUKhWUSmW5/uWutzKJRGJ069odXbt0A5Dzo3D/n3uQnp5ebtvYvWeX1iyJuWSyiALBq7nCwkIxbMQQbNi4rsCD9Nz5eW98q9Vq/O37Fxb+uKDAQ5v8tm7bjFOn/Eu4Fy+lpckRHR2F6OgopKUVrFMuXV1dmFmYwszCFLq6usWuV1e3FswsrGBmYQVd3ZdBYPK0dERHP0J09CPI08rv/4WoOlEoFAVuFrk1d4exsXGJ1xETG6M1uCW/3Ado9+/fK7TMqdN+Gg/d8tq9ZxfeH/5eoVmcTvr54u7dO4WuWy6XawSv5pWSkoI/du9AbFxsEXugXXF9bXR0FA4e+lNrXwoAx44fxYMHDwAAtra2aNP6Zdb7i5cu4M7dl8HFcrkcV65eEaZbt/KCcxPnUtWXfSm9qpSUFNy//7LfMDQwhF4hQdRFtemwsFD8feIvqNVq4bNbt29hnvf3Wm9i5xUcEowVK5chMTGh0DKl2TavY+hVyWQR6NOvB5zfbqzx5+7hImT100atVmP//r1Y/cvPhZ4ncu36Ywd27NxW6Mt3RZ1vYmNjMGbcp/hh0Xyt3/HY2Bj84+cLhUIhfHbv3l0s+GFesef3gLNnsGXr78jIzCiyXGnUlH7m0JGDWl90AXKGUr+Qp17sZ+h15tjYCaNGfgwg53r11Gl/JCQk4OT/s1S5uLiiR/deRa6jPNtmwNkzhfZdYWGhOHBwP7KysorcTkmwXVN5Kuxawvntxhg4uH+RbaMif0cXJjY2Bht/34CnT5+WetlXwTZBRESVTdv9c1fX5oUmM7C2skLjRo2F6YSEBOHerzb5g1fz8j35N/76+7jGb9ryUFW/i2NiY/DzqhXFbpeIiIioKlSLANbQ0FA4OTlBJBJBLBbD2toa8+fPF+Z7enpi8uTJGhejMpkM27ZtE6aHDx+Ou3fvQqVSITMzE1u3boWJiQmAnAypx48fh1KpRHx8PC5evCgsN2rUKCQmJkKtVkOtViM1NRVBQUH49ttvhaGlMjMzsWPHDkRHRwvL5QZuqlQqREZGok+fPsK848eP488//yz/A/V/CxYsQExMDJRKpVDvNm3a4OHDh9iwYYNGQO/XX3+NR48eCUGHUVFR+PHHH4VstvHx8diyZYuwTPfu3XHlyhUolUooFAqcPHkSUqkUQE4w8F9//SWUPXfunMYx+euvv4Q6KRQKPHz4ELt27UKTJk0q7FhQ5coNOM3Ozi7Xv9z1VjZLKysMfX+4kEXpr7+P4+KlwBIt6+TohOVLV+LCucu4FSbD7RuRCL4ahl9Xr9XIfnTnzr9QqrTvW4MGb+HX1WsRfDUMN0MjsHH9Zo1hOfPP//mnNRoZn+5H3RceVCcmJuLQoQPCA/M2Xm2xb89B3AyNwI3r4di0YYtQL7lcjrPnAop9SJ+fQqHAs5SnSEuTw9DQAOZmpqiV5ya0SqlERkY6FIpM6OrqQF9fD2JJ4acZlVKFjIxMIYOCvr4BxHkybSsUCqSkPIc8LR1GhkYwM7Mo0U1voppEqVIWCJw3NDQs8fJqtRr/+J3UeEDcv98AnPY7i9s3IhFwKhBDBr8vzJPJInDoyEGNAJm8enTviSOHfHAzNALBV8Mw4ctJhc6/djkUH436RJiXkJBQZHCso6MTNm/ahtDgW7gZGoGD+49ovCkfHBKMyHw328qjr7WxscH873/ApcAruH0jEv4nz6Bzp64axyQpKREAIBFL0LFDJ6EvlsvlCAw8J6w7Kvq+xnmiQ/uOGtlZS4J9KZWVSqXCw0cPsebX1bgWfFX4vGnTZrC21j6sd4/uPXH4oA9uXA/Hjevh+HHhUo1ridi4GGT+/1oiKysLR48d1shoMWb0OFwKvIJbYTL87XMSHdp3FOYFnD2jMXzbq2yb1zFUVWJiY3D8bx9h2s6uLn5a/rPwvf11zTqN882fB/fj338jta4r93xz+WIwboXJcOjPo3B0dCp0/s5tuzUyEN69e0f4XitVShz/y0fIGGNnVxdLflyG4KthuBUmwz++pzXOZecvnNf4bV5WNa2fGTH8Q/j+7S9ct0yZ9JXG/OjoaOFBI/sZet25u7dA61ZeAIBTp/2xb/8eIftqm9ZtUa9evUKXLe+22b/fAKFtausXLl+5jPj4uDLvay62a6ouyvt3tK6uLs&quot;
08-31-2019 12:58:53 Wire.java DEBUG [Forwarding screenshot on session 7924db1cdca3d9f58beaf776318b9ec1 to remote] http.wire 87 - http-outgoing-3 &lt;&lt; &quot;aNHY9DB44hNPgWbt+IxM3QCJz6J0Dj9/3Dhw/wJOFJxe5cPmwTRERU2Up9/1wkglisOaKrUpldSOGc696zpwNxK0yGa5dDC/yuDA65hhfyF+jbpz8unLuMtm3aCfPatmmHC+cu4/aNSNy+EYm+ffoXuz9V+bs4Uhah8Rxh3twFuHE9XLjWOH/2Etb+uqHYl9+IiIiIKkK1CGAtyqhRo7B///4CQZDnz59HeHg4gJxsWVOmTEGDBg0gEolQq1YtDBo0CAMGDBDK//vvv3jx4gUMDQ01Lmy3b9+OoUOHYunSpfjnn3+QmJgId3d3LFy4ELNnzwaQE+R59erLhzeenp4YO3YsLCwsIBKJ0KhRI8yaNUsImAVygnLT0tIq5Jg0aNAAdnZ2QoBtLplMhoCAAGF61KhRmDNnDurWrSsEB0ulUsycORO//vorDAwMcPPmTfj5+QnLjBs3Dh4eHhCLxdDR0UHnzp3xwQcfCPPv3r0rZFy1srLS2P748eMxYcIE/PHHHwgJCYGJiQk++OAD7N69G46OjhVxKKiSvU4ZWHO1aOGBAf0HAsh5oLFj5/ZiH6Q42Dtg0Q9L4O7mjvMXzuGHRQswZtynGDFyGL6cNF7jh+ezlJRCA8XsbO3g5tYC+nr6EIvFaOrcDI6NnQqd7+HxDlzeLjgsCgD8eydSeDgFAO8PGYZmTZtBLBZDIpHA07MV+vbuK8x/+PABUlKeFX+AtDA0NIBUWg9SaT0YGr58sUChyELK0ySkPE2CQlF8NhWFQoGUp8+R8vR5occIAIwMjSCV2kMqtYeRofYhW4n+q17IXyA0NESYtrGxwYjhH6JOnTeE6Y8/Gq0RQHP79i2kvtCevb5xY0c0atgYYrEY+nr6aOXpVeh8AwMDdOncVet6tLGxtoGTYxPo6upCLBbDyakJBg14T6NMROTLANby6mstLa3g4fGOEGhqa2uH9u3aa5TJ2+/bOzjA3a2FMH0t+CqSEpOgVqtx5eoV4a18FxdXeHq2LvH+58e+lEoibyaoZq5O6NGrCw4eevminJ1dXfTvNwC1CsmM2LixIxo3agyJRAKJRILWrbzQ1LmZMD8+Ph4ZGZkAgMTEBNy6dVOY5+LiiiFDhsLU1AwikQhSqT3GfPa5RgCKTBaOjAztmZBKs21ex1BV+TdSJgSJAkDnTl3QuVNX4XvbsUMnDB40RJgfGxsDWaT2UVlyzzfGxsY5bcbeHq4uzQud7+zsXOhwfEmJSRoBpJ07dUGP7r2gr6cPkUiEunZ18cHwEcL86OgoxMY8KtMxqMn9jKtrc9SvV1+4bunQoROkUnthfkJiAjKz2M/Qf4O1lQ3atesAIKev+nXtGsjlctjZ1UWnTl0KPMTPq7zbplQqFdqmRCJB1y7d0KVzN2H+rds3kZikfWSG0mC7puqivH9Hf/bpWIwbOx5yuRzbd2zFxMlfYPSYjzFwcH/s/3OfUC46OqrUQdnlhW2CiIheF40aNYK1tQ1EIhEMDAww4N1BaPmOpzA/KjoKiYmJ5ba9qvxdbGJqqrHsylUrMHvOLBw4uB/XQ69DLBKjfbsOWLliVaH3K4iIiIgqik5VV6AoJiYm6NGjh9YsAU+evHy7OC4uDp6engXK5JWamors7GxYWlqie/fuGkGb/v7+8Pd/OYyUVCrF1KlTMXbsWBgYGCAjI0PjZlDjxo1hbW2tsX5ra2s0aNAAoaE5D78ePnyI9PT0UmVRe1V5jwkANG/eHKb5LkaLW+a9994rpGQOuVyOjIyc7CmtW7eGp6cngoKCAOS8xbV27VqsXbtWKD9w4EDMnTsXzZs317o+qllyg0zLO9i0qoJXAUBfTx+DBw/FxaCLuHfvLoIuXyp2KLvkp8n4aeVyjQe7lUEsEgvZkwvUKd+w3JOnTihyXWnpacgs4ZB9CoUCaWlyPEt5CoVCAV1dHZiZmcDMTLN/yQlITodYIoGJUgmxRBf6+npQKVVQKBRQKlX5yqugVGZCLBHDRKmCWCKBvr4BMjIykZLyDCkpqUIGBjMzC5ibmZeovkQ1iQiiAu26NC/AKLOVGtcoDvYNhODVXBbmFrCxthGGEkp+moyUlBRYWli+Qs1zFPUgvCQaNmysMZ2YmIjMzEzo6elVaF9b1PWZibEJ2rZpB9+TJwAAl68EITTsOjxavIMLF19mX23Tui1sbW1LvE32pVTeHB2d8P2c+WjWtFnxhf+vVq1ahQahZWZlIS39Zf9jL3WAhbmFRhkLCwvUq1df6E9yA9P09bUP21bSbfM6hl6Vo6MTflq+Cg72DhqfZ2RmYPGSRdi3f4/W5eT5hr5t+FZDje+pSCQqcD8iNi4G5UJLVpi89Up5/nI47J27tmPnru1Fri7/vpSHmtjP6Ovra53HfoZedyKRCG292uLPBm/h3r27wuedO3VB40aNcTPPQ/L8KrptGhkZCaM75Xr8OL5E+1UUtmsqT4VdS1SEon5Hq9Vq+J/yw8qfl1er4X3ZJoiIqKpIxBKNEVqBYu6fq9VQ5RupSyIpeTiEqZkp7O0dcPlKzrPvR48e4nme3+evqip/Fzdo8Ba6dukGP/9/AAApKSk4euwwjh47LJRp4e6BCV9MQsuWnhCJRKXePyIiIqKyqhYZWF1dXREREYGMjAxMmzZN+Dw1NRVLly5FREREEUuXjkQiwaRJk/Dbb78VuHmaKzo6GlOmTMEPP/yA7OzChxX4r2vUqBG2bt2KgQMHFlrm0KFD+OCDDxAWFlaJNSMqnYYNG2pkAQy5Hlxo2aysLPz++wYhoMrOri7mzV2AkydOIejiNRw/5quR6fB1kJYmR3R0FKKjo5BWigfjurq6MLMwhZmFaYmG99LVrQUzCyvo6hkgNi4B0dGPIE/T/lYp0etCT08Pb9Z/U+Oz0NDrBYZFel3lv5loYmwMHV2dKu9rPT1bw8XlZcbrK1cvI+xGKEJCrgHIyWzbsUMnSEoRwMu+lMqDkZERWnm2xuxv52LLpu1o7upW1VWq9tj2iEqH/UzpsZ+h6uLNN6Xwat1GmDYyMkLnTl0KDSqvLGq1Gqp8QWtmZmZVVJuSYbumqnLr9i0sXrpICF7t07svdm7fg/NnLyE0+BYmTphcJfVimyAioqqiq6tb4AWT2+G3kZGZobV8YlISIv+NFKZtbGzw5ptvai2rVb4AWGtrmxIFjtYElhaWmPvdPAwZ/L5Ghte8rgVfxYTJ4zUSORARERFVhmqVgVVPTw/Tp0/HnTt3cOTIEQBAaGgoZs2ahfXr16NOnTpCWWNjY+HfJiYmOHToELp06VLi7YwfPx5jxozB3bt3cfv2bVy7dg3nz59HQECAUO7MmTOIiYmBvr6+xoVcZGQkEhMTYWJiInyWkpKikc20fv36Bd4Iy5XzplRGoW9AlVXe+gDA9evX8fz58yKzsOZfZtOmTRg9enSJt+nk5ISDBw/i6dOnuHnzJm7cuIHLly/jzJkziI6OBgCEh4fD398fLi4updgbosojEUvQp08/nDt/FkGXLxVZNj4+DpevXBam+/bui/feGyIEMZXnUCKlkX/4LO/5C/FenuFOX4VYIoa+gR7Mzc1gbm4GMzNTmJtbwNDIWGt5fX0DiCUSSCRiSCQ5WRZSJYW/L6FSqpCRkZNtQVdXDxKJDlJT5ZCnpcPI0AhmZhYluslNVFO5u7WAjY2NMDT9ST9ftPZqgz69+hZ4y1mtVuPW7Vvw8z+Jz8d9AYmOROMa5X7UPTx+HI/atWsLn72Qv8Dz1OfCtKWFZbV4YKxWqwtkgrKwsIRELEFM/KMq7WttbW3RqmUrYVjpCxcDcffuHSHbbVuvdmjYsFGp1sm+lMqiMjNB6dWqBUODl9mJo6Lv4+mzpxp9zIvUVI1sZ2+88Qb09fVeedu8jqGqkv+7d+fuHWRlZQnBXmq1usAw13a2dSu8Xvnb48B3B+G72d8Xeo/hVbCfeXXsZ6i6qFWrFvr16Q/fk38jISEBrVt5wbmJc7HLVXTbTE19Dlnky+QENjY25fJ7hO2aXkcXLgYiNjYn27tUao/PRo+DY2PHKq4V2wQREVUtd7cWaJBnpIHTZ/zRq0dveHq20iinVCrh43NUuKcLAK4uzVG/Xv&quot;
08-31-2019 12:58:53 Wire.java DEBUG [Forwarding screenshot on session 7924db1cdca3d9f58beaf776318b9ec1 to remote] http.wire 87 - http-outgoing-3 &lt;&lt; &quot;0Sbyt/AKylhSVMjLWf78qiKn8XAzkBufO//wEzZ8zG3bt3IIuMwO3w27h06YLwAo1cLsf5wHNo+Y4nz79ERERUaapVACsA1KlTB1OnTsX169eFAMgjR46gYcOGWLhwIfT0ci7Q2rRpA1tbW8TFxSE1NRWzZs3C999/j7Zt2wo3QdPT03H37l0cOnQICQkJWLJkCR48eIB58+ahd+/eaNu2LRwcHODo6IiBAwciJSUFkyZNwvbtOUPzZWZmQqFQoH79+vDw8MCFCxcAAEFBQdiwYQNmzJgBc3NzREdHY9GiRYiLixP2w9XVVRieViKRQEfn5aEODAyETCaDi4sLMjIyEBgYiAcPHrzysXv77bfh6emJoKCcYQ22b9+O+vXrY8KECahTpw7UajXi4+Oxa9cuREVFYfny5QWWWbZsGcRiMfr37w9LS0uIRCJkZWUhJiYGR48excWLF/Hrr7/CysoKCxcuRFpaGnr37g1nZ2e0bdsW7dq1w/jx43Hy5En07NlTqFtGhvY34Yiqizq162DI4KG4eeuGxnDc+SlVKmQrX2ZmvnP3Lp48fgxbWzukp6cjNPR6gWHsKkOjxo5wcXEVfphv3rIJYrEYnTp2gZmZGUQiERQKBR4/eYzTp/1xPTQEc2bPg7l58UNvmZuZw6a2FcSSnEA6XV1dGBkaFPrDVSyRQFe35BleFAoFUp4+hyJLATOLlwH3RoZGkErtYW1du8CDKaLXiaOjE/r27oct2zYDyLlBtHDRAjx5/Bj9+70LKytrqFQqxMbGYM++3di3fw/69O4HADA2Moarq5sw3H1CQgJ27d6JqbW/Qp06b+DZs2fYvGWTxk07Z+emMDE2KViRCpadnQ3l//vPjMwMnA04ozEcso2NDdzdWgCo+r5WIpagVSsv7Nq9E3K5HPfu3dUYirVjx86lDiJiX0rVnbW1DZo2bSZkog8LC8X+/Xsx+tPPYGJiiti4WKzfuE4ItgcAR8cm5ZKFgtcxVFXyf/dOnfaHu5s7unXtAQAIunxJ41xlZ1e3UoJI8rfHk36+MLewwLD3h8POri4kEglUKhWepTxD6PUQ7D+wD5+NHgd3N/cKr9urYD+Tg/0MVaS333ZBwKnSZUsq77aZlZUFpVIJiUSC5OQk7Ni1XRimFCh9EEFh2K7pdaTM8zs4MTEBERHhaPhWQ4hEIjx8+ACRkbIqqRfbBBERVSUHhwbo2qUbNvz//mxCQgIW/PA9pkyehrZt2kFfXx9JSYnYs3c3tu3YIixnZGSEAe8OhKlp4S9PKbKzoVarAQCxcbFYt/43jXvpTZs2g7W1DQBALBZBInk5IldsXCzu3bsLNzf3AokoClOVv4uP/+WDq9euoGuXbmjSxBnOzk3RrNnbeA9AePhtTJ85TbgHnpWVBZVKVfQKiYiIiMpRtQtgBYD27dtj9uzZGDt2rPDZhg0b4O7ujuHDh0MkEsHd3R2TJ0/GzJkzAQBXrlxB3759C13nuHHjhH+Hh4djz549xdajY8eOqF+/PvT09DBy5EgcOXJECKpdvHgxFi9erHW5Pn36YPDgwcK0jY0NHBwccO1azrCzoaGhaN68ebHbLy17e3tMmjQJn3/+OVJTUwEACxcuxMKFCwuUzT0e+ZeRyWT49NNPC91Gjx49hH+rVCosWrQIixYtKrJeUqkU3bp1K8suEVWq9u06oGuXbjhy9HChZYyNjGFpYSlMnzrth1On/SqjekWqa1cXH44Yhfl350Iul+N+1H3MnjOr0PJt27Qr8bp1dXVhZmZa4jc8VUogU5klTGdkZBYYLjAvpVIFpTIzZ1u1dKFUqmFiYgpdHT1YW9eGuVnxD5eIarJatWph2LARiPw3EoEXzgPIyey+/KelWP7T0iKXFYlE6Na1O/z8fBEcknPT6+ixwzh6THs/5ujohIHvDqqSN6cvBV1Eu45ehc7v27sfHB2dAFSPvta5iTNat/LSeNgOAK1beZVpOGX2pVTd1apVC/37DcCp0/7/Y+++w6K4ujCAv8sudVkQEEVRKdItFAsIiopdNJZYY4kmn0YTeyxRosbek2iMUTTRxBq7sWJvqKgoiKJgQTSKIqA0kbLs9wdxdKW41AV9f8/DozNz750zu8yw5cy5QtWn1b+vwurfV+XZvrl3C7Rr0y7PbYXF1zGkLubVzeHboZPw5dTjx48wbvyYfNv36N4TtrZ2pR6XlpYW+vTqi2thobh2LRSpqalYu+53rF33e759/vflV/luKy94ncnB6wyVNyV9bq7y/w2r/H/Lc5tUKkX7dh0LTCJQFc9rKkkREbfg2zn/3+uRI0Zj+FfflHocVUzfzKaSmpqKyX4TMdlvYqnv9314ThARkTqJxWIM6DcQd+7cET4jjrofhdFjRxTY76uhw9Hcu2WBbfy+/w5+33+X57bq1c3xSeeuwiwt2to6qF79zaws9+7dRf/P+wrLC+cvRiffTwrcnzrfFysU2fh762b8vXVzge2kUim8PL2EomJEREREZaFcJrCKRCJ89tlnCAkJwYoVKwAAycnJmDJlCszNzdG8eXNIJBKMGjUKmZmZWLhwoZCwWVJ69uyJsWPHCi/OGjRogJUrV2LMmDGIiMj/TmcvLy8sWbIEZmZmwjpDQ0P0798fAQEBecbZvXt33L17F6Ghobm2FYZIJEKvXr2QmJiI77//HgkJCSr3yczMxLhx41TqUxjGxsaYO3cu3NzKdyUYIgDQ19dHzx59cOnyJeGN47sqV66Mbt0+xbWw0DwrtRobmyA9/VWBVVxLg0gkQod2HZGVmYUFi+YiMTGxxMZ+XQWhoKm+CpItz0ZmZqbK+8nKlKN6NXPI5dmsrkAfjZo1amLWjDlY+stPBSbRv1apUiWINXLu9javbo4pk6di7rxZQhJrXqwsreA3eSqsrWuXWNwlpV3bDvhi8P+EDwPLw7XWwMAQTb2a5UpgbdasOSpXrlzo8XgtpYqgjlMd/DB1BuYtmCNMG5YXN1c3TJwwWahAUVx8HUPqIhKJ0LNnb6SmpuL3tasL/LsyoP/n+HzgYKVqK6XJ2ro2pn3/w3v/vlc0vM7kxusMlQdlcW5KpVIM/+obtGvb/v2NVcDzmj5ELZq3hE/L1nnewCmVSqGtraOWmZ94ThARkbqZmFTGnFnzsGx5VWzesrHAtoaGhhj5zRj0+LRnkd/DGxoaYtyY8ajjVEdYp62tDZ+WrfDP3t3F+lxaXe+LVSGVSjFs6Ndo6uVdZvskIiIiAsppAiuQ8wJpzJgxCA4OFqa3j46Oxk8//QQHBwdUrVoVurq68PPzQ//+/bF161YcP34cly5dEpIwXV1d4ezsjHbt2sHHJ2eqV1tbW2zevBl79+7Nt/1x5jErAAAgAElEQVRnn30Gb29vpTuLRCIR2rdvj8DAQOzYsQO7du1CYGAgkpOTYWFhAXd3d3Tr1g2dO3eGVJr7Q5VPPvkEe/fuxc8//4xjx44BAFq1aoVRo0ahbt26GDBgQLETWAFAIpFg+PDh8PX1xc6dO3Hs2DGcO3cOCQkJkMlk8PLywieffIJOnTpBR0dH6PP555+jQ4cO2L17N/bv34/Q0FCh2qy9vT1cXV3RokULdOzYEcbGORXRRo8eDTc3N2zfvh2hoaG4evUqgJyk1UaNGsHHxwd9+vRBrVq1in1cRGXFub4zOvl2hv/qlXluF4lE6NjeF6aVTbFh41+4EHQeqampMDQ0RO9efdHcuwVmzv4BERG3yjjynLtQu3bpBu9m3jh6/ChOnT6JiIhbQjKulaUVHB2d0LiRO7ybNYehoWoVT96uglCa3t6PTN/gPa2JPjxmZtUwZ9Z8fDH4fzh46ADOnz+H0GshAHI+MHN1cYN3s+Zo0bwlqlY1U5qWyMmxDlavWosTJ4/jyNHDuBB0DomJiUK/Fi180LZ1O5WmyywtHu5N0LNHbxw+EiDE5+HeBN2790Crlq2hq/tmGqTycq11dnaFhYUloqPvA8hJJmrq2VTlKaHexmspVQQikQhNm3pjY936OHw0AEePHcHVq8FITU1F9ermqF/PGa1btUHLFj5K52xJ4OsYUhcdbR18NXQ42rZph30H9uLU6ZO4eTMcAODo6I&quot;
08-31-2019 12:58:53 Wire.java DEBUG [Forwarding screenshot on session 7924db1cdca3d9f58beaf776318b9ec1 to remote] http.wire 87 - http-outgoing-3 &lt;&lt; &quot;QGbg3RsYMv6tdzhoZG0ZI2isrJsQ7WrF6H4ODLOHBgH25F3hJiMzQ0RL269eHq6oZmXt5wdHQq09iKiteZouN1hkpTSZ6bvh07QUdHF+cvnMPjx49gaJhzY1jf3v3g4uJaotdSntf0oTExqYyZM2bD2dkZu3fvFJJaGrg1xIivRyH46mUs/3VZmcfFc4KIiMoDQ0ND+E2eij69++LgoQO4dOkibkXcFD43fv05eGuf1jA2NlFpzAnfTkKWPAuHAg7i5s1wVK9ujjat26Lnp71gZWWd63NgzyZeWLliNXbs3IaLly4Krzud67ugUiUjlfaprvfFrVu3xbo/1uPosSMIC7smfPcglUrhYO+IRo0ao1PHznkeNxEREVFpE23dulVhZ6c8BZ6LiwsUCkWRBjSZ+jcAIH5W72IHR0Sqefe8e/3G4n3n8Y3rNwAAGtBSaT8hYZcBAB4eHkWKMz8XLlwAALjUa6hS+2zkTEFVp26dPLcX9riIiEoKr09vvEp/hfkL5mLrti0AcqbsXDh/iVqTaAvrQtB5jBz9tXBHff9+AzF+3EShUixRQXg9IFINzxUi+pjxGkhUfDyPiIiIKg51/92+cvUK+g/sIywvnL8YnXw/KZV9EREREanD+15vvfY6r+z1rEYhISGlG1g+XFxcAABlWz6EiIiIiKgCeJX+CocCDgrJq1KpFD4tWzF5lYiIiIiIiIiIiIiIiIiIqIQwgZWIiIiI6B23IyNx4uQxYbmJhyecKsj0zERERERERERERERERERERBUBE1iJSGUaGjmXDLlcXmJjvh7r9dhERETqJs+W4+SpE3j27Jmwrrl3CxgYGKoxKiIiIiIiIiIiIiIiIiIiog+LRN0BEFHFIZVKkZycjLi4OFStWrVExoyLixPGJiKiD4eOtg5+mDYTP0ybqe5QCk2sIcbIEaMxcsRodYdCRERERERERERERCXAzdUN4WGR6g6DiIiIiN7BkodEpLJKhkYAgKioKDx9+rRYlVjlcjmePn2KqKgopbGJiIiIiIiIiIiIiIiIiIiIiIjow8cKrESkMm0tXZiZmeHJkyeIiooSkk+Ly8zMDNpauiUyFhEREREREREREREREREREREREZV/TGAlItUpRJDqGaBmDS28SHyO1NRUZGdnF2koDQ0NSKVSVDI0gpaWDqAQlXCwREREREREREREREREREREREREVF4xgZWIVKajq4PkpGSIIIGRoSmMDE1LZNysDDlkBnolMhYRERERERERERERERERERERERGVfxrqDoCIKg6JWAKZgQxamloQofgVU0UQQUtTCzIDGSRi5tMTERERERERERERERERERERERF9LJgxRkSFIhFLoK+vr+4wiIiIiIiIiIiIiIiIiIiIiIiIqAIrtQRWk6l/l9bQRERERERERERERERERERERERERERUgWmoOwAiIiIiIiIiIiIiIiIiIiIiIiIiIvq4lHgF1vhZvUt6SCIiIiIiIiIiIiIiIiIiIiIiIiIi+oCwAisREREREREREREREREREREREREREZUpJrASEREREREREREREREREREREREREVGZYgIrERERERERERERERERERERERERERGVKUlJD2gy9e+SHpKIVBQ/q7e6QyAiIiIiIiIiIiIiIiIiIiIiIiJ6rxJPYCWiiicbGeoOoVR8qMdFRBUfr09E9BqvB0Sq4blCRB8zXgOJio/nERERUcXBv9tEREREH5dSS2BlJUiissPKx0RERERERERERERERERERERERFSRsAIr0UesTt066g6hVHyox0VEFR+vT0T0Gq8HRKrhuUJEHzNeA4mKj+cRERFRxcG/20REREQfJw11B0BERERERERERERERERERERERERERB8XJrASEREREREREREREREREREREREREVGZYgIrERERERERERERERERERERERERERGVKSawEhERERERERERERERERERERERERFRmWICKxERERERERERERERERERERERERERlSmJugMgIvURiUQAgISEBDVHUjRGRkZ5rq/ox0VEFR+vT0T0Gq8HRKrhuUJEHzNeA4mKj+cRERFRxcG/20RERESlK7/XW+UVK7ASEREREREREREREREREREREREREVGZYgIrERERERERERERERERERERERERERGVKSawEhERERERERERERERERERERERERFRmWICazmRlpaGYcOGQSQSQSQSoX379oiPjy/z/bq4uCAiIqLU90tEREREREREREREREREREREREREHy+1JLDGx8ejffv2BSZNKhQKbNq0CQYGBkI7S0tLnDp1Sh0hUzkza9Ys4fcirx8DAwO0bt0ay5cvL5NEYCIiIiIiIiIiIiIiIiIiouLKzMzAzr9WYN0vs5GZka7ucIiIiIhKlUTdAeTn9OnTmDJlCpKTkwEAMpkMc+fOhbe3t5ojo4ogOTkZx44dw7Fjx7BhwwasXbsWjo6O6g6LiIiIiIiIiIiIiIiIiIjKQNrLVGRlZqjcXkMshp5UBpFIJPTX1NSCRFOztELMJTMzA3+v+Rm7N65EszafIDs7u8z2XZLSX6UhMyMdUn0DiDQqzsTAcrkcaanJUCgUwjqRSARdqQxisVhtcSkUCiQnJ0MsFkMqlaotDiIiotJQLhNYb968iUmTJiE6OhpATvLqypUr0bdvX+HFIpGqgoKCsHnzZkyfPl2tLyqJiIjKyvH927Bi3iRhuWu/Yeg/fKIaIyrfFAoFIq5fwb6/f0fwuRPCHe0O9RpghN9imNWwUHOERERERERERERERKSqzMwM7Nnkjx1//lqoCqaaWtr4YelG2NdzQ1jwOSz+/htY1HbAqGk/onKVaoWK4c6dO/jiiy/QsGFDzJ07Fzo6Oir1k0g04eTSGCIREPf0caH2WZIWLVqEefPm4eDBg3B3d1e5n1wux/6tf2DjqkUAgDHTf0aTlh1LK0wkJCRg6NChAAB/f38YGxsXeayUpBf4ZfZ4BJ87nmtb8/bdMeTbmdDR1Svy+EX9nQCAXbt2YcyYMbC3t8fKlStRu3btIsdBRERU3pS7BNakpCTMnz8fQUFBwjo/Pz/06tWLyauUrw0bNqBfv34AgNTUVCxduhR+fn7C9tjYWGRkZEBXV1ddIX5QYmNj8eTJEyQnK999VhgikQgymQxmZmaoUqVKCUf4fi8SnuHCyUO4cv4E7kXcwIuEZwAAqcwQNSxt4OTcCF6tOqGmtT0Tn4moVCUnPsfcCV/idniIsM7Krg4mzffP8wOx6Lu3MOfbwUiIeyqsa9bmEwybNA/aOvw7V1gKhQInD+zAykVTIM/KUtoW/+wJsrIy1RQZERERERERERERERXF8X1bsW3tMnQf8DVadeql0mfnWVmZSE1OgrlFbbxMScbx/duQmpyI8JAgLJs5rkhJrEUhEong1qQFXiQ8U0pgffbkEdb8OB2JL+ILPaZELEGPQSPh4l76s91GhF3Gjr9WCJ+3H9zxFxydG6GSsWmp77u4bt8Mxa2wYEya7w+Heg2E9TeuBuGX2d+iaZvOcHVvrpbY7t69i5SUFAQHB+Pff/8VElgzMjIQHh6O4OBg3Lp1CwBgbW0NDw8P1KtXDxJJ7pSguLg4bNq0Ce3atYO9vX2ZHgcREVFeylWt9qysLPz222/466+/hHVff/01RowYkesPa0REBFxcXCASiSASiTBr1iykpqZi06ZNaN26NUQiESwtLfHVV1/h/v37+e4zPj4e/v7+6Ny5M0xMTIR+vXv3xpYtW5CamqrUfuPGjcI+RSKRUqwAEBUVBQ8PD2H7Tz/9pLT92rVrsLOzE7ZPmTIFcrlc5ccoNTUVW7ZsQe/evWFpaQmRSAQTExN07twZmzZtyhXva9nZ2Thx4gR69eolHGfr1q2xceNGJCUlFbhPhUKBmzdvYty4ccI+3dzcMHv2bGzYsEHp8di4cWO+/adOnYomTZoIbd3c3PDtt9/i5s2bRU6CzItUKkWXLl3g6OgorNPT01NKQkxPT8fBgwcxceJE+Pj4CI+JSCSCg4MD+vbtm+fz/3b/I0eOYPDgwXBzc1PqO3jwYGzZsgWxsbG5+h&quot;
08-31-2019 12:58:53 Wire.java DEBUG [Forwarding screenshot on session 7924db1cdca3d9f58beaf776318b9ec1 to remote] http.wire 87 - http-outgoing-3 &lt;&lt; &quot;X1+StP7t27h8jISCQlJRXreVMoFEhKSkJkZCTu3btXghEWLCP9FXb+tQLDe3hjzY/TceX8SSF5FQBSkxMRERaMXRtWYvzgTpg2og+ePXlUZvEREQFAVOQNBAcey7VeLpfj5MEdSsmrVDzP42NxaNf6XMmrb/v3/h0M79EMPZpao0dTayydMQbpr9LKMEoiIiIiIiIiIiIiUkVqShIunj6MNp37oMegkahctTpkhkbv/TEyqYIalja4fuU8Lp09gsGjpsKrdWcAQHhIEDb7LylUNdeSlv4qDQ/uReBOeGihf26FBZfJ9wpZmZk4fXgPUpMThXXhIRdx7viBEs0HKAmK7GykJL1AcuJzJCc+x/P4WAQe3Qcbx/qwqO2g1LZWbXtY2joh8Og+PI+PFfqkphTv+/LC6NKlC+rWrYuBAweiUaNGSEhIgL+/P5o2bQofHx/MmDED4eHhCA0NhZ+fH1q1aoUWLVrgjz/+wIsXL5CVlYWoqCgsXLgQ7u7u+OGHH3Dt2rUyiZ2IiOh9ylUF1q1bt2LOnDnCcpcuXTBt2jRIpdL39g0ODkb37t1x+PBhYV10dDT8/f0RGhqK9evXw9bWVtimUCgQEBCAMWPGICIiQmms6OhoREdHY+vWrfDy8sKqVatQp04dAICLiwscHR1x8+ZNAEBISAj69OkDLS0tAEBYWJhS9dirV68iOTkZMpkMAHD//n3cvn1b2O7h4aFydccrV65g1KhRCAwMVFqfkJCAffv2Yd++ffD19cWvv/4KC4s3U92mpqZi7ty5mDt3rlK/Y8eO4dix3Mkxb1MoFNi8eTOGDRuG5ORkpeO6evXqe2NOS0vDkiVLsHDhQqX+b4+xevVq/PTTT/j888/zvAOosJKSkrBt2zbhObKwsMCnn34qPEcAkJKSgqVLlyIgICBX/4iICERERGDLli3o0qULVq1ahapVqwrbnz59ipEjR2Lbtm359l23bh1mzpyJqVOnCtuK+vyVJ7GxsXj8OOdOP2tra1SpUqXI1UnlcjliY2Nx7949PH78GPr6+qVeifVV2kusXjINpw7tVLlPwrMnTFIiIrW4cPIgvFp1gr5BJWHdsyePEByYe+qad/n49oSPb8/SDO+DEfv4Ie7fuSksd+33FXp9MRpa2m+m7vn3/h11hEZEREREREREREREhZQtl+NlagqsHeoV+nvMsOBzWLVwCl6lpSErKwtfjpkOAAg8uhdm5rWgIS799IrMjHRsXLUIF08fQWpKEhZOGYYh42aW+n5LQtrLFETfuZVr/d4ta1C/oRdqWNqoIaq8PXpwD3PGD86zkNHXPfOuVBsRFoyTB3cIy6Zm5vBbvLZMjqty5cqoUqUKzM3NcenSJUyYMAHx8fHo3bs31q1bBzs7OyHXIisrC5GRkfjzzz/xww8/YPz48cI4NWvWxKBBg3D69OlSj5mIiEhV5SaB9ejRo1i0aJGQ5Oju7o558+YpJQ4WZM+ePfluCwoKwt9//w0/Pz+IRCIAOQmvw4YNQ3R0dIHjBgYGYtKkSVizZg3MzMxQq1YtNGzYUEiODAsLQ2JiIkxNTZGRkYGTJ08q9b927RoeP34Me3t7yOVyXLhwQdjm6ekJZ2dnlY7v5s2b+Prrr5WSY/Oyf/9+WFlZYeHChdDV1YVCocCaNWtyJa+q6ty5c5gyZUqu5FNVZGVlYdmyZUpJnHlJTk7GrFmz4ODgAC8vryLF2b9/f/Tv3z/X+kaNGmH+/Pnw9PQs0rh79uxBw4YNhd+d9PR0LFq0KM/k1YIU9fkrb548eQIgJ3m1WrXiTZEhFouFMe7du4cnT56UagKrXC7H3i1rciWvNm7WFj0Gj0AtK3tINDWRlZmJRw/u4siezTi2b2upxUNE9D5hwecRevGMcIe3QqHA+RMH8PhhlJoj+7BkZ8uVqq86N26mlLxKRERERERERERERB++sOBzWLdsNvoM+RaHd2+C/+LvAQBfjpmO+g294NWqU5EL+xSGhliCZm26wK1JSwA536kaGpkAAEb4LSrU7K5vq2ll+/5GxSQSifJ8jKzt6grHUF5UqVYDo6b+iEO7NiAq4jo++2oC9PRl7+33MiUZm1YtQsOmrdGoaWtUqVajDKJVFhsbC1NTU2zduhWWlpa5tkskEjg5OWHBggUYP348Ll++jPj4eNSpUweOjo54+fIlQkNDyzxuIiKi/JSLBNbQ0FCMGDFCaV3//v3h4OCQT4/cevTogWnTpgnTxm/atAkjRowQEi+jo6ORlpYGPT09pKenY/369UrJq9999x0mTpyISpUq4c6dOxg7diz2798PICepcPv27RgxYgRkMhlcXV2xfv16AMCNGzfw4MEDmJqaIi4uLldV0tDQUNy4cQP29vZISUlRqr7asGFDmJmZvffY5HI5Nm/eLCQ/WlhYYPbs2fj000+ho6OD6OhojBkzRkjiDQgIwJAhQ1C/fn08ePAAW7e+ScKTyWSYMGECRowYASMjIyQmJmLs2LFYu3Ztrv2mpaXlepy6deuGefPmwdbWFtnZ2Vi3bh2GDBmSZ9wRERH4888/heW+ffti9uzZsLKyQmZmJjZv3oyRI0ciOTkZ0dHR2L9/f6Eq0qri7t272LJlC6ytrXO9eKtWrRpWrVqFTp06wczMDBoaGsjIyMDly5cxbtw44fGOjIxESkoKZDIZnjx5gvPnzwtjDBw4ED/++CNMTHJecKekpCA8PBx79uyBhoYGgOI9f+XN6/OpJBNNq1Spgnv37hUpSbow/r1/G0f2bFZa13PwKPQYNFLpd06iqQmL2g7437gZ6NznS2xZ85NSn/CQIEwb0VdY/nryAni18sWRPVtwePdGPH4YhZnLN8PJxV1ok/7qJS6cPIQzR/7B7fBQpCYnQlNLGzaO9eHTsSc8W3WEto5erpgzMzMQevEM9v39B25euwQAqO1QH20690FkeAiO7NkEQPW7+5JeJGD+d0MRef3Kf2PVw5RFfwhvGBUKBXb+tQKbVy8BANSwtMGURb+jSrWaAHJ+l//8ZTYObM85rw2NTPD9knWwsquDtNQUXDx7BNcuBSLq9g08ir4rJIRVqVYTVnZOaNWpN+o19ISmZk415JSkF1gy9RuEBZ/Pc3+v97nht/nYu+V3AICunhTfL/kT9vXcCjxWog/FuRMH0MCrFXR09fA8PhYXTh5UqV9e16p3K7IqFArExjzEqUO7cDnwGKLv3oI8KwtSmSFsnZzh5dMJDZu2gszQCOmv0rBywWScOfIPAMDWyQWTF65BXOxj7PxrBYLPnYBH83YYNmketHVybsBQZGfjVlgwThzYjutXLiA25iEAwNyiNlw9msPHtxdqWtkKNxe9LTbmX5w8uANXL5zC/Ts3kZmRDrFEAovaDnBu1BSNmrVBbYf6StdvhUKBh1G3cXz/Vly9cAqPou8CyLkG1XXzQMuOPeBQrwFE//19Tk58jrkTvsTt8BClfc8Y/eaGmJnLN+PK+VPYvXGlUpszR/4RHovX7d6+7hMRERERERERERFRxfE6ebXbgOE4cWA7wkNyvtf1X/w9dPWkaNWpV5nFIhaLUduhXp7b6rh6lFkcRaErlcHavi5uhQUL6zp8OhCfDR0PXam+GiPLTUtbB47OjRB87gRiHz9EHVd3yAyN3tsvOfE5pDJD1LC0gaNzozKING+6urowMDB4bztTU1N06NBBad3Lly9LKywiIqIiKRcJrHlZvHgxXF1dVa7IWb9+fdSr9+aFXOvWrdGgQQOhIurDhw+FBNYnT57g8uXLQlt3d3cMHToURkY5L0hsbW0xefJknD59WkiqCw0NxcuXL6Gnpwdvb29Uq1YNMTExiImJwY0bN9CgQQPcuHFD2N+UKVOwbds23L59G2fPnkWnTp0QExODiIgIYb+NGzeGtrb2e4/t6dOnOHPmjLDcpUsX9OzZU+hraWmJb775RkiAvH37Nu7fv4/69esjMjIS586dE/p269YNo0ePFl7MaGlpQUtLK8/9xsbGIiwsTFh2dHTEDz/8AHt7ewCAhoZGgVVCz549K1SqrVatGsaMGQNra2thv927d8exY8eEZODbt28jJSUFhoaG731MVJWQkIDVq1&quot;
08-31-2019 12:58:53 Wire.java DEBUG [Forwarding screenshot on session 7924db1cdca3d9f58beaf776318b9ec1 to remote] http.wire 87 - http-outgoing-3 &lt;&lt; &quot;fj2rVrWLt2rZDgbGJigrVr1yI2NhYXLlzA2bNnERoaiqSkJKUqua8fh4yMDACAnp4e9PTeJBr+9ddfePToEdq2bQtXV1fY2trCzc0NjRs3FtoU5/krb7LeqlBX1Lv78lKSY+Xn+pXzSIh7KizXa9AEvj0HFZgwXbV6LYye9lO+2wHgXsR1HN6zCXfC875L7c7Na/h17gQ8jLqttD4zIx03Qy/hZuglHNv3N0ZN+1EpcfNV2kusXjItV8XYyOtXhATUwpLKDGFf11Xo//jBPcTGPBQSWF+mJgtvyIGcKbMfRt0R4nqVliokhAGApY0jqlTP2Rb/7Am2rP4xz2k2YmMeIjbmIYJOBaB5++4Y8u1M6OjqQSozRF03TyGB9d/7d3D7RojS45D4PA7hIReF5fqNmsLCRvWbG4gqIl09KbR19PAi4RkuBx7DzWuX4OreHCFBp3H3Vs7fZYd6DZQ+ACqsjPRX2L7uF+zZvFqp+igApCYnIiToNEKCTqNrv2HoP3xirv7p6WnY8eevOLRrfa7+QM4HOOt+mZPrGgYAj6Lv4lH0XRzc8Rc+HfgNug0YLiS2KxQKnA7YhZUL/ZCZka7UT56VhXsR13Ev4jrOHt2rlLhf0PHExjzE8f0PcXz/NrT07YEvRk0rdx+UEREREREREREREZF6vJu8Gnrxzfe67br1FyqhlhW5XI6DO/7EtrW/QFdXDwNHTEGTlh3zLAZR3ojFYrg2aYGA3Rshz8pCrdr26NLvqwrzmXxWZiZepaVCqm+AbIUCaanJ0JXKoCESITUlCTq6UnWHSERE9EHSUHcArxkbGwvJhUBOxdRFixbh6dOnBfTKn7a2dr7Joa9evUJqaqqwbGdnh8qVKyu1qVy5spBsCbxJgAVypk/38Hhzd1NISAjS09OFCpuenp7o1asXnJ2dAQBXr15FXFwcIiMjhYRQZ2dnNGzYUKVjSU5OxvPnz4XlZcuWQUdHByKRSPhp27Ztrj5ATvLl21xcXFS6EwfI/TjVqVMHFhYWKvV9d98xMTFwd3dXitnAwEBIXn0dc1YeSTCq2LBhAxQKBRQKBbKzs/Hvv/8qVYYNCgrC5s2bhUTJ1NRUTJ06FTY2NujSpQsWLVqEw4cP50pefZexsXGux/rYsWOYNGkS2rZtCysrK9jY2GDp0qXC70txnr/yJjs7G9nZ2ZDL5SX683rc0pKVmZkrgbReAy/oG1Qq9tiHdq7PN3n1YdRtLJs5Nte+33UrLBjb1v6C9Fc5vzNyuRx7t6zJM/GrOMRiMeq6eQrLaS9TEX3nlrD8+ME9RN5QriIdEXYZCoUCABD7+CHu37kpbKvj6gGpvmrXk9dOHdqJc8dzqluLRCI0bNoKxpWrCtsvBx4THgcAiIoMFxL2AMCzZUfo6OauVkv0IalhaYuu/b8CkJO0ef74ASTEPcWZw7sBANVrWqF5+25FHl8ul2PXhpXYuf63PJNPVfHgbgT2b1ubZ//MzAxs8l/y3muYPCsLW/9YitMBu4XrzO3wEPyxdFau5NWCKBQK7N+2TqXjObF/O3Zt+K1MbpwgIiIiIiIiIiIiovKtoOTVjj0H4bOh48v8e6mXKUn49/4dfDF6Kpxc3XFg2zqkJiciLTUFN65ewLXLgUX6eR4f+/6dl4Da9vVQ2yGnUNODuxG4ePqw8B1AeXf68G5M+KIzHj24h4iwyxjU0Q0RYZfx6ME9TPiiMyJvFK3IEBERERWsXFRglclk+OWXX+Dq6orBgwcLiaB79uyBubk5Fi5cCKm0/NzNUqlSJbi5uWHXrl0AgLCwMNy7dw+BgYEAgHr16sHOzg6enp7Yvn07goODcePGDVy58uYFjaurK2rUqFHmsb9dPbSwdHV1oaFRbnKe8yUSiWBubo6ePXti9erVwvorV64gKSkJlSpVwpo1azB79mwAOb9/kyZNQvfu3WFmZoasrCwMGDAAAQEBucYWi8UYNWoU9PX1sWDBAkRHR+dqEx0djTFjxiA2NhYzZswovSl5Gl4AACAASURBVANVg9cJP0VNNH7fuKVFLs9CepryVAiVTEyF//97/w7mjB+cZ/VQoOCpobv2G4YOnw6EceUqwrTUOfuU4/j+rXj8MApATvXTgd9MRrM2n0BTSxuxMQ/x69xJQsXTK+dP4PGDz2FlVwcxD6NwfP82YSyxRILOvf+Hrv2GQt+gElKSXmDlwim4cPJQoR+LmlY2qGFpg3/v3wEA3Ll1DS06fAqJpiYib1xF2stUpfa3w0OQmpwIfYNKePLoARKfxwPIqRD57jQlVrZ10Od/Y+Hq0QIyQyOIRCKkv0rDlfMnsXLhFKQmJwIA7t8Oh1wuh1gsRvVa1nBx9xaO98bVIDx5FA2L2g7IyszEpbNHhPFrO9SDo0tjEH0M6ro1QW2Herh7KwxBpw9D36ASwkMvAQAaePnArIZlkce+fzscB7b/KSyLJRL0HDQS7bsPgL5BJcjlcjy6fweHdm2Ahkbed3RXr2mFIeNnw66OC7R1lKuxR4Rdwdkje4RlUzNzfD15Ieq6uiMzMwNH9/6NP5fPEZJND2xbh3oNPFGlWg1cDz4vXCsAYNK8VWjo1QoiDQ3I5XI8j49F2KVAnD95QGjz9PFDnHjrmimVGeKLMdPQtPUnAIBLZ47gtwWThXEDdm+Ce/P2qO1QD/P8dyI8JAjTRvQV+n89eQF8fHsKy04u7mjRobvS34lmbT7BsEnzch07EREREREREREREVUMYcHnsHTGWDTw8sGxvVuEGQMB9SWvAoDM0AjDJs5FWmoKQi+dha6ePjQ0xIh/9gTL50zI9/vM93n3s+/SYlDJGM3bdRVmhNy7ZQ3qujVBLWu7Ut83ERERVUzlIhvR2toaDRo0gKOjIyZPngyZTCZsW7FiBXbt2lWid+Xo6OgoJcRGRkYiLi5OqU1iYqJSBdGaNWtCVzcnSUEkEqFly5ZCnDdu3EBAQABCQ3OqMDZq1Ai6urpo3LgxZDIZkpOTsW/fPly7dk0Yz8PDQ+Wk3HfjHTRoEFJSUoSKo3n99OvXDwAgkSjnKEdHR6ucLCgWi5X6P3z4sFCVQfX130wFIJPJcPTo0QJjPnToEExMTFQev7BeJ+C+ePECR468SYrr2rUrRo0aBUdHRxgZGb03SVdbWxvDhw/HnTt3cOvWLezcuRN+fn5o3ry5UruTJ0/i0aNHxXr+ypuKWoG1NFWvZQWTKmZKyasAkJjwTOmNrrt3W3i36wot7Zzqu1Wr10KXz4a+af88Hk8ePQCQU7n17TefDZr4oPuA4ULFWE0tbWG67cIyrmwGh/pvqj9HRd5AakoS0l6m4vqVnArETi6N0aRlRwDAnZvXEPPvfSgUCtwODxH61bS2R7WabxLoaljaYMLc3+Dk4o7gwONYPmcCvhvaDWMHtMeSqd8oJaQlJz5HVmZGzrFoasHVo4WwLSHuKa5fyXnc4mJjEH41SNjWuFlbGJlUKdJxE1U0xpWronGznOrcqcmJ+GfzasizsiCVGaJJy44Qi8VFHvtW2GWlc7J9twHoNuBr4RojFotRq7Y9ho6fhc++mpDnGFKZISxtHPJM4Lxx9YJSMnzrzn1Q180DIg0NaGnroFWnXvD87xoDANF3b+Hp45zrn0ElY6Wxls+diF/mjMeJ/dtx99Y16OpJ0dK3B6Ys+gM1LG0A5FzHXt8sAORcbz19fCEWiyEWi+HevB3adf1M2J6anIioyBsqP15ERERERERERERE9GEJCz6HVYv80Ni7LS6cPFRukldfexh1G3MnfolnTx5h8Oip0NOXvb9TOeLRogPqNWgCAHj25BHW/Di9zCrAEhERUcVTLhJY3+br64uJEycqrfv+++9x+vTpEtuHmZkZGjZ8k8AVFBQEf39/PH/+HAqFAvfv38fcuXMRExMjtHF2dlaqXmplZYUGDRoAAGJiYjB27FjExMTA1tYWjRo1AgDY29vDy8sLALBlyxYcPXoUAFCtWjWl/Rc23h07duCHH37A3bt3hUqY2dnZePbsGf755x907txZqAbr6OgIW1tboe+mTZtw4MABZGVlITs7G9HR0bh//36e+61atSqcnJyE5ZMnT8Lf3x9JSUkAgO&quot;
08-31-2019 12:58:53 Wire.java DEBUG [Forwarding screenshot on session 7924db1cdca3d9f58beaf776318b9ec1 to remote] http.wire 87 - http-outgoing-3 &lt;&lt; &quot;fPnyM8PDzfuL28vFCtWjUAQHJyMiZPnoz9+/cjMfFN0kxaWhquX7+OWbNmYdSoUUhLS8tvOJVlZ2fj2rVrWLp0qdJ6W1tb6OvrIzs7W6mCaGRkJKKioqBQKJCRkYFLly7hwYMHeY4dERGBvn37Yv369Xj48CGsrKzQrVs3zJ49G3v27MHAgQOFtunp6cjMzCzW81fevE40La2f0iIWS6D9zpvMF/HPSm1/APAyNUUpQez4/m3o29IBPZpaCz/zJn6p1CftZYrSv6/ZONYvsTemEk1N1HNrIiw/fnAPsTEPER8bg/u3c85nl8be8PTx/S+WVETeuIqXqcmIvnNT6FfX1R0yQyNhOfF5PH6cNhLDezTDr/Mm4tShnbgTHorYmIfvjcm+nhtqO9QTli+fPYqUpBcIDwkSktKMK1dFw6atIBLlXQ2S6EMjEonQsGkrGFeuqrTe3bstrOzqFGvs53HK1z+H+g2LlRD7rpepytcwS1snpXNXW0cXJlWqK7V5nbTv6NwI1WtaCetTkxNxOmA3fp03EVO++hSft3fBjNH9cC/iutDm3WumhY2DUpK/SCTKVbH29Q0DRERERERERERERPRxefwwCutXzMdXE+ZgyLczMfTbmZDKDAG8SV4Vi8WlPoNkfl4kPMPqJVNhV8cV30xZhCsXTiIh7im0dXRRy9oeNk7Ohf5xqNcg1/cNpcnQyAR9h44XHtfwkCCsXzEfae98fwAAWZmZuWaIJNUpFAokJCTgxIkTWL58OZYuXYrff/8dkZGRFbaAFBERfXwk729StiQSCYYMGYLLly9jz56c6Wejo6Ph5+eHDRs2wNKy6FPmvqatrY0BAwZgz549whTw8+fPx/z58/Ns7+vrix49eiitq1q1Kpo0aYKTJ08qrXd2doaFhQUAwMjICK6urjh06JBSNVcvLy/Y2NgUKt5hw4YhKCgIQUFBSE5OxuLFi7F48eJ8+3z33XcAcpI2fXx8cPv2bQA5j+Unn3yi0n5lMhmaN2+O9evXC+tmzJiBGTNmqNTfzc0No0ePFmK5dOkSOnXqlG/7r776SqVx89K/f3/0798/3+0WFhbo3r07xGIxdHR0hMRaICeB2dnZWeV93bx5E1u2bHlvuxYtWqBmzZrFev6oZEg0NVHTylZpXVhwINp2/Qz6BpVQw9IGv20/AwBIf5WGlQsm48yRf9QRap60dUt2imoLG0eYmpnj2ZNHSHuZiug7t6AhFuPZk0cQSyRwqN8AlatWRw1LG/x7/w7CQy7C1skFj6LvAsiZbtzRpbGQkJaZmYEta37C+RM5U3pLZYboOXgkGnq1hsywEp7HPcWc8V/kO6WJkUkVNG7WFndvhQHIqfp6+2Yogs8dF9q4uHujei3rEn0ciMq76rWs4eLujeP7twHIOfea+HQscgXmisDcojYmzF2JP37+QemO97eFBZ/H/ElD8N3C1bC2q1vGERIRERERERERERFRRZYtl0OhUODG1SCYW9RGHTcP2DjUg7mlDT4bOh5pL1Pw0/TR6PO/MXBycS/z+B4/uIfwkIsID7mIPZv8YWpmDpfG3qhhaYPJC9eUeTxFZevkghFTFmL53IlCsYrncU8xdMIcVPuv6MSrtJdYvWQazh3fj56DRsK31yBo66iv8m1FkpaWhqNHj2LXrl0ICAjIs02TJk0wdOhQtGvXDjo6OsjIyMCVK1fw+++/4/jx4+V2VlgiIvr4lLsKrEBOcuiECROERFAACAwMxKJFi5CaWjJ33zRo0AArV66Evb19ge28vLywZMkSmJmZKa0Xi8Xw8PDI1b5JkyYwMDAQ2rRs2bLANqpydHTEihUrhIquqtLV1cXYsWPz7SeTyVClSv5Tcvfp0wejR48u1D5fk0gkGDVqFGbNmgWZTH3TGtjb22PlypVCxVypVIpBgwYp/X69rUqVKsWOt2fPnhg7diy0tbUBFP35o5JT162J0p2FYcHnse/vP5D531T2JU1LW1tpam335u2w4ch1bD97L98fH9+eAHKS1N729NGDEr3L09TMHA71GgjLN65eQOilswAASxtHmNWwhKFRZVjZ5lRgvhdxHZfOHEFcbE5V6ppWdrCwfnPtfPbkEcIunxWWm7frig6ffg4z81qQ6hsAKLhqqkgkgluTFjA0MgGQU/V1y+ofcftGCICPI2mPKC+amlpo1ak3dPWkAAAn50awdVT9hov86En1lZZvXbtcoteYd8e/fzscCoVCWM7MzEDSi3ilNqZm5sL/a1rZYvrSjVh34AqmL92Iz0f4wd27nXCnNgAkxD1FyIWc6vy6esr7i75zS+narlAo8DxOeWoiM/NaRTw6IiIiIiIiIiIiIqroUpJe4MieTbh05ih+m/+dkLyqo6uHmIdRCA8JUltsdnXcsHZ/sPCz6I+9qPbWzGUVRc5Mc63xxeip0NTK+c48LPg8xg3sgJ1/rcCLhGfYtnYZTh3aicyMdGzyX4xvB/ni0pkjaqt+W5GcP38ew4YNAwBs3LgRd+7cQXx8PBISEvDkyRMcOHAA1atXx+DBg1G9enUYGxvDzMwMHTt2xOPHj7FlyxZ07NhRzUdBRESUo1wmsAKAp6cn/Pz8lNatWLECy5cvV5r+vahEIhHat2+PwMBArFq1Cu3btxeSFi0sLNCrVy9s3rwZAQEB+Sa5Ojs7w9PTU1iWyWRwd3dXmibXzs7uvW1U5ebmhiNHjiAgIACDBg2Cq6ursM3Y2Bjt2rXDzJkzcfHiRbi7v7kbzN7eHrt27cLUqVOFY7GwsMCXX36JgIAAdOnSJd99SqVSLFiwANu3bxceI5lMhvbt22P79u1YtWqVUvuaNWsqLevq6sLPzw/Xrl3DggUL0K5dOxgbGwvbXV1dMWjQIGzevBkzZ86EbglVmnz9ePzyyy8IDAxE+/btlR5zb29v7NmzB4MHDxbikclkGDx4MAICApSes7fZ2tpi8+bNBR7L4cOHsX79epibmyv1LerzRyWjhqUtWnTorrRu+5/LsdhvOG5cvVDiU1MYVa4KuzpvnuPLgcfw16/z8PhhlPCmS5GdjRcJcTh/4iCmftNbeDNcy8pOSOYEgFMBu4U3a4rsbMTG/Fus6a+1dXRh4/QmCe7MkX8QeHQvAMC+rhsMjSpDW0cX9RrmJFw/e/IIh3a+qcRs41gfBpXexJctlyu9kbx/5xbi/0t2fZX2EjevXUJK0osCY6pW0woO9RsKy3dvhSEh7imAkkvaI6qI7Ou5Yf3hMGw/ew/Tl26EvkGlYo9Zx9VDSIoFgEO71mP/trXCeSqXy/H4YRT8F0/FplWLij3+0b1bcP3KBSiys5GVmYmTB3fgVMAuYbtFbQdUrZ6TULrJfzH+WDpTuB7WdfNA5z5fYvycFRg1dYnSfjLSXwEArOzqoPpbH94FnT6Mc8f3Q/7ftenqhVP4Z8ubu9KlMkNY2dUp1DFpiMUQi8XCcvS9CMQ9fVyoMYiIiIiIiIiIiIio7KS9zD1dPQBIJJowt6gN02o1cOLgdtS0sheSV8sDkYZGrlwCDZEIiuxspCS9QHLi8yL9ZGVmlv2xiETwbtcN42YsE4pUvE5W/d8n7tizyV+p/ZN/o/Hj9FG4Ex5a5rFWJCYmJhg8eDAuXLiATZs2oUOHDjA2NhZ+b7S0tODh4QF/f39cuHABc+bMwfTp07Fs2TJcvHgRe/fuRdu2bYViXEREROomeX+TkmdiYoJDhw4V2EYkEmHIkCEYMmRIntvt7e0REhJSrH28bjd06FAMHTr0vW3fZWFhgcDAwGK3AXISPVeuXImVK1e+t13btm3Rtm3bQsVqamqKmTNnYubMmbm2NWnSBP7+/nn0AuLj4zFs2DB4enrit99+Q40aNSCRSJCRkYGQkBClfs7OzqhatWquMUQiESwtLTFx4kRMnDixUHHnZ+rUqZg6dWqR+4tEIjg7O+OPP/7Ic3t+vzsaGhpwdHSEo6NjkY6lqM8fFZ9YLIZvry/w8P4dXDpzRFgffO4Egs+dKPH9aWpqoXOf/+HWtcs5SatZWTi8eyMO79743r6vkzmDTuVM95CanIjF339dovE5OTeGoZEJEp8rV0F0dG4sJGlZ2ToJbd5O8H&quot;
08-31-2019 12:58:53 Wire.java DEBUG [Forwarding screenshot on session 7924db1cdca3d9f58beaf776318b9ec1 to remote] http.wire 87 - http-outgoing-3 &lt;&lt; &quot;Vu1AwSTU1hWU9fBoNKxnj25BEAIDwkCF/39C5UPDq6evBs2VE45rd5tOhQIkl7RJTDxskZnXp/iW1rlwEA5FlZ+Gv5XPy1fG6utl37DSv0+NYOddG0TRcc2bMJQE4S/IzR+U9D07HnIKECa7Y8Gwe2rcOBbesK3IdUZgg3z5wq91Wr10RL357YuHIhgJxr5i+zvsUvs77Ns2+7rp/B8r8K06oyMDRCJWNT4eaBB3cjMLpfG2H7zOWb1TKVFBEREREREREREREp09LWgZl5Ldy4EoSWHXpAT1955k2zGhb4fknen0ErFArcv3MLNSxtULlq9bIIN5eYh1GYM36w8L2brZMLpiz6HYnP45XWF9bXkxcIs0GWJZFIhEbN2mD6z+vhv2Tqe5NTq1avCaPKpmUUnTJLW0e07z4AhkYm0NLWxmdDx6Ny1eqQaGqhTZfPUMlYPXG9y8fHBz4+Pu9tJxKJYGdnBzs7uzKIioiIqOjUksBKFUtycjLGjRuHcePGFdjO19cXtWvXLqOoiArP0MgEo75fgi1rfsKhXeshV6Gas1RmCEkRp66vaWWLUdN+wq9zJ+Bh1G2V++no6qHvkHF4/OBeofoVRpXqNWFp44jQS2eFddVrWilVJTSrYQm7um5KCb/vtgEAI5MqaN9tAFYumpLnY6qto4usrMz3Pt6Ozo1gaeuE+7fDlfbn3LhwybBEVDCxWIwunw1F2ssUHNzxl0rXwsLQ1NTCZ0O/RUb6K5w6tDP/OCQS9Ph8BFp0+LRQlek1tbQxaISfUJlZJBLBt+cgpKUmY8/m1QUeT6tOvdB94DdK1VRVIZUZwrNVJ9wKCy5UPyIiIiIiIiIiIiIqW9o6uvDp1AuLv/8Gs8Z9jvqNvKChodpnwo8f3MOFU4fQ4/MRMKmingRWiUQTdnVcMfL7xdi2dhm823aDvkGlXEVpKhpr+7qYsWwjjuzZgn1//464/2ZzfJtYIkHrzn3U9thb29WFtV1dAIDM0AjdB74pMNR9wHAAQHLic7XERkRE9CFjAiuViAEDBmDMmDGQSPgrReWbrlQfg0dPRee+/8OFEwdx8cxhRN+NQGpyIgCgkrEprO3rwMnFHa4ezWFeq7ZStdHCsnGsjwVr9iAs+DyO79+KqMhwxMY8BJCThGVp44i6bh5o1KwNajvUF/rVsLTF9KUbcWjnepwO2I3YmIeQygzh3Kgp2nfvj4M71uP8iQMAAINKxpAZGhUqLqm+Aeq4eiglsNZ2qAcjkzd3DurqSWHr6KyUwPpuGyAneaxFh+4wNq2KXRtW4ua1S5BnZUFTSxttu3wG9+bt8Mvsb997R6ihsSmcnBspJbA28PIRKjMSUcnR0dXD5yP84OPbC2cO70bopbOIvntLOHedXBqjaavOcG3SvEjjywyNMGLKQrTu3BsnDmzHlfMn8SLhGQDA3KI2XD2aw8e3F2pa2Solr3YfMBy2dZxxOmB3ntdLV4/maNHhU1SpVkNpf1raOug7dDyatumC4/u34uLpI0LfKtVqoq6bB1p27AGHeg0g0tAo9PGIRCK069YflYwr49i+rQgPuYjMjHSIJRJY1HaAjp60SI8TEREREREREREREZW8um5NMHnBamxctQg7/vxV5X6Vq1TDsIlz0bTNJ4UuhFBSzGpYYITfIqz5cToSXyTA3DKngJSGWFysmMTl4Ht8bR09dOr9BTr0+BwRYZdx4uAOXDx9BBnpr9DAsyW6D/waVrZ1ClX0oriMKpsiMzMDmRnpKrVPTUkWvlcmIiKikqH+VylUrunr66N///6oVq0a7t69i5CQECQnJwMAXF1d0aRJE3Tt2hXe3t7Q1tZWc7REqqtcpRo69f4CnXp/Uah+Ti7u2H72XqH6aGnroIFnSzT4b7prVYSHBGH9igX4pO8QzF+9CzJDI4hEIqSmJOHCyUO4djlQaFu9phV0dPUKFRMAdB/4tdKdg0VtAwAiDQ04N24G58bN8tz+2/Yz7x0jMyMd8c+eCMu6elJ4NO+gtg8IiMqKzNAI8/zzr1Sal/ddi1S5VolEItSytkO/YRPRb9jEAttq6+hi9PSfMXr6zyrHKNLQgKNzIzg6N1K5j56+DO7e7eDu3U7lPsL+/jueQSO/x6CR36vcT9XrulgshqePLzx9fAsdGxERERERERERERGVHZFIBIf6DTHr17/VHUqRSDS10K57f4h2a2DVQj9Mmu+P6jWtsPzvk+oOrUSIxWI4ubjDycUd30xWbyy2Ti7Y+scyDO3mqXIfUzNz2NVxLcWoiIiIPi5MYKUCaWtro3///ujfv7+6QyH66NwOD8GSqd8U2EYskaBpmy7Q1tEto6hKz+3wEFx7qyJs/UZNYWHjoMaIiIiIiIiIiIiIiIiIiMqOXC7HlXPHYWHjgBqWNrh17TIAhbrD+mDZOrlg+tL1uHLuBORy+Xvbi8ViNPRqhRqWNmUQ3RtSqRS9evVC1apVy3S/REREZYEJrEREFZRYIkG/rybAxd1b3aEUW2ZmBs4c3oO0l6nCOs+WHYtUWZaIiIiIiIiIiIiIiIioInoR/wwHdvyJsMvnoKmljf7DJ8KkSnV1h/XBEolEsLarC2u7uuoOpUDa2tro1auXusMgIiIqFUxgJSKVaWhoIDs7G3K5vMSmdX99J5uGhkaJjPehMDO3QK8vRiM85CJiY/5FbMxDADlJqxa1HeDcqCmate2Kmla2EIlEao62+B4/uIeQoNPCcm2HenB0aazGiIiIiIiIiIiIiIiIiIjKlkkVM0z/eQPSXqZCU1MLEk1NdYdEREREVKqYwEpEKtPX10dSUhLi4uJKbHqCuLg4YWx6w9jUDL2+GK3uMMqMRW0H+O8+r+4wiIiIiIiIiIiIiIiIiIrNxsYGp0+ffn/DfOjqSUswmsKbMGECJkyYoNYYVGFsbIzt27erOwyVFPd3goiI6EPFkodEpDJTU1MAQFRUFJ4+fSpUTy0KuVyOp0+fIioqSmlsIiIiIiIiIiIiIiIiIiIiIiIi+vCxAisRqczExAQvX75ETEwMoqKihOTT4qpWrRpMTExKZCwiIiIiIiIiIiIiIiIiIiIiIiIq/5jASkQqk0gkqFGjBvT09PDs2TOkpKQgOzu7SGNpaGhAX18fpqamMDY2hkTCyxEREREREREREREREREREREREdHHotQyxkym/l1aQxORmujp6SExMRFGRkYwMjIq8bGJiIiIiIiIiIiIiIiIiIiIiIjo46Ch7gCIqOKQSCQwNDSElpYWRCJRsccTiUTQ0tKCoaEhK7ASERERERERERERERERERERERF9REo8Yyx+Vu+SHpKIyhGJRAIDAwN1h0FEREREREREREREREREREREREQVGCuwEhERERERERERERERERERERERERFRmWICKxERERERERERERERERERERERERERlSkmsBIRERERERERERERERERERERERERUZmSlPSAJlP/LukhiUhF8bN6qzsEIiIiIiIiIiIiIiIiIiL6P3t3HldT/v8B/HW7t11SKWWLRCEqW5F9X2ZjLINhLN9JjDHG2I1hmLGbGWMYYsbYjez7EkNUolJKpJREJe23vW7390e/DlelvVu8no/HfTyc8/mcz3mfe7vnXue+z/tDRERERCViBVYiIiIiIiIiIiIiIiIiIiIiIiIiIqpWlV6BtQArQRJVH1Y+JiIiIiIiIiIiIiIiIiIiIiIiotqEFViJiIiIiIiIiIiIiIiIiIiIiIiIiKhaVVkFViKqPfT19ZUdQrnI5fK3ttfW4yKi2o/nJyIqwPMBUenwvUJE7zOeA4kqju8jIiKi2oOf20RERERVq6TvWzUNK7ASEREREREREREREREREREREREREVG1YgVWovdYbcu4L6139biIqPbj+YmICvB8QFQ6fK8Q0fuM50CiiuP7iIiIqPbg5zYRERHR+4kVWImIiIiIiIiIiIiIiIiIiIiIiIiIqFoxgZWIiIiIiIiIiIiIiIiIiIiIiIiIiKoVE1iJiIiIiIiIiIiIiIiIiIiIiIiIiKhaMYGViIiIiIiIiIiIiIiIiIiIiIiIiIiqFRNYiYiIiIiIiIiIiIiIiIiIiIiIiI&quot;
08-31-2019 12:58:53 Wire.java DEBUG [Forwarding screenshot on session 7924db1cdca3d9f58beaf776318b9ec1 to remote] http.wire 87 - http-outgoing-3 &lt;&lt; &quot;ioWkmUHQARKY9IJAIAJCQkKDmS8tHT0ytyfW0/LiKq/Xh+IqICPB8QlQ7fK0T0PuM5kKji+D4iIiKqPfi5TURERFS1ivu+VVOxAut7wN3dHSKRSHg4OTkhIyND2WERERERERERERERERERERERERER0Xuq2hNY9+/fr5BMWdrH/v37qztUpdu+fbvCczBnzhxkZ2cX2TcjIwNOTk5C37p16+LKlSvVHDERERERERERERERERERERERERERUclYgbUG6969O1q3bi0se3l5ITo6usi+YWFhcHNzE5bt7OzQpk2bKo+RiIiIiIiIiIiIiIiIiIiIiIiIiKisJMoOgIpnZmaGnj174sGDBwAADw8P+Pj4wNTUtFDfW7duCf0AYMiQITA2NgYAODg4QC6XV0/QREREREREREREREREREREREREREQlqPYKrOPHj4dcLld47Nu3T6HPvn37CvUZP358dYeqdJqamhg4cKDCuuvXryMrK0thXVpaGm7evCksm5iYoHv37hCJRNUSJxEREREREREREREREREREVVcTk42ju3Zin82/4Sc7KySNyAiIiKqxao9gbWyZGVl4fLly5g8eTIsLS0hEolQt25d9O/fH3/88Qfi4+MLbRMWFobNmzdj7Nix6NChA0QikbBd42+QrgAAIABJREFUz549sXTpUjx48KBQtdKMjAw4OTkJ/QcPHoyXL1/i5s2bGDduHAwMDGBgYABHR0c8efIEACCXy+Hv748pU6YI7VOmTEFISEiZjtPW1hZ2dnbCspeXF6KiohT6PH78GO7u7sKyg4MDLCwshOXg4GDY2NgI8a9cubLIfT19+hTr1q1D//79UbduXYhEIlhaWuLLL7+Ep6cn8vLyhL7u7u5CH5FIhOXLlys8b4mJiRgxYoTQPmfOHGRnZwvtUVFR6NOnj9A+ceJESKXSMj03RERERERERERERERERERERclIT4M0ObHUj7TUFIXfvDPS05Cbk1OtMefkZOPfnb/hgPMGJCfEKfxGX5tkZWYgNSUJ8loWv0wmQ2pKksLfRWpKEmQymVLjksvlSElJQVpamlLjICIiqgoSZQdQHhEREfj2229x/PhxhfVSqRRXrlzBlStXsG/fPmzZsgUdO3YU2j09PTFr1qxC40mlUty4cQM3btzApk2bsG3bNowdO7bYCqYxMTGYN28edu/erbB+x44duHfvHjZt2oRTp05h8+bNCkmZu3btQlBQEPbu3YuWLVuW6libNm2Kvn37wsvLC0B+Auvdu3fRvHlzheN6PTF28ODB0NXVLdX4AJCbm4v9+/djzpw5SEhIUGgLDg5GcHAwdu7cieXLl2P+/PnQ1NSEmZkZ7Ozs4OrqCgC4f/8+UlJShP2GhYXh1q1bwjh3795FXFwcGjZsCACIjo5GcHCw0G5rawsdHZ1Sx0xUk2VlZmDb2kW4cfkUAKBlGxssXv8XdHT1lBxZzRbk54UfZo4VlnsM+AhOC1ZDXUOzQuPMWLQWfYeNqrQ4iYiIiIiIiIiIiIiIqObKycnGyQPOOLp7S5kqmKqqqWP5pv2waNcBAT4e2PD9VzBtYYlZP/yC+kYmZYohNDQUU6ZMQadOnbBq1SpoaGiUajuJRBVtbLpAJALiXkSVvEEVWb9+PVavXo3z588rFNwqiUwmw9nDf2P/9vUAgNnLfkPXPkOrKkwkJCTA0dERAODs7Ax9ff1yj5WakoTNP82Fj8fVQm29Bo/Al9+tgIamVrnHL+/fBAAcP34cs2fPhoWFBbZt24YWLVqUOw4iIqKaptYlsL548QLffPMNTp48+dZ+Xl5e+Pnnn7F9+3YYGhqWenypVIp169ahY8eOClVMX+fv7w9/f/9i92tvb//WuM6cOYNvv/22VPGIxWL069cPf/zxh5AMe+nSJQwZMgSampqQSqUK1Vdbt2791v2/SS6X4/Dhw/j6669LrIC6ceNGWFhY4LPPPoORkRE6d+4sJLAGBwcjOjpaSGB1c3NDdHS0sK2Pjw/Cw8OFBFZvb2+h3cTEBD179ix1zKR8sbGxiImJgVQqLVSxuLREIhF0dHRgbGwMIyOjSo6waG8mNr7pfUt0TEp4CY8rZ3Hr+gVEPA5GmjQZAGBk0gSNm7WAdZce6Ny9PwwbNIJIpdYW7CaqdRLiXmDtQkc8fhggrGvczByL1/8FI5MmSoyMiIiIiIiIiIiIiKjmu3rmMFx2/Y4RE2ag3wejS1UsJTc3B2nSFDQybYH0VCmunnVBmjQZQX5e+H3FnHIlsZaHSCRCh669kZTwUiGB9WXMc+z8ZRmSkwrPRFsSiViCkZO+ho1d1f8mHxzgjaN7tkKWmwsAOH90D1pbd0Y9/dLnbChLyAN/PAzwwYI1zrBs96pQ2v27Xtj803foPuBD2Nr1Ukpsjx8/RmpqKnx8fPDs2TMhgTU7OxtBQUHw8fHBw4cPAQBmZmawt7dHu3btIJEUTgmKi4vDgQMHMGjQoGJzYoiIiKpTrctIOnPmjJC8qqOjg/Xr1yM5ORlyuRxxcXGYPn260Pf48ePw8/MTlsViMb766ivcuHED6enpkMvlyMvLQ1xcHJYtWyb08/f3x9OnT4uNoXXr1jh58iTS09Mhk8lw8eJFmJiYFNt+5MgRheqiwcHByMjIKPUxt2nTRuGuplu3bgnxPXr0SEgiBYCePXvCzMys1GPHxMRg165dQvLqwIEDcefOHchkMuTk5ODSpUswNTUFkJ/ce+7cOUilUojFYoVE2YCAADx69Ejod/fuXYX9SKVSeHl5QS6XIzs7W6H6qr29fZliJuUKCwvDo0ePkJKSUu7kVeDVNAePHj1CWFhYJUZIJZHJZDjz79+YPrIn/t60AkF+t4XkVQCIjY6Er+c17Nq0EjNG9cK/f/2mxGhfuXrWBSO7mwmPq2ddlB0SUZWIePwQT0IfKKx79iQUIff9itmCiIiIiIiIiIiIiIgAIC01BbfdLmHAh59h5KSvUb9BQ+jo6pX40DMwQuNm5gj09cSdm5cxedZSOPT/EEB+kZyDzhvLVM21smVlZuBpWDBCg/zL/HgY4IOEuBdVHmNuTg7cLp1U+N0xyO82PK6eq9DvylVBnpeH1JQkSJMTIU1ORGJ8LNxdz8C8dXuYtrBU6Nu0hQWatWwDd9czSIyPFbZJS63Y7+Vl8fHHH8PKygoTJ05E586dkZCQAGdnZ3Tv3h19+/bFjz/+iKCgIPj7+2PJkiXo168fevfujb///htJSUnIzc1FeHg41q1bBzs7Oyxfvhz37t2rltiJiIhKUqsqsEqlUly/fl1Y7t+/P6ZOnYq6desCAAwMDODk5ARXV1eEhIQAAAIDAzFgwAAAwGeffYaRI0fi3r172LlzJzw8PBAXF4eQkBBEREQo7Cs2NrbYOJo2bQoHBwdoaubfqdWxY0e0b99eqCj6ZnvPnj1hZ2enkGhaFsbGxhgyZIiwvb+/P7y9vWFhYVGo0unAgQOF/ZZGYGCgQlzTpk1Dp06dAAAqKiro27cvxo0bh9WrVwPIv7MnISEBOjo6sLa2Rrdu3eDh4QEA8PX1xYcffojw8HDcunULADBz5kwEBgbi2rVr8PT0xNSpU5GdnY2AgFdV5Tp06IB69eqV67mh6hUbG4uoqPw7/czMzGBkZASxWFyusWQyGWJjYxEWFoaoqCjUqVOn2iqxvs9kMhmO7dlSpqTU3P+/Q7KqtbGxw5GbTGam91tuTg68rl8U7kx+nbf7FXTq3r9Ud4oTEREREREREREREb2P8mQypKelwsyyXZl/xwzw8cD2dYuRmZGB3NxcTJ2dXwTL3fU0jBs1hYq46tMrcrKzsH/7etx2u4y01BSsW+yEL+esqPL9VoaM9FREhD4stP70oZ1o38kBjZuZKyGqoj1/Goaf507Gy5jnhdpmjCq6Um1wgA+unT8qLBsaN8KSDbuq5bjq168PIyMjNGrUCHfu3MG8efMQHx+PMWPG4J9//kGrVq2Eaqu5ubl49OgRdu/ejeXLl2Pu3LnCOE2aNMGkSZPg5uZW5TETERGVVq1KYM3OzlZILD1+/DiOHz/+1m1SU1OFf9+6dQuzZs3CnTt3qizGoqioqJQ7yQ&quot;
08-31-2019 12:58:53 Wire.java DEBUG [Forwarding screenshot on session 7924db1cdca3d9f58beaf776318b9ec1 to remote] http.wire 87 - http-outgoing-3 &lt;&lt; &quot;/Inyage/fuMDExEZJVXV1d0aNHD9y4cUPo161bN3Ts2LG4YYr0ZqLup59++tb+aWlpyMzMBJCfWNupUychgfX+/ftISUlBQEAAQkJCYGJigrFjx+LIkSO4du0a/P39ERERgZycHNy/fx9AfhXdPn36QCQSlSluUo6YmBgA+cmrr1cdLg+xWCyMERYWhpiYmCpPYH0zQXLfn+twYv+2Kt1nTRMdGa5QudTQuBGmfrsc7Tp2g7qGJuR5eUhOSsBdz2s4ffgvPH0c/JbRiKiyxcVGI+iuV5Ft9+96IeZ5RKE7f4mIiIiIiIiIiIiIqGICfDzwz+8/4bMvv8OlEwfgvOF7AMDU2cvQvpMDHPp9UKHf/EtLRSxBjwEfo0PXPgDyf1PV1TMAAMxcsh4ymaxc4zZp3rLSYiyOSCQq8jkya2UlHENNYWTSGLOW/oILx/chPDgQ46bNg1YdnRK3S0+V4sD29ejUvT86d+8PI5PG1RCtotjYWBgaGuLw4cNo1qxZoXaJRII2bdpg7dq1mDt3Lry9vREfH4+2bduidevWSE9Ph7+/f7XHTUREVJxalcBaEU+ePMHcuXOF5NWBAwfi22+/ha2tLerWrYtjx47h888/V3KUxWvdujX69++PvXv3AgC8vLxw/vx5odIpAPTr1w+NG1ffFyR1dXV06dJFWA4ODkZoaKiQVGttbY1WrVqhd+/e+PXXXxESEoI7d+5AVVVVSMS1s7ODmZlZtcVMFSOVSgGgUhNNjYyMEBYWJoxd08jz8vAwwAf/nTuCQN9biI2OBAA0Mm0BW/te6DtsNJo0b1liEnZeXh4e+N/BWZdd8PH4D3l5MrSwbI9Rk2bCpktPiFRUhL7PnoQq3PH3yXgnjJo8Ex5XzuH8sT0ICw6Eto4ubO16Yqzjd2jQsGmpjyclKV7hTsKOXfvA1r638J9JkYoK6unXR59hI9F94Ee4cemkQv8gPy/8MHOssDxj0Vp07t4fl04cwJUzhxEbHYmGTZpj+ITp6D7gI6iqqiErMx2XTx7CpRP7ERUZjoZNmmPY6Cno+8EoqKqqvfW4P58+H9LkRKyaNxUhQYrTp29dvQBbVy8AALRsY4PF6/+Cjq5ekcctTU7E1bMuuHL6X0RFhqOeviF6DPwIH4+bhnr69Uv9/BFVtSA/L0RFhgMAxBIJWrfvjEBfTwBAQtwLBPp6FpnAWtx5w+3iCVw4tg8Rjx+inr4hho2ejKEjJ0JdQws5Odnwun4Rpw7uQFhwIOrpG2LgJ+Pw4Zip0NSuozB+2KNAeN+8giC/23j2JBRJCS8BAKpq6mhm3hq29r3Qe8inChdqsjIzsG3tIty4fKrE4y7qLuXynH/f3GfLNjZYuHYHop6Gler8S0RERERERERERETvn4Lk1eETpuO/c0cQ5JdfaMJ5w/fQ1NJGvw9GV1ssYrEYLSzbFdnW1ta+2uIoD01tHZhZWOFhgI+wbsinEzHOcW6h3x2UTU1dA62tO8PH4z/ERkWira1dsb8zvk6anAhtHV00bmaO1tadqyHSomlqagozFb+NoaEhhgwZorAuPT29qsIiIiIql1qVwCqRSKCj8+qul/79+2PPnj2lqgTp5eUFd3d3YXnu3LkYMGBAlcRZFXR0dNCrVy8hgfXBgwf48ccfhUTQgvay3vX1+vMJADt37sTUqVNLvX2nTp1gbW0Nf39/BAQE4MqVK/Dzy08y69y5M/T09GBhYSH0cXNzg6qqqrB9586dOW18LfL6VPLlvbuvKJU5VmWSJifin80/4/qFY4Xankc8xvOIxzh/dA8+nfgVhk+YrpCM+bqkhJdwXv89vNwuKqx/FOiLNQsdMWPhGvQaPKLYOB7dv4tls8YjNOjVnXBp0mTcdD2NsOBALFjjjEamLcp1jDdcT8OgQUP0GPgx9AyMFM4hqqpq6Dts1Fu39/G4CpddvyskuUZFhmPLqvl48fwp2nawx/b1SxDzLEKhfcfGpUhJiseIiV9V+d2qRcWYlPASpw/9hSchQZi9/Pcad9cnvZ8yM9Lh43FVWG5m3hoffvY/RD0NQ0LcCwCA901X9Bo0HHXq1nvrWEWdN5ISXmL/tnV49iQUg4aPx96ta/DA/45C++G/N+FlzHP8b86PUNfQFNo8rpwrsmJ1TnYWQoL8EBLkh7Mu/2DuT1vQrmO3cj8HBWrK+ZeIiIiIiIiIiIiI3m1vJq/63341A+qg4Z8LlVCri0wmw/mju+GyazM0NbUwceZidO0ztFbMaCoWi2HbtTcuntgPWW4umrawwMfjp9W45NXi5ObkIDMjDdp16iJPLkdGmhSa2jpQEYmQlpoCDU1tZYdIRET0TqpVJafq1q2Lrl27Csuurq5YuHAh7t27h+zsbACAXC5HYmIirl27hi+++AIHDx4EoJh4BwB37txBRkYG5HI5nj9/Dm9v7+o7kHKyt7dH69atheWC5FUAcHBwgLW1dZnHbNeuHezs7ITl9evXY9euXYiPj4dcLgcAZGdnIzw8HJs2bcJnn32G+Ph4oX/Dhg3Rvn17YXnBggXw8sq/I61Hjx4Qi8Vo2rQp7O3z7wY7fvw4Tp8+rXBM1THVAlWOvLw85OXlQSaTVeqjYNyaJCcnGwecNxaZPPU6WW4uDv+9CW4XTwjvmTe9jHleKHnq9e0vnjiAlKSEYvcR5OelkIT2uqjIcFy/cKzYfb9J39AEDZs0F5bTpMnYv20dnEY4YFy/1pg/9SMc/nsTQh/cK1Visdf1iwqJoa87svsP/PjN5wrJq69zv3IG8bFRpYq7It4WY4CPp0LCIJEyRUeG4+G9V99H2th0QRubLmhr++pzOvTBPTyPCCtxrLedN65fOIbF0z5VSF593a1r5/E0LLiM0eefTw7u+OWt57PiaGnrQE1dA0DNOv8SERERERERERER0bvrbcmrQ0dNwjjHudDQ1KrWmNJTU/DsSSimfLMUbWztcM7lH6RJk5GRlor7d2/hnrd7uR6J8bHVEn8Li3ZoYZmfP/D0cTBuu10q9e+YyuZ26QTmTfkQz5+GITjAG5OGdkBwgDeePw3DvCkf4tF9X2WHSERE9E6qVRVYRSIRxo8fDzc3N5w8eRIAsGfPHuzZs6fYbQYOHAgAMDY2ho6OjjBN+ZIlS7BkyZKqD7oSmZubY8CAAXjw4EGhtgEDBsDAoOwVBJs1a4ZZs2bByckJUqkUwcHBmDJlSrH9Bw0apLCso6MDBwcHoTJsgW7duqFVq1YA8svX29raAsifgr7gNejWrVu5km5JeQoSGt9MCK+scWuSsIeBuHn5pLBsaNwIMxatg5WtHXJysuF6+l/s/uNnyP7/uTjn8g/adeymMH12Af36DTBl9jLY2PWEuoYmnoQE4ddls4RpwhNio5GcGI+69fSLjMW6c3dMmLEQTcwsAAD/nXXBjl9+EPb9IioS2VkZUNco+T/QDRo2wfDPp2Pb+sXC9gVkubkICw5EWHAgDv+9CcaNTTF19rK3TrHdZ+hIjJw0E0YmTZAmTcaOjT/A/cqZItsT42Oxbe0i+HpeA5A/5XnciygYmTR5a8w6unpY7XwMV8+6YOvqBcL6GYvWllghtiCGTyd+hQYNmyAnJxtH92zB0d1bhPZnT0Ihl8trxZ2r9O6Sy+Xw9byG5MT8m0TEEgk6d+8PTS1ttOvkgBuXTwEAMtLT4ONxBa2sbN/6N2vduTsmfLUIpmYWyMnJxuG/N+HE/u1FtmdnZ2LX7z/B9dQhYR+R4SFo2cZG6K+qpoYPRk9Bz8GfoGlzC0hUVSHPy0NcbDT2bVsHd9f8m1NePI9AfGw06tbTh7qGJr5Z9hu+WfabwnH6376BX5d/gzRpMgCgnr4hJs36Xjh/1qTzLxERERERERERERG9mwJ8PLDpx2/R0aEvrpw+hAAfT6FNWcmrQP7vYk7zVyEjLRX+d25CU6sOVFTEiH8Zgz9+nlds0ZaSlPZ3tYqqW08fvQZ9gkeB+cmepw/thFWHrmhq1qrK901ERES1U62qwAoADRo0wKZNmzB8+PAybWdvb48JEyYU225iYlLR0Kqcuro6evXqVWi9iYkJevXqVa7kK5FIhNGjR2Pz5s3Q1y9f8kanTp0KPX&quot;
08-31-2019 12:58:53 Wire.java DEBUG [Forwarding screenshot on session 7924db1cdca3d9f58beaf776318b9ec1 to remote] http.wire 87 - http-outgoing-3 &lt;&lt; &quot;+dOnWCsbGxsNy1a1e0bNnyrX2o5nufKrDev3sLGelpwnL/Dz+DVQd7iFRUoKaugX4fjEa3PkOF9ojHD/Ei6mmRYxkYmaCtrR00NLUgEonQtIUlbOx6Cu1xsdGQJhdfAbB5Kys0a9kGYrEYYrEYHbr2RpPmr/6TFxv9DNlZWaU6LpFIhN5DRmDhGmcYNzZ9a9+YZxFYs9AR184XX+G1tXVnNGjYFCKRCHXq1oN1lx7FtuvXb4AuPQaWKs7K1Nq6M4wbmwqvnX2vwdDVe5Xwnxj3AtlZmdUeF9Hr0qTJCPT1EJZbWLZH42b5n5ut2trC0LiR0OZ/52aJd0o3b2WFZuathb/7Dl17F9uurqEFh34fvHW8MVNnY9y0uchMT8OxvVuxfNZ4zP/fx5g1rr+QvAoAyYnxyEhPLXacQF9PheRVbR1dfLPsV7Tr2E3oU5POv0RERERERERERET07gnw8cD29UvQpedA3Lp2ocYkrxaIDA/BqvlT8TLmOSZ/sxRadXSUFkt52PcegnYd82fWfRnzHDt/WVZtFWCJiIio9qlVFVgLmJqa4vDhw/Dy8sLhw4dx+/Zt3Lp1C0B+RVAbGxt0794dAwcOhJ1d/rS72traWLduHaysrLB7925hmvt27dph8eLFyMrKwqRJk5R2TKXVsWNHdOvWDR4er5Jc+vfvL1Q7LQ+JRIIvvvgCQ4YMwYkTJ3D27Fn4+/sjIiJ/2m8LCwvY2tqid+/eGDp0aKFEV3Nzczg4OODIkSPCui5dukBdXV1YNjU1hbW1NUJCQortQzVfQZJpZSeb1rTkVQBIT1NMwGrWso1Ckri6hiYMjBoq9CntHY9isRhq6prljk1VTR2qqmrl3l6kogJb+97YtL8Hnj8Jhe+tawj09URIkL+QVFZAlpuLy6cPoaND30qpUKgiFld4jIpSVVMXpionqilCHvgjyP+OsGxlawcdXT0AQINGTdGuYzdcPesCAHj8MADhj4KgX79Bpe1f/Jb3plwuh8fVs9i1aSWSEl6Wex8BPh7Y8P1XCsmr3y7fBKsOXRX61eTzLxERERERERERERHVblGR4di7dQ2mzfsZVh26oq1NFzhv/AFp0mQheVUsFkMmk7312nlVSUp4iR0bl6JVW1sM+HgcvN1doaGlDXUNTTQ1s4Cufv0yjykRSyr1N4WS6OoZYKzjXITNnYI0aTKC/Lywd+safDlnBTS16yj0zc3JQU5ONjS1tKstvneJXC5HYmIi/P39cf/+fchkMtSpUwc9evSAubk5VIqZZZOIiKgmqREJrOPHj8f48ePLtI1EIoGDgwMcHBxKvY22tjamT5+O6dOnF9n+xRdfFLleU1MT27Ztw7Zt24psNzAwwIULF4rdb0ntZWFqagp3d/cybWNhYQE/P78S+xkZGcHR0RGOjo5lGl9XVxcuLi4V7kNE1UssFqNpCws0bWGBT8ZPy/8PTnwsLp88iGN7twrTcyfGvUBKUgKn2CaqIjKZDPfu3BTecwBwbO+fOLb3z2K38bp+Ae07O1Qomb20QoL84LxhqZB42rFbH3w8zhGNTM2hXacuDu38FSf2F/0dqcAD/zvYunqBQvKq43crYN2lR7kqyBMRERERERERERERlUeeTAa5XI77d73QyLQF2nawh7llOzRqZo5xjnORkZ6KX5d9g8/+NxttbOyqPb6op2EI8ruNIL/bOHnAGYbGjWDTpScaNzPHonU7qz2e8mrZxgYzF6/DH6vmI02aDLeLJ5AY9wKO836GSeNmAIDMjHTs2PgDPK6exahJX2PY6ElQ11Be5dvaJCMjA66urjh+/DguXrxYZJ+uXbvC0dERgwYNgoaGBrKzs+Hr64u//voLV69eLXOODhERUVXh7RZE9F7KykzHy5hnCus0tV7d8af1xt1/T0KCIJfLheWcnGykJMUr9Hl9iu+a6vqFYzi2ZyuyMtMLtYlEIujXb4ChI7+AWSsrJURH9H6Kj43C3VvXy7TNw3veiI+NqaKIFPl6/CcknurqGeCz/81BGxs76OoZQKKqWuL2IUF++HPNQqFKqlgiwaSZS9Ct3wdFJq++q+dfIiIiIiIiIiIiIqoZUlOScPnkAdy54Yo/1ywUklc1NLUQHRmOID8vpcXWqm0H7DrrIzzW/30aJk2aKy2e8hKJROjUvT+mfLMUqmr5s7IG+HhizsQhOLZnK5ISXsJl1++4fuEYcrKzcMB5A76bNAx3blyGTCZTcvQ1n6enJ5ycnAAA+/fvR2hoKOLj45GQkICYmBicO3cODRs2xOTJk9GwYUPo6+vD2NgYQ4cORVRUFA4dOoShQ4cq+SiIiIjy1YgKrEREVen6hWOIj43B4BEToFVHB5kZ6bh61gW3rr+qjKyppY36DUyE5ba29tDU0kZGehoAwPX0IbSy6gArWzvIZDJcO38U1y8eF/qbtrBEg4ZNq++gykkmk+GA8wacPLgDAz4aC7teA9G4WUthWo601BTcvnEZUZHhwjZmFlao36BhcUNWG7FE8SPr0f27cOg3jHdiUq0Xct8Pz56ElmmbqMhw+N92g/Hwz6soqldyX6sMmypNxuOHAWjawhIqIhGinz1B+KPAYreNePwQm1d+J5xTxBIJnOatQu+hnxZbefVdPf8SERERERERERERUfXJSE8tcr1EoopGpi2QKk3Gf+ePwMq2K0ZOmgkNzZrxe5NIRQUikUihsIOKSAR5Xh7SUlMU1peFpladUhWlqEwikQg9Bw2HlraOUIm1IFn1gPOGQv1jnkXgl2WzsHzTfli061CtsdYmBgYGmDx5MqZNm4aWLVsW+r1FTU0N9vb2sLOzw7x583DlyhVkZ2fDwMAA9vb2MDMzg4oKa90REVHNwQRWInrnFSRtFvUfoQKdHPqhqZmFsGxmaYXuAz7G5ZMHAAAvY57jx2+Kn0Zh6KhJtaoCYJo0GSf2bytx2m9tHV0MHjGhRvynvYFJE4glEmGadddTh+B66hCA/GlIFq//Czq6esoMkajMsjIz4O1+RVjW1NLG9xt3F3lhxvO/89i49Cth+Z63O3oNHlHl709D41cJ7LLcXGxbtxjb1i0ucbvUlCTs2LBUISFelpuLLavnY8vq+YX6r/jjINrY2L3z518iIiIiIiIiIiIiqjpq6howbtQU93290GfISGjV0VFoN25siu83/lPktnK5HE9CH6JxM3OlFXeJjgzHz3MnC7OaFfwGlpwYr7C+rGYsWou+w0ZVZqilIhKJ0LnHACz7bS+cNy5FaJD/W/s3aNgEevUNqyk6Rc1atsbgEROgq2cANXV1jHOci/oNGkKiqoYBH49DPX3lxPWmvn37om/fviX2E4lEaNWqFVq1alUNUREREZUfE1iJ6L3XrmNXjHX8DuoamsI6VVU1jHP8DtlZmbh+4Vix24o/sExbAAAgAElEQVQlEoz8YiZ6Dym+mmBNoqqmrpAE+jbGjU0xY+FatLbuXA2RlaypmQU6du2L2zcuKTsUokoT8zwC9+++moqoVVtbNG5uXmTfFpZWaNzMXKjWeu/OTUSGP0LLNjZVGmOXngPhfuVskVMmiSUSSCSqyMrMKNQml8vLNc3Pu3r+JSIiIiIiIiIiIqKqp66hib4fjMaG77/CyjlfoH1nB6ioiEu1bdTTMNy6fgEjv5gJAyPlJLBKJKpo1dYWX3+/AS67fkfPgcNRp249JCfGKyWeymJmYYUff9+PyycP4cy/fyEuNrpQH7FEgv4ffqa0596slRXMWlkBAHR09TBi4gyhbcSE6QAAaXKiUmIjIiJ6lzGBlYjeebp6Bmhh2Q4xz58iTZoMIL+yaMs21hg8YgKsu/SAqqpaoe10dPUwc/E69P9wDP47dwS+nteQlPASANDItAVs7Xuh77DRaNK88NQMNVWPAR+hXceueODvDW/3Kwh94I/nEY+FdiOTJmht3Rnd+g5Du45doaauocRoFWnV0cH0hathZmkFz6vnEPH4IYD817JhUzOIxfxIo9on0NcTCXEvhOW2tvbQrlO3yL769Y1h2b6TkMCakZ6Ge3fcYd7aukpj1DMwwpwVm3Hh2F64njoknAebtrDAxBmLEOjriRP7t1fqPt/F8y8RER&quot;
08-31-2019 12:58:53 Wire.java DEBUG [Forwarding screenshot on session 7924db1cdca3d9f58beaf776318b9ec1 to remote] http.wire 87 - http-outgoing-3 &lt;&lt; &quot;ERERERERERVQ+rDl2xaO0O7N++Hkd3byn1dvWNTOA0fxW6D/gIYnHpkl4rm3FjU8xcsh47f1mG5KQENGrWAgCgIhZXKCaxRPm/o6lraOGDMVMwZOQXCA7wxn/nj+K222VkZ2WiY7c+GDFxBpq3bFut1/316hsiJycbOdlZpeqflioVfm8mIiKiyiE6fPiw/M2S4TY2NpDL5eUa0GDpvwCA+JVjKhwcEZXOm++7gi/1Jb2PC/olJCSUaj8XLlwAANjb25crzuLcunULADB48OAybaenV/R08WU9LiKiysbzExEV4PmAqHT4XiGi9xnPgUQVx/cRERFR7fG+fG6HhoZiypQp6NSpE1atWgUNjdIXjZHL5QgPuY9LJw4g5L4fFqxxhpFJ4yqMtrD169dj9erVOH/+POzs7Kp132WRkJAAR0dHAICzszP09fXLtP2j+3fx89wpZUpKNTRuhCUbdqFxs6Jn1CtORf4mCo7Tzs4O8+bNK9N+iYjo/VPc960CBd+7kpPzP//8/PyqPKai2Njkzzar/NtsiIiIiIiIiIiIiIiIiIiIiN5zMpkMvh5XYWpuicbNzPHwnjeA8hUfo5K1bGODZZv2wtfjP8hkshL7i8VidHLoV+bk1YrS1tbG6NGj0aBBg2rdLxERUXVgAisRERERERERERERERERERGRkiXFv8S5o7sR4O0BVTV1fD59PgyMGio7rHeWSCSCWSsrmLWyUnYob6Wuro7Ro0crOwwiIqIqwQRWIio1FRUV5OXlQSaTQSwWV8qYBXeyqaioVMp4RERERERERERERERERES1kYGRMZb9tg8Z6WlQVVWDRFVV2SERERERVSkmsBJRqdWpUwcpKSmIi4urtOkJ4uLihLGJiIiIiIiIiIiIiIiIiGo7c3NzuLm5lXt7TS3tSoym7ObNm4d58+YpNYbS0NfXx5EjR5QdRqlU9G+CiIjoXVVlCawGS/+tqqGJSEkMDQ2RkpKC8PBwAED9+vXLXYlVJpMhLi5OGMvQ0LDS4iQiIiIiIiIiIiIiIiIiIiIiIqKajRVYiajUDAwMkJ6ejujoaISHhwvJpxVlYmICAwODShmLiIiIiIiIiIiIiIiIiIiIiIiIar5KT2CNXzmmsockohpCIpGgcePG0NLSwsuXL5Gamoq8vLxyjaWiooI6derA0NAQ+vr6kEiYT09ERERERERERERERERERERERPS+YMYYEZWalpYWkpOToaenBz09vUofm4iIiIiIiIiIiIiIiIiIiIiIiN4PKsoOgIhqD4lEAl1dXaipqUEkElV4PJFIBDU1Nejq6rICKxERERERERERERERERERERER0XuEGWNEVCYSiQR169ZVdhhERERERERERERERERERERERERUi1V6AqvB0n8re0giKqX4lWOUHQIRERERERERERERERERERERERFRiVSUHQAREREREREREREREREREREREREREb1fKr0CawFWgiSqPqx8TERERERERERERERERERERERERLUJK7ASEREREREREREREREREREREREREVG1YgIrERERERERERERERERERERERERERFVKyawEhERERERERERERERERERERERERFRtWICKxERERERERERERERERERERERERERVSuJsgMgIuXT19dXdgjlIpfL39peW4+LiGo/np+IqADPB0Slw/cKEb3PeA4kqji+j4iIiGoPfm4TERERVa2Svm/VNKzASkRERERERERERERERERERERERERE1YoVWIneY7Ut47603tXjIqLaj+cnIirA8wFR6fC9QkTvM54DiSqO7yMiIqLag5/bRERERO8nVmAlIiIiIiIiIiIiIiIiIiIiIiIiIqJqxQRWIiIiIiIiIiIiIiIiIiIiIiIiIiKqVkxgJSIiIiIiIiIiIiIiIiIiIiIiIiKiasUEViIiIiIiIiIiIiIiIiIiIiIiIiIiqlZKSWBduXIlRCLRWx8rV65URmhERERERERERERERERERERERERERFTFJMoOgEonODgYY8aMgb+/PwBg2rRp+PXXX6GpqankyKg2E4lEAICEhAQlR1I+enp6Ra6v7cdFRLUfz09EVIDnA6LS4XuFiN5nPAcSVRzfR0RERLUHP7eJiIiIqlZx37dqKqVUYCUiIiIiIiIiIiIiIiIiIiIiIiIioveXUhJYly5dCrlcjri4OAwaNEhYP2jQIMTFxUEul2Pp0qXKCI2IiIiIiIiIiIiIiIiIiIiIiIiIiKpYrajAGhwcDBsbG4hEIohEIqxcuRJpaWnYvXs3evfuDZFIBEtLS2zatAlpaWkAgKysLBw9ehT9+/cX2tetWwepVKowdkZGBpycnISxBw8ejAcPHmDjxo3C2AYGBhg3bhx8fX0hl8uLjDE+Ph7Ozs748MMPYWBgAJFIhGbNmmHMmDE4dOiQENfr3N3dhf2KRCLs378faWlp+PPPP2Fvbw+RSAR3d3esXLkSlpaW8Pf3F7bdvn07tLS0hG3d3d0r8RknIiIiIiIiIiIiIiIiIiIiIiIiIqo6EmUHUB4+Pj4YMWIELl26JKwLDg7G7Nmz8ejRI0yaNAkrVqzAmTNnFNoXLFiAyMhIrFu3DpqamkWO7eHhgd69eyM2NlZYl5CQgIMHD+LixYvYsmULxowZA5FIBACQy+W4ePEiZs+ejeDgYIWxIiIiEBERgcOHD8PBwQHbt29H27Ztiz2ugIAA7NmzR+G4iIiIiIiIiIiIiIiIiIiIiIiIiIjeNbWiAuubTp48WWyS59atW9GlSxeF5NXXHT16FEFBQcWOLZVKFZJXX5eQkIA//vgDERERwjofHx84OTkVSl59k7u7OxYsWICYmJhi+6xdu5bJq0RERERERERERERERERERO+pnJxsHNuzFf9s/gk52VnKDoeIiIioStXKBNaRI0ciICAAMpkM6enp+PHHH4ttT01Nxbfffiu0RUdH4+HDh8WObW1tDVdXV2RlZUEmk+Hu3buws7MT2t3d3XHv3j0AQFZWFvbu3auQ0Lpw4UIkJCQgLy8Pjx49wrBhw4S2s2fP4siRI8Xue8WKFXj+/DlkMhnkcjnkcjkcHBywdOlSPHz4ENbW1kLfadOmIT09XaEfERERERERERERERERERERARnpaZAmJ5b6kZaaArlcrrB9bk5Otcack5ONf3f+hgPOG5CcEIe8vLxq3T8B8rw8pKYkISszQ9mhvFVeXh6SkpKQmZmp7FCIiIgqpFYmsLZv3x5WVlZQUVGBpqYm+vXrV2y7trY2Pvnkk1KPbWxsDBsbG6ipqUFFRQU2NjaYPHmyQh9/f38AQExMDLy9vYX1dnZ2cHR0hJ6eHkQiEVq2bIlFixZBR0dHYdv09PQi921mZoaGDRtCRaVWvixE9I4L8vPCyO5mwmPfn+uUHZLSZWVmYNOPsxWelyA/L6H92ZNQTB/Zg88ZEREREREREVENwes15Xf1rIvCdbCrZ12UHVK1ePO4X/+befP64CLHEZAmJyox2neTNDkRixxHCM/z9JE98OxJqND+5rXr9+Vvk4iKl5OTjSO7/8CUDzph8rCOpX787yM7PAq8CwAI8PGA06fdseLbiYiLjS5zDKGhoejZsyfmzJlTpgRDiUQVbWy6YPjnTmXeZ2Vav3499PX14eXlVXLnGqa8zz0ARD0NwyKnTzFpaAesW+yE1JSkKooyn4uLC/T19eHiUrbPLplMhi1btsDMzAyOjo6Ii4urogiJiIiqnkTZAVQHsVhcoe2trKwUlmNiYpCZmYnMzEykpaUJ61u1aoX69esr9K1fvz7MzMyEpNfIyEhkZGRAS0urQjERUdlIkxOxat5UhAT5AQAMjRthyYZdaNzMXOgjl8tx7dxRbFu/GLLcXACAto4u5v60Be06dlNK3ERERERERERERET0/khPleLOzcu4cfkUQoL8kSZNhqqaOsxbt0fX3kPQrd8w1NM3VHaYREQ12tUzh+Gy63eMmDAD/T4YDXUNzRK3yc3NQZo0BY1MWyA9VYqrZ12QJk1GkJ8Xfl8xB7N++AX1jUyqPHaRSIQOXXsjKeEl4l5ECetfxjzHzl+WITkpvs&quot;
08-31-2019 12:58:53 Wire.java DEBUG [Forwarding screenshot on session 7924db1cdca3d9f58beaf776318b9ec1 to remote] http.wire 87 - http-outgoing-3 &lt;&lt; &quot;xjSsQSjJz0NWzselZmqEVKiHuBs4d34b5f5SS+trWxw7DRk6Ffv0GljPc2WZkZOL5vG0KD8nM7/G/fwO0bl9F32Kgq33dZ5eTkIDw8HADw6NEjxMXFCbkq6enpCAgIgK+vL+7fvw8DAwM0bdoUPXr0gLm5eZEF1Z4+fYp///0XEyZMgLGxcbUeCxER0XuRwFpRMplMYVlXVxeqqqpKioaIqkqgryf++eNnIXlVLJFg0swlsOrQVcmRkTJcPeuCrasXCMszFq2tkf9BJSIiIiIiIiIiorJ79iQUP8+djJcxzwEAPQZ8BKcFq0uV5FQVcnKycf7oHhx03oic7CzFtuwsPPC/gwf+d7B7yyoMHj4Bn/3vW2hq11FKrERENVlaagpuu13CgA8/w8hJX5ep2JWegRECfDyQ8DIGk2ctRV5eHtxdTyPIzwsHnTfCaf7PUFVTr8Loi5eVmYGnYcHC51ZZJcS9qOSICsvMSMdfvy5HoO8tGDdqClEFZ56V5+XB9fS/iHkega+/3wgNzaotEvY0LBi3rp1XWHf+6B6079y9WpKXy0JDQwOffPIJzp8/j5EjR8Lc3BzPnj3DgQMHsH37diQmJkJPTw9WVlYIDAzEvXv3AABdu3aFo6MjBgwYAIlEgpCQEOzZswcHDx5EamoqevbsyQRWIiKqdkxgLYFcLoe3t7fCOkNDQ4jFYmhoaEBbW1tYX3Bni46OjrAuOTkZsbGxwnKTJk2gqamcix9EVLzI8BDs2LAUadJkAPnJq07zVqH30E8hEomUHB3VVOoamvhm2W/4Ztlvyg6FiIiIiIiIiIiIqkDfYaOq/Mb2jLRU7PjlB7hdPAGxRII+Q0diyMiJaNrcAhJVVchkMiTGx8Ld9TTOH9mNsy678CwiFDOXrIeegVGVxlYT6OjqYbXzMWWHQUS1RJ5MhvS0VJhZtivzTK0BPh7Yvm4xMjMykJubi6mzlwEA3F1Pw7hRU6iIqz69Iic7C/u3r8dtt8tIS03BusVO+HLOiirfb2XIyc5CwssX+HDMFIyc9HWljHnx+H5cO38UOdlZVZ7AGhkegoz0NIV14Y/uw/XkQYya8k2FZ/6tbA0bNoShoSFMTU3h4uKC77//HnXq1IGTkxNGjRqFpk2bCtVWs7Oz4evri7/++guTJ09WGKdNmzaYNm0aTpw4oYzDICIiYgLrm3Jzc5H7/9UXMzIycPbsWfz+++9Cu4mJCRwcHAAAxsbG6NSpEzw8PAAAXl5ecHZ2xvz581GvXj1ERERg1apViI6OFra3traGllbZv1iJxWJIJK9erqCgIERGRqJVq1blOk4ieiU9VYqDzhsRFRkurBsxYQZ6Dh7O5FUiIiIiIiIiIiIiqjI5OdnYs3UN3C6egKFxI3z9/Qa0tu6icG1aLBajvpEJPh7niF6DR2DX7yvh7noa+/5chy+/W1HlCT1ERO+DAB8P/PP7T/jsy+9w6cQBOG/4HgAwdfYytO/kAId+H1RLAqOKWIIeAz5Gh659AOR/BujqGQAAZi5ZX2j22NJq0rxlpcVYkrjYaOTm5EBSwVltZTIZnkeEVlJUJRNLCqfPaOvoomkLixqXvPqmZ8+eoW/fvlizZg0MDAwKtaupqcHe3h52dnZYvnw5PD09AQCWlpawtLTEkydPcPHixeoOm4iICICSElhXrlyJH374odD6ixcvon79+gCAFStWYOnSpdUdGq5cufLWkujjxo2DtbU1AEBdXR0TJkzAyZMnERERAQBYs2YN1qxZU+S2w4YNw8iRI8sVl4GBgUJcN27cgIWFhbB88+ZNIbGWiEpPJpPh9L9/4faNS8K6XoNH4ONxjoX+I5KTkw2/W9fhd9sNj+774dmTUGEqp3r6hjCzaAuHfh/AvvdgqGsoXjAM8vPCDzPHCsszFq2FQ79huHzyEC6d2I+oyHCs+OMg2tjYIeZZBG5dv4AgPy88e/IYsdGRAPL/09TItAXad3JA32Gj0aR5S4WLmFmZGdi2dhFuXD4FAGjZxgYL1+5A1NMwnHXZBR+P/5CXJ0MLy/YYNWkmbLr0LHLqjqSEOFw4thduF08gNjoS2jq66NpnSKn+YyuXyxEZHoKrZw/j7q3reB7xGABgZNIE1p27Y8jILwrF/frzG+DtgStn/kVwgC+SEl5CLJHAtIUlHPp9gL7DRkFHV09hm31/rsOJ/dsAAIbGjfDdyi0IfeAPt0sn8fhh/lQYJR3vm6TJiVg1bypCgvwU1m9dvQBbVy8QntvF6/+Cjq5eoRiWbNiFxs3Mix0/KzNd4XUveH4/nfgVDI0blRgfERERERERERFVDblcjvNH9+Dv334U1vUaPEJIEMxIS8Xtm5dx7447wkPu43nEY8j+vyCGkUkTNG/VBv0+GIN2nbpBVVVNYeyiriGpqqnh+L5t8PzvPBo2aS5cbyrv9cFnT0Lx89zJwtTCn4x3wqjJM+Fx5RzOH9uDsOBAaOvowtauJ8Y6focGDZsW+Ty8iHqKE/u2485NVyQlvEQ9fUP0HTayVNfWKnJ9MCszHbeuXcCNy6cQEuSPNGkyVNXUYd66PfoOHYVu/YYqXHct6nrojEVr4eV2EZ5XzyHi8UOoqqmjfaduGDX5G7SwbCfs9/XXo8CNy6eEsQAI12uLurb7toqseXl58L99A8f3bcODe3cAAK3bd8anX3wFqw5dCx27901XXD17GPr1G+C7lVtg3ro9khLicGLfNvx3/iiyszJh13MgXkRFIiTID5+Md8Kkr5cgMS4W1y8cQ1tbu0LxFLwO5478A8//ziNNmgwjkybo3v8DGDduJlznfPN4irvG/OxJCE4d3IF73vkFXbr0HIhx//83JJfLER5yH8f2bIWPx38AgI7d+mDsl9+hkWkLhbgq89p3wfulssjlcsRGR+L6hePwdr+CiMcPIcvNhbaOLlq2sYZD3w/QqXs/hX3K8/LwMMAH/507gkDfW8LxNDJtAVv7XmW6jl9ZzzERlU9B8urwCdPx37kjCPLzAgA4b/gemlra6PfB6GqLRSwWo4VluyLb2traV1scFeHr8R+efjIOZq2sKjTO44f3cP3iCTRs0rySInu7ps1bQVfPAMmJ8QCgcGNJbaCjo6Mwg3BRRCIRGjVqVO68FSIioqrACqxlMGrUKMybNw/q6urCuo4dO2Lbtm2YPXs2goODi93WwcEBGzdufGty7NvUq1cPH3/8Mc6ePVuu7YmoKHK4XTiOY3u3Cmva2Njh8+nzi7xjPTM9Dcf2/lkosREAkhJewtfzGnw9r+HKGRd8++Omt07dFBYciEsnDyA0yL9QW5D/bez7c22h9bLcXDx9HIynj4Nx/ugeOM1bhd5DPy22SmxSwks4r/8eXm6Kd8s9CvTFmoWOmLFwDXoNHqHQ9sD/Dn5fOUe4yA0AadJkuJ46VOyxFMjOysSRfzbj5MEdwoX7ArHRkbh86iCunnPBlG9+QP+PxiokCMdGR+LPNQsR4ONZ6JjDggMRFhyIK6f/xddLN6JlG5si958Q9wLLvh6LrMyMIo935BczMWLiV0q9Q/LhvTtY+OVwRIaHCOsKnt+gu16Yt2pbtd4BS0RERERERERErwT6euLfv34Tlt+8Vhj/MgaHdvyicO2sQGx0JGKjI+F1/aJC0mtR5Hl5uHrmMK6cdUGaNLlQe2VdH3x0/y6WzRqvcA0yTZqMm66nERYciAVrnBWS3+RyOTyunIHzxh8U4kpKeIlje/8sch+vq8j1wdAH97Bl1TyF62ZA/lTED/zv4IH/HVw58y9m/fALjEyaFLn/sEeBWPjlJwrXB3Oys+Dj8R/ueXvAaf7P6DmoamfdSkp4id9+/AYB/5+EWCDQ1xMP7t0p9Jqlp0px9YwLZLm5+ORzJ7SwbIdnT0KwcelMhefiputphfH0DIww6JNxCPLzgrvradj1GgTtOnUB5L+O184dxbb1ixVeh9joyFK9jm8eT1HXmN1dTyM8OBAzFq+D59VzuHB8r8K+bl27gKePgwv9jVXW33Zle9vfbpo0GX5ebvDzcsMn453w+fT5APILIfyz+Wdcv3Cs0HjPIx7jecRjnD+6B59O/ArDJ0wvlNReoLKfYyIquzeTV/&quot;
08-31-2019 12:58:53 Wire.java DEBUG [Forwarding screenshot on session 7924db1cdca3d9f58beaf776318b9ec1 to remote] http.wire 87 - http-outgoing-3 &lt;&lt; &quot;1v3xDaBg3/XKiEWl1kMhnOH90Nl12boamphYkzF6Nrn6G1atbIhLgXcN6wFF8tWlfu370iw0Pw96YVRX5XqiomTZrDsn0neF3PPycPGfkF2tjYVdv+iYiI3lcl3y77nunXrx8OHTqEUaNGQV9fX1i3f/9+7Nq1Cw0aNFDoLxKJMHjwYLi7u2P79u0YPHgwdHR0AACmpqYYPXo0Dh48iIsXLypUTC0rkUiEyZMn4/jx4wqx6ejooF+/fsI+iaj0fG9dxz9//Cxc9GnYpDm+/G7FWxNPSyPIzwvnj+yGXC4vts+FY3uLTF4tLVluLg7v2iRUMCjKy5jnhS56vb79xRMHkJKUIKyLef4Uzhu+L/ICfInxyGQ4vm8bju39s9AFvjf3e8B5I4IDvIV1ifGx+OPn+YWSV98UFRmOA9vXC3c9FjX2m8mrr7edObxLqMqqLA8DfApdhC8QFRmOc0d2Iycnu5qjIiIiIiIiIiKiyPAQ7NiwVEiSqMi1wusXjsHjavHFKOJio3Hq0M4KJWSU5vpgkJ9XsdcgoyLDcf3CMYVrmCFBfoWSV0sdTwWuD0aGh+D3Fd8We92swMMAH7js2vzWa4DFteVkZ+HE/u14ERVZiqMpv5cxzwslrxaQ5ebi1KEdCjE8f/oYDwO80bBJc3To2ge5uTk4+3/s3XlYVOX7x/HPMMMOIiAooqKCiiu475pbZlmWuZRLLt8yM23VTM2sTE1tt8ytTFMztdLMcsvKfcMl3HczFVdENgWG+f3Bj9EJUEBgMN+v6/K6PMvznPvMcmZ45j73s3CWTh0/rNDqtTVp/hotWn9Mk+avUZlg29+YKlQNV6myITpxZL/O39Tn/t1bbca97/R8shpjPnPquN54rrOWLZyZ6bHOnDpuTQDKiey8tvNSdl+7N0tOTtK8aR9kmrxq03dKihZ89YnWrlic5e8F9niMAdxwq+TVBzv3Vrd+g7O8ISW/JMRd1T8njqjviyNVpWZ9/bLwa8XHxigxPk57d27WX9s35Opf9KXzBXYOD3TsKUl6+8Ue2r7ht1v+ZvpvFotF2zf8prdf7GHTV0FwcXVT7UYtrcvrVi7RxfNnC+z4AADcq+xSgXXkyJEaOXJktvevVKmSdu3KWPEwXePGjW/5ped2229mMpnUunVrde3aNdvxSZKvr6/69eunfv36ZbtNTuJKj+3RRx/Vo48+mqPYAGR0Ieq0Zn821mZdq4e73nLqd0ny8Suuvi++qfrNH5BPMX8ZHByUkpysQ3t3asr4YTpz6rgk6dSJI7qWmCBXt8ynaXi0e3+1e/wpax83MxqNuq/d42rx4OMKqRwmZxdXWSwWxcZEa/Hcqfrp2+nWczh35lSWMfsUK66+L41SeP1mcnZx1YnD+/TRqBesMV4+f1Yx0ZdUpGhaQvzG3362GSQuXa6Cnh0yRhWq1pSDg4N2bV2rMa/2yfRY/5w4rN+Wfmddrt2ohXq/MFIlAoNkTknR778u0owPR8mckqL42Bht/mO5KlWvI6PRqK1rV1qnYjGaTOrce5Ae7NRbbh6eunrlsr6e9K7WrlgsSYqM2KQj+/9S7UYZ73Z1dXPXM6+OVr1m98vZxVXnz57S52OHWvuOj43RnohNqli1ZqbnkM7Ty1vjpv2gNcsWZjmVVm7VbdpGvZ4fruIlSyvVYtHvyxZq+odvWgcfI7ev14Wo0wU2FQoAAAAAAADSbrCe/sGb1nEzd08vPTN4dKYVw8pVqKonnn5ZNRvcJ08vbxkMBl2/lqgdm/7QlAnDrcmfJw7vk9lsznQ2IC9vX/3v5bcUVq+ptWrmzfJqfDCsbhP1HPC6SpdPS3z891jUuTOnlHQ9Uc4ubkpJTtaaf1WErV67of738lsKLJNW3XHlknma/sGbmR4rt+ODkrRm2QKbx/6p54epaZtH5OjknGGMb8em33Xm714qV7Fqhhj8SgSq35B3Vb1WIxmNRh0/vE8fv/XijTHb44d1/NBelQgsox7Pvab72nXUmMF9rDf0N23ziPoPHSdnF9dMzzE7bGIwmTKMyZ46flgH90SoRGAZ63sHd1gAACAASURBVHJiQrxqNawqb99iOnf6b+3a8qckqd3jTymgVFlJkoenl5ydbePy9PJRQOly+ufEEcX9//N2/VqiVi35NsvnMdVi0crFc/XlR29l63zSx5hrNbxPjo5O2rH5T3381gtKTIjPdPuGNcs06d1Xra+xU8cP6fq1ROtjmlev7bx04vA+/bJolnU5fYz6gY495VGkqMxms06fOKLlP86Rg0Na9cNjB/Zo/aol1jZ+JQI1YNgEVatZX8nJSVq99DvNuimJ+JeFX6t67UbyDyiV4fh5/RgDyL7IiI365O2XVbtxS/22dL5NoRV7Ja9Kab9T9X9trBLj47R723q5unnIwcGoSxei9NmYIbkqRCPlze9c2VW+UjV16j1I30x+TxNHPKcnn3lVD3Xpk2U16nTJyUlatmCmvp3+gZq0fkQ9B7yuHZt+19EDkQUStySF12+m4NDqOnogUscP7dXKH+eo69Ov2HWGRwAA/uvsksAKAIXRD998oQpVwrKcCsLTy1tDxnyhK5cvaP/u7dqzY6OOHtyjxPi4DHeDX7l0QSnJSZIyT2AtWaacfP1LZLqt+QMd1aRNBx0/tFe/fj9b+3ZtUUz0JUWd/jtD9YOY6ItZno+vf4Cq1qxv/eO6THCowus3sw6WXjx/VrExaRVYExPidXj/jWoMRpNJPZ57XaE16ljXOTu7ZHmsPTs26fLFc5LSEkk79nzeOrhqcnRUk9aPaMemP7Rt3SpJaVMoXUuMl4ODUbtuupu1SlhdPdCxp9w80qpKFynqo4e7/k+7t66zVl49eWR/pgmsHkWKqnylatbzLV6yjDp062cd3JbsP5gXWCZYJUoFSZKMkhq3flgRm363Pi5Rp//WlUvnSWAFAAAAAAAoICkpSVo8Z6rNDda9B45QtVoNM+xbqmyIhoz9QhfPnVHEhjXas3OzTv99VFejL+v8WdvKnrEx0UpJTpLRmHEcysnZRWXKV8o0eVXKu/HBchWrqWyFKtblWg3vU+lyFXXi8D5J0vmz/yjp+nU5u7jp6pVLOrL/xuxFPsWKq+fzw1Sq7I0kXkcn5yyPldvxweuJCTYJQ/Wb3a9mbR+1Jrj8e4wv/XHILIG1qI+fQkJryOToKCkteaZtxx6a+clo6z5HD0SqYYt2WZ7Hnfp3DOUqVs0Qw6ljN4oIXLl0QVLaWK6Ts6uuXrmkC1GnVcw/QGWCQ295LAcHB7n8/zhnejJTTPRFHf//51fK+DwapRyNjaaPMTv9/9hwxarhKlW2gg7v25Xp9uq1G6lsSOUsE43y6rWdlw5Ebrc59gOP9dRjPQdYE5WMRqPKBFdSv8E3nsO9OzdbE0wlqfXDT6harQYyGAxycnZRq/ZddHjvTq1b9ZMk6eTRAzp35u9ME1jz+jEGkD2RERs1deII1Wt2vzb89rPNdcCeyavpTh0/rGnvvyFJem7oOLl5eFo/Z+8WRX2Kqf/QsSpdroK+nf6BTh0/rN6DRsjTyzvT/WNjovX1pDFav/qnbCe85gefYsX1YKdemvze6zKnpGjJt9MVUKqc7nvwcRkMhgKPBwCAewEJrADuWY5OzvIsUtT6B198bIzmz/hYL7/9SaZTg11LTND8GR/q1+9n58n0S1k58Nd2fTZ2iKL+OZmn/RqNRjk5Zz44mZKcZB0slaSAUmVVulz2726PvnijbWJCvEY81+mW+yfExynVbFaq2Wxz3MiITer9YK3bts2u4iVLy69EoHUA90LUaSUnXS80d6O7urkrsEywtmmVdd2Fc2fsGBEAAAAAAMC9ZdWSb5WSkmxd9ilWXMGVa2SaoBATfUkzPhylTb//kq8x5df4oKOTc5aJIAnxcTbJO6XLVVDxkmWy3Xduxwf/fdw1yxZqzbKFt2ybmJD98cFyNyXwSmnVdpOTrt8yGTev5VcMqampunYtUZLk6uYhSUq6fl3X/3+dlPPn8U45ODjIwSHrCnX59dq+Eze/diUptEad21bZ+/cYddkKVWyuGc4urvL1L2mzT24rJv7b7R5jALd35tRxfTP5PT&quot;
08-31-2019 12:58:53 Wire.java DEBUG [Forwarding screenshot on session 7924db1cdca3d9f58beaf776318b9ec1 to remote] http.wire 87 - http-outgoing-3 &lt;&lt; &quot;07ZIyq1WqoquH1NO2DNxUfG2NNXjUajVlWUs9vVy5f0PQPRqpi1Zpq06Gbtm9YLRc3dzm7uKpM+Ury8imW4z5NRpN8ihXPh2hvzdHRSR269VOpsiGaMn64xgzpq+eHTchQ5f7U8cP6fNxruhh1RkPGfKHajVraNVm0Uav2OhC5Q6uWzJM5JUVffzZG3sX8FVavqU1cFotF1xLi5eTiWqgqtKampur8+fPauXOnDh06JCltRuEWLVqoZMmSJOICAAodElgB3JOMJpP6vTpawZVr6P0Rz1mrku7btUVzvpigZ159x+bOSovFol+/n62fv/vK2r5Dt35q2qaDvH39ZDab9d7QZ6x3RedW1Om/NXXiCOsAXkiVMD3+1PMKqVxDbu6e2vDbzzbT2ucXk6OTTCbHfD9OfrNYLLKkplqXPYv6yFiIzstisSg11WyzzsOzqJ2iAQAAAAAAuPfcPFuPOSVFF6JO6/vZn+u5oeNsxgeTk5M0f8ZH1uRVd08vde4zSHUat5anV1FFXzynMYP73nGSWmEZH3Rycf1PJMmZzbZjb+4ennIwFuxPY7eKoaivnyQp+uI5JV2/Jlc3D3l5++ri+bM6f/afDAk+N0uMj9WFqNNydXNXseIBme5TmJ7HwvLaBoBUs1kWi0V7d25RYFCwqtZqoJDQ6gosG6Ju/QYrMSFOH416UU88/VKWszbmpzN/H9O+XVu1b9dWLZk3TX4lAhVer5lKlQ3RsAkzCjyeO2UwGFSncSuN+mSOPh/3mt5+sYf6DRmtuo1bS5K2bVitaRNHqliJkhr1yZxbfvYVFEdHJ3Xr96oS4mO1YfVSxcfGaPywZ9V70Btq2b6z9YagPTs26f03nleZ8hXVa+AIBYdWt2tyaGxsrBYuXKj58+dr06ZNme7Ttm1b9e/fX40bN5bJZFJCQoI2btyoKVOm6MSJE4UqERcAcO+45xNYXV1dNWXKFE2ZMsXeoQAoQD7FiqtC1XCVKhuiJ/u9qo/ffslaVfXP5T+oSng9tXyos/WPjPjYGEVs+M3avlbDFnqsx3NydXOXlDatRV44uCdCp47fmEKqc+8XVLtRizzp+1YMBoPNHyTRF88pJvqSfPxKZKu9m7uH9f9Gk0mvj5+umvWb37ZdfNxVm7bBodU19L1peXYX6N9HD+ji+bPWZS9vX7tMN5KV+NgYHT+0x7rs6uauIkUznzoFAAAAAAAAea9k6XIa+Mb7WvHjXP25/AdJ0obVS1WpWi21e/wp6/jghajTity+3tquedtH1e7xXtYxteiL5/MkHnuNDzoYjTbjgxeiTisxPtY6/nk7uR0fTEyIs5ktqX7zthr0xgd5Mm2zxWLRoT07bdYV9fEr0MSM28VQulwFubq569SJI4qPjZFfiUCVKV9RkRGbtHblYgWHVpdXUR+dOLJfl24a55Skk8cO6tTxQypdrqJ8/38c906fx/xkr9f27dz82pXSqsTWa3b/LV8n/25z4vA+1Wp4n/V6kZycpKtXLtns41ciMI8iBpAX4q5e0aol8+Tt668dm9ZYk1ddXN107GCk9u3aYrfYKlatpZnLIqzLBoNBru6edosnr5QuV0EjJn6lryeN0YRh/RUYFCxJOn3yqBq2eFBPv/K2vLx97RzlDZ5e3uo9aITirl7R7q3rlJx0XdM/GKn1q39SzwGvSxaLpr8/UvGxMdq/e5tGPNdJrdp31eNPPS9f/+z9vprXvv/+e61YsULt27fXsGHDVKNGDRUpUkSSbBJVH3vssQxt27dvrwULFqhWrVvPlAkAQH5wsHcAAGBv9Zq1VYcnn7FZN/vzcdqz48adaRaLxeZO+dMnjijqnxOyWCxKSU7WgciIDAOIuZGeRJvu0N4dSrp+TRaLRRfPn9XBPTvu+BiZcXX3VPlK1azLMdGXtHjeNF2+eE6SdC0xQccO7c2yfdWaDayDoOaUFH350VvasnaF4uOuWve5fi1RJ48e0JwvJujzca/p+rVEubl72ty9evRApGZ8MErHDu1RSnLa1G0WiyXtj8Nt6zVhWH/9/suiTGOwpKbKbE57/Mxms3ZvW6/vvvzYZp/qtRrK5Ji9CqxGk+09Hof27tT1awnZapuVlOQk6+voyuULWvT1Z4qMuPE6C6lcQwGlyt7RMQAAAAAAAJB99Zq1VcWqNdWhWz+bBLPFc6bo+OEb42GpZrPN+OCJIwes44HXEhO0/69tirt65Y7jsdf4oLevv0qXr2RdPnF4n35eMFMJcbGS0hJ9Th45kGX73I4PehcrropVa1r32b7hN83+fJzOnDpufbwtqam6cvmiNv3+q0Y+3zXLpCKzOcU6Pph0/ZrWr16qn+bfqFTn6uauqjUbWJf/nex58thBXTx35vYP1i2YzSlKun492zEElCqrkMo1dOLwPu3auk4eRYrq4SeekaOTszasXqqnH6mnzs1C9PaLPaxjtYvnTlGnJuU15tU+MqekqHrthvLySavkeqfPY36y12tbkuZ8MUGdmpS3/luzbKF1282vXUla/uM3WrZwpvX9bDabdebUcU17f6TmTZ2YaZvVS+drz47NsqSmKiU5WX/8+r3+XPGjdXtQcKiKlyyTb+cHIHOJCXGZrjeZHBUYFCy/gFL6/ddFKl2ukjV5tTAwODhkqOLpYDDIkpqquKtXFBsTnat/6b+72ZOnl7f6Dx2r18dPV/GSpVW8ZGm9Pn66Xnjzw0KVvJrO29dfL436WI1bP2xdt3/3Ng1/9nEN79/JOsOnlPY5t3LxXM3/8kMlJ10v8FhLlCihV155RRs3btTkyZPVpEkTa/KqJLm5ual169ZasGCBVqxYoXfeeUejRo3StGnTFBkZqVmzZqlBgwZycCCFCABQ8O75CqwAYDQa1a5TLx2I3GEd/IyPjdFXH7+toe9NV4nAMnJ0cpaP342qoGdOHdeQvg9n1WWueRfzl9Fksg7mfT/rc30/6/M8P86/GY1G1W3aRr//skiJCfGS0ipNbFi9NFvtQ6qEqX3X/2nhzE8lSVH/nNTE4c9luX/TNo9ISrtrtGX7ztq9bb31sd+6bqW2rluZZds6TVpluv7i+bN6tdeDWbYLq9dUYfWa3vZc0hUPKG3zXKz+ab5W/zRfklShSriGT/xSnl45q5b684Kv9POCrzLdZjSZdF+7x+VRpGiO+gQAAAAAAMCdK12ugjr1HqQv3ntdknT54jnNnTJRL7/1iTyKFJWbh6eKFPXRhajTkqR9u7ZoQOdmeR6HvcYHXd3cVbdJa21bt8q67qdvp+unb6dnq31uxwcdHZ308BNP68Bf29OSVv8/+WPl4rk5PodjB/fo6Ueynuq5SZsOKh964yb+Il7eKurjp6jTf0uS/j56UC92b2Pd/s5n3+Z46uhjB/fo2Y6Nstze4L52KluhsnXZo0hRNbivnSIjNmnxnCmqUCVcNRs019BxUzVv2vs6dnCPivr4qfUjTyju6hUt/+Ebm/58ihVX0/s7WBNxXd3cFV6vaa6fx/xkr9f27fz7tWtOSdHsz8Zq9mdjM+z7aPf+kqTyodXUpE0HrVoyT1Japdu3X+ye5TEe7NybCqxAAXJydlGJwDLau2OLWrTrJDcP2+qlJUoF6Y0Pvs60rcVi0YkjB1SqbIiKFS9ZEOFmcPbUcY0Z3Mf6nSP9N6mY6Es263NqwLDxavlQ57wMNVccHZ1Up3Er1Wmc+e99hY2nl7eeHzZepctV0MKZn2a4IePfAgLLytHJuYCiu6Fnz57Z2s/BwUF169ZV3bp18zkiAACyjwRWAFDaHXRPPP2Sxg/rr/jYGEnSqeOHtXDmp3rm1Xfk4uqmBzr21J4dm63bb+bs4qqUlOTb/tFyO5Vr1FWT1o9Ypyv7N1c3d2uCaV6rEl5fjzz5jBbN+izT87jVsY1Gox7r0V/mlGQt+XZ6jh4Hb19/DRwxQV+897pNNdK8VLpcBfV54Y0cJYeWKV9JtRu2vGUybV4xmkzq1GugmrTpkO/HAgAAAAAAQEYGg0EN72uniA1rrONBu7eu06qf5uvR7s/K29dfDzzWU1MmDs907Ou/MD7YqOVDOhgZod9+XpDjY9/J+GDpchX0wpsf6fOxQ2ymmM9LYf&quot;
08-31-2019 12:58:53 Wire.java DEBUG [Forwarding screenshot on session 7924db1cdca3d9f58beaf776318b9ec1 to remote] http.wire 87 - http-outgoing-3 &lt;&lt; &quot;WaqkvfF+To6GRd5+7ppUat2utAZMQtWuZtDN2eHSxnF1eb9c0f6Kh9u7dpw+qlmjphuJ4fMVHh9ZspvH7GBOmnX3n7tsdp/kBHHTu4J8vn0V7s+dq+FaPRqA7d+ikxIU6/fj87W69dR0cndev3qpKuX8vyfKQb4773tXs8QzVFAPnH2cVVLdt30ftvPK/Rr/RSjbqN5eBgvH1DSWf+PqbNfy5Xp14D5etvnwRWk8lRFavW1KA33tfCmZ+q2f2PyaNIUcVEX7JLPEhLin78qedVq+F9WjTzM0VsWpPp50VIlTA1avmQHSIEAODuRgIrAPy/ymH11PV/L+mrj28MAv65/Af5B5RSp96DVK1WQ4365Bv9MHuyIjb+ruSk6zKaTKrbpLUe6/GcZnw4Sof37bqjGFxc3dRv8DsqV6GKVi6ea516oph/gJ78/wGxqRPfuKNjZMVoNKpTr4EKqVxDC7/+TEcP/CVzSoqCgkPV4sFOCihdTuNe+1+W7Z2cXfRkv8Fq9XBX/bn8R+3c/KdOHNlvnSbDP6C0ylWsonpN2yisXlObgVr/gNJ648PZOhi5XX/8+oMO7tmh0yePpsVlMikwKFjVajZQ7catVLlGnUyPX8w/QF2fflk7N/+p3dvWKz42RiVLl1Orh7uq5UOdc1wt1c3DU8+9Pk7lQ6tp05pfdPJo2tRa7p5eKlmmvIzGnH+E1m7UQs4ubtb4HJ2cVaNOIz3y5DOqElZPBqblAAAAAAAAsBs3D0916jNQR/bvvmm69qmqVK2mqoTX133tOsrHr7h+nDNF+//aJnNKihydnHV/h26q37ytJr37aq6roqWz5/igi6ubnn71HYXWqKOfv/tKJ48ekNFkUnBoDT3YqZfiY69q+gcjs2x/J+ODIZVraPyMJYqM2KQ1yxbo+KF9On/2lCTJ0clZZUMqq1qtBqrbtI2CQ2tkevzylarpoS59tHbFYu3btVXJSddVvlI1tev4lBq1elDOLrZTQxsMBrV9rIeK+hTTbz8vsLYxmkwKCg6Vy01TxGdXydLlVL1OI+3cvNYaf1BwqB7o2EPN2j6aIQYp7XHvPWiEoi+e175dW/TKU+30UOfeatm+i/xLlJLJ0VEpycm6eP6stq9frVRLqh554uksY0h/HqvXaaxfFs3S0QN/SZL1ebwafUlfffKOdf+Cqgxqz9d2dmLrNXCEWj7URetWLtbubet18ugB63u8Sng9NWn1sGo2bG5t4+nlrYHDJ6j1w131+y+LtGPTH7py+YIkKTAoWDUbNFfLh7qodLkKJK8CdlCtVkMNGz9dc6dOzFG152L+Aer/2lg1afOItbp1QStRKkgDR0zUjA9HKebKZQWWDZYkORiNdxST0VRwqSGJCXGFsq87YTAYVL5iNb02boquXL6gjb8t0x/Lf9Cxg3tUsnQ53f9od7Xp8ESmn/UAAODWDAsWLLBUrFjRZmV4eLgsFkuuOvQd+Z0k6dLornccHIDs+ff7Ln0w5Hbv4/T9Ll++nI/R5R9v78wTEu/280L2zflighbPnSIpbaB1xPszVapsiJ2jArg+AbiB6wGQPbxXANzLuAYCd4730b3p+rVETRk/TOtW/STpxhTLOb2RvbBIjI/T/BkfafmP39yyCuij3furx3OvZbk9NiZaH7/1oqrWbKBGrdrLr0SgjEajUpKTdfRApGZOGq0j+3ZLYkwVgH3cK5/bR44cUd++fVWnTh2NHTtWLi4u2W5rsVh0/PBerVw8T4f37tLQ96bJP6BUPkab0cSJEzVu3Dj9+uuvql+/frbaJCcn6auP39GqJfPyNJY2Hbqp70tv2lRSv5U7eewL2sKFC/Xss89q6tSp6ty5c47app/noEGDctwWAPDfltX3rXTp37tiYtJmoN61686K9eVWeHi4JCqwAgAAAAAAAAAAAHbl6u6hPi+O1MNPPq3Nv/+qLWtX6Mj+v6wVbAODglWqbIiq1rp9ElFCfJzmTXtf86a9f8v96jW9XwGly+VJ/ACAvGE2m7Vj4xoFhYSqVNkQHfhru6TcFR8raI6OTuo9aLiCK1XTpQtRedKnr18JNb3/kWwnr95Lihcvrt69e6ty5cr2DgUAgDuSbwms6RUhAQAAAAAAAAAAANxeMf8Ate/aV+279s3X49Rt2kYdnxpgtymyAQCZu3Lpgn75fpYit2+Uo5Ozejz3mnz9S9o7rGxzdnFT60eesHcY9wRPT0/17Zu/3xcAACgIVGAFAAAAAAAAAAAA/gNc3NzVpsOT8vErrrP/nNDpk0dlTkmRJPkHlFblsLpq3Kq9qtdpRDU7ACiEfP1LaNTHc5SYEC9HRyeZHB3tHRIAAEC+MixYsMBSsWJFm5Xh4eGyWO6OMvQAMjIYDJJ02/dx+n6XL1/O95jyg7e3d6br7/bzAnD34/oEIB3XAyB7eK8AuJdxDQTuHO8jAADuHnxuAwAA5K+svm+lS//eFRMTI0natWtXvseUmfDwcEmSg12ODgAAAAAAAAAAAAAAAAAAgHsWCawAAAAAAAAAAAAAAAAAAAAoUCZ7BwDA/nx8fOwdQq5YLJZbbr9bzwvA3Y/rE4B0XA+A7OG9AuBexjUQuHO8jwAAuHvwuQ0AAJC/bvd9q7DJ8wRW35Hf5XWXALLp0uiu9g4BAAAAAAAAAAAAAAAAAIDbogIrcA+72zLus+u/el4A7n5cnwCk43oAZA/vFQD3Mq6BwJ3jfQQAwN2Dz20AAIB7U74lsFIJEig4VD4GAAAAAAAAAAAAAAAAANxNHOwdAAAAAAAAAAAAAAAAAAAAAO4tJLACAAAAAAAAAAAAAAAAAACgQJHACgAAAAAAAAAAAAAAAAAAgAJFAisAAAAAAAAAAAAAAAAAAAAKlMneAQCwH4PBIEm6fPmynSPJHW9v70zX3+3nBeDux/UJQDquB0D28F4BcC/jGgjcOd5HAADcPfjcBgAAyF9Zfd8qrKjACgAAAAAAAAAAAAAAAAAAgAJFAisAAAAAAAAAAAAAAAAAAAAKFAmsAAAAAAAAAAAAAAAAAAAAKFAksAIAAAAAAAAAAAAAAAAAAKBAkcAKAAAAAAAAAAAAAABQCCQnJ+mH2ZP19aR3lZx03d7hAAAA5CuTvQMAAAAAAAAAAAAAAADIS4kJ8UpJTsr2/g5Go9zcPWUwGKztHR2dZHJ0zK8QM0hOTtJ3Mz7W4rlT1LTNI0pNTS2wY+el69cSlZx0Xe4eRWRwuHvqqpnNZiXGx8pisVjXGQwGubp7ymg02i0ui8Wi2NhYGY1Gubu72y0OAADyg10SWC9duqTu3btrxYoV2dr/nXfe0ciRI/M5KgAAAAAAAAAAAAAAcDdLTk7SknnT9P2sz3NUwdTRyVlvfTJXlarXUmTERr3/xvMKCg7VC29+qGL+ATmK4ciRI+rbt6/q1KmjsWPHysXFJVvtTCZHVQmvJ4NBunjuTI6OmZcmTpyocePG6ddff1X9+vWz3c5sNmvZgq80d+pESdJLoz5WwxYP5leYunz5svr16ydJmjZtmnx8fHLdV9zVK5r07mBFbFyTYVvzBzrqmVffkYurW677z+1rQpJ+/PFHvfTSS6pUqZKmTJmi4ODgXMcBAEBhQwXWQmj06NF68803rcvr169X48aN7RgRYOv8+fOKiopSbKzt3Wc5YTAY5OnpqRIlSsjf3z+PI7S1ZtlCTR43NMftBgwbr5YPdc6HiArOvl1b9ObAJ7Pc/l84RwAAAAAAAAAAACDdmp8XaOHMT9Wx5wC1at9Fzi6ut22TkpKs+NirCgwKVkJcrNYsW6j42Bjt27VFn77zSq6SWHPDYDCoVsP7dOXyBZsE1gtRpzXjw1GKuXIpx32ajCZ16j1I4fWb5WWomToYuV3fz54sc0qKJOnX72erclhdFfXxy/dj36nD+3frQGSEhr43TaHVa1vX7925RZPefVVN2jysmvWb2yW2o0ePKi4uThEREfrnn3+sCaxJSUnat2+fIiIidODAAUlS+fLl1aBBA1WvXl0mU8aUoIsXL2revHlq27atKlWqVKDnAQBAZkhgBZAjx44d05kzd363n8Vi0dWrV3X16lXFxcWpfPnyeRAdAAAAAAAAAA&quot;
08-31-2019 12:58:53 Wire.java DEBUG [Forwarding screenshot on session 7924db1cdca3d9f58beaf776318b9ec1 to remote] http.wire 87 - http-outgoing-3 &lt;&lt; &quot;AAgHtVfNxVbV27Um0efkKdeg/K0bTv3r7+iozYqMsXotTnhZFKTU3VhtVLtW/XFn077QP1f22MHJ2c8zH6rF2/lqi/jx3UhajTuWp/+eK5PI4oo5TkZK1duUTxsTHWdft2bdXGNb+o3eNPyWAw5HsM2WVJTVV83FVrsaaUlGRtWP2zQirXUFBwqM2+ZYIrqWyFKtqw+meVDaksk8lRkuRgNMrN3bNAzqtDhw5aunSpatWqpbp16+ry5ctatGiRZsyYoSNHjsjDw0PVq1dXcnKyvvzyS0lSlSpV1LdvX3Xs2FEeHh46deqUFi5cqKlTpyo6OloBAQEksAIACoVCkcAaFham7777jg9HoJA7f/68NXm1fPny8vf3z9EffTczm806f/68NSHWw8Mj3yuxAgAAAAAAAAAAAPjvSjWblRAfp/Kh1XP8O2ZkxEZNnTBc1xITlZKSov+9NEqStGH1UpUILCMHY/6nVyQnXdfcqRO1de0qxcdd1YTh/fXMK+/k+3HzQmJCnE4eOZBh/dL5M1SjTmOVKhtih6gyd/rvYxozuE+mCcEDOmdeqfZgZIT++PV767JfiUCNeH9mgZxXsWLF5O/vr8DAQG3btk1DhgzRpUuX1LVrV3399deqWLGitdpqSkqKDh06pFmzZumtt97S4MGDrf2ULl1avXv31tq1a/M9ZgAAsqtQJLBm1/79+/XkvJ1RQgAAIABJREFUk09q9+7dkqSgoCDNmjVLzZvfKNP+559/qlevXjp58qSktDtRpk6dquLFi2vDhg1q0qSJdd/Zs2erTJkymjlzpv744w+dPHlSNWvWVK9evfT000/L3d09QwypqanasmWL5s+fr3Xr1mnnzp2SpAYNGqh169bq1q2bQkNDbe6ySUxM1Msvv6ypU6dKktq2bas5c+bo9OnT+uSTT7RkyRJ17txZzz33nHr16mU9v3Q3x/zss8/qo48+kqvr7ac5APJaVFSUpLTk1YCAO5siw2g0Wvs4duyYoqKi8i2BteVDndXyoc4269YsW6jJ44ZalwcMG59hn/+CKuH1tWj9MevynC8maPHcKXaMCAAAAAAAAAAAAChcIiM26utP39UTz7yqlYvnadr7b0iS/vfSKNWo01iNW7XPdWGfnHAwmtS0TQfVathCUtpvql7evpKkgSMmymw256rf0uUq5FmMWTEYDJk+RuUrVrOeQ2HhH1BKL4z8UMt/nKPjB/eo27ND5Obhedt2CXGxmjd1ouo0aa26TVrLP6BUAURr6/z58/Lz89OCBQtUtmzZDNtNJpOqVKmi8ePHa/Dgwdq+fbsuXbqkqlWrqnLlykpISMiQkwIAgD3dVQmsoaGheu2119S/f3/Fxsbq5MmT+uijjxQaGqrixYsrKipKEydOtCav1q9fX+PGjVPx4sUz7W/o0KE6e/aszbqdO3dq586d2rBhgyZNmmTT9vLlyxo5cqQmT56coa/Nmzdr8+bN+uSTT/TGG2/oxRdflLNz5tMHJCQk6KOPPtKkSZMUGxub24cDKHDpr9e8TDT19/fXsWPH7or3wvVrCdr8x3KtW/WTDu/brfjYGDk6OSukcg01vK+dmt7fQZ5e3jZt/jlxxObuvUe791fnPgO1dsViLf9hjk4ePaCiPn56qEsfPdjpKTm7uCk5OUlb/lyhn76drmMH96ioj5/uf7SbHu76P7m6e+T7eSYnJyly+0b99vN3Ohi5Q1cuX5DRZFJQcKgat2qvlg91znCe+3Zt0ZsDn7QuDxg2Xo1bPaRVS+Zr5eK5OnPquN757FtVCa+frX2HTZiun7/7SpERmyRJpcqGaPjEL+UfUNrazmw2a84X72np/LRpMFzd3PXGB7NUqXqt/Hx4AAAAAAAAAAAA8B+Snrz6WM/n9Psvi7Rv1xZJ0rT335Crm7tate9SYLEYjUYFh1bPdFvVmg0KLI7ccHX3VPlK1XQgMsK6rt3jT6lbv8EF8htnTjg5u6hyWF1FbPxd58+cUtWa9TP8/pmZ2JhouXt6qVTZEFUOq1sAkWbO1dVVRYoUue1+fn5+ateunc26hISE/AoLAIBcKRQJrLt371ZoaGim28LCwvTdd9+pUqVKMhgM6tKli06dOqXXX39dkrRkyRJVrVpVQ4cO1ZgxY7Rs2TJJkqenp1544YUs+5WUIXn1ZgsXLlTjxo31wgsvyGAw6Pr16xo7dmymyas3i42N1dChQ1WyZEl1797dphJrunXr1mndunW37AcojFJSUqz/z+3dfZnJy77yy5H9f+nzsUN06vhhm/XJSde1f/c27d+9TT9884UGjfxANeo0zvS9L0mH9u7UqBe668i+G3e1Xbl8QXOnTNA/J46o7WPd9c3k97R/9zab7Qu++kQXok7r6VfelrNL/lVgPn/2lL5473Vr4mg6c0qKjh3co2MH9+i3pd9p0MgPVKFKeJb9HDu4RyuXzLM5z5zs6+Lqrmq1Glnj+OfEER3eu8smgTUm+qL27dpqXa5Rt4mCQrK+5gMAAAAAAAAAAAA3+3fy6u6tN37Hb/tYD2sl1IJiNpv16/eztHDmJLm6uumpgcPVsMWDWf72WJgYjUbVbHifViyeK3NKisoEV1KH7s8WuuTVrKQkJ+taYrzcPYoo1WJRYnysXN095WAwKD7uqlxcM87gCwAA7pyDvQPIKZPJpIEDB+qZZ56xrps0aZJ69+6tWbNmWdeNGDFCXbp0ueUXuddff11nz55Vamqq4uLiNGbMGJvt69ev19WrVyWlJdnOmzfPui0sLExr166V2WxWQkKCpk2bJk/PGyXlZ8yYoVOnTmV63Pr162vt2rVKSEiQxWKRxWLRlClTFBYWpl27dumdd97JEMfN+7m65l/yGnArqampSk1NldlsztN/6f0WVlGn/840efXfrly+oCnjh91yv327tmSZ1Pnn8h80/NnHbZJXb7b5j1/197GD2Q88h6IvnddnY17LkLz6b2dOHde8qRMVE30py32W//BNtpJXs9rXYDCoTpNW8il2owr29g2/6fq1ROvy8UP7dPRApHW5UYsH5eLqlq1jAgAAAAAAAAAA4N52q+TVBzv3Vrd+gwv8t6eEuKv658QR9X1xpKrUrK9fFn6t+NgYJcbHae/Ozfpr+4Zc/Yu+dL5A4g+uVF3BoTUkSX8fPaita1fKYrEUyLHv1NqVizWk78M6/fcxHYzcrt4P1tLByO06/fcxDen7sA7t3WHvEAEA+E8qFBVYc8rd3V0vv/yy/vrrL23ZskWxsbH68ccfrdsHDBiggQMHymS69elVq1ZNJUqUsPbZu3dvrVq1Sn/88Yck6fDhw4qKipKXl5c2bNhgU7H1qaeeUpMmTWQwGOTq6qoePXooIiJCU6dOlST9+eefOnHihMqUKZPhuEWLFlWVKlVIRMVdJ71S6s2VWPOy38LIYrFow+qlNkmpdZu20f9efkvF/AN0+eI5zfpsrDasXipJuhB1Wit/nKPeL4yUydExQ39hdZuo5/PDFFS+kpKTk7Tgq0+0eO7UTLcnJV3TzE/f1eqf5kuSEhPider44VtWPr0TW9eutE6JYjSZ1Ln3ID3YqbfcPDx19cplfT3pXa1dsViSFBmxSUf2/6XajTK/6/TR7v3V7vGn5FPMXwaHW98rkdW+yclJCq/fTGuWLZQk7d25RVGnTyooOFQpycnatn6Vdd/g0OqqHF7vjs4fAAAAAAAAAAAA94bIiI365O2XVbtxS/22dL5NgRd7Ja9KkqeXt/q/NlaJ8XHavW29XN085OBg1KULUfpszBBdiDqdq34HDBuvlg91zuNoMypS1EfN2z6qQ3vSkj2Xzp+harUaqkz5ivl+bAAAcHcqFBVYw8LCdODAAWuV0Zv/7dq1S5UqVcrQpnLlyho/fryCgoJs1j/00EMaOXKk3N1zXr7d29vb5ljHjh1TdHS0JCkuLs5m3+rVq9tUd3V1dVVgYKDNPllVYAXuVvdiBdaE+FhrUqckubq569Fuz6qYf4AkyadYcXXuPUh+JW68/w/v3634uKuZ9leuYjWVDaksg4ODnJxdVKvhfVlud3ZxU+NW7fPhrDJKTIjXrpvuKq0SVlcPdOwpN4+0ytJFiv&quot;
08-31-2019 12:58:53 Wire.java DEBUG [Forwarding screenshot on session 7924db1cdca3d9f58beaf776318b9ec1 to remote] http.wire 87 - http-outgoing-3 &lt;&lt; &quot;ro4a7/k5e3r3Wfk0f2Z9lfyTLl5Otf4rbJq7fa19HRSTUb3Hh8Ll88pz070gYPLp4/q307bzwv9ZreL29f/9seCwAAAAAAAAAAAPe2yIiNmjpxhOo1u1+b/1heaJJX0506flhjX/ufLkSdVp8XR1p/r7tbNLivnarXbigprfjPjA9HFVgFWAAAcPe5Kyuw3srFixcVHR1trayaExaLxaYSZIkSJeTmxnTUQLr0JNO8TjYtrMmrkpRqNish/kYCe/HAIPmVKGmzj5e3r4r6+FnveLx65bJiY6Jtkj1zy2g03nEf2ZGSnKQrly5YlyMjNqn3g7Vu2ebmxyW/VKpeS8Gh1XX0QKQkafv61Wre9jHt27VFZ04dl5SWRFynSSubmwoAAAAAAAAAAACAfztz6ri+mfyenh0yRtVqNVTV8Hqa9sGbio+NsSavGo1Gmc3mAvud7mZXLl/Q9A9GqmLVmmrToZu2b1gtFzd3Obu4qkz5SvLyKZbjPk1Gk3yKFc+HaDPn5e2rJ/sN1rHBfRUfG6N9u7bom8nv6ZlX3pGru4fNvinJyUpOTpKrW84LlCEtxyU6Olq7d+/W3r17ZTab5eHhoaZNmyokJEQO2Sg2BACAvd21CawnTpzQiBEjdPLkSZv1W7Zs0bBhwzR16lQVL56zL2Hnzp1TZGSkddnPz09eXl6SJA8P2y9SkZGRat26tTVh6vr167p48aLNPqVLl87R8QEAtrx9/VWv6f3WBNYj+//S4f27FbFxjXWf8PrNVLJMeXuFCAAAAAAAAAAAgLtEqtksi8WivTu3KDAoWFVrNVBIaHUFlg1Rt36DlZgQp49Gvagnnn5JVcLrF3h8Z/4+pn27tmrfrq1aMm+a/EoEKrxeM5UqG6JhE2YUeDy5VaFKuAYOn6DPxr6m+NgYrV2xWNEXz6nfkDEKKFVWknQtMUHTP3hTG9csU+feg/RQl95ydqHAWHYkJiZq9erV+vHHH7VixYpM92nYsKH69euntm3bysXFRUlJSdqxY4e+/PJLrVmzRt27dy/gqAEAyNxdmcAaHx+viRMnasOGDZKkoKAghYWF6aeffpIkLVmyRIGBgZowYYLc3bO+Uyc5OVkWi0WSdPLkSb377rvasuXGlNR16tSxVnJt3LixAgICdPbsWUnS7NmzVbduXTVu3FgpKSmaP3++Zs6caW3bvHlzlS1bNlfnZzLZPi3bt29XnTp15OzsnKv+AOSeg9Eot5vuBDx3+qQuRJ2Rj9+NKs/xcbGKj42xLhcp6iNPL+8CjTM7rl9L0IWof2zWubqlndu/zzM4tLqGvjetQO/GzIzBYFCthvfpl0VfKyb6khIT4jV/+oeKvpg2zYjRZFLDlg/K0dHJrnECAAAAAAAAAADg7hB39YpWLZknb19/7di0xpq86uLqpmMHI7Vv15bbd5JPKlatpZnLIqzLBoNBru6edosntwwGg+o0aa2+L47UlAkjlJx0XZERm/TKU+3UufcgtWzfWUvnf6k/l/8gSZo37X2t+WWhej0/XLUatbRL9du7yaZNm7Rp0ya1bdtWc+fOVf369eXt7S2DwWCTqNqnT58MbRs2bKj58+erefPmdogcAICMCkW98N27dys0NFQGgyHTf6NHj7bum5KSos8++0yTJ0+2rnv33Xc1Z84cDRgwwLrum2++0ZIlS6wJqpnp06ePHBwc5ODgoHLlyumrr76ybgsKClLPnj2tSaNhYWHq1q2bTczNmjWT0WiUs7OzevfurdjYWOv2p59+OtcVWMuXt60k+NJLL8nFxUUGg0H9+/dXYmJirvoFkHNu7p42d1cmJsRr8bypung+LZn96pXLWvDVx9bp7CWpQuUwuXsUKfBYb/bn8h/0w+zJSohLuy5dS0zQbz8v1OY/l1v3cXVzV7HiAZIynufRA5Ga8cEoHTu0RynJyZLSpqCIu3pFu7et14Rh/fX7L4sK5FwCSpdTaI06NrFdvnhOklQlrK4qVA4rkDgAAAAAAAAAAABwd0hMiMt0vcnkqMCgYPkFlNLvvy5S6XKVrMmrhYHBwcE6C2w6B4NBltRUxV29otiY6Fz9S/+9r0DPxWBQs7aP6ZW3P5W7Z9rMt8lJ1zVv2vt6+pH6WjJvms3+Uf+c1IejXtCRfbsLPNa7ia+vr/r06aPNmzdr3rx5ateunXx8fKyvGycnJzVo0EDTpk3T5s2bNWbMGI0aNUqffvqptm7dqqVLl+r++++ngBoAoNC4qyqwWiwWLViwQGPGjLGuGzBggB577DG5u7tr4MCBioiI0JYtWxQbG6vhw4crMDAwx3eO+Pj46L333lPt2rWt65ydnTV8+HAlJibaJM/+m6enp0aOHKknnngiwxfL7GrSpIlatGih33//PVftAeQdg8Ggxq0f1vrVP+nU8cOSpG3rVmnbulWZ7u9XIlD3P9ZDJkfHggwzA7PZrHnT3te8ae9nuU+dxq1UpnwlSWnn2bJ9Z+3ett56V+nWdSu1dd3KrNs3aZW3QWfBxdVNjVo8qC1/Zpz+osF97eRRpGiBxAEAAAAAAAAAAIDCzcnZRSUCy2jvji1q0a6T3Dxsq5eWKBWkNz74OtO2FotFJ44cUKmyISpWvGRBhJvB2VPHNWZwH12IOi1JqlAlXMMnfqmY6Es263NqwLDxavlQ57wMNVsMBoPqNm2jUR9/o2kfjLxtcmrxkqXlXcyvgKKzVbZCZT3Qsae8vH3l5Oysbv0Gq1jxkjI5OqlNh24q6mOfuP6tZcuWatmy5W33MxgMqlixoipWrFgAUQEAkHt3VQLr2rVrNXz4cGul0xYtWmj48OFyd3eXJFWuXFnDhg1Tz549FRsbq5MnT2ro0KGaOXOmKleunKG/iRMnKiUlRQsWLNDOnTsVFBSkjh076plnnrFWhL2Zj4+PJk2apB49emj+/PlasWKFDh48KElq0KCBWrdurW7dumXaNicCAwM1a9YsTZs2TcuWLdPOnTslSZUqVVJgYCDl8oECViKwjJ4fPlGfjx1iTWLNTFEfPw0YNl5lyhf+PwKq126oJ/u9KmcXV+s6b19/DRwxQV+897oiIzbZMbqMKofVVdkKVXTi8D7rupKlyymsXjM7RgUAAAAAAAAAAIDCxNnFVS3bd9H7bzyv0a/0Uo26jeXgkL3f18/8fUyb/1yuTr0GytffPgmsJpOjKlatqUFvvK+FMz9Vs/sfk0eRooqJvmSXePJK+UrV9Panc7VqyXz9/N2X1tkub2Y0mdT64Sfs9tiXr1hN5StWkyR5enmr41M3ZgDu2PM5SVJsTLRdYgMA4L/MLgmsvr6+Wr58+e13/JfmzZvrxIkTt9ynQ4cOunr1arb6CwgIUPfu3fX6669nOwYHBwc1bNhQDRs2zHYbV1dXTZkyRVOmTMl2m9KlS2v06NEaPXp0ttsAyD8hlWvovek/avMfy7V25RLt27VVyUnX5ejkrJDKNdTwvnZqen8HeXp52ztUSZKXt6+CQ6sr6vTfio+NkSS5e3qpQpUwPdCxp8LqNZWjo1OGdv4BpfXGh7N1MHK7/vj1Bx3cs0OnTx6VlPZHY2BQsKrVbKDajVupco06BXc+Pn6qElbXJoG1duOW8isRWGAxAAAAAAAAAAAAoPCrVquhho2frrlTJ+r7WZ9nu10x/wD1f22smrR5xG5FpUqUCtLAERM148NRirlyWYFlgyVJDkbjHcVkNNm/tpmzi5vad+2rdp166WDkdv3+6/faunaVkq5fU+1GLdTxqQEqV6HqHRULyynvYn5KTk5SctL1bO0fHxdr/e0VAADkDft/SwEAO2j5UOccT5Ph7OKm5g90VPMHOma7TamyIfpi0bost1cJr69F64/lentWajdqqdqNbj91RGaMRqOqhNdXlfD62W6Tkzhzc07JSdd16UKUddnVzV0NmrejIjUAAAAAAAAAAABsGAwGhdaoo9Gff2fvUHLF5Oikth17yLDYQVMnjNDQ96apZOly+uy7P+wdWp64+bfI54fZN5YKVcK14KtP1e+xRtlu41ciUBWr1szHqAAAuLeQwAoAKPQO79ulv7atty7XqNtEQSGhdowIAAAAAAAAAAAAyFtms1k7Nq5RUE&quot;
08-31-2019 12:58:53 Wire.java DEBUG [Forwarding screenshot on session 7924db1cdca3d9f58beaf776318b9ec1 to remote] http.wire 87 - http-outgoing-3 &lt;&lt; &quot;ioSpUN0YG/tkuy2Dus/6wKVcI16pNvtGPj7zKbzbfd32g0qk7jVipVNqQAorvB3d1dXbp0UfHixQv0uAAAFAQSWAEAhVpycpLWrVyixIR467pGLR6Ui6ubHaMCAAAAAAAAAAAA8taVSxf0y/ezFLl9oxydnNXjudfk61/S3mH9ZxkMBpWvWE3lK1azdyi35OzsrC5dutg7DAAA8sU9lcDauHFjWSzcnQTkloODg1JTU2U2m/Ns6vb0O9kcHBzypD/895z5+5h2bVlrXQ4Ora7K4fXsGBEAAAAAAAAAAACQ93z9S2jUx3OUmBAvR0cnmRwd7R0SAABAvrqnElgB3BkPDw9dvXpVFy9ezLPpCS5evGjtG8hMUHCopi3eZO8wAAAAAAAAAAAAgGwJCQnR2rVrb79jFlzd3PMwmpwbMmSIhgwZYtcYssPHx0eLFi2ydxjZcqevCQAA/qsoeQgg2/z8/CRJx48f17lz56zVU3PDbDbr3LlzOn78uE3fAAAAAAAAAAAAAAAAAID/PiqwAsg2X19fJSQk6OzZszp+/Lg1+fROBQQEyNfXN0/6AgAAAAAAAAAAAAAAAAAUfiSwAsg2k8mkUqVKyc3NTRcuXFBcXJxSU1Nz1ZeDg4M8PDzk5+cnHx8fmUxcjgAAAAAAAAAAAAAAAADgXkHGGIBsc3NzU0xMjLy9veXt7Z3nfQMAAAAAAAAAAAAAAAAA7g0O9g4AwN3DZDLJy8tLTk5OMhgMd9yfwWCQk5OTvLy8qMAKAAAAAAAAAAAAAAAAAPeQfMsY8x35XX51DcCOTCaTihQpYu8wAAAAAAAAAAAAAAAAAAB3MSqwAgAAAAAAAAAAAAAAAAAAoEDleQXWS6O75nWXAAAAAAAAAAAAAAAAAAAA+A+hAisAAAAAAAAAAAAAAAAAAAAKFAmsAAAAAAAAAAAAAAAAAAAAKFAksAIAAAAAAAAAAAAAAAAAAKBAmfK6Q9+R3+V1lwCy6dLorvYOAQAAAAAAAAAAAAAAAACA26ICKwAAAAAAAAAAAAAAAAAAAApUnldgTUclSKDg3GnlYx8fnzyKpGBZLJZbbr9bzwvA3Y/rE4B0XA+A7OG9AuBexjUQuHO8jwAAuHvwuQ0AAJC/bvd9q7ChAisAAAAAAAAAAAAAAAAAAAAKVL5VYAVQ+N1tGffZ9V89LwB3P65PANJxPQCyh/cKgHsZ10DgzvE+AgDg7sHnNgAAwL2JCqwAAAAAAAAAAAAAAAAAAAAoUCSwAgAAAAAAAAAAAAAAAAAAoECRwAoAAAAAAAAAAAAAAAAAAIACRQIrAAAAAAAAAAAAAAAAAAAAChQJrAAAAAAAAAAAAAAAAAAAAChQJnsHAMB+DAaDJOny5ct2jiR3vL29M11/t58XgLsf1ycA6bgeANnDewXAvYxrIHDneB8BAHD34HMbAAAgf2X1fauwogIrAAAAAAAAAAAAAAAAAAAAChQJrAAAAAAAAAAAAAAAAAAAAChQ91QCa2Jiovr37y+DwSCDwaAHHnhAly5dsndYAAAAAAAAAAAAAAAAAAAA9xS7JrCmpqZqz549GjlypJo1a6YiRYrIYDCoSJEiatasmZ5//nktW7ZM0dHR9gyzwM2dO9eaZJuTf3PnzrV36AAAAAAAAAAAAAAAAAAAALdltwTWCxcu6JlnnlH16tX17rvvat26dYqNjZUkxcbGat26dZo8ebLat2+voKAgbd682V6hopA5ePCgwsPDrYm7/fv3V2Jior3DAgAAAAAAAAAAAADgjiQnJ+mH2ZP19aR3lZx03d7hAAAA5CuTPQ564cIFPfvss/rxx/9j776jojjbNoBfwy69qCAIsYAIUlQQLIhdo2hEgxpLrLHEHo0xmhgTjIkt1rya2I1dsWOBWEHsoqIiBsWCIhYEqUuRhWW/P/gcXQGlL+r1O8dznJmn3DPsLsvuPffjW6j2MpkMCoWijKMiIiIiIiIiIiIiIiIiIiKiD0FGehqys+SFbq8hkUBP3xCCIIj9NTW1INXULKsQ88jKkmPH2v9h39aVaNXxc+Tk5JTb3KUp80UGsuSZ0DcwgqCh1oWBi0ShUCAjTQalUinuEwQBuvqGkEgkaotLqVRCJpNBIpFAX19fbXEQERGVBbUksB49elQlebVfv36YMWMGrK2tIZVKIZfL8fDhQ/j4+OCff/5BVFSUOsJUmwEDBmDAgAEq+7Zu3YqBAweK21u2bMnThoiIiOh98OjBXcyePBRxMY8BAN0HjMbAMT+oOSoiIiIiIiIiIiIi+hBkZcmxf9tq7Nm4rEgVTDW1tDFjyVbYNXBFWMg5LPxlHCzr2GPC9MWoamZRpBju3r2LYcOGoXHjxpgzZw50dHQK1U8q1YRjw6YQBOD5sydFmrM0LViwAHPnzsWhQ4fg5uZW6H4KhQL+O9dh66oFAICJv/4P7u26lFWYSEhIwMiRIwEAq1evhrGxcbHHSk1Jwl+zJiPkXGCeY20698SI73+Hjq5esccv7mMCAHx9fTFx4kTY2dlh5cqVqFOnTrHjICIiqmjUksAaGRmpsj1o0CDUrVtX3NbS0oKNjQ28vb0xevRozJ8/X6W9TCbDoUOHcPLkSYSFheHatWuQyWQAABcXFzg7O6N///5o3bo1tLW1ixxfWloaDh48CF9fXwQHByMqKgrGxsZo3rw5+vXrBy8vr3zvaomPj8eePXvg7++P0NBQMfG2WbNmaNeuHTw8PODm5gZdXd0ix1QUmZmZCAwMxIkTJ3D58mWEhoYiISEBAGBnZwcXFxd4eXmhW7duec7j7NmzaNmypbi9ZcsWdO/eHZs2bcLGjRsRHByMM2fOoEWLFgBy7/S5desW1qxZg7179yIqKgouLi7o2bMnrKysMGjQIJWx3ky6zczMxKlTp7Bt2zacP38eERERMDQ0RNOmTdG9e3f069cPJiYmYvuZM2di+vTpKmOsWrUKq1atErdfj+/18UNDQ3H16lXxOri7u6NTp05o3749zMzMin29P0axsbGIiYmBTKZ691lRCIIAQ0NDmJubl/n1D/TfheVzfyxyv7E/zUN7z95lEFH5kCUnYs6U4bgTfq3ANmYWNVHftRnadekF+waN3qs7IImIiIiIiIiIiIiIiIjeFOi3E7vWL0XPQWPxadc+0NZ59/fz2dlZSJOloLplHaSnyhDovwtpsmSEXwvG0t8nFSuJtTgEQYCre1skJcSpJLDGxTzG2sW/IjkpvshjSiVS9BoyHg3dWpdmqPmKCLuMPZuWQ5GdDQA4tGcTHJyboLKxaZnPXVJ3bobiVlgIfvxjNewbNBL3/3c1GH/N+h4tO3aDi1sbtcR27949pKamIiQkBI8ePRITWOVyOcLDwxESEoJbt24BAKytrdGsWTM0aNAAUmnelKDnz59j27Zt6NSpE+zs7Mr1PIiIiPKjlgTWN71MUG3WrBkqV64sluQHAFOk17cOAAAgAElEQVRTUyxYsECl/ZMnTzBnzhyEhobmGevq1au4evUqNmzYgLFjx2L+/PlFKqF+5coVTJgwAWfPnlXZn5CQAD8/P/j5+cHT0xPLli2DpaWlePzUqVMYOXIkIiIi8ox54cIFXLhwAXPnzlVJriwrqampWLJkCY4cOZLnWEREBCIiIrB9+3Z4eXlh1apVqFatWoFjhYWFYdOmTTh69GieY0qlEj4+Phg9erSYQAy8+hm8S1RUFL777juVarxAboJyQEAAAgICsGXLFixbtgyNGjUqYJSCPXv2DOPHj8euXbvyHHt5HTZs2IDff/8d3t7eRR7/YxUZGYknT0p+t59SqURKSgpSUlKQmpoKa2vrUoiOiir2aTQC/aMR6L8LXXoPQf+Rk0t05+BLb1ZXbNXxc4z+cW6hPiAgIiIiIiIiIiIiIiIiKo601BRcPHUUHbt9iV5Dxhdp2fcqJmYICzmHhLgYDJ3gjZycHJw9fhDh14Lhs3oRRv8wG5paRS+gVRoyX2TgYWSE+N1bUSU8f1bKEeWVnZWFU0f3I02WLO4Lv3YR5wL/xWdfDFbJA1E3ZU4O0lJTxGJN2dlZOHvcDzYOTrCsY6/StlYdO1jZOuLscT9Y2ThAKtUEAGhIJN&quot;
08-31-2019 12:58:53 Wire.java DEBUG [Forwarding screenshot on session 7924db1cdca3d9f58beaf776318b9ec1 to remote] http.wire 87 - http-outgoing-3 &lt;&lt; &quot;DTNyyX8/Ly8sLBgwfh6uqKJk2aICEhAbt378batWtx9+5dGBgYoEGDBsjKysI///wDAHB0dMSwYcPQs2dPGBgYIDo6Grt27cKqVauQmJgICwsLJrASEVGFoJYE1nr16qlsBwUFISgoCABgaWkJNzc3dO3aFW3btkWNGjWK/Qt/+fLlaN68eZ6qnwW5efMmxo4di+Dg4Le28/f3R+3atTF//nzo6uriwYMHmDZtWr7JqxXZ/v370bhxY/z8888FXuN58+YV2P/cuXOYNm2aSvJqYT179gzffvst9u/f/9Z2wcHBmD17NlatWgVT08LflZWZmYkFCxbkm7xKxRcbGysmr1pbW8PMzKxIf/S9TqFQIDY2VkyINTAwYCVcNft31wZUMTFD9wGjKtQfkERERERERERERERERESFkaNQID0tFdb2DYr8PWZYyDmsmj8NLzIykJ2djeETfwUAnD1+EObVa0FDUvbpFVnyTGxdtQAXTx1DWmoK5k8bjRGTfi/zeUtDRnoqou7eyrP/4Pa1cGrcAjWsbNQQVf4eP4xUKcbzurG9869UGxEWgqBDe8RtU/Pq+Hnh+nI5r6pVq8LMzAzVq1fHpUuXMGXKFMTHx6Nv377YsGED6tatK1Zbzc7Oxu3bt7Fx40bMmDEDkydPFsepWbMmhgwZglOnTpV5zERERIWllgTWTp06YezYsVi+fHmeY1FRUYiKisLOnTsBAIMHD8Zvv/0GKysrlXbOzs6YOnUqOnbsCGNjYwiCgIyMDBw7dgwTJkxAVFQUAOC///6DQqF455tThUIBHx8fMXnV0tISs2bNwhdffAEdHR1ERUVh4sSJYsLlkSNHMGLECDg5OeH69esqFVtXrlyJ4cOHQyqVIicnB/Hx8bh48SI2btxY/ItWRBYWFli1ahW6du0Kc3NzaGhoQC6X4/Lly5g0aZJ4nrdv30ZqaioMDQ3zHef333/H8OHDxTFeysjIwObNm8XrDAA9evTA3LlzYWtri5ycHGzYsAEjRozId1w/Pz/xWhoaGmL69OkYOXIkjIyMEB8fD29vb6xYsQIA4OvrizFjxqBjx47w9vZGnz590LdvX7EC76hRo/Dnn39CV/dVZceoqCicP39e3B48eDAWL14MExMTALlVasPDw7F//36V86K3i4mJAZCbvGphUbIlMiQSiThGZGQkYmJiyiyBtb1nb7T37K2yL9B/F5bP/VHcHvvTvDxtPjSv/xGlVCoRHxeDvZuW4+i+rWKbC0GH0KZzDxhXLbgyMxEREREREREREREREdGHJCzkHDYsnYUvR3yPo/u2YfXCXwAAwyf+CqfGLdDi067FLuxTFBoSKVp19IKrezsAud+pVqqS+x33Nz8vgEKhKNa4NWvbllqMBREEId9rZF23vngOFYWZRQ1M8F6Mw75bcD/iBvqPmgI9g/xzJl6XnirDtlUL0LhlBzRp2QFmFjXKIVpVsbGxMDU1xc6dO/Pk0QCAVCqFo6Mj5s2bh8mTJ+Py5cuIj49HvXr14ODggPT09HxXOyYiIlIXtSSw6uvrY/78+bCxscGsWbOQkJBQYNtNmzYhIiIC69evh4ODAwDAzs4OGzZswKNHj3DkyBGcPXsWd+/eRVxcXJ6l6xMSEiCXy1WSG/Pz7NkznD59Wtz28vJC7969oa2duwSAlZUVxo0bJyZd3rlzBw8ePICTkxMqV66sMta0adNw9uxZtGnTBvb29rC3t0eXLl3g6elZ+ItUAiYmJli/fj1iY2Nx4cIFnDlzBqGhoUhJScGFCxdU2sbGxkIulxc4lrW1NT755JM8+2NjYxEWFiZuOzg4YMaMGWKJeQ0NjQKvuUwmw8mTJ8XtDh06YPjw4TAyMhLjHz16NI4fP447d+4AAG7cuIGOHTsW8goAenp60NN7tQz6pk2b8PjxY3h4eMDFxQW2trZwdXVF06ZNCz0mQay2W5qJpmZmZoiMjCxWJd/ylvkiHReCDuP0sQO4Ex6KNFkyNLW0YePgBPe2n6GVhxcMK1VR6fPowV2Vu/e6DxiN3kO/wakj+3B47xZE3buFysam8OwzFF16DYa2jh6ysuQIPnkEB3zWIDLiBiobm8Kje3906zscuvoGpXIugiCgqpkFeg35BvduXce9W7nP55SkBKSnylQSWLOy5Ai7fA4BfjsQEXYFSQlxkEilsKxjjxafdkV7z94q571lxXzs27pSZb7Txw7g9LED4vbvf/vAsaFboa5t+y690fzTLtDW0QPRhyz26SMcP+CDQP/dSEqIQ2VjUzRp2QH1XJthy/I/8Dz2KYDc15GBY35Q6atUKhF9/w4C/Xfi6oWTeBx1DwBgZlET9V2boV2XXrBv0AhCPjdtlKRvVpYcoRdPw2/HOty8fgkAUMfeCR27fYnb4ddwbP82AMW/Czn26SMEHdqDy2cDEHXvFhTZ2ahsbIp6Lm7o3HNQgXERERERERERERERERXWy+TVHoPG4MS/uxF+LbcY1OqFv0BXTx+fdu1TbrFIJBLUsW+Q77F6Ls3KLY7i0NU3hLVdfdwKCxH3ffbFYPQfObnUvuMsLVraOnBwboKQcycQ+yQa9Vzc8nzPmx9ZciL0DSuhhpUNHJyblEOk+dPV1RXzK97G1NQUn332mcq+9PT0sgqLiIioWNSSwArkJrF+9913GDlyJC5duoSgoCCcOXMGFy9ezJPIFhwcjD179ohL3cfFxWHq1KlYt25dqcUjk8mQmJgobi9duhRLly59Zx8gN3mzR48e8PX1BZCbNLt582Zs3rxZbNuqVSvMmDED7dq1K/OludPS0vDHH39gyZIlZZYU+OLFC6SlpYnb9erVg6WlZaH6yuVyxMbGitu+vr7itStIampqkeIzNjaGh4cHjh8/Lu4LCAhAQECAuG1paSk+Bt+V4Ey5srOzxf8X9+6+/JTmWGXl7s3rWDZnCqLv31HZnyXPxM3QS7gZegl7N6/AeO9FcGrcosDn+e3/ruLXCQNwN/zVXW1JCXHYunI+Hj24i049BmDz8j9wM/SSyvGd65YgLuYxvp70G7R1Su/xqm9gCPPqlmIC65tin0ZjxR9TERZyXmW/IjsbkRE3EBlxAwEHd2C89yLYOjYsVgyFubYBfjswYfpimFnULNYcRBVdWMg5LPxlHNJkyeK+pIQ4HDvgg2MHfN7aV575Ars3/IX9PmugeO11Gsh9Dgf6RyPQfxfaefbCsAnTVT4kKknfFxnpWLNoOk4e3qvS7/aNK7h940qRr8HrFAoFAv12YN2SmciSZ6ocS0qIw9kAP5wN8INX/5HoO3witLR1SjQfEREREREREREREX2c3kxeDb34quhVpx4DxUqo5UWhUODQno3Ytf4v6OrqYfA30+DerkuZ5xiUBolEAhf3tjiybysU2dmoVccOXgNGVbjk1YJkZ2XhRUYa9A2MkKNUIiNNBl19Q2gIAtJSU6Cjq6/uEImIiD5Iai9Zpa+vj7Zt22LGjBk4fvw4EhIScP36dfTr10+l3aNHj/DixQtkZmZi3rx5YvKqpaUlVq5cicjISCQlJeHWrVtwdnYu13MwNTXF8uXLMWLECBga5l9W/vTp0+jevTuOHTtWprEolUqsXbsWs2bNgkwmg6GhIWbNmoXw8HAkJCQgNjYWnTp1KvV5dXV1oVGBKqBJJBJMmDABy5cvLzCxNioqChMnTsSsWbNUEjOpYDk5OcjJyYFCoSjVfy/HrahiHj/MN8HyTUkJcVg576e3tgu/FqySvPq6k4f3YtqoL1SSV193IegQHkZGFD7wQpClJCP6wat4tXV0ofX/lacT42Px9+wf8iSvvulJ9H1sW7UAyYnxRZ4/+v4dLP39u3de21thIdi1/i9kvsgo8hxEFd3jqHtYs9BbJXm1sJRKJfx3bcDezSvyJKC+6YT/bvhuWSHeNFCSvgqFAge3r82TvFoalEolTh32xdo/Z+RJXn2T3851OH/i31KPgYiIiIiIiIiIiIg+fG9LXu3Sewj6j5wMHd3yXSEwPTUFjx7cxbBvveHo4oZ/d21AmiwZGWmp+O/qBVy/fLZY/xLjY989eSmoY9cAdeydAAAP70Xg4qmjUCqV5TJ3SZ06ug9Thn&quot;
08-31-2019 12:58:53 Wire.java DEBUG [Forwarding screenshot on session 7924db1cdca3d9f58beaf776318b9ec1 to remote] http.wire 87 - http-outgoing-3 &lt;&lt; &quot;XD44eRiAi7jCFdXBERdhmPH0ZiyrBuuP1fyYp3EBERUf7KvQJrRkYGfvvtN3To0AHt27fPk/QolUrRoEEDjBs3Dj4+eSuORUdHIygoSNzu378/vv76a0gkEgBATExMseLS0dGBvv6rO2aGDBmCv//+W2Xf25ibm2P16tX4888/ER4ejuvXr+PKlSsICAhARERuwplMJsPhw4fRtm1baGlpFSvOd0lKSlJJku3evTsmTJggJtbGxxc9wSw/EokEUumrh090dLSYMPsuUqlUpV2HDh2wadMmWFhYlEpsL2lra2PMmDEYMWIE7t27h/DwcISEhODMmTM4efKk2C4oKAiPHz8udAXZj9nLxKXSTvityBVYlUolzh4/qJJg2aRVRwz/bgaqmlkg4fkzbPx7Ds4ePwgAiIt5jKO+WzBkgjekmpp5xnNu0hKDxv0ES2s7ZGXJsXPdEuzbuirf43L5C6xfOgvHD2wHAGSkpyH6/p1iVzpVOa+cHDx7Eo2tqxbg4b1XSbF167mgStVqAICLp46KS6RIpFL0HjIeXXoNgZ6BIVKSErDhr1k4dWQfACAs5Dzu3ryORs3bYeCYH9D2s56YPXko4mIeAwBadfwco3+cq1I9VqFQINB/J55E3wcA6BtWwuBxP6FVx8+hqaWN2KfRWDbnRzGGK+dP4MnDr1C7br0Snz9RRaFUKnHy8F7xeQAANWvbYtSU2bCt5wINQcCVCycx94fh+fZ/9iQaJ/x3idv6hpUwbOJ0tOzwOQDg0uljWDHvJzE59si+bXBr0xl17BuUqO/T6PsIfK2vRCpFt75fo/uAkTAwqozUlCSsnD8NF4IOF/maJMbH4rDvZjGp1sbRGcO+nQ5bB2fkKJUIvXgaS37/DmmyZCiys3Hh5BE0bd0Junq885mIiIiIiIiIiIiICics5ByW/PYdGrVoj4CD21UKuqgreRUADCtVwegf5iAjLRWhl85AV88AGhoSxMfF4O/ZU8Tv3opq7E/z0N6zdylHm5dRZWO06dRdXKnt4Pa1qO/qjlrWdct8biIiIno/qaVkZlJSEjp27Ii2bdti48aNuH//PuRyOYDcCo/R0dHYt2+fSp8mTZpAV1cXCoVCJXkuPDwcjx/nvklLS0vDhQsXVJanLyxzc3M0btxY3N6zZw9mzJiBe/fuifPl5OQgLi4OBw4cQLdu3XD27FkAgI+PD8aMGYOjR48iPT0djRo1wvDhw7Fs2TL4+PjAwcFBHDczM7NMK03m5OSoXJ/bt2/j/v37UCqVkMvluHTpEh4+fFjieapVqwZHR0dxOygoCKtXr0ZKSgoAIDExEeHh4fn2NTIygru7u7h9/PhxTJ06FdevXxcfB0qlEomJiQgKCsJXX32lksz8ZvJseHg4oqOjVeaIiIhAv379sHnzZkRHR6N27dro0aMHZs2ahf3792Pw4MFi28zMTGRlZZXganw8PsYKrOlpMjGBEgB09fTRvf8oVDXLTbg2rloNvYeMh6l5dbHNnZuhSEtNyXe82nXrw8rGAYKGBrS0deDq3rbA49o6emjxaddSO5e4mMeYONADvVpao3drG3zzZTuVyoX6hpXQ4fMvoamphYz0NFx77S5TR+cm6NxzEPQMcpPPjSobo1vf4ahUxURsE3X3ZpHiSU6IU/kwwK21B1p36g4tbR0IgoBqn9SCV/+Rr9onxiPmcclfv4gqkvQ0Ge7dChO3JVIpBo6ZCnunxpBIJBA0NKCrV/AHZPdv/6eS/OrW2gPN23tCIpFAIpHArU0ndOreXzyeJkvG/dv/lbhv9P07Kh+SNXJvj56DxsDAqDIAQFNLG5qaxbtZ5/7tcJVr0q3PMNSt5wJBQwMSiQTOTVuhTafu4vGn0fchS04o1lxERERERERERERE9PEJCzmHVQt+RtPWHrgQdLjCJK++FH3/Dub8MBxxMY8x9Ftv8fu590Wztp+hQaPcfIC4mMdYu/jXcqsAS0RERO+fcq/A+rrTp0/j9OnT72zn5eWFrl1zk7iMjIxgamoqHtu/fz/2799f4li0tbUxevRoBAcHIzg4GDKZDAsXLsTChQsL7DN16lQAuUl9K1euxMqVK986h6GhITw8PKCjo1PieAuio6OjUsk0ODgYzs7OpT6PoaEh2rRpg82bN4v7fvvtN/z222/v7CsIAgYMGIBTp06JP7tNmzZh06ZNBfbx8PAQ/29iYgJzc3Nx+/Tp07CzsxO3z5w5g6pVq+LmzZvYvn37O+Np27Ytatas+c52BDHJtLSTTStq8ioA5CgUSE9LFberVbeEqfknKm0qVTFBZWNTMZkrJSkBsuREleTO4npZXbqsmZpXxwTvxahbzwUAkJ0lR1J8nHg8LOQ8hnRxfesYr1+nwkhPS1VZMj3Qf5dKRcf8ZKQXbQ6iiu7N1xiLGlaoWdum0P3ffE5Y2tirJI4KggDzGlYqbV4mgpdmXxsHp1L7AC058bnK9p8zvsWfM74tsH3miwzIMzNLZW4iIiIiIiIiIiIi+rA9ib6Pzcv/wKgps1Hf1R31GjbF6kXTkSZLFpNXJRIJFApFuX1P97qkhDisWeSNuvVc0NGrPy6fPQ4dPX1o6+iilrUdKhlXLfKYUokUxv+/AmN5qFTFBP1GTkbk5GFIkyUj/FowNi//AyMm/Q5dfQOVttlZWcjKknOVtWJ6WRgsNDQU//33HxQKBQwMDNCqVSvY2NjkWRGZiIioIir3BFZBEIqUwDls2DDMnj0b1arlvqEyNzfH0KFDxSTTN5mZmSEjIyPfY+/i4OCA5cuXY8KECWJ11dJiaGiIX375BZ07dy7Vcd+kr6+PIUOG4MSJE4iKispzvCTX501ffvklwsLCsGTJkiL3rVatGpYsWQINDQ34+voWqW/lypXh5eUFf3//Is/7pt69e+O7776DtrZ2icciet9IpFJY1rFHi0+7or1nbxhWqqLukIg+elJNLUilmuoOo8i0dXXVHQIRERERERERERER0TvlKBRQKpX472owqlvWQT3XZrCxb4DqVjboP3IyMtJT8eev3+LLryfCsaFbucf35GEkwq9dRPi1i9i/bTVMzaujYdPWqGFlg5/mry33eIrL1rEhvpk2H3/P+QFpsmScOrIPic+fYeSU2bD4/+IZLzLSsWbRdJwL9EfvIePh2WcItHXUV/n2fZKRkYHjx4/D19cXR44cybeNu7s7Ro4ciU6dOkFHRwdyuRxXrlzBP//8g8DAQAwYMKCcoyYiIspfuSew6ujoYPHixRgzZgyCgoIQFBSEq1evIiIiAkBuomfTpk3Rpk0b9OjRA46Ojip3hQiCgC+//BIWFhZYunQpAgICIJPJYGxsjNGjR8PT0xNjx45FaGhoseJzdXXFsWPHcPr0afj4+CA0NBRXr14FABgbG6NJkyZo0aIFOnfuDBeX3EqFPXv2xIkTJ+Dr64uLFy/iwoUL4rk0bNgQbdq0Qf/+/WFvbw9BEEpy+QqldevW2L9/P5YsWYL9+/cjISEBhoaG6NWrFyZMmICpU6cW+CamKPT19TFv3jy0atUKa9euFZN+W7Roga+//hrx8fEYNWqU2P7NKqeWlpbYuXMngoODsXPnznyvXcuWLeHh4QE3t1d/HAiCgKFDh8LU1BTbtm1DQECAeI5NmzaFoaEhbG1t4ePjg4MHDyIwMBCXLl1CQkLu8sIuLi5wdnZG//790bp1ayav0ltpSCTQe+1OwGePoxAX8wTGpq+qAKelylQqiRpVNq6QyaCm5tXx88L1qGH17uqOb553HfsG+PGP1aV6d6aWtja0dV4lvbm16YTxvyxS65IsROVNEASVO7gTnz9DcmK8ymvM2+jqqd6pHHX3FrKy5GIlVaVSicTnqsvymFevVeK+EqnqW8hnjx+W2t3ob8Y14vvf0anHwBKPS0REREREREREREQEAKkpSTi2fxuqmJjhyvlAMXlVR1cPkRFhCL8WrLbY6tZzxXr/EHFbEATo6pfOCmjlSRAENG7ZAcO+9cbK+T8jS56JsJDzmDT4M/QeMh7tu/bGwe3/4OThvQCAbasXIvDfXfhq3DS4Nm+vluq375Pz58/j/Pnz6NSpE7Zu3Qo3NzdUqVIFgi&quot;
08-31-2019 12:58:53 Wire.java DEBUG [Forwarding screenshot on session 7924db1cdca3d9f58beaf776318b9ec1 to remote] http.wire 87 - http-outgoing-3 &lt;&lt; &quot;CoJKoOHTo0T193d3ds374dbdq0UUPkREREeZV7AisAaGhowM7ODnZ2dioJjkXp365dO7Rr1y7f49euXct3v66uLlauXImVK1e+dXxdXV14eHioLFv/rvZt27ZF27ZtC9W+OAYMGFDoO2AEQYCzszPWrVuX7/HDhw8X2LdFixZQKpWFmic+Ph6jR49G8+bNsWLFCtSoUQNSqRRyuRzXrl3D6tWrxbbOzs5iFd3XSaVStGjRAi1atCjUnK/36969O7p3715gGwcHBzg4OOCHH34o0thEr9PTN4RjQzeEXjoDAMhIT8O+basw/LsZqGpmgZSkBOxc9z88ib4v9rF1cIa+gZG6Qi4Vb573vVthWLvoV/Qa+g1q1baDVFMTSqUSabJk3Iu4gSN7t6BJqw5o16UXgNwE2Nf/sIyKjMDzZ09Q3bKOuK9K1WqoW88Fjx7cBQBcPhuATcvmomvfYaj2SS1IJBIoc3KQnJSAm6GX8O/uDeg3YpJa7nYlKiu6+oawtquPW2G5H0YlJ8Zj37bV+OqbaTCuWg0vMtIRefu/AvvXrlsPn9SsLb4GBZ86inquzdCyw+cAgNCLp3Fg+6s7svUNK6F23Xol7lurdl1UqmKC5MR4AMDJI/vg2NANTVp1hIYgIPbpI8Q8flisa/JmXLvW/wVAgHu7z2BYKffDl+ysLDyPfYrzJ/5F+NVgTJi+uELeOEBERERERERERERE6pGRnprvfqlUE9Ut6yBVlowTh3ajvos7eg35psIUWBE0NCAIgsp39hqCAGVODtJSUwr9Xf6bdPUMINUs3xXgBEFA6049oKdvKFZizZJnYtvqhdi2emGe9jGPorD41wmYsWQr7Bq4lmus7xMTExMMHToUo0aNgq2tbZ4ialpaWmjWrBnc3NwwZcoUBAQEQC6Xw8TEBM2aNYO1tbVKETkiIiJ1U0sCK304ZDIZJk2ahEmTJr21naenJ+rUqfPWNkQVkSAIaNGhG84cP4Do+3cAAJdOH8Ol08fybW9qXh0ePQaW+x+ApU0QBLTv2huhl86Id5lePH0UF08fLbBP45afiv83qlQFlY1NxQS2h/ci8O2AjuLx3//2gWNDN3T78mvcun4ZT6LvQ5GdjaP7tuLovq1ldFZEFY9EIoGLe1sc2bcViuxsAMDZ4wdx9vjBQvWv9klNtPPsja0r5wMA0mTJ+Gvm9/hr5vf5tu/UvT+sbB1L3NeiZm3YOzVG8MkjYt+Fv4wt5Fm/+5x6DByDlQumQZGdjaSEOKxZ5I01i7zzbW/r2LBU5iUiIiIiIiIiIiKi95+Wtg7Mq9fCf1eC0e6zXtAzUK1eal7DEr8s2pBvX6VSiQd3b6GGlQ2qVvukPMLN42n0fcyePBRxMY8B5H4GPm3BP0hOjFfZX1Rjf5qH9p69SzPUQhEEAU1adcSv/9uM1Yu8cTf87SvpVvukJqpUNS2n6FRZ2Tqgc89BqFTFBFra2ug/cjKqVvsEUk0tdPTqj8rG6onrTe3bt0f79u3f2U4QBNStWxd169Yth6iIiIiKjwmsVOYGDRqEiRMnQirlw43eT+bVa2HctAVYNmeKmMSan8rGphj70zzUsv4w/gioYmKGb36ejxV/TEVYyPki9dU3rITmn3YVq0oWpGZtW0yY/uc7ry3Rh8ypcUv0+uob7N74t5jEWliCIMCz9xBkpMmw32fNW/t/2rUPeg4eJ1ZHLklfHV099BsxCU8eRpb6c1cQBLTu3APZ2XKsWzITWfLMUh2fiIiIiIiIiIiIiD5c2jq6aN+1Dxb+Mg4zJ30FpyYtoKFRuOXonzyMxIWTh9Hrq29gYqaeBFapVBN167lg/C8LsWv9UrT26AEDo8riimjvK2u7+vht6VYc278dfjv+wfPYp3naSKRSdOj2pdquvXXd+rCuWx8AYFipCnoOflW4o+egMQAAWXKiWmIjIiL6kDGjkIrNwMAAAwcOhIWFBe7du4dr165BJpMBAFxcXODu7o7u3bujdevW0NbWVnO0RCVj4+CEP9b44kLQYZw6uh/h1y4iS54JTS1t2Dg4wb3tZ2jl4fXBLWFtZlETvyzehIiwywg6tBcRN67gcdQ9ALl/RFa3rIP6LhcuTkYAACAASURBVM3QqMWncHBqLPYTBAGdegxEZeOqCPDbKV4viVQKyzr20NHTF9vaODhh3tr9CAs5j0D/nbh/OxyxT6MBAJpa2rCycUB912Zo0qoj6tg7le8FICoHEokEvb76BnXrueDA9rXi88Wyjj3ademFap/UxLyfRontzavXUumvpa2DfiMno2VHLwT678TFU8fE55CZRU3Ud22Gdl16wb5BIwhvLAlTkr41rGzx65KtOLx3M04d2YfYp9HQN6wE5yYt0bnnQBzasxnnT/wLADCqbFyk10eJRIKOXv3RpFVHnAvwx4WThxF1LwJpsmQAuTcMWNvVg3PTVmjaygMGRpULPTYRERERERERERERfdjqu7rjp3lrsHXVAuzZuKzQ/aqaWWD0D3PQsuPnYkGH8mZewxLf/LwAaxf/iuSkBFS3yl3lVEMiKVFMkgpQbEpbRw9d+w7DZ72+QkTYZZw4tAcXTx2DPPMFGjVvh56Dx6K2bT0IglBuMVWpaoqsLHmhi2mkpcrE7yqIiIiodKj/XQq9t7S1tTFw4EAMHDhQ3aEQFVl7z95FXiZDW0cPbTr3RJvOPQvdp4aVDVbsPl3gcceGbth9JrLYx9/GsFIVzF29t1h9XyeRSODY0A2ODd2K3K95e080b+/5zrZa2jpo1LwdGjVvV9wwid5bmS8ysHqhN6qYmGLwuJ9QvVYdSDU1oVAoEPPoATYtmyO2lUil+KRW7TxjCIKAWtZ1MWT8Lxgy/pcizV/cvuHXgrF5+Tx83m8E/ljjC8NKVSAIAtJSU3Ah6DCuXz4rtv2kZm3o6OqJ2+96bXypsrEpuvQegi69hxTpnIiIiIiIiIiIiIjo4yUIAuydGmPmsh3qDqVYpJpa6NRzIIR9Glg1/2f8+MdqfFKzNv7eEaTu0ErF6989jvtJvbHYOjbEznVLMbJH80L3MTWvjrr1XMowKiIioo8LE1iJiIiI1CxHkY19W1dh39ZVb23XyL09rGwcyymqd7sTfg2LvMe9tY1EKkXLjl7Q1tEtp6iIiIiIiIiIiIiIiN5PCoUCV84FwtLGHjWsbHDr+mUASnWH9cGydWyIX5dsxpVzJ6BQKN7ZXiKRoHGLT1HDyqYcontFX18fffr0QbVq1cp1XiIiovLABFYiIiKi94CNozMGjvkBegaG6g6l0CRSKQaMmoKGbq3VHQoRERERERERERERUYWXFB+Hf/dsRNjlc9DU0sbAMT/AxOwTdYf1wRIEAdZ168O6bn11h/JW2tra6NOnj7rDICIiKhNMYCWiQtPQ0EBOTg4UCgUkEkmpjPnyTjYNDY1SGY+I6H0j1dSCe/su0JBI8TAyAo8e3EWWPBMAUNnYFHYNXNGsTWc0bd0R2jp6ao72FfPqlugz7FuEX7uI2KePEPs0GkBu0qplHXs4N2mJVh7dUbO2LQRBUHO0REREREREREREREQVn4mZOX793xZkpKdBU1MLUk1NdYdEREREVKaYwEpEhWZgYICUlBQ8f/681JYneP78uTg2EdHHSCKRoGkrDzRt5aHuUIrE2NQcfYZ9q+4wiIiIiIiIiIiIiIgqHBsbG5w6darY/XX19EsxmqKbMmUKpkyZotYYCsPY2Bi7d+9WdxiFUtLHBBER0YeKJQ+JqNBMTU0BAPfv38ezZ8/E6qnFoVAo8OzZM9y/f19lbCIiIiIiIiIiIiIiIiIiIiIiIvrwsQIrERWaiYkJ0tPT8fTpU9y/f19MPi0pCwsLmJiYlMpYREREREREREREREREREREREREVPGVWQKrifeOshqaiNREKpWiRo0a0NPTQ1xcHFJTU5GTk1OssTQ0NGBgYABTU1MYGxtDKmU+PRERERERERERERERERERERER0ceCGWNEVGh6enpITk5GlSpVUKVKlVIfm4iIiIiIiIiIiIiIiIiIiIiIiD4OpZ7AGj+zb2kPSUQVhFQqRaVKlZCeno6srCwolcoSjScIAjQ1NaGnp8&quot;
08-31-2019 12:58:53 Wire.java DEBUG [Forwarding screenshot on session 7924db1cdca3d9f58beaf776318b9ec1 to remote] http.wire 87 - http-outgoing-3 &lt;&lt; &quot;cKrERERERERERERERERERERERERB8RZowRUZFIpVIYGRmpOwwiIiIiIiIiIiIiIiIiIiIiIiJ6j2moOwAiIiIiIiIiIiIiIiIiIiIiIiIiIvq4MIGViIiIiIiIiIiIiIiIiIiIiIiIiIjKlbS0BzTx3lHaQxJRIcXP7KvuEIiIiIiIiIiIiIiIiIiIiIiIiIjeiRVYiYiIiIiIiIiIiIiIiIiIiIiIiIioXJV6BdaXWAmSqPyw8jERERERERERERERERERERERERG9T1iBlYiIiIiIiIiIiIiIiIiIiIiIiIiIyhUTWImIiIiIiIiIiIiIiIiIiIiIiIiIqFxJ1R0AEamfsbGxukMoFqVS+dbj7+t5EdH7j69PRPQSXw+ICofPFSL6mPE1kKjk+DwiIiJ6f/D3NhEREVHZetf7rYqGFViJiIiIiIiIiIiIiIiIiIiIiIiIiKhcsQIr0Ufsfcu4L6wP9byI6P3H1ycieomvB0SFw+cKEX3M+BpIVHJ8HhEREb0/+HubiIiI6OPECqxERERERERERERERERERERERERERFSumMBKRERERERERERERERERERERERERETligmsRERERERERERERERERERERERERERUrpjASkRERERERERERERERERERERERERE5YoJrEREREREREREREREREREREREREREVK6k6g7gffDkyROsW7cOW7ZsQUREBADAzs4O8+bNg5eXl5qjIyo+QRAAAAkJCWqOpHiqVKmS7/73/byI6P3H1ycieomvB0SFw+cKEX3M+BpIVHJ8HhEREb0/+HubiIiIqGwV9H6rolJLBdb4+Hh07twZgiAU+M/V1RXffvstzp8/j5ycHHWECQC4efMmevbsCW9vbzF5FQAiIiKQmpqqtriIiIiIiIiIiIiIiIiIiIiIiIiIiN5XaklgLYyrV69i6dKlaN68Oby9vZGWllbuMSgUCvj4+CA4OLjc5yYiIiIiIiIiIiIiIiIiIiIiIiIi+lBV2ATW182ZMwdr166FUqks13lTUlJw5coVcdvT0xMPHjyAUqmEUqnEgAEDyjUeIiIiIiIiIiIiIiIiIiIiIiIiIqIPQYVIYHV2dsatW7egVCqRk5ODR48eYfLkySpt/Pz8EBMTU65x5eTkIDs7W9xu3LgxatWqVa4xEBERERERERERERERERERERERERF9aCpEAuvrBEFA9erVMWnSJHTo0EHcHxcXh5SUFABAREQEGjZsCEEQIAgCZs6ciczMTOzZswcdOnSAIAjYunWryriZmZk4duwYhg4dCnt7ewiCACMjI3To0AF///034uPjVdrPnDkTVatWxZEjR8R9v/32GzQ0NMQ5SzL+yzlenkPDhg0RERGBBw8eYNKkSbCyskLnzp3z9Hv48CHmz5+PDh06wMjICIIgwN7eHiNGjMD58+eRk5Oj0j6/a5WWloZt27aJ18rKygqjRo3CgwcPCvy5ZGRk4OjRoyrnJwgC3N3d4e3tjZCQkDxzp6WlYfv27ejbty+srKwgCAJMTEzQrVs3bNu2DWlpafnO9fIcO3fuDBMTE5VrOXPmTFy6dEklsZiIiIiIiIiIiIiIiIiIiOhDkJUlx95Ny7Hhr1nIkmeqOxwiIiKiMiVVdwAFqVSpEqysrArV9uHDhxgxYgQ2b96c7/GoqCh899138PX1Vdkvk8kQEBCAgIAAbNmyBcuWLUOjRo2KHGtpjJ+Tk4Nt27Zh48aNiIqKAgDY29uLx7Ozs7F161ZMmjQJCQkJKn0jIiIQERGBtWvXYsaMGfjhhx+gq6ub7zwhISHo2bMnjh49qhL/6tWrERoais2bN8PW1lalz5UrVzBhwgScPXs2z3gXLlzAhQsXcPDgQezYsQN2dnZv7ZOQkAA/Pz/4+fnB09MTy5Ytg6WlJQBAqVRix44dGDduXJ5zfP1a7tmzR2UuIiIiIiIiIiIiIiIiIiKi12WkpyE7S17o9hoSCfT0DSEIgthfU1MLUk3Nsgoxj6wsOXas/R/2bV2JVh0/z1NE6n2R+SIDWfJM6BsYQdCocHXVCqRQKJCRJoNSqRT3CYIAXX1DSCQStcWlVCohk8kgkUigr6+vtjiIiIjKQoVNYE1ISEBERIS4ra+vDx0dnXzbrl27tsBxnj17hm+//Rb79+9/63zBwcGYPXs2Vq1aBVNT00LHWVrjh4WFISwsLN++SqUSO3fuxPjx4yGTyd46z6JFi2BnZ4cvv/wy3+NvizM4OBg7duzAzz//LL4pv3nzJsaOHYvg4OC3zvu6wvbx9/dH7dq1MX/+fOjq6iIkJARTp07Nk7xKREREH5ZHD+5i9uShiIt5DADoPmA0Bo75Qc1REREREREREREREdGHICtLjv3bVmPPxmVFqmCqqaWNGUu2wq6BK8JCzmHhL+NgWcceE6YvRlUziyLFcPfuXQwbNgyNGzfGnDlzCsx1eJNUqgnHhk0hCMDzZ0+KNGdpWrBgAebOnYtDhw7Bzc2t0P0UCgX8d67D1lULAAATf/0f3Nt1KaswkZCQgJEjRwIAVq9eDWNj42KPlZqShL9mTUbIucA8x9p07okR3/8OHV29Yo9f3McEAPj6+mLixImws7PDypUrUadOnWLHQUREVNFUuATWnJwcPHjwALNnz8bp06fF/Y0bN4a5uXm+fUaMGIFp06ahRo0akEpVT8nPz09M2jQ0NMT06dMxcuRIGBkZIT4+Ht7e3lixYgWA3F/6Y8aMQceOHeHt7Y2xY8diwIABOHLkCABg1KhR+PPPP1WqmxZ3/DfZ2tpi/vz5aNeuHSpVqqRy7OnTp1i/fr2YvOrh4YHZs2fD1dUVOTk5OHHiBEaMGIGoqCjIZDL8+++/8PT0hKGhYZ55evXqhenTp8PBwQEAsG3bNnzzzTfi2FFRUcjIyICenh7kcjk2bNigkojq4eGBWbNmwcXFBVKpFImJiQgKChKTiBUKBXx8fMQ+lpaWmDVrFr744gvo6OggKioKEydOFK/ZkSNHMGLECDg5OeH06dNi9VkA+Pfff9GpUydoaGggOzsbMTExOHXqFA4ePJjv44DKT2xsLGJiYiCTqd59VhSCIMDQ0BDm5uYwMzMr5QhVBfrvwvK5Pxa539if5qG9Z+8yiIiIiIiIiIiIiIiIiIiIykKg307sWr8UPQeNxadd+0BbJ//VS1+XnZ2FNFkKqlvWQXqqDIH+u5AmS0b4tWAs/X1SsZJYi0MQBLi6t0VSQpxKAmtczGOsXfwrkpPiizymVCJFryHj0dCtdWmGmq+IsMvYs2k5FNnZAIBDezbBwbkJKhsXvoiYuty5GYpbYSH48Y/VsG/wamXd/64G469Z36Nlx25wcWujltju3buH1NRUhISE4NGjR2ICq1wuR3h4OEJCQnDr1i0AgLW1NZo1a4YGDRrkyZ8BgOfPn2Pbtm3o1KkTV70lIqIKoUIksIaGhsLe3r7A45aWlhg0aBC0tbXzPV6zZk1YWVnl2S+TyXDy5Elxu0OHDhg+fDiMjIwAACYmJhg9ejSOHz+OO3fuAABu3LiRb4JpfkpzfD09PTg4OORJXn3Z5/jx4+L2qFGj0LhxYwCAhoYG2rdvj/79+2Pu3LkAct+8JCQk5JvA6uTkhAYNGqjE3KhRIwQFBQEAoqOjxQTW58+f4+LFi2JbBwcHLFiwAE5OTuK+KlWqoEePHujRowcA4MmTJyqJx15eXujdu7f4s7OyssK4cePEBNY7d+7gwYMHcHJygomJiUqsY8aMQZcuXdCyZUvY2tqibt266N+/P/r375/nvKj8REZG4smTkt/tp1QqkZKSgpSUFKSmpsLa2roUoqOKQJaciDlThuNO+DUAgK1jQ0xb8A8MK1VRc2RERERERERERERERET0IUtLTcHFU0fRsduX6DVkfJGWfa9iYoawkHNIiIvB0AneyMnJwdnjBxF+LRg+qxdh9A+zoamVf85CWct8kYGHkRHiymZFlfD8WSlHlFd2VhZOHd2PNFmyuC/82kWcC/wXn30xWFwFtiJQ5uQgLTVFLNaUnZ2Fs8f9YOPgBMs6qrkrterYwcrWEWeP+8HKxgFSqSYAQEMigZ6+Ybmcl5&quot;
08-31-2019 12:58:53 Wire.java DEBUG [Forwarding screenshot on session 7924db1cdca3d9f58beaf776318b9ec1 to remote] http.wire 87 - http-outgoing-3 &lt;&lt; &quot;eXFw4ePAhXV1c0adIECQkJ2L17N9auXYu7d+/CwMAADRo0QFZWFv755x8AgKOjI4YNG4aePXvCwMAA0dHR2LVrF1atWoXExERYWFgwgZWIiCqECpHA+jbOzs5YsWKFmLBZFHK5HLGxseK2r68vfH1939onNTW1woz/0utzAMAXX3zx1vZpaWl48eJFocbW1tYuMDFYJpMhMTFR3K5Xrx4sLS3fOt6bfZYuXYqlS5e+sw8AuLu7w83NTazeGhUVhRUrVogVbAGgR48emD59Oho2bPj2E6MyERsbKyavWltbw8zMrEh/9L1OoVAgNjZWTIg1MDAo80qsRERERERERERERERERPThylEokJ6WCmv7BkX+HjMs5BxWzZ+GFxkZyM7OxvCJvwIAzh4/CPPqtaAhKfv0iix5JrauWoCLp44hLTUF86eNxohJv5f5vKUhIz0VUXdv5dl/cPtaODVugRpWNmqIKn+PH0Zi9uSh+SYEj+2df6XaiLAQBB3aI26bmlfHzwvXl8t5Va1aFWZmZqhevTouXbqEKVOmID4+Hn379sWGDRtQt25dsdpqdnY2bt++jY0bN2LGjBmYPHmyOE7NmjUxZMgQnDp1qsxjJiIiKqwKmcBqaGiIpk2bonv37ujXr1+eypz0YbK1tcWGDRswbdq0AhOBfX19cevWLWzfvl2lEiyVj5iYGAC5yasWFiVbIkMikYhjREZGIiYmpswSWNt79kZ7z94q+wL9d2H53B/F7bE/zcvThoiIiIiIiIiIiIiIiIg+fGEh57Bh6Sx8OeJ7HN23DasX/gIAGD7xVzg1boEWn3YtdmGfotCQSNGqoxdc3dsByP1OtVKV3HyJb35eAIVCUaxxa9a2LbUYCyIIQr7XyLpuffEcKgozixqY4L0Yh3234H7EDfQfNQV6BnlXuH1TeqoM21YtQOOWHdCkZQeYWdQoh2hVxcbGwtTUFDt37sx3pWKpVApHR0fMmzcPkydPxuXLlxEfH4969erBwcEB6enpCA0NLfe4iYiIClIhElidnZ2xY8eOUi9PLpVKYWj46k1Ghw4dsGnTphIn3pXX+C+9PgcArF27FsOHDy/VOfKjo6MDfX19cfu///5DVFTUWxNH3+wzZMgQ/P333yr73sbe3h579+5FYmIibty4gbCwMFy8eBFBQUGIiooCANy8eRMBAQFMYFWDl9VySzPR1MzMDJGRkeLYFVnmi3RcCDqM08cO4E54KNJkydDU0oaNgxPc236GVh5eMKxURaXPowd3Ve7e6z5gNHoP/QanjuzD4b1bEHXvFiobm8Kzz1B06TUY2jp6yMqSI/jkERzwWYPIiBuobGwKj+790a3vcOjqGxQ63rxzj0LzTz1xeM9mXDkfhKSEOFQ2NkUrj8/h1X8UKhtXzTOGUqlE9P07CPTfiasXTuJx1D0AgJlFTTg3aYnPen2FmrVtxaUx3kwMBoA74dcw1LORuP1msnBWlhxhl88hwG8HIsKuICkhDhKpFJZ17NHi065o79k7z3XdsmI+9m1dCeDV3Y2aWlrw3bIS508cwic1a2Pagn/y9COqyGKfPsLxAz4I9N8tPj+btOyAeq7NsGX5H3ge+xRA7uvIwDE/qPR923O1vmsztOvSC/YNGkHQ0Mgzb0n6ZmXJEXrxNPx2rMPN65cAAHXsndCx25e4HX4Nx/ZvA1D8u5Bjnz5C0KE9uHw2AFH3bkGRnY3Kxqao5+KGzj0HFRgXEREREREREREREVFhvUxe7TFoDE78uxvh13JXDF298Bfo6unj0659yi0WiUSCOvYN8j1Wz6VZucVRHLr6hrC2q49bYSHivs++GIz+IycX6TvO8qClrQMH5yYIOXcCsU+iUc/FrVDfK8qSE6FvWAk1rGzg4NykHCLNn66uLoyMjN7ZztTUFJ999pnKvvT09LIKi4iIqFgqRAJrWTEyMoK7uzt2794NADh+/DimTp2K77//Hvb29tDS0oJSqURSUhJCQ0Oxfv16dO7cGf369asQ47/UoEEDuLm5ITg4943yggULoKGhgc8//xzGxsYQBAFyuRyPHz/GgQMHcP78eSxbtqzElWvNzc3RuHFjnDt3DkBu4ui0adMwa9Ys1K9fH1KpFMnJyThz5gyWL1+OxYsXw8rKSqXPnj17ULVqVYwePRqWlpaQSqXIyclBfHw8zp8/jzVr1mDq1Klo0aIFZs+ejfT0dHTp0gWOjo5o2bIlWrVqhTFjxuDo0aPo3LmzGNuLFy9KdG5UPNnZ2eL/i3t3X35Kc6yycvfmdSybMwXR9++o7M+SZ+Jm6CXcDL2EvZtXYLz3Ijg1biEmdL7p9n9X8euEAbgb/uqutqSEOGxdOR+PHtxFpx4DsHn5H7gZeknl+M51SxAX8xhfT/oN2jq6xTqHQ3s24eCOf6B47eeYlBCHg9v/wbXgU/h+5t+oYfXq7kt55gvs3vAX9vusUekDALFPo3HsgA8C/92FYd9OR4fP+xXrrtPYp9FY8cdUhIWcV9mvyM5GZMQNREbcQMDBHRjvvQi2jg3zHUOZk4NAv50I8N+FNFlykWMgqgjCQs5h4S/jVB7DSQlxOHbAB8cO+Ly177ueq4H+0Qj034V2nr0wbMJ0lQ+JStL3RUY61iyajpOH96r0u33jCm7fuFLka/A6hUKBQL8dWLdkJrLkmSrHkhLicDbAD2cD/ODVfyT6Dp8ILW2dEs1HRERERERERERERB+nN5NXQy+eFo916jFQrIRaXhQKBQ7t2Yhd6/+Crq4eBn8zDe7tuhT43WNFIpFI4OLeFkf2bYUiOxu16tjBa8CoCpe8WpDsrCy8yEiDvoERcpRKZKTJoKtvCA1BQFpqCnR0C1e0i4iIiIrmgy5ZJQgCBgwYAC8vL3Hfpk2b4OzsDG1tbQiCAA0NDRgbG6Ndu3bYtGkTcnJyKsz4L1lZWWHChAliJdaIiAgMGzYMVatWhYaGBgRBgLa2NqytrTFx4kQkJSUVeY78aGtrY/To0XBzcxP3+fv7w8XFBZqamhAEAZUrV0bXrl3x+PHjfPvIZDIsXLgQNjY2Yh+JRAIzMzN4eXnBz89PHDsnJwdz/o+9+47Lqv7/P/48XBcbREBU3ANRceFExVGU4irHz1FqpVZqWdqnbFiRlWVp2R6u1qf0Y1ppmeVKc68wyVLJQYpbAZGlwMX1+8OvV16KCnjJBfq4327cbp7zHud1jpzDNV7ndSZOVLt27RQQEGDbNxcXF7vk1erVq6tTp04O2UcUTl5envLy8mSxWBz6c37ekurooQP5Jq9e7FTyCU2dNO6K/XZs22SXvHqhVYu/07Mj/p9d8uqFNv76sw7siy944Bc5eybrkgS18xITdmvRvC+Uk5Mt6dyb4/lfTdV3X3582THSuUTT2dOnKH77b4WOJyXpuD549alLklcvdjgxQbOnvaHUlKR8208eP6If5swkeRWl1qH9ezXjzZgi/Q5brVYtmvf5Vc9VSVq56BvN/+pj200D1zLWYrFo4ZyZlySvOoLVatXqxfM18+0XL0levdiPcz/VhpU/OTwGAAAAAAAAAMCN70rJq936DdHA4WPl4elVrDFlpp/WwX/2aNiYGIU1jdBP8z5XRlqqsjLS9dfvG/XHb+uK9JOSdLxY4q9dt5Fq1zv3JNUDe+O1efVSWa3WYtn2tVq9dIGeHHaHDh3Yp/jtv2lIt2aK3/6bDh3YpyeH3aG//7q24h0AACB/N3QFVkmqUKGC3n33Xbm4uGj+/Pmlbn7pXKJs//79lZOTo8cff1zJycnXZTv5qV+/vt555x2NHj1aW7bkn1SX35iPPvpIo0eP1rp16xwaT0BAgCZOnKhmzZo5dF4UzPnEpdyrJDoVdd6SyGq1at3yhXZJqS3bd9L9/3lR5coHK/nkMX3xwUStW75QknTi6CEtnf+VhoyOkdnV9ZL5mrRsp3tGjVP1WnWVk5OtuZ++qwWzpuXbnp19Rp+994qW/zBHkpSVmaHEhN2XrUR6NS3bd9J9o55VhUpVZbFYtPLnbzTzrfG2xLWdcZuVcvKYygdX1cF/duuXhV/bxjZve6uGjI5RxcrVZcnNtRubkZaqjb8uVt1GLRTVvZ9atr&quot;
08-31-2019 12:58:53 Wire.java DEBUG [Forwarding screenshot on session 7924db1cdca3d9f58beaf776318b9ec1 to remote] http.wire 87 - http-outgoing-3 &lt;&lt; &quot;tdE5+8X7t3bJMk1QkL17NvfHLJYzc2r15qewSLyWxWvyGPqlvfIfLy8dXpU8n6/P1XtHrJAknS9tgN2rPzDzVve+ldrn7+gbr/Py+qSav28va5+qMygJLEarVq1eLvdDgxwbauas06GvHkq6rToKlcDENbN67Sa0/dn+/4Y4cTtXLRPNuyt6+fhj32gtrdfqckacuaZfp40jhbcuySBbMV0bGLatdrdE1jjyQmaMUFY01ms+4Y8IB6DRounzJllX76lKZOflYbf11c6GOSknRci+d/abs2hYQ10bAxL6hO/SbKs1oVt3mN3n35P8pIS5UlN1cbVy1Rqw7R8vTizmcAAAAAAAAAQMFsj12vd1/6j5pHRumXhXPsCq44K3lVknz9/DXyqYnKykhX3Ja18vTykYuLSUknjuqDV5/UiaOHijTvw+MmKap7PwdHe6kyZQPUMbqX7UltC+fMVMNmbVStVuh13zYAACidbugKrOdVr15dc+fO1dq1azV69Gi1bt3a1ubr66v27dtr3LhxWrlypfr06VPi5pcks9ms++67Tzt37tS0adN05513qnr16rb2unXr6q677tLUqVM1Y8YMBQQEFGk7+WndurVWrlypuXPnasiQIapbt66trWnTpnr++ec1Y8YM1a5d27a+WbNmWrZsmZYsWaIhQ4aoadOmtraAgABFR0fr5Zdf1ubNm23VWseMGaMff/zxsv0nTZqk33//XQMHDpSLy03xq1vi3IwVWDMzmaR6IAAAIABJREFU0mxJlpLk6eWtXgNHqFz5YElSQLkK6jfkUQVVrGzrs3tnnDLST+c7X83QhqoRUl+Gi4vc3D3UrM0tl2139/BS5G09HLYvlavVVsUq1WW4uMjs6qp2t99p99iTg//s0cljhyVJf27doOSTx2z73OeeUQquUkOGYeQ79tD+vTqTlVHgWLIyM7TtgrtYw5q0VJc+98jL51yl6TJlA3THgPvl5x9o67N/z85853Jz91C1WnVJXkWplJmRpr27ttuWTWazBj/0jOo1biGTySTDxUWeXpf/gCzh77/skl8jOnRW26juMplMMplMiugYreheA23tGWmpSvj7r2sem5iw2+5DsuZtotTnnofkU6asJMnVzV2urm5FOiYJf++wOyZ39B+m0AZNZbi4yGQyqUmr9uoY3cvWfiQxQWmpxXdzDwAAAAAAAACgdNseu17T3nhOrTp01sZfF5eY5NXzEhN2a+JT9+vE0UMaOibG9v1ZadH6lq5q1LyNpHPFf2a+Nb7YKsACAIDSxykVWAMDA7V4ceErcp1Xt25dbdu2rVBjzGazIiMjFRkZWeAxhYmzKPPHxMQoJiamwP0lqXz58ho+fLiGDx9eoP5XO1YF3Udvb2/169dP/foV/K4sT09Pde7cWZ07dy5Q/zJlyqh79+7q3r17gbeB4nU+ydTRyaYlNXlVkvIsFmVmpNuWK1SurqCKlez6+PkHqmxAkC2Z6/SpZKWlptglXxaVyWS65jkux9PLW5Wr1dYWLbOtO/F/CawpJ0/Y1mVlZui5h/peca7MjHTlFaKSbm5Otk4l/buN7bEbNKTblSsrX/j/ANwoLr7GBFepoao1Qwo8PivT/ryoHlLPLnHUMAxVrFLDrs/RQwccPjakfmOHfYCWmnLSbvntF8fo7RfHXLb/2TNZyj571iHbBgAAAAAAAADc2A4nJujLj17XiCdfVcNmbdQgvJWmT3lBGWmptuRVk8kki8VyXb+nu5xTySc0Y0qMQhs0VaeeA/XbuuXy8PKWu4enqtWqK7+AcoWe02wyK6BchesQbf78/AN19/Cx2jd2mDLSUrVj2yZ9+dHrevDxl+Xp7WPXNzcnRzk52TxlrYisVqtSUlIUFxenv/76SxaLRT4+Pmrfvr1CQkIoDAYAKBWcksAKAHA+q9WqvDz7pFMf37JOigaAJJld3WQ2uzo7jEJz9/R0dggAAAAAAAAAAFxVnsUiq9Wqv37fpMrVa6tBs9YKqddIlWuEaODwscrKTNfb48forgceU1h4RLHHd/jAPu3Ytlk7tm3W97OnK6hiZYW36qAqNUI0bvLMYo+nqOqEheuRZyfrg4lPKSMtVauXLFDKyWMa/uSrCv6/4hlnsjI1Y8oLWr9ikfoNeVTd+w+Ru4fzKt+WJllZWVq+fLnmz5+vJUuW5NunTZs2Gj58uKKjo+Xh4aHs7Gxt3bpVn3zyiVasWKFBgwYVc9QAAOSPBFYAuAIXk0leF9wJeOzQfp04elgBQRVt6zLS05SRlmpbLlM2QL5+/sUaZ1Gcexz4n7ZlTy9vlSl7Lu4L99lkNuuZSTPUNKKjw7Z98XGtXa+Rnn59erHe/QmUBIZh2N3BnXLymFJTkuyuMVfi6WV/p/L+PbuUk5Ntq6RqtVqVctL+sTwVK1e75rEms/1LyGOHDjjsbvSL43rwiZcV3XvwNc8LAAAAAAAAAIAkpZ8+pWXfz5Z/YHlt3bDClrzq4emlffHbtWPbJqfFFtqgmT5bFGtbNgxDnt6OeQJacTIMQy3a3a5hY2I0dfJzysk+q+2xG/T4vV3Vb8ijiurRTwvnfKJVi7+TJM2e/qZW/DRP9416Vs3aRjml+m1psmHDBm3YsEHR0dGaNWuWIiIi5O/vL8Mw7BJVhw4desnYNm3aaM6cOerY0XHf/QIAcC2oFw4AV+Dl7Wt3d2VWZoYWzJ6mk8ePSJJOn0rW3E/f0eHEBFufOvWbyNunTLHHejW5udmy5uVJOvf4kW8+/0DbYzfY2kPqN7bd8digaWvbozosubn65O0XtWn1EmWkn7b1P3smS/v37tJXH0/Wh689pbNnsiRdmpCXdPyIDuyLl9Vqta27+Lju3bVdM6eM176//1RuTo6kc8lz6adPKW7LWk0eN1Irf/rG0YcEcDpPb1/VqtvQtpyakqQFs6cr+eQxSefuPt7391+XHV8ztIEqVa1pW960eqnWr1gki8Uii8Wi3zeu0g9z/r0j29vXTzVDG1zz2Go1Q+XnH2hrW7VkgbasWSaLxSJrXp6OHzmoo4cOFOmYXBzXvM/e15L5s3T6VLLtOpKbk6Ojhw5o/ldT9eoTQ5WWmlKkbQEAAAAAAAAAbkxZmen5rjebXVW5em0FBVfRyp+/UdWadW3JqyWB4eIiwzDs1rkYhqx5eUo/fUppqSlF+jn//Vux7othqEN0bz3+0nvy9vWTJOVkn9Xs6W/qgTsj9P3s6Xb9jx7cr7fGj9aeHXHFHmtpEhgYqKFDh2rjxo2aPXu2unbtqoCAANvvjZubm1q3bq3p06dr48aNevXVVzV+/Hi999572rx5sxYuXKjOnTvL3d3dyXsCAMA5VGAFgCswDEORt9+htct/UGLCbknSljXLtGXNsnz7B1WsrM69B8vsWvIeAf7j15/qx68/zbfNZDarc69B8ilTVpIUEtZEPQbcr3mfvSfp3BvGN5596LJzt+90p+3f7h6eqlC5unZtP3d3aPLJYxr/6EBb+8PjJimqez9F9einuC1rbXexbl6zVJvXLL3sNlq0u62AewqUHiaTSU3b3KIlC2bJkpsrSVq3fKHWLV9YoPEVKlXVrd37adbUyZLOVVZ+f8ITen/CE/n2j+41UDXqhF3z2OCqNVWvcQttWrXENvbN5x8u4F5ffZ96D35IU994VpbcXJ1KPqEZU2I0Y0pMvv3rhIU7ZLsAAAAAAAAAgNLPzd1DFStX019bN+nWrn3l5WNfvbRilep6fsrn+Y61Wq36Z88uVakRonIVKhVHuJc4kpigV8cO1YmjhySd+wz82Tc+UWpKkt36wjr//VxxMwxDLdt30vh3vtT0KTFXTU6tUKmq/MsFFVN09mrUqa8ufe6Rn3+g3NzdNXD4WJWrUElmVzd16jlQZQOcE9fFoqKiFBUVddV+hmEoNDRUoaGhxRAVAABFRwIrAFxFxcrVNOrZN/ThxCdtSaz5KRsQpIfHTVK1WqXrTYDJbFbf+x5Rqw7R/64zmdR78EhZcnP0/f9m2BLrCsLVzV1to7pr7fIfrjjOP7C8Hnlusj5+/Rm7SrDAzaZxi3bqe98j+uaLDwp1rknnPnzo3m+IsjLSrnqu3tajv/&quot;
08-31-2019 12:58:53 Wire.java DEBUG [Forwarding screenshot on session 7924db1cdca3d9f58beaf776318b9ec1 to remote] http.wire 87 - http-outgoing-3 &lt;&lt; &quot;rcO8pWIflaxnp4eunuBx/X4QP7rnhdLArDMNShS2/l5mbr03cnKCf7rEPnBwAAAAAAAADcuNw9PBXVo7/efH6UJjx+nxq3jJSLS8EeR3/4wD5tXLVYfe97RIHlnZPAaja7KrRBUz36/Jua99l76tC5t3zKlFVqSpJT4nGUWnUb6qX3ZmnZ93P049ef2J52eSGT2azb77jLace+VmhD1Qo999Q8Xz9/9bn338Idfe45V+iHJ8IBAOB4JLACQAGE1G+s12fM18ZfF2v10u+1Y9tm5WSflaubu0LqN1abW7qqfeee8vXzd3aol9Wp50BVrlZLK3/6Rvv37pKrm7uat71V3fsNVb1GzWW4uNj1d3P30N3Dx+q2OwZo1eL5+n3jKv2zZ6ctmax8cFXVDA1Tq/ad1KRVe7l7eNrGNmtzi2Le+kI/f/Nf/fn7RmWkpUqSKlevbffY8fLBVfX8W/9V/Pbf9OvP3yn+z606tH+vpHNvUitXr62GTVureeRtqt+4xfU+RIBTmEwm9b3vEYU2aKof5sy0XV+q166nW7v1VYVKVTVp3Ahb/4qVq9mNP3+utuvUUysWzdXm1ct0/EiipHPnWMNmrXVrt75XPM+LMrZKjToa/+4sLf7uS61eskDHjyTK29dPTVq2U5c+g/Xzt19qw8qfJEllygYU6vpoMpnUqedAtWzfSet/WaSNqxZr/95427WkbECQatVtoCat2qtV+8626tEAAAAAAAAAADRs1kbjJs3QrGlv6NsvPizwuHLlgzXyqYlq1+lOW0GH4laxSnU98twbmvnWeKWeSlblGrUlSS4m0zXFZDI7PzXE3cNLPQYMU9e+9yl++29a+fO32rx6mbLPnlHztreqz70Pq2adBjIMo9hi8i8XpJyc7AIX08hIT7N9VwEAABzD+a9SAMAJorr3K/RjMtw9vNSxSx917NKnwGOq1AjRx9+suWx7WHiEvlm7r8jtheHtU0Y9BgxTjwHDCjzGMAxVqFRN/YeNUf9hYwo1rmGzNmrYrM1V+5pMJoWFRygsPKLA8w9+6CkNfuipAvcHSrKzZ7I0/c0Y+QcG6d5R41S5Wm2ZXV1lsVh09OA/+u+HE219TWazKlWreckchmGoWq1QDXn0eQ159PlCbb+oY3ds26QvP5qkO+9+UK/PmC9fP38ZhqGM9NPa+Oti/fHbOlvfSlVrysPTy7Z8tWvjeWUDgtSt3xB16zekUPsEAAAAAAAAALh5GYaheo1baMKHXzs7lCIxu7opus9gGQtcNG3yc3r69emqVLWmPvj6V2eH5hAXfjc4apxzY6kTFq65n76n4b3bFnhMUMXKCm3Q9DpGBQDAzYUEVgAAACfLs+RqwaxpWjBr2hX7NW8TpRohYcUU1dXt3rFNU2JGXbGPyWxWu0497ao0AwAAAAAAAACAS1ksFm1dv0LVQ+qpSo0Q7frjN0lWZ4d1w6oTFq7x736pretXymKxXLW/yWRSi8jbVKVGSDFE9y9vb2/1799fFSpUKNbtAgBQHEhgBQAAKAVCwppo8ENPycvH19mhFJjJbNagEU8qPKKDs0MBAAAAAAAAAKDEO5V0Qj99+4W2/7Zerm7uGvzQUwosX8nZYd2wDMNQrdCGqhXa0NmhXJG7u7v69+/v7DAAALguSGAFUGAuLi7Ky8uTxWKRyWRyyJzn72RzcXFxyHwAUNqYXd3UJqqbXExmHdgXr4P/7FFO9llJUtmAINVt1EytO3ZRqw6d5O7h5eRo/1WxcnX1HzZGO7Zt1vEjB3X8SKKkc0mr1WvXU5OW7dS+cy9VrVlHhmE4OVoAAAAAAAAAAEq+wPIVNf6dr5SVmSFXVzeZXV2dHRIAAMB1ZcydO9caGhpqtzI8PFxWa9HK0AfGfO2IuAAUQdKEAZJkSxS62nl8vl9ycnKB5l+/fr1Onz6tmjVrOuzxBMeOHVNCQoLKlCmjtm3bFmqsv79/vusLu18A4GhcnwCcx/UAKBjOFQA3M66BwLXjPAIAoPTg7zYAAMD1dbnXW+edf92VmpoqSdq2bdt1jyk/4eHhkiRKHgIosKCgIElSQkKCjh07ZqueWhQWi8WWvHrh3AAAAAAAAAAAAAAAAACAG5/Z0ROerwAJ4MYTGBiozMxMHTlyRAkJCbbk02sVHByswMBAh8wFAAAAAAAAAAAAAAAAACj5HJ7ACuDGZTabVaVKFXl5eenEiRNKT09XXl5ekeZycXGRj4+PgoKCFBAQILOZyxEAAAAAAAAAAAAAAAAA3CzIGANQYF5eXkpNTZW/v7/8/f0dPjcAAAAAAAAAAAAAAAAA4Obg4uwAAJQeZrNZfn5+cnNzk2EY1zyfYRhyc3OTn58fFVgBAAAAAAAAAAAAAAAA4Cbi8IyxwJivHT0lgAJKmjDgum/DbDarTJky1307AAAAAAAAAAAAAAAAAIAbFxVYAQAAAAAAAAAAAAAAAAAAUKyu2zO7i6MSJIBzqHwMAAAAAAAAAAAAAAAAAChNqMAKAAAAAAAAAAAAAAAAAACAYkUCKwAAAAAAAAAAAAAAAAAAAIoVCawAAAAAAAAAAAAAAAAAAAAoViSwAgAAAAAAAAAAAAAAAAAAoFiRwAoAAAAAAAAAAAAAAAAAAIBiZXZ2AACcLyAgwNkhFInVar1ie2ndLwClH9cnAOdxPQAKhnMFwM2MayBw7TiPAAAoPfi7DQAAcH1d7fVWSUMFVgAAAAAAAAAAAAAAAAAAABQrKrACN7HSlnFfUDfqfgEo/bg+ATiP6wFQMJwrAG5mXAOBa8d5BABA6cHfbQAAgJsTFVgBAAAAAAAAAAAAAAAAAABQrEhgBQAAAAAAAAAAAAAAAAAAQLEigfUyZs2aJcMwbD+zZs2ytSUlJalLly62tvDwcMXHxzsxWue4+BhNmDDB1paVlaWRI0fa2rp06aKkpCQnRgsAAAAAAAAAAAAAAAAAAEqKEpHAeuTIEXXq1MkuGTIyMlL79+93dmhOER8fr/DwcLvjUZCfkSNHKisry9nhAwAAAAAAAAAAAAAAAAAAXFGJSGDdsWOHNm3aZLdu/fr1io2NdVJE1+biBFQSSwEAAAAAAAAAAAAAAAAAAP5ldnYA2dnZWrRokdLS0i5pW7p0qbp27SpPT08nRHZ5gYGBWrx4sbPDcLpBgwZp0KBBzg4D18AwDElScnKykyMpGn9//3zXl/b9AlD6cX0CcB7XA6BgOFcA3My4BgLXjvMIAIDSg7/bAAAA19flXm+VVE6vwHro0CGtX78+37bVq1dr3759xRyR89WtW1fbtm2T1Wq1/ezatUtNmjSx9RkxYoQyMzPt+kydOrXEJfsCAAAAAAAAAAAAAAAAAABczOkJrOvXr9emTZskSb6+vurVq5etbefOnVq7dm2+4+Lj4xUeHi7DMGQYhiZMmGDXnpSUpC5dutjau3TpoqSkpEvm+eeff/TEE0+oXr16MgxD9erV0yuvvKL9+/dfNuasrCyNHDky37knTJigevXqKS4uztZ/2rRp8vLysvVft25dwQ9QEeQX38mTJxUXF6dhw4YpMDBQI0eOVFZWliQpLi5OkydPVu/evW3HwTAMBQYGqkuXLpo8ebIOHDhwyXbWrVtn62sYhmbNmnVd9wsAAAAAAAAAAAAAAAAAANwYzM7ceEZGhpYvX25bjoiI0MMPP6z4+Hjt3LlTkrRkyRL179/f4aVtrVar5s+fr8cff9wuWTU+Pl4xMTEO3ZazZWZm6u2339b777+vtLS0S9p/+OEHvfDCC5esT05O1pIlS7RkyRJ99NFH+uKLL9SxY8fiCBkAAAAAAAAAAAAAAAAAANzAnFqBde/evXbVSNu0aaPWrVurQ4cOtnUbN27U7t27Hb7t2NjYS5JXb1Rr1qzRxIkT801eLaj9+/fr9ddf18mTJx0YGQAAAAAAAAAAAAAAAAAAuBk5LYHVarVq+fLltuRUX19fRUdHy9fXV+3bt7f1O3LkiJYuXSqr1eqwbWdnZ2v27Nl2yau9e/fWrl27ZLFYZLFYNHPmzCLNHRMTo127dqlJkya2dSNGjFBmZqasVqusVqsiIyOveR8KIyIiQqtXr7aLYerUqfL09JQkubm56b&quot;
08-31-2019 12:58:53 Wire.java DEBUG [Forwarding screenshot on session 7924db1cdca3d9f58beaf776318b9ec1 to remote] http.wire 87 - http-outgoing-3 &lt;&lt; &quot;nnnlNcXJzOnj0rq9Uqi8WiAwcO6MEHH7TNs3fvXh0+fLhYYwcAAAAAAAAAAAAA4GaRk5Ot7/77kT5//xXlZJ91djgAAADXldlZGz516pTWrl1rW46MjFTdunUlSS1atFCTJk0UFxcnSVq1apXuv/9+BQcHO2TbJ0+e1O+//25brl+/vl588UXb9iXJw8PDIdsqCcqWLauwsDBbwurFnn76aWVlZWnr1q165513tGHDBqWmpiouLk7Jycm2frt3776mKq4AAAAAAAAAAAAAABSHrMwM5eZkF7i/i8kkL29fGYZhG+/q6iazq+v1CvESOTnZ+nrmO1owa6rad7pTeXl5xbZtRzp7Jks52Wfl7VNGhotTHwxcKBaLRVkZaXYF1gzDkKe3r0wmk9PislqtSktLk8lkkre3t9PiAADgenBaAuvWrVu1fPly23JkZKQCAwMlSTVq1FDHjh1tCazLly/Xn3/+6bAE1rS0NKWkpNiWGzRooOrVqztk7tLGarVqwYIFGjdunOLj450dDgAAuAkc/GePXh07VCeOHpIk9Ro0UoMfesrJUQEAAAAAAAAAbgQ5Odn6fvZ0ffvFh4WqYOrq5q4X352luo2aaXvser35/ChVr11Po194S+XKFy5XYc+ePRo2bJhatGihiRMnFriAltnsqrDwVjIM6eQx5z0d9Y033tBrr72mn3/+WREREQUeZ7FYtGjup5o17Q1J0mPj31GbW7tdrzCVnJys4cOHS5KmT5+ugICAIs+VfvqU3n9lrGLXr7ikrWOXPnrwiZfl4elV5PmL+jshSfPnz9djjz2munXraurUqapdu3aR4wAAoKRxSgKrxWLRqlWr7Kp5xsTEKCYm5rJjfvzxR3Xo0EHu7u4Oj8fT01MupeiuH0eKjY3Vf/7zH+3fv1+SdPfdd2vUqFEKDQ2Vn5+fJk2apBdeeMHJUaKkOX78uI4ePaq0NPu7zwrDMAz5+vqqYsWKKl++vIMjtLdi0Tx99NrThR738LhJiure7zpEVDzSUlM08cn7tXvHtsv2KR9cVQ2btdat3fqqXqPmpeoOSAAAAAAAAAAAAOBiK36cq3mfvac+9zys23r0l7tH/k8qvVBubo4y0k6rcvXaykxP04pF85SRlqod2zbpvZcfL1ISa1EYhqFmbW7RqeQTdgmsJ44e0sy3xiv1VFKh5zSbzOo75FGFR3RwZKj5it/+m77970ey5OZKkn7+9r+q36SlygYEXfdtX6vdO+O0a3usnn59uuo1am5b/9fvm/T+K0+oXac71DSio1Ni27t3r9LT0xUbG6uDBw/aElizs7O1Y8cOxcbGateuXZKkWrVqqXXr1mrUqJHM5ktTgk6ePKnZs2crOjra7inFAAA4i1MSWA8ePKhffvmlUGM2bdqkw4cPq2bNmvm2Hz16VGfOnCnQXSomk8nuD3ViYqLS0tLk6+tbqJhuBMuWLbMlr9apU0fPPPOMGjdu7OSoUJLt27dPhw9f+91+VqtVp0+f1unTp5Wenq5atWo5IDoU1vEjiVqxKFErFs1Tt35DNHD42Gu6c/C8i6srtu90p0Y+/VqBPiAAAAAAAAAAAAAAiiIj/bQ2r16qTnfcpb5DHi3UY9/9A8tre+x6JZ84qqGjY5SXl6d1yxdqx7ZN+t/0KRr51KtydXN8wa2COHsmSwf2xdu+eyus5JPHHBzRpXJzcrR66ffKSEu1rduxbbPWr/hJXf/fvTIM47rHUFDWvDxlpJ+2FWvKzc3RuuU/KqR+Y1WvXc+ub7XadVWjTpjWLf9RNULqy2x2lSS5mEzy8vYtlv3q2bOnFi5cqGbNmqlly5ZKTk7WN998o5kzZ2rPnj3y8fFRo0aNlJOTo08++USSFBYWpmHDhqlPnz7y8fFRYmKi5s2bp2nTpiklJUXBwcEksAIASgSnJLDGxsZq/fr1hRqzadMmrVixQvfff7+kS5NQ161bp/j4eDVu3FhnzpzRunXrdODAgXznqlChgsLCwhQbGytJ+vXXXzV9+nQ9/vjjKlOmjFJSUrRjx44i7t2lse3YsUOJiYkKDQ0t8pzXS+7/3fkknUsC3rZtm8LCwuTi4qK9e/fqjz/+cGJ0KGmOHz9uS16tVauWypcvX6g3fReyWCw6fvy4LSHWx8fnuldixZX9NO9z+QeWV69BI0rUG0gAAAAAAAAAAACgIPIsFmVmpKtWvUaF/h5ze+x6TZv8rM5kZSk3N1f3PzZekrRu+UJVrFxNLqbrn16Rk31Ws6a9oc2rlykj/bQmPztSDz7+8nXfriNkZaZr/55dl6xfOGemGreIVJUaIU6IKn+HDuyzK8ZzoYf75V+pNn57rH79+VvbclDFynruzc+KZb/KlSun8uXLq3LlytqyZYuefPJJJSUlacCAAfr8888VGhpqy1HJzc3V33//rS+++EIvvviixo4da5unatWqGjJkiFavXn3dYwYAoKCKPYE1KytLS5cutS0HBwdrwYIFatWq1SV9f/jhB/Xs2dO2vHbtWt11113y9vZWUFCQatasaUtCjYuLU3h4eIFi8PX1VXR0tL788kvbupdeekkvvfRSUXfLTmBgoCpWrGhbXrNmjd2dK2vXrlVkZKRDtnWtKlWqZPt3Wlqa7rvvPt13331OjAgl2dGjRyWdS14NDr62R2SYTCbbHPv27dPRo0evWwJrVPd+iurez27dikXz9NFrT9uWHx436ZI+N5oL30RZrVYlnTiq7/77kZYumGXrs/HXn9WxS28FlKvgxEgBAAAAAAAAAACA4rM9dr0+f+8V3fXgE1q6YLamv/m8JOn+x8arcYtIRd7Wo8iFfQrDxWRW+0491azNrZLOfafq5x8oSXrkuTdksViKNG/VmnUcFuPlGIaR7zGqFdrQtg8lRfngKhod85YWz/9KCfF/auCIJ+Xlc/Un9mamp2n2tDfUot3tatnudpUPrlIM0do7fvy4goKCNHfuXNWoUeOSdrPZrLCwME2aNEljx47Vb7/9pqSkJDVo0ED169dXZmam4uLiij1uAAAup9gTWPft22d3N0dkZORly5I3adJEbdu2tVVrXbJkiXbt2qXmzZvLz89PgwcP1pIlS5SWlnbJ2D59+mjv3r2X/cPbq1cvjRkzRu+++26+7cHBwTpy5Ehhd0+SVLZsWfXs2VOLFi0q0vji1KNHD/Xs2VPff//9JW2+vr7y9PTU8ePHnRAZSqLz55ojE03Lly+vffv25XselzRnz2Rq46+LtWbZD9q9I04ZaalydXNXSP3GanNLV7Xv3FO+fv52Yw7+s8fu7r1eg0aq39BHtHrJAi3+7ivt37tLZQOC1L3/UHXre6/cPbyUk5OtTauW6If/zdC++D9VNiBInXsN1B0D7pent49D9sUwDJUrH6y+Qx7R3l1/aO+u7ZKk06eSlZmeZpfAmpOTre2/rdcvP36t+O1bdSr5hExms6rXrqfI23ooqns/u/3+6uPJWjBrqt321iz7QWuW/WBbfvmD/yksPKLC3I25AAAgAElEQVRAxzaqWz+1va2b3D28LuifpamTxtnmrBMWrnGTZ+rk8cP67r8fKXb9SrXuGK2RT78mdw9Phxwz4Ho7fuSglv/wP61Y9I1OJZ9Q2YAgtWx3uxo0a62vPnpdJ4+fe13Sa9BIDX7oKbuxVqtViQm7tWLRXP2+cZUO7d8rSSofXFUNm7XWrd36ql6j5jJcXC7Z7rWMzcnJVtzmNfrx60+1848tkqTa9Rqr0x136e8d27Ts+9mSin4X8vEjB/Xrz9/qt3W/aP/eXbLk5qpsQJAaNI1Qlz73XDYuAAAAAAAAAAAK6nzyau97HtLKn77Rjm2bJEnT33xenl7euq1H/2KLxWQyqXa9Rvm2NWjautjiKApPb1/VqttQu7bH2tZ1/X/3auDwsQ77jtNR3Nw9VL9JS8WuX6njhxPVoGnEJd/z5ictNUXevn6qUiNE9Zu0LIZI8+fp6akyZcpctV9QUJC6du1qty4zM/N6hQUAQJEUewLr2rVrtXPnTtty27Zt5efnl2/f4OBgRURE2BJYjxw5olWrVqlZs2YyDEN33nmnFi5cqHfeeUe//PKLJOm2227T6NGj1b&quot;
08-31-2019 12:58:53 Wire.java DEBUG [Forwarding screenshot on session 7924db1cdca3d9f58beaf776318b9ec1 to remote] http.wire 87 - http-outgoing-3 &lt;&lt; &quot;BhQ91zzz2XTWD19vbWpEmTFBERoWnTpmnVqlXy9fVVZGSkHnjgAaWmpur+++8v0j4ahqGhQ4cqKChIs2fP1i+//KLk5GT5+vqqVatW8vW9+p07xaVChQqaMWOGWrdurc8//1zx8fGSpPbt2+vFF1/U2rVrNX78eCdHiZIiNzfX9u+i3t2XH0fOdb3s2fmHPpz4pBITdtutz8k+q51xW7Qzbou++/JjPRozRY1bRMowjHzn+fuv3zV+9CDt2fHvtelU8gnNmjpZB//Zo+jeg/TlR69rZ9wWu/a5n76rE0cP6YHHX3JoQqa3j68qVq5uS2C92PEjifr49We0PXaD3XpLbq72xf+pffF/6peFX+vRmCmqE1awKtgXK8ix/eXHrzX6hbdUPrhqvnOcPZulb7/4UIvnfynLBb+nQGmxPXa93nx+lDLSUm3rTiWf0LIf/qdlP/zvimOzz57RN5+/r+//N+OS3//jRxK1YlGiViyap1u799Ww0S/YfUh0LWPPZGVqxpQXtGrxd3bj/v5zq/7+c2uhj8GFLBaLVvz4tT59d4Jyss/atZ1KPqF1v/yodb/8qJ4Dh2vA/Y/Jzd3jmrYHAAAAAAAAALg5XZy8Grd5ja0tuvdgWyXU4mKxWPTzt19o3mfvy9PTS/c+8qza3Nrtst89liQmk0lN29yiJQtmyZKbq2q166rnoBElLnn1cnJzcnQmK0PePmWUZ7UqKyNNnt6+cjEMZaSfloent7NDBADghlTsCawjRozQiBEjCtTXzc1Nb731lt5666182w3DUMeOHdWxY8d82xcvXnzF+d3d3XX33Xfr7rvvzrd92LBh+a739PTU1KlTNXXq1HzbpXNl2Xv16qVevXpdMYaCqlu3rrZt21agvgWJ70JBQUF65pln9Mwzz1zSFhUVpRdeeCHfcZGRkbJarQ6JAaVDXl6eJMcnnJ6ft6Q6euhAvgmWFzuVfEJTJ43TuMmfqFqt0Hz7nL9jMz+rFn93SSLYhTb++rM69xpY5ETR/KSdTlXiP//ul7uHp9zc3SVJKUnH9cGrT10xZkk6nJig2dPe0GMvvlfox38kJuzWey//R4cTE67Yb9f2WM377P3LJvAe2BuvA3vjC7VtoKQ4tH+vZrwZY5e8WlBWq1WL5n2u7778+Kp9Vy76Rv4BQRrwwOMymUzXNNZisWjhnJlXvGYVldVq1erF8zXz7RevmpD+49xPVa1WqDp26ePwOAAAAAAAAAAAN7YrJa926zdEA4ePlYen1xVmcLzM9NM6+M8eDRsTo7gta/XTvM/VuEWkTCaz9v39Z5G/p61as478Ax33lM3LqV23kWrXa6y//9yqA3vjtXn1UnX9f/eWigTc1UsXaN5n7+m5Nz/T6VNJeuGRu/XyB/9TmbKBenXsUD36/JuqWjP/74ABAEDRFXsCK4DS6/wbolwHV7gsyRVYrVar1i1faJe82rJ9J93/nxdVrnywkk8e0xcfTNS65QslSSeOHtLS+V9pyOgYmV1dL5mvSct2umfUOFWvVVc5Odma++m7WjBrWr7t2dln9Nl7r2j5D3MkSVmZGUpM2O2QBFZrXp6OHU7UrGlv2CV+hjZoKv9yFSRJm1cvtSWvmsxm9RvyqLr1HSIvH1+dPpWsz99/RauXLJAkbY/doD07/1Dztrdq8ENP6ZauffTq2KE6cfSQJKl9pzs18unX7JJPLRaLViyaa0te9fb1072jxql9pzvl6uau40cS9eHEp20xbN2wUocP3KeaoQ0u2Z9KVWvqwbGvKLRBuEMr1ALXm9Vq1arF39klcVetWUcjnnxVdRo0lYthaOvGVXrtqfyrwh87nKiVi+bZlr19/TTssRfU7vY7JUlb1izTx5PG2ZJjlyyYrYiOXVS7XqNrGnskMUErLhhrMpt1x4AH1GvQcPmUKav006c0dfKz2vjrlW8myk9K0nG7asohYU00bMwLqlO/ifKsVsVtXqN3X/6PMtJSZcnN1cZVS9SqQ7Q8vbjzGQAAAAAAAABQMNtj1+vdl/6j5pFR+mXhHLunEToreVWSfP38NfKpicrKSFfclrXy9PKRi4tJSSeO6oNXn7R991ZYD4+bpKju/Rwc7aXKlA1Qx+hetie1LZwzUw2btbls8R8AAAAXZwcAoPTIy8tTXl6eLBaLQ3/Oz1sSZWak2VUg9fTyVq+BI1SufLAkKaBcBfUb8qiCKla29dm9M04Z6afzna9maEPVCKkvw8VFbu4eatbmlsu2u3t4KfK2Hg7blxNHD+mxwZ3Vt10t9esQokfuulUbVv5ka/f29dPtd94lV1c3ZWVmaNsFd5mGNWmpLn3ukZePr6Rzbz7vGHC/XcXV/Xt2Fiqe1OQTdh8GRHTorA7RveTm7iHDMFShUjX1HDj83/4pSTp66EC+c3n7+qlGSD2SV1HqZGakae+u7bZlk9mswQ89o3qNW8hkMslwcZGn1+U/IEv4+y+75NeIDp3VNqq7TCaTTCaTIjpGK7rXQFt7RlqqEv7+65rHJibstvuQrHmbKPW55yH5lCkrSXJ1c5erq1uRjknC3zvsjskd/YcptEFTGS4uMplMatKqvTpG/1vh/khigtJSk4u0LQAAAAAAAADAzWd77HpNe+M5terQWRt/XVxiklfPS0zYrYlP3a8TRw9p6JgY2/dzpUXrW7qqUfM2ks59PznzrfFKSTru5KgAAEBJRQVWAAV2PsnU0cmmJTV5VZLyLBZlZqTblitUrq6gipXs+vj5B6psQJAtmev0qWSlpabYJXcWlclkuuY5CiKoYmWNjnlLoQ2aSpJyc7J1KumErX177AYN6dbsinNceJwKIjMj3e6R6SsWzbOr6JifrMzCbQMo6S6+xgRXqaGqNUMKPP7ic6J6SD27xFHDMFSxSg27PucTwR05NqR+Y4d9gJaactJu+e0Xx+jtF8dctv/ZM1nKPnvWIdsGAAAAAAAAANzYDicm6MuPXteIJ19Vw2Zt1CC8laZPeUEZaam25FWTySSLxVJs39Nd6FTyCc2YEqPQBk3VqedA/bZuuTy8vOXu4alqterKL6Bcoec0m8wK+L8nMBYHP/9A3T18rPaNHaaMtFTt2LZJX370uh58/GV5evvY9c3NyVFOTjZPWSsiq9WqlJQUxcXF6a+//pLFYpGPj4/at2+vkJAQubhQ0w4AUPKRwAoANymT2azqtesp8rYeiureT75+/s4OCbjpmV3dZDa7OjuMQnP3pPoxAAAAAAAAAKDky7NYZLVa9dfvm1S5em01aNZaIfUaqXKNEA0cPlZZmel6e/wY3fXAYwoLjyj2+A4f2Kcd2zZrx7bN+n72dAVVrKzwVh1UpUaIxk2eWezxFFWdsHA98uxkfTDxKWWkpWr1kgVKOXlMw598VcH/VzzjTFamZkx5QetXLFK/IY+qe/8hcvdwXuXb0iQrK0vLly/X/PnztWTJknz7tGnTRsOHD1d0dLQ8PDyUnZ2trVu36pNPPtGKFSs0aNCgYo4aAID8kcAKAFfgYjLJ64I7AY8d2q8TRw8rIKiibV1GeppdJdEyZQNKZDJoUMXKeu7Nz1SlxtWrO16837XrNdLTr0936N2Zbu7ucvf4N+ktomO0Hn1+ilMfyQIUN8Mw7O7gTjl5TKkpSXbXmCvx9LK/U3n/nl3Kycm2VVK1Wq1KOWn/WJ6Klatd81iT2f4l5LFDBxx2N/rFcT34xMuK7j34mucFAAAAAAAAAECS0k+f0rLvZ8s/sLy2blhhS1718PTSvvjt2rFtk9NiC23QTJ8tirUtG4YhT2/HPAGtOBmGoRbtbtewMTGaOvk55WSf1fbYDXr83q7qN+RRRfXop4VzPtGqxd9JkmZPf1Mrfpqn+0Y9q2Zto5xS/bY02bBhgzZs2KDo6GjNmjVLERER8vf3l2EYdomqQ4cOvWRsmzZtNGfOHHXs2NEJkQMAcCnqhQPAFXh5+9rdXZmVmaEFs6fp5PEjkqTTp5I199N3dDgxwdanTv0m8vYpU+yxOtLF+71313bNnDJe+/7+U7k5OZLOJbelnz6luC1rNXncSK386RtbfxeTye6N5f598Tp57LDdNvzLVVBog6a25d/W/aL/fviaDi&quot;
08-31-2019 12:58:53 Wire.java DEBUG [Forwarding screenshot on session 7924db1cdca3d9f58beaf776318b9ec1 to remote] http.wire 87 - http-outgoing-3 &lt;&lt; &quot;cmyGKxnNtGXp5OJZ/UhpU/K2bUAKd+YABcD57evqpVt6FtOTUlSQtmT1fyyWOSzt19vO/vvy47vmZoA1WqWtO2vGn1Uq1fsUgWi0UWi0W/b1ylH+b8e0e2t6+faoY2uOax1WqGys8/0Na2askCbVmzTBaLRda8PB0/clBHDx0o0jG5OK55n72vJfNn6fSpZFmtVknnHil09NABzf9qql59YqjSUlOKtC0AAAAAAAAAwI0pKzM93/Vms6sqV6+toOAqWvnzN6pas64tebUkMFxcZBiG3ToXw5A1L0/pp08pLTWlSD/nv98r1n0xDHWI7q3HX3pP3r5+kqSc7LOaPf1NPXBnhL6fPd2u/9GD+/XW+NHasyOu2GMtTQIDAzV06FBt3LhRs2fPVteuXRUQEGD7vXFzc1Pr1q01ffp0bdy4Ua+++qrGjx+v9957T5s3b9bChQvVuXNnubu7O3lPAAA4hwqsAHAFhmEo8vY7tHb5D0pM2C1J2rJmmbasWZZv/6CKldW592CZXUvfI8AvZBiGonr0U9yWtbak0c1rlmrzmqWXHdOi3W22f5fx81fZgCBbAtuBvfEaM6iTrf3lD/6nsPAI3XHXA9r1x2/nklZzc7V0wSwtXTDrOu0VUPKYTCY1bXOLliyYJUturiRp3fKFWrd8YYHGV6hUVbd276dZUydLkjLSUvX+hCf0/oQn8u0f3WugatQJu+axwVVrql7jFtq0aolt7JvPP1zAvb76PvUe/JCmvvGsLLm5OpV8QjOmxGjGlJh8+9cJC3fIdgEAAAAAAAAApZ+bu4cqVq6mv7Zu0q1d+8rLx756acUq1fX8lM/zHWu1WvXPnl2qUiNE5SpUKo5wL3EkMUGvjh2qE0cPSTr3Gfizb3yi1JQku/WF9fC4SYrq3s+RoRaIYRhq2b6Txr/zpaZPiblqcmqFSlXlXy6omKKzV6NOfXXpc4/8/APl5u6ugcPHqlyFSjK7uqlTz4EqG+CcuC4WFRWlqKioq/YzDEOhoaEKDQ0thqgAACg6ElgB4CoqVq6mUc++oQ8nPmlLYs1P2YAgPTxukqrVujHeBPgHltcjz03Wx68/o+2xGwo11tvXT21v66Fd22Ov2K9qzToa/cLbVz22wI2scYt26nvfI/rmiw9sSawFZRiGuvcboqyMNH3/vxlXHH9bj/7qc+8oW3Xkaxnr4emlux98XIcP7HP4uWsYhjp06a3c3Gx9+u4E5WSfdej8AAAAAAAAAIAbl7uHp6J69Nebz4/ShMfvU+OWkXJxKdjj6A8f2KeNqxar732PKLC8cxJYzWZXhTZoqkeff1PzPntPHTr3lk+ZskpNSXJKPI5Sq25DvfTeLC37fo5+/PoT29MuL2Qym3X7HXc57djXCm2oWqHnnprn6+evPvf+W7ijzz0PSRJPhAMA4DoggRUACiCkfmO9PmO+Nv66WKuXfq8d2zYrJ/usXN3cFVK/sdrc0lXtO/eUr5+/s0N1qPLBVfX8W/9V/Pbf9OvP3yn+z606tH+vpHNvIitXr62GTVureeRtqt+4hW2cYRiK7j1YZQPK6Zcf59qOl8lsVvXa9eTh5W3rG1K/sSbN/F7bYzdoxaK5Svh7h44fSZQkubq5q0ZIfTVs1lot23dS7XqNi/cAAMXAZDKp732PKLRBU/0wZ6btfKleu55u7dZXFSpV1aRxI2z9K1auZjfezd1Ddw8fq3ademrFornavHqZ7RwqH1xVDZu11q3d+qpeo+YyXFwcNrZKjToa/+4sLf7uS61eskDHjyTK29dPTVq2U5c+g/Xzt19qw8qfJEllygYU6vpoMpnUqedAtWzfSet/WaSNqxZr/954ZaSlSjp3w0Ctug3UpFV7tWrfWT5lyhZ4bgAAAAAAAADAja1hszYaN2mGZk17Q99+8WGBx5UrH6yRT01Uu0532go6FLeKVarrkefe0My3xiv1VLIq16gtSXIxma4pJpPZ+akh7h5e6jFgmLr2vU/x23/Typ+/1ebVy5R99oyat71Vfe59WDXrNJBhGMUWk3+5IOXkZBe4mEZGeprtuwoAAOAYzn+VAgBOENW9X6Efk+Hu4aWOXfqoY5c+BR5TpUaIPv5mzWXbw8Ij9M3afUVuvxJfP3+9Nv27Io29kMlkUlh4hMLCIwo9rm1Ud7WN6n7Vvm7uHmre9lY1b3trgeZ29/DUmPHvaMz4dwoVE1ASnT2Tpelvxsg/MEj3jhqnytVqy+zqKovFoqMH/9F/P5xo62sym1WpWs1L5jAMQ9VqhWrIo89ryKPPF2r7RR27Y9smffnRJN1594N6fcZ8+fr5yzAMZaSf1sZfF+uP39bZ+laqWlMenl625atdG88rGxCkbv2GqFu/IYXaJwAAAAAAAADAzcswDNVr3EITPvza2aEUidnVTdF9BstY4KJpk5/T069PV6WqNfXB1786OzSHuPC7x1HjnBtLnbBwzf30PQ3v3bbAY4IqVlZog6bXMSoAAG4u1y2BNTCmdL4YBAAAKG55llwtmDVNC2ZNu2K/5m2iVCMkrJiiurrdO7ZpSsyoK/Yxmc1q16mn3D08iykqAAAAAAAAAABKJ4vFoq3rV6h6SD1VqRGiXX/8Jsnq7LBuWHXCwjX+3S+1df1KWSyWq/Y3mUxqEXmbqtQIKYbo/uXt7a3+/furQoUKxbpdAACKAxVYAQAASoGQsCYa/NBT8vLxdXYoBWYymzVoxJMKj+jg7FAAAAAAAAAAACjxTiWd0E/ffqHtv62Xq5u7Bj/0lALLV3J2WDcswzBUK7ShaoU2dHYoV+Tu7q7+/fs7OwwAAK4LhyewJk0Y4OgpAZQQLi4uysvLk8Vikclkcsic5+9kc3Fxcch8AFDamF3d1Caqm1xMZh3YF6+D/+xRTvZZSVLZgCDVbdRMrTt2UasOneTu4eXkaP9VsXJ19R82Rju2bdbxIwd1/EiipHNJq9Vr11OTlu3UvnMvVa1ZR4ZhODlaAAAAAAAAAABKvsDyFTX+na+UlZkhV1c3mV1dnR0SAADAdWXMnTvXGhoaarcyPDxcVitl6IHS6nyi0NXO4/P9kpOTCzTv+vXrdfr0adWsWdNhjyc4duyYEhISVKZMGbVt27ZQY/39/fNdX9j9AgBH4/oE4DyuB0DBcK4AuJlxDQSuHecRAAClB3+3AQAArq/Lvd467/zrrtTUVEnStm3brntM+QkPD5ckUfIQQIEFBQVJkhISEnTs2DFb9dSisFgstuTVC+cGAAAAAAAAAAAAAAAAANz4zM4OAEDpERgYqMzMTB05ckQJCQm25NNrFRwcrMDAQIfMBQAAAAAAAAAAAAAAAAAo+RyewBoY87WjpwRQQEkTBlzX+c1ms6pUqSIvLy+dOHFC6enpysvLK9JcLi4u8vHxUVBQkAICAmQ2k08PAAAAAAAAAAAAAAAAADcLMsYAFJiXl5dSU1Pl7+8vf39/h88NAAAAAAAAAAAAAAAAALg5XLcE1utdCRLAv4qr8rHZbJafn58yMzOVk5Mjq9V6TfMZhiFXV1d5eXlRgRUAAAAAAAAAAAAAAAAAbiJkjAEoFLPZrDJlyjg7DAAAAAAAAAAAAAAAAABAKebi7AAAAAAAAAAAAAAAAAAAAABwcyGBFQAAAAAAAAAAAAAAAAAAAMWKBFYAAAAAAAAAAAAAAAAAAAAUKxJYAQAAAAAAAAAAAAAAAAAAUKxIYAUAAAAAAAAAAAAAAAAAAECxIoEVAAAAAAAAAAAAAAAAAAAAxYoEVgAAAAAAAAAAAAAAAAAAABQrs7MDAOB8AQEBzg6hSKxW6xXbS+t+ASj9uD4BOI/rAVAwnCsAbmZcA4Frx3kEAEDpwd9tAACA6+tqr7dKGiqwAgAAAAAAAAAAAAAAAAAAoFiV2gqs69atU7t27WzLX331lQYNGuTEiIDSp7Rl3BfUjbpfAEo/rk8AzuN6ABQM5wqAmxnXQODacR4BAFB68HcbAADg5uSUCqxJSUnq0qWLDMO47E+NGjU0YMAALV68WGfP/n/27j3MyrLeH/97ITIijidS8RQTisBWg8xEnG94yBTLw0Yzy9PONjsMUzLMEhxKQCPIIztR21yaCiWlaFsLyF&quot;
08-31-2019 12:58:53 Wire.java DEBUG [Forwarding screenshot on session 7924db1cdca3d9f58beaf776318b9ec1 to remote] http.wire 87 - http-outgoing-3 &lt;&lt; &quot;PsRkBTI0qdUANFUJShHFAGhlm/P7xYP0kOg9IC9fW6rvXHep77vp/P/TwL/uB683kaN0eZAAAAAAAAAAAAAPwLbJYAa0vMmzcvEydOzHHHHZdvfetbWbZs2eYuCQAAAAAAAAAAAIBNYIsNsL7dbbfdlhkzZmzuMgAAAAAAAAAAAADYBLaIAGv37t3zzDPPpFgsprm5OX/7299y0kknlc43NDTk5Zdf3owVAgAAAAAAAAAAALCpbBEB1rcrFAqpqqrKiSeeuMbxysrKjV6rubk506dPz8CBA3PQQQelUCikUCikV69eqampydNPP51isbjWuY2NjZk8eXL69u2b7bffPttvv32OO+64TJgwIRdddFFprR49eqSuru5d7RUAAAAAAAAAAADgw6j15i7gnxWLxTz77LO56667Ssf69u2bXr16bdQ69fX1qampyfXXX/+OczNmzMiMGTNy7bXX5tJLL83AgQNTUVFROr9s2bJcfPHF75g7efLkTJ48eSN3BAAAAAAAAAAAAMDbbREB1lmzZqVr165rPXf22WdnxIgR2WWXXVq8XmNjY6644oq1hlffrqGhId/5zneyxx575IwzzkihUMiqVaty/fXXb3AuAAAAAAAAAAAAAO9Oq81dwIbMnDkzd911V5YtW9biObNmzcqECRNK37t3755p06Zl1apVeeONN3LTTTelsrKydP5//ud/8uKLLyZJnn322YwfP750rrKyMsOGDUt9fX2KxWLq6+tzzjnnbIKdAQAAAAAAAAAAAHw4bfEB1rq6unzzm9/MxRdf3OIQa21tbRYuXFj6fvbZZ+f//b//l1atWqVt27Y588wzc/rpp5fO/+53v8vcuXNL15s1a1bpXN++fTNw4MDstNNOSZJtttkmbdq02RRbAwAAAAAAAAAAAPhQ2iICrN27d88zzzyTYrGYYrGYlStX5pFHHknPnj1LY2677bbMmDGjRestXbp0je8HHnhgCoVC6Xvbtm2z5557rjFmdQfWhoaGNY736NEj22+//UbtBwAAAAAAAAAAAIB1a725C1ib1q1b55BDDslRRx2VmTNnJnkrWProo4/mM5/5TFlr2Xbbbct6PQAAAAAAAAAAAIB/tR49emzW628RHVhbaptttmnRuO22226N77Nnz06xWCx9b2xszGuvvbbGmL333jvJW+HZt5s3b15WrVr1bsoFAAAAAAAAAAAAYC22yADrm2++mUmTJmXChAlrHD/ggANaNL+6ujq777576futt96a3//+92lubs6KFSvy85//PDfffHPp/OGHH56qqqokSbdu3dK5c+fSuQkTJuTXv/51mpqa0tzcnHnz5mXu3LnvZXsAAAAAAAAAAAAAH2qtNzzkX2/WrFnp2rXreseceuqpOfjgg1u0Xvfu3XP66afnyiuvLK3fu3fvdY7v169fqQPrPvvsk+rq6syZMyfJWx1YTzzxxBZdFwAAAAAAAAAAAIAN2yI7sP6zvn37ZvTo0dlpp51aNL6ioiKDBw/OgAED1juusrIyo0aNype+9KUUCoUkSbt27fLd73431dXV77luAAAAAAAAAAAAAN5piw2wdunSJV/60pfym9/8Jj/72c/SsWPHjZq/8847Z8yYMXnkkUdywQUXpEuXLqVzhx56aC699NLMnDkzF110UVq3XrMRbZcuXTJp0qT84Ac/yCc+8YkkSceOHfOf//mf+f3vf5+vfvWrpbG77LJLdt555/ewUwAAAAAAAAAAAIAPl9YbHrLptW/fPpMnT35Pa1RXV6dYLK53TKtWrdKrV6/06tVro9aura3N8OHDM2DAgPz2t7/NzjvvnEKhkH/84x/53//93zzwwAOlsfvss0+22267d7UHAAAAAAAAAAAAgA+jzRJgfT+YMmVKpkyZst4xlZWVOfnkk9O2bdsyVQUAAAAAAAAAAADw/tdqcxfwflVZWZkrrrgiRx111OYuBQAAAAAAAAAAAOB9RQfWtfjYxz6WH/7wh5k+fXrmzZuXJ598MslbodVDDjkkhx9+eL7whS+ka9euKRQKm7laAAAAAAAAAAAAgPcXAda12GOPPXLxxRdv7jIAAAAAAAAAAAAAPpAEWOEDTIdgAAAAAAAAAAAAtkStNncBAAAAAAAAAAAAAHy46MAKH+HklDAAACAASURBVEDFYnFzlwAAAAAAAAAAAMAW6PXXX9/cJSTRgRUAAAAAAAAAAACAMhNgBQAAAAAAAAAAAKCsBFgBAAAAAAAAAAAAKKvW/6qF29fc8a9aGgAAAAAAAAAAAID3MR1YAQAAAAAAAAAAACirTd6BdfHw0zb1kgAAAAAAAAAAAAB8gOjACgAAAAAAAAAAAEBZCbACAAAAAAAAAAAAUFYCrAAAAAAAAAAAAACUlQArAAAAAAAAAAAAAGUlwAoAAAAAAAAAAABAWQmwAgAAAAAAAAAAAFBWAqwAAAAAAAAAAAAAlJUAKwAAAAAAAAAAAABlJcAKAAAAAAAAAAAAQFkJsAIAAAAAAAAAAABQVgKsAAAAAAAAAAAAAJSVACsAAAAAAAAAAAAAZSXACgAAAAAAAAAAAEBZCbACAAAAAAAAAAAAUFYCrAAAAAAAAAAAAACUlQArAAAAAAAAAAAAAGUlwAoAAAAAAAAAAABAWQmwAgAAAAAAAAAAAFBWAqwAAAAAAAAAAAAAlJUAKwAAAAAAAAAAAABlJcAKAAAAAAAAAAAAQFkJsAIAAAAAAAAAAABQVgKsAAAAAAAAAAAAAJSVACsAAAAAAAAAAAAAZSXACgAAAAAAAAAAAEBZCbACAAAAAAAAAAAAUFYCrAAAAAAAAAAAAACUlQArAAAAAAAAAAAAAGUlwAoAAAAAAAAAAABAWQmwAgAAAAAAAAAAAFBWAqwAAAAAAAAAAAAAlJUAKwAAAAAAAAAAAABlJcAKAAAAAAAAAAAAQFkJsAIAAAAAAAAAAABQVgKsAAAAAAAAAAAAAJSVACsAAAAAAAAAAAAAZSXACgAAAAAAAAAAAEBZCbACAAAAAAAAAAAAUFYCrAAAAAAAAAAAAACUlQArAAAAAAAAAAAAAGUlwAoAAAAAAAAAAABAWQmwAgAAAAAAAAAAAFBWAqwAAAAAAAAAAAAAlJUAKwAAAAAAAAAAAABlJcAKAAAAAAAAAAAAQFkJsAIAAAAAAAAAAABQVgKsAAAAAAAAAAAAAJSVACsAAAAAAAAAAAAAZSXACgAAAAAAAAAAAEBZCbACAAAAAAAAAAAAUFYCrAAAAAAAAAAAAACUlQArAAAAAAAAAAAAAGUlwAoAAAAAAAAAAABAWQmwAgAAAAAAAAAAAFBWAqwAAAAAAAAAAAAAlJUAKwAAAAAAAAAAAABlJcAKAAAAAAAAAAAAQFkJsAIAAAAAAAAAAABQVgKsAAAAAAAAAAAAAJSVACsAAAAAAAAAAAAAZSXACgAAAAAAAAAAAEBZCbACAAAAAAAAAAAAUFYCrAAAAAAAAAAAAACUlQArAAAAAAAAAAAAAGUlwAoAAAAAAAAAAABAWQmwAgAAAAAAAAAAAFBWAqwAAAAAAAAAAAAAlJUAKwAAAAAAAAAAAABlJcAKAAAAAAAAAAAAQFkJsAIAAAAAAAAAAABQVgKsAAAAAAAAAAAAAJSVACsAAAAAAAAAAAAAZSXACgAAAAAAAAAAAEBZCbACAAAAAAAAAAAAUFYCrAAAAAAAAAAAAACUlQArAAAAAAAAAAAAAGUlwAoAAAAAAAAAAABAWQmwAgAAAAAAAAAAAFBWAqwAAAAAAAAAAAAAlJUAKwAAAAAAAAAAAABlJcAKAAAAAAAAAAAAQFkJsAIAAAAAAAAAAABQVgKsAAAAAAAAAAAAAJSVACsAAAAAAAAAAAAAZSXACgAAAAAAAAAAAEBZCbACAAAAAAAAAAAAUFYCrAAAAAAAAAAAAACUlQArAAAAAAAAAAAAAGUlwAoAAAAAAAAAAABAWQmwAgAAAAAAAAAAAFBWAqwAAAAAAAAAAAAAlJUAKwAAAAAAAAAAAABlJcAKAAAAAAAAAAAAQFkJsAIAAAAAAAAAAABQVgKsAAAAAAAAAAAAAJSVACsAAAAAAAAAAAAAZS&quot;
08-31-2019 12:58:53 Wire.java DEBUG [Forwarding screenshot on session 7924db1cdca3d9f58beaf776318b9ec1 to remote] http.wire 87 - http-outgoing-3 &lt;&lt; &quot;XACgAAAAAAAAAAAEBZCbACAAAAAAAAAAAAUFYCrAAAAAAAAAAAAACUlQArAAAAAAAAAAAAAGUlwAoAAAAAAAAAAABAWQmwAgAAAAAAAAAAAFBWAqwAAAAAAAAAAAAAlJUAKwAAAAAAAAAAAABlJcAKAAAAAAAAAAAAQFkJsAIAAAAAAAAAAABQVgKsAAAAAAAAAAAAAJSVACsAAAAAvA80NTWltrY2AwcOTNeuXVMoFFIoFHLEEUdk1KhRqaurS7FYfE/XePPNN/Pwww9n8ODB6dWrV+kaBx10UEaMGJEXXnhhvfPnzp2bQYMGlerr2rVrBg0alLlz57bo+g0NDTn77LNz7rnn5s0331zv2Obm5kyfPj39+vVLVVVVqc6RI0fm1VdfbfGe12XRokW56aabcsIJJ6R9+/YpFAqpqqrKaaedlnHjxmXRokVrjK+trS3dr7d/2rdvnxNOOCHjxo3LsmXL1nqtxYsXp0+fPikUCunRo0fq6urWWdeyZctyzjnnrHPs+PHj11rHQQcdlEGDBuXpp59+x+/k7df/50+vXr1SU1PTomfY2NiY3/72tznnnHNKv4HV+7/pppuyePHiDa4BAAAAAHx4CLACAAAAwBasWCzmiSeeyCmnnJKf//znOeOMM/Lkk0+mWCymubk5d955Z7p27ZpvfvObueSSS95TePOJJ57IkUcemR/84AeZMWNG6fiTTz6Zmpqa9O7dO7/73e/WOnfatGnp06dPrrrqqlKosq6uLldddVWOOOKIdc5L3grnzp8/Pz/60Y9y9913b7DOpqamXHnllTn22GMzbty4zJs3r1TnJZdcks9+9rOZPn36xmx9jbXHjh2bbt26pX///rn33ntTX1+fJJk3b14mTpyYfv36Zd99983IkSOzYsWK9a5XX1+fe++9N/369cvJJ5+cOXPmrHf8rFmzct99960zjPyXv/wlU6ZM2eh9Pfnkk7nqqqvSs2fP/PjHP05TU1OL5s2YMSMjRozIEUcckbvuumuddc2ZMydf+MIXcswxx+SWW24p/QZW779///6prq7O5MmT33PQGgAAAAD4YBBgBQAAAIAtVLFYzKRJk/Kd73wnNTU1ue6663LIIYekbdu2SVLqcHniiSfm7rvvTpcuXfKVr3xlgyHJddlqq60ycODAzJw5M3//+9/T3Nyc5ubmzJ8/PwMGDMi8efMyYsSILFy4cI15S5YsyTXXXJMFCxZk2LBhqa+vT7FYzD/+8Y+MHj069fX1a52XvNUxdOutt87ee++dYcOGpaGhYYN1/vKXv8zw4cPTqVOn/OY3v0ljY2OpzosuuiizZs3KkCFD8tJLL23U/lcHYwcMGJCVK1empqYmzz77bFauXJlisZjGxsbMnj07l112WbbeeuvMnTs3q1atWmONYcOGpVgslj6NjY158MEHU11dnalTp+bGG29MY2PjWq/frVu3fPrTn87EiRPX2vG0qakp99xzT5KkS5cu693L7bffXqqhubk5r732Wq666qpsvfXWGTx48FoDxccee2xee+210rxVq1blueeey9e+9rXMmzcvV111VSks/HZz587NOeeck3vvvTdHHHFEfvvb3+aNN95IsVjMypUr86c//Slnn3126urqcu6552batGnrrR0AAAAA+HAQYAUAAACALdS0adMyZsyYXHfddTn44INTKBTWObaioiJf+cpXcsYZZ+Q73/lOXnnllY2+3qGHHpprrrkmhxxySHbYYYfSa+T33HPPXHrppTn66KMzc+bMd4QY//CHP2TSpEk5/fTTc9FFF2WnnXZKkmy//fY5//zzc8455+T+++9/111R3+61117LT3/602y33Xa57rrr0qdPn7Rp06ZU54gRIzJo0KA89NBDmTx58kat/cgjj+Taa69Nx44dc8cdd+Syyy7LPvvsk9atWydJ2rRpkwMOOCBDhw7N448/vsEQ6eo5Rx55ZK666qrsvvvumT59el5++eW1jv3oRz+aM888M0899VTuv//+d3Qqraury6RJk9K/f//07t27xftaHXT+5je/mSFDhqShoSH33XffBrvHtmrVKp06dcrIkSPTt2/f1NbW5k9/+tMaY5qamvKTn/wktbW1Oemkk/Lzn/88Rx99dClk3bp16xx44IEZN25cRo4cmXnz5uWyyy7b6HAxAAAAAPDBI8AKAAAAAFuguXPn5oorrsj3v//9dOvWLUnS3Nychx56KF/84hfTvn37bL/99jnuuONy0003ZdGiRSkUCvniF7+Ynj17ZvTo0evs9Plu7Ljjjtlnn33S0NCwRtfRYrGYmTNnJkk+/elPl4KLq1VUVOQzn/lMkreCrv/csfSMM84odfx85pln0r179/XWsXjx4ixcuDAf//jHs//++7/jfEVFRfr27ZvKyso88cQTWb58eYv219jYmDvvvDMLFy5M//79c8wxx6w3MFxVVZULL7zwHftdl4997GPZf//9s2zZsvXWdOSRR+boo4/OxIkT1wi6FovFTJkyJUnyuc99Lq1abfw/7RYKhfTs2TNJ8sYbb7zjWazLjjvumI9//ONJ8o4OuatDtd26dcuwYcOy2267rXWN1q1b52tf+1pOPfXUPPTQQ3n44Yc3un4AAAAA4INFgBUAAAAAtjDFYjF33XVXDj744FRXVydJ3nzzzQwfPjxHHXVUfvGLX6S+vj4NDQ2ZPHly+vfvnxtvvDHJW0HBM888M3/5y18ya9asTVbTihUrsnjx4nTu3DmVlZWl48uXL8/8+fOTvBXqXJuqqqp07tw58+fPzxtvvLHJalqXj3zkI+nUqVOee+65LFu2rEVzXnzxxdTW1qZz5875/Oc/n6222mqT1vSPf/wjS5YsSbt27bLNNtusc9zOO++cz3/+87n//vvz4IMPlo7PnTs3EydOTN++fVvU+XVdWhpafbvGxsa8+uqrSbLGs0+SP//5z3n66afTu3fvdO7ceb3r7LTTTjn22GOTvNXttqXhYgAAAADgg0mAFQAAAAC2MC+//HIefPDBnHTSSaXX10+dOjVXXnlljjnmmDz66KNZuXJlmpubs3Dhwlx33XVrhCL32GOPfPazn8299977rgKLazNr1qzU1tamR48e2XvvvUvHVwdYDzzwwLRv336tcysqKrLttttm0aJFG3xt/YZss802adeuXV544YVN+hr6V155JY8//nj222+/Nfa3KRSLxcyYMaO0/kc+8pH1jv/c5z6Xo48+OnfeeWeWLFmSJHnwwQfzwgsv5KSTTsrWW2/9rupoamoqdXHt0qVLi7vH/u1vf0ttbW26deuWffbZZ41zf/3rXzdqvf333z+VlZUbFS4GAAAAAD6YBFgBAAAAYAuzYMGCtGnTptTRsqGhIXfeeWd23nnnXH755fnUpz6V1q1bp1AopEOHDjn//PPz7W9/uzS/UCjksMMOyzPPPJOlS5e+53peeeWVXHXVVWnTpk3OO++87LTTTqVzzc3NaWpqSqtWrVIoFN7ztTakQ4cO6dWrV55++ul8+9vfzmOPPZampqYkb3WJffbZZzN+/Pg8//zz72r9vfbaa70dUjfWkiVLcvPNN+fSSy9Nx44d069fv7Rr1269czp06JDjjjsu999/f6ZNm5ZFixblV7/6VU499dR07959o2toamrKc889l0suuSRjxoxJz549c/zxx29w3ooVKzJt2rR885vfzKxZs3LOOeeka9euax276667tqiWnXbaKZ06ddqo+gEAAACAD6bWm7sAAAAAAGBNL730UnbddddSkLK+vj7PPfdcPvWpT23wNe2r7bTTTmlsbMzf//737LDDDu+6lvr6+tTU1OTBBx/M1Vdfnerq6ne91qZQUVGR/v37Z/bs2Zk6dWqmTp26Wev5Z0OHDs3QoUPfcbx79+658sorc9hhh21wjUKhkL59+2bixIm5++678/e//z0PPfRQJk2alIqKirz55psbXOPMM8/MmWee+Y7jXbp0yahRo9b6O5oyZcpau8NWVlbmRz/6UQYMGJCtttpqg9cGAAAAAGgJAVYAAAAA2MI0NDSs8X358uVZtmxZ2rdvnzZt2rR4neXLl2f58uXvuo5XX3&quot;
08-31-2019 12:58:53 Wire.java DEBUG [Forwarding screenshot on session 7924db1cdca3d9f58beaf776318b9ec1 to remote] http.wire 87 - http-outgoing-3 &lt;&lt; &quot;01gwYNyt13352ampr8x3/8R1q33vz/pNi5c+fcddddufXWW3PHHXfkd7/7XZLk8MMPzxe+8IX827/9W84999zsvffeLXqt/dvNnz8/y5cv3+h563PooYfmZz/7Waqqqlo856Mf/WiOOeaYXHPNNfn1r3+dU045JYceeui7un5lZWUOOeSQ/Pu//3u+/OUvp3379hs1/6c//Wn69u273jGLFi1q0VpLlizJ888/n7322iutWnlBGAAAAAB8mPkXQgAAAADYwlRWVq7xfauttkrr1q2zePHirFixosXrbLPNNqUurhvrpZdeynnnnZe77747V199dS688MK1hle33XbbVFVVZdasWXnttdfWulZjY2PeeOON7LrrrhsVwF2fdu3a5etf/3oefvjhFIvFFIvFPPzww/nGN76Rv//975kzZ046deqUbbfdtkXr7bbbbvnkJz+Z559/PgsWLHjXdQ0bNqxUz9KlSzNgwIDMmDEjV1xxRerr61u8zlZbbZXTTjste+21V9588838+7//e9q1a9fi+bfffnupjtdffz33339/vvGNb6w3vHrsscfmtddeS7FYTHNzc8aPH5/Kysr88Ic/zOOPP77WOfvtt1+SpK6urkWdYZ977rk0NDRkv/3226j9AAAAAAAfPAKsAAAAALCF2XPPPbNo0aJS99RddtklH/vYx/LYY49lzpw5LVpjyZIlqaioyI477rjR13/iiSdy2mmn5dFHH80tt9ySr371q+vsvLrNNtukQ4cOSZK5c+eudczcuXMzZ86c7LXXXi0OlL5br7/+eu65557svvvu+cxnPtPiebvvvnsOPPDAPP300/nVr36VVatWveda2rVrl6FDh+bUU0/NT37yk9TU1GTZsmUtnr/vvvvms5/9bI4++uj07t37PdezMQqFQr74xS+mpqYmTz31VM4777w8/fTT7xh3wAEHpFu3bpk2bdoGf5tLlizJPffckyT55Cc/ucnCzAAAAADA+5MAKwAAAABsYfbYY4+sWLGiFAjcYYcd0qdPn8ybNy9DhgzJY489lqamphSLxbz88ssZN25cRo8eXZpfLBbzyCOPpGvXrtluu+1afN1isZjf/OY3Ofnkk7N06dKMHz8+ffv2TaFQWOecQqGQ6urqJMn999//joBmY2NjHnjggSTJwQcfnK222qrF9Wyspqam3HLLLbn11ltz4okn5sADD2zx3Hbt2uXLX/5yKisrc+ONN2bq1KkpFovrHP/yyy9nzJgxG+w6uttuu2XMmDE56aSTcv311+e6665LY2Nji2qqqKjItddem7vuuis77bRTi/eyqbRu3ToXXnhhhgwZkpkzZ+aSSy7JSy+9tMaYfffdN5/73Ofy9NNPZ+jQoXnllVfWulZTU1Nuuumm/OIXv8iRRx6ZI444ohxbAAAAAAC2YAKsAAAAALCF6dChQ4466qjcc889aWpqSpJ86UtfysCBAzN16tQccsgh2XrrrdOqVavsvvvu6devX6lba5IsWLAgv/3tb3P88ce3ODC6atWq3HDDDTnttNNywAEH5J577kl1dfV6w6urde/ePSeeeGLuvPPOXHXVVXn99deTvNUNdcyYMbn55ptz9NFHp1evXu/ibmxYU1NTZs+enQsuuCADBw5Mz549M3DgwLRt23aj1jnqqKMyZMiQzJs3L6eddlouvvjiPPfcc6VnsGLFivz5z3/OsGHDsv/+++cvf/lLi9bdbbfd8oMf/CA9e/bM4MGDc80115TW3NK1bt063/jGNzJgwIDcc889Oe+889YIqVZUVKR///7p2bNn7rnnnpxwwgm57777SkHm1c/mP//zP/Pd7343HTt2zPe+973sueeem2tLAAAAAMAWQoAVAAAAALYwhUIhJ598cv7whz+ktrY2yVsdQn/4wx/ml7/8Zfr06ZPKyspUVlamT58+ufHGGzNgwIAkbwUGb7/99uy///7p3r17i6+5YsWKzJo1Kw0NDbnvvvtSVVWVQqGw1k+fPn2yePHi0txdd901gwYNyh577JGhQ4dmhx12SKFQyA477JBvf/vb2XnnnXPppZdm9913f8d1x48fX1q3a9eumTVrVm688cZsu+22a73WasOHDy/N23rrrfPxj388Y8eOzTHHHJNbbrkl3bp129jbntatW+eCCy7I8OHDkyQ/+tGPsu+++2brrbdOoVBIRUVFDjzwwHzve99LknTq1KnFAeFu3brl6quvTvfu3XP55Zfn5z//eZqbmze6xs2hXbt2+f73v5+zzjor99xzTy677LI0NDSUznfu3Dm33XZbjj/++Dz22GM5/vjjs912263xbG699dZ06dIlN9xwQ3r37r0ZdwMAAAAAbClab+4CAAAAAIB3qqqqyuDBg/P9738/119/fbp165aKioqccsopOeWUU9Y6p1gsZuLEiZk5c2bGjh2bioqKstXbu3fvTJ48OWPGjMl9992Xurq6dOnSJZ///Odz/vnnp6qqapNer127dqmsrExDQ0O6dOmSXr165fTTT0/v3r3f077btm2bIUOG5Mwzz8zEiRMzderUPProo2loaEjHjh3Ts2fPnHTSSTn66KOz6667btTavXr1yrXXXpv/+I//yIABA9KqVat8+ctffte1ltMuu+yS0aNH5/XXX8/YsWNTKBQyatSotGvXLslbIdZf/vKXmTZtWiZMmJDp06enrq4ulZWVqa6uTt++fXPKKaekffv2m3knAAAAAMCWojBx4sTifvvtt8bBHj16pFgsbqaSAAAAAIDkrUDqpEmTMnbs2PzgBz/IJz/5yRQKhbWObWxszIQJE/LLX/4y11xzTTp37lzmagEAAAAAeD94/fXXN3cJSXRgBQAAAIAtVqFQSN++fVNVVZXLLrssH/3oR3PWWWflwAMPTNu2bVMsFlNfX5/a2tqMHTs23bt3zy233JJddtllc5cOAAAAAADrJcAKAAAAAFuwQqGQgw46KBMnTsz06dMzfvz4TJkyJXV1dUmSww8/PJ/73OcyduzYdOzYcZ0dWgEAAAAAYEsiwAoAAAAA7wMVFRU54ogjcsQRR2zuUgAAAAAA4D1rtbkLAAAAAAAAAAAAAODDRYAVAAAAAAAAAAAAgLISYAUAAAAAAAAAAACgrARYAQAAAAAAAAAAACgrAVYAAAAAAAAAAAAAykqAFQAAAAAAAAAAAICyEmAFAAAAAAAAAAAAoKwEWAEAAAAAAAAAAAAoKwFWAAAAAAAAAAAAAMpKgBUAAAAAAAAAAACAshJgBQAAAAAAAAAAAKCsBFgBAAAAAAAAAAAAKCsBVgAAAAAAAAAAAADKSoAVAAAAAAAAAAAAgLISYAUAAAAAAAAAAACgrARYAQAAAAAAAAAAACgrAVYAAAAAAAAAAAAAykqAFQAAAAAAAAAAAICyEmAFAAAAAAAAAAAAoKwEWAEAAAAAAAAAAAAoKwFWAAAAAAAAAAAAAMpKgBUAAAAAAAAAAACAshJgBQAAAAAAAAAAAKCsBFgBAAAAAAAAAAAAKCsBVgAAAAAAAAAAAADKSoAVAAAAAAAAAAAAgLISYAUAAAAAAAAAAACgrARYAQAAAAAAAAAAACgrAVYAAAAAAAAAAAAAykqAFQAAAAAAAAAAAICyEmAFAAAAAAAAAAAAoKwEWAEAAAAAAAAAAAAoKwFWAAAAAAAAAAAAAMpKgBUAAAAAAAAAAACAshJgBQAAAPiQWLRoUW666aaccMIJad++fQqFQqqqqnLaaadl3LhxWbRo0eYukQ1YtmxZJkyYsMYz3H777dO7d+/U1NTkscceS1NT0+YukxZasGBBjjzyyAwfPnyTr71s2bKcd955KRQKGT9+fIvm3HjjjenRo0fq6urWO278+PEpFArr/bRknfV54YUXMmLEiBx00EGlv6v69euXWbNmpVgsvu/28+qrr2bkyJGl/Wy//fY57rjjMm7cuCxbtuwd44vFYl588cWMHTs2J510Uqqqqlo0773spxz3AQAAAADeToAVAAAA4AOuqakpY8eOTbdu3dK/f//ce++9qa+vT5LMmzcvEydOTL9+/bLvvvtm5MiRWbFiRdlqW7x4cfr06ZM+ffpk8e&quot;
08-31-2019 12:58:53 Wire.java DEBUG [Forwarding screenshot on session 7924db1cdca3d9f58beaf776318b9ec1 to remote] http.wire 87 - http-outgoing-3 &lt;&lt; &quot;LFZbvu+9ETTzyRY489NmecccYaz7ChoSH/93//lxEjRuSQQw7JF77whSxZsmQzV7vlqKurS48ePXLuuefmzTff3NzlJElWrFiRZ599NpdddlkefvjhTb5+U1NT/vu//zvXX3/9BscWi8UsWbIkd911V66++upNXsu7MW3atBxzzDGpqanJk08+meStv6vGjRuXT3/60/nxj3+8zqD2lrqfT3/607nkkktK+2loaMjkyZPTr1+/nHzyyZkzZ84ac+rr6/Nf//VfGTBgQH71q19l3rx5a533/PPPl30/AAAAALCpCLACAAAAfIA1NTXlyiuvzIABA7Jy5crU1NTk2WefzcqVK1MsFtPY2JjZs2fnsssuy9Zbb525c+dm1apVm7ts/sncuXNzwQUXpLa2NhdeeOE7nuGcOXMybNiwdOzYMcuXL09zc/PmLvlDYXXHytra2hbPGT58eCoqKtK5c+fcdNNNm7ym1X/mL7/88hx66KHrHVtXV5dPfOIT2XnnnXPKKadsdGfN22+/PcVica2fP/7xj+nSpctG1z9nzpxcfPHFWbBgQUaPHp36+voUi8UsXbo0t912W3beeecMHjw4Dz744PtiPwsXLszw4cOzYMGCDB06NAsXLkxzc3NWrVqVv/71r/nyl7+cqVOn5sYbb0xjY+Maczt37pzx48fnxRdfLP15X7lyZR599NEcc8wxmTp1aiZMmLDOjrTvdj//ivsAAAAAAGvTenMXAAAAAMC/ziOPPJJrr702HTt2zNixY9OnT58UCoXS+TZt2uSAAw7IAQcckLPPbVZf2AAAIABJREFUPjuTJk3ajNWyLjNnzkxtbW369++fyy+/PG3bti2da9OmTfbdd9/U1NTk3HPPze23374ZK2VzKhaLmThxYi6//PIMGTIkHTp0yIwZMzZ3WS1WLBZzxx13ZObMmbniiity4YUXZquttkqStGvXLmeeeWYqKytz1lln5Wc/+1mqq6vTrl27zVz1+j3//PO5//77c9ZZZ+Wiiy5KZWVlkqRQKKRz584ZNWpU5s+fnz//+c9ZunRpKioqkiTt27fPmDFj3rFe69at86lPfSoXXXRRpk6dmvnz52f58uVr/J0AAAAAAO8XOrACAAAAfEA1NjbmzjvvzMKFC9O/f/8cc8wxa4RX/1lVVVUuvPDCUhBqdXfJ8ePHr3X8us4Xi8U8/fTTGTRoULp27ZpCoZD27dvnhBNOyE033ZRFixYlSWpra/ORj3wkU6ZMyZQpU/KRj3wkhUKh9PnnrpZz585dY82uXbtm0KBBa+2yuHjx4vTp0yd9+vTJ/Pnz84tf/CLHHXdctt9++7Rv3z5f/epXM3v27CTJCy+8kBEjRuSggw4qrTty5MjU19evdd/FYjGzZs3KBRdckKqqqtKcIUOGZMGCBeu9T8uWLcvYsWNz6KGHplAo5Pjjj8+SJUvW+UxWW/2a8D333HO9QbVddtklF154Ydq3b186VldXlx49euTcc8/Nm2+++Y456zr/9roXLlyYkSNHlu79oYcemhtuuGGt6w0fPrz0/J5//vl861vfKt2no48+Onfdddc6X//+6quvZuTIkaVnUVVVlX79+mXmzJlr7TL59mutnru6xvPOOy+33HJLunbtmlmzZuXGG2/MtttuW/p99ejRY6M7dG4KNTU1pW6Wv//97zfZuqvDn+eff37OP//8fOMb30jr1uvvX9ClS5f88Y9/TLFYzBtvvJH+/ftvsnrejeXLl2f+/PlJkt69e5fCq29XXV2d6urqzJ49OwsXLlzj3Ja2n7erqKhY637atm2bbbfddqPXa2hoSJLst99+2Wabbd5zfQAAAACwOejACgAAAPAB9eKLL6a2tjadO3fO5z//+bWGpza11SG68847b40AaH19fe69997ce++9eeWVV1JTU7NRa06aNCnf+ta3Mm/evNLxurq61NXV5ZZbbsmPf/zjnHbaae8I6D722GM57LDD8uKLL65x/Oabb85TTz2Vww47LD/96U/XqLWuri6XXHJJXnrppYwaNWqNwGhTU1NuuOGGDB48uBQgWz3niiuuyAMPPJCbb7453bp1e8c+Zs6cmVtvvTVTp05dY73m5uYN3oNOnTqV1nj55ZfToUOHDc7ZVG677bYMGTJkjXs/c+bMzJw5M7Nnz86oUaPW2gVz1KhReeihh9a4Tw888EAeeOCBjBw5MoMGDVojYDl9+vR8/etfz6xZs0rH5s2bl3HjxmXixImpqanJhRdeuNZQ5q9//eucd955a8xdtWrVOl+t/kE0bdq0fPe7382XvvSlDB48eIvvTPputWvXLh07dszkyZPzyiuvZN99993cJa3Xnnvumerq6txxxx05/PDDc/rpp6dVq/+/r8RLL72UF154IWeddVZ23HHHDa73j3/8I//7v/+bESNG5NRTT80ZZ5yx3v+YAAAAAABbMh1YAQAAAD6gXnnllTz++OPZb7/9svfee5flmi+//HLGjRuXzp07p7a2No2NjSkWi2lsbMzzzz+fa665phSsq66uzmuvvZZjjz02xx57bF577bVSZ8pisZjq6uokyV//+tcMGzYsyVthyqVLl6ZYLGbp0qW57bbbUllZmWHDhpU6qr5dfX19OnTokIkTJ5bmLViwIF/5ylcyc+bMXH311TnssMMybdq0rFy5MqtWrcr06dPTs2fPTJkyJXPmzFljvfvuuy+DBw/Oxz/+8Tz44IOl/dXX12f06NF56qmnMmrUqCxbtuwdtYwZMyYdOnTI7NmzS+HKyZMnr9EtdV169uyZ6urq3HfffTnxxBMzduzY/PGPf8zSpUs3+hltrMceeyxf/epX89xzz2XVqlVZtWpVZsyYkerq6tx22225//771zqvrq4ul19+eRYuXJjm5uasXLky9957b7p06VKqf7VFixZl5MiRef755zN69OjU19eXfje/+c1v0qlTpwwfPjwPPvjgWq81ZsyYfPazn83f/va3NDc3p1gs5oYbbsg555yTZ555Jt27d0///v3zxhtvlH5ff/zjH9OlS5d/yT0rt8cffzzf+c530qNHjwwdOrRs4dUzzzyz1NF2dZflCRMmrPX33xJbbbVVqRvpU089VfYA8qbeT/JWZ+vRo0enU6dOOeuss3LEEUdkwoQJWbJkSZ555pl8+9vfzsEHH5x+/fqt9z8ZrO42vOOOO+a6667L0KFDc/PNN2e33Xbb5Pv5V9wHAAAAAFgbAVYAAACAD7i99tqrbK+YXrx4cV566aX06NEjn/jEJ9KmTZskSZs2bfKxj30sAwf+f+3deVjVdd7/8dc5HMADHGQTQWMRBcU9THDJFjWhXJoys6Jyyupumbqb7qZf9zhj94zjTM0000zaTE1ZWZqFjk2a5Za7JSYoLiEgFoGCyCarBw/n/P7o4ox0QAEBzZ6P6/Ka4fP9rN/vOfzB9er9/W899dRTrZ7P4XBo+fLlysjI0O9+9zslJyc7w3ne3t5KTk7W7373O2VmZmrFihVqaGhoMn7cuHFauXKlZsyY4RwXGhqqu+66S5L09NNPa8WKFRo3bpxMJpOMRqMSEhI0ZcoU5eTkKDMz0znXqVOntGTJEkVFRen111/X9ddf7zyfv7+/nnzyST3++ONat26dDh8+7HKWBQsW6K233tLgwYObVGBsjcjISL388ssaO3asvvzySz366KO68sorZbFYFBkZqZkzZ+q9995TaWlpm+ZtjZdeeklz585VVFSUjEaj8x7NnTtXkrR161bV19e7jPvnP/+pxx9/XCEhITIYDDKZTLrpppv0P//zP8rLy9P27dudfTds2KBVq1bpmWee0ZNPPil/f39J331ukpKS9Je//EU+Pj5atmxZsyG6ZcuW6Y9//KMiIyN/dNUoMzMz9dhjjykkJESvvfbaOQONnamxynJycrJuvfVWl/B3a3h4eOjaa6+VxWLR/PnztXTpUufzttvtOnnypP71r39p165dHb19Fx1xnkajR4/WG2+8oUGDBmn79u1KTk5WQECAYmNjNWjQIL3yyivq0aNHq+f78ssvtWzZMu3Zs6fVId/2nqcj7wMAAAAAAADwfQRYAQAAAAAA0G&quot;
08-31-2019 12:58:53 Wire.java DEBUG [Forwarding screenshot on session 7924db1cdca3d9f58beaf776318b9ec1 to remote] http.wire 87 - http-outgoing-3 &lt;&lt; &quot;EsFov8/f21du1aLVu2TOXl5Rc0X2VlpTIyMjRmzBiNGzfOJZxoMBg0fvx4XXfddUpPT1dlZWWT615eXjKbzS7zNlZ5dHd3d3klvcFgUJ8+fSRJNpvN2Z6Xl6eMjAzddNNNiomJcZnTZDJp4MCBKiws1JEjR1yu+/v7tzm4era4uDht2bJFO3bs0HPPPafExEQFBAQoLy9PKSkpSk5O1tixY/Xhhx92aOXKlqpCDh48WCNGjFB2dnazodLmxhkMBiUkJCg6OlpHjhzR6dOnVV9fr7S0NIWGhurGG290eR6SNHLkSE2cOFEHDhxQYWGhy3U/P79ODa4uXbrUWZHy7H933323JOnqq692uTZ8+HBlZWV12p4k6eTJk5ozZ44k6Q9/+EOXhVeTk5ObVEt2OByqqKjQxx9/rJEjR2r9+vVauHChrFarc0xL9/D792nixIl6/PHHlZeXp3vuuUc+Pj4yGAxyc3NTcHCw7rnnHmVkZPxgzuNwOPT+++9r2rRpzirAX331lV544QUNGTJEL730ku66667zBkN//etfO6sSp6amqr6+XlOnTtWqVas65DwXMg4AAAAAAABoLwKsAAAAAAAAl7mCggKdPn26S9YKDw/X448/rqqqKs2ePVsBAQHOCqGLFi1ScXFxm+az2WyqqqqSxWKRj49Ps308PT3l6ekpm80mu93epvnLysqarR7anKqqKuXk5OgPf/iDTCbTOQONZwdfO5LJZNLYsWP1f//3f1q7dq1KSkpUVlamzZs3684771RWVpbmzJmjr776qlPWP1t777unp6e8vLzU0NAgh8OhhoYG1dbWKjg4uMVnbDKZ5OXlJZvN5lJl98esrKxMR48eVWpqqgYOHNji57HxlfBJSUmdUqVXkrp3767JkyfrjTfeUGxsrHbu3Kn8/Pw2z+Pt7a158+Zp06ZNmjFjhgICAiRJ/fv311NPPaUvvvhCycnJGjJkiAIDAzv6GE4ddZ7PP/9czz77rO677z498sgjMpvNio2N1TPPPKPU1FT985//1NatW/X000+36vejh4eH4uPjNW/ePPn4+GjJkiU6depUp52no+4DAAAAAAAA0BwCrAAAAAAAAJepnj17asSIETp69KiOHz/eJWsaDAbdcccdyszM1BtvvKE77rhD3bp1U0pKih544AHFx8dr69atXbKXHwODwSB/f39dd911ev311/Xggw8qMzNT+/btu9hbu6w0V5nS4XBoyZIlkqQdO3a4XNu3b5/69+9/kXfe9Xr37q3w8HBlZ2erpKTE2d7SPWzuPhmNRl1//fVKSUlRaWmpHA6HDh8+rD//+c/q2bOnjhw5ovDw8C6pOHsh52loaNCaNWuUl5enxMREl+rCZrNZ9957r+677z6tWrVKu3btavW++vTpo0GDBiknJ0dFRUUXfJ7OGgcAAAAAAACcCwFWAAAAAACAy1RoaKiGDBmizMxMrVq1qksrVwYHB2v27NlatmyZDh8+rLKyMi1cuND5v62pGCh9V3nTYrGooqJClZWVzfaprq5WVVWVTCaTjMbO+3NXt27dFBoaqueee052u73Z8Frjv+Tk5E7bR0u8vb0VFhbWZetVVlaqoqJCwcHB8vDwaPW4U6dOqbi4WAEBAfLw8JCbm5u8vLxUXFzc4ueivr5epaWlMplMcnNz66gj/OD1799f+/bta/Fz2BiwXbJkiRwOh9auXdupVUvPFhkZKT8/vw6d0+FwaOPGjUpNTdX48eM7fP5zac956uvrVVZWds4+np6eCgoKkvRdlefWqq2tVW1tbbu/E+19Pp3xXAEAAAAAAPDjRYAVAAAAAADgMuXt7a0777xTFotFr732mtavXy+Hw9Fi/6KiIi1YsEB1dXVN2k+cOOEyzm63q7y8vNV78ff31x133KExY8aoqqpKNputyXWr1Sqr1eoyztfXV8OGDVNqaqo2btzosg+Hw6Ht27fr888/V1xcnHx9fVu9p7aKiorSqFGjtG3bti6raNvozTffVHp6+jmfX01NjfLz82WxWBQSEuJyvbi4WKdPn3Zpr6qqUm1tbZv2c3aQcPjw4fLx8WnVOJvNpo8++kiFhYW66qqr5ObmJg8PD40YMUKFhYX66KOPXD4bkpSWlqadO3dqyJAhCg0NbdNeG9XW1jY7NzpWRkaG9u/fr379+nV4hdQvvvhCL730koYNG6bJkyfLYDB06PzNuZDzeHh4KCAgQJK0bt26Zj9/5eXl2rt3r6Tvgv+tcfbvvYEDB7ZpX+09T2c+VwAAAAAAAPx4EWAFAAAAAAC4jI0fP15z5sxRXl6eZs6cqWeeeUa5ubnOIFV9fb0OHjyo3/72txo0aJAOHTrkHDtgwACFhoYqJSVFqampstvtstlsOnDggO677z49/vjjLuvt2rVLP/vZz7RlyxaVl5c7A5d1dXXauXOnDh8+rNDQUHXr1k2S5OXlpcjISG3ZskWrV692Cc8aDAbNmDFDw4YN0/z58/XWW285K7HW1NRo6dKl+tWvfqXY2FjddtttnVqd09/fX7fffrv27NmjW265RWvWrGlSMbS6ulq7d+/Wk08+2aZXgbfGsWPHNGLECM2cOVNr1qzRyZMnZbfbJX33DPfv369HH31Ur7/+upKSkhQXF+ccGxISoujoaG3cuFErVqxQXV2dHA6HioqK9Kc//UmJiYnKyclpce1du3Y1+cxUVlbqtdde07PPPquEhARNnTq12SDh1q1bdfz4cec+i4uLNW/ePC1YsEC33HKLxo0b5+x7ww03aNq0aVqwYIH+/Oc/q7i42Hm2tWvX6qmnnlJ1dbXuvPNOeXt7t+neBQYGKjQ0VBs3btSmTZsIsV6gnJwcPfLIIy6fw5qaGq1cuVKPPvqoCgsLNX36dPn7+1/weo2f1b/97W+66667VFBQoGeeeUYxMTEXPLfUuedxc3NTUlKSQkND9fvf/17/+7//q2PHjsnhcMhutysnJ0dPPvmkPvzwQ82YMUNXXXWVc+zZv0tLS0ud+yovL9dbb72lX/3qV7JYLJo+fbosFssFn6ernysAAAAAAAAgSaaLvQEAAAAAAAB0HpPJpCeeeEJnzpzRH//4R7344ot68cUXm+0bEBCgqKgoZwh04MCBmj59uhYuXKjRo0c36Tty5Ejdd999euutt5q0NzQ06JVXXtErr7zS7BrDhg3To48+6gwhms1m3XjjjXrvvff08MMP6+GHH3b23bFjh8aOHauYmBjNnTtXTz31lGbPnq3Zs2e77Pv555/XkCFD2nZz2uG2225TSUmJfvnLX2rKlCkt9psxY0aHruvp6SlJWr58uZYvX95iv1tuuUV/+tOfmgTMunfvrunTp2vdunV66KGH9NBDDzmvBQQEaPr06dqyZUuLcy5cuFALFy50aY+IiNALL7yg6OjoZsfNmTNHc+bMcWlPSEjQ/Pnz1aNHD2dbcHCwnn32WeXl5enZZ5/Vs88+22SMxWLRr3/9a40fP77FfbYkMDBQSUlJWrt2rX7yk58424cNG6YPPvhA/fv3b/OcF2LevHmaO3duk7a5c+c62/7rv/5LL730ksxmc6fvJSsrSzNnzlRGRkaT9gEDBjj/f+P3sJHdbtcXX3yhV199tdk5LRaL5s2bp1tvvbXd+9q5c6euvvpql/aIiAgtWrRI06dPbzY0fSmeZ8yYMZo3b55+/vOft/j7d9KkSZo/f36T7+35fpc2ficmT57cpL295+mK5woAAAAAAAB8HwFWAAAAAACAy5zZbNacOXN09913KyUlRevXr9fu3btVVVWliIgIJSQk6Oabb9bEiRObvMLabDbr+eefV79+/fSPf/xDWVlZSkhI0KxZs3Tvvffq3//+t0uANS4uTps3b9aHH36o7du3O1+NPWrUKN18882aPXt2k+CiJE2ePFlvv/22/v73v+uzzz6TxWJRfHy8s6qgwWDQrbfeqri4OC1YsEBr1qxRVlaW+vfvr8mTJ+uhhx7qshCiyWTSY489pgkTJui9997TmjVrmpxx4sSJmjZtmq688soOXfcXv/iF7r33Xm3atEmrV6/W3r17lZWVJUnq37+/Ro8erbvuukvXXHONM+x6tt&quot;
08-31-2019 12:58:53 Wire.java DEBUG [Forwarding screenshot on session 7924db1cdca3d9f58beaf776318b9ec1 to remote] http.wire 87 - http-outgoing-3 &lt;&lt; &quot;tvv11BQUF6/vnn9dlnnykiIkK33nqrnnjiCVmtVu3evbvFtefPny+73a6VK1dq7969TcZGRka2OO7VV19VdnZ2k+f105/+tNnPgCSNHj1aGzZs0KJFi5SSkuJca+LEiXrwwQcVHx/frlfGGwwGPfTQQ/L09NTbb7+t1NRUBQQEaMCAAfLy8mrzfD92ffv21SuvvKI1a9Zox44d2rdvn/N3ycSJEzV79mwlJCTIaGz/y788PDwUERGhvLw8BQQEaMyYMZo6daqmT5+uwMDADjxN55/HZDLp/vvv15gxY/TGG29o8+bN2rt3rywWi8aOHat77rlHN998s0tl4ZEjR2r79u365JNPmuyrf//+SkxM1P3336+hQ4e6fCfae56ueK4AAAAAAADA9xlSUlIc33/d0vDhw52vdwMAAAAAAADw47N06VLdfffdWrJkiZKTk1s9rrHC6PcrXQIAAAAAAAAALg2VlZUXewuSJP5zaQAAAAAAAAAAAAAAAAAAAHQpAqwAAAAAAAAAAAAAAAAAAADoUgRYAQAAAAAAAAAAAAAAAAAA0KUMKSkpjpiYmCaNw4cPl8PhuEhbAgAAAAAAAAAAAAAAAAAAQGeorKy82FuQRAVWAAAAAAAAAAAAAAAAAAAAdDECrAAAAAAAAAAAAAAAAAAAAOhSBFgBAAAAAAAAAAAAAAAAAADQpQiwAgAAAAAAAAAAAAAAAAAAoEsRYAUAAAAAAAAAAAAAAAAAAECXMl3sDQAAAAAAAACSlJ+fr/Xr16uoqEg2m02S5OnpqZCQEA0dOlRDhw6VyXR5/jmrvLxcixYtUkhIiO6+++5Wj1u7dq1SU1M1depUxcXFuVzPzc3VBx98oPDw8DbN+0OUnp6u1atXy2AwaNKkSRo1apRLn8zMTK1cuVI2m00JCQlKSkpq1dx1dXVavHixTpw40WKfvn37nvce19bWat26dcrKypLVapXJZFJUVJRuuOEGBQUFtWovZ8vOztby5cvPeZ7Gz1ZNTY369Omj5ORkubm5NelTVVWlxYsXq7S0VD179tSsWbNkNpvPufbZ8zanNfO0dF/NZrP69euniRMnytfXt1PPsWTJEn377beaOXOm+vbt63K98XP1/ftbX1+v7du3a9++faqpqZHD4ZDRaJSvr6+ioqI0evToZp9pa54ZAAAAAAAA8GNBBVYAAAAAAABcdJs3b9bbb7+tgoICZ3hVkqxWq/Ly8rR69Wrt37//Iu4QPxQGg0F79uxRVVVVk/aGhgZ9+eWXTT5fXam4uFivvfaa9u/fL6vVKkmy2WzKzs7Wu+++q+Li4jbPmZWVJbvdLpPJpNzc3BbDpNJ396WgoEDZ2dku1w4dOqSysrI2r99Z6urqdODAAS1atMjlvlwK5ygvL9frr7+uHTt2qLq6Wg6HQ5Jkt9tVUVGh9PR0rVixQnV1dS5j2/LMAAAAAAAAgMvd5VmyAgAAAAAAAD8YJ06c0J49e+Th4aHrrrtOV155pTw8PCRJFRUVOnr0qNLS0mQ08t9i4/xiY2OVnZ2tAwcOaMyYMc723NxcHTt2TDExMc2GH1vD29tbs2fPlr+/f5vHbtmyRVVVVRowYIBuuukmWSwWVVVVacOGDTp48KA+++wz3X777S5VRVtSXV2tvLw8hYSEKDAwUJmZmc7zNSc0NFRWq1W7d+9WdHS0s5pxTU2N0tLS1Lt373aFP1tTefZ8vn9fCwsL9emnnyo/P19bt27VjBkzOv0cbbFjxw6VlpYqKipKiYmJCg4OlvRdVdaioiIdOHBAJSUlLuPa+swAAAAAAACAyx0BVgAAAAAAAFxU1dXVOnPmjIYOHaqEhIQm1/z8/BQXF6e4uLgm7UuWLFFRUZFLmDA3N1cffPCBwsPDnaG6xlePh4SEaMSIEdq0aZNKS0tlMBgUHR2tyZMny2KxSPrPK80lacKECdq6dasKCwvlcDjUu3dvTZ061RlWa3T8+HF98sknKiwslN1ul5eXl+Li4jRu3DhnEPfseadMmaJt27YpNzdXDodDo0aN0p49e3TmzBnl5ubqN7/5jSTJ3d29xdeaXyibzaZt27YpLS1NtbW1MhqNCg0NVWJiosLCwlzuZ1xcnMurzr//6vVznXHatGkaPny48vPztW7dOue98vT0VFRUlK699lr17NnTOffatWuVmprarnBkRESEampqlJ6eriFDhshisaihoUG7du1SUFCQoqKi2h1gba+KigoVFBQoICBAkydPlo+PjyTJYrFo2rRpOnXqlI4fP66KigoFBga2as7c3FyVl5dr3Lhx6tWrlzIzM5WRkdFiGNJsNmvQoEHasmWLcnJyFBsbK0k6cOCAqqurNW7cOK1fv75jDnyBQkNDNXnyZC1evFilpaVNKpleCuc4deqUzGazkpKS1KNHD2e7h4eHwsPDFR4e3uy4tj4zAAAAAAAA4HJH2QoAAAAAAABcVG5ubjIYDMrPz3d57XtHOnr0qJYvX66SkhI5HA7Z7XZlZWVp2bJlLq/6Li4u1rJly3Ts2DHZ7XY5HA4VFBTovffeU2lpqbPfkSNH9M477zj7SVJtba127NihlStXuryuvqysTIsXL1ZOTo5z3sZxXcVms2nFihXavn27amtrJX336vNjx45p6dKlOnLkyAXN39IZv/76ay1durTJvbJarcrMzNSGDRsu+FyN3NzcFB8fr8rKSh04cEDSf6qvxsfHy93dvcPWaq3Ge+Dm5uZSYdVkMjmrilZUVLR6zqysLHl6eio2NlZhYWEKDAzUsWPHzjnHkCFD5Ovrq927d8tmszmrlvbp00e9e/du9/k6g9Vqld1ul8lkcrlnF/scbm5uOn36dJu/K+15ZgAAAAAAAMDljAqsAAAAAAAAuKiuuOIK9enTR1lZWXr55ZcVGhqqPn36KCwsTL1795bZbO6Qddzd3TVy5EiNHj1a3t7eOnHihFauXKkTJ07oyJEjGjJkiLOvm5ubYmNjNX78ePn5+amqqkr//ve/dfToUR04cEDXXXed6uvrtX37dp05c0bx8fG6/vrr1a1bN+Xl5WnVqlXKzs7Wnj17NGrUKOe8NptNYWFhSkpKUmhoqLM9ISHBWSW2Pa9jX716tVavXt2qvtnZ2crJyVFAQICmTZumiIgInT59Wps3b9aePXu0bt06hYaGytvbu837kFo+40cffSSbzaabb75ZQ4cOldFoVFlZmb788ssODy5HR0erd+/eSk9P18CBA5WWlqagoCDFxsbq4MGD7Z63pqZGL7/8skv7+SrFent7q3v37iosLNSGDRs0YcIEeXt7y263q7i4uNnXzZ9LaWmp8vPzFRISoqCgILm5uSkmJkY7d+5UXl6e/Pz8mh1nsVgUFxfnrF5aXV2tmpoaTZ06VUZj+2odnF012GQyKSQkRJMmTWpSybct7Ha78vPztWbNGlmtVkVFRcnDw0M1NTWdeo62GDlypPLy8rRhwwbt2rVL4eHhioiIUGRkpAICAprdQ3ufGQAAAAAAAHA5I8AKAAAAAACAi8pkMunWW2/V9u3blZ6ervz8fOUoFzxwAAAQO0lEQVTn5zuvd+/eXTfccIMGDRp0QeuEhYVp4sSJzp979uyp66+/XitWrFB+fn6TAGtgYKBuvPFGZ3jWYrFo0qRJWrx4sXNv5eXlOnnypCIiIjRp0iRnlciIiAglJiZq+fLlys3NbRJg7dGjh+64444OC+W2R05OjoxGoxITExURESFJ6tatmyZNmqSTJ0+qoKBARUVF6tu3b7vmb+mM7u7ucjgcOnXqlLMtICBAiYmJLnMkJSUpKSmpXetL332m4uPj9eGHH2r9+vXKy8vTjTfeKA8Pj2b7p6enuwSA3d3dNXPmzHbfh7N5eHhoxIgRWrNmjfbu3au9e/e69GlLZdicnBzV1NRo7Nixzs9dv379tHv3bmVkZGjw4MEuVUsbDRkyROnp6dqxY4fq6+sVGRmp8PBwlZeXt+9wZ7HZbCooKNA777yjG2+8UXFxca0a11IwOCQkRAkJCc2O6cxznE+/fv2UnJysdevWqbCwUAcPHnQGo41GowYMGKDJkyfLy8vLOeZCnhkAAAAAAABwuSLACg&quot;
08-31-2019 12:58:53 Wire.java DEBUG [Forwarding screenshot on session 7924db1cdca3d9f58beaf776318b9ec1 to remote] http.wire 87 - http-outgoing-3 &lt;&lt; &quot;AAAAAAgIvOw8NDEyZM0IQJE1RXV6fy8nIdPXpUOTk5Kigo0MqVK2W1WlsdiGutHj16yNPTU2VlZeft6+vrK4vFopqaGtXV1am6ulo2m03BwcEuwbPGeauqqlRXV+dsNxgMHbr/RlOnTm323uTm5uqDDz5o0lZVVSVPT0/16NGjSbubm5uCg4P19ddfNwmZtlVLZ7zqqquUlZWlLVu2aMeOHbJYLIqIiNDIkSPVq1evdq/XksYqrJmZmerVq5diY2MveE5vb2/Nnj1b/v7+bR4bFxenHj16aM2aNTp58qTsdrs8PDwUGRmp2tpaFRcXtyrA2NDQoMOHD8vb21vR0dHO9sbKnidOnFBJSYl69uzZ7PjG6qUbN26Uh4eHpk6d2uazSJK/v7+efvrpJm1lZWXasGGDsrKylJ6ersGDB7cYGm6JwWCQt7e3hg8frnHjxrU4vqPO0V5hYWF64IEHZLfbVVlZqePHjysnJ0e5ubn66quvVF5ernvuuUdms/mCnxkAAAAAAABwuSLACgAAAAAAgEuK2WyW2WxWr169dPXVV2vv3r36+OOP9dVXX3V4gNVms8nhcLQ6ONjQ0CB3d/cueU355SY4OFiPPPKI9u/fr6ysLBUVFSkjI0MZGRkaM2ZMk+q4HaGxCmthYaFGjRp1ziBlXFxch3+2mhMWFqaHH364SVtNTY3efvttmc1mBQQEnHeOY8eOqaioSFarVQsXLmy2T2Zm5jnDkI3VS0NCQhQeHt62Q5xDQECAJk+erJMnT6qiokI1NTWtCrC2NxjcEeewWCySJIfD0ez1hoYGSd9VKW6O0WiUn5+f/Pz8NHDgQNXV1endd99VSUmJjh8/rr59+3bIMwMAAAAAAAAuRwRYAQAAAAAAcEnr1auXPD09m7S5ubmpoaFBNTU17aqG2ejbb7+V1WpVaGjoefueOHFClZWVio6Olqenp3x8fGQymVRYWCibzSaT6T9/ajt58qRzXrPZ3KQK67m0FKLrSBaLRd98842OHz/e5N41NDSouLhY7u7u6t69u6Tv7rPBYFBVVVWHrN2tWzfFx8crPj5eklRYWKhly5bp4MGDio+Pl6+vb4es0yg2NrZDKq92poyMDJWWlmrw4MGtOv+RI0dktVrP2ScnJ0djxow5Z/XSn/3sZ+3a7/nYbDbZbDZ169ZN7u7unbJGo444R/fu3XXmzBllZmaqX79+Ta41NDToyJEjMhqNCgwMbNV8ZrNZPXv2VElJibOtI54ZAAAAAAAAcDkiwAoAAAAAAICLat++fdq9e7eGDx+u6Ohode/eXUajUTabTQUFBdq4caPq6uqavGY+KChI2dnZSktLU3BwsIxGow4fPqzNmzfrzJkzza5TW1ursrIyBQQEyG6369ChQ9q6das8PDzUt2/fJn2tVqtKSkrUu3dvGY1G5eXl6ZNPPlFDQ4MGDBgg6btXqPfo0UP5+flau3atJk6cqG7duikvL0/r1q1TQ0ODy7wtMRgMMhqNOnnypAoKCnTFFVe0826eX3R0tPbv368NGzbIy8tLffr00enTp7V582bl5eUpICBAISEhkiQ/Pz95enoqLy9P33zzjSIjI1VRUaFNmzYpLy9PBoOh1euuWLFCFotFI0eOdFYa9fT0lNlsdgn3rV27Vqmpqerbt6/uvvvujjv8JaSsrEyff/659u7dKx8fH1199dXnHVNXV6fs7Gx1795d999/f7OB16VLlyo/P19FRUUdWl31+z777DNVVFRo7Nixzu9gYWGhPv30U506dUqDBg2Sj49Pp63fUaKiorRr1y7t379fvr6+Gj16tDw8PFRTU6PNmzcrJydHvr6+CgsLk/TdM0hJSZGvr69GjBihHj16yGw2S5IqKyu1d+9eHTp0SF5eXgoMDLyknhkAAAAAAABwqSHACgAAAAAAgIvKbrersLDQGX5rTq9evZSQkOD8ecCAAUpPT9e+ffu0b98+Z3tjxdDmFBYWasGCBU3aDAaDEhISnOG0RhUVFXrzzTdd5ujfv7+zoqeHh4fGjRunFStWKC0tTWlpaS59r7rqqnOc/D8sFouCgoL09ddfa9GiRZIkd3d3zZw5s9Uh2NaKiYlRdHS0srKy9M477zS55unpqcTERHl7e0v6LsAaHh6uQ4cOafHixc5+BoNBBoNBbm5urV739OnTOnTokHbt2tWk3WAwaNSoUR1effVSU1dXp8WLF+vEiRNN2rt166YpU6YoODj4vHPk5+eft1prbGyscnNzlZGR0alhyDNnzujgwYM6ePCgyzU/Pz9dc801nbZ2RwoPD9eVV16p1NRUbdmyRVu2bGly3Wg0auzYsfLz83O21dXV6ZtvvtH+/fubndNkMjnHZGdnXzLPDAAAAAAAALjUEGAFAAAAAADARTV06FCZTCbt27dPhYWFslqtcjgcMhqNCggIUHx8vEaMGCGj0egcExYWpqlTp2r9+vU6deqUPD091b9/f8XExOijjz5qdp3AwEB169ZNhYWFcjgcslgsuvrqqzVy5EiXvhaLRYGBgSooKJDNZpOXl5dGjBiha665RibTf/6k1q9fP91777365JNPVFhYKLvdLi8vL8XFxWncuHFN+p6Lm5ubpk6dqlWrVunbb7+Vw+GQl5eXs7JjRzKZTLrtttu0bds2paWlqba2VkajUaGhoUpMTHQJ806ZMkWSlJmZKYfDocDAQI0fP15paWn69ttvW73uDTfcIA8PD33zzTeqq6uTwWBQ9+7dNWrUqGafweXGaDQ6Xw9vMBjk7e2tmJgYTZgwQV5eXq2aIzMzU5KcIermREVFydfXV99++61qamoufOMtSEhIkNVq1ZEjR1RTUyOHwyGz2azo6GglJia2+kyXgsTERIWHh2vz5s0qLS2V3W6XyWRSSEiIJk2a1OQ7YTabddtttyktLU1ZWVmqqqqSzWZzXouMjNT48eMVFBQkqX3PrDFADgAAAAAAAFzuDCkpKY6YmJgmjcOHD5fD4bhIWwIAAAAAAAA6Tnl5uRYtWqSQkJDzvo6+sUqmJM2aNatTAqQAAAAAAAAAAFxMlZWV5+0za9asC1rj7Ld6tcR43h4AAAAAAAAAAAAAAAAAAAD40WhNAPVCxxJgBQAAAAAAAAAAAAAAAAAAQBPtCbG2ZQwBVgAAAAAAAAAAAAAAAAAAALhoSyC1rYFXQ0pKiiMmJqZJ4/Dhw+VwONo0EQAAAAAAAAAAAAAAAAAAAC5tlZWVbR4za9asc15vT7VWKrACAAAAAAAAAAAAAAAAAACgRecKqLYnvCoRYAUAAAAAAAAAAAAAAAAAAMB5NBdUbW94VSLACgAAAAAAAAAAAAAAAAAAgFY4O7B6IeFVSTJd6GYAAAAAAAAA/DjZztSrprqqXWPdTCZ5+/jKYDB08K4AAAAAAAAAAJ3pQoOrjQiwAgAAAAAAAGiXd1/9k5a8+mK7xsYOvUrz//6+uvsHdvCuLi2v/+U3en/RXyVJPXuF6fnXVig8KuYi7woAAAAAAAAALj7jxd4AAAAAAAAAgB8m2xlbs+1Tbr9P/9qerZU7jmjewvfk5e3TxTv7zqcrl2jCIH/nv9f/8ptm+2V8ubNJv98/86Csp+u6eLcAAAAAAAAA8ONCBVYAAAAAAAAAHcrH0l1+AT0kSVdE9JWlu79qa6ov8q4AAAAAAAAAAJcSKrACAAAAAAAAAAAAAAAAAACgS1GBFQAAAAAAAECrOBwOHcncr13b1qvBZtOBtM+d16bOvE/X3DBNkuQf1NPZHhQcqv/3+7+rwWZTSXGh3vjrb1VaXNTlewcAAAAAAAAAXFoIsAIAAAAAAAA4L4fDoQ2rPtBLv3lS9Vary/X+g+MUN/o6l3YvH4uGjbxaknSqvFSr3n/zBxtgPVNvVfqubfr0X+/q0L5UlZUUy2RyV1T/Qbou6RYl3ZKs7v6BrZ7PerpOf577hD5bs0KSFDv0Kj09b4F2bPxYW9f9W0ezD8nD01Nxo67VvY/+P8UMulIGg6GzjgcAAAAAAAAAXYoAKwAAAAAAAIBzOju8OmXGT3X/f/9aZi9vvf6X3+j9RX+92NvrEkUFeXpx7hPam7qtSbvNdkbZh/Yp+9A+ff&quot;
08-31-2019 12:58:53 Wire.java DEBUG [Forwarding screenshot on session 7924db1cdca3d9f58beaf776318b9ec1 to remote] http.wire 87 - http-outgoing-3 &lt;&lt; &quot;Kvd/XsH/6h2KFXtWuNnK8y9OjM8bKernO21Vut2rV1vdJ3bdXPn/urbpg2kxArAAAAAAAAgMsCAVYAAAAAAAAA5/TZx8tdwqvfl3UwXT1Dr5Ak+Qf1VJ/oWElSbXWVcjIz1GCzqaS4UMVFBV2697O9v+iv7Qrclp48oT/+6jFlfLnznP0KvjmiRX+dp1+9+Ib8Anq0eR2b7YxstjPNXqu3WvXBm3/T4LgE9Qrr0+a5AQAAAAAAAOBSY7zYGwAAAAAAAABw6aqtqda29R9p7ITJLYZXJWn1B2/pFw/col88cIs2rk5xtpcUF+qFXz6qXzxwi1745aMqLS7qqq13mB0bP3aGV00md/308V9q1a48fXaoXP/anqOJU2939t2buk2HD+xt1zo9e4Xp+ddWaN2+E9p4oFT/SNmsKyL7Oa9/c+SwjmTuv7DDAAAAAAAAAMAlggqsAAAAAAAAAFp0pt6qspJinTj+rZ6+/+Ym14oL8y/SrrpObU210j7f5Px5yIjR+smdD8jb4itJ8gsI0oxZj2nPzs2qKDspSTqadVCjrp3U5rUCgnoqZtBwmdw9JEkxg4br5jtm65Xn/9fZJ+vgPl0z6eaWpgAAAAAAAACAHwwCrAAAAAAAAADOq6ykWGUlxa3qW111ShVlJ2UwGFWQl6uqU+WdvLvWuWP2k3rwqedc2jO+3Kmnfjql2TGNAd5Ge1O36Sdjos65Tk111YVt9Cx9Bwxp8nNZSZHqrVZ5eHp22BoAAAAAAAAAcDEQYAUAAAAAAADQoT5OeUsfp7x1sbdxWWhosDX52dvHV24mt4u0GwAAAAAAAADoOARYAQAAAAAAAKAFbiaTvHwszp/7D7pS8xa+p8DgkE5f2+FwKDNjT5O2gKCecnPjz7oAAAAAAAAAfvj+Pzew26NyGnoYAAAAAElFTkSuQmCC&quot;}&quot;
08-31-2019 12:58:53 PoolingHttpClientConnectionManager.java DEBUG [Forwarding screenshot on session 7924db1cdca3d9f58beaf776318b9ec1 to remote] conn.PoolingHttpClientConnectionManager 320 - Connection [id: 3][route: {}-&gt;http://localhost:20783] can be kept alive indefinitely
08-31-2019 12:58:53 PoolingHttpClientConnectionManager.java DEBUG [Forwarding screenshot on session 7924db1cdca3d9f58beaf776318b9ec1 to remote] conn.PoolingHttpClientConnectionManager 326 - Connection released: [id: 3][route: {}-&gt;http://localhost:20783][total kept alive: 1; route allocated: 1 of 2000; total allocated: 1 of 2000]
</system-out>
    <system-err>Starting ChromeDriver 76.0.3809.68 (420c9498db8ce8fcd190a954d51297672c1515d5-refs/branch-heads/3809@{#864}) on port 20783
Only local connections are allowed.
Please protect ports used by ChromeDriver and related test frameworks to prevent access by malicious code.
Aug 31, 2019 12:58:05 PM org.openqa.selenium.remote.ProtocolHandshake createSession
INFO: Detected dialect: W3C
</system-err>
  </testcase>
  <testcase classname="com.crm.qa.testcases.ContactsPageTest" name="createNewContact" time="1.372">
    <failure message="mouseMoveTo
Build info: version: &apos;3.5.3&apos;, revision: &apos;a88d25fe6b&apos;, time: &apos;2017-08-29T12:42:44.417Z&apos;
System info: host: &apos;DESKTOP-K242S0S&apos;, ip: &apos;192.168.0.87&apos;, os.name: &apos;Windows 10&apos;, os.arch: &apos;amd64&apos;, os.version: &apos;10.0&apos;, java.version: &apos;1.8.0_221&apos;
Driver info: driver.version: RemoteWebDriver" type="org.openqa.selenium.UnsupportedCommandException">org.openqa.selenium.UnsupportedCommandException: mouseMoveTo
Build info: version: &apos;3.5.3&apos;, revision: &apos;a88d25fe6b&apos;, time: &apos;2017-08-29T12:42:44.417Z&apos;
System info: host: &apos;DESKTOP-K242S0S&apos;, ip: &apos;192.168.0.87&apos;, os.name: &apos;Windows 10&apos;, os.arch: &apos;amd64&apos;, os.version: &apos;10.0&apos;, java.version: &apos;1.8.0_221&apos;
Driver info: driver.version: RemoteWebDriver
	at org.openqa.selenium.remote.http.AbstractHttpCommandCodec.encode(AbstractHttpCommandCodec.java:222)
	at org.openqa.selenium.remote.http.AbstractHttpCommandCodec.encode(AbstractHttpCommandCodec.java:119)
	at org.openqa.selenium.remote.HttpCommandExecutor.execute(HttpCommandExecutor.java:158)
	at org.openqa.selenium.remote.service.DriverCommandExecutor.execute(DriverCommandExecutor.java:82)
	at org.openqa.selenium.remote.RemoteWebDriver.execute(RemoteWebDriver.java:646)
	at org.openqa.selenium.remote.RemoteExecuteMethod.execute(RemoteExecuteMethod.java:35)
	at org.openqa.selenium.remote.RemoteMouse.mouseMove(RemoteMouse.java:89)
	at org.openqa.selenium.support.events.internal.EventFiringMouse.mouseMove(EventFiringMouse.java:58)
	at org.openqa.selenium.interactions.MoveMouseAction.perform(MoveMouseAction.java:43)
	at org.openqa.selenium.interactions.CompositeAction.perform(CompositeAction.java:36)
	at org.openqa.selenium.interactions.Actions$BuiltAction.perform(Actions.java:641)
	at com.crm.qa.pages.HomePage.clickOnNewContactLink(HomePage.java:65)
	at com.crm.qa.testcases.ContactsPageTest.createNewContact(ContactsPageTest.java:59)
</failure>
    <system-out>08-31-2019 12:58:53 RequestAddCookies.java DEBUG [Forwarding quit on session 7924db1cdca3d9f58beaf776318b9ec1 to remote] protocol.RequestAddCookies 123 - CookieSpec selected: default
08-31-2019 12:58:53 RequestAuthCache.java DEBUG [Forwarding quit on session 7924db1cdca3d9f58beaf776318b9ec1 to remote] protocol.RequestAuthCache 77 - Auth cache not set in the context
08-31-2019 12:58:53 PoolingHttpClientConnectionManager.java DEBUG [Forwarding quit on session 7924db1cdca3d9f58beaf776318b9ec1 to remote] conn.PoolingHttpClientConnectionManager 255 - Connection request: [route: {}-&gt;http://localhost:20783][total kept alive: 1; route allocated: 1 of 2000; total allocated: 1 of 2000]
08-31-2019 12:58:53 PoolingHttpClientConnectionManager.java DEBUG [Forwarding quit on session 7924db1cdca3d9f58beaf776318b9ec1 to remote] conn.PoolingHttpClientConnectionManager 288 - Connection leased: [id: 3][route: {}-&gt;http://localhost:20783][total kept alive: 0; route allocated: 1 of 2000; total allocated: 1 of 2000]
08-31-2019 12:58:53 MainClientExec.java DEBUG [Forwarding quit on session 7924db1cdca3d9f58beaf776318b9ec1 to remote] execchain.MainClientExec 208 - Stale connection check
08-31-2019 12:58:53 Wire.java DEBUG [Forwarding quit on session 7924db1cdca3d9f58beaf776318b9ec1 to remote] http.wire 87 - http-outgoing-3 &lt;&lt; &quot;[read] I/O error: Read timed out&quot;
08-31-2019 12:58:53 LoggingManagedHttpClientConnection.java DEBUG [Forwarding quit on session 7924db1cdca3d9f58beaf776318b9ec1 to remote] conn.DefaultManagedHttpClientConnection 88 - http-outgoing-3: set socket timeout to 10800000
08-31-2019 12:58:53 MainClientExec.java DEBUG [Forwarding quit on session 7924db1cdca3d9f58beaf776318b9ec1 to remote] execchain.MainClientExec 256 - Executing request DELETE /session/7924db1cdca3d9f58beaf776318b9ec1 HTTP/1.1
08-31-2019 12:58:53 MainClientExec.java DEBUG [Forwarding quit on session 7924db1cdca3d9f58beaf776318b9ec1 to remote] execchain.MainClientExec 261 - Target auth state: UNCHALLENGED
08-31-2019 12:58:53 MainClientExec.java DEBUG [Forwarding quit on session 7924db1cdca3d9f58beaf776318b9ec1 to remote] execchain.MainClientExec 267 - Proxy auth state: UNCHALLENGED
08-31-2019 12:58:53 LoggingManagedHttpClientConnection.java DEBUG [Forwarding quit on session 7924db1cdca3d9f58beaf776318b9ec1 to remote] http.headers 133 - http-outgoing-3 &gt;&gt; DELETE /session/7924db1cdca3d9f58beaf776318b9ec1 HTTP/1.1
08-31-2019 12:58:53 LoggingManagedHttpClientConnection.java DEBUG [Forwarding quit on session 7924db1cdca3d9f58beaf776318b9ec1 to remote] http.headers 136 - http-outgoing-3 &gt;&gt; Host: localhost:20783
08-31-2019 12:58:53 LoggingManagedHttpClientConnection.java DEBUG [Forwarding quit on session 7924db1cdca3d9f58beaf776318b9ec1 to remote] http.headers 136 - http-outgoing-3 &gt;&gt; Connection: Keep-Alive
08-31-2019 12:58:53 LoggingManagedHttpClientConnection.java DEBUG [Forwarding quit on session 7924db1cdca3d9f58beaf776318b9ec1 to remote] http.headers 136 - http-outgoing-3 &gt;&gt; User-Agent: Apache-HttpClient/4.5.3 (Java/1.8.0_221)
08-31-2019 12:58:53 LoggingManagedHttpClientConnection.java DEBUG [Forwarding quit on session 7924db1cdca3d9f58beaf776318b9ec1 to remote] http.headers 136 - http-outgoing-3 &gt;&gt; Accept-Encoding: gzip,deflate
08-31-2019 12:58:53 Wire.java DEBUG [Forwarding quit on session 7924db1cdca3d9f58beaf776318b9ec1 to remote] http.wire 73 - http-outgoing-3 &gt;&gt; &quot;DELETE /session/7924db1cdca3d9f58beaf776318b9ec1 HTTP/1.1[\r][\n]&quot;
08-31-2019 12:58:53 Wire.java DEBUG [Forwarding quit on session 7924db1cdca3d9f58beaf776318b9ec1 to remote] http.wire 73 - http-outgoing-3 &gt;&gt; &quot;Host: localhost:20783[\r][\n]&quot;
08-31-2019 12:58:53 Wire.java DEBUG [Forwarding quit on session 7924db1cdca3d9f58beaf776318b9ec1 to remote] http.wire 73 - http-outgoing-3 &gt;&gt; &quot;Connection: Keep-Alive[\r][\n]&quot;
08-31-2019 12:58:53 Wire.java DEBUG [Forwarding quit on session 7924db1cdca3d9f58beaf776318b9ec1 to remote] http.wire 73 - http-outgoing-3 &gt;&gt; &quot;User-Agent: Apache-HttpClient/4.5.3 (Java/1.8.0_221)[\r][\n]&quot;
08-31-2019 12:58:53 Wire.java DEBUG [Forwarding quit on session 7924db1cdca3d9f58beaf776318b9ec1 to remote] http.wire 73 - http-outgoing-3 &gt;&gt; &quot;Accept-Encoding: gzip,deflate[\r][\n]&quot;
08-31-2019 12:58:53 Wire.java DEBUG [Forwarding quit on session 7924db1cdca3d9f58beaf776318b9ec1 to remote] http.wire 73 - http-outgoing-3 &gt;&gt; &quot;[\r][\n]&quot;
08-31-2019 12:58:53 Wire.java DEBUG [Forwarding quit on session 7924db1cdca3d9f58beaf776318b9ec1 to remote] http.wire 73 - http-outgoing-3 &lt;&lt; &quot;HTTP/1.1 200 OK[\r][\n]&quot;
08-31-2019 12:58:53 Wire.java DEBUG [Forwarding quit on session 7924db1cdca3d9f58beaf776318b9ec1 to remote] http.wire 73 - http-outgoing-3 &lt;&lt; &quot;Content-Length:14[\r][\n]&quot;
08-31-2019 12:58:53 Wire.java DEBUG [Forwarding quit on session 7924db1cdca3d9f58beaf776318b9ec1 to remote] http.wire 73 - http-outgoing-3 &lt;&lt; &quot;Content-Type:application/json; charset=utf-8[\r][\n]&quot;
08-31-2019 12:58:53 Wire.java DEBUG [Forwarding quit on session 7924db1cdca3d9f58beaf776318b9ec1 to remote] http.wire 73 - http-outgoing-3 &lt;&lt; &quot;cache-control:no-cache[\r][\n]&quot;
08-31-2019 12:58:53 Wire.java DEBUG [Forwarding quit on session 7924db1cdca3d9f58beaf776318b9ec1 to remote] http.wire 73 - http-outgoing-3 &lt;&lt; &quot;[\r][\n]&quot;
08-31-2019 12:58:53 Wire.java DEBUG [Forwarding quit on session 7924db1cdca3d9f58beaf776318b9ec1 to remote] http.wire 87 - http-outgoing-3 &lt;&lt; &quot;{&quot;value&quot;:null}&quot;
08-31-2019 12:58:53 LoggingManagedHttpClientConnection.java DEBUG [Forwarding quit on session 7924db1cdca3d9f58beaf776318b9ec1 to remote] http.headers 122 - http-outgoing-3 &lt;&lt; HTTP/1.1 200 OK
08-31-2019 12:58:53 LoggingManagedHttpClientConnection.java DEBUG [Forwarding quit on session 7924db1cdca3d9f58beaf776318b9ec1 to remote] http.headers 125 - http-outgoing-3 &lt;&lt; Content-Length:14
08-31-2019 12:58:53 LoggingManagedHttpClientConnection.java DEBUG [Forwarding quit on session 7924db1cdca3d9f58beaf776318b9ec1 to remote] http.headers 125 - http-outgoing-3 &lt;&lt; Content-Type:application/json; charset=utf-8
08-31-2019 12:58:53 LoggingManagedHttpClientConnection.java DEBUG [Forwarding quit on session 7924db1cdca3d9f58beaf776318b9ec1 to remote] http.headers 125 - http-outgoing-3 &lt;&lt; cache-control:no-cache
08-31-2019 12:58:53 MainClientExec.java DEBUG [Forwarding quit on session 7924db1cdca3d9f58beaf776318b9ec1 to remote] execchain.MainClientExec 285 - Connection can be kept alive indefinitely
08-31-2019 12:58:53 PoolingHttpClientConnectionManager.java DEBUG [Forwarding quit on session 7924db1cdca3d9f58beaf776318b9ec1 to remote] conn.PoolingHttpClientConnectionManager 320 - Connection [id: 3][route: {}-&gt;http://localhost:20783] can be kept alive indefinitely
08-31-2019 12:58:53 PoolingHttpClientConnectionManager.java DEBUG [Forwarding quit on session 7924db1cdca3d9f58beaf776318b9ec1 to remote] conn.PoolingHttpClientConnectionManager 326 - Connection released: [id: 3][route: {}-&gt;http://localhost:20783][total kept alive: 1; route allocated: 1 of 2000; total allocated: 1 of 2000]
08-31-2019 12:58:53 PoolingHttpClientConnectionManager.java DEBUG [Forwarding quit on session 7924db1cdca3d9f58beaf776318b9ec1 to remote] conn.PoolingHttpClientConnectionManager 407 - Closing connections idle longer than 0 SECONDS
08-31-2019 12:58:53 LoggingManagedHttpClientConnection.java DEBUG [Forwarding quit on session 7924db1cdca3d9f58beaf776318b9ec1 to remote] conn.DefaultManagedHttpClientConnection 79 - http-outgoing-3: Close connection
08-31-2019 12:58:54 RequestAddCookies.java DEBUG [Forwarding newSession on session null to remote] protocol.RequestAddCookies 123 - CookieSpec selected: default
08-31-2019 12:58:54 RequestAuthCache.java DEBUG [Forwarding newSession on session null to remote] protocol.RequestAuthCache 77 - Auth cache not set in the context
08-31-2019 12:58:54 PoolingHttpClientConnectionManager.java DEBUG [Forwarding newSession on session null to remote] conn.PoolingHttpClientConnectionManager 255 - Connection request: [route: {}-&gt;http://localhost:45030][total kept alive: 0; route allocated: 0 of 2000; total allocated: 0 of 2000]
08-31-2019 12:58:54 PoolingHttpClientConnectionManager.java DEBUG [Forwarding newSession on session null to remote] conn.PoolingHttpClientConnectionManager 288 - Connection leased: [id: 4][route: {}-&gt;http://localhost:45030][total kept alive: 0; route allocated: 1 of 2000; total allocated: 1 of 2000]
08-31-2019 12:58:54 MainClientExec.java DEBUG [Forwarding newSession on session null to remote] execchain.MainClientExec 235 - Opening connection {}-&gt;http://localhost:45030
08-31-2019 12:58:54 DefaultHttpClientConnectionOperator.java DEBUG [Forwarding newSession on session null to remote] conn.DefaultHttpClientConnectionOperator 139 - Connecting to localhost/127.0.0.1:45030
08-31-2019 12:58:54 DefaultHttpClientConnectionOperator.java DEBUG [Forwarding newSession on session null to remote] conn.DefaultHttpClientConnectionOperator 146 - Connection established 127.0.0.1:54221&lt;-&gt;127.0.0.1:45030
08-31-2019 12:58:54 LoggingManagedHttpClientConnection.java DEBUG [Forwarding newSession on session null to remote] conn.DefaultManagedHttpClientConnection 88 - http-outgoing-4: set socket timeout to 10800000
08-31-2019 12:58:54 MainClientExec.java DEBUG [Forwarding newSession on session null to remote] execchain.MainClientExec 256 - Executing request POST /session HTTP/1.1
08-31-2019 12:58:54 MainClientExec.java DEBUG [Forwarding newSession on session null to remote] execchain.MainClientExec 261 - Target auth state: UNCHALLENGED
08-31-2019 12:58:54 MainClientExec.java DEBUG [Forwarding newSession on session null to remote] execchain.MainClientExec 267 - Proxy auth state: UNCHALLENGED
08-31-2019 12:58:54 LoggingManagedHttpClientConnection.java DEBUG [Forwarding newSession on session null to remote] http.headers 133 - http-outgoing-4 &gt;&gt; POST /session HTTP/1.1
08-31-2019 12:58:54 LoggingManagedHttpClientConnection.java DEBUG [Forwarding newSession on session null to remote] http.headers 136 - http-outgoing-4 &gt;&gt; Content-Type: application/json; charset=utf-8
08-31-2019 12:58:54 LoggingManagedHttpClientConnection.java DEBUG [Forwarding newSession on session null to remote] http.headers 136 - http-outgoing-4 &gt;&gt; Content-Length: 550
08-31-2019 12:58:54 LoggingManagedHttpClientConnection.java DEBUG [Forwarding newSession on session null to remote] http.headers 136 - http-outgoing-4 &gt;&gt; Host: localhost:45030
08-31-2019 12:58:54 LoggingManagedHttpClientConnection.java DEBUG [Forwarding newSession on session null to remote] http.headers 136 - http-outgoing-4 &gt;&gt; Connection: Keep-Alive
08-31-2019 12:58:54 LoggingManagedHttpClientConnection.java DEBUG [Forwarding newSession on session null to remote] http.headers 136 - http-outgoing-4 &gt;&gt; User-Agent: Apache-HttpClient/4.5.3 (Java/1.8.0_221)
08-31-2019 12:58:54 LoggingManagedHttpClientConnection.java DEBUG [Forwarding newSession on session null to remote] http.headers 136 - http-outgoing-4 &gt;&gt; Accept-Encoding: gzip,deflate
08-31-2019 12:58:54 Wire.java DEBUG [Forwarding newSession on session null to remote] http.wire 73 - http-outgoing-4 &gt;&gt; &quot;POST /session HTTP/1.1[\r][\n]&quot;
08-31-2019 12:58:54 Wire.java DEBUG [Forwarding newSession on session null to remote] http.wire 73 - http-outgoing-4 &gt;&gt; &quot;Content-Type: application/json; charset=utf-8[\r][\n]&quot;
08-31-2019 12:58:54 Wire.java DEBUG [Forwarding newSession on session null to remote] http.wire 73 - http-outgoing-4 &gt;&gt; &quot;Content-Length: 550[\r][\n]&quot;
08-31-2019 12:58:54 Wire.java DEBUG [Forwarding newSession on session null to remote] http.wire 73 - http-outgoing-4 &gt;&gt; &quot;Host: localhost:45030[\r][\n]&quot;
08-31-2019 12:58:54 Wire.java DEBUG [Forwarding newSession on session null to remote] http.wire 73 - http-outgoing-4 &gt;&gt; &quot;Connection: Keep-Alive[\r][\n]&quot;
08-31-2019 12:58:54 Wire.java DEBUG [Forwarding newSession on session null to remote] http.wire 73 - http-outgoing-4 &gt;&gt; &quot;User-Agent: Apache-HttpClient/4.5.3 (Java/1.8.0_221)[\r][\n]&quot;
08-31-2019 12:58:54 Wire.java DEBUG [Forwarding newSession on session null to remote] http.wire 73 - http-outgoing-4 &gt;&gt; &quot;Accept-Encoding: gzip,deflate[\r][\n]&quot;
08-31-2019 12:58:54 Wire.java DEBUG [Forwarding newSession on session null to remote] http.wire 73 - http-outgoing-4 &gt;&gt; &quot;[\r][\n]&quot;
08-31-2019 12:58:54 Wire.java DEBUG [Forwarding newSession on session null to remote] http.wire 73 - http-outgoing-4 &gt;&gt; &quot;{[\n]&quot;
08-31-2019 12:58:54 Wire.java DEBUG [Forwarding newSession on session null to remote] http.wire 73 - http-outgoing-4 &gt;&gt; &quot;  &quot;desiredCapabilities&quot;: {[\n]&quot;
08-31-2019 12:58:54 Wire.java DEBUG [Forwarding newSession on session null to remote] http.wire 73 - http-outgoing-4 &gt;&gt; &quot;    &quot;browserName&quot;: &quot;chrome&quot;,[\n]&quot;
08-31-2019 12:58:55 Wire.java DEBUG [Forwarding newSession on session null to remote] http.wire 73 - http-outgoing-4 &gt;&gt; &quot;    &quot;chromeOptions&quot;: {[\n]&quot;
08-31-2019 12:58:55 Wire.java DEBUG [Forwarding newSession on session null to remote] http.wire 73 - http-outgoing-4 &gt;&gt; &quot;      &quot;args&quot;: [],[\n]&quot;
08-31-2019 12:58:55 Wire.java DEBUG [Forwarding newSession on session null to remote] http.wire 73 - http-outgoing-4 &gt;&gt; &quot;      &quot;extensions&quot;: [][\n]&quot;
08-31-2019 12:58:55 Wire.java DEBUG [Forwarding newSession on session null to remote] http.wire 73 - http-outgoing-4 &gt;&gt; &quot;    },[\n]&quot;
08-31-2019 12:58:55 Wire.java DEBUG [Forwarding newSession on session null to remote] http.wire 73 - http-outgoing-4 &gt;&gt; &quot;    &quot;version&quot;: &quot;&quot;,[\n]&quot;
08-31-2019 12:58:55 Wire.java DEBUG [Forwarding newSession on session null to remote] http.wire 73 - http-outgoing-4 &gt;&gt; &quot;    &quot;platform&quot;: &quot;ANY&quot;[\n]&quot;
08-31-2019 12:58:55 Wire.java DEBUG [Forwarding newSession on session null to remote] http.wire 73 - http-outgoing-4 &gt;&gt; &quot;  },[\n]&quot;
08-31-2019 12:58:55 Wire.java DEBUG [Forwarding newSession on session null to remote] http.wire 73 - http-outgoing-4 &gt;&gt; &quot;  &quot;requiredCapabilities&quot;: {},[\n]&quot;
08-31-2019 12:58:55 Wire.java DEBUG [Forwarding newSession on session null to remote] http.wire 73 - http-outgoing-4 &gt;&gt; &quot;  &quot;capabilities&quot;: {[\n]&quot;
08-31-2019 12:58:55 Wire.java DEBUG [Forwarding newSession on session null to remote] http.wire 73 - http-outgoing-4 &gt;&gt; &quot;    &quot;desiredCapabilities&quot;: {[\n]&quot;
08-31-2019 12:58:55 Wire.java DEBUG [Forwarding newSession on session null to remote] http.wire 73 - http-outgoing-4 &gt;&gt; &quot;      &quot;browserName&quot;: &quot;chrome&quot;,[\n]&quot;
08-31-2019 12:58:55 Wire.java DEBUG [Forwarding newSession on session null to remote] http.wire 73 - http-outgoing-4 &gt;&gt; &quot;      &quot;chromeOptions&quot;: {[\n]&quot;
08-31-2019 12:58:55 Wire.java DEBUG [Forwarding newSession on session null to remote] http.wire 73 - http-outgoing-4 &gt;&gt; &quot;        &quot;args&quot;: [],[\n]&quot;
08-31-2019 12:58:55 Wire.java DEBUG [Forwarding newSession on session null to remote] http.wire 73 - http-outgoing-4 &gt;&gt; &quot;        &quot;extensions&quot;: [][\n]&quot;
08-31-2019 12:58:55 Wire.java DEBUG [Forwarding newSession on session null to remote] http.wire 73 - http-outgoing-4 &gt;&gt; &quot;      },[\n]&quot;
08-31-2019 12:58:55 Wire.java DEBUG [Forwarding newSession on session null to remote] http.wire 73 - http-outgoing-4 &gt;&gt; &quot;      &quot;version&quot;: &quot;&quot;,[\n]&quot;
08-31-2019 12:58:55 Wire.java DEBUG [Forwarding newSession on session null to remote] http.wire 73 - http-outgoing-4 &gt;&gt; &quot;      &quot;platform&quot;: &quot;ANY&quot;[\n]&quot;
08-31-2019 12:58:55 Wire.java DEBUG [Forwarding newSession on session null to remote] http.wire 73 - http-outgoing-4 &gt;&gt; &quot;    },[\n]&quot;
08-31-2019 12:58:55 Wire.java DEBUG [Forwarding newSession on session null to remote] http.wire 73 - http-outgoing-4 &gt;&gt; &quot;    &quot;requiredCapabilities&quot;: {},[\n]&quot;
08-31-2019 12:58:55 Wire.java DEBUG [Forwarding newSession on session null to remote] http.wire 73 - http-outgoing-4 &gt;&gt; &quot;    &quot;alwaysMatch&quot;: {},[\n]&quot;
08-31-2019 12:58:55 Wire.java DEBUG [Forwarding newSession on session null to remote] http.wire 73 - http-outgoing-4 &gt;&gt; &quot;    &quot;firstMatch&quot;: [[\n]&quot;
08-31-2019 12:58:55 Wire.java DEBUG [Forwarding newSession on session null to remote] http.wire 73 - http-outgoing-4 &gt;&gt; &quot;      {[\n]&quot;
08-31-2019 12:58:55 Wire.java DEBUG [Forwarding newSession on session null to remote] http.wire 73 - http-outgoing-4 &gt;&gt; &quot;        &quot;browserName&quot;: &quot;chrome&quot;[\n]&quot;
08-31-2019 12:58:55 Wire.java DEBUG [Forwarding newSession on session null to remote] http.wire 73 - http-outgoing-4 &gt;&gt; &quot;      }[\n]&quot;
08-31-2019 12:58:55 Wire.java DEBUG [Forwarding newSession on session null to remote] http.wire 73 - http-outgoing-4 &gt;&gt; &quot;    ][\n]&quot;
08-31-2019 12:58:55 Wire.java DEBUG [Forwarding newSession on session null to remote] http.wire 73 - http-outgoing-4 &gt;&gt; &quot;  }[\n]&quot;
08-31-2019 12:58:55 Wire.java DEBUG [Forwarding newSession on session null to remote] http.wire 87 - http-outgoing-4 &gt;&gt; &quot;}&quot;
08-31-2019 12:58:56 Wire.java DEBUG [Forwarding newSession on session null to remote] http.wire 73 - http-outgoing-4 &lt;&lt; &quot;HTTP/1.1 200 OK[\r][\n]&quot;
08-31-2019 12:58:56 Wire.java DEBUG [Forwarding newSession on session null to remote] http.wire 73 - http-outgoing-4 &lt;&lt; &quot;Content-Length:680[\r][\n]&quot;
08-31-2019 12:58:56 Wire.java DEBUG [Forwarding newSession on session null to remote] http.wire 73 - http-outgoing-4 &lt;&lt; &quot;Content-Type:application/json; charset=utf-8[\r][\n]&quot;
08-31-2019 12:58:56 Wire.java DEBUG [Forwarding newSession on session null to remote] http.wire 73 - http-outgoing-4 &lt;&lt; &quot;cache-control:no-cache[\r][\n]&quot;
08-31-2019 12:58:56 Wire.java DEBUG [Forwarding newSession on session null to remote] http.wire 73 - http-outgoing-4 &lt;&lt; &quot;[\r][\n]&quot;
08-31-2019 12:58:56 Wire.java DEBUG [Forwarding newSession on session null to remote] http.wire 87 - http-outgoing-4 &lt;&lt; &quot;{&quot;value&quot;:{&quot;capabilities&quot;:{&quot;acceptInsecureCerts&quot;:false,&quot;browserName&quot;:&quot;chrome&quot;,&quot;browserVersion&quot;:&quot;76.0.3809.132&quot;,&quot;chrome&quot;:{&quot;chromedriverVersion&quot;:&quot;76.0.3809.68 (420c9498db8ce8fcd190a954d51297672c1515d5-refs/branch-heads/3809@{#864})&quot;,&quot;userDataDir&quot;:&quot;C:\\Users\\karan\\AppData\\Local\\Temp\\scoped_dir7624_67803008&quot;},&quot;goog:chromeOptions&quot;:{&quot;debuggerAddress&quot;:&quot;localhost:54222&quot;},&quot;networkConnectionEnabled&quot;:false,&quot;pageLoadStrategy&quot;:&quot;normal&quot;,&quot;platformName&quot;:&quot;windows nt&quot;,&quot;proxy&quot;:{},&quot;setWindowRect&quot;:true,&quot;strictFileInteractability&quot;:false,&quot;timeouts&quot;:{&quot;implicit&quot;:0,&quot;pageLoad&quot;:300000,&quot;script&quot;:30000},&quot;unhandledPromptBehavior&quot;:&quot;dismiss and notify&quot;},&quot;sessionId&quot;:&quot;8224b39f135dddefa755fa7332753c0d&quot;}}&quot;
08-31-2019 12:58:56 LoggingManagedHttpClientConnection.java DEBUG [Forwarding newSession on session null to remote] http.headers 122 - http-outgoing-4 &lt;&lt; HTTP/1.1 200 OK
08-31-2019 12:58:56 LoggingManagedHttpClientConnection.java DEBUG [Forwarding newSession on session null to remote] http.headers 125 - http-outgoing-4 &lt;&lt; Content-Length:680
08-31-2019 12:58:56 LoggingManagedHttpClientConnection.java DEBUG [Forwarding newSession on session null to remote] http.headers 125 - http-outgoing-4 &lt;&lt; Content-Type:application/json; charset=utf-8
08-31-2019 12:58:56 LoggingManagedHttpClientConnection.java DEBUG [Forwarding newSession on session null to remote] http.headers 125 - http-outgoing-4 &lt;&lt; cache-control:no-cache
08-31-2019 12:58:56 MainClientExec.java DEBUG [Forwarding newSession on session null to remote] execchain.MainClientExec 285 - Connection can be kept alive indefinitely
08-31-2019 12:58:56 PoolingHttpClientConnectionManager.java DEBUG [Forwarding newSession on session null to remote] conn.PoolingHttpClientConnectionManager 320 - Connection [id: 4][route: {}-&gt;http://localhost:45030] can be kept alive indefinitely
08-31-2019 12:58:56 PoolingHttpClientConnectionManager.java DEBUG [Forwarding newSession on session null to remote] conn.PoolingHttpClientConnectionManager 326 - Connection released: [id: 4][route: {}-&gt;http://localhost:45030][total kept alive: 1; route allocated: 1 of 2000; total allocated: 1 of 2000]
08-31-2019 12:58:56 RequestAddCookies.java DEBUG [Forwarding maximizeCurrentWindow on session 8224b39f135dddefa755fa7332753c0d to remote] protocol.RequestAddCookies 123 - CookieSpec selected: default
08-31-2019 12:58:56 RequestAuthCache.java DEBUG [Forwarding maximizeCurrentWindow on session 8224b39f135dddefa755fa7332753c0d to remote] protocol.RequestAuthCache 77 - Auth cache not set in the context
08-31-2019 12:58:56 PoolingHttpClientConnectionManager.java DEBUG [Forwarding maximizeCurrentWindow on session 8224b39f135dddefa755fa7332753c0d to remote] conn.PoolingHttpClientConnectionManager 255 - Connection request: [route: {}-&gt;http://localhost:45030][total kept alive: 1; route allocated: 1 of 2000; total allocated: 1 of 2000]
08-31-2019 12:58:56 PoolingHttpClientConnectionManager.java DEBUG [Forwarding maximizeCurrentWindow on session 8224b39f135dddefa755fa7332753c0d to remote] conn.PoolingHttpClientConnectionManager 288 - Connection leased: [id: 4][route: {}-&gt;http://localhost:45030][total kept alive: 0; route allocated: 1 of 2000; total allocated: 1 of 2000]
08-31-2019 12:58:56 MainClientExec.java DEBUG [Forwarding maximizeCurrentWindow on session 8224b39f135dddefa755fa7332753c0d to remote] execchain.MainClientExec 208 - Stale connection check
08-31-2019 12:58:56 Wire.java DEBUG [Forwarding maximizeCurrentWindow on session 8224b39f135dddefa755fa7332753c0d to remote] http.wire 87 - http-outgoing-4 &lt;&lt; &quot;[read] I/O error: Read timed out&quot;
08-31-2019 12:58:56 LoggingManagedHttpClientConnection.java DEBUG [Forwarding maximizeCurrentWindow on session 8224b39f135dddefa755fa7332753c0d to remote] conn.DefaultManagedHttpClientConnection 88 - http-outgoing-4: set socket timeout to 10800000
08-31-2019 12:58:56 MainClientExec.java DEBUG [Forwarding maximizeCurrentWindow on session 8224b39f135dddefa755fa7332753c0d to remote] execchain.MainClientExec 256 - Executing request POST /session/8224b39f135dddefa755fa7332753c0d/window/maximize HTTP/1.1
08-31-2019 12:58:56 MainClientExec.java DEBUG [Forwarding maximizeCurrentWindow on session 8224b39f135dddefa755fa7332753c0d to remote] execchain.MainClientExec 261 - Target auth state: UNCHALLENGED
08-31-2019 12:58:56 MainClientExec.java DEBUG [Forwarding maximizeCurrentWindow on session 8224b39f135dddefa755fa7332753c0d to remote] execchain.MainClientExec 267 - Proxy auth state: UNCHALLENGED
08-31-2019 12:58:56 LoggingManagedHttpClientConnection.java DEBUG [Forwarding maximizeCurrentWindow on session 8224b39f135dddefa755fa7332753c0d to remote] http.headers 133 - http-outgoing-4 &gt;&gt; POST /session/8224b39f135dddefa755fa7332753c0d/window/maximize HTTP/1.1
08-31-2019 12:58:56 LoggingManagedHttpClientConnection.java DEBUG [Forwarding maximizeCurrentWindow on session 8224b39f135dddefa755fa7332753c0d to remote] http.headers 136 - http-outgoing-4 &gt;&gt; Content-Type: application/json; charset=utf-8
08-31-2019 12:58:56 LoggingManagedHttpClientConnection.java DEBUG [Forwarding maximizeCurrentWindow on session 8224b39f135dddefa755fa7332753c0d to remote] http.headers 136 - http-outgoing-4 &gt;&gt; Content-Length: 2
08-31-2019 12:58:56 LoggingManagedHttpClientConnection.java DEBUG [Forwarding maximizeCurrentWindow on session 8224b39f135dddefa755fa7332753c0d to remote] http.headers 136 - http-outgoing-4 &gt;&gt; Host: localhost:45030
08-31-2019 12:58:56 LoggingManagedHttpClientConnection.java DEBUG [Forwarding maximizeCurrentWindow on session 8224b39f135dddefa755fa7332753c0d to remote] http.headers 136 - http-outgoing-4 &gt;&gt; Connection: Keep-Alive
08-31-2019 12:58:56 LoggingManagedHttpClientConnection.java DEBUG [Forwarding maximizeCurrentWindow on session 8224b39f135dddefa755fa7332753c0d to remote] http.headers 136 - http-outgoing-4 &gt;&gt; User-Agent: Apache-HttpClient/4.5.3 (Java/1.8.0_221)
08-31-2019 12:58:56 LoggingManagedHttpClientConnection.java DEBUG [Forwarding maximizeCurrentWindow on session 8224b39f135dddefa755fa7332753c0d to remote] http.headers 136 - http-outgoing-4 &gt;&gt; Accept-Encoding: gzip,deflate
08-31-2019 12:58:56 Wire.java DEBUG [Forwarding maximizeCurrentWindow on session 8224b39f135dddefa755fa7332753c0d to remote] http.wire 73 - http-outgoing-4 &gt;&gt; &quot;POST /session/8224b39f135dddefa755fa7332753c0d/window/maximize HTTP/1.1[\r][\n]&quot;
08-31-2019 12:58:56 Wire.java DEBUG [Forwarding maximizeCurrentWindow on session 8224b39f135dddefa755fa7332753c0d to remote] http.wire 73 - http-outgoing-4 &gt;&gt; &quot;Content-Type: application/json; charset=utf-8[\r][\n]&quot;
08-31-2019 12:58:56 Wire.java DEBUG [Forwarding maximizeCurrentWindow on session 8224b39f135dddefa755fa7332753c0d to remote] http.wire 73 - http-outgoing-4 &gt;&gt; &quot;Content-Length: 2[\r][\n]&quot;
08-31-2019 12:58:56 Wire.java DEBUG [Forwarding maximizeCurrentWindow on session 8224b39f135dddefa755fa7332753c0d to remote] http.wire 73 - http-outgoing-4 &gt;&gt; &quot;Host: localhost:45030[\r][\n]&quot;
08-31-2019 12:58:56 Wire.java DEBUG [Forwarding maximizeCurrentWindow on session 8224b39f135dddefa755fa7332753c0d to remote] http.wire 73 - http-outgoing-4 &gt;&gt; &quot;Connection: Keep-Alive[\r][\n]&quot;
08-31-2019 12:58:56 Wire.java DEBUG [Forwarding maximizeCurrentWindow on session 8224b39f135dddefa755fa7332753c0d to remote] http.wire 73 - http-outgoing-4 &gt;&gt; &quot;User-Agent: Apache-HttpClient/4.5.3 (Java/1.8.0_221)[\r][\n]&quot;
08-31-2019 12:58:56 Wire.java DEBUG [Forwarding maximizeCurrentWindow on session 8224b39f135dddefa755fa7332753c0d to remote] http.wire 73 - http-outgoing-4 &gt;&gt; &quot;Accept-Encoding: gzip,deflate[\r][\n]&quot;
08-31-2019 12:58:56 Wire.java DEBUG [Forwarding maximizeCurrentWindow on session 8224b39f135dddefa755fa7332753c0d to remote] http.wire 73 - http-outgoing-4 &gt;&gt; &quot;[\r][\n]&quot;
08-31-2019 12:58:56 Wire.java DEBUG [Forwarding maximizeCurrentWindow on session 8224b39f135dddefa755fa7332753c0d to remote] http.wire 87 - http-outgoing-4 &gt;&gt; &quot;{}&quot;
08-31-2019 12:58:58 Wire.java DEBUG [Forwarding maximizeCurrentWindow on session 8224b39f135dddefa755fa7332753c0d to remote] http.wire 73 - http-outgoing-4 &lt;&lt; &quot;HTTP/1.1 200 OK[\r][\n]&quot;
08-31-2019 12:58:58 Wire.java DEBUG [Forwarding maximizeCurrentWindow on session 8224b39f135dddefa755fa7332753c0d to remote] http.wire 73 - http-outgoing-4 &lt;&lt; &quot;Content-Length:51[\r][\n]&quot;
08-31-2019 12:58:58 Wire.java DEBUG [Forwarding maximizeCurrentWindow on session 8224b39f135dddefa755fa7332753c0d to remote] http.wire 73 - http-outgoing-4 &lt;&lt; &quot;Content-Type:application/json; charset=utf-8[\r][\n]&quot;
08-31-2019 12:58:58 Wire.java DEBUG [Forwarding maximizeCurrentWindow on session 8224b39f135dddefa755fa7332753c0d to remote] http.wire 73 - http-outgoing-4 &lt;&lt; &quot;cache-control:no-cache[\r][\n]&quot;
08-31-2019 12:58:58 Wire.java DEBUG [Forwarding maximizeCurrentWindow on session 8224b39f135dddefa755fa7332753c0d to remote] http.wire 73 - http-outgoing-4 &lt;&lt; &quot;[\r][\n]&quot;
08-31-2019 12:58:58 Wire.java DEBUG [Forwarding maximizeCurrentWindow on session 8224b39f135dddefa755fa7332753c0d to remote] http.wire 87 - http-outgoing-4 &lt;&lt; &quot;{&quot;value&quot;:{&quot;height&quot;:886,&quot;width&quot;:1382,&quot;x&quot;:-7,&quot;y&quot;:-7}}&quot;
08-31-2019 12:58:58 LoggingManagedHttpClientConnection.java DEBUG [Forwarding maximizeCurrentWindow on session 8224b39f135dddefa755fa7332753c0d to remote] http.headers 122 - http-outgoing-4 &lt;&lt; HTTP/1.1 200 OK
08-31-2019 12:58:58 LoggingManagedHttpClientConnection.java DEBUG [Forwarding maximizeCurrentWindow on session 8224b39f135dddefa755fa7332753c0d to remote] http.headers 125 - http-outgoing-4 &lt;&lt; Content-Length:51
08-31-2019 12:58:58 LoggingManagedHttpClientConnection.java DEBUG [Forwarding maximizeCurrentWindow on session 8224b39f135dddefa755fa7332753c0d to remote] http.headers 125 - http-outgoing-4 &lt;&lt; Content-Type:application/json; charset=utf-8
08-31-2019 12:58:58 LoggingManagedHttpClientConnection.java DEBUG [Forwarding maximizeCurrentWindow on session 8224b39f135dddefa755fa7332753c0d to remote] http.headers 125 - http-outgoing-4 &lt;&lt; cache-control:no-cache
08-31-2019 12:58:58 MainClientExec.java DEBUG [Forwarding maximizeCurrentWindow on session 8224b39f135dddefa755fa7332753c0d to remote] execchain.MainClientExec 285 - Connection can be kept alive indefinitely
08-31-2019 12:58:58 PoolingHttpClientConnectionManager.java DEBUG [Forwarding maximizeCurrentWindow on session 8224b39f135dddefa755fa7332753c0d to remote] conn.PoolingHttpClientConnectionManager 320 - Connection [id: 4][route: {}-&gt;http://localhost:45030] can be kept alive indefinitely
08-31-2019 12:58:58 PoolingHttpClientConnectionManager.java DEBUG [Forwarding maximizeCurrentWindow on session 8224b39f135dddefa755fa7332753c0d to remote] conn.PoolingHttpClientConnectionManager 326 - Connection released: [id: 4][route: {}-&gt;http://localhost:45030][total kept alive: 1; route allocated: 1 of 2000; total allocated: 1 of 2000]
08-31-2019 12:58:58 RequestAddCookies.java DEBUG [Forwarding deleteAllCookies on session 8224b39f135dddefa755fa7332753c0d to remote] protocol.RequestAddCookies 123 - CookieSpec selected: default
08-31-2019 12:58:58 RequestAuthCache.java DEBUG [Forwarding deleteAllCookies on session 8224b39f135dddefa755fa7332753c0d to remote] protocol.RequestAuthCache 77 - Auth cache not set in the context
08-31-2019 12:58:58 PoolingHttpClientConnectionManager.java DEBUG [Forwarding deleteAllCookies on session 8224b39f135dddefa755fa7332753c0d to remote] conn.PoolingHttpClientConnectionManager 255 - Connection request: [route: {}-&gt;http://localhost:45030][total kept alive: 1; route allocated: 1 of 2000; total allocated: 1 of 2000]
08-31-2019 12:58:58 PoolingHttpClientConnectionManager.java DEBUG [Forwarding deleteAllCookies on session 8224b39f135dddefa755fa7332753c0d to remote] conn.PoolingHttpClientConnectionManager 288 - Connection leased: [id: 4][route: {}-&gt;http://localhost:45030][total kept alive: 0; route allocated: 1 of 2000; total allocated: 1 of 2000]
08-31-2019 12:58:58 MainClientExec.java DEBUG [Forwarding deleteAllCookies on session 8224b39f135dddefa755fa7332753c0d to remote] execchain.MainClientExec 208 - Stale connection check
08-31-2019 12:58:58 Wire.java DEBUG [Forwarding deleteAllCookies on session 8224b39f135dddefa755fa7332753c0d to remote] http.wire 87 - http-outgoing-4 &lt;&lt; &quot;[read] I/O error: Read timed out&quot;
08-31-2019 12:58:58 LoggingManagedHttpClientConnection.java DEBUG [Forwarding deleteAllCookies on session 8224b39f135dddefa755fa7332753c0d to remote] conn.DefaultManagedHttpClientConnection 88 - http-outgoing-4: set socket timeout to 10800000
08-31-2019 12:58:58 MainClientExec.java DEBUG [Forwarding deleteAllCookies on session 8224b39f135dddefa755fa7332753c0d to remote] execchain.MainClientExec 256 - Executing request DELETE /session/8224b39f135dddefa755fa7332753c0d/cookie HTTP/1.1
08-31-2019 12:58:58 MainClientExec.java DEBUG [Forwarding deleteAllCookies on session 8224b39f135dddefa755fa7332753c0d to remote] execchain.MainClientExec 261 - Target auth state: UNCHALLENGED
08-31-2019 12:58:58 MainClientExec.java DEBUG [Forwarding deleteAllCookies on session 8224b39f135dddefa755fa7332753c0d to remote] execchain.MainClientExec 267 - Proxy auth state: UNCHALLENGED
08-31-2019 12:58:58 LoggingManagedHttpClientConnection.java DEBUG [Forwarding deleteAllCookies on session 8224b39f135dddefa755fa7332753c0d to remote] http.headers 133 - http-outgoing-4 &gt;&gt; DELETE /session/8224b39f135dddefa755fa7332753c0d/cookie HTTP/1.1
08-31-2019 12:58:58 LoggingManagedHttpClientConnection.java DEBUG [Forwarding deleteAllCookies on session 8224b39f135dddefa755fa7332753c0d to remote] http.headers 136 - http-outgoing-4 &gt;&gt; Host: localhost:45030
08-31-2019 12:58:58 LoggingManagedHttpClientConnection.java DEBUG [Forwarding deleteAllCookies on session 8224b39f135dddefa755fa7332753c0d to remote] http.headers 136 - http-outgoing-4 &gt;&gt; Connection: Keep-Alive
08-31-2019 12:58:58 LoggingManagedHttpClientConnection.java DEBUG [Forwarding deleteAllCookies on session 8224b39f135dddefa755fa7332753c0d to remote] http.headers 136 - http-outgoing-4 &gt;&gt; User-Agent: Apache-HttpClient/4.5.3 (Java/1.8.0_221)
08-31-2019 12:58:58 LoggingManagedHttpClientConnection.java DEBUG [Forwarding deleteAllCookies on session 8224b39f135dddefa755fa7332753c0d to remote] http.headers 136 - http-outgoing-4 &gt;&gt; Accept-Encoding: gzip,deflate
08-31-2019 12:58:58 Wire.java DEBUG [Forwarding deleteAllCookies on session 8224b39f135dddefa755fa7332753c0d to remote] http.wire 73 - http-outgoing-4 &gt;&gt; &quot;DELETE /session/8224b39f135dddefa755fa7332753c0d/cookie HTTP/1.1[\r][\n]&quot;
08-31-2019 12:58:58 Wire.java DEBUG [Forwarding deleteAllCookies on session 8224b39f135dddefa755fa7332753c0d to remote] http.wire 73 - http-outgoing-4 &gt;&gt; &quot;Host: localhost:45030[\r][\n]&quot;
08-31-2019 12:58:58 Wire.java DEBUG [Forwarding deleteAllCookies on session 8224b39f135dddefa755fa7332753c0d to remote] http.wire 73 - http-outgoing-4 &gt;&gt; &quot;Connection: Keep-Alive[\r][\n]&quot;
08-31-2019 12:58:58 Wire.java DEBUG [Forwarding deleteAllCookies on session 8224b39f135dddefa755fa7332753c0d to remote] http.wire 73 - http-outgoing-4 &gt;&gt; &quot;User-Agent: Apache-HttpClient/4.5.3 (Java/1.8.0_221)[\r][\n]&quot;
08-31-2019 12:58:58 Wire.java DEBUG [Forwarding deleteAllCookies on session 8224b39f135dddefa755fa7332753c0d to remote] http.wire 73 - http-outgoing-4 &gt;&gt; &quot;Accept-Encoding: gzip,deflate[\r][\n]&quot;
08-31-2019 12:58:58 Wire.java DEBUG [Forwarding deleteAllCookies on session 8224b39f135dddefa755fa7332753c0d to remote] http.wire 73 - http-outgoing-4 &gt;&gt; &quot;[\r][\n]&quot;
08-31-2019 12:58:58 Wire.java DEBUG [Forwarding deleteAllCookies on session 8224b39f135dddefa755fa7332753c0d to remote] http.wire 73 - http-outgoing-4 &lt;&lt; &quot;HTTP/1.1 200 OK[\r][\n]&quot;
08-31-2019 12:58:58 Wire.java DEBUG [Forwarding deleteAllCookies on session 8224b39f135dddefa755fa7332753c0d to remote] http.wire 73 - http-outgoing-4 &lt;&lt; &quot;Content-Length:14[\r][\n]&quot;
08-31-2019 12:58:58 Wire.java DEBUG [Forwarding deleteAllCookies on session 8224b39f135dddefa755fa7332753c0d to remote] http.wire 73 - http-outgoing-4 &lt;&lt; &quot;Content-Type:application/json; charset=utf-8[\r][\n]&quot;
08-31-2019 12:58:58 Wire.java DEBUG [Forwarding deleteAllCookies on session 8224b39f135dddefa755fa7332753c0d to remote] http.wire 73 - http-outgoing-4 &lt;&lt; &quot;cache-control:no-cache[\r][\n]&quot;
08-31-2019 12:58:58 Wire.java DEBUG [Forwarding deleteAllCookies on session 8224b39f135dddefa755fa7332753c0d to remote] http.wire 73 - http-outgoing-4 &lt;&lt; &quot;[\r][\n]&quot;
08-31-2019 12:58:58 Wire.java DEBUG [Forwarding deleteAllCookies on session 8224b39f135dddefa755fa7332753c0d to remote] http.wire 87 - http-outgoing-4 &lt;&lt; &quot;{&quot;value&quot;:null}&quot;
08-31-2019 12:58:58 LoggingManagedHttpClientConnection.java DEBUG [Forwarding deleteAllCookies on session 8224b39f135dddefa755fa7332753c0d to remote] http.headers 122 - http-outgoing-4 &lt;&lt; HTTP/1.1 200 OK
08-31-2019 12:58:58 LoggingManagedHttpClientConnection.java DEBUG [Forwarding deleteAllCookies on session 8224b39f135dddefa755fa7332753c0d to remote] http.headers 125 - http-outgoing-4 &lt;&lt; Content-Length:14
08-31-2019 12:58:58 LoggingManagedHttpClientConnection.java DEBUG [Forwarding deleteAllCookies on session 8224b39f135dddefa755fa7332753c0d to remote] http.headers 125 - http-outgoing-4 &lt;&lt; Content-Type:application/json; charset=utf-8
08-31-2019 12:58:58 LoggingManagedHttpClientConnection.java DEBUG [Forwarding deleteAllCookies on session 8224b39f135dddefa755fa7332753c0d to remote] http.headers 125 - http-outgoing-4 &lt;&lt; cache-control:no-cache
08-31-2019 12:58:58 MainClientExec.java DEBUG [Forwarding deleteAllCookies on session 8224b39f135dddefa755fa7332753c0d to remote] execchain.MainClientExec 285 - Connection can be kept alive indefinitely
08-31-2019 12:58:58 PoolingHttpClientConnectionManager.java DEBUG [Forwarding deleteAllCookies on session 8224b39f135dddefa755fa7332753c0d to remote] conn.PoolingHttpClientConnectionManager 320 - Connection [id: 4][route: {}-&gt;http://localhost:45030] can be kept alive indefinitely
08-31-2019 12:58:58 PoolingHttpClientConnectionManager.java DEBUG [Forwarding deleteAllCookies on session 8224b39f135dddefa755fa7332753c0d to remote] conn.PoolingHttpClientConnectionManager 326 - Connection released: [id: 4][route: {}-&gt;http://localhost:45030][total kept alive: 1; route allocated: 1 of 2000; total allocated: 1 of 2000]
08-31-2019 12:58:58 RequestAddCookies.java DEBUG [Forwarding setTimeout on session 8224b39f135dddefa755fa7332753c0d to remote] protocol.RequestAddCookies 123 - CookieSpec selected: default
08-31-2019 12:58:58 RequestAuthCache.java DEBUG [Forwarding setTimeout on session 8224b39f135dddefa755fa7332753c0d to remote] protocol.RequestAuthCache 77 - Auth cache not set in the context
08-31-2019 12:58:58 PoolingHttpClientConnectionManager.java DEBUG [Forwarding setTimeout on session 8224b39f135dddefa755fa7332753c0d to remote] conn.PoolingHttpClientConnectionManager 255 - Connection request: [route: {}-&gt;http://localhost:45030][total kept alive: 1; route allocated: 1 of 2000; total allocated: 1 of 2000]
08-31-2019 12:58:58 PoolingHttpClientConnectionManager.java DEBUG [Forwarding setTimeout on session 8224b39f135dddefa755fa7332753c0d to remote] conn.PoolingHttpClientConnectionManager 288 - Connection leased: [id: 4][route: {}-&gt;http://localhost:45030][total kept alive: 0; route allocated: 1 of 2000; total allocated: 1 of 2000]
08-31-2019 12:58:58 MainClientExec.java DEBUG [Forwarding setTimeout on session 8224b39f135dddefa755fa7332753c0d to remote] execchain.MainClientExec 208 - Stale connection check
08-31-2019 12:58:58 Wire.java DEBUG [Forwarding setTimeout on session 8224b39f135dddefa755fa7332753c0d to remote] http.wire 87 - http-outgoing-4 &lt;&lt; &quot;[read] I/O error: Read timed out&quot;
08-31-2019 12:58:58 LoggingManagedHttpClientConnection.java DEBUG [Forwarding setTimeout on session 8224b39f135dddefa755fa7332753c0d to remote] conn.DefaultManagedHttpClientConnection 88 - http-outgoing-4: set socket timeout to 10800000
08-31-2019 12:58:58 MainClientExec.java DEBUG [Forwarding setTimeout on session 8224b39f135dddefa755fa7332753c0d to remote] execchain.MainClientExec 256 - Executing request POST /session/8224b39f135dddefa755fa7332753c0d/timeouts HTTP/1.1
08-31-2019 12:58:58 MainClientExec.java DEBUG [Forwarding setTimeout on session 8224b39f135dddefa755fa7332753c0d to remote] execchain.MainClientExec 261 - Target auth state: UNCHALLENGED
08-31-2019 12:58:58 MainClientExec.java DEBUG [Forwarding setTimeout on session 8224b39f135dddefa755fa7332753c0d to remote] execchain.MainClientExec 267 - Proxy auth state: UNCHALLENGED
08-31-2019 12:58:58 LoggingManagedHttpClientConnection.java DEBUG [Forwarding setTimeout on session 8224b39f135dddefa755fa7332753c0d to remote] http.headers 133 - http-outgoing-4 &gt;&gt; POST /session/8224b39f135dddefa755fa7332753c0d/timeouts HTTP/1.1
08-31-2019 12:58:58 LoggingManagedHttpClientConnection.java DEBUG [Forwarding setTimeout on session 8224b39f135dddefa755fa7332753c0d to remote] http.headers 136 - http-outgoing-4 &gt;&gt; Content-Type: application/json; charset=utf-8
08-31-2019 12:58:58 LoggingManagedHttpClientConnection.java DEBUG [Forwarding setTimeout on session 8224b39f135dddefa755fa7332753c0d to remote] http.headers 136 - http-outgoing-4 &gt;&gt; Content-Length: 18
08-31-2019 12:58:58 LoggingManagedHttpClientConnection.java DEBUG [Forwarding setTimeout on session 8224b39f135dddefa755fa7332753c0d to remote] http.headers 136 - http-outgoing-4 &gt;&gt; Host: localhost:45030
08-31-2019 12:58:58 LoggingManagedHttpClientConnection.java DEBUG [Forwarding setTimeout on session 8224b39f135dddefa755fa7332753c0d to remote] http.headers 136 - http-outgoing-4 &gt;&gt; Connection: Keep-Alive
08-31-2019 12:58:58 LoggingManagedHttpClientConnection.java DEBUG [Forwarding setTimeout on session 8224b39f135dddefa755fa7332753c0d to remote] http.headers 136 - http-outgoing-4 &gt;&gt; User-Agent: Apache-HttpClient/4.5.3 (Java/1.8.0_221)
08-31-2019 12:58:58 LoggingManagedHttpClientConnection.java DEBUG [Forwarding setTimeout on session 8224b39f135dddefa755fa7332753c0d to remote] http.headers 136 - http-outgoing-4 &gt;&gt; Accept-Encoding: gzip,deflate
08-31-2019 12:58:58 Wire.java DEBUG [Forwarding setTimeout on session 8224b39f135dddefa755fa7332753c0d to remote] http.wire 73 - http-outgoing-4 &gt;&gt; &quot;POST /session/8224b39f135dddefa755fa7332753c0d/timeouts HTTP/1.1[\r][\n]&quot;
08-31-2019 12:58:58 Wire.java DEBUG [Forwarding setTimeout on session 8224b39f135dddefa755fa7332753c0d to remote] http.wire 73 - http-outgoing-4 &gt;&gt; &quot;Content-Type: application/json; charset=utf-8[\r][\n]&quot;
08-31-2019 12:58:58 Wire.java DEBUG [Forwarding setTimeout on session 8224b39f135dddefa755fa7332753c0d to remote] http.wire 73 - http-outgoing-4 &gt;&gt; &quot;Content-Length: 18[\r][\n]&quot;
08-31-2019 12:58:58 Wire.java DEBUG [Forwarding setTimeout on session 8224b39f135dddefa755fa7332753c0d to remote] http.wire 73 - http-outgoing-4 &gt;&gt; &quot;Host: localhost:45030[\r][\n]&quot;
08-31-2019 12:58:58 Wire.java DEBUG [Forwarding setTimeout on session 8224b39f135dddefa755fa7332753c0d to remote] http.wire 73 - http-outgoing-4 &gt;&gt; &quot;Connection: Keep-Alive[\r][\n]&quot;
08-31-2019 12:58:58 Wire.java DEBUG [Forwarding setTimeout on session 8224b39f135dddefa755fa7332753c0d to remote] http.wire 73 - http-outgoing-4 &gt;&gt; &quot;User-Agent: Apache-HttpClient/4.5.3 (Java/1.8.0_221)[\r][\n]&quot;
08-31-2019 12:58:58 Wire.java DEBUG [Forwarding setTimeout on session 8224b39f135dddefa755fa7332753c0d to remote] http.wire 73 - http-outgoing-4 &gt;&gt; &quot;Accept-Encoding: gzip,deflate[\r][\n]&quot;
08-31-2019 12:58:58 Wire.java DEBUG [Forwarding setTimeout on session 8224b39f135dddefa755fa7332753c0d to remote] http.wire 73 - http-outgoing-4 &gt;&gt; &quot;[\r][\n]&quot;
08-31-2019 12:58:58 Wire.java DEBUG [Forwarding setTimeout on session 8224b39f135dddefa755fa7332753c0d to remote] http.wire 87 - http-outgoing-4 &gt;&gt; &quot;{&quot;pageLoad&quot;:30000}&quot;
08-31-2019 12:58:58 Wire.java DEBUG [Forwarding setTimeout on session 8224b39f135dddefa755fa7332753c0d to remote] http.wire 73 - http-outgoing-4 &lt;&lt; &quot;HTTP/1.1 200 OK[\r][\n]&quot;
08-31-2019 12:58:58 Wire.java DEBUG [Forwarding setTimeout on session 8224b39f135dddefa755fa7332753c0d to remote] http.wire 73 - http-outgoing-4 &lt;&lt; &quot;Content-Length:14[\r][\n]&quot;
08-31-2019 12:58:58 Wire.java DEBUG [Forwarding setTimeout on session 8224b39f135dddefa755fa7332753c0d to remote] http.wire 73 - http-outgoing-4 &lt;&lt; &quot;Content-Type:application/json; charset=utf-8[\r][\n]&quot;
08-31-2019 12:58:58 Wire.java DEBUG [Forwarding setTimeout on session 8224b39f135dddefa755fa7332753c0d to remote] http.wire 73 - http-outgoing-4 &lt;&lt; &quot;cache-control:no-cache[\r][\n]&quot;
08-31-2019 12:58:58 Wire.java DEBUG [Forwarding setTimeout on session 8224b39f135dddefa755fa7332753c0d to remote] http.wire 73 - http-outgoing-4 &lt;&lt; &quot;[\r][\n]&quot;
08-31-2019 12:58:58 Wire.java DEBUG [Forwarding setTimeout on session 8224b39f135dddefa755fa7332753c0d to remote] http.wire 87 - http-outgoing-4 &lt;&lt; &quot;{&quot;value&quot;:null}&quot;
08-31-2019 12:58:58 LoggingManagedHttpClientConnection.java DEBUG [Forwarding setTimeout on session 8224b39f135dddefa755fa7332753c0d to remote] http.headers 122 - http-outgoing-4 &lt;&lt; HTTP/1.1 200 OK
08-31-2019 12:58:58 LoggingManagedHttpClientConnection.java DEBUG [Forwarding setTimeout on session 8224b39f135dddefa755fa7332753c0d to remote] http.headers 125 - http-outgoing-4 &lt;&lt; Content-Length:14
08-31-2019 12:58:58 LoggingManagedHttpClientConnection.java DEBUG [Forwarding setTimeout on session 8224b39f135dddefa755fa7332753c0d to remote] http.headers 125 - http-outgoing-4 &lt;&lt; Content-Type:application/json; charset=utf-8
08-31-2019 12:58:58 LoggingManagedHttpClientConnection.java DEBUG [Forwarding setTimeout on session 8224b39f135dddefa755fa7332753c0d to remote] http.headers 125 - http-outgoing-4 &lt;&lt; cache-control:no-cache
08-31-2019 12:58:58 MainClientExec.java DEBUG [Forwarding setTimeout on session 8224b39f135dddefa755fa7332753c0d to remote] execchain.MainClientExec 285 - Connection can be kept alive indefinitely
08-31-2019 12:58:58 PoolingHttpClientConnectionManager.java DEBUG [Forwarding setTimeout on session 8224b39f135dddefa755fa7332753c0d to remote] conn.PoolingHttpClientConnectionManager 320 - Connection [id: 4][route: {}-&gt;http://localhost:45030] can be kept alive indefinitely
08-31-2019 12:58:58 PoolingHttpClientConnectionManager.java DEBUG [Forwarding setTimeout on session 8224b39f135dddefa755fa7332753c0d to remote] conn.PoolingHttpClientConnectionManager 326 - Connection released: [id: 4][route: {}-&gt;http://localhost:45030][total kept alive: 1; route allocated: 1 of 2000; total allocated: 1 of 2000]
08-31-2019 12:58:58 RequestAddCookies.java DEBUG [Forwarding setTimeout on session 8224b39f135dddefa755fa7332753c0d to remote] protocol.RequestAddCookies 123 - CookieSpec selected: default
08-31-2019 12:58:58 RequestAuthCache.java DEBUG [Forwarding setTimeout on session 8224b39f135dddefa755fa7332753c0d to remote] protocol.RequestAuthCache 77 - Auth cache not set in the context
08-31-2019 12:58:58 PoolingHttpClientConnectionManager.java DEBUG [Forwarding setTimeout on session 8224b39f135dddefa755fa7332753c0d to remote] conn.PoolingHttpClientConnectionManager 255 - Connection request: [route: {}-&gt;http://localhost:45030][total kept alive: 1; route allocated: 1 of 2000; total allocated: 1 of 2000]
08-31-2019 12:58:58 PoolingHttpClientConnectionManager.java DEBUG [Forwarding setTimeout on session 8224b39f135dddefa755fa7332753c0d to remote] conn.PoolingHttpClientConnectionManager 288 - Connection leased: [id: 4][route: {}-&gt;http://localhost:45030][total kept alive: 0; route allocated: 1 of 2000; total allocated: 1 of 2000]
08-31-2019 12:58:58 MainClientExec.java DEBUG [Forwarding setTimeout on session 8224b39f135dddefa755fa7332753c0d to remote] execchain.MainClientExec 208 - Stale connection check
08-31-2019 12:58:58 Wire.java DEBUG [Forwarding setTimeout on session 8224b39f135dddefa755fa7332753c0d to remote] http.wire 87 - http-outgoing-4 &lt;&lt; &quot;[read] I/O error: Read timed out&quot;
08-31-2019 12:58:58 LoggingManagedHttpClientConnection.java DEBUG [Forwarding setTimeout on session 8224b39f135dddefa755fa7332753c0d to remote] conn.DefaultManagedHttpClientConnection 88 - http-outgoing-4: set socket timeout to 10800000
08-31-2019 12:58:58 MainClientExec.java DEBUG [Forwarding setTimeout on session 8224b39f135dddefa755fa7332753c0d to remote] execchain.MainClientExec 256 - Executing request POST /session/8224b39f135dddefa755fa7332753c0d/timeouts HTTP/1.1
08-31-2019 12:58:58 MainClientExec.java DEBUG [Forwarding setTimeout on session 8224b39f135dddefa755fa7332753c0d to remote] execchain.MainClientExec 261 - Target auth state: UNCHALLENGED
08-31-2019 12:58:58 MainClientExec.java DEBUG [Forwarding setTimeout on session 8224b39f135dddefa755fa7332753c0d to remote] execchain.MainClientExec 267 - Proxy auth state: UNCHALLENGED
08-31-2019 12:58:58 LoggingManagedHttpClientConnection.java DEBUG [Forwarding setTimeout on session 8224b39f135dddefa755fa7332753c0d to remote] http.headers 133 - http-outgoing-4 &gt;&gt; POST /session/8224b39f135dddefa755fa7332753c0d/timeouts HTTP/1.1
08-31-2019 12:58:58 LoggingManagedHttpClientConnection.java DEBUG [Forwarding setTimeout on session 8224b39f135dddefa755fa7332753c0d to remote] http.headers 136 - http-outgoing-4 &gt;&gt; Content-Type: application/json; charset=utf-8
08-31-2019 12:58:58 LoggingManagedHttpClientConnection.java DEBUG [Forwarding setTimeout on session 8224b39f135dddefa755fa7332753c0d to remote] http.headers 136 - http-outgoing-4 &gt;&gt; Content-Length: 18
08-31-2019 12:58:58 LoggingManagedHttpClientConnection.java DEBUG [Forwarding setTimeout on session 8224b39f135dddefa755fa7332753c0d to remote] http.headers 136 - http-outgoing-4 &gt;&gt; Host: localhost:45030
08-31-2019 12:58:58 LoggingManagedHttpClientConnection.java DEBUG [Forwarding setTimeout on session 8224b39f135dddefa755fa7332753c0d to remote] http.headers 136 - http-outgoing-4 &gt;&gt; Connection: Keep-Alive
08-31-2019 12:58:58 LoggingManagedHttpClientConnection.java DEBUG [Forwarding setTimeout on session 8224b39f135dddefa755fa7332753c0d to remote] http.headers 136 - http-outgoing-4 &gt;&gt; User-Agent: Apache-HttpClient/4.5.3 (Java/1.8.0_221)
08-31-2019 12:58:58 LoggingManagedHttpClientConnection.java DEBUG [Forwarding setTimeout on session 8224b39f135dddefa755fa7332753c0d to remote] http.headers 136 - http-outgoing-4 &gt;&gt; Accept-Encoding: gzip,deflate
08-31-2019 12:58:58 Wire.java DEBUG [Forwarding setTimeout on session 8224b39f135dddefa755fa7332753c0d to remote] http.wire 73 - http-outgoing-4 &gt;&gt; &quot;POST /session/8224b39f135dddefa755fa7332753c0d/timeouts HTTP/1.1[\r][\n]&quot;
08-31-2019 12:58:58 Wire.java DEBUG [Forwarding setTimeout on session 8224b39f135dddefa755fa7332753c0d to remote] http.wire 73 - http-outgoing-4 &gt;&gt; &quot;Content-Type: application/json; charset=utf-8[\r][\n]&quot;
08-31-2019 12:58:58 Wire.java DEBUG [Forwarding setTimeout on session 8224b39f135dddefa755fa7332753c0d to remote] http.wire 73 - http-outgoing-4 &gt;&gt; &quot;Content-Length: 18[\r][\n]&quot;
08-31-2019 12:58:58 Wire.java DEBUG [Forwarding setTimeout on session 8224b39f135dddefa755fa7332753c0d to remote] http.wire 73 - http-outgoing-4 &gt;&gt; &quot;Host: localhost:45030[\r][\n]&quot;
08-31-2019 12:58:58 Wire.java DEBUG [Forwarding setTimeout on session 8224b39f135dddefa755fa7332753c0d to remote] http.wire 73 - http-outgoing-4 &gt;&gt; &quot;Connection: Keep-Alive[\r][\n]&quot;
08-31-2019 12:58:58 Wire.java DEBUG [Forwarding setTimeout on session 8224b39f135dddefa755fa7332753c0d to remote] http.wire 73 - http-outgoing-4 &gt;&gt; &quot;User-Agent: Apache-HttpClient/4.5.3 (Java/1.8.0_221)[\r][\n]&quot;
08-31-2019 12:58:58 Wire.java DEBUG [Forwarding setTimeout on session 8224b39f135dddefa755fa7332753c0d to remote] http.wire 73 - http-outgoing-4 &gt;&gt; &quot;Accept-Encoding: gzip,deflate[\r][\n]&quot;
08-31-2019 12:58:58 Wire.java DEBUG [Forwarding setTimeout on session 8224b39f135dddefa755fa7332753c0d to remote] http.wire 73 - http-outgoing-4 &gt;&gt; &quot;[\r][\n]&quot;
08-31-2019 12:58:58 Wire.java DEBUG [Forwarding setTimeout on session 8224b39f135dddefa755fa7332753c0d to remote] http.wire 87 - http-outgoing-4 &gt;&gt; &quot;{&quot;implicit&quot;:20000}&quot;
08-31-2019 12:58:58 Wire.java DEBUG [Forwarding setTimeout on session 8224b39f135dddefa755fa7332753c0d to remote] http.wire 73 - http-outgoing-4 &lt;&lt; &quot;HTTP/1.1 200 OK[\r][\n]&quot;
08-31-2019 12:58:58 Wire.java DEBUG [Forwarding setTimeout on session 8224b39f135dddefa755fa7332753c0d to remote] http.wire 73 - http-outgoing-4 &lt;&lt; &quot;Content-Length:14[\r][\n]&quot;
08-31-2019 12:58:58 Wire.java DEBUG [Forwarding setTimeout on session 8224b39f135dddefa755fa7332753c0d to remote] http.wire 73 - http-outgoing-4 &lt;&lt; &quot;Content-Type:application/json; charset=utf-8[\r][\n]&quot;
08-31-2019 12:58:58 Wire.java DEBUG [Forwarding setTimeout on session 8224b39f135dddefa755fa7332753c0d to remote] http.wire 73 - http-outgoing-4 &lt;&lt; &quot;cache-control:no-cache[\r][\n]&quot;
08-31-2019 12:58:58 Wire.java DEBUG [Forwarding setTimeout on session 8224b39f135dddefa755fa7332753c0d to remote] http.wire 73 - http-outgoing-4 &lt;&lt; &quot;[\r][\n]&quot;
08-31-2019 12:58:58 Wire.java DEBUG [Forwarding setTimeout on session 8224b39f135dddefa755fa7332753c0d to remote] http.wire 87 - http-outgoing-4 &lt;&lt; &quot;{&quot;value&quot;:null}&quot;
08-31-2019 12:58:58 LoggingManagedHttpClientConnection.java DEBUG [Forwarding setTimeout on session 8224b39f135dddefa755fa7332753c0d to remote] http.headers 122 - http-outgoing-4 &lt;&lt; HTTP/1.1 200 OK
08-31-2019 12:58:58 LoggingManagedHttpClientConnection.java DEBUG [Forwarding setTimeout on session 8224b39f135dddefa755fa7332753c0d to remote] http.headers 125 - http-outgoing-4 &lt;&lt; Content-Length:14
08-31-2019 12:58:58 LoggingManagedHttpClientConnection.java DEBUG [Forwarding setTimeout on session 8224b39f135dddefa755fa7332753c0d to remote] http.headers 125 - http-outgoing-4 &lt;&lt; Content-Type:application/json; charset=utf-8
08-31-2019 12:58:58 LoggingManagedHttpClientConnection.java DEBUG [Forwarding setTimeout on session 8224b39f135dddefa755fa7332753c0d to remote] http.headers 125 - http-outgoing-4 &lt;&lt; cache-control:no-cache
08-31-2019 12:58:58 MainClientExec.java DEBUG [Forwarding setTimeout on session 8224b39f135dddefa755fa7332753c0d to remote] execchain.MainClientExec 285 - Connection can be kept alive indefinitely
08-31-2019 12:58:58 PoolingHttpClientConnectionManager.java DEBUG [Forwarding setTimeout on session 8224b39f135dddefa755fa7332753c0d to remote] conn.PoolingHttpClientConnectionManager 320 - Connection [id: 4][route: {}-&gt;http://localhost:45030] can be kept alive indefinitely
08-31-2019 12:58:58 PoolingHttpClientConnectionManager.java DEBUG [Forwarding setTimeout on session 8224b39f135dddefa755fa7332753c0d to remote] conn.PoolingHttpClientConnectionManager 326 - Connection released: [id: 4][route: {}-&gt;http://localhost:45030][total kept alive: 1; route allocated: 1 of 2000; total allocated: 1 of 2000]
Before navigating to: &apos;https://classic.crmpro.com/index.html&apos;
08-31-2019 12:58:58 RequestAddCookies.java DEBUG [Forwarding get on session 8224b39f135dddefa755fa7332753c0d to remote] protocol.RequestAddCookies 123 - CookieSpec selected: default
08-31-2019 12:58:58 RequestAuthCache.java DEBUG [Forwarding get on session 8224b39f135dddefa755fa7332753c0d to remote] protocol.RequestAuthCache 77 - Auth cache not set in the context
08-31-2019 12:58:58 PoolingHttpClientConnectionManager.java DEBUG [Forwarding get on session 8224b39f135dddefa755fa7332753c0d to remote] conn.PoolingHttpClientConnectionManager 255 - Connection request: [route: {}-&gt;http://localhost:45030][total kept alive: 1; route allocated: 1 of 2000; total allocated: 1 of 2000]
08-31-2019 12:58:58 PoolingHttpClientConnectionManager.java DEBUG [Forwarding get on session 8224b39f135dddefa755fa7332753c0d to remote] conn.PoolingHttpClientConnectionManager 288 - Connection leased: [id: 4][route: {}-&gt;http://localhost:45030][total kept alive: 0; route allocated: 1 of 2000; total allocated: 1 of 2000]
08-31-2019 12:58:58 MainClientExec.java DEBUG [Forwarding get on session 8224b39f135dddefa755fa7332753c0d to remote] execchain.MainClientExec 208 - Stale connection check
08-31-2019 12:58:58 Wire.java DEBUG [Forwarding get on session 8224b39f135dddefa755fa7332753c0d to remote] http.wire 87 - http-outgoing-4 &lt;&lt; &quot;[read] I/O error: Read timed out&quot;
08-31-2019 12:58:58 LoggingManagedHttpClientConnection.java DEBUG [Forwarding get on session 8224b39f135dddefa755fa7332753c0d to remote] conn.DefaultManagedHttpClientConnection 88 - http-outgoing-4: set socket timeout to 10800000
08-31-2019 12:58:58 MainClientExec.java DEBUG [Forwarding get on session 8224b39f135dddefa755fa7332753c0d to remote] execchain.MainClientExec 256 - Executing request POST /session/8224b39f135dddefa755fa7332753c0d/url HTTP/1.1
08-31-2019 12:58:58 MainClientExec.java DEBUG [Forwarding get on session 8224b39f135dddefa755fa7332753c0d to remote] execchain.MainClientExec 261 - Target auth state: UNCHALLENGED
08-31-2019 12:58:58 MainClientExec.java DEBUG [Forwarding get on session 8224b39f135dddefa755fa7332753c0d to remote] execchain.MainClientExec 267 - Proxy auth state: UNCHALLENGED
08-31-2019 12:58:58 LoggingManagedHttpClientConnection.java DEBUG [Forwarding get on session 8224b39f135dddefa755fa7332753c0d to remote] http.headers 133 - http-outgoing-4 &gt;&gt; POST /session/8224b39f135dddefa755fa7332753c0d/url HTTP/1.1
08-31-2019 12:58:58 LoggingManagedHttpClientConnection.java DEBUG [Forwarding get on session 8224b39f135dddefa755fa7332753c0d to remote] http.headers 136 - http-outgoing-4 &gt;&gt; Content-Type: application/json; charset=utf-8
08-31-2019 12:58:58 LoggingManagedHttpClientConnection.java DEBUG [Forwarding get on session 8224b39f135dddefa755fa7332753c0d to remote] http.headers 136 - http-outgoing-4 &gt;&gt; Content-Length: 47
08-31-2019 12:58:58 LoggingManagedHttpClientConnection.java DEBUG [Forwarding get on session 8224b39f135dddefa755fa7332753c0d to remote] http.headers 136 - http-outgoing-4 &gt;&gt; Host: localhost:45030
08-31-2019 12:58:58 LoggingManagedHttpClientConnection.java DEBUG [Forwarding get on session 8224b39f135dddefa755fa7332753c0d to remote] http.headers 136 - http-outgoing-4 &gt;&gt; Connection: Keep-Alive
08-31-2019 12:58:58 LoggingManagedHttpClientConnection.java DEBUG [Forwarding get on session 8224b39f135dddefa755fa7332753c0d to remote] http.headers 136 - http-outgoing-4 &gt;&gt; User-Agent: Apache-HttpClient/4.5.3 (Java/1.8.0_221)
08-31-2019 12:58:58 LoggingManagedHttpClientConnection.java DEBUG [Forwarding get on session 8224b39f135dddefa755fa7332753c0d to remote] http.headers 136 - http-outgoing-4 &gt;&gt; Accept-Encoding: gzip,deflate
08-31-2019 12:58:58 Wire.java DEBUG [Forwarding get on session 8224b39f135dddefa755fa7332753c0d to remote] http.wire 73 - http-outgoing-4 &gt;&gt; &quot;POST /session/8224b39f135dddefa755fa7332753c0d/url HTTP/1.1[\r][\n]&quot;
08-31-2019 12:58:58 Wire.java DEBUG [Forwarding get on session 8224b39f135dddefa755fa7332753c0d to remote] http.wire 73 - http-outgoing-4 &gt;&gt; &quot;Content-Type: application/json; charset=utf-8[\r][\n]&quot;
08-31-2019 12:58:58 Wire.java DEBUG [Forwarding get on session 8224b39f135dddefa755fa7332753c0d to remote] http.wire 73 - http-outgoing-4 &gt;&gt; &quot;Content-Length: 47[\r][\n]&quot;
08-31-2019 12:58:58 Wire.java DEBUG [Forwarding get on session 8224b39f135dddefa755fa7332753c0d to remote] http.wire 73 - http-outgoing-4 &gt;&gt; &quot;Host: localhost:45030[\r][\n]&quot;
08-31-2019 12:58:58 Wire.java DEBUG [Forwarding get on session 8224b39f135dddefa755fa7332753c0d to remote] http.wire 73 - http-outgoing-4 &gt;&gt; &quot;Connection: Keep-Alive[\r][\n]&quot;
08-31-2019 12:58:58 Wire.java DEBUG [Forwarding get on session 8224b39f135dddefa755fa7332753c0d to remote] http.wire 73 - http-outgoing-4 &gt;&gt; &quot;User-Agent: Apache-HttpClient/4.5.3 (Java/1.8.0_221)[\r][\n]&quot;
08-31-2019 12:58:58 Wire.java DEBUG [Forwarding get on session 8224b39f135dddefa755fa7332753c0d to remote] http.wire 73 - http-outgoing-4 &gt;&gt; &quot;Accept-Encoding: gzip,deflate[\r][\n]&quot;
08-31-2019 12:58:58 Wire.java DEBUG [Forwarding get on session 8224b39f135dddefa755fa7332753c0d to remote] http.wire 73 - http-outgoing-4 &gt;&gt; &quot;[\r][\n]&quot;
08-31-2019 12:58:58 Wire.java DEBUG [Forwarding get on session 8224b39f135dddefa755fa7332753c0d to remote] http.wire 87 - http-outgoing-4 &gt;&gt; &quot;{&quot;url&quot;:&quot;https://classic.crmpro.com/index.html&quot;}&quot;
08-31-2019 12:59:05 Wire.java DEBUG [Forwarding get on session 8224b39f135dddefa755fa7332753c0d to remote] http.wire 73 - http-outgoing-4 &lt;&lt; &quot;HTTP/1.1 200 OK[\r][\n]&quot;
08-31-2019 12:59:05 Wire.java DEBUG [Forwarding get on session 8224b39f135dddefa755fa7332753c0d to remote] http.wire 73 - http-outgoing-4 &lt;&lt; &quot;Content-Length:14[\r][\n]&quot;
08-31-2019 12:59:05 Wire.java DEBUG [Forwarding get on session 8224b39f135dddefa755fa7332753c0d to remote] http.wire 73 - http-outgoing-4 &lt;&lt; &quot;Content-Type:application/json; charset=utf-8[\r][\n]&quot;
08-31-2019 12:59:05 Wire.java DEBUG [Forwarding get on session 8224b39f135dddefa755fa7332753c0d to remote] http.wire 73 - http-outgoing-4 &lt;&lt; &quot;cache-control:no-cache[\r][\n]&quot;
08-31-2019 12:59:05 Wire.java DEBUG [Forwarding get on session 8224b39f135dddefa755fa7332753c0d to remote] http.wire 73 - http-outgoing-4 &lt;&lt; &quot;[\r][\n]&quot;
08-31-2019 12:59:05 Wire.java DEBUG [Forwarding get on session 8224b39f135dddefa755fa7332753c0d to remote] http.wire 87 - http-outgoing-4 &lt;&lt; &quot;{&quot;value&quot;:null}&quot;
08-31-2019 12:59:05 LoggingManagedHttpClientConnection.java DEBUG [Forwarding get on session 8224b39f135dddefa755fa7332753c0d to remote] http.headers 122 - http-outgoing-4 &lt;&lt; HTTP/1.1 200 OK
08-31-2019 12:59:05 LoggingManagedHttpClientConnection.java DEBUG [Forwarding get on session 8224b39f135dddefa755fa7332753c0d to remote] http.headers 125 - http-outgoing-4 &lt;&lt; Content-Length:14
08-31-2019 12:59:05 LoggingManagedHttpClientConnection.java DEBUG [Forwarding get on session 8224b39f135dddefa755fa7332753c0d to remote] http.headers 125 - http-outgoing-4 &lt;&lt; Content-Type:application/json; charset=utf-8
08-31-2019 12:59:05 LoggingManagedHttpClientConnection.java DEBUG [Forwarding get on session 8224b39f135dddefa755fa7332753c0d to remote] http.headers 125 - http-outgoing-4 &lt;&lt; cache-control:no-cache
08-31-2019 12:59:05 MainClientExec.java DEBUG [Forwarding get on session 8224b39f135dddefa755fa7332753c0d to remote] execchain.MainClientExec 285 - Connection can be kept alive indefinitely
08-31-2019 12:59:05 PoolingHttpClientConnectionManager.java DEBUG [Forwarding get on session 8224b39f135dddefa755fa7332753c0d to remote] conn.PoolingHttpClientConnectionManager 320 - Connection [id: 4][route: {}-&gt;http://localhost:45030] can be kept alive indefinitely
08-31-2019 12:59:05 PoolingHttpClientConnectionManager.java DEBUG [Forwarding get on session 8224b39f135dddefa755fa7332753c0d to remote] conn.PoolingHttpClientConnectionManager 326 - Connection released: [id: 4][route: {}-&gt;http://localhost:45030][total kept alive: 1; route allocated: 1 of 2000; total allocated: 1 of 2000]
Navigated to:&apos;https://classic.crmpro.com/index.html&apos;
Trying to find Element By : By.name: username
08-31-2019 12:59:05 RequestAddCookies.java DEBUG [Forwarding findElement on session 8224b39f135dddefa755fa7332753c0d to remote] protocol.RequestAddCookies 123 - CookieSpec selected: default
08-31-2019 12:59:05 RequestAuthCache.java DEBUG [Forwarding findElement on session 8224b39f135dddefa755fa7332753c0d to remote] protocol.RequestAuthCache 77 - Auth cache not set in the context
08-31-2019 12:59:05 PoolingHttpClientConnectionManager.java DEBUG [Forwarding findElement on session 8224b39f135dddefa755fa7332753c0d to remote] conn.PoolingHttpClientConnectionManager 255 - Connection request: [route: {}-&gt;http://localhost:45030][total kept alive: 1; route allocated: 1 of 2000; total allocated: 1 of 2000]
08-31-2019 12:59:05 PoolingHttpClientConnectionManager.java DEBUG [Forwarding findElement on session 8224b39f135dddefa755fa7332753c0d to remote] conn.PoolingHttpClientConnectionManager 288 - Connection leased: [id: 4][route: {}-&gt;http://localhost:45030][total kept alive: 0; route allocated: 1 of 2000; total allocated: 1 of 2000]
08-31-2019 12:59:05 MainClientExec.java DEBUG [Forwarding findElement on session 8224b39f135dddefa755fa7332753c0d to remote] execchain.MainClientExec 208 - Stale connection check
08-31-2019 12:59:05 Wire.java DEBUG [Forwarding findElement on session 8224b39f135dddefa755fa7332753c0d to remote] http.wire 87 - http-outgoing-4 &lt;&lt; &quot;[read] I/O error: Read timed out&quot;
08-31-2019 12:59:05 LoggingManagedHttpClientConnection.java DEBUG [Forwarding findElement on session 8224b39f135dddefa755fa7332753c0d to remote] conn.DefaultManagedHttpClientConnection 88 - http-outgoing-4: set socket timeout to 10800000
08-31-2019 12:59:05 MainClientExec.java DEBUG [Forwarding findElement on session 8224b39f135dddefa755fa7332753c0d to remote] execchain.MainClientExec 256 - Executing request POST /session/8224b39f135dddefa755fa7332753c0d/element HTTP/1.1
08-31-2019 12:59:05 MainClientExec.java DEBUG [Forwarding findElement on session 8224b39f135dddefa755fa7332753c0d to remote] execchain.MainClientExec 261 - Target auth state: UNCHALLENGED
08-31-2019 12:59:05 MainClientExec.java DEBUG [Forwarding findElement on session 8224b39f135dddefa755fa7332753c0d to remote] execchain.MainClientExec 267 - Proxy auth state: UNCHALLENGED
08-31-2019 12:59:05 LoggingManagedHttpClientConnection.java DEBUG [Forwarding findElement on session 8224b39f135dddefa755fa7332753c0d to remote] http.headers 133 - http-outgoing-4 &gt;&gt; POST /session/8224b39f135dddefa755fa7332753c0d/element HTTP/1.1
08-31-2019 12:59:05 LoggingManagedHttpClientConnection.java DEBUG [Forwarding findElement on session 8224b39f135dddefa755fa7332753c0d to remote] http.headers 136 - http-outgoing-4 &gt;&gt; Content-Type: application/json; charset=utf-8
08-31-2019 12:59:05 LoggingManagedHttpClientConnection.java DEBUG [Forwarding findElement on session 8224b39f135dddefa755fa7332753c0d to remote] http.headers 136 - http-outgoing-4 &gt;&gt; Content-Length: 53
08-31-2019 12:59:05 LoggingManagedHttpClientConnection.java DEBUG [Forwarding findElement on session 8224b39f135dddefa755fa7332753c0d to remote] http.headers 136 - http-outgoing-4 &gt;&gt; Host: localhost:45030
08-31-2019 12:59:05 LoggingManagedHttpClientConnection.java DEBUG [Forwarding findElement on session 8224b39f135dddefa755fa7332753c0d to remote] http.headers 136 - http-outgoing-4 &gt;&gt; Connection: Keep-Alive
08-31-2019 12:59:05 LoggingManagedHttpClientConnection.java DEBUG [Forwarding findElement on session 8224b39f135dddefa755fa7332753c0d to remote] http.headers 136 - http-outgoing-4 &gt;&gt; User-Agent: Apache-HttpClient/4.5.3 (Java/1.8.0_221)
08-31-2019 12:59:05 LoggingManagedHttpClientConnection.java DEBUG [Forwarding findElement on session 8224b39f135dddefa755fa7332753c0d to remote] http.headers 136 - http-outgoing-4 &gt;&gt; Accept-Encoding: gzip,deflate
08-31-2019 12:59:05 Wire.java DEBUG [Forwarding findElement on session 8224b39f135dddefa755fa7332753c0d to remote] http.wire 73 - http-outgoing-4 &gt;&gt; &quot;POST /session/8224b39f135dddefa755fa7332753c0d/element HTTP/1.1[\r][\n]&quot;
08-31-2019 12:59:05 Wire.java DEBUG [Forwarding findElement on session 8224b39f135dddefa755fa7332753c0d to remote] http.wire 73 - http-outgoing-4 &gt;&gt; &quot;Content-Type: application/json; charset=utf-8[\r][\n]&quot;
08-31-2019 12:59:05 Wire.java DEBUG [Forwarding findElement on session 8224b39f135dddefa755fa7332753c0d to remote] http.wire 73 - http-outgoing-4 &gt;&gt; &quot;Content-Length: 53[\r][\n]&quot;
08-31-2019 12:59:05 Wire.java DEBUG [Forwarding findElement on session 8224b39f135dddefa755fa7332753c0d to remote] http.wire 73 - http-outgoing-4 &gt;&gt; &quot;Host: localhost:45030[\r][\n]&quot;
08-31-2019 12:59:05 Wire.java DEBUG [Forwarding findElement on session 8224b39f135dddefa755fa7332753c0d to remote] http.wire 73 - http-outgoing-4 &gt;&gt; &quot;Connection: Keep-Alive[\r][\n]&quot;
08-31-2019 12:59:05 Wire.java DEBUG [Forwarding findElement on session 8224b39f135dddefa755fa7332753c0d to remote] http.wire 73 - http-outgoing-4 &gt;&gt; &quot;User-Agent: Apache-HttpClient/4.5.3 (Java/1.8.0_221)[\r][\n]&quot;
08-31-2019 12:59:05 Wire.java DEBUG [Forwarding findElement on session 8224b39f135dddefa755fa7332753c0d to remote] http.wire 73 - http-outgoing-4 &gt;&gt; &quot;Accept-Encoding: gzip,deflate[\r][\n]&quot;
08-31-2019 12:59:05 Wire.java DEBUG [Forwarding findElement on session 8224b39f135dddefa755fa7332753c0d to remote] http.wire 73 - http-outgoing-4 &gt;&gt; &quot;[\r][\n]&quot;
08-31-2019 12:59:05 Wire.java DEBUG [Forwarding findElement on session 8224b39f135dddefa755fa7332753c0d to remote] http.wire 87 - http-outgoing-4 &gt;&gt; &quot;{&quot;value&quot;:&quot;*[name=&apos;username&apos;]&quot;,&quot;using&quot;:&quot;css selector&quot;}&quot;
08-31-2019 12:59:05 Wire.java DEBUG [Forwarding findElement on session 8224b39f135dddefa755fa7332753c0d to remote] http.wire 73 - http-outgoing-4 &lt;&lt; &quot;HTTP/1.1 200 OK[\r][\n]&quot;
08-31-2019 12:59:05 Wire.java DEBUG [Forwarding findElement on session 8224b39f135dddefa755fa7332753c0d to remote] http.wire 73 - http-outgoing-4 &lt;&lt; &quot;Content-Length:88[\r][\n]&quot;
08-31-2019 12:59:05 Wire.java DEBUG [Forwarding findElement on session 8224b39f135dddefa755fa7332753c0d to remote] http.wire 73 - http-outgoing-4 &lt;&lt; &quot;Content-Type:application/json; charset=utf-8[\r][\n]&quot;
08-31-2019 12:59:05 Wire.java DEBUG [Forwarding findElement on session 8224b39f135dddefa755fa7332753c0d to remote] http.wire 73 - http-outgoing-4 &lt;&lt; &quot;cache-control:no-cache[\r][\n]&quot;
08-31-2019 12:59:05 Wire.java DEBUG [Forwarding findElement on session 8224b39f135dddefa755fa7332753c0d to remote] http.wire 73 - http-outgoing-4 &lt;&lt; &quot;[\r][\n]&quot;
08-31-2019 12:59:05 Wire.java DEBUG [Forwarding findElement on session 8224b39f135dddefa755fa7332753c0d to remote] http.wire 87 - http-outgoing-4 &lt;&lt; &quot;{&quot;value&quot;:{&quot;element-6066-11e4-a52e-4f735466cecf&quot;:&quot;7136a42b-e466-4a73-9443-1f1b73fc7673&quot;}}&quot;
08-31-2019 12:59:05 LoggingManagedHttpClientConnection.java DEBUG [Forwarding findElement on session 8224b39f135dddefa755fa7332753c0d to remote] http.headers 122 - http-outgoing-4 &lt;&lt; HTTP/1.1 200 OK
08-31-2019 12:59:05 LoggingManagedHttpClientConnection.java DEBUG [Forwarding findElement on session 8224b39f135dddefa755fa7332753c0d to remote] http.headers 125 - http-outgoing-4 &lt;&lt; Content-Length:88
08-31-2019 12:59:05 LoggingManagedHttpClientConnection.java DEBUG [Forwarding findElement on session 8224b39f135dddefa755fa7332753c0d to remote] http.headers 125 - http-outgoing-4 &lt;&lt; Content-Type:application/json; charset=utf-8
08-31-2019 12:59:05 LoggingManagedHttpClientConnection.java DEBUG [Forwarding findElement on session 8224b39f135dddefa755fa7332753c0d to remote] http.headers 125 - http-outgoing-4 &lt;&lt; cache-control:no-cache
08-31-2019 12:59:05 MainClientExec.java DEBUG [Forwarding findElement on session 8224b39f135dddefa755fa7332753c0d to remote] execchain.MainClientExec 285 - Connection can be kept alive indefinitely
08-31-2019 12:59:05 PoolingHttpClientConnectionManager.java DEBUG [Forwarding findElement on session 8224b39f135dddefa755fa7332753c0d to remote] conn.PoolingHttpClientConnectionManager 320 - Connection [id: 4][route: {}-&gt;http://localhost:45030] can be kept alive indefinitely
08-31-2019 12:59:05 PoolingHttpClientConnectionManager.java DEBUG [Forwarding findElement on session 8224b39f135dddefa755fa7332753c0d to remote] conn.PoolingHttpClientConnectionManager 326 - Connection released: [id: 4][route: {}-&gt;http://localhost:45030][total kept alive: 1; route allocated: 1 of 2000; total allocated: 1 of 2000]
Found Element By : By.name: username
08-31-2019 12:59:05 RequestAddCookies.java DEBUG [Forwarding sendKeysToElement on session 8224b39f135dddefa755fa7332753c0d to remote] protocol.RequestAddCookies 123 - CookieSpec selected: default
08-31-2019 12:59:05 RequestAuthCache.java DEBUG [Forwarding sendKeysToElement on session 8224b39f135dddefa755fa7332753c0d to remote] protocol.RequestAuthCache 77 - Auth cache not set in the context
08-31-2019 12:59:05 PoolingHttpClientConnectionManager.java DEBUG [Forwarding sendKeysToElement on session 8224b39f135dddefa755fa7332753c0d to remote] conn.PoolingHttpClientConnectionManager 255 - Connection request: [route: {}-&gt;http://localhost:45030][total kept alive: 1; route allocated: 1 of 2000; total allocated: 1 of 2000]
08-31-2019 12:59:05 PoolingHttpClientConnectionManager.java DEBUG [Forwarding sendKeysToElement on session 8224b39f135dddefa755fa7332753c0d to remote] conn.PoolingHttpClientConnectionManager 288 - Connection leased: [id: 4][route: {}-&gt;http://localhost:45030][total kept alive: 0; route allocated: 1 of 2000; total allocated: 1 of 2000]
08-31-2019 12:59:05 MainClientExec.java DEBUG [Forwarding sendKeysToElement on session 8224b39f135dddefa755fa7332753c0d to remote] execchain.MainClientExec 208 - Stale connection check
08-31-2019 12:59:05 Wire.java DEBUG [Forwarding sendKeysToElement on session 8224b39f135dddefa755fa7332753c0d to remote] http.wire 87 - http-outgoing-4 &lt;&lt; &quot;[read] I/O error: Read timed out&quot;
08-31-2019 12:59:05 LoggingManagedHttpClientConnection.java DEBUG [Forwarding sendKeysToElement on session 8224b39f135dddefa755fa7332753c0d to remote] conn.DefaultManagedHttpClientConnection 88 - http-outgoing-4: set socket timeout to 10800000
08-31-2019 12:59:05 MainClientExec.java DEBUG [Forwarding sendKeysToElement on session 8224b39f135dddefa755fa7332753c0d to remote] execchain.MainClientExec 256 - Executing request POST /session/8224b39f135dddefa755fa7332753c0d/element/7136a42b-e466-4a73-9443-1f1b73fc7673/value HTTP/1.1
08-31-2019 12:59:05 MainClientExec.java DEBUG [Forwarding sendKeysToElement on session 8224b39f135dddefa755fa7332753c0d to remote] execchain.MainClientExec 261 - Target auth state: UNCHALLENGED
08-31-2019 12:59:05 MainClientExec.java DEBUG [Forwarding sendKeysToElement on session 8224b39f135dddefa755fa7332753c0d to remote] execchain.MainClientExec 267 - Proxy auth state: UNCHALLENGED
08-31-2019 12:59:05 LoggingManagedHttpClientConnection.java DEBUG [Forwarding sendKeysToElement on session 8224b39f135dddefa755fa7332753c0d to remote] http.headers 133 - http-outgoing-4 &gt;&gt; POST /session/8224b39f135dddefa755fa7332753c0d/element/7136a42b-e466-4a73-9443-1f1b73fc7673/value HTTP/1.1
08-31-2019 12:59:05 LoggingManagedHttpClientConnection.java DEBUG [Forwarding sendKeysToElement on session 8224b39f135dddefa755fa7332753c0d to remote] http.headers 136 - http-outgoing-4 &gt;&gt; Content-Type: application/json; charset=utf-8
08-31-2019 12:59:05 LoggingManagedHttpClientConnection.java DEBUG [Forwarding sendKeysToElement on session 8224b39f135dddefa755fa7332753c0d to remote] http.headers 136 - http-outgoing-4 &gt;&gt; Content-Length: 115
08-31-2019 12:59:05 LoggingManagedHttpClientConnection.java DEBUG [Forwarding sendKeysToElement on session 8224b39f135dddefa755fa7332753c0d to remote] http.headers 136 - http-outgoing-4 &gt;&gt; Host: localhost:45030
08-31-2019 12:59:05 LoggingManagedHttpClientConnection.java DEBUG [Forwarding sendKeysToElement on session 8224b39f135dddefa755fa7332753c0d to remote] http.headers 136 - http-outgoing-4 &gt;&gt; Connection: Keep-Alive
08-31-2019 12:59:05 LoggingManagedHttpClientConnection.java DEBUG [Forwarding sendKeysToElement on session 8224b39f135dddefa755fa7332753c0d to remote] http.headers 136 - http-outgoing-4 &gt;&gt; User-Agent: Apache-HttpClient/4.5.3 (Java/1.8.0_221)
08-31-2019 12:59:05 LoggingManagedHttpClientConnection.java DEBUG [Forwarding sendKeysToElement on session 8224b39f135dddefa755fa7332753c0d to remote] http.headers 136 - http-outgoing-4 &gt;&gt; Accept-Encoding: gzip,deflate
08-31-2019 12:59:05 Wire.java DEBUG [Forwarding sendKeysToElement on session 8224b39f135dddefa755fa7332753c0d to remote] http.wire 73 - http-outgoing-4 &gt;&gt; &quot;POST /session/8224b39f135dddefa755fa7332753c0d/element/7136a42b-e466-4a73-9443-1f1b73fc7673/value HTTP/1.1[\r][\n]&quot;
08-31-2019 12:59:05 Wire.java DEBUG [Forwarding sendKeysToElement on session 8224b39f135dddefa755fa7332753c0d to remote] http.wire 73 - http-outgoing-4 &gt;&gt; &quot;Content-Type: application/json; charset=utf-8[\r][\n]&quot;
08-31-2019 12:59:05 Wire.java DEBUG [Forwarding sendKeysToElement on session 8224b39f135dddefa755fa7332753c0d to remote] http.wire 73 - http-outgoing-4 &gt;&gt; &quot;Content-Length: 115[\r][\n]&quot;
08-31-2019 12:59:05 Wire.java DEBUG [Forwarding sendKeysToElement on session 8224b39f135dddefa755fa7332753c0d to remote] http.wire 73 - http-outgoing-4 &gt;&gt; &quot;Host: localhost:45030[\r][\n]&quot;
08-31-2019 12:59:05 Wire.java DEBUG [Forwarding sendKeysToElement on session 8224b39f135dddefa755fa7332753c0d to remote] http.wire 73 - http-outgoing-4 &gt;&gt; &quot;Connection: Keep-Alive[\r][\n]&quot;
08-31-2019 12:59:05 Wire.java DEBUG [Forwarding sendKeysToElement on session 8224b39f135dddefa755fa7332753c0d to remote] http.wire 73 - http-outgoing-4 &gt;&gt; &quot;User-Agent: Apache-HttpClient/4.5.3 (Java/1.8.0_221)[\r][\n]&quot;
08-31-2019 12:59:05 Wire.java DEBUG [Forwarding sendKeysToElement on session 8224b39f135dddefa755fa7332753c0d to remote] http.wire 73 - http-outgoing-4 &gt;&gt; &quot;Accept-Encoding: gzip,deflate[\r][\n]&quot;
08-31-2019 12:59:05 Wire.java DEBUG [Forwarding sendKeysToElement on session 8224b39f135dddefa755fa7332753c0d to remote] http.wire 73 - http-outgoing-4 &gt;&gt; &quot;[\r][\n]&quot;
08-31-2019 12:59:05 Wire.java DEBUG [Forwarding sendKeysToElement on session 8224b39f135dddefa755fa7332753c0d to remote] http.wire 87 - http-outgoing-4 &gt;&gt; &quot;{&quot;id&quot;:&quot;7136a42b-e466-4a73-9443-1f1b73fc7673&quot;,&quot;text&quot;:&quot;karandeept&quot;,&quot;value&quot;:[&quot;k&quot;,&quot;a&quot;,&quot;r&quot;,&quot;a&quot;,&quot;n&quot;,&quot;d&quot;,&quot;e&quot;,&quot;e&quot;,&quot;p&quot;,&quot;t&quot;]}&quot;
08-31-2019 12:59:05 Wire.java DEBUG [Forwarding sendKeysToElement on session 8224b39f135dddefa755fa7332753c0d to remote] http.wire 73 - http-outgoing-4 &lt;&lt; &quot;HTTP/1.1 200 OK[\r][\n]&quot;
08-31-2019 12:59:05 Wire.java DEBUG [Forwarding sendKeysToElement on session 8224b39f135dddefa755fa7332753c0d to remote] http.wire 73 - http-outgoing-4 &lt;&lt; &quot;Content-Length:14[\r][\n]&quot;
08-31-2019 12:59:05 Wire.java DEBUG [Forwarding sendKeysToElement on session 8224b39f135dddefa755fa7332753c0d to remote] http.wire 73 - http-outgoing-4 &lt;&lt; &quot;Content-Type:application/json; charset=utf-8[\r][\n]&quot;
08-31-2019 12:59:05 Wire.java DEBUG [Forwarding sendKeysToElement on session 8224b39f135dddefa755fa7332753c0d to remote] http.wire 73 - http-outgoing-4 &lt;&lt; &quot;cache-control:no-cache[\r][\n]&quot;
08-31-2019 12:59:05 Wire.java DEBUG [Forwarding sendKeysToElement on session 8224b39f135dddefa755fa7332753c0d to remote] http.wire 73 - http-outgoing-4 &lt;&lt; &quot;[\r][\n]&quot;
08-31-2019 12:59:05 Wire.java DEBUG [Forwarding sendKeysToElement on session 8224b39f135dddefa755fa7332753c0d to remote] http.wire 87 - http-outgoing-4 &lt;&lt; &quot;{&quot;value&quot;:null}&quot;
08-31-2019 12:59:05 LoggingManagedHttpClientConnection.java DEBUG [Forwarding sendKeysToElement on session 8224b39f135dddefa755fa7332753c0d to remote] http.headers 122 - http-outgoing-4 &lt;&lt; HTTP/1.1 200 OK
08-31-2019 12:59:05 LoggingManagedHttpClientConnection.java DEBUG [Forwarding sendKeysToElement on session 8224b39f135dddefa755fa7332753c0d to remote] http.headers 125 - http-outgoing-4 &lt;&lt; Content-Length:14
08-31-2019 12:59:05 LoggingManagedHttpClientConnection.java DEBUG [Forwarding sendKeysToElement on session 8224b39f135dddefa755fa7332753c0d to remote] http.headers 125 - http-outgoing-4 &lt;&lt; Content-Type:application/json; charset=utf-8
08-31-2019 12:59:05 LoggingManagedHttpClientConnection.java DEBUG [Forwarding sendKeysToElement on session 8224b39f135dddefa755fa7332753c0d to remote] http.headers 125 - http-outgoing-4 &lt;&lt; cache-control:no-cache
08-31-2019 12:59:05 MainClientExec.java DEBUG [Forwarding sendKeysToElement on session 8224b39f135dddefa755fa7332753c0d to remote] execchain.MainClientExec 285 - Connection can be kept alive indefinitely
08-31-2019 12:59:05 PoolingHttpClientConnectionManager.java DEBUG [Forwarding sendKeysToElement on session 8224b39f135dddefa755fa7332753c0d to remote] conn.PoolingHttpClientConnectionManager 320 - Connection [id: 4][route: {}-&gt;http://localhost:45030] can be kept alive indefinitely
08-31-2019 12:59:05 PoolingHttpClientConnectionManager.java DEBUG [Forwarding sendKeysToElement on session 8224b39f135dddefa755fa7332753c0d to remote] conn.PoolingHttpClientConnectionManager 326 - Connection released: [id: 4][route: {}-&gt;http://localhost:45030][total kept alive: 1; route allocated: 1 of 2000; total allocated: 1 of 2000]
Trying to find Element By : By.name: password
08-31-2019 12:59:05 RequestAddCookies.java DEBUG [Forwarding findElement on session 8224b39f135dddefa755fa7332753c0d to remote] protocol.RequestAddCookies 123 - CookieSpec selected: default
08-31-2019 12:59:05 RequestAuthCache.java DEBUG [Forwarding findElement on session 8224b39f135dddefa755fa7332753c0d to remote] protocol.RequestAuthCache 77 - Auth cache not set in the context
08-31-2019 12:59:05 PoolingHttpClientConnectionManager.java DEBUG [Forwarding findElement on session 8224b39f135dddefa755fa7332753c0d to remote] conn.PoolingHttpClientConnectionManager 255 - Connection request: [route: {}-&gt;http://localhost:45030][total kept alive: 1; route allocated: 1 of 2000; total allocated: 1 of 2000]
08-31-2019 12:59:05 PoolingHttpClientConnectionManager.java DEBUG [Forwarding findElement on session 8224b39f135dddefa755fa7332753c0d to remote] conn.PoolingHttpClientConnectionManager 288 - Connection leased: [id: 4][route: {}-&gt;http://localhost:45030][total kept alive: 0; route allocated: 1 of 2000; total allocated: 1 of 2000]
08-31-2019 12:59:05 MainClientExec.java DEBUG [Forwarding findElement on session 8224b39f135dddefa755fa7332753c0d to remote] execchain.MainClientExec 208 - Stale connection check
08-31-2019 12:59:05 Wire.java DEBUG [Forwarding findElement on session 8224b39f135dddefa755fa7332753c0d to remote] http.wire 87 - http-outgoing-4 &lt;&lt; &quot;[read] I/O error: Read timed out&quot;
08-31-2019 12:59:05 LoggingManagedHttpClientConnection.java DEBUG [Forwarding findElement on session 8224b39f135dddefa755fa7332753c0d to remote] conn.DefaultManagedHttpClientConnection 88 - http-outgoing-4: set socket timeout to 10800000
08-31-2019 12:59:05 MainClientExec.java DEBUG [Forwarding findElement on session 8224b39f135dddefa755fa7332753c0d to remote] execchain.MainClientExec 256 - Executing request POST /session/8224b39f135dddefa755fa7332753c0d/element HTTP/1.1
08-31-2019 12:59:05 MainClientExec.java DEBUG [Forwarding findElement on session 8224b39f135dddefa755fa7332753c0d to remote] execchain.MainClientExec 261 - Target auth state: UNCHALLENGED
08-31-2019 12:59:05 MainClientExec.java DEBUG [Forwarding findElement on session 8224b39f135dddefa755fa7332753c0d to remote] execchain.MainClientExec 267 - Proxy auth state: UNCHALLENGED
08-31-2019 12:59:05 LoggingManagedHttpClientConnection.java DEBUG [Forwarding findElement on session 8224b39f135dddefa755fa7332753c0d to remote] http.headers 133 - http-outgoing-4 &gt;&gt; POST /session/8224b39f135dddefa755fa7332753c0d/element HTTP/1.1
08-31-2019 12:59:05 LoggingManagedHttpClientConnection.java DEBUG [Forwarding findElement on session 8224b39f135dddefa755fa7332753c0d to remote] http.headers 136 - http-outgoing-4 &gt;&gt; Content-Type: application/json; charset=utf-8
08-31-2019 12:59:05 LoggingManagedHttpClientConnection.java DEBUG [Forwarding findElement on session 8224b39f135dddefa755fa7332753c0d to remote] http.headers 136 - http-outgoing-4 &gt;&gt; Content-Length: 53
08-31-2019 12:59:05 LoggingManagedHttpClientConnection.java DEBUG [Forwarding findElement on session 8224b39f135dddefa755fa7332753c0d to remote] http.headers 136 - http-outgoing-4 &gt;&gt; Host: localhost:45030
08-31-2019 12:59:05 LoggingManagedHttpClientConnection.java DEBUG [Forwarding findElement on session 8224b39f135dddefa755fa7332753c0d to remote] http.headers 136 - http-outgoing-4 &gt;&gt; Connection: Keep-Alive
08-31-2019 12:59:05 LoggingManagedHttpClientConnection.java DEBUG [Forwarding findElement on session 8224b39f135dddefa755fa7332753c0d to remote] http.headers 136 - http-outgoing-4 &gt;&gt; User-Agent: Apache-HttpClient/4.5.3 (Java/1.8.0_221)
08-31-2019 12:59:05 LoggingManagedHttpClientConnection.java DEBUG [Forwarding findElement on session 8224b39f135dddefa755fa7332753c0d to remote] http.headers 136 - http-outgoing-4 &gt;&gt; Accept-Encoding: gzip,deflate
08-31-2019 12:59:05 Wire.java DEBUG [Forwarding findElement on session 8224b39f135dddefa755fa7332753c0d to remote] http.wire 73 - http-outgoing-4 &gt;&gt; &quot;POST /session/8224b39f135dddefa755fa7332753c0d/element HTTP/1.1[\r][\n]&quot;
08-31-2019 12:59:05 Wire.java DEBUG [Forwarding findElement on session 8224b39f135dddefa755fa7332753c0d to remote] http.wire 73 - http-outgoing-4 &gt;&gt; &quot;Content-Type: application/json; charset=utf-8[\r][\n]&quot;
08-31-2019 12:59:05 Wire.java DEBUG [Forwarding findElement on session 8224b39f135dddefa755fa7332753c0d to remote] http.wire 73 - http-outgoing-4 &gt;&gt; &quot;Content-Length: 53[\r][\n]&quot;
08-31-2019 12:59:05 Wire.java DEBUG [Forwarding findElement on session 8224b39f135dddefa755fa7332753c0d to remote] http.wire 73 - http-outgoing-4 &gt;&gt; &quot;Host: localhost:45030[\r][\n]&quot;
08-31-2019 12:59:05 Wire.java DEBUG [Forwarding findElement on session 8224b39f135dddefa755fa7332753c0d to remote] http.wire 73 - http-outgoing-4 &gt;&gt; &quot;Connection: Keep-Alive[\r][\n]&quot;
08-31-2019 12:59:05 Wire.java DEBUG [Forwarding findElement on session 8224b39f135dddefa755fa7332753c0d to remote] http.wire 73 - http-outgoing-4 &gt;&gt; &quot;User-Agent: Apache-HttpClient/4.5.3 (Java/1.8.0_221)[\r][\n]&quot;
08-31-2019 12:59:05 Wire.java DEBUG [Forwarding findElement on session 8224b39f135dddefa755fa7332753c0d to remote] http.wire 73 - http-outgoing-4 &gt;&gt; &quot;Accept-Encoding: gzip,deflate[\r][\n]&quot;
08-31-2019 12:59:05 Wire.java DEBUG [Forwarding findElement on session 8224b39f135dddefa755fa7332753c0d to remote] http.wire 73 - http-outgoing-4 &gt;&gt; &quot;[\r][\n]&quot;
08-31-2019 12:59:05 Wire.java DEBUG [Forwarding findElement on session 8224b39f135dddefa755fa7332753c0d to remote] http.wire 87 - http-outgoing-4 &gt;&gt; &quot;{&quot;value&quot;:&quot;*[name=&apos;password&apos;]&quot;,&quot;using&quot;:&quot;css selector&quot;}&quot;
08-31-2019 12:59:05 Wire.java DEBUG [Forwarding findElement on session 8224b39f135dddefa755fa7332753c0d to remote] http.wire 73 - http-outgoing-4 &lt;&lt; &quot;HTTP/1.1 200 OK[\r][\n]&quot;
08-31-2019 12:59:05 Wire.java DEBUG [Forwarding findElement on session 8224b39f135dddefa755fa7332753c0d to remote] http.wire 73 - http-outgoing-4 &lt;&lt; &quot;Content-Length:88[\r][\n]&quot;
08-31-2019 12:59:05 Wire.java DEBUG [Forwarding findElement on session 8224b39f135dddefa755fa7332753c0d to remote] http.wire 73 - http-outgoing-4 &lt;&lt; &quot;Content-Type:application/json; charset=utf-8[\r][\n]&quot;
08-31-2019 12:59:05 Wire.java DEBUG [Forwarding findElement on session 8224b39f135dddefa755fa7332753c0d to remote] http.wire 73 - http-outgoing-4 &lt;&lt; &quot;cache-control:no-cache[\r][\n]&quot;
08-31-2019 12:59:05 Wire.java DEBUG [Forwarding findElement on session 8224b39f135dddefa755fa7332753c0d to remote] http.wire 73 - http-outgoing-4 &lt;&lt; &quot;[\r][\n]&quot;
08-31-2019 12:59:05 Wire.java DEBUG [Forwarding findElement on session 8224b39f135dddefa755fa7332753c0d to remote] http.wire 87 - http-outgoing-4 &lt;&lt; &quot;{&quot;value&quot;:{&quot;element-6066-11e4-a52e-4f735466cecf&quot;:&quot;b4469d43-3e5c-4a9a-aa49-7692349b898a&quot;}}&quot;
08-31-2019 12:59:05 LoggingManagedHttpClientConnection.java DEBUG [Forwarding findElement on session 8224b39f135dddefa755fa7332753c0d to remote] http.headers 122 - http-outgoing-4 &lt;&lt; HTTP/1.1 200 OK
08-31-2019 12:59:05 LoggingManagedHttpClientConnection.java DEBUG [Forwarding findElement on session 8224b39f135dddefa755fa7332753c0d to remote] http.headers 125 - http-outgoing-4 &lt;&lt; Content-Length:88
08-31-2019 12:59:05 LoggingManagedHttpClientConnection.java DEBUG [Forwarding findElement on session 8224b39f135dddefa755fa7332753c0d to remote] http.headers 125 - http-outgoing-4 &lt;&lt; Content-Type:application/json; charset=utf-8
08-31-2019 12:59:05 LoggingManagedHttpClientConnection.java DEBUG [Forwarding findElement on session 8224b39f135dddefa755fa7332753c0d to remote] http.headers 125 - http-outgoing-4 &lt;&lt; cache-control:no-cache
08-31-2019 12:59:05 MainClientExec.java DEBUG [Forwarding findElement on session 8224b39f135dddefa755fa7332753c0d to remote] execchain.MainClientExec 285 - Connection can be kept alive indefinitely
08-31-2019 12:59:05 PoolingHttpClientConnectionManager.java DEBUG [Forwarding findElement on session 8224b39f135dddefa755fa7332753c0d to remote] conn.PoolingHttpClientConnectionManager 320 - Connection [id: 4][route: {}-&gt;http://localhost:45030] can be kept alive indefinitely
08-31-2019 12:59:05 PoolingHttpClientConnectionManager.java DEBUG [Forwarding findElement on session 8224b39f135dddefa755fa7332753c0d to remote] conn.PoolingHttpClientConnectionManager 326 - Connection released: [id: 4][route: {}-&gt;http://localhost:45030][total kept alive: 1; route allocated: 1 of 2000; total allocated: 1 of 2000]
Found Element By : By.name: password
08-31-2019 12:59:05 RequestAddCookies.java DEBUG [Forwarding sendKeysToElement on session 8224b39f135dddefa755fa7332753c0d to remote] protocol.RequestAddCookies 123 - CookieSpec selected: default
08-31-2019 12:59:05 RequestAuthCache.java DEBUG [Forwarding sendKeysToElement on session 8224b39f135dddefa755fa7332753c0d to remote] protocol.RequestAuthCache 77 - Auth cache not set in the context
08-31-2019 12:59:05 PoolingHttpClientConnectionManager.java DEBUG [Forwarding sendKeysToElement on session 8224b39f135dddefa755fa7332753c0d to remote] conn.PoolingHttpClientConnectionManager 255 - Connection request: [route: {}-&gt;http://localhost:45030][total kept alive: 1; route allocated: 1 of 2000; total allocated: 1 of 2000]
08-31-2019 12:59:05 PoolingHttpClientConnectionManager.java DEBUG [Forwarding sendKeysToElement on session 8224b39f135dddefa755fa7332753c0d to remote] conn.PoolingHttpClientConnectionManager 288 - Connection leased: [id: 4][route: {}-&gt;http://localhost:45030][total kept alive: 0; route allocated: 1 of 2000; total allocated: 1 of 2000]
08-31-2019 12:59:05 MainClientExec.java DEBUG [Forwarding sendKeysToElement on session 8224b39f135dddefa755fa7332753c0d to remote] execchain.MainClientExec 208 - Stale connection check
08-31-2019 12:59:05 Wire.java DEBUG [Forwarding sendKeysToElement on session 8224b39f135dddefa755fa7332753c0d to remote] http.wire 87 - http-outgoing-4 &lt;&lt; &quot;[read] I/O error: Read timed out&quot;
08-31-2019 12:59:05 LoggingManagedHttpClientConnection.java DEBUG [Forwarding sendKeysToElement on session 8224b39f135dddefa755fa7332753c0d to remote] conn.DefaultManagedHttpClientConnection 88 - http-outgoing-4: set socket timeout to 10800000
08-31-2019 12:59:05 MainClientExec.java DEBUG [Forwarding sendKeysToElement on session 8224b39f135dddefa755fa7332753c0d to remote] execchain.MainClientExec 256 - Executing request POST /session/8224b39f135dddefa755fa7332753c0d/element/b4469d43-3e5c-4a9a-aa49-7692349b898a/value HTTP/1.1
08-31-2019 12:59:05 MainClientExec.java DEBUG [Forwarding sendKeysToElement on session 8224b39f135dddefa755fa7332753c0d to remote] execchain.MainClientExec 261 - Target auth state: UNCHALLENGED
08-31-2019 12:59:05 MainClientExec.java DEBUG [Forwarding sendKeysToElement on session 8224b39f135dddefa755fa7332753c0d to remote] execchain.MainClientExec 267 - Proxy auth state: UNCHALLENGED
08-31-2019 12:59:05 LoggingManagedHttpClientConnection.java DEBUG [Forwarding sendKeysToElement on session 8224b39f135dddefa755fa7332753c0d to remote] http.headers 133 - http-outgoing-4 &gt;&gt; POST /session/8224b39f135dddefa755fa7332753c0d/element/b4469d43-3e5c-4a9a-aa49-7692349b898a/value HTTP/1.1
08-31-2019 12:59:05 LoggingManagedHttpClientConnection.java DEBUG [Forwarding sendKeysToElement on session 8224b39f135dddefa755fa7332753c0d to remote] http.headers 136 - http-outgoing-4 &gt;&gt; Content-Type: application/json; charset=utf-8
08-31-2019 12:59:05 LoggingManagedHttpClientConnection.java DEBUG [Forwarding sendKeysToElement on session 8224b39f135dddefa755fa7332753c0d to remote] http.headers 136 - http-outgoing-4 &gt;&gt; Content-Length: 105
08-31-2019 12:59:05 LoggingManagedHttpClientConnection.java DEBUG [Forwarding sendKeysToElement on session 8224b39f135dddefa755fa7332753c0d to remote] http.headers 136 - http-outgoing-4 &gt;&gt; Host: localhost:45030
08-31-2019 12:59:05 LoggingManagedHttpClientConnection.java DEBUG [Forwarding sendKeysToElement on session 8224b39f135dddefa755fa7332753c0d to remote] http.headers 136 - http-outgoing-4 &gt;&gt; Connection: Keep-Alive
08-31-2019 12:59:05 LoggingManagedHttpClientConnection.java DEBUG [Forwarding sendKeysToElement on session 8224b39f135dddefa755fa7332753c0d to remote] http.headers 136 - http-outgoing-4 &gt;&gt; User-Agent: Apache-HttpClient/4.5.3 (Java/1.8.0_221)
08-31-2019 12:59:05 LoggingManagedHttpClientConnection.java DEBUG [Forwarding sendKeysToElement on session 8224b39f135dddefa755fa7332753c0d to remote] http.headers 136 - http-outgoing-4 &gt;&gt; Accept-Encoding: gzip,deflate
08-31-2019 12:59:05 Wire.java DEBUG [Forwarding sendKeysToElement on session 8224b39f135dddefa755fa7332753c0d to remote] http.wire 73 - http-outgoing-4 &gt;&gt; &quot;POST /session/8224b39f135dddefa755fa7332753c0d/element/b4469d43-3e5c-4a9a-aa49-7692349b898a/value HTTP/1.1[\r][\n]&quot;
08-31-2019 12:59:05 Wire.java DEBUG [Forwarding sendKeysToElement on session 8224b39f135dddefa755fa7332753c0d to remote] http.wire 73 - http-outgoing-4 &gt;&gt; &quot;Content-Type: application/json; charset=utf-8[\r][\n]&quot;
08-31-2019 12:59:05 Wire.java DEBUG [Forwarding sendKeysToElement on session 8224b39f135dddefa755fa7332753c0d to remote] http.wire 73 - http-outgoing-4 &gt;&gt; &quot;Content-Length: 105[\r][\n]&quot;
08-31-2019 12:59:05 Wire.java DEBUG [Forwarding sendKeysToElement on session 8224b39f135dddefa755fa7332753c0d to remote] http.wire 73 - http-outgoing-4 &gt;&gt; &quot;Host: localhost:45030[\r][\n]&quot;
08-31-2019 12:59:05 Wire.java DEBUG [Forwarding sendKeysToElement on session 8224b39f135dddefa755fa7332753c0d to remote] http.wire 73 - http-outgoing-4 &gt;&gt; &quot;Connection: Keep-Alive[\r][\n]&quot;
08-31-2019 12:59:05 Wire.java DEBUG [Forwarding sendKeysToElement on session 8224b39f135dddefa755fa7332753c0d to remote] http.wire 73 - http-outgoing-4 &gt;&gt; &quot;User-Agent: Apache-HttpClient/4.5.3 (Java/1.8.0_221)[\r][\n]&quot;
08-31-2019 12:59:05 Wire.java DEBUG [Forwarding sendKeysToElement on session 8224b39f135dddefa755fa7332753c0d to remote] http.wire 73 - http-outgoing-4 &gt;&gt; &quot;Accept-Encoding: gzip,deflate[\r][\n]&quot;
08-31-2019 12:59:05 Wire.java DEBUG [Forwarding sendKeysToElement on session 8224b39f135dddefa755fa7332753c0d to remote] http.wire 73 - http-outgoing-4 &gt;&gt; &quot;[\r][\n]&quot;
08-31-2019 12:59:05 Wire.java DEBUG [Forwarding sendKeysToElement on session 8224b39f135dddefa755fa7332753c0d to remote] http.wire 87 - http-outgoing-4 &gt;&gt; &quot;{&quot;id&quot;:&quot;b4469d43-3e5c-4a9a-aa49-7692349b898a&quot;,&quot;text&quot;:&quot;test@123&quot;,&quot;value&quot;:[&quot;t&quot;,&quot;e&quot;,&quot;s&quot;,&quot;t&quot;,&quot;@&quot;,&quot;1&quot;,&quot;2&quot;,&quot;3&quot;]}&quot;
08-31-2019 12:59:05 Wire.java DEBUG [Forwarding sendKeysToElement on session 8224b39f135dddefa755fa7332753c0d to remote] http.wire 73 - http-outgoing-4 &lt;&lt; &quot;HTTP/1.1 200 OK[\r][\n]&quot;
08-31-2019 12:59:05 Wire.java DEBUG [Forwarding sendKeysToElement on session 8224b39f135dddefa755fa7332753c0d to remote] http.wire 73 - http-outgoing-4 &lt;&lt; &quot;Content-Length:14[\r][\n]&quot;
08-31-2019 12:59:05 Wire.java DEBUG [Forwarding sendKeysToElement on session 8224b39f135dddefa755fa7332753c0d to remote] http.wire 73 - http-outgoing-4 &lt;&lt; &quot;Content-Type:application/json; charset=utf-8[\r][\n]&quot;
08-31-2019 12:59:05 Wire.java DEBUG [Forwarding sendKeysToElement on session 8224b39f135dddefa755fa7332753c0d to remote] http.wire 73 - http-outgoing-4 &lt;&lt; &quot;cache-control:no-cache[\r][\n]&quot;
08-31-2019 12:59:05 Wire.java DEBUG [Forwarding sendKeysToElement on session 8224b39f135dddefa755fa7332753c0d to remote] http.wire 73 - http-outgoing-4 &lt;&lt; &quot;[\r][\n]&quot;
08-31-2019 12:59:05 Wire.java DEBUG [Forwarding sendKeysToElement on session 8224b39f135dddefa755fa7332753c0d to remote] http.wire 87 - http-outgoing-4 &lt;&lt; &quot;{&quot;value&quot;:null}&quot;
08-31-2019 12:59:05 LoggingManagedHttpClientConnection.java DEBUG [Forwarding sendKeysToElement on session 8224b39f135dddefa755fa7332753c0d to remote] http.headers 122 - http-outgoing-4 &lt;&lt; HTTP/1.1 200 OK
08-31-2019 12:59:05 LoggingManagedHttpClientConnection.java DEBUG [Forwarding sendKeysToElement on session 8224b39f135dddefa755fa7332753c0d to remote] http.headers 125 - http-outgoing-4 &lt;&lt; Content-Length:14
08-31-2019 12:59:05 LoggingManagedHttpClientConnection.java DEBUG [Forwarding sendKeysToElement on session 8224b39f135dddefa755fa7332753c0d to remote] http.headers 125 - http-outgoing-4 &lt;&lt; Content-Type:application/json; charset=utf-8
08-31-2019 12:59:05 LoggingManagedHttpClientConnection.java DEBUG [Forwarding sendKeysToElement on session 8224b39f135dddefa755fa7332753c0d to remote] http.headers 125 - http-outgoing-4 &lt;&lt; cache-control:no-cache
08-31-2019 12:59:05 MainClientExec.java DEBUG [Forwarding sendKeysToElement on session 8224b39f135dddefa755fa7332753c0d to remote] execchain.MainClientExec 285 - Connection can be kept alive indefinitely
08-31-2019 12:59:05 PoolingHttpClientConnectionManager.java DEBUG [Forwarding sendKeysToElement on session 8224b39f135dddefa755fa7332753c0d to remote] conn.PoolingHttpClientConnectionManager 320 - Connection [id: 4][route: {}-&gt;http://localhost:45030] can be kept alive indefinitely
08-31-2019 12:59:05 PoolingHttpClientConnectionManager.java DEBUG [Forwarding sendKeysToElement on session 8224b39f135dddefa755fa7332753c0d to remote] conn.PoolingHttpClientConnectionManager 326 - Connection released: [id: 4][route: {}-&gt;http://localhost:45030][total kept alive: 1; route allocated: 1 of 2000; total allocated: 1 of 2000]
Trying to find Element By : By.xpath: //input[@type=&apos;submit&apos;]
08-31-2019 12:59:25 RequestAddCookies.java DEBUG [Forwarding findElement on session 8224b39f135dddefa755fa7332753c0d to remote] protocol.RequestAddCookies 123 - CookieSpec selected: default
08-31-2019 12:59:25 RequestAuthCache.java DEBUG [Forwarding findElement on session 8224b39f135dddefa755fa7332753c0d to remote] protocol.RequestAuthCache 77 - Auth cache not set in the context
08-31-2019 12:59:25 PoolingHttpClientConnectionManager.java DEBUG [Forwarding findElement on session 8224b39f135dddefa755fa7332753c0d to remote] conn.PoolingHttpClientConnectionManager 255 - Connection request: [route: {}-&gt;http://localhost:45030][total kept alive: 1; route allocated: 1 of 2000; total allocated: 1 of 2000]
08-31-2019 12:59:25 Wire.java DEBUG [Forwarding findElement on session 8224b39f135dddefa755fa7332753c0d to remote] http.wire 87 - http-outgoing-4 &lt;&lt; &quot;[read] I/O error: Read timed out&quot;
08-31-2019 12:59:25 PoolingHttpClientConnectionManager.java DEBUG [Forwarding findElement on session 8224b39f135dddefa755fa7332753c0d to remote] conn.PoolingHttpClientConnectionManager 288 - Connection leased: [id: 4][route: {}-&gt;http://localhost:45030][total kept alive: 0; route allocated: 1 of 2000; total allocated: 1 of 2000]
08-31-2019 12:59:25 MainClientExec.java DEBUG [Forwarding findElement on session 8224b39f135dddefa755fa7332753c0d to remote] execchain.MainClientExec 208 - Stale connection check
08-31-2019 12:59:25 Wire.java DEBUG [Forwarding findElement on session 8224b39f135dddefa755fa7332753c0d to remote] http.wire 87 - http-outgoing-4 &lt;&lt; &quot;[read] I/O error: Read timed out&quot;
08-31-2019 12:59:25 LoggingManagedHttpClientConnection.java DEBUG [Forwarding findElement on session 8224b39f135dddefa755fa7332753c0d to remote] conn.DefaultManagedHttpClientConnection 88 - http-outgoing-4: set socket timeout to 10800000
08-31-2019 12:59:25 MainClientExec.java DEBUG [Forwarding findElement on session 8224b39f135dddefa755fa7332753c0d to remote] execchain.MainClientExec 256 - Executing request POST /session/8224b39f135dddefa755fa7332753c0d/element HTTP/1.1
08-31-2019 12:59:25 MainClientExec.java DEBUG [Forwarding findElement on session 8224b39f135dddefa755fa7332753c0d to remote] execchain.MainClientExec 261 - Target auth state: UNCHALLENGED
08-31-2019 12:59:25 MainClientExec.java DEBUG [Forwarding findElement on session 8224b39f135dddefa755fa7332753c0d to remote] execchain.MainClientExec 267 - Proxy auth state: UNCHALLENGED
08-31-2019 12:59:25 LoggingManagedHttpClientConnection.java DEBUG [Forwarding findElement on session 8224b39f135dddefa755fa7332753c0d to remote] http.headers 133 - http-outgoing-4 &gt;&gt; POST /session/8224b39f135dddefa755fa7332753c0d/element HTTP/1.1
08-31-2019 12:59:25 LoggingManagedHttpClientConnection.java DEBUG [Forwarding findElement on session 8224b39f135dddefa755fa7332753c0d to remote] http.headers 136 - http-outgoing-4 &gt;&gt; Content-Type: application/json; charset=utf-8
08-31-2019 12:59:25 LoggingManagedHttpClientConnection.java DEBUG [Forwarding findElement on session 8224b39f135dddefa755fa7332753c0d to remote] http.headers 136 - http-outgoing-4 &gt;&gt; Content-Length: 51
08-31-2019 12:59:25 LoggingManagedHttpClientConnection.java DEBUG [Forwarding findElement on session 8224b39f135dddefa755fa7332753c0d to remote] http.headers 136 - http-outgoing-4 &gt;&gt; Host: localhost:45030
08-31-2019 12:59:25 LoggingManagedHttpClientConnection.java DEBUG [Forwarding findElement on session 8224b39f135dddefa755fa7332753c0d to remote] http.headers 136 - http-outgoing-4 &gt;&gt; Connection: Keep-Alive
08-31-2019 12:59:25 LoggingManagedHttpClientConnection.java DEBUG [Forwarding findElement on session 8224b39f135dddefa755fa7332753c0d to remote] http.headers 136 - http-outgoing-4 &gt;&gt; User-Agent: Apache-HttpClient/4.5.3 (Java/1.8.0_221)
08-31-2019 12:59:25 LoggingManagedHttpClientConnection.java DEBUG [Forwarding findElement on session 8224b39f135dddefa755fa7332753c0d to remote] http.headers 136 - http-outgoing-4 &gt;&gt; Accept-Encoding: gzip,deflate
08-31-2019 12:59:25 Wire.java DEBUG [Forwarding findElement on session 8224b39f135dddefa755fa7332753c0d to remote] http.wire 73 - http-outgoing-4 &gt;&gt; &quot;POST /session/8224b39f135dddefa755fa7332753c0d/element HTTP/1.1[\r][\n]&quot;
08-31-2019 12:59:25 Wire.java DEBUG [Forwarding findElement on session 8224b39f135dddefa755fa7332753c0d to remote] http.wire 73 - http-outgoing-4 &gt;&gt; &quot;Content-Type: application/json; charset=utf-8[\r][\n]&quot;
08-31-2019 12:59:25 Wire.java DEBUG [Forwarding findElement on session 8224b39f135dddefa755fa7332753c0d to remote] http.wire 73 - http-outgoing-4 &gt;&gt; &quot;Content-Length: 51[\r][\n]&quot;
08-31-2019 12:59:25 Wire.java DEBUG [Forwarding findElement on session 8224b39f135dddefa755fa7332753c0d to remote] http.wire 73 - http-outgoing-4 &gt;&gt; &quot;Host: localhost:45030[\r][\n]&quot;
08-31-2019 12:59:25 Wire.java DEBUG [Forwarding findElement on session 8224b39f135dddefa755fa7332753c0d to remote] http.wire 73 - http-outgoing-4 &gt;&gt; &quot;Connection: Keep-Alive[\r][\n]&quot;
08-31-2019 12:59:25 Wire.java DEBUG [Forwarding findElement on session 8224b39f135dddefa755fa7332753c0d to remote] http.wire 73 - http-outgoing-4 &gt;&gt; &quot;User-Agent: Apache-HttpClient/4.5.3 (Java/1.8.0_221)[\r][\n]&quot;
08-31-2019 12:59:25 Wire.java DEBUG [Forwarding findElement on session 8224b39f135dddefa755fa7332753c0d to remote] http.wire 73 - http-outgoing-4 &gt;&gt; &quot;Accept-Encoding: gzip,deflate[\r][\n]&quot;
08-31-2019 12:59:25 Wire.java DEBUG [Forwarding findElement on session 8224b39f135dddefa755fa7332753c0d to remote] http.wire 73 - http-outgoing-4 &gt;&gt; &quot;[\r][\n]&quot;
08-31-2019 12:59:25 Wire.java DEBUG [Forwarding findElement on session 8224b39f135dddefa755fa7332753c0d to remote] http.wire 87 - http-outgoing-4 &gt;&gt; &quot;{&quot;value&quot;:&quot;//input[@type=&apos;submit&apos;]&quot;,&quot;using&quot;:&quot;xpath&quot;}&quot;
08-31-2019 12:59:26 Wire.java DEBUG [Forwarding findElement on session 8224b39f135dddefa755fa7332753c0d to remote] http.wire 73 - http-outgoing-4 &lt;&lt; &quot;HTTP/1.1 200 OK[\r][\n]&quot;
08-31-2019 12:59:26 Wire.java DEBUG [Forwarding findElement on session 8224b39f135dddefa755fa7332753c0d to remote] http.wire 73 - http-outgoing-4 &lt;&lt; &quot;Content-Length:88[\r][\n]&quot;
08-31-2019 12:59:26 Wire.java DEBUG [Forwarding findElement on session 8224b39f135dddefa755fa7332753c0d to remote] http.wire 73 - http-outgoing-4 &lt;&lt; &quot;Content-Type:application/json; charset=utf-8[\r][\n]&quot;
08-31-2019 12:59:26 Wire.java DEBUG [Forwarding findElement on session 8224b39f135dddefa755fa7332753c0d to remote] http.wire 73 - http-outgoing-4 &lt;&lt; &quot;cache-control:no-cache[\r][\n]&quot;
08-31-2019 12:59:26 Wire.java DEBUG [Forwarding findElement on session 8224b39f135dddefa755fa7332753c0d to remote] http.wire 73 - http-outgoing-4 &lt;&lt; &quot;[\r][\n]&quot;
08-31-2019 12:59:26 Wire.java DEBUG [Forwarding findElement on session 8224b39f135dddefa755fa7332753c0d to remote] http.wire 87 - http-outgoing-4 &lt;&lt; &quot;{&quot;value&quot;:{&quot;element-6066-11e4-a52e-4f735466cecf&quot;:&quot;f0e2cfca-cada-4bb4-ac3e-906b4d9beff6&quot;}}&quot;
08-31-2019 12:59:26 LoggingManagedHttpClientConnection.java DEBUG [Forwarding findElement on session 8224b39f135dddefa755fa7332753c0d to remote] http.headers 122 - http-outgoing-4 &lt;&lt; HTTP/1.1 200 OK
08-31-2019 12:59:26 LoggingManagedHttpClientConnection.java DEBUG [Forwarding findElement on session 8224b39f135dddefa755fa7332753c0d to remote] http.headers 125 - http-outgoing-4 &lt;&lt; Content-Length:88
08-31-2019 12:59:26 LoggingManagedHttpClientConnection.java DEBUG [Forwarding findElement on session 8224b39f135dddefa755fa7332753c0d to remote] http.headers 125 - http-outgoing-4 &lt;&lt; Content-Type:application/json; charset=utf-8
08-31-2019 12:59:26 LoggingManagedHttpClientConnection.java DEBUG [Forwarding findElement on session 8224b39f135dddefa755fa7332753c0d to remote] http.headers 125 - http-outgoing-4 &lt;&lt; cache-control:no-cache
08-31-2019 12:59:26 MainClientExec.java DEBUG [Forwarding findElement on session 8224b39f135dddefa755fa7332753c0d to remote] execchain.MainClientExec 285 - Connection can be kept alive indefinitely
08-31-2019 12:59:26 PoolingHttpClientConnectionManager.java DEBUG [Forwarding findElement on session 8224b39f135dddefa755fa7332753c0d to remote] conn.PoolingHttpClientConnectionManager 320 - Connection [id: 4][route: {}-&gt;http://localhost:45030] can be kept alive indefinitely
08-31-2019 12:59:26 PoolingHttpClientConnectionManager.java DEBUG [Forwarding findElement on session 8224b39f135dddefa755fa7332753c0d to remote] conn.PoolingHttpClientConnectionManager 326 - Connection released: [id: 4][route: {}-&gt;http://localhost:45030][total kept alive: 1; route allocated: 1 of 2000; total allocated: 1 of 2000]
Found Element By : By.xpath: //input[@type=&apos;submit&apos;]
Trying to click on: [[ChromeDriver: chrome on XP (8224b39f135dddefa755fa7332753c0d)] -&gt; xpath: //input[@type=&apos;submit&apos;]]
08-31-2019 12:59:26 RequestAddCookies.java DEBUG [Forwarding clickElement on session 8224b39f135dddefa755fa7332753c0d to remote] protocol.RequestAddCookies 123 - CookieSpec selected: default
08-31-2019 12:59:26 RequestAuthCache.java DEBUG [Forwarding clickElement on session 8224b39f135dddefa755fa7332753c0d to remote] protocol.RequestAuthCache 77 - Auth cache not set in the context
08-31-2019 12:59:26 PoolingHttpClientConnectionManager.java DEBUG [Forwarding clickElement on session 8224b39f135dddefa755fa7332753c0d to remote] conn.PoolingHttpClientConnectionManager 255 - Connection request: [route: {}-&gt;http://localhost:45030][total kept alive: 1; route allocated: 1 of 2000; total allocated: 1 of 2000]
08-31-2019 12:59:26 PoolingHttpClientConnectionManager.java DEBUG [Forwarding clickElement on session 8224b39f135dddefa755fa7332753c0d to remote] conn.PoolingHttpClientConnectionManager 288 - Connection leased: [id: 4][route: {}-&gt;http://localhost:45030][total kept alive: 0; route allocated: 1 of 2000; total allocated: 1 of 2000]
08-31-2019 12:59:26 MainClientExec.java DEBUG [Forwarding clickElement on session 8224b39f135dddefa755fa7332753c0d to remote] execchain.MainClientExec 208 - Stale connection check
08-31-2019 12:59:26 Wire.java DEBUG [Forwarding clickElement on session 8224b39f135dddefa755fa7332753c0d to remote] http.wire 87 - http-outgoing-4 &lt;&lt; &quot;[read] I/O error: Read timed out&quot;
08-31-2019 12:59:26 LoggingManagedHttpClientConnection.java DEBUG [Forwarding clickElement on session 8224b39f135dddefa755fa7332753c0d to remote] conn.DefaultManagedHttpClientConnection 88 - http-outgoing-4: set socket timeout to 10800000
08-31-2019 12:59:26 MainClientExec.java DEBUG [Forwarding clickElement on session 8224b39f135dddefa755fa7332753c0d to remote] execchain.MainClientExec 256 - Executing request POST /session/8224b39f135dddefa755fa7332753c0d/element/f0e2cfca-cada-4bb4-ac3e-906b4d9beff6/click HTTP/1.1
08-31-2019 12:59:26 MainClientExec.java DEBUG [Forwarding clickElement on session 8224b39f135dddefa755fa7332753c0d to remote] execchain.MainClientExec 261 - Target auth state: UNCHALLENGED
08-31-2019 12:59:26 MainClientExec.java DEBUG [Forwarding clickElement on session 8224b39f135dddefa755fa7332753c0d to remote] execchain.MainClientExec 267 - Proxy auth state: UNCHALLENGED
08-31-2019 12:59:26 LoggingManagedHttpClientConnection.java DEBUG [Forwarding clickElement on session 8224b39f135dddefa755fa7332753c0d to remote] http.headers 133 - http-outgoing-4 &gt;&gt; POST /session/8224b39f135dddefa755fa7332753c0d/element/f0e2cfca-cada-4bb4-ac3e-906b4d9beff6/click HTTP/1.1
08-31-2019 12:59:26 LoggingManagedHttpClientConnection.java DEBUG [Forwarding clickElement on session 8224b39f135dddefa755fa7332753c0d to remote] http.headers 136 - http-outgoing-4 &gt;&gt; Content-Type: application/json; charset=utf-8
08-31-2019 12:59:26 LoggingManagedHttpClientConnection.java DEBUG [Forwarding clickElement on session 8224b39f135dddefa755fa7332753c0d to remote] http.headers 136 - http-outgoing-4 &gt;&gt; Content-Length: 45
08-31-2019 12:59:26 LoggingManagedHttpClientConnection.java DEBUG [Forwarding clickElement on session 8224b39f135dddefa755fa7332753c0d to remote] http.headers 136 - http-outgoing-4 &gt;&gt; Host: localhost:45030
08-31-2019 12:59:26 LoggingManagedHttpClientConnection.java DEBUG [Forwarding clickElement on session 8224b39f135dddefa755fa7332753c0d to remote] http.headers 136 - http-outgoing-4 &gt;&gt; Connection: Keep-Alive
08-31-2019 12:59:26 LoggingManagedHttpClientConnection.java DEBUG [Forwarding clickElement on session 8224b39f135dddefa755fa7332753c0d to remote] http.headers 136 - http-outgoing-4 &gt;&gt; User-Agent: Apache-HttpClient/4.5.3 (Java/1.8.0_221)
08-31-2019 12:59:26 LoggingManagedHttpClientConnection.java DEBUG [Forwarding clickElement on session 8224b39f135dddefa755fa7332753c0d to remote] http.headers 136 - http-outgoing-4 &gt;&gt; Accept-Encoding: gzip,deflate
08-31-2019 12:59:26 Wire.java DEBUG [Forwarding clickElement on session 8224b39f135dddefa755fa7332753c0d to remote] http.wire 73 - http-outgoing-4 &gt;&gt; &quot;POST /session/8224b39f135dddefa755fa7332753c0d/element/f0e2cfca-cada-4bb4-ac3e-906b4d9beff6/click HTTP/1.1[\r][\n]&quot;
08-31-2019 12:59:26 Wire.java DEBUG [Forwarding clickElement on session 8224b39f135dddefa755fa7332753c0d to remote] http.wire 73 - http-outgoing-4 &gt;&gt; &quot;Content-Type: application/json; charset=utf-8[\r][\n]&quot;
08-31-2019 12:59:26 Wire.java DEBUG [Forwarding clickElement on session 8224b39f135dddefa755fa7332753c0d to remote] http.wire 73 - http-outgoing-4 &gt;&gt; &quot;Content-Length: 45[\r][\n]&quot;
08-31-2019 12:59:26 Wire.java DEBUG [Forwarding clickElement on session 8224b39f135dddefa755fa7332753c0d to remote] http.wire 73 - http-outgoing-4 &gt;&gt; &quot;Host: localhost:45030[\r][\n]&quot;
08-31-2019 12:59:26 Wire.java DEBUG [Forwarding clickElement on session 8224b39f135dddefa755fa7332753c0d to remote] http.wire 73 - http-outgoing-4 &gt;&gt; &quot;Connection: Keep-Alive[\r][\n]&quot;
08-31-2019 12:59:26 Wire.java DEBUG [Forwarding clickElement on session 8224b39f135dddefa755fa7332753c0d to remote] http.wire 73 - http-outgoing-4 &gt;&gt; &quot;User-Agent: Apache-HttpClient/4.5.3 (Java/1.8.0_221)[\r][\n]&quot;
08-31-2019 12:59:26 Wire.java DEBUG [Forwarding clickElement on session 8224b39f135dddefa755fa7332753c0d to remote] http.wire 73 - http-outgoing-4 &gt;&gt; &quot;Accept-Encoding: gzip,deflate[\r][\n]&quot;
08-31-2019 12:59:26 Wire.java DEBUG [Forwarding clickElement on session 8224b39f135dddefa755fa7332753c0d to remote] http.wire 73 - http-outgoing-4 &gt;&gt; &quot;[\r][\n]&quot;
08-31-2019 12:59:26 Wire.java DEBUG [Forwarding clickElement on session 8224b39f135dddefa755fa7332753c0d to remote] http.wire 87 - http-outgoing-4 &gt;&gt; &quot;{&quot;id&quot;:&quot;f0e2cfca-cada-4bb4-ac3e-906b4d9beff6&quot;}&quot;
08-31-2019 12:59:32 Wire.java DEBUG [Forwarding clickElement on session 8224b39f135dddefa755fa7332753c0d to remote] http.wire 73 - http-outgoing-4 &lt;&lt; &quot;HTTP/1.1 200 OK[\r][\n]&quot;
08-31-2019 12:59:32 Wire.java DEBUG [Forwarding clickElement on session 8224b39f135dddefa755fa7332753c0d to remote] http.wire 73 - http-outgoing-4 &lt;&lt; &quot;Content-Length:14[\r][\n]&quot;
08-31-2019 12:59:32 Wire.java DEBUG [Forwarding clickElement on session 8224b39f135dddefa755fa7332753c0d to remote] http.wire 73 - http-outgoing-4 &lt;&lt; &quot;Content-Type:application/json; charset=utf-8[\r][\n]&quot;
08-31-2019 12:59:32 Wire.java DEBUG [Forwarding clickElement on session 8224b39f135dddefa755fa7332753c0d to remote] http.wire 73 - http-outgoing-4 &lt;&lt; &quot;cache-control:no-cache[\r][\n]&quot;
08-31-2019 12:59:32 Wire.java DEBUG [Forwarding clickElement on session 8224b39f135dddefa755fa7332753c0d to remote] http.wire 73 - http-outgoing-4 &lt;&lt; &quot;[\r][\n]&quot;
08-31-2019 12:59:32 Wire.java DEBUG [Forwarding clickElement on session 8224b39f135dddefa755fa7332753c0d to remote] http.wire 87 - http-outgoing-4 &lt;&lt; &quot;{&quot;value&quot;:null}&quot;
08-31-2019 12:59:32 LoggingManagedHttpClientConnection.java DEBUG [Forwarding clickElement on session 8224b39f135dddefa755fa7332753c0d to remote] http.headers 122 - http-outgoing-4 &lt;&lt; HTTP/1.1 200 OK
08-31-2019 12:59:32 LoggingManagedHttpClientConnection.java DEBUG [Forwarding clickElement on session 8224b39f135dddefa755fa7332753c0d to remote] http.headers 125 - http-outgoing-4 &lt;&lt; Content-Length:14
08-31-2019 12:59:32 LoggingManagedHttpClientConnection.java DEBUG [Forwarding clickElement on session 8224b39f135dddefa755fa7332753c0d to remote] http.headers 125 - http-outgoing-4 &lt;&lt; Content-Type:application/json; charset=utf-8
08-31-2019 12:59:32 LoggingManagedHttpClientConnection.java DEBUG [Forwarding clickElement on session 8224b39f135dddefa755fa7332753c0d to remote] http.headers 125 - http-outgoing-4 &lt;&lt; cache-control:no-cache
08-31-2019 12:59:32 MainClientExec.java DEBUG [Forwarding clickElement on session 8224b39f135dddefa755fa7332753c0d to remote] execchain.MainClientExec 285 - Connection can be kept alive indefinitely
08-31-2019 12:59:32 PoolingHttpClientConnectionManager.java DEBUG [Forwarding clickElement on session 8224b39f135dddefa755fa7332753c0d to remote] conn.PoolingHttpClientConnectionManager 320 - Connection [id: 4][route: {}-&gt;http://localhost:45030] can be kept alive indefinitely
08-31-2019 12:59:32 PoolingHttpClientConnectionManager.java DEBUG [Forwarding clickElement on session 8224b39f135dddefa755fa7332753c0d to remote] conn.PoolingHttpClientConnectionManager 326 - Connection released: [id: 4][route: {}-&gt;http://localhost:45030][total kept alive: 1; route allocated: 1 of 2000; total allocated: 1 of 2000]
Clicked on: [[ChromeDriver: chrome on XP (8224b39f135dddefa755fa7332753c0d)] -&gt; xpath: //input[@type=&apos;submit&apos;]]
08-31-2019 12:59:32 RequestAddCookies.java DEBUG [Forwarding findElements on session 8224b39f135dddefa755fa7332753c0d to remote] protocol.RequestAddCookies 123 - CookieSpec selected: default
08-31-2019 12:59:32 RequestAuthCache.java DEBUG [Forwarding findElements on session 8224b39f135dddefa755fa7332753c0d to remote] protocol.RequestAuthCache 77 - Auth cache not set in the context
08-31-2019 12:59:32 PoolingHttpClientConnectionManager.java DEBUG [Forwarding findElements on session 8224b39f135dddefa755fa7332753c0d to remote] conn.PoolingHttpClientConnectionManager 255 - Connection request: [route: {}-&gt;http://localhost:45030][total kept alive: 1; route allocated: 1 of 2000; total allocated: 1 of 2000]
08-31-2019 12:59:32 PoolingHttpClientConnectionManager.java DEBUG [Forwarding findElements on session 8224b39f135dddefa755fa7332753c0d to remote] conn.PoolingHttpClientConnectionManager 288 - Connection leased: [id: 4][route: {}-&gt;http://localhost:45030][total kept alive: 0; route allocated: 1 of 2000; total allocated: 1 of 2000]
08-31-2019 12:59:32 MainClientExec.java DEBUG [Forwarding findElements on session 8224b39f135dddefa755fa7332753c0d to remote] execchain.MainClientExec 208 - Stale connection check
08-31-2019 12:59:32 Wire.java DEBUG [Forwarding findElements on session 8224b39f135dddefa755fa7332753c0d to remote] http.wire 87 - http-outgoing-4 &lt;&lt; &quot;[read] I/O error: Read timed out&quot;
08-31-2019 12:59:32 LoggingManagedHttpClientConnection.java DEBUG [Forwarding findElements on session 8224b39f135dddefa755fa7332753c0d to remote] conn.DefaultManagedHttpClientConnection 88 - http-outgoing-4: set socket timeout to 10800000
08-31-2019 12:59:32 MainClientExec.java DEBUG [Forwarding findElements on session 8224b39f135dddefa755fa7332753c0d to remote] execchain.MainClientExec 256 - Executing request POST /session/8224b39f135dddefa755fa7332753c0d/elements HTTP/1.1
08-31-2019 12:59:32 MainClientExec.java DEBUG [Forwarding findElements on session 8224b39f135dddefa755fa7332753c0d to remote] execchain.MainClientExec 261 - Target auth state: UNCHALLENGED
08-31-2019 12:59:32 MainClientExec.java DEBUG [Forwarding findElements on session 8224b39f135dddefa755fa7332753c0d to remote] execchain.MainClientExec 267 - Proxy auth state: UNCHALLENGED
08-31-2019 12:59:32 LoggingManagedHttpClientConnection.java DEBUG [Forwarding findElements on session 8224b39f135dddefa755fa7332753c0d to remote] http.headers 133 - http-outgoing-4 &gt;&gt; POST /session/8224b39f135dddefa755fa7332753c0d/elements HTTP/1.1
08-31-2019 12:59:32 LoggingManagedHttpClientConnection.java DEBUG [Forwarding findElements on session 8224b39f135dddefa755fa7332753c0d to remote] http.headers 136 - http-outgoing-4 &gt;&gt; Content-Type: application/json; charset=utf-8
08-31-2019 12:59:32 LoggingManagedHttpClientConnection.java DEBUG [Forwarding findElements on session 8224b39f135dddefa755fa7332753c0d to remote] http.headers 136 - http-outgoing-4 &gt;&gt; Content-Length: 83
08-31-2019 12:59:32 LoggingManagedHttpClientConnection.java DEBUG [Forwarding findElements on session 8224b39f135dddefa755fa7332753c0d to remote] http.headers 136 - http-outgoing-4 &gt;&gt; Host: localhost:45030
08-31-2019 12:59:32 LoggingManagedHttpClientConnection.java DEBUG [Forwarding findElements on session 8224b39f135dddefa755fa7332753c0d to remote] http.headers 136 - http-outgoing-4 &gt;&gt; Connection: Keep-Alive
08-31-2019 12:59:32 LoggingManagedHttpClientConnection.java DEBUG [Forwarding findElements on session 8224b39f135dddefa755fa7332753c0d to remote] http.headers 136 - http-outgoing-4 &gt;&gt; User-Agent: Apache-HttpClient/4.5.3 (Java/1.8.0_221)
08-31-2019 12:59:32 LoggingManagedHttpClientConnection.java DEBUG [Forwarding findElements on session 8224b39f135dddefa755fa7332753c0d to remote] http.headers 136 - http-outgoing-4 &gt;&gt; Accept-Encoding: gzip,deflate
08-31-2019 12:59:32 Wire.java DEBUG [Forwarding findElements on session 8224b39f135dddefa755fa7332753c0d to remote] http.wire 73 - http-outgoing-4 &gt;&gt; &quot;POST /session/8224b39f135dddefa755fa7332753c0d/elements HTTP/1.1[\r][\n]&quot;
08-31-2019 12:59:32 Wire.java DEBUG [Forwarding findElements on session 8224b39f135dddefa755fa7332753c0d to remote] http.wire 73 - http-outgoing-4 &gt;&gt; &quot;Content-Type: application/json; charset=utf-8[\r][\n]&quot;
08-31-2019 12:59:32 Wire.java DEBUG [Forwarding findElements on session 8224b39f135dddefa755fa7332753c0d to remote] http.wire 73 - http-outgoing-4 &gt;&gt; &quot;Content-Length: 83[\r][\n]&quot;
08-31-2019 12:59:32 Wire.java DEBUG [Forwarding findElements on session 8224b39f135dddefa755fa7332753c0d to remote] http.wire 73 - http-outgoing-4 &gt;&gt; &quot;Host: localhost:45030[\r][\n]&quot;
08-31-2019 12:59:32 Wire.java DEBUG [Forwarding findElements on session 8224b39f135dddefa755fa7332753c0d to remote] http.wire 73 - http-outgoing-4 &gt;&gt; &quot;Connection: Keep-Alive[\r][\n]&quot;
08-31-2019 12:59:32 Wire.java DEBUG [Forwarding findElements on session 8224b39f135dddefa755fa7332753c0d to remote] http.wire 73 - http-outgoing-4 &gt;&gt; &quot;User-Agent: Apache-HttpClient/4.5.3 (Java/1.8.0_221)[\r][\n]&quot;
08-31-2019 12:59:32 Wire.java DEBUG [Forwarding findElements on session 8224b39f135dddefa755fa7332753c0d to remote] http.wire 73 - http-outgoing-4 &gt;&gt; &quot;Accept-Encoding: gzip,deflate[\r][\n]&quot;
08-31-2019 12:59:32 Wire.java DEBUG [Forwarding findElements on session 8224b39f135dddefa755fa7332753c0d to remote] http.wire 73 - http-outgoing-4 &gt;&gt; &quot;[\r][\n]&quot;
08-31-2019 12:59:32 Wire.java DEBUG [Forwarding findElements on session 8224b39f135dddefa755fa7332753c0d to remote] http.wire 87 - http-outgoing-4 &gt;&gt; &quot;{&quot;value&quot;:&quot;frame[name=&apos;mainpanel&apos;],iframe[name=&apos;mainpanel&apos;]&quot;,&quot;using&quot;:&quot;css selector&quot;}&quot;
08-31-2019 12:59:32 Wire.java DEBUG [Forwarding findElements on session 8224b39f135dddefa755fa7332753c0d to remote] http.wire 73 - http-outgoing-4 &lt;&lt; &quot;HTTP/1.1 200 OK[\r][\n]&quot;
08-31-2019 12:59:32 Wire.java DEBUG [Forwarding findElements on session 8224b39f135dddefa755fa7332753c0d to remote] http.wire 73 - http-outgoing-4 &lt;&lt; &quot;Content-Length:90[\r][\n]&quot;
08-31-2019 12:59:32 Wire.java DEBUG [Forwarding findElements on session 8224b39f135dddefa755fa7332753c0d to remote] http.wire 73 - http-outgoing-4 &lt;&lt; &quot;Content-Type:application/json; charset=utf-8[\r][\n]&quot;
08-31-2019 12:59:32 Wire.java DEBUG [Forwarding findElements on session 8224b39f135dddefa755fa7332753c0d to remote] http.wire 73 - http-outgoing-4 &lt;&lt; &quot;cache-control:no-cache[\r][\n]&quot;
08-31-2019 12:59:32 Wire.java DEBUG [Forwarding findElements on session 8224b39f135dddefa755fa7332753c0d to remote] http.wire 73 - http-outgoing-4 &lt;&lt; &quot;[\r][\n]&quot;
08-31-2019 12:59:32 Wire.java DEBUG [Forwarding findElements on session 8224b39f135dddefa755fa7332753c0d to remote] http.wire 87 - http-outgoing-4 &lt;&lt; &quot;{&quot;value&quot;:[{&quot;element-6066-11e4-a52e-4f735466cecf&quot;:&quot;cf93a1b5-377a-4c62-a68e-d6abc79387e8&quot;}]}&quot;
08-31-2019 12:59:32 LoggingManagedHttpClientConnection.java DEBUG [Forwarding findElements on session 8224b39f135dddefa755fa7332753c0d to remote] http.headers 122 - http-outgoing-4 &lt;&lt; HTTP/1.1 200 OK
08-31-2019 12:59:32 LoggingManagedHttpClientConnection.java DEBUG [Forwarding findElements on session 8224b39f135dddefa755fa7332753c0d to remote] http.headers 125 - http-outgoing-4 &lt;&lt; Content-Length:90
08-31-2019 12:59:32 LoggingManagedHttpClientConnection.java DEBUG [Forwarding findElements on session 8224b39f135dddefa755fa7332753c0d to remote] http.headers 125 - http-outgoing-4 &lt;&lt; Content-Type:application/json; charset=utf-8
08-31-2019 12:59:32 LoggingManagedHttpClientConnection.java DEBUG [Forwarding findElements on session 8224b39f135dddefa755fa7332753c0d to remote] http.headers 125 - http-outgoing-4 &lt;&lt; cache-control:no-cache
08-31-2019 12:59:32 MainClientExec.java DEBUG [Forwarding findElements on session 8224b39f135dddefa755fa7332753c0d to remote] execchain.MainClientExec 285 - Connection can be kept alive indefinitely
08-31-2019 12:59:32 PoolingHttpClientConnectionManager.java DEBUG [Forwarding findElements on session 8224b39f135dddefa755fa7332753c0d to remote] conn.PoolingHttpClientConnectionManager 320 - Connection [id: 4][route: {}-&gt;http://localhost:45030] can be kept alive indefinitely
08-31-2019 12:59:32 PoolingHttpClientConnectionManager.java DEBUG [Forwarding findElements on session 8224b39f135dddefa755fa7332753c0d to remote] conn.PoolingHttpClientConnectionManager 326 - Connection released: [id: 4][route: {}-&gt;http://localhost:45030][total kept alive: 1; route allocated: 1 of 2000; total allocated: 1 of 2000]
08-31-2019 12:59:32 RequestAddCookies.java DEBUG [Forwarding switchToFrame on session 8224b39f135dddefa755fa7332753c0d to remote] protocol.RequestAddCookies 123 - CookieSpec selected: default
08-31-2019 12:59:32 RequestAuthCache.java DEBUG [Forwarding switchToFrame on session 8224b39f135dddefa755fa7332753c0d to remote] protocol.RequestAuthCache 77 - Auth cache not set in the context
08-31-2019 12:59:32 PoolingHttpClientConnectionManager.java DEBUG [Forwarding switchToFrame on session 8224b39f135dddefa755fa7332753c0d to remote] conn.PoolingHttpClientConnectionManager 255 - Connection request: [route: {}-&gt;http://localhost:45030][total kept alive: 1; route allocated: 1 of 2000; total allocated: 1 of 2000]
08-31-2019 12:59:32 PoolingHttpClientConnectionManager.java DEBUG [Forwarding switchToFrame on session 8224b39f135dddefa755fa7332753c0d to remote] conn.PoolingHttpClientConnectionManager 288 - Connection leased: [id: 4][route: {}-&gt;http://localhost:45030][total kept alive: 0; route allocated: 1 of 2000; total allocated: 1 of 2000]
08-31-2019 12:59:32 MainClientExec.java DEBUG [Forwarding switchToFrame on session 8224b39f135dddefa755fa7332753c0d to remote] execchain.MainClientExec 208 - Stale connection check
08-31-2019 12:59:32 Wire.java DEBUG [Forwarding switchToFrame on session 8224b39f135dddefa755fa7332753c0d to remote] http.wire 87 - http-outgoing-4 &lt;&lt; &quot;[read] I/O error: Read timed out&quot;
08-31-2019 12:59:32 LoggingManagedHttpClientConnection.java DEBUG [Forwarding switchToFrame on session 8224b39f135dddefa755fa7332753c0d to remote] conn.DefaultManagedHttpClientConnection 88 - http-outgoing-4: set socket timeout to 10800000
08-31-2019 12:59:32 MainClientExec.java DEBUG [Forwarding switchToFrame on session 8224b39f135dddefa755fa7332753c0d to remote] execchain.MainClientExec 256 - Executing request POST /session/8224b39f135dddefa755fa7332753c0d/frame HTTP/1.1
08-31-2019 12:59:32 MainClientExec.java DEBUG [Forwarding switchToFrame on session 8224b39f135dddefa755fa7332753c0d to remote] execchain.MainClientExec 261 - Target auth state: UNCHALLENGED
08-31-2019 12:59:32 MainClientExec.java DEBUG [Forwarding switchToFrame on session 8224b39f135dddefa755fa7332753c0d to remote] execchain.MainClientExec 267 - Proxy auth state: UNCHALLENGED
08-31-2019 12:59:32 LoggingManagedHttpClientConnection.java DEBUG [Forwarding switchToFrame on session 8224b39f135dddefa755fa7332753c0d to remote] http.headers 133 - http-outgoing-4 &gt;&gt; POST /session/8224b39f135dddefa755fa7332753c0d/frame HTTP/1.1
08-31-2019 12:59:32 LoggingManagedHttpClientConnection.java DEBUG [Forwarding switchToFrame on session 8224b39f135dddefa755fa7332753c0d to remote] http.headers 136 - http-outgoing-4 &gt;&gt; Content-Type: application/json; charset=utf-8
08-31-2019 12:59:32 LoggingManagedHttpClientConnection.java DEBUG [Forwarding switchToFrame on session 8224b39f135dddefa755fa7332753c0d to remote] http.headers 136 - http-outgoing-4 &gt;&gt; Content-Length: 134
08-31-2019 12:59:32 LoggingManagedHttpClientConnection.java DEBUG [Forwarding switchToFrame on session 8224b39f135dddefa755fa7332753c0d to remote] http.headers 136 - http-outgoing-4 &gt;&gt; Host: localhost:45030
08-31-2019 12:59:32 LoggingManagedHttpClientConnection.java DEBUG [Forwarding switchToFrame on session 8224b39f135dddefa755fa7332753c0d to remote] http.headers 136 - http-outgoing-4 &gt;&gt; Connection: Keep-Alive
08-31-2019 12:59:32 LoggingManagedHttpClientConnection.java DEBUG [Forwarding switchToFrame on session 8224b39f135dddefa755fa7332753c0d to remote] http.headers 136 - http-outgoing-4 &gt;&gt; User-Agent: Apache-HttpClient/4.5.3 (Java/1.8.0_221)
08-31-2019 12:59:32 LoggingManagedHttpClientConnection.java DEBUG [Forwarding switchToFrame on session 8224b39f135dddefa755fa7332753c0d to remote] http.headers 136 - http-outgoing-4 &gt;&gt; Accept-Encoding: gzip,deflate
08-31-2019 12:59:32 Wire.java DEBUG [Forwarding switchToFrame on session 8224b39f135dddefa755fa7332753c0d to remote] http.wire 73 - http-outgoing-4 &gt;&gt; &quot;POST /session/8224b39f135dddefa755fa7332753c0d/frame HTTP/1.1[\r][\n]&quot;
08-31-2019 12:59:32 Wire.java DEBUG [Forwarding switchToFrame on session 8224b39f135dddefa755fa7332753c0d to remote] http.wire 73 - http-outgoing-4 &gt;&gt; &quot;Content-Type: application/json; charset=utf-8[\r][\n]&quot;
08-31-2019 12:59:32 Wire.java DEBUG [Forwarding switchToFrame on session 8224b39f135dddefa755fa7332753c0d to remote] http.wire 73 - http-outgoing-4 &gt;&gt; &quot;Content-Length: 134[\r][\n]&quot;
08-31-2019 12:59:32 Wire.java DEBUG [Forwarding switchToFrame on session 8224b39f135dddefa755fa7332753c0d to remote] http.wire 73 - http-outgoing-4 &gt;&gt; &quot;Host: localhost:45030[\r][\n]&quot;
08-31-2019 12:59:32 Wire.java DEBUG [Forwarding switchToFrame on session 8224b39f135dddefa755fa7332753c0d to remote] http.wire 73 - http-outgoing-4 &gt;&gt; &quot;Connection: Keep-Alive[\r][\n]&quot;
08-31-2019 12:59:32 Wire.java DEBUG [Forwarding switchToFrame on session 8224b39f135dddefa755fa7332753c0d to remote] http.wire 73 - http-outgoing-4 &gt;&gt; &quot;User-Agent: Apache-HttpClient/4.5.3 (Java/1.8.0_221)[\r][\n]&quot;
08-31-2019 12:59:32 Wire.java DEBUG [Forwarding switchToFrame on session 8224b39f135dddefa755fa7332753c0d to remote] http.wire 73 - http-outgoing-4 &gt;&gt; &quot;Accept-Encoding: gzip,deflate[\r][\n]&quot;
08-31-2019 12:59:32 Wire.java DEBUG [Forwarding switchToFrame on session 8224b39f135dddefa755fa7332753c0d to remote] http.wire 73 - http-outgoing-4 &gt;&gt; &quot;[\r][\n]&quot;
08-31-2019 12:59:32 Wire.java DEBUG [Forwarding switchToFrame on session 8224b39f135dddefa755fa7332753c0d to remote] http.wire 87 - http-outgoing-4 &gt;&gt; &quot;{&quot;id&quot;:{&quot;ELEMENT&quot;:&quot;cf93a1b5-377a-4c62-a68e-d6abc79387e8&quot;,&quot;element-6066-11e4-a52e-4f735466cecf&quot;:&quot;cf93a1b5-377a-4c62-a68e-d6abc79387e8&quot;}}&quot;
08-31-2019 12:59:32 Wire.java DEBUG [Forwarding switchToFrame on session 8224b39f135dddefa755fa7332753c0d to remote] http.wire 73 - http-outgoing-4 &lt;&lt; &quot;HTTP/1.1 200 OK[\r][\n]&quot;
08-31-2019 12:59:32 Wire.java DEBUG [Forwarding switchToFrame on session 8224b39f135dddefa755fa7332753c0d to remote] http.wire 73 - http-outgoing-4 &lt;&lt; &quot;Content-Length:14[\r][\n]&quot;
08-31-2019 12:59:32 Wire.java DEBUG [Forwarding switchToFrame on session 8224b39f135dddefa755fa7332753c0d to remote] http.wire 73 - http-outgoing-4 &lt;&lt; &quot;Content-Type:application/json; charset=utf-8[\r][\n]&quot;
08-31-2019 12:59:32 Wire.java DEBUG [Forwarding switchToFrame on session 8224b39f135dddefa755fa7332753c0d to remote] http.wire 73 - http-outgoing-4 &lt;&lt; &quot;cache-control:no-cache[\r][\n]&quot;
08-31-2019 12:59:32 Wire.java DEBUG [Forwarding switchToFrame on session 8224b39f135dddefa755fa7332753c0d to remote] http.wire 73 - http-outgoing-4 &lt;&lt; &quot;[\r][\n]&quot;
08-31-2019 12:59:32 Wire.java DEBUG [Forwarding switchToFrame on session 8224b39f135dddefa755fa7332753c0d to remote] http.wire 87 - http-outgoing-4 &lt;&lt; &quot;{&quot;value&quot;:null}&quot;
08-31-2019 12:59:32 LoggingManagedHttpClientConnection.java DEBUG [Forwarding switchToFrame on session 8224b39f135dddefa755fa7332753c0d to remote] http.headers 122 - http-outgoing-4 &lt;&lt; HTTP/1.1 200 OK
08-31-2019 12:59:32 LoggingManagedHttpClientConnection.java DEBUG [Forwarding switchToFrame on session 8224b39f135dddefa755fa7332753c0d to remote] http.headers 125 - http-outgoing-4 &lt;&lt; Content-Length:14
08-31-2019 12:59:32 LoggingManagedHttpClientConnection.java DEBUG [Forwarding switchToFrame on session 8224b39f135dddefa755fa7332753c0d to remote] http.headers 125 - http-outgoing-4 &lt;&lt; Content-Type:application/json; charset=utf-8
08-31-2019 12:59:32 LoggingManagedHttpClientConnection.java DEBUG [Forwarding switchToFrame on session 8224b39f135dddefa755fa7332753c0d to remote] http.headers 125 - http-outgoing-4 &lt;&lt; cache-control:no-cache
08-31-2019 12:59:32 MainClientExec.java DEBUG [Forwarding switchToFrame on session 8224b39f135dddefa755fa7332753c0d to remote] execchain.MainClientExec 285 - Connection can be kept alive indefinitely
08-31-2019 12:59:32 PoolingHttpClientConnectionManager.java DEBUG [Forwarding switchToFrame on session 8224b39f135dddefa755fa7332753c0d to remote] conn.PoolingHttpClientConnectionManager 320 - Connection [id: 4][route: {}-&gt;http://localhost:45030] can be kept alive indefinitely
08-31-2019 12:59:32 PoolingHttpClientConnectionManager.java DEBUG [Forwarding switchToFrame on session 8224b39f135dddefa755fa7332753c0d to remote] conn.PoolingHttpClientConnectionManager 326 - Connection released: [id: 4][route: {}-&gt;http://localhost:45030][total kept alive: 1; route allocated: 1 of 2000; total allocated: 1 of 2000]
Trying to find Element By : By.xpath: //a[contains(text(),&apos;Contacts&apos;)]
08-31-2019 12:59:32 RequestAddCookies.java DEBUG [Forwarding findElement on session 8224b39f135dddefa755fa7332753c0d to remote] protocol.RequestAddCookies 123 - CookieSpec selected: default
08-31-2019 12:59:32 RequestAuthCache.java DEBUG [Forwarding findElement on session 8224b39f135dddefa755fa7332753c0d to remote] protocol.RequestAuthCache 77 - Auth cache not set in the context
08-31-2019 12:59:32 PoolingHttpClientConnectionManager.java DEBUG [Forwarding findElement on session 8224b39f135dddefa755fa7332753c0d to remote] conn.PoolingHttpClientConnectionManager 255 - Connection request: [route: {}-&gt;http://localhost:45030][total kept alive: 1; route allocated: 1 of 2000; total allocated: 1 of 2000]
08-31-2019 12:59:32 PoolingHttpClientConnectionManager.java DEBUG [Forwarding findElement on session 8224b39f135dddefa755fa7332753c0d to remote] conn.PoolingHttpClientConnectionManager 288 - Connection leased: [id: 4][route: {}-&gt;http://localhost:45030][total kept alive: 0; route allocated: 1 of 2000; total allocated: 1 of 2000]
08-31-2019 12:59:32 MainClientExec.java DEBUG [Forwarding findElement on session 8224b39f135dddefa755fa7332753c0d to remote] execchain.MainClientExec 208 - Stale connection check
08-31-2019 12:59:32 Wire.java DEBUG [Forwarding findElement on session 8224b39f135dddefa755fa7332753c0d to remote] http.wire 87 - http-outgoing-4 &lt;&lt; &quot;[read] I/O error: Read timed out&quot;
08-31-2019 12:59:32 LoggingManagedHttpClientConnection.java DEBUG [Forwarding findElement on session 8224b39f135dddefa755fa7332753c0d to remote] conn.DefaultManagedHttpClientConnection 88 - http-outgoing-4: set socket timeout to 10800000
08-31-2019 12:59:32 MainClientExec.java DEBUG [Forwarding findElement on session 8224b39f135dddefa755fa7332753c0d to remote] execchain.MainClientExec 256 - Executing request POST /session/8224b39f135dddefa755fa7332753c0d/element HTTP/1.1
08-31-2019 12:59:32 MainClientExec.java DEBUG [Forwarding findElement on session 8224b39f135dddefa755fa7332753c0d to remote] execchain.MainClientExec 261 - Target auth state: UNCHALLENGED
08-31-2019 12:59:32 MainClientExec.java DEBUG [Forwarding findElement on session 8224b39f135dddefa755fa7332753c0d to remote] execchain.MainClientExec 267 - Proxy auth state: UNCHALLENGED
08-31-2019 12:59:32 LoggingManagedHttpClientConnection.java DEBUG [Forwarding findElement on session 8224b39f135dddefa755fa7332753c0d to remote] http.headers 133 - http-outgoing-4 &gt;&gt; POST /session/8224b39f135dddefa755fa7332753c0d/element HTTP/1.1
08-31-2019 12:59:32 LoggingManagedHttpClientConnection.java DEBUG [Forwarding findElement on session 8224b39f135dddefa755fa7332753c0d to remote] http.headers 136 - http-outgoing-4 &gt;&gt; Content-Type: application/json; charset=utf-8
08-31-2019 12:59:32 LoggingManagedHttpClientConnection.java DEBUG [Forwarding findElement on session 8224b39f135dddefa755fa7332753c0d to remote] http.headers 136 - http-outgoing-4 &gt;&gt; Content-Length: 60
08-31-2019 12:59:32 LoggingManagedHttpClientConnection.java DEBUG [Forwarding findElement on session 8224b39f135dddefa755fa7332753c0d to remote] http.headers 136 - http-outgoing-4 &gt;&gt; Host: localhost:45030
08-31-2019 12:59:32 LoggingManagedHttpClientConnection.java DEBUG [Forwarding findElement on session 8224b39f135dddefa755fa7332753c0d to remote] http.headers 136 - http-outgoing-4 &gt;&gt; Connection: Keep-Alive
08-31-2019 12:59:32 LoggingManagedHttpClientConnection.java DEBUG [Forwarding findElement on session 8224b39f135dddefa755fa7332753c0d to remote] http.headers 136 - http-outgoing-4 &gt;&gt; User-Agent: Apache-HttpClient/4.5.3 (Java/1.8.0_221)
08-31-2019 12:59:32 LoggingManagedHttpClientConnection.java DEBUG [Forwarding findElement on session 8224b39f135dddefa755fa7332753c0d to remote] http.headers 136 - http-outgoing-4 &gt;&gt; Accept-Encoding: gzip,deflate
08-31-2019 12:59:32 Wire.java DEBUG [Forwarding findElement on session 8224b39f135dddefa755fa7332753c0d to remote] http.wire 73 - http-outgoing-4 &gt;&gt; &quot;POST /session/8224b39f135dddefa755fa7332753c0d/element HTTP/1.1[\r][\n]&quot;
08-31-2019 12:59:32 Wire.java DEBUG [Forwarding findElement on session 8224b39f135dddefa755fa7332753c0d to remote] http.wire 73 - http-outgoing-4 &gt;&gt; &quot;Content-Type: application/json; charset=utf-8[\r][\n]&quot;
08-31-2019 12:59:32 Wire.java DEBUG [Forwarding findElement on session 8224b39f135dddefa755fa7332753c0d to remote] http.wire 73 - http-outgoing-4 &gt;&gt; &quot;Content-Length: 60[\r][\n]&quot;
08-31-2019 12:59:32 Wire.java DEBUG [Forwarding findElement on session 8224b39f135dddefa755fa7332753c0d to remote] http.wire 73 - http-outgoing-4 &gt;&gt; &quot;Host: localhost:45030[\r][\n]&quot;
08-31-2019 12:59:32 Wire.java DEBUG [Forwarding findElement on session 8224b39f135dddefa755fa7332753c0d to remote] http.wire 73 - http-outgoing-4 &gt;&gt; &quot;Connection: Keep-Alive[\r][\n]&quot;
08-31-2019 12:59:32 Wire.java DEBUG [Forwarding findElement on session 8224b39f135dddefa755fa7332753c0d to remote] http.wire 73 - http-outgoing-4 &gt;&gt; &quot;User-Agent: Apache-HttpClient/4.5.3 (Java/1.8.0_221)[\r][\n]&quot;
08-31-2019 12:59:32 Wire.java DEBUG [Forwarding findElement on session 8224b39f135dddefa755fa7332753c0d to remote] http.wire 73 - http-outgoing-4 &gt;&gt; &quot;Accept-Encoding: gzip,deflate[\r][\n]&quot;
08-31-2019 12:59:32 Wire.java DEBUG [Forwarding findElement on session 8224b39f135dddefa755fa7332753c0d to remote] http.wire 73 - http-outgoing-4 &gt;&gt; &quot;[\r][\n]&quot;
08-31-2019 12:59:32 Wire.java DEBUG [Forwarding findElement on session 8224b39f135dddefa755fa7332753c0d to remote] http.wire 87 - http-outgoing-4 &gt;&gt; &quot;{&quot;value&quot;:&quot;//a[contains(text(),&apos;Contacts&apos;)]&quot;,&quot;using&quot;:&quot;xpath&quot;}&quot;
08-31-2019 12:59:33 Wire.java DEBUG [Forwarding findElement on session 8224b39f135dddefa755fa7332753c0d to remote] http.wire 73 - http-outgoing-4 &lt;&lt; &quot;HTTP/1.1 200 OK[\r][\n]&quot;
08-31-2019 12:59:33 Wire.java DEBUG [Forwarding findElement on session 8224b39f135dddefa755fa7332753c0d to remote] http.wire 73 - http-outgoing-4 &lt;&lt; &quot;Content-Length:88[\r][\n]&quot;
08-31-2019 12:59:33 Wire.java DEBUG [Forwarding findElement on session 8224b39f135dddefa755fa7332753c0d to remote] http.wire 73 - http-outgoing-4 &lt;&lt; &quot;Content-Type:application/json; charset=utf-8[\r][\n]&quot;
08-31-2019 12:59:33 Wire.java DEBUG [Forwarding findElement on session 8224b39f135dddefa755fa7332753c0d to remote] http.wire 73 - http-outgoing-4 &lt;&lt; &quot;cache-control:no-cache[\r][\n]&quot;
08-31-2019 12:59:33 Wire.java DEBUG [Forwarding findElement on session 8224b39f135dddefa755fa7332753c0d to remote] http.wire 73 - http-outgoing-4 &lt;&lt; &quot;[\r][\n]&quot;
08-31-2019 12:59:33 Wire.java DEBUG [Forwarding findElement on session 8224b39f135dddefa755fa7332753c0d to remote] http.wire 87 - http-outgoing-4 &lt;&lt; &quot;{&quot;value&quot;:{&quot;element-6066-11e4-a52e-4f735466cecf&quot;:&quot;720d69ab-b57a-448b-8513-bdc327c7a997&quot;}}&quot;
08-31-2019 12:59:33 LoggingManagedHttpClientConnection.java DEBUG [Forwarding findElement on session 8224b39f135dddefa755fa7332753c0d to remote] http.headers 122 - http-outgoing-4 &lt;&lt; HTTP/1.1 200 OK
08-31-2019 12:59:33 LoggingManagedHttpClientConnection.java DEBUG [Forwarding findElement on session 8224b39f135dddefa755fa7332753c0d to remote] http.headers 125 - http-outgoing-4 &lt;&lt; Content-Length:88
08-31-2019 12:59:33 LoggingManagedHttpClientConnection.java DEBUG [Forwarding findElement on session 8224b39f135dddefa755fa7332753c0d to remote] http.headers 125 - http-outgoing-4 &lt;&lt; Content-Type:application/json; charset=utf-8
08-31-2019 12:59:33 LoggingManagedHttpClientConnection.java DEBUG [Forwarding findElement on session 8224b39f135dddefa755fa7332753c0d to remote] http.headers 125 - http-outgoing-4 &lt;&lt; cache-control:no-cache
08-31-2019 12:59:33 MainClientExec.java DEBUG [Forwarding findElement on session 8224b39f135dddefa755fa7332753c0d to remote] execchain.MainClientExec 285 - Connection can be kept alive indefinitely
08-31-2019 12:59:33 PoolingHttpClientConnectionManager.java DEBUG [Forwarding findElement on session 8224b39f135dddefa755fa7332753c0d to remote] conn.PoolingHttpClientConnectionManager 320 - Connection [id: 4][route: {}-&gt;http://localhost:45030] can be kept alive indefinitely
08-31-2019 12:59:33 PoolingHttpClientConnectionManager.java DEBUG [Forwarding findElement on session 8224b39f135dddefa755fa7332753c0d to remote] conn.PoolingHttpClientConnectionManager 326 - Connection released: [id: 4][route: {}-&gt;http://localhost:45030][total kept alive: 1; route allocated: 1 of 2000; total allocated: 1 of 2000]
Found Element By : By.xpath: //a[contains(text(),&apos;Contacts&apos;)]
Trying to click on: [[ChromeDriver: chrome on XP (8224b39f135dddefa755fa7332753c0d)] -&gt; xpath: //a[contains(text(),&apos;Contacts&apos;)]]
08-31-2019 12:59:33 RequestAddCookies.java DEBUG [Forwarding clickElement on session 8224b39f135dddefa755fa7332753c0d to remote] protocol.RequestAddCookies 123 - CookieSpec selected: default
08-31-2019 12:59:33 RequestAuthCache.java DEBUG [Forwarding clickElement on session 8224b39f135dddefa755fa7332753c0d to remote] protocol.RequestAuthCache 77 - Auth cache not set in the context
08-31-2019 12:59:33 PoolingHttpClientConnectionManager.java DEBUG [Forwarding clickElement on session 8224b39f135dddefa755fa7332753c0d to remote] conn.PoolingHttpClientConnectionManager 255 - Connection request: [route: {}-&gt;http://localhost:45030][total kept alive: 1; route allocated: 1 of 2000; total allocated: 1 of 2000]
08-31-2019 12:59:33 PoolingHttpClientConnectionManager.java DEBUG [Forwarding clickElement on session 8224b39f135dddefa755fa7332753c0d to remote] conn.PoolingHttpClientConnectionManager 288 - Connection leased: [id: 4][route: {}-&gt;http://localhost:45030][total kept alive: 0; route allocated: 1 of 2000; total allocated: 1 of 2000]
08-31-2019 12:59:33 MainClientExec.java DEBUG [Forwarding clickElement on session 8224b39f135dddefa755fa7332753c0d to remote] execchain.MainClientExec 208 - Stale connection check
08-31-2019 12:59:33 Wire.java DEBUG [Forwarding clickElement on session 8224b39f135dddefa755fa7332753c0d to remote] http.wire 87 - http-outgoing-4 &lt;&lt; &quot;[read] I/O error: Read timed out&quot;
08-31-2019 12:59:33 LoggingManagedHttpClientConnection.java DEBUG [Forwarding clickElement on session 8224b39f135dddefa755fa7332753c0d to remote] conn.DefaultManagedHttpClientConnection 88 - http-outgoing-4: set socket timeout to 10800000
08-31-2019 12:59:33 MainClientExec.java DEBUG [Forwarding clickElement on session 8224b39f135dddefa755fa7332753c0d to remote] execchain.MainClientExec 256 - Executing request POST /session/8224b39f135dddefa755fa7332753c0d/element/720d69ab-b57a-448b-8513-bdc327c7a997/click HTTP/1.1
08-31-2019 12:59:33 MainClientExec.java DEBUG [Forwarding clickElement on session 8224b39f135dddefa755fa7332753c0d to remote] execchain.MainClientExec 261 - Target auth state: UNCHALLENGED
08-31-2019 12:59:33 MainClientExec.java DEBUG [Forwarding clickElement on session 8224b39f135dddefa755fa7332753c0d to remote] execchain.MainClientExec 267 - Proxy auth state: UNCHALLENGED
08-31-2019 12:59:33 LoggingManagedHttpClientConnection.java DEBUG [Forwarding clickElement on session 8224b39f135dddefa755fa7332753c0d to remote] http.headers 133 - http-outgoing-4 &gt;&gt; POST /session/8224b39f135dddefa755fa7332753c0d/element/720d69ab-b57a-448b-8513-bdc327c7a997/click HTTP/1.1
08-31-2019 12:59:33 LoggingManagedHttpClientConnection.java DEBUG [Forwarding clickElement on session 8224b39f135dddefa755fa7332753c0d to remote] http.headers 136 - http-outgoing-4 &gt;&gt; Content-Type: application/json; charset=utf-8
08-31-2019 12:59:33 LoggingManagedHttpClientConnection.java DEBUG [Forwarding clickElement on session 8224b39f135dddefa755fa7332753c0d to remote] http.headers 136 - http-outgoing-4 &gt;&gt; Content-Length: 45
08-31-2019 12:59:33 LoggingManagedHttpClientConnection.java DEBUG [Forwarding clickElement on session 8224b39f135dddefa755fa7332753c0d to remote] http.headers 136 - http-outgoing-4 &gt;&gt; Host: localhost:45030
08-31-2019 12:59:33 LoggingManagedHttpClientConnection.java DEBUG [Forwarding clickElement on session 8224b39f135dddefa755fa7332753c0d to remote] http.headers 136 - http-outgoing-4 &gt;&gt; Connection: Keep-Alive
08-31-2019 12:59:33 LoggingManagedHttpClientConnection.java DEBUG [Forwarding clickElement on session 8224b39f135dddefa755fa7332753c0d to remote] http.headers 136 - http-outgoing-4 &gt;&gt; User-Agent: Apache-HttpClient/4.5.3 (Java/1.8.0_221)
08-31-2019 12:59:33 LoggingManagedHttpClientConnection.java DEBUG [Forwarding clickElement on session 8224b39f135dddefa755fa7332753c0d to remote] http.headers 136 - http-outgoing-4 &gt;&gt; Accept-Encoding: gzip,deflate
08-31-2019 12:59:33 Wire.java DEBUG [Forwarding clickElement on session 8224b39f135dddefa755fa7332753c0d to remote] http.wire 73 - http-outgoing-4 &gt;&gt; &quot;POST /session/8224b39f135dddefa755fa7332753c0d/element/720d69ab-b57a-448b-8513-bdc327c7a997/click HTTP/1.1[\r][\n]&quot;
08-31-2019 12:59:33 Wire.java DEBUG [Forwarding clickElement on session 8224b39f135dddefa755fa7332753c0d to remote] http.wire 73 - http-outgoing-4 &gt;&gt; &quot;Content-Type: application/json; charset=utf-8[\r][\n]&quot;
08-31-2019 12:59:33 Wire.java DEBUG [Forwarding clickElement on session 8224b39f135dddefa755fa7332753c0d to remote] http.wire 73 - http-outgoing-4 &gt;&gt; &quot;Content-Length: 45[\r][\n]&quot;
08-31-2019 12:59:33 Wire.java DEBUG [Forwarding clickElement on session 8224b39f135dddefa755fa7332753c0d to remote] http.wire 73 - http-outgoing-4 &gt;&gt; &quot;Host: localhost:45030[\r][\n]&quot;
08-31-2019 12:59:33 Wire.java DEBUG [Forwarding clickElement on session 8224b39f135dddefa755fa7332753c0d to remote] http.wire 73 - http-outgoing-4 &gt;&gt; &quot;Connection: Keep-Alive[\r][\n]&quot;
08-31-2019 12:59:33 Wire.java DEBUG [Forwarding clickElement on session 8224b39f135dddefa755fa7332753c0d to remote] http.wire 73 - http-outgoing-4 &gt;&gt; &quot;User-Agent: Apache-HttpClient/4.5.3 (Java/1.8.0_221)[\r][\n]&quot;
08-31-2019 12:59:33 Wire.java DEBUG [Forwarding clickElement on session 8224b39f135dddefa755fa7332753c0d to remote] http.wire 73 - http-outgoing-4 &gt;&gt; &quot;Accept-Encoding: gzip,deflate[\r][\n]&quot;
08-31-2019 12:59:33 Wire.java DEBUG [Forwarding clickElement on session 8224b39f135dddefa755fa7332753c0d to remote] http.wire 73 - http-outgoing-4 &gt;&gt; &quot;[\r][\n]&quot;
08-31-2019 12:59:33 Wire.java DEBUG [Forwarding clickElement on session 8224b39f135dddefa755fa7332753c0d to remote] http.wire 87 - http-outgoing-4 &gt;&gt; &quot;{&quot;id&quot;:&quot;720d69ab-b57a-448b-8513-bdc327c7a997&quot;}&quot;
08-31-2019 12:59:34 Wire.java DEBUG [Forwarding clickElement on session 8224b39f135dddefa755fa7332753c0d to remote] http.wire 73 - http-outgoing-4 &lt;&lt; &quot;HTTP/1.1 200 OK[\r][\n]&quot;
08-31-2019 12:59:34 Wire.java DEBUG [Forwarding clickElement on session 8224b39f135dddefa755fa7332753c0d to remote] http.wire 73 - http-outgoing-4 &lt;&lt; &quot;Content-Length:14[\r][\n]&quot;
08-31-2019 12:59:34 Wire.java DEBUG [Forwarding clickElement on session 8224b39f135dddefa755fa7332753c0d to remote] http.wire 73 - http-outgoing-4 &lt;&lt; &quot;Content-Type:application/json; charset=utf-8[\r][\n]&quot;
08-31-2019 12:59:34 Wire.java DEBUG [Forwarding clickElement on session 8224b39f135dddefa755fa7332753c0d to remote] http.wire 73 - http-outgoing-4 &lt;&lt; &quot;cache-control:no-cache[\r][\n]&quot;
08-31-2019 12:59:34 Wire.java DEBUG [Forwarding clickElement on session 8224b39f135dddefa755fa7332753c0d to remote] http.wire 73 - http-outgoing-4 &lt;&lt; &quot;[\r][\n]&quot;
08-31-2019 12:59:34 Wire.java DEBUG [Forwarding clickElement on session 8224b39f135dddefa755fa7332753c0d to remote] http.wire 87 - http-outgoing-4 &lt;&lt; &quot;{&quot;value&quot;:null}&quot;
08-31-2019 12:59:34 LoggingManagedHttpClientConnection.java DEBUG [Forwarding clickElement on session 8224b39f135dddefa755fa7332753c0d to remote] http.headers 122 - http-outgoing-4 &lt;&lt; HTTP/1.1 200 OK
08-31-2019 12:59:34 LoggingManagedHttpClientConnection.java DEBUG [Forwarding clickElement on session 8224b39f135dddefa755fa7332753c0d to remote] http.headers 125 - http-outgoing-4 &lt;&lt; Content-Length:14
08-31-2019 12:59:34 LoggingManagedHttpClientConnection.java DEBUG [Forwarding clickElement on session 8224b39f135dddefa755fa7332753c0d to remote] http.headers 125 - http-outgoing-4 &lt;&lt; Content-Type:application/json; charset=utf-8
08-31-2019 12:59:34 LoggingManagedHttpClientConnection.java DEBUG [Forwarding clickElement on session 8224b39f135dddefa755fa7332753c0d to remote] http.headers 125 - http-outgoing-4 &lt;&lt; cache-control:no-cache
08-31-2019 12:59:34 MainClientExec.java DEBUG [Forwarding clickElement on session 8224b39f135dddefa755fa7332753c0d to remote] execchain.MainClientExec 285 - Connection can be kept alive indefinitely
08-31-2019 12:59:34 PoolingHttpClientConnectionManager.java DEBUG [Forwarding clickElement on session 8224b39f135dddefa755fa7332753c0d to remote] conn.PoolingHttpClientConnectionManager 320 - Connection [id: 4][route: {}-&gt;http://localhost:45030] can be kept alive indefinitely
08-31-2019 12:59:34 PoolingHttpClientConnectionManager.java DEBUG [Forwarding clickElement on session 8224b39f135dddefa755fa7332753c0d to remote] conn.PoolingHttpClientConnectionManager 326 - Connection released: [id: 4][route: {}-&gt;http://localhost:45030][total kept alive: 1; route allocated: 1 of 2000; total allocated: 1 of 2000]
Clicked on: [[ChromeDriver: chrome on XP (8224b39f135dddefa755fa7332753c0d)] -&gt; xpath: //a[contains(text(),&apos;Contacts&apos;)]]
Trying to find Element By : By.xpath: //a[contains(text(),&apos;Contacts&apos;)]
08-31-2019 12:59:34 RequestAddCookies.java DEBUG [Forwarding findElement on session 8224b39f135dddefa755fa7332753c0d to remote] protocol.RequestAddCookies 123 - CookieSpec selected: default
08-31-2019 12:59:34 RequestAuthCache.java DEBUG [Forwarding findElement on session 8224b39f135dddefa755fa7332753c0d to remote] protocol.RequestAuthCache 77 - Auth cache not set in the context
08-31-2019 12:59:34 PoolingHttpClientConnectionManager.java DEBUG [Forwarding findElement on session 8224b39f135dddefa755fa7332753c0d to remote] conn.PoolingHttpClientConnectionManager 255 - Connection request: [route: {}-&gt;http://localhost:45030][total kept alive: 1; route allocated: 1 of 2000; total allocated: 1 of 2000]
08-31-2019 12:59:34 PoolingHttpClientConnectionManager.java DEBUG [Forwarding findElement on session 8224b39f135dddefa755fa7332753c0d to remote] conn.PoolingHttpClientConnectionManager 288 - Connection leased: [id: 4][route: {}-&gt;http://localhost:45030][total kept alive: 0; route allocated: 1 of 2000; total allocated: 1 of 2000]
08-31-2019 12:59:34 MainClientExec.java DEBUG [Forwarding findElement on session 8224b39f135dddefa755fa7332753c0d to remote] execchain.MainClientExec 208 - Stale connection check
08-31-2019 12:59:34 Wire.java DEBUG [Forwarding findElement on session 8224b39f135dddefa755fa7332753c0d to remote] http.wire 87 - http-outgoing-4 &lt;&lt; &quot;[read] I/O error: Read timed out&quot;
08-31-2019 12:59:34 LoggingManagedHttpClientConnection.java DEBUG [Forwarding findElement on session 8224b39f135dddefa755fa7332753c0d to remote] conn.DefaultManagedHttpClientConnection 88 - http-outgoing-4: set socket timeout to 10800000
08-31-2019 12:59:34 MainClientExec.java DEBUG [Forwarding findElement on session 8224b39f135dddefa755fa7332753c0d to remote] execchain.MainClientExec 256 - Executing request POST /session/8224b39f135dddefa755fa7332753c0d/element HTTP/1.1
08-31-2019 12:59:34 MainClientExec.java DEBUG [Forwarding findElement on session 8224b39f135dddefa755fa7332753c0d to remote] execchain.MainClientExec 261 - Target auth state: UNCHALLENGED
08-31-2019 12:59:34 MainClientExec.java DEBUG [Forwarding findElement on session 8224b39f135dddefa755fa7332753c0d to remote] execchain.MainClientExec 267 - Proxy auth state: UNCHALLENGED
08-31-2019 12:59:34 LoggingManagedHttpClientConnection.java DEBUG [Forwarding findElement on session 8224b39f135dddefa755fa7332753c0d to remote] http.headers 133 - http-outgoing-4 &gt;&gt; POST /session/8224b39f135dddefa755fa7332753c0d/element HTTP/1.1
08-31-2019 12:59:34 LoggingManagedHttpClientConnection.java DEBUG [Forwarding findElement on session 8224b39f135dddefa755fa7332753c0d to remote] http.headers 136 - http-outgoing-4 &gt;&gt; Content-Type: application/json; charset=utf-8
08-31-2019 12:59:34 LoggingManagedHttpClientConnection.java DEBUG [Forwarding findElement on session 8224b39f135dddefa755fa7332753c0d to remote] http.headers 136 - http-outgoing-4 &gt;&gt; Content-Length: 60
08-31-2019 12:59:34 LoggingManagedHttpClientConnection.java DEBUG [Forwarding findElement on session 8224b39f135dddefa755fa7332753c0d to remote] http.headers 136 - http-outgoing-4 &gt;&gt; Host: localhost:45030
08-31-2019 12:59:34 LoggingManagedHttpClientConnection.java DEBUG [Forwarding findElement on session 8224b39f135dddefa755fa7332753c0d to remote] http.headers 136 - http-outgoing-4 &gt;&gt; Connection: Keep-Alive
08-31-2019 12:59:34 LoggingManagedHttpClientConnection.java DEBUG [Forwarding findElement on session 8224b39f135dddefa755fa7332753c0d to remote] http.headers 136 - http-outgoing-4 &gt;&gt; User-Agent: Apache-HttpClient/4.5.3 (Java/1.8.0_221)
08-31-2019 12:59:34 LoggingManagedHttpClientConnection.java DEBUG [Forwarding findElement on session 8224b39f135dddefa755fa7332753c0d to remote] http.headers 136 - http-outgoing-4 &gt;&gt; Accept-Encoding: gzip,deflate
08-31-2019 12:59:34 Wire.java DEBUG [Forwarding findElement on session 8224b39f135dddefa755fa7332753c0d to remote] http.wire 73 - http-outgoing-4 &gt;&gt; &quot;POST /session/8224b39f135dddefa755fa7332753c0d/element HTTP/1.1[\r][\n]&quot;
08-31-2019 12:59:34 Wire.java DEBUG [Forwarding findElement on session 8224b39f135dddefa755fa7332753c0d to remote] http.wire 73 - http-outgoing-4 &gt;&gt; &quot;Content-Type: application/json; charset=utf-8[\r][\n]&quot;
08-31-2019 12:59:34 Wire.java DEBUG [Forwarding findElement on session 8224b39f135dddefa755fa7332753c0d to remote] http.wire 73 - http-outgoing-4 &gt;&gt; &quot;Content-Length: 60[\r][\n]&quot;
08-31-2019 12:59:34 Wire.java DEBUG [Forwarding findElement on session 8224b39f135dddefa755fa7332753c0d to remote] http.wire 73 - http-outgoing-4 &gt;&gt; &quot;Host: localhost:45030[\r][\n]&quot;
08-31-2019 12:59:34 Wire.java DEBUG [Forwarding findElement on session 8224b39f135dddefa755fa7332753c0d to remote] http.wire 73 - http-outgoing-4 &gt;&gt; &quot;Connection: Keep-Alive[\r][\n]&quot;
08-31-2019 12:59:34 Wire.java DEBUG [Forwarding findElement on session 8224b39f135dddefa755fa7332753c0d to remote] http.wire 73 - http-outgoing-4 &gt;&gt; &quot;User-Agent: Apache-HttpClient/4.5.3 (Java/1.8.0_221)[\r][\n]&quot;
08-31-2019 12:59:34 Wire.java DEBUG [Forwarding findElement on session 8224b39f135dddefa755fa7332753c0d to remote] http.wire 73 - http-outgoing-4 &gt;&gt; &quot;Accept-Encoding: gzip,deflate[\r][\n]&quot;
08-31-2019 12:59:34 Wire.java DEBUG [Forwarding findElement on session 8224b39f135dddefa755fa7332753c0d to remote] http.wire 73 - http-outgoing-4 &gt;&gt; &quot;[\r][\n]&quot;
08-31-2019 12:59:34 Wire.java DEBUG [Forwarding findElement on session 8224b39f135dddefa755fa7332753c0d to remote] http.wire 87 - http-outgoing-4 &gt;&gt; &quot;{&quot;value&quot;:&quot;//a[contains(text(),&apos;Contacts&apos;)]&quot;,&quot;using&quot;:&quot;xpath&quot;}&quot;
08-31-2019 12:59:34 Wire.java DEBUG [Forwarding findElement on session 8224b39f135dddefa755fa7332753c0d to remote] http.wire 73 - http-outgoing-4 &lt;&lt; &quot;HTTP/1.1 200 OK[\r][\n]&quot;
08-31-2019 12:59:34 Wire.java DEBUG [Forwarding findElement on session 8224b39f135dddefa755fa7332753c0d to remote] http.wire 73 - http-outgoing-4 &lt;&lt; &quot;Content-Length:88[\r][\n]&quot;
08-31-2019 12:59:34 Wire.java DEBUG [Forwarding findElement on session 8224b39f135dddefa755fa7332753c0d to remote] http.wire 73 - http-outgoing-4 &lt;&lt; &quot;Content-Type:application/json; charset=utf-8[\r][\n]&quot;
08-31-2019 12:59:34 Wire.java DEBUG [Forwarding findElement on session 8224b39f135dddefa755fa7332753c0d to remote] http.wire 73 - http-outgoing-4 &lt;&lt; &quot;cache-control:no-cache[\r][\n]&quot;
08-31-2019 12:59:34 Wire.java DEBUG [Forwarding findElement on session 8224b39f135dddefa755fa7332753c0d to remote] http.wire 73 - http-outgoing-4 &lt;&lt; &quot;[\r][\n]&quot;
08-31-2019 12:59:34 Wire.java DEBUG [Forwarding findElement on session 8224b39f135dddefa755fa7332753c0d to remote] http.wire 87 - http-outgoing-4 &lt;&lt; &quot;{&quot;value&quot;:{&quot;element-6066-11e4-a52e-4f735466cecf&quot;:&quot;37227daa-d464-4e36-8da2-71a934d86734&quot;}}&quot;
08-31-2019 12:59:34 LoggingManagedHttpClientConnection.java DEBUG [Forwarding findElement on session 8224b39f135dddefa755fa7332753c0d to remote] http.headers 122 - http-outgoing-4 &lt;&lt; HTTP/1.1 200 OK
08-31-2019 12:59:34 LoggingManagedHttpClientConnection.java DEBUG [Forwarding findElement on session 8224b39f135dddefa755fa7332753c0d to remote] http.headers 125 - http-outgoing-4 &lt;&lt; Content-Length:88
08-31-2019 12:59:34 LoggingManagedHttpClientConnection.java DEBUG [Forwarding findElement on session 8224b39f135dddefa755fa7332753c0d to remote] http.headers 125 - http-outgoing-4 &lt;&lt; Content-Type:application/json; charset=utf-8
08-31-2019 12:59:34 LoggingManagedHttpClientConnection.java DEBUG [Forwarding findElement on session 8224b39f135dddefa755fa7332753c0d to remote] http.headers 125 - http-outgoing-4 &lt;&lt; cache-control:no-cache
08-31-2019 12:59:34 MainClientExec.java DEBUG [Forwarding findElement on session 8224b39f135dddefa755fa7332753c0d to remote] execchain.MainClientExec 285 - Connection can be kept alive indefinitely
08-31-2019 12:59:34 PoolingHttpClientConnectionManager.java DEBUG [Forwarding findElement on session 8224b39f135dddefa755fa7332753c0d to remote] conn.PoolingHttpClientConnectionManager 320 - Connection [id: 4][route: {}-&gt;http://localhost:45030] can be kept alive indefinitely
08-31-2019 12:59:34 PoolingHttpClientConnectionManager.java DEBUG [Forwarding findElement on session 8224b39f135dddefa755fa7332753c0d to remote] conn.PoolingHttpClientConnectionManager 326 - Connection released: [id: 4][route: {}-&gt;http://localhost:45030][total kept alive: 1; route allocated: 1 of 2000; total allocated: 1 of 2000]
Found Element By : By.xpath: //a[contains(text(),&apos;Contacts&apos;)]
08-31-2019 12:59:34 RequestAddCookies.java DEBUG [Forwarding screenshot on session 8224b39f135dddefa755fa7332753c0d to remote] protocol.RequestAddCookies 123 - CookieSpec selected: default
08-31-2019 12:59:34 RequestAuthCache.java DEBUG [Forwarding screenshot on session 8224b39f135dddefa755fa7332753c0d to remote] protocol.RequestAuthCache 77 - Auth cache not set in the context
08-31-2019 12:59:34 PoolingHttpClientConnectionManager.java DEBUG [Forwarding screenshot on session 8224b39f135dddefa755fa7332753c0d to remote] conn.PoolingHttpClientConnectionManager 255 - Connection request: [route: {}-&gt;http://localhost:45030][total kept alive: 1; route allocated: 1 of 2000; total allocated: 1 of 2000]
08-31-2019 12:59:34 PoolingHttpClientConnectionManager.java DEBUG [Forwarding screenshot on session 8224b39f135dddefa755fa7332753c0d to remote] conn.PoolingHttpClientConnectionManager 288 - Connection leased: [id: 4][route: {}-&gt;http://localhost:45030][total kept alive: 0; route allocated: 1 of 2000; total allocated: 1 of 2000]
08-31-2019 12:59:34 MainClientExec.java DEBUG [Forwarding screenshot on session 8224b39f135dddefa755fa7332753c0d to remote] execchain.MainClientExec 208 - Stale connection check
08-31-2019 12:59:34 Wire.java DEBUG [Forwarding screenshot on session 8224b39f135dddefa755fa7332753c0d to remote] http.wire 87 - http-outgoing-4 &lt;&lt; &quot;[read] I/O error: Read timed out&quot;
08-31-2019 12:59:34 LoggingManagedHttpClientConnection.java DEBUG [Forwarding screenshot on session 8224b39f135dddefa755fa7332753c0d to remote] conn.DefaultManagedHttpClientConnection 88 - http-outgoing-4: set socket timeout to 10800000
08-31-2019 12:59:34 MainClientExec.java DEBUG [Forwarding screenshot on session 8224b39f135dddefa755fa7332753c0d to remote] execchain.MainClientExec 256 - Executing request GET /session/8224b39f135dddefa755fa7332753c0d/screenshot HTTP/1.1
08-31-2019 12:59:34 MainClientExec.java DEBUG [Forwarding screenshot on session 8224b39f135dddefa755fa7332753c0d to remote] execchain.MainClientExec 261 - Target auth state: UNCHALLENGED
08-31-2019 12:59:34 MainClientExec.java DEBUG [Forwarding screenshot on session 8224b39f135dddefa755fa7332753c0d to remote] execchain.MainClientExec 267 - Proxy auth state: UNCHALLENGED
08-31-2019 12:59:34 LoggingManagedHttpClientConnection.java DEBUG [Forwarding screenshot on session 8224b39f135dddefa755fa7332753c0d to remote] http.headers 133 - http-outgoing-4 &gt;&gt; GET /session/8224b39f135dddefa755fa7332753c0d/screenshot HTTP/1.1
08-31-2019 12:59:34 LoggingManagedHttpClientConnection.java DEBUG [Forwarding screenshot on session 8224b39f135dddefa755fa7332753c0d to remote] http.headers 136 - http-outgoing-4 &gt;&gt; Cache-Control: no-cache
08-31-2019 12:59:34 LoggingManagedHttpClientConnection.java DEBUG [Forwarding screenshot on session 8224b39f135dddefa755fa7332753c0d to remote] http.headers 136 - http-outgoing-4 &gt;&gt; Host: localhost:45030
08-31-2019 12:59:34 LoggingManagedHttpClientConnection.java DEBUG [Forwarding screenshot on session 8224b39f135dddefa755fa7332753c0d to remote] http.headers 136 - http-outgoing-4 &gt;&gt; Connection: Keep-Alive
08-31-2019 12:59:34 LoggingManagedHttpClientConnection.java DEBUG [Forwarding screenshot on session 8224b39f135dddefa755fa7332753c0d to remote] http.headers 136 - http-outgoing-4 &gt;&gt; User-Agent: Apache-HttpClient/4.5.3 (Java/1.8.0_221)
08-31-2019 12:59:34 LoggingManagedHttpClientConnection.java DEBUG [Forwarding screenshot on session 8224b39f135dddefa755fa7332753c0d to remote] http.headers 136 - http-outgoing-4 &gt;&gt; Accept-Encoding: gzip,deflate
08-31-2019 12:59:34 Wire.java DEBUG [Forwarding screenshot on session 8224b39f135dddefa755fa7332753c0d to remote] http.wire 73 - http-outgoing-4 &gt;&gt; &quot;GET /session/8224b39f135dddefa755fa7332753c0d/screenshot HTTP/1.1[\r][\n]&quot;
08-31-2019 12:59:34 Wire.java DEBUG [Forwarding screenshot on session 8224b39f135dddefa755fa7332753c0d to remote] http.wire 73 - http-outgoing-4 &gt;&gt; &quot;Cache-Control: no-cache[\r][\n]&quot;
08-31-2019 12:59:34 Wire.java DEBUG [Forwarding screenshot on session 8224b39f135dddefa755fa7332753c0d to remote] http.wire 73 - http-outgoing-4 &gt;&gt; &quot;Host: localhost:45030[\r][\n]&quot;
08-31-2019 12:59:34 Wire.java DEBUG [Forwarding screenshot on session 8224b39f135dddefa755fa7332753c0d to remote] http.wire 73 - http-outgoing-4 &gt;&gt; &quot;Connection: Keep-Alive[\r][\n]&quot;
08-31-2019 12:59:34 Wire.java DEBUG [Forwarding screenshot on session 8224b39f135dddefa755fa7332753c0d to remote] http.wire 73 - http-outgoing-4 &gt;&gt; &quot;User-Agent: Apache-HttpClient/4.5.3 (Java/1.8.0_221)[\r][\n]&quot;
08-31-2019 12:59:34 Wire.java DEBUG [Forwarding screenshot on session 8224b39f135dddefa755fa7332753c0d to remote] http.wire 73 - http-outgoing-4 &gt;&gt; &quot;Accept-Encoding: gzip,deflate[\r][\n]&quot;
08-31-2019 12:59:34 Wire.java DEBUG [Forwarding screenshot on session 8224b39f135dddefa755fa7332753c0d to remote] http.wire 73 - http-outgoing-4 &gt;&gt; &quot;[\r][\n]&quot;
08-31-2019 12:59:36 Wire.java DEBUG [Forwarding screenshot on session 8224b39f135dddefa755fa7332753c0d to remote] http.wire 73 - http-outgoing-4 &lt;&lt; &quot;HTTP/1.1 200 OK[\r][\n]&quot;
08-31-2019 12:59:36 Wire.java DEBUG [Forwarding screenshot on session 8224b39f135dddefa755fa7332753c0d to remote] http.wire 73 - http-outgoing-4 &lt;&lt; &quot;Content-Length:442800[\r][\n]&quot;
08-31-2019 12:59:36 Wire.java DEBUG [Forwarding screenshot on session 8224b39f135dddefa755fa7332753c0d to remote] http.wire 73 - http-outgoing-4 &lt;&lt; &quot;Content-Type:application/json; charset=utf-8[\r][\n]&quot;
08-31-2019 12:59:36 Wire.java DEBUG [Forwarding screenshot on session 8224b39f135dddefa755fa7332753c0d to remote] http.wire 73 - http-outgoing-4 &lt;&lt; &quot;cache-control:no-cache[\r][\n]&quot;
08-31-2019 12:59:36 Wire.java DEBUG [Forwarding screenshot on session 8224b39f135dddefa755fa7332753c0d to remote] http.wire 73 - http-outgoing-4 &lt;&lt; &quot;[\r][\n]&quot;
08-31-2019 12:59:36 Wire.java DEBUG [Forwarding screenshot on session 8224b39f135dddefa755fa7332753c0d to remote] http.wire 87 - http-outgoing-4 &lt;&lt; &quot;{&quot;value&quot;:&quot;iVBORw0KGgoAAAANSUhEUgAACrAAAAXsCAYAAABkbFvxAAAAAXNSR0IArs4c6QAAIABJREFUeJzs3Xd0HNedJ/pvdQ7IGSACAZIgGECCOZMQxSBSEpUoyZbDjMeeN34e22/ejt/x7szOHJ89nh3P7o7Hx561R07jsdayAq1MWhJzDmACQYAAkXNO3ejcXfX+aHahGt2NnER+P+foHHT3rapb91ZTB4Vv/a7w1ltvSfn5+VAqKiqCy9IOIiIiIiIiIiIiIiIiIiIiIiIiIiJ6eDgl01x3AQCgmusOEBERERERERERERERERERERERERHRo4UBViIiIiIiIiIiIiIiIiIiIiIiIiIimlUMsBIRERERERERERERERERERERERER0axigJWIiIiIiIiIiIiIiIiIiIiIiIiIiGaVZq47QERERERERERERERERERERERERDOvvLIGH318GqIoAgBioqPwhZcOIS42eo57FkwURdQ3tuDWnXtoa++E3eGEJEkQBAFmswl5OZnYumkt4uNiIu7j6CdncKe8CgCwYW0h9hRvnZa+WYdsuH7rLqprGzFoscDr9UEQBJhMRixfughbN62FyWgI2a6lrROnzl5Gd08f3B6PvM2qFUuxdeMa6HTaKZ+LKIq4WVqBazfuwGIdgiRJ0Gm1yMpMw/bN65GRnjKlc5+OeRnpzXeOoa6hedQ2eQuz8PLzB4PeC4xnZ3cPvF4fVCoVEuJjsWndKqxcng+Vany1PefTtdba3om33jkGp8sNANDrdHjpuQPIXJAW0ra0rBLHjp+VX6ckJ+KVF5+G0aCX33O7PXj9yIdo7+iW3zu4dxdWFxZMqn8zgQFWIiIiIiIiIiIiIiIiIiIiIiKiR0BVdb0cXgX8Ycz7NfXYuG7VHPYq1KBlCEc/OQOb3RH0viRJGBqy4U55FaprG/Hic09gQXpqUBu3x4PSskpUVdfPSN+uXi9Fyc2ykH7ZbHaU3CxDXUMzXnz2QFDg8WZpOU6evQyv1xeyzeVrt9DQ1IKXnj0Ak8k46XOx2x1496PjaGppD9lHbX0zmlrase+xbVi1cvLhxanMy3Q6e/EarpSUBl3Loiiip7cfx46fQ0NzGw7u3QWNRj3mvubTtVZT1yiHVwHA5XajrOJ+2ADrSD29/aipa0Th8nz5vaaWNnT39E9L32YKA6xEREREREREREREREREREREREQPub7+QbS0dQS9J0kS7tc2YF3RCqjVY4f9ZltUlBnbN69F4fKlUKkE3L1XjROnL8HldsPhdOJeVW1QqHA81Tyng0qlwtrVy7Ft01oYDPqgfvX2DeDG7btyFc5BixVXSkrlSq1rVy/H7p1b0NreifePnoDN7kBHZw9u3C7Hjq3rJ30uZy+WyOHV6Ggznn9qH5IS4/H+sZOoqWuEx+PFhSs3kZO9ALExU6u4O9F5Ga/xVC+tqWvEtRtlEEURKpUKj+3YhPVrVuLG7XKcOncFoijiXlUtFi3MwoplS2bsnKb7WnM4Xaipawp5v6mlDTabHWazadTtRVHE3Yr7WL50EdRqNXw+H27duQev1zttfZwJDLASERERERERERERERERERERERE95GrqGmF/UGVSo1FDFCWIooiurl60d3SHVHlUBvSUwcL+AQtee+M92OwOaLUavHBoP3JzMgEML2F/9XoprEM2CIKAhPhY6LRatHV0AQi/HHw42VkZ2LNrK6KihoN7SxYtRMnNMnR19059QCZJp9PiwJ4dQZVMV61YiorKGtQ3tgAAevsG5M/qG1tgsQ4BAEwmI9avKYRGo0ZOVgYW5WbjTnkVJElCXWMzNm1YDZ1WO+E+WaxD8rEBoHB5PjLSUwAAu7ZtQGtbJxxOp9yuqHDZpM4dmNy8KK+l8c5/JGUV9+VQZmpKIooKl8mB4qqaejS3tEMURZRXVssBVuU1CwAH9+7C6sLh+ZsP11prWwf6+gcBBH8/BwatqGtsCaqsGnEf7Z1oamlHbk4m2ju60TyiGu98xAArERERERERERERERERERERERHRQ8zn8+F+bQMkSQIArF65DPWNzejrH4TL7UZtQ9O4likfy6lzV3D91l35OJIkoad34kuYx8fF4Nkn9wS9J4oiqmsbMDhoBQDodToszssJahMIRjqcLrz+9oczEj7cuXXDhNp3dffK42E2GWE0GuTPMjPScKe8CgAwOGiFzeaALs4fYJ3Iufh8YlClzbiYGPnn6OgoREeb4XA6IUnSlMZksvMyXiU3y1ByswwAYDTokbcwCzu2bkB83PD5uN0e+WejwQCdzj9earUaaSlJcmjTYrXB4XTCaDBgNPPlWquqrpfnMG9hFhxOlxzGra5tHDXAatDr4POJ8Hi8uHXnHnJzMlFWcR8utzsoDDsfMcBKRERERERERERERERERERERET0EGvv6EZXlz9gZ9DrsGLZYvh8PrniY1V1AzasKYTJZJz0MWrqGnHrzj1IkgRBEFCQn4cnHt8BnU6LT05ewO2ye5Pab2lZJY4dPyu/FgQBiQnxOLhvFzIzJr5M/Uzo7esPCuomJsTJP/cPWOSfzSYjjAa9/Fqj1UClUkEURXi8XlisQ0FhzclyulwRP1P2Zypmel4cThfKK2vQ2NyGw888gfS05JA2Hq8XPp8ParU65DO73QGn0z1mgFVprq61gUErGppaAQAqlQoF+Ytgs9nR0toBSZLQ3NKGru5epCQnht0+OjoKUWYT6htb0NzShsr7daitbwIALMtfhLqGZrn67HzDACsREREREREREdFnjNjXB8v3/hZiTw8AQJWUhJjv/QNUCQlz3DMiIiIiIiIiIpqPKqvr4HK7AQDJyYlIS0mCY5ETd+9Vw+v1YtBiRVtH16QrZwJAXUOzXEEyOsqM4u2bYHgQ1tRqpy+mJkkS+gcGcf1WGZIS4uRjzBWv14fT56/BOmQDABiNBqyMUC1TEISg1yajAWq1P8AqSZOvkmk2GxEbGy2HFK/dLENaShJyshfA5XLD5xver0qlmtQxxjLavASqlYYz8jOH04XSsnu4cOUGPB4vhmx2nLlwFS89dwBqtRoZ6Smoa2gGALS2deJyyW1sXl8EILg6q6BSyeMdHxeDb3/9y9N6TtOpoalFvn7iYqOxMCsDNrsDRoMedocTDqcLDU2tEQOsgiBg5bIlaG7tgN3hxPHTFzFks8NkNGDpklx5vOYjBliJiIiIiIiIiGjWeGuqYf3B9yHZ7QAiBy8Z0CQiIiIiIiIiIpoedrsDdQ0t8usleTn+IGBaCmJjotHb1w+v14uyivtTCrAqK3smJsQhLjZ6Sv0OWF1YgNWFBQCAlrZOvHf0OKxWG+5V1QJAyPLvs+3MhauoqWsE4A+H7tiyHmkpSWHbSpIU9NrucMrhUkEQJh0u1Wm12L55Pd4/egIutxtDQza8fuSjsG2no8IrMHPzYjTosXlDEXr7BnCnvAqA/9qy2R2IiY7CutUrUF3biM6uHoiiiPOXruP8pesh+zEZDdDrdfPinEbj8/lwr6pWvjYyM9JgNptgMOiRkpyIhqZWSJKEe/drUbRqGXRabdj9ZGWmIzkpHu0d3Riy2R+8l4HEhPhp7/N0YoCVpuzEmUsouVkGAMhbmDVqYv6z6s13jslJ9JTkRLzy4tMwGvSob2zBHz74BB6PF2aTEV/63LPT9o88ERERERERERHRo2LoJ/8C9+VL8uuov/pr6DZunsMeERERERERET08Wto6MDA4HC49de4KTp27EtKurb0LA4PWaQmejqw0Ol0yM1JRsCRPzir19g3A4XTBOAdVWEVRxMmzl3HjdjkkSYIgCFhXtALrilYEtUtMiJNzRza7I6i/Xo9Xrrqq1WgQEx016f4sys3Cs0/twenzV9HT2w9RFGEyGpC/2F+B02IdgkqlQnpayqSPEclMzIsyfOoTRYiiP+BpMhlx+Jn9OHHmMuobmuH2eKDRqJGbnQmP14uGplYAQEJ87JSOP1vXWm/fADq7euXXd8qr5OBuULveAXR19SJzQVrY/eh0OixfuhgdnT2QJAkajQarVuTP2HdxukxrgFUZ5tNqNXjh0H7k5mTKn/cPWPDaG+/JpYo3rC3EnuKt09mFWVVaVoljx88CQEh40ev14b2jJ1Bd2wAA0Ot0eObJPViUmzVn/aXIHoUQLhERERERERERERERERERERE9eu7eq4HP5xuznXXIhoamFhQVLgv5zOVyj7l9lNkUtC+H0wmjwTCxzj5w+vxVAMCubRtCqpKOpy&quot;
08-31-2019 12:59:36 LoggingManagedHttpClientConnection.java DEBUG [Forwarding screenshot on session 8224b39f135dddefa755fa7332753c0d to remote] http.headers 122 - http-outgoing-4 &lt;&lt; HTTP/1.1 200 OK
08-31-2019 12:59:36 LoggingManagedHttpClientConnection.java DEBUG [Forwarding screenshot on session 8224b39f135dddefa755fa7332753c0d to remote] http.headers 125 - http-outgoing-4 &lt;&lt; Content-Length:442800
08-31-2019 12:59:36 LoggingManagedHttpClientConnection.java DEBUG [Forwarding screenshot on session 8224b39f135dddefa755fa7332753c0d to remote] http.headers 125 - http-outgoing-4 &lt;&lt; Content-Type:application/json; charset=utf-8
08-31-2019 12:59:36 LoggingManagedHttpClientConnection.java DEBUG [Forwarding screenshot on session 8224b39f135dddefa755fa7332753c0d to remote] http.headers 125 - http-outgoing-4 &lt;&lt; cache-control:no-cache
08-31-2019 12:59:36 MainClientExec.java DEBUG [Forwarding screenshot on session 8224b39f135dddefa755fa7332753c0d to remote] execchain.MainClientExec 285 - Connection can be kept alive indefinitely
08-31-2019 12:59:36 Wire.java DEBUG [Forwarding screenshot on session 8224b39f135dddefa755fa7332753c0d to remote] http.wire 87 - http-outgoing-4 &lt;&lt; &quot;8zze324I8nzsmVM1UqFXZuXY8tG9eEtE1KjIcgCJAkCVarDVbrkByCbGnrkNvFxkbDbDZOqV95C7OQtzA4n3bjdrkciIyPi0Vu9oJJ73+656WhqRVl5VXY//gO6HTBlUUdTpf8c0y0GSaTQfE6Cs8/vTeofXdPH9589xgAQKPRoHB5/rj6MNfX2r37tXA4nWO2c7ndqKyuixhgBYD8xbkouVkGi3UIyUnxyM7MkLOa0+2DDz4AABw6dGhK+2EF1hkysjT0ru0bGV79DGOglYiIiIiIHlbKhzMj4YoTn33KeVauLEJEREREREREREQPt4FBK9o7ugD4q6Lu3rkZG9etkj93OF14/e0P0dXd61+mvKoWhcvzoVargwKpLW0d6B+wIDrKjKaWNrg9npBjZWdl4O69aoiiiN6+AdwsrcCWDUWw2R3o7O4NaT8an8+H67fuoqGpFbt3bEJWZjpEUUJFZTWqquvldhlpKVO613m/ph7vHT0Jn88Hk9GAzx9+CinJiaNuMzRkx3tHT6C5tR2AvyLo/t3bUZCfF7Z9bk4mYqKjMGixwuF0ouRmGfY+tg3tnd2orW8C4J+bvJysiMvDT4bd7sDNOxW4UnIboihCpVJhXdEKmEzDIdmJnv9k50W5+rWyuKAkSaiqqUd7Rzf2P74dWZnp8Pp8uHq9FBWVNfLYLMtfFHFsvF4f6hqacercFVitNgD+MV+YHbnw5sG9u7C6sGBK5zQd3G4P6htb5NdFhctwYO/OoDZvvXsMtfX+satraIHd7giaQ6W42Gj85Z9/Iei9mQiwBsKrgZ+nEmJlgHUG3LhdPmZpaCIiIiIiIiIimjz3tSsY+tE/y6+Nzx+GOmMBnEc/hLelGfB4IJjM0G3dBtPnvgDBZArZh2S3w/nJMbhOHofY1weoVFCnp0Nf/DhcF8/D1+C/OalKSkLM9/4BqoQEAMFLnQsmE6L/83+FoNPB/rvfwlN5D6rYWLm9r6EeztMn4a28B7G3F5LdfwMVggBVTAw0+UthePJpaJYsBcIs5SS5XHAd/wTOTz+G2NsDAFCnpkG3bTsQ5o8EYc/x+MdwXzgPX1enfxuVCqqkZOh3FcOw/2DYsQndkQTbL1+F6/RJ+S3Tl78CwxPBD/26zp2B7dWfApJ/OS/9Y4/D/LW/kM9ttP7oNmyE4cBT8jjLh3Y4YP2n/w7v/UoAofMBjL78fMi1cvhlGJ44CMeRN+G6cB7SkHXcy9V77pbBfeEcvPerIPb3QXI9qAKhUkGVkADtipUwPHkI6swID7J7vXDfvA7X8U/gra+XrwfBZIYmNxf64sehXb8Bgl4/pW0mM87emmpYf/B9SHY7AEC3ZSuivvX/yp+LfX2wfO9vIfb0hJ2HcOOsL94N5wfvwnXpIqQhKwS9HtpVRTB96U+gSkoOe9wA5b40+QWI/u7fQDBOrQIJERERERER0aPofk09rEP++wlGgx4LR1TfNBr0WJyXja4HAdOOzm50dPVgQXoqlhcsxr37tfB4vOjrH8S//fr3APzF/KQH93+Uli7ORWlZJZpb2yGKIs5dLMG5iyWT7rskSejo7MbrRz4K+3l6WjJ2bdsQ9J4yKKlUcrNMXp1ZGV5sammXq9PmZC8YM7zqcrlx5IOP0d7RLb9ntzvw7kfHQ9oGjhMbE43NG1bj5NnL8Hp9YZeIT0tNCsmXTfRcRoY0lTQaNXZsWR9yjImePzC5eRlLb/9A2P0JgoDlBYuxdvX4xkYQBOQtzMRT+4uh0ajHffzZuNbCaWppQ3dPPwB/1dgli3JC2ixbuhj1ja0QRRH9A4Oob2rFioLF4z636aYMryrfm2yIdV4FWGvrm3Dxyk109/TJKX2dVovExDisX1OIlcuWyG3b2rtw4cp1NLd0wO3xQBAEREeZsa5oBdavKZQvQOUXU6vV4NCBx9HW0YVbdyrg8/nwwqH9yM3JDFpCfiqVSBqaWnH2wjWIoggAWJyXg+Ltm4La3CmvwvVbdzFoscLlcstBV6NBj7zcbDy+awtMxuGSx8qLff2alcjOTMfZCyXoGxjE+jUrsad465T3mZmRhtPnr8JiHYIgCMjJysBT+x9DVFTwHzCqqutw9uJ19PUPAAAS4uOg142e/A/Ma2d3D7xeHwRBQEJ8HLZsLApbqnm87ZVzlpWZjsyMNJSW3YPd4YRKpULWgjQc3LcLcbGRKwQpnyIJqGtoxj/+8FUAw4l/5bGUTwGM1Nc/iJNnLqG+qQU+n4iY6Cg8tmMTli1dNOoYERERERERzQestEqfZY733wVGLIMm2W1wnfgU3nvliP7//gtUKanyZ2JXJ6z/+H34OoeX6IIowtfaCvvvfjv+A0sSnB99APetG2EDpe6bN+A6/knY7cTBQbhLrsF9vQTGwy/B+OwLQSFWsacH1h/+DzlIG+DraIfjD2+P2TXPnduw/fRfIVoGgz8QRYhdnXC8/SZcZ04j+jvfhTore/SdCQJ069bDde6MPM6eGyXQP/b4cHDS54PnxnU5vCro9dDv2CWf01j9cR79EK4Tn8L8tb+Abuv2sIHe6eCtrcbgd/8TxN6JVf0AANfpE0FBWZkoQuzpgevsGbguXUTUX3zDfw4KvuYmDP3of8HX3h6yuWS3wVN+F57yu0Fh2slsM1/G2XPzOpzHPgwKpkouF9wlV+FraUL0f/l7qJKSZuTYREREREREROTn8/lQW98kh03T05LDBhQXLczGjVvlcLndcLrcqKlrxIL0VOTmZGLf7u04e7EEQ0M2aDRqLFm0EBvXrsKR9z8OCUrqdFocfmY/Tpy5hPs1DXC53fI2GrUaZRX3x933TetXw2g0oPxeDazWITlLplKpEB8Xg3VFK7Fm1bKQJd8nOj4dXf6HdfU6HdYXrRxzG1GS4POJEz7W2tUrkJKchFNnLwdlokwmI1atWIqtG9dAN0YGaywqlQCNZjgOKAgCzGYT8nIysXXT2pB7/5M5/+melwXpqdixdQNKyyqD9qfRqJGanIRtm9diUW7ovUutVgtBEORrW6/XIS01GZvWrQrbfjbPaSKqaxvh9XoBAAnxsViQkRbSJmtBOqLMJlisQxBFEVXV9XMWYA0XXlV+NpkQ67wJsJ46exnXbpaFpPPdHg/aO7pRfq9aDrDeLC2XE+kBkiTBYh3C6fNX0dLWiWef3BOSovb5RBz95DScLjcAQKud3tO3Oxw4de4KXG7//lNTknBw786QfnR196LzwZdf2X+7w4m7FffR3NKOL7z0NGJjokOOcfdetVzddbr2eetORdA+JUlCfWML3v/jSbz83EG5/+HmqLevf9QxCbeNJEno7evH0U/OoLOrB3uKt066fUBzSzuaW4Zv5IuiiMbmNrz+9kcRz3u62R1OHHn/Yzm8DACDFis++OMpiKKIFYoANhERERER0WfVeB6yBPy/I126ehMVVbWw2x2QJAl6nQ6L87JRvGMTYqKjgvY70fbhTPThTsC/PM/N0nLculMBi9UmL6MUE23GuqKVWFe0Amr18EOy5y+VoL6xBQ6nC5IkQafVIjkpAbu2b0ROVoa8z0vXbuFOeZV8LjqtFlmZadi+eT0y0lPk49c3tuAPH3wCj8cbEiCO9DDlyG0OP/MErt28g+raBni9/mWeindswuqVBSFzBvjvIfzop78BML6HeCMt7TSyj1N5IHhajAivBn3U2grHRx/A/JWvAYIAyeGA7ec/Cw6vTpLkcMB97coUdyLBefRDaAtXQ7PYf/9Acrlg++WrIeHV8fLer8LQv/4Y0pB11HZidxfs//FrRP31d8esbqkpWAZNzkJ462r9x6ivg6+5Se6zr7sL3urhP0JoFi+BOte/bJqvsSF8qHIEyeWC7d9/CVVyMjT5kSsTTIXn1s0Z2e/wATywv/E6NEuXQZXo/4OQ2NWJoR/+zwldc5PZZj6Nc+A6CcfX3g7XuTMwPn94Ro5NRERERERERH5qtRqfP/zUmO0yF6ThP33zK2E/W7ViKVatWBry/re//uWw7Q0GPZ564rGQ999695j8c5R57BWBoqPM2LZpLbZtWjtmW6VIRenCGbQMoa/ffx8lPS0Z6WnJY25jNOjx1S9N7p5GZkYqvv&quot;
08-31-2019 12:59:36 Wire.java DEBUG [Forwarding screenshot on session 8224b39f135dddefa755fa7332753c0d to remote] http.wire 87 - http-outgoing-4 &lt;&lt; &quot;z5Z8fdfiLnAgCxMdH4xtdeGXf7yZz/dM+LTqfFpnWrsGndqgnt7/mn906ofXxcTMRrdjautUgO7N2JA3t3jtomLjYaf/nnXwh5f3VhwajVXQNGO/eJGC28qmwz0RDrvAiw9vUP4m5ljRxa3L55HbZsXAONRo3unj5cv3UXDqd/Oa6Wtg6cvVgCr9cHo9GAJ/cXY0leDhqb2/D+0ROw2R2ob2xBQ1MLFucFl9QVBAHbt6zH6sIC6LRTS6yP5BNFHD99UQ6RRkeb8fQTj8FkCr3xrxIE5OZkYtumtViQkQpRlFBRWY0TZy7D5XZj0GJFbX1TSOljAMjOzMC+x7YhOto8bfvMSEvFgb07kJgQj2s37uD0+asQRRFdXT3o7PaXBG9p60BpeZX8x7+C/Dw88fgO6HRafHLyAm6X3QvZb/m9apTcugtJkhAfF4Nnn9yDtNRklFXcxycnz8Pj8aL8XjVWrViKlOTECbdXSkyIx7NPPo6U5ETcrbiPT09dlM/7TnkVdmxZH3beAv9TGW+F1dFoNGrse2wbVi7Ph3XIhrff+xjdPX0QRRHXb9/FksULp/26IyIiIiIimkuRHrLs7unD2+99jEFLcHDO5XajvLIGTa3tePm5g0hOSphU+0gm+nBnpOOKooiBQSvKKu6jcMVSGNXqsA/TAv4Hb1vbO1Fd24CcrAz09g/gyHsfyzf9lO1q65vR2NyGx3dtCfv7+WTYHU689ub7QQ9T2h1OfHrqIgx6PZYuyZ2W43wWaNesg/nLX4EqJQWSww7bv/8K7ovn5c+9FeUQrRaoYmLhuVMKz72K4Y1VKhieOgTjoWchmMzwtTTD+oPvQ+zrG/O4gk4H48uvQL9tB4SYMNWL1Spoli2HYd8T0K4q8odEJQlifx/sr/0G7qv+8Ktkt8PX0iyHQb33KuApL4vcx/Z2WP/he+H76PPBefTD4fCqVgvjoWdhePJpCHqDv6rnv/wvORjpramGt74W2uWjV1gQTGbotmyTg4mS3Q53yTW5z57btyAOPHjYWRCg27HLX51VkuD89OOgUKV6YS6ivvn/QJ2xAL7ODth++hM5/CrZ7XC89y6i/uqvIeh0o0/AJOi2bIXx8OegTk0FJlg1QdBooVu/Efr9B6BZku/vnyjC194G289/NnwOlkH4OtvlAKvz2EdBQVTBZILplS9Bt30nBJ0Okt0G9/USON45IreZ8DbzbJy1y1fA9MU/gTo7B5LbBduvfhH0nfQ1NwKSBM3iJYj/5X9g6Cf/ElTdVllVloiIiIiIiIg+O956949Qq1XYuXUDkpMS4PX6cP32XTQ9KEynUqkmXCFzpvT09sHpdEGj0WDD2kK5mMGj4lE/fxq/8YRXlW0nEmKdFwFW65ANHsUSa3WNzUhIiEP2gnQkJyUEpYzv1zTA+SDMuiQvB0sehFRzsjKQlZmOyvt18Hq9aGhqDQmwqlQCkhLjw4YI9xRvDVvZc7ycThfaO7rl1yajEeYw4VUA2L1ry4h+AatWFqCiqhb1jS0AEPKHroDYmKiQ8OpU95mWmoTEhHgAwKK8bFy+dgt2hxM+UYTb7Z+Xyvt18rhHR5lRvH0TDA8qqkSqZFtRVSv/AW3NquVIS/Wn9JcuycXN0nK0tXfB7nCivaMbKcmJE24/clwC7y1bugi371bKFVlb2zrD9m+6+avpZEClUiE2JhqFy/Nx6pz/j1ADAxZYh2xIjI+blb4QERERERFNhs3uwL/9+vch70d60C/cQ5Zutwd/PH4OgxYrVCoV1q9ZiV3bNsLt8eDdj46jqbkNVqsN12/dxYG9OyfcfjQTebhTeVwAiIoy49ATjyEnewGcThdulJbLVUeVD9MCQG5OJp7cX4zoKDN6+/px5sI1qB4swX3+0nX59+/EhHi8cGgfYmOicercZdwsrYDX68Olq7eQk5Uh/y4+FRqNGru2bcSaVcvhdLrwxjtH0d3TB6/Xi4qqGixdkouXnz+I0rJKHDt+FsA8qJQ6QzSLFkOVmgrAH7Q0vvAivOV35UClONAPsavLH2AtK5WXuQcA3Zp1MB1+GXiwvJZgMo8/2KjR+IOM4cKrAIzPPA/jk4fgqbgL+xu/g7fyHiSbDaLVAijuhwEICqN67t4Jqiob0ke9PmIfR1ZC1eYvheGpZ/zbAFBn58DwzHOw/fxnAADJ7YavqWnMACsAaFethvBhDCSLxd/PslJITz8DaLXw3CiR26nT0qBdtdp/XlYLvFWVwztRq2E6/BLUGQv8L1PTYPrSn8L6g+/Ly837mhohWSwQZmCJefWCLKjT0ye1rfn//iYkpwOeO6Ww//oX8N6vguRyQhwcBBRBcsnthjQ05P95aAie+1XDOxEEmL74J9AX7x5+y2SGfmcx9DuLJ72NaBmcV+OsWb4S6oX+EL1gMEL/2G54Sq5CerB6ldg/AMnpHLPyLxERERERERF9tkiShPs1Dbhf0xDymSAIWJyXHZLpmistbZ3w+XxIT0tGdmbGXHdn1j3q50/jM5HwqnKb8YZY50WANT01GcmJCWht9wcN29q78EH7SQD+1H3ewkzsfWwb4mJj0N0zfCP/TnkV7pRXhd1nb9/AzHd8BOHBH6skSUJnVw+OHT+HZ5/cA40mNJ1e39iC0rJKtLZ3wu2g9UFbAAAgAElEQVTxyEsbTsV07FMlqOTzUFKOZ2JCHOJio0fdj8PpgsU6JL8+de6KHOYcqbu3b8LtR6NWq5GSlCAHWG12BxxO16z/YS4+LgZqtRo+nw8erxcWyxADrERERERE9FAJ95Ble2e3/HtbXGw0Nq9fDY1GDY1GjaLCZWhp7YAoimjr6ILD6UJXd++E2o/2u91EHu5sbe9EV0/vg3YqFG/fiJxsf8jLYNAHLRekfKgzJjoKT+zZiego/3n7Q6r75X0HqggAwOqVS5GY4P89cP2aQlRW18Nms8M6ZENNXdO0BFh1Wi0W5+VAo1EjKsqE7Mx0+d5J4KHUqRptlZKpPhA8k1SxcVClpMoBVsnhgDg48OBne1BbzYqVcjB0urlvlMD26k/lMON4if3B9z8m0kdpaAiS2yW/9pTfRf9Xvjj6Nnb7qJ8HqDMWQLt0GdwlVwEAvuYmeO9XQoiJhbe+Tm6nXb8JqrgH17jXF9QfVXQMVA9ClfJ7CYkQTCa5H5LTAXGgH6oZCFZOmiTB+cejcLz9BiSXa+z2gc3c7uFquACE6GhoFi2e9m3m+zgLOr3/Gn4QYCUiIiIiIiKih1N6ajJ6evthdzjkogAajRrxcbHYuLYQK5fnQzXBVXFmgs/nQ1tHF1QqFdYVrYRO92itqvyonz+Nz2TCq8ptxxNindMAa+AfI51Oi0MHd+PYp2fR/OAPUwGiKKKmrglDNgc+98KTc9XVMWm1Gjzx+A60d3bj+q27AICaukZcvnYLO7YOL1/v9frw/rETqK5tnHJgdSb3OZpwAdf5xmZ3yD8LgiBXwplNHq9Png9BEObF/3yJiIiIiIhGYzYZ8aXPPYv4uPCVJMdjYMAiByf7+gfx41dfC9vOZrPD6XRNuP1YDyeO9+FOi2UIHo8XAGDQ65CRnhJxn+N9qHPQYoX7QTBLq9UErR5iNBpgNhlhs/lDY9Yh26jnMVkP0++ekm1IrtQ4uR1IQRUxBa02YqVHwWCY/HFG4WtsgP0Xr8rhVVViIozPHYZ2ZSGE6Bh/GPLIm+Pa10z1ccLUauh3FcN987q/QqzPB/eN6xCiouRQpBAVDf3WbXPc0ennKb0F+5uvy5Vz1VnZML7wIjR5iyHExMD26v+G+/KlOe4lEREREREREdHc2rltA3Zu2zDX3RiTWq3GF18a/zLnD5tH/fxpfMZbRXUqpjXAGhsTDZ1OB4/HC4/Hi67uXuTmZMqfezweiOJwoC8pcbjSSFxsDF558Wl4vT4MDFrQ0NSKO3cr0dntr4bS1z+Aru5eJCbEyUv4LV2Sh+ef3judpzBpOq0WCzLSkLcwC82tHejs6oEkSSi5WYaM9FQsys0CAFTV1KOmrgmSJEGj0WD75nVYXrAI0VFmvP3ex/K5TcRM7HOkKLNJ/tk6ZIPD6YRxlD+cGA16REeZ0PVg/rZuWoNd2zaOeoyJto&quot;
08-31-2019 12:59:36 Wire.java DEBUG [Forwarding screenshot on session 8224b39f135dddefa755fa7332753c0d to remote] http.wire 87 - http-outgoing-4 &lt;&lt; &quot;/E7fbIS0AC/kqoer1uUvuaip7ePjmMbTQYpvQHYCIiIiIiIhrdbD/cSZMnREVB0OmHK0BaLPC1NEOVkBDUzltfB8mqqECp0wNhVrmJROzugq9juCIuDAaooh/8bq4OviXma5n6vZNw3LdvQbQMyq+NL7wUtAT8qKbQR0GvD6rWqslbhOi/+TsIJvMoW42fJr8A6qxs+BrqAQDuq5ch6IbvvWiXLYc6M0uxgdo/fw+IVgvEtlao09Ll9ySrBZJzuHqoYDAOV3AdIVBNd+Q1M9Ncly7K4VVBp4PpT74C7fKVY2844vwlqxXe2hqos7JndJupjrPYPwDJ6Zw/4WkiIiIiIiIiIiJ66ExzgDUK6anJqKlrBACU3CrDgow0ZGakwjpkw6lzV+BwOgH4l9zLycoA4K+OcvrcFaxaWYCli3ORlBiPhPhYOJ0uOcCq1WoRHWVGQX4eyiruw+l0obq2AWcuXMXGtatgMhnh9frQ0NSKyyW3sCAtJWTpwNGcOHMJJTfLAAApyYl45cWnJ7XkvMlkxK5tG/H+0RNwud1wud3444mzePm5g0hOSoDX45VDjQaDHrk5CxAbE42BQSvsDueEjwdgRvY50sKcTNy9Vw1RFNHbN4Cy8vtYv2YlbHaHPEcjrShYgvrGVoiiiBu3ymEyGrG6sAA6rRZujwdV1fW4fO02Nq9fhVUrCybcXsknihBFEaIo4drNO+js8vdJo9Fg+dIxllcDggKuXT196OjsRlpq8oTGSJIk+Hz+0uc1dU24XVYpf5aRnoKY6KgJ7Y+IiIiIiOizKCYmClqtBh6PFzHRUfjCS4ciViwFgIFBy4TaRzLRhzuV/XS63Ghr70JifFzYfSsfpu3tG8DAoDVsH0c+2Ns/MCg/2OtwOINWC4mOCg0SiqIEz4Nw3MNMlZAIdVYWxIF+AP6l0u2/+y3MUd+AZmEuAMBz5zYcb7/hr6L6gGZpwXAANRyPR27va26C7ZevBi3BrsnKhiolFQCgXb4C7gvn5M9c585Cs2w5dGvWAaIIb221HLCdkgf3CeQult+FbvMWCHoDfB3t8Fbei7jpVPqoSkmFJisbnnL/KkHe+joM/eRHML70eWiysv3hVlGE2NcL9/USOD8+BtMrX4Ru4+ZxnZYQFQVt4Wo5wCrZ7cN9eVChFerhsLEqOgaapQXwtbXK42I/8hai0tKhzlgAsa8Xtv/4ddB8qbNzIMQ8mG9BABTVhSWbDZ5rV/3nolLBW1UJX2PjuPo+JT7vcB88HnjLy6HNL/D3oaE+Yh9Czl+SYH/9/wBqDXSbNkPQ6SA5HPDcvgn7m7/3z8WGTVPfZqLjrFb7xzpwuk0N8NZUQ7tiJSSXE+6Sq0Gh8mk3IrTtuVsG7eo1/kA2ERERERERERERPZSmNcCqVquxe9dm9PUPoK9/EFarDa+98V5IO71Oh13bNyI2ZviPPX0Dgzh++iKOn74Y0l4QBKwsWIyE+FgkxMdi17YNOHn2MrxeHy5fu43L126HbJM+wfDhdFqUm4UNawtx8epNSJIEq9WG0+ev4Pmn9yMzMw0x0VGwWIcwNGTDv//unSkfbyb2OdLSxbm4l1uL6toGiKKIk2cv4+TZy6Nus2LZEnR29eDazTK43G6cOHMJJ86ELqMW+FvURNsrNTa14p9+9Iug9wRBwKLcbCzOG6UyxQO5OZm4fusunE5X0BjmLczCy88fHHN7ALA7nPjFf7wV8n5iQtykq8kSERERERF91ixIT0VKUiJa2zthsQ7h2KdnsPexbUhO8ldK7O7pw/Vbd9HT24fDzx6YcPtID5tO9OFO5XFFUcS5iyWIiTIjJ3sB3B4PbpZWoLq2AYefeSLoYVrrkA2fnDyPg/t2ITrKjIFBK06fv4LY6Cjs3rUF2ZnpuFdVCwC4WVqBnCx/P67fKoP9QYA1Osos/65qNhmhUQeCtC5U1zUiKTEeFqst4gOjk6HRaqBSqSCKIvoHBtHc0o78xQvHte2b7xyTA7wjf0+ezAPBgk4Hw6Hn4L1fBcnlrwTpa26C5b/+54jbqGJiYdj3RFC4biTH++/A8X6EeyJaLQxPPi0H4TTLlkOVkAixzz/G0pAVQ//8P0bt92SokpL8fX5wM8N98TzcF8+Pa1vtikKoUlMhdnZOuI+CXg/ji5+Dt/Gf/GFFSYKn9DY8paH30CZLv3UbXKdPBoUhAUCTsxCagmUjOiTAsO8JeG5clyvS+hrqMfidvwrff5MJxmefk6u6CgYD1BkZ8FZWyG1Gne8ZokpKGX4hSXC8ewSOd4+MvaEgwPjMc/BWlMPX2eHffMgK289+AtvPfjKt20xlnFWJiVDFxsFns/mPZ7fD+t//29jnN03UCzKDXrtOfArXiU8B+Kv+Rn/3byAYjbPWHyIiIiIiIqJHUf+ABa+98R5sdseUCgBORGlZJY4dPwutVoMXDu0PWu2bxk85dxPJOz0qAve5R15n9Y0t+MMHn8Dj8T+8nrcwCxvXrZLfm62xnIvv3nwxrQFWAEiMj8NXvvACbpaW49adClisNoiiCEEQYDTokZuTiR1bNwQtp56cmIAVy5agsakV1iEbvF5/dQqdVov09BTs3LoBmRmpcvu1q1cgJ2sBzl68huaWdjicLkiSBEEQYDabsDB7AVaPqNA527ZsXIOm1nY0NbcBAOoaWnDmwlXsKd6K55/eh6OfnkFPbz8kSYJKpcLygsUYtFjR3NI+xp5DJcbHTfs+R9Jo1HhqfzE+OXkB92vr4fX6oNNqsSgvGxq1GmUV98Nut3vXFuQvycO5SyXo6OyGy+UGAKhUKsREm7Fk0ULkLsycdPuAhPhYGAx6dHT2QBRFmIwGbNm4BuvXrIRKUaEjksyMNBzYsxNnLlzDwKBFHkPDBCo8aDQamIwGWIdsDyr+qLFk0ULs270dJiOXWiMiIiIiokeDTqfFgb078fZ7H2PQYkVjcxt++du3Q9qlJCdOqn0kE324c+RxLdYhvH7ko7DHzMxIC3qYtq6hGf/68/8T1HbD2kIAwI6t69HZ1YO+/kF09/Th5795M6idRqPG1k1rkJjgX7I7MSEOCzJSUVPXCEmScO5iCc5dLIEgCFCpIoc1JyozIxXRUWYMWqzweLz4wwefyOc4FzfCtMtXwPz1b8L2i5+NWelUFRML8ze+CXXO+AK3oTtQwfj8YWhXr5HfUqemwfSFL8H285/JIdqZoFu/Aa4zy4KCl0HU6pAqrQGq5GSYXvp85D6q1YAohn/SF4Amfymivvlt2H76r3KYcTqpM7OgyV8Kz83rQe/rtmyDYAqtMKzOWQjzN745Zn8EvR7mr/5f0OQH39sz7N0Pz/WSsNuqYmIBvR5id9ckz2Z8DI/vgefaFTlQGiRQJTbSfKakwvytv8LQj/8FYlfnuI43mW2mMs6qmFjo9+yD/bXfhL2u1OkZEAcHpqc6cRi6jZvg+vSPEPv7Z2T/RERERERERHNJ+SD4fA5qNjW3yStJ5WRlzPh9Q4fTheu3/asI7S3eNryildOF19/+EF3dvTCbjPjS554NyprNhZFBxw1rC7GneOuc9klJOXcFS/LmuDeRKQsmjHRw7y6sLpz+zF//gAWdXT0AgPi4WHlVbuWcKo994swleZ6nMpbK730kgX8PLJahWf3uzSfTHmAF/H8E2ryhCJs3FI2rfVSUCQf27JzQMRIT/KHNscTHxeDbX//ymO32FG+d8D8qqwsLIn5pNBo1vvDi02E/S09Lxte+/OK4jzOeFPd07XO08TIY9HjmycfDfvbUE49FPFZmRipeOfzUuPs20fYAEBcbM+W0e0F+Hgryw/+jE+n6yM3JxHe+9dUpHZeIiIiIiOhhk5yUgK99+UVcKbmN8spq+eFWANDrdUhLTcaaVcvkGzATbR/OZB7uTE5KwJ998QVcvVGKisoa+biBhyiXLsmFTuu/dbJ29QpkZqThwpUbQQ/T6rRaJCbGyTdWAw/2Xrp2C3fKq2C3O+R2WZlp2L55PTLSh6s4qtVqHNizEx+fPI/a+iZIkoSY6Cg8tmMTWto6cP3W3WmZk9iYaDz31F4cO34WPb398sPGBr0OqlGqms4YQYBu02Zol6+A89RxuC9dhN&quot;
08-31-2019 12:59:36 Wire.java DEBUG [Forwarding screenshot on session 8224b39f135dddefa755fa7332753c0d to remote] http.wire 87 - http-outgoing-4 &lt;&lt; &quot;jVKQc1Bb0e6gWZ0O/ZB93mLRAMY1dd1BfvBnxeuG/cgGS3AVottAXLYHzhRWiWLA2p3qrbsg3qBZmwv/4avFWVkFwuCHo9NEsLYNj3BGy//qVcoVUVlwDBMPGHUwWTGdHf+S4cR96E68J5uVqpYDTCcOhZwOWC473IYetAH22//gW89XWAxzPcxycOwvbrX0Ds6Ym4vXZVEWJ/9BO4r1yG68Sn8HV0+McGAFQqqBISoFmyFPrtO6EtXDWxk1OroVu/ISjAqkpIhHb9htH788Mfw3n8Y7gvnIOvvd0fwlWpoEpKhm7DRhgOPAVVQkLo4XIWIvrvvgf7b/8dnsp7/rGIioZ++w4YD78M269ehXuGA6yqlFRE/+3fw/H2G3Bfuypfr6rYWBhf+TI8t27AfSV0NaEATd4ixP7TP8N95RJcZ8/A19Qoz4eg10OzeAn0xbuhXbV6SttMZZwN+w9AFRMDx5G35KCuOjUNxucPQ1OwHJb/9nczFmBVp2cg+m/+Ho63fg9PeXnQeaoSE/2hbSIiIiIiIqLPoP4BCyoqa+TXHo8XFsvQHPYostGyUDPh4pUb6OruRUpyIvKX5MrvO50u2Gz+exBmswmGeRDmu3bjjhxqBIDevoE57E2o7t4+AP5AZExM1Bz3JjyH04WhwLwqgsmBUOux42fR3ds37cHgSHm4wJyOvP4mkyMMZ0XBEnk/gUrDQOTw82x+9+YT4a233pLy8/OD3iwqKoLLMvWqnUQzSZlSZ+lrIiIiIiIiokeL+9oVDP3on+XXxsMvw/j84XFv73jnCNxXL8N46FloC1dDiIkBJAlifx8cR96C6+xpuQqlbut2RP3lt0NCsI86++9/B+eH78mv9Y89DvPX/oLjRERERERERESkEK7i5Hyr3jkXAkumuz2ekIq04wn7zSZlfwLm2zLvgetsvvVLSVnxVJn1Ur4/W/0PXH82u2NWcmfKnNtMVZqdKKdkmusuAJihCqxERERERERERETzna+5CUP/+8ejthH0eugfe5yhzBHE7m64r12WXwt6PfQ7dnGciIiIiIiIiIgU6htb0NzqLyJYkJ+H5pZ22OyOkOqdyjBdZkYa3B4Purr9qwMFwnUjl7AfGYIb+TkQXOUSCA5i7t61BXcr7qOruxcb1hZi2+Z1eP3tD9HV3RsS6Au3bwAh2400WlDv01MXYLM7sGFtYVB4FRiuJgoAyYmhq8gohQsIjzxupKXcA8u3jzy+ksPpwvXb/pWyUpITodNq0dLWAZvNDqfTJQctlWO0asVSdHT1yGMS7jjhQrEBI8d/rBB0/4AFnV3+lZqizKag8OdY2zqcrojzN91hUotlSL6GEhPiRm0baXzC9Un5/VEKjGNg/gPfhxu37wZdD3UNzfjHH76Kg3t3ITsrQ97XyPB0uLEc+R2LJPCdN5uMyM7KCPpMOQfKuQ/0W6vVYFn+ItwprwIQfD0p+xRubD4LAXoGWImIiIiIiIiIiMLRamE8/DK0y1fMdU/mHfe1KxA7O+XXmsVLoM7Nm8MeERERERERERHNLw6nC6fOXZGrSm7eUITmlvArYjc1t8nhO7fHg907N8NiGcKx42flcF1KciL+8s+/iA+OnURdQzPOXryG7KyMoCXYA+E3ZSDutTfekwN2ldV18jFPnR1+ODk5MQEdnd3oHxgEEBwuDFfZs3/AgjffOYpFudlwOl0AgK//2eflEF9gm+NnLiImJiokIBoI9ppNRqwrWhkyHoGwn1arQUxMVNgxUwZGA4HVQOhRuRR9oC8jQ6SlZZW4fvsu0lKTR5lF4OKVG+jq7oVWq8HunZtx7cadsO2U4cx792vxwqH9iIuNkcOQ127ckY8drk/KwGbBkrygcwSAz73wZFC7QABzT/FWDAxa4PZ4AAzP3Xi2XVe0Uu7fyPDjm+8cQ2JC3LRWQg0Ek7VaDRblZsvv19Y3yWOXk5UBo0GP7t6+oKBl4Hy6unvxwbGTISFPs8koX4OB679gSR4cThcam9sAAGazCQaDXt5nuIqopWWV8ncxEJ4Od60Fjt3bNzBmeFUZMA70QSncd0/Z74C/+safyt/rN/5wVO77xnWr5LG5eOUG9hRvHdf8b9+1Z9R+zxYGWOkza0/x1nmVBiciIiIiIiKizw7typXwNTfCW1cHyTIIyeW/0Q6VCqqkZGgLV8Gw/wDUmVlz29F5SLLb4L58cfgNQYBuxy4I+vm3LBkRERERERER0Vy5X10vV7VcX7QScbExMJtNsNkdGLLZ4VBU71QG+3bv3CyHzQLCVTINBOFOnLmEuoZmmE1G7Nu9HQBgNOiRk5WBru5euD0eDAxaYDDoMWSzAwhfqbG0rFIOEQaCe8p9P//0Prl9fFwMvv5nn5e3/eqXDgf1LTEhLqTqY4Ay2Lu3eFtI+E8Z9ouPiw0bMFXuI29hljw22VkZMJuMsNkdaGxug8Ppkvui02oRFzt8rNWFBWMu494/YEFFZQ0AIGtBOnJzMlFb34S6hmZ5XAP9D4SDlRU5+wcsIfssLauUx2Zv8TY51Kq8BmJiotA/YMGHfzwFj8cbVKVWeY6BoG8gABoIho53W4NBL1+TIyu3KivAjhSpIu/IyrFKykCmci5KyyrlQGXewiw5CzYyExYXGwOdVht0zMC2Wq0GTx/YLc+F0aCXr8n+AQtsD6575TlGqog61jwor5nx5taUAeOR4wwEh58D3z2n0yX3O2tBOp7cXwzHg7A4EPwdrm9skd9PTkyY0LUzHzDASkREREREREREnzm6jZuR8Prbk95ek1+AqPzRb1BTeILJjJjv/2Cuu0FERERERERENG/1D1hw9uI1AP6gWf6SXBgNekSZTejq7g1afl4Z7FMGNkcG6QL7VS4VD0De1mZ34N9+/fuQvgTCgsoqj4Eql0rKAGZ2VkZQeDM1JWnUKpORlnsfGRoFhiuaBsZlpLHCfkBwODhQrTSSdUUrUVFZI49PuPBuJJ+eugCb3QGtVoON61YBGA4YejxeWCxDAPzhzEA4WFlhc2RlVIfTheu37/rbKYKT4a6B+9X1ciXQkptlQUveBwSqdQbCiIHxVlb0HW1bo0GP9UUrgyr9jmd5+dycTHznW18dc/yUlIHMkdeqMvQboKwiHK7vyrGMFHQGgqsbB66VSBVRw83DxSs35GtAWTV2IpQB1XDX68jvXqR+K8dQ+d1QBphjYqLGPf/zBQOsRERERERERERERERERERERERE0yQQfASAru5e/Oinvwn6XFm9M1woLVKodWQgUrntWMHDpua2kCqPAeECmB2d3SHL0o+kDK4Gqm8qg4cjg6+BUGyg0my4EKlyOflI4dRw4d6R4xMYS6NBj29//ctBS9D/6Ke/GTPIqqyU6vF45SXbw/UjUrBwZGVNZTtlcDLc9oF9hwt3KoWbu/FuCwxXoj1x5pIcdiy5WTauIOtEKEOVo+1bef1otRp87oUn5YrEx46flYOkkcZ8pHDXivI6UYa5w+1zZDh4MgIB1ZHXa+B8w4Wfw/U7XKgVCA0w19Y3+fc3xvw7pUmdzrRjgJWIiIiIiIiIiIiIiIiIiIiIiGga1De2oLm1HUDokuqBkKCyeudkKy2OrAY51pLg4ao8BoxVnTWckdVE9+3eHtL3kcHXQLBXuaz5SIHzCBf2G4tyfAIVUwMCVUOVQdaLV26EDVKOPDdlCDCwvcfjlfsaKVg42pgrjQwmKynDzuGMNndjbau0p3gr9hRvla/R22X3sCg3O+I8TVQgkAmEBqiVlNV1iwqXyccPbD+RIGmkIPjIYHFApHmcCmVANVzfw83fZKsyjwyMj3f+b9++PdXTnJSioiIAgGpOjk5ERERERERERERERERERERERPQQcThdOHXuSsQQpTIsFwijTaXSYnxcDJYXLAYA1DU0o7SsMqgvr73xPuobWyJWeQwIF+hLS01GfFwsAKCisgb9Axa5/bsfHUfTg4DdSMrqs8rzDQR7zSYj1hWtjDh+o4X9AhblZkOr1cDj8crVJusbW3C77B4AYG/xNuTmZOLEmUv41WtH4HC6wp5rJBev3JBDlMsLFgcFAONiY6DTagEAQzY7HE5X2DkMN+YGgx5mswkAYL&quot;
08-31-2019 12:59:36 Wire.java DEBUG [Forwarding screenshot on session 8224b39f135dddefa755fa7332753c0d to remote] http.wire 87 - http-outgoing-4 &lt;&lt; &quot;PZ4XzQr2s37oQEk9cVrYTZZITH48Wpc1eCzqG0rBJvvnMs5HwC4z2ebR1OF3712hGcOHMp6NzHCkJP1lSCycq5DYxlfFwMUlOSAADNre2ob2yR2584cwmlZZURg+CRgsXh5jHw/bPZHbjxINQc6NO7Hx0fs+/KPowMmALh528qVZmB8V878wUrsBIREREREREREREREREREREREU2RMviorB45mnBLlE+k0uKe4q1ITkzAseNn5f8CUpITkZaaPOZy68ol5wOBPqNBj69+6bBckfPffv37oP1mZ2Vgt06LP3zwCWx2h/x54ByU+1IGe/cWbxtXNVHlPgMC1VBzczLxwqH9+MMHn8hL3gf69cqLTwcF/rq6e/Gjn/4m5FgH9+7C6sKCkPeVYcmU5ERs27wubF+VAnOoDBZGGvPnn96H1954L+z5Ka+B+LgY/PmfvozX3/4w7Dkc3LsLQPi5G8+2gbHu6u6Vxy9grKXnJ0p57SrHKJzVhQWorK5DXUOzPLcmk1H+XFll9uXnD6K0rBLHjp/FG384GtJ/ZbgzEEQdLcwdbh5XFxYgOysDr73xXtC1BgzPwWiUYfSR1XWB8PMXLpQ6karM47125gvhrbfekvLz84PeLCoqgsvSPkddIiIiIiIiIiIiIiIiIiIiIiIioodBIASrDJiSX/+ARQ60blhbiD3FW+e6S/SIcEr+asC3b9+ek+MXFRUBAFRzcnQiIiIiIiIiIiIiIiIiIiIiIiJ6qAUqmmq1GuzeufmRDq+WllXiV68dCVrS/dNTF2CzO8Zd7ZXoYaOZ6w4QERERERERERERERERERERERHRwyc3JxPf+dZX57ob80J3b1/YJd1ZeZUeZQywEhEREREREREREREREREREREREc2gPcVbGVQlGkE11x0gIiIiIiIiIiIiIiIiIiIiIiIiIqJHCwOsREREREREREREREREREREREREREQ0qxhgJSIiIiIiIiIiIiIiIiIiIiIiIiKiWcUAKxERERERERERERERERERERERERERzSoGWImIiIiIiIiIiIiIiIiIiIiIiIiIaFYxwEpERERERERERERERERERERERERERLOKAVYiIiIiIiIiIiIiIiIiIiIiIiIiIppVDLASEREREREREREREREREREREREREdGsYoCViIiIiIiIiIiIiIiIiIiIiIiIiIhmFQOsREREREREREREREREREREREREREQ0qxhgJSIiIiIiIiIiIiIiIiIiIiIiIiKiWcUAKxEREREREREREREREREREREREcymgskAACAASURBVBERzSoGWImIiIiIiIiIiIiIiIiIiIiIiIiIaFYxwEpERERERERERERERERERERERERERLOKAVYiIiIiIiIiIiIiIiIiIiIiIiIiIppVDLASEREREREREREREREREREREREREdGsYoCViIiIiIiIiIiIiIiIiIiIiIiIiIhmFQOsREREREREREREREREREREREREREQ0qxhgJSIiIiIiIiIiIiIiIiIiIiIiIiKiWcUAKxERERERERERERERERERERERERERzSoGWImIiIiIiIiIiIiIiIiIiIiIiIiIaFYxwEpERERERERERERERERERERERERERLOKAVYiIiIiIiIiIiIiIiIiIiIiIiIiIppVDLASEREREREREREREREREREREREREdGsYoCViIiIiIiIiIiIiIiIiIiIiIiIiIhmFQOsREREREREREREREREREREREREREQ0qxhgJSIiIiIiIiIiIiIiIiIiIiIiIiKiWcUAKxERERERERERERERERERERHR/8/efYe3VZ5tAL81LMlDsuUdz3jEjjOdHRIICSEBMtijpYV+3dB+X6GlEwoUCqWFMgotBQoFShsgEFZCAgnZA7Kn49jx3kPDlmTt8f3hWokTW36PZ8b9uy6uC53znPM+ko4Mtm8/h4iIiIYVA6xERERERERERERERERERERERERERDSsGGAlIiIiIiIiIiIiIiIiIiIiIiIiIqJhpRyJRd0eD2rrmlBZXYvGplaY2trh9Xjh9ni6N6dUQKVSQa0KQ3xcLEYlJyAzPQXJiQlQKhUj0TrRRcvv96OxuRXlFTVobG6FwWiGy+2Gy+XuVieXy6FRq6DVRiE5KR7ZmenIzkqHKixshDonIiIiIiIiIiIiIiIiIiIiIiKic82wBVidThcOHTuBw0eLYW6zIBAI9HmM1+uD1+uA3e6Auc2Ck+VVAACZTAZ9jA4TxuVh0vh8aKMihfvw+Xx4e9WnqK1r7PdzOZNarYJCoUBsTDRGJScgKzMd6WnJgx7Ya2u34q13P4bN1iF8jEwmw5LFl2PS+PxB6WHt+q04fOyEpGMS4mPxjVuXI1yj6bO2o8OOf6/8BCZze39bDJLJZFCrVZDL5dBGRSIhTo/MjFRkZaRBqxW/ZkIZzH6BUz0rlUrE6aORlpKM7Kz0EQtte70+nDhZgf2HjqGp2QC/39/nMX6/H3aHE3aHE80tBhw+egIymQyx+hjMnj4JE8blQS7n8GciIiIiIiIiIiIiIiIiIiIiIqKL2ZAHWFtajdi6cw8qquqEwm8iAoEATOZ2bNu5F9t37UNyUjwuu2Q6crIy+jy2w+6AxWIblD66dE2gtNsdqGtowt4DR4OBvVnTJmF8wZhBCR+azG1wOV2SjgkEAmhqbh2UAGvJyUoUnSiTfFy0TisUXgWANosVdrtD8ho9CQQCcP739bLbHWhuMeBY8UkAQES4BuMLxmDW9MmSAtBD2S9wes8u2GwdqK5twM7dByCXy5GcFI85M6cgJytjyAOgdocT23ftxdGiUni83gGfLxAIwGgy49P1W7Flxx7MmTUVUyePY5CViIiIiIiIiIiIiIiIiIiIiIjoIjVkAVZzmwWbtn2Jk+XVQtNW+ysQCKCxqRUrP1yH+Dg9br7uauhjdL3WG01tsDsGL3AYqi+jyYy1G7Zi0/avMHfWVEyfMmFAgb36xuZ+hQlbDCb4fD4oFP0P0VptHdi6Yw+8/Vg/I22UcG2rwQSX2yN5DansDif2HjiKg0eOY8qkcZg3ZwZUKukTc4erX7/fj4bGFrz/8efQaaNwxbzZKMjPGfR13G4Ptu3ai4NHjsPr9Q36+YHOEPkXW3ahuLQcy69egJjo3j+vREREREREREREREREREREREREdGEa9PGHfr8fu3YfwKv/WonSsqohDa+eyePxQqEI/ZRaWo3weAY+UVIKp9OFTdu+wjsfrB3QtM6mZkO/jrNYbOgY4JTQ7bv2wWhuk3xcmFKJhPhY4fr6huZhvWa8Xh/2HjiK1/+zql/Pb7j7BQCL1YaP127E6s82D2rItLikHC+/8S72Hjg6ZOHVLoFAAHX1TXjr3U9Q39g8pGsRERERERERERERERERERERERHRuWdQA6w2mx0r3luDrTv3DnkAric6XRQiI8JD1tTUNQ5TN90FAgFU19T3O8Ta0WGHqR8BSwBwOJ0wt1n6dSwAlJysRNGJsn4dGxERjvg4vVCty+VGc6uxX+sMlMncjrffX4NWg0n4mJHsNxAI4NjxUnz06RcD/qy53R589sV2fLx2I2y2jkHqUIzN1oH3P/4c1TX1w7ouERERERERERERERERERERERERjaxBC7DWNzbjzbc/RG39yAREASAzPQUKhaLX/Q6nE+0W6zB2dLbmFgO27Ngj+bg2i7Xf01vdbg+MJnO/jrXaOrB1xx54vf2bWisSKu5is9thtdr6tc5gsFo7sH7zTuFA6Ej3CwBlFdXYd+hYv4+32exY+eE6HDxyfNgnyXax2x1Y8/mWfk3AJSIiIiIiIiIiIiIiIiIiIiIiovPToARYK6pqsfLDdbCMYJhPoVAgKSEuZI3J3D7igUMAKCmrRF1Dk6RjWg0muNyefq/Z2NTar+O279o3oGBhSnJiyFDx6ZqaDXC63P1eazDU1TfhSNEJodpzod9AIIADh4r6Fcxua7fgnQ8+HdHQeReL1YbN23aPyORmIiIiIiIiIiIiIiIiIiIiIiIiGn7KgZ6guqYeqz/bDKfTJflYjUaN3OxMTJlYAL0+utukTqu1Ay0GE4&quot;
08-31-2019 12:59:36 Wire.java DEBUG [Forwarding screenshot on session 8224b39f135dddefa755fa7332753c0d to remote] http.wire 87 - http-outgoing-4 &lt;&lt; &quot;6XlKGsorrP84eHa5CYEB+yZqAh0MHidLpworQCaSnJwsfUNzQPaEKmwWSG2+OBKixM+JiSk5UoOlHW7zXlcjmSEkO/J6drbGqB3+/v93qDwe/34+jxUkwYl9fna3Uu9At0hj8rq+tQOLFA+Bi73YEPVm9Aq8EkeT2NRo1x+TkYP3YMEhPjgq9Th92Biqpa7D90DE3NBsnXa3llDUpOVmB8wRjJPREREREREREREREREREREREREdH5ZUAB1laDCas/3yz51vZRUZG44rJZKMjPgVze8xBYrTYSWm0kcrLS4ff7UVxSjk3bd8Nm6+ixXh+jgzYqIuS6UkKgWZlp+NpNS3vdb7V2oKq2HvsOHkNzi/SwXn1js3Cg1OVyo7nVKOn8Z7JYO2C3O6GKFguwWm0d2LpjD7xeb7/X1KhVSE4SC7D6fD40tRiEzz2tcDwWX3HpWdv9fj/aLTbU1Dbg4NHj/QpSms0WtLVZkBhiou9g9Xt6z+WVNdh38BjMbe2S+g0EApICrF6vD2s3bEOzhP4BICIiHPPmTMfkCWN7/NxGRoRj4rg8TByXh5q6Rqxet0nSVGa/34/9h4owJmc0VCrxoDURERERERERERERERERERERERGdf/odYPV6fVi/eSes1p4DpT2RyWQonFiAK+bNlhRQk8vlGF8wBmNyRmPrzj04cPj4WZMv+7pVvdvjgcFkFl4zNSUp5H6tNjIY1jt0tBhfbNkFj0c87CklUGqz22GVEATsicvpgsnchphorVD99l37YDS3DWhNrTYKURGhQ8VdOuwOWCxiz1EmkyE5KaHHfXK5HPoYHfQxOkyeOBYVVbVY/Zm0kLXT5UJTiyFkgFVKv3K5HKkhpu129Tx9ygRMnTwOW3fuxZ79RyRNdzW3WeByuaFWq/qs3bJjN8oqqoXPDQDpqaNw/dIrEdVHSLxLRtoo3HrDNXj3w7WSvkY0txpRU9eA3OxMSf0RERERERERERERERERERERERHR+aXn8acCtu3cg9q6RvGF5HJcPncGrr7ysn5PV1SpwrBowVwsu3oB1KpTQT2FQoG0PgKnVlsH2tosQusoFAokhQgvnqlwYgHG5ecK1wNAwO8Xngza1GyA0+WWdP4zebxe4dvFl5ysRNGJsgGtBwBJCXFCgUoAMBjNwiFTjVqN5ESxya7Zo9Nx9cLLoFSKZ7UDgQDaLdaQNVL6VatUSIjTC9XK5XJcdsl0pKX2HnjtSSAQgF/geiqvrMGho8XC155MJsP4gjH42k1LhcOrXRLiY3HNlfMQFib+2nu9XlTV1Etah4iIiIiIiIiIiIiIiIiIiIiIiM4//Qqw1jU04XBRiXAITi6X44p5s3HJzCn9We4s48fm4qZrFyMiIhwAEB6uQWJC6ECj0WiGy+0ROr/I+c6Um50RcgLsQDS3GCRN4+xNQ1NLnzVWWwe27tgDr1d8mmxvRiX3PCW1J60GEzyCa2q1kdBqo4TPnZudIakXAHD1ERiW0q9OF4VondjkWwBQKhXIzcoQrhdltzuweftuSZOCc7MzsWTR5VAq+3dt52RlIHu0tOdS39gMt0fss0pERERERERERERERERERERERETnJ8kBVq/Xh60798LpdAkfM3XyOMyYOlHqUiFlZqRi2VWdk1j1MTpo+5gOWdfQDJ/PJ3RunTYSEREaSf3EROugCuvfZNlQfD6fUPBURNdt5kPZvmsfjOa2Aa+lUauQJDglFQBqJEzzjdVHI1yjFq5XKBRIjI8VrhchpV99jE54Eu3pxwx2IHr/oSIYjGbh+qTEeCxZNK/f4dUuEwpyJT2X9nYrOjrEptsSERERERERERERERERERERERHR+Un83t7/VV5Zg4ZG8UBlUmI85s6aKnUZITlZ6fjZ/367zzqpIdBRSQlDEkY9nVqtgkrg1uoddgcsFtugrGm12mCz23sNU5acrETRibJBWSsiIhwxglNHOzrsMEkIzaYkJ0ruRy7v17DhHkntNzM9ZdDW7k1f11NbuxVHJExNVqtUuGLe7OCU44FITkpAVGQE2i1WoXq3x4O2dgv0MboBr01ERERERERERERERERERERERETnJkmpPp/PhwOHi4RvL69UKjF31tRBCcENhJQQqEwmQ3KStNvNA0Bbu0XSbc+jdVpERoaeGgsARlMb7A6xaZQ6bVTIoKbT5UZTs6HHfVZbB7bu2CP83vZFH6MTen4A0Gaxwm4Xe44qVVi/3h+/3y+pPlYf3es+qf3GxeolrQ10TssVnRgMAInxsSGnnB4+VgyLVTwIPTYvG6MzUoXrQ4mMCIdOFyVc7/P5YXc4B2VtIiIiIiIiIiIiIiIiIiIiIiIiOjdJCrBWVtehrqFZuH50RipyszMkNzXYpIRANWo1khPjJa9RXlkrKXCYmpIkVNfSaoTHIxYqzR+TBbWq91vV+/1+NLf0HGDdvmsfjCGmisrlckm3kh8lYUpqq8EEl1ss/Buu0fRrMqfJ3C5cq1AoEBUifCul36jICMTHxgivDXQGxSuqaoXr5XI5UlOSe91vtztQcrJK+HwR4RpMnzJBuL4vCoUCYUrxYc9+vx9ewWueiIiIiIiIiIiIiIiIiIiIiIiIzk+SAqxHj5dKmr46ZVJByKmQw0VKCFSrjYRWKz4tEugMNJZV1gjXa9QqZI9OF6ptaGoRPmdmegrCw9Uh61pajWdtKzlZiaITZSGPy83OCBmOPZ1CoUBSQpxQLQDUNzQL39o+Vh8NncT3p63dCqOp93DumTQaNeLjYnvdL6VfKZNou1TV1KO+UTworo2KRHpq7wHW8qpamNvEA7x5uVlIlPD+iYiTGOIlIiIiIiIiIiIiIiIiIiIiIiKiC5twgNVitaGxqVX4xAnxemSkpfSrqcFWU9coXBurj0a4JnQI9HR2uwOrP9sMm61D+JjMjDSkjup7AqvD6RQOXkZEhCM5KQHROm3IunaLFR0d9uBjq60DW3fsCRlMjtPHIHt0Opwut1Av4eEaJCaITbF1udxo7iFU2xvRybWnO1pUAquE9ydWH43oXm55L7VfKZNogc4w9LovtgkHrgFgfEFuyFDvyfJq+P1+oXOFhSkxNi9beG0iIiIiIiIiIiIiIiIiIiIiIiKi/hC+r3dtfZOkEGBWZhpUqrB+NTWYHE4n2i1W4foUCYHD6pp6rPl8CyxWm/Ax4eEazJk1RajWZG6HVfDc+hgdtFGRiI/To7K6rtc6u92BNos1OBV0+659MJp7D8kqlUpcfulM1Dc2w+fzSehFbOqozW4Xfo5SJ7sCQHllLfYeOCo8MVUmkyEvZ3Svk4OHql+/34+iE2X4YssuOJ0uoWOAznDx1Mnje91vsdrQ1CwePNfHRCM5KUG4fijI5XIow4S/NBEREREREREREREREREREREREdF5SDglVlVdJ2mK47kyfVVKCFSlCgsZ3nM4XWhrt6CsohpFxWVoa7cIByOBzmDeZZdMR3Ki2HRSo6kNLrdHqLZr0mdiQhxkMlmvfbncHhhNbUgdlYSSk5UoOlEW8rxjcjIxJicTB48cF+oDABLjY3sNgJ6pqdkgPNlVo1EjPi5WuI/6xmas3bAVLrfY+QEgNiYaBfk5ve6X0m9fk2g77A6Yze04XlKOkrJKSVN8AUCtUmHh/DnQRkWG6LcVttMm7vYlPTVZ0gRiUaKThAFAoZAjIlwz6D0QERERERERERERERERERERERHRuUMowOr2eGAwmYVPGhEejrjYmH43NZhaDSbhEKjb7cGK91YPSR8ymQzTCsdjWmHv0zLPVFvXKBSQDVMqkToqCQAQFxsDtSqs15BlIBBAU3MrsjLTsHXHHni9vd+qXqeNwmVzpsPWYYfJ3C7Us1wuR2pKslAtADQ2tQgHo6N1UYgSmOzqdLqw/ct9OHS0GF6v2NRYoLP3mdMnhQyESunXZuvA319bIby+FHK5HJdfOhM5Wekh6+oaxCfnSn3vhopSoURkRPhIt0FERERERERERERERERERERERERDSCjAarc7YbGKT4fU6aLOmQBafUOzpCmpQ0Eul2P2jMm4fO5M4WOkhIbVGjVi9Z2BYW1UJNRqdcgpoS2tJmzZsQdGc+&quot;
08-31-2019 12:59:36 Wire.java DEBUG [Forwarding screenshot on session 8224b39f135dddefa755fa7332753c0d to remote] http.wire 87 - http-outgoing-4 &lt;&lt; &quot;9TMeVyOebOnoo4fQwqq+tgdzjEelGpkBCnF6r1+XxoajEI1QJAfKweqrCws7a7PR60t1tRXduA0rJK1NY3CYdMT5eTlYEJBXmD1u9QCQtTYvGCuZg0YWyftS2tRuHzSnnvpHA4XZKmwIaHq8+Zrx9EREREREREREREREREREREREQ0NIQCrOa2drhcLuGT6qN1wreQH0pSJ8cOBY1GjasXXhbytvQ9sdnsaLfYhGr1MTpo/zuZNDIiHDpdFNot1l7r6xqaUNfQFPKcp4c5W1qN8Hh6n9R6Oq02ElptlFBth90Bi+BzBIAjRSU4UlQiXC9FUmI8liyaB6Wy9+tWar9DQaeNwvXLrgxO3A3F4XShwy4WPAYAlSoMGo16IO31yOVyw+5wCtdHRkYMSR9ERERERERERERERERERERERER07hAKsFptHZJuxa5Wq/rd0GCy2jrQ1mYZkbVlMhnyx2ThqoWXISJcI/l4g9EEp1MsNJwYHxsMDCsUCiTGx6K2rrHX+r4m0kZFReLyuTOCYc6GphbBroFYfTTCBcOHBqMZdgkBy6ESq4/GdUsXIqKPqZ8j2a9SqcCUSeMwb84MqFRnT6HtidPpQoeEyadqtQphPUy4HSiTuQ0uwWsZ6H49ExERERERERERERERERERERER0YVJKMDqcDj7DD2eLiEutt8NDSaj0QyX2zOsa8pkMmSPTsP8S2chMSGu3+dpbjXC5+s7NCyXy5GaktxtW/wAbgMvk8kwY+pEJMR3vocOpxNGU5vw8SnJicK1rQYTPF6xya5DJT11FK5feiWi/jvBNpSR6FepVCB/TDYWXDYL2qhIScfaHQ6ha6hLVGSEcPhYivrGZuHXrafrmYiIiIiIiIiIiIiIiIiIiIiIiC48whNYz0d1Dc2SAnwD1Tkhc3qfkzxF1Dc0C9WpVSoknBFYjYvVQ6UKg7sf4d30tFGYXjgh+Nhq7YDNJjbFU6UKQ3JSgvBaNSGmxA41uVyOaYXjMf/SWcFJs30Zzn4VCjnmzJqKmdMmQdXPqahutwc+v3+QO5PG5/OhurZBuD48XINREq4hIiIiIiIiIiIiIiIiIiIiIiIiOj8JBVjPRz6fDw1NLcO6ZkurEUrlwF/Sjg472i1WoVqdLgrROm23bdE6LVQqleQAq0ajxuVzZ3QLdDa1GOB0id3+PVyjgT5GJ1Tb0WGHySw+2XWwyGQyJCXGY9GCuUhLSRI+brj79fn8MBjN/Q6vniuMpjYYDGbh+oQ4PaJ1UUPYEREREREREREREREREREREREREZ0LLtgAa4fdAYvFNqxrNja34lhxKaZOHj+g8xhMbbB1iE091cfooFarum2LiNBAp42ETcLkXJlMhumFE5B2xu3ba+saEQgEhM4Rq4+GTisWPmyzWGG3O4T7GyiZTIbkpHhcMe8SZKSNknz8cPcLAGUV1aisrkNWZtqwrjuYikvL4XA6hWplMhkK8nOgUIhNxCUiIiIiIiIiIiIiIiIiIiIiIqLz15AEWH1+31CcVhKjqQ12h1jgMFyjwe23LENiQtxZ+yqr67Dqk8/h8Xj7PI/f78fBI8UoyM9FuEYtuecuTc2twtNTM9NTztqmCgtDfKweDY3iE2iTEuMxferEbtvcHg8MJvHpmT29fr1pNZjgkjghViq5XI6khDhMGJeHCQVjoBnAeyKl31h9NL5567WIjIw4a9+Bw0XYsHkX/H5/n+fxeLzYd/AYMtJGDUuoUzSoLKrdYkVRcZlwvTYqEqMzzt+wLhEREREREREREREREREREREREYkbkgCrydw+FKeVpKXVKBQ6BQCtNhLaXiaHZmWmIXt0BkpOVgidq9VgwuFjJzB7+mThXs/U0CQWPNWoVUhKjO9xX3ycXng9tUqFeXNmnBW6tdnsaBecYqtQKJCWkiS8Zn1D86AEJmUyGdRqFeRyOWJjohETrUVqSjIy01Ogj9FBLpcPeA1AWr/6GF2P4VUAmFCQhyNFJWhsahU6V1VNPcoqapA/Jku41/6yddjhcDoRrtEMyvmOHCuBxSo+BTl7dDpiorWDsjYRERERERERERERERERERERERGd24QCrGfeor4vBqP41M6hUlPXKFwbq48OOTF15tSJqKqug8vt7vNcgUAABw4VoSAvG9E66WE8h9MlHACOiAhHTC9rJMTHIkyphMfbd4h34vg85GSln7XdYDTB6XQJ9aJWhSFOMDTrcrnR3GoUqgWASy+ZhssumS5cP9ik9jsqObHXfSpVGKYVTsDa9VuFprB6vV7s3ncYWZlpUKnChHsAAJ0uqvMaEAxy22x2WK0dgxJgbWoxYP/hIuHQb0S4BtMKxw94XSIiIiIiIiIiIiIiIiIiIiIiIjo/CI2njNZpIZPJhE9qNLWhrd3a76Z6Y7PZ8e93P8HLr7+Djg57r3UOpxPtFvH1U0IEDgEgLTUZ2T0EPHvTbrFi74GjwvWns1ptsFo7hGpDTfqM1cdAHSKU2yVOH4PZMwp73FfX0AyfzyfUS0yMDtqoSKFam90Oq+BkToVCgaSEOKHaoTLY/ebnZmFUUoLw+o3NrThWXCpc30WjUkEjcA10cbpcwtN/Q3G7PVi/cQccDqfwMXm5WUgc4feZiIiIiIiIiIiIiIiIiIiIiIiIho9wgDUsTGhYK4DOW5FXVNX0u6meVFTV4vUVH6C2vhGJCXG9BjcBwGRuFw4cqlRhSBYIE06fMkFSGPBY8Uk0tRiE67u0Gs1Ck16B0JM+wzVqREaEhzxeqVTi8ktn9ho8bZEwdTQ+Vg9VmNiE0KZmA5wuseeo0agRHxcr3MdQkNJveLgGiQnxIWs6p7COh1wu9PGD3+/HvgPHYLWJBZu7REZGQB+jE64PBAIoOlEGr1cstNybbbv2SgrCRuu0mDNryoDWJCIiIiIiIiIiIiIiIiIiIiIiovOLUIIuPjYGUSECo2fy+/04cPg47HZHvxvrYnc48eGaDVj54TrY/hvg62tiaqvBBJfbI3T+cI1GKOSXlpKMrMw0oXMCgMPhxIFDRcL1XeobmoRuLd/XpE+1WtXn8xqTk4n8MVk97rNYbTCZ2/vsAwBkMhnS00YJ1QJAY1OL0HMEgGhdFKKixK+9oSClX502EhERmj7rxuSMljSF1dTWjqITZcL1XTLTUyXV19U3oeRkheR1gM7P/YbNO7Hv4DEEAgGhY+RyOebMmoJonbZfaxIRERER0cWjqb4WB/d+iUAgAIfDjh2b18PSZh7ptoiIiIiIiIiIiIiIiKifhMaqRkZGIDEhTjjQCHSGSNdu2Ibrl14JpVIhuTG/3499B49h+5f74D4tjCoyMbW+oVk4QBerj4ZOGyVUO3tGIapq6oVvjV5SVolJE/KRlpIsVO/z+dBiMAnVikz6vGHZIqFz9cRoaoPdIRZAVqvCEBcbI1Tr8/kkTaYdlZQgPNl1KAxVvypVGGZNn4xP1m2C1+vtsz4QCODAoSIU5GVLCntmZaYhIlwDu+A16/f7sXnHbsTF6ZGcGPr6Op3b7cG6L7ahuKRc+LMHALnZGZg4Lk+4noiIiIiILk7VFWV48Kffh8Nux30PPYGSoqN4542XMH32Zfj1Y08jMop/FHehCQQCsNts8Pn6/p65JxGRUVCO4M8TiIiIiIiIiIiIiIiob0IBVgCYOC4PZRU1QmG7LifLq/D2+6uxZPF84YCj0+nCwSPHsffAUXT0MME1KjIC8SHO5fZ4YDCJT2BJTUkSrk1OjEdezmgcPnZCqN7pdOHLPYdw4/JFUCj6DvFabXaY2yxC59bH6KAdwsmkLa1GeDxi77VWG4VYfbRQbYfdAYvFJlQrk8n6DCsPNSn9yuVypAqGlQEgJysDKaMSUVPbIFTfbrFi74GjuHL+HOE1EhPikJ6WImmqqtXagXc/WIvFC+aiID8nZK3f70dxSTk2bd8dnJAsKikxHtdcOU/os0FERERERBe3xFEpyCuYiJ1bNuCRX/w4uH3i1BmIiBT7o1Q6vzTUVuPBn/4QjfU1/Tr+pw88hsXLbxrkrs4tLqcTf3niQWz+UtV0WwAAIABJREFUfA0AIH/8JDz69EvQxehHuDMiIiIiIiIiIiIiIjHCAd&quot;
08-31-2019 12:59:36 Wire.java DEBUG [Forwarding screenshot on session 8224b39f135dddefa755fa7332753c0d to remote] http.wire 87 - http-outgoing-4 &lt;&lt; &quot;aMtBQkxOvR2NQqaYG6hma8+q/3MDojFRPG5SEjdRS02sjgfofThbZ2C6qq61FysgLNrcaQt2uP1ccgMrL34KbV1oE2wRCoQqFAUkKc+JMBMLVwPErLq4SnsFbV1KOsogb5Y7L6rDWZ2+ByuoTOmxgfO6TBv4amFuHaaJ0W4RqNUK3BaIa9h2ByTzRqtaQpoENBSr9qlQoJceK/JFIqFZheOAENjS3CwfBjxScxYVyepNdlyqQCVFTVCAeSAcBud+DjtRvx1b7DmD5lAkanpwY/t16vDwajCceKT6K4tEJycBUAtNpILL96ASIiwiUfS0REREREF5b1q1dh7YcroVAq8cN7f428cRO77e+wWlFWUgSzyYhxk6bif+6+FyZDK15+7gm0NDWgprIcySlpUAt+XzpQZqMB2zauw87N61FZVgqbtfNnEMkpaUgfnY2ps+Zi9mVXICk5BTK5fFh6uhD5/b4ep6/G6ONw/x+eRWZWLtxuF/7x/JPY9sW6EegQ+OffnsZ7b70afNxbaHb96lV49vHfBh/fcsf38J0f3zcsPY4US5sZW79Yh727tsLS1hbcPnn6LNzx/f+DMiwMgUAAzY31iNHHQRM+cj8fsLSZ8dB9d6Gk6AgAIDE5BY899wrSR4f+o14iIiIiIiIiIiIiGjjhAKtKFYYZUyZizedbQgZMe+L3+1FRVYuKqlrJDZ4pI21UyP1Goxkut0foXBqNGvFxsZLWT06MR35uFg4dLRaq93q92L3vMLIy06BShb51XX1jMzwCQUapkz6lcjidMJra+i78r77ek9O1GkxCzxEAoqIiuoWdR4KUfrXaSGi10ib/5GZnIC0lCVU19UL1DocTX+09hOuXXim8RlZmGsbl5wpPDu4SCATQ1NyKNZ9tlnRcX7TaSNx2wxIkxEv77BERERER0YUh4PfD0NqC+MQkuF0uHNr3FUqOdwbHqspLkTduIjweN1xOJ8LCVPjbnx8NTph84oXXMXHKDAQCAVSWleDdN1/Bpx+8MyzTNn0+Hz5Z+W+88fdn4Xaf/cenTQ11aGqow95d2/Dys0/g69++G3f+8CcDXvfM8OPFMFk0FJVajRh9bHDKaNKo1BHuiM5UU1mOPzxwL+prqpCWmQ21+lS43ONxwx/o/LmizWrBU7/7FaJj9PjJbx5BjF7aH5nTyDgzuP3k3/+FiVNmjGBHREREREREREREdD4TDrACwPiCMThZUY3ikvKh6icklSqsz1vK1zU0w+fzCZ0vWheFqKjep7n2ZlrheJSWVcIuOIW1sbkVx4pLMXXy+NB1glNPpU76lMpkbofVahOqDVMqJQURa+oahWvjYmOEJ7sOFSn9xuqjEa5RSzq/QqHAjKkTUdfQLDyFtayiGpXVdcjKTBNeZ/6lM9HUYkBzi0FSf4MtVh+Nm6+/GnH6mBHtg4iIiIiIRobP58NH77yJt/7xAm698weYNHUmKstKg/u/2r4Zmdlj8O6br+BE0WHc85vfQ6U+9X2Ww9F5Bwi/348OmxUAoFQqEaaS9r1Yf/p+942X8dY/XhA+xusV++NaoguJ1+PB6vf/A6/Xi+ffeB9Zufm91gb8fvh8Xny5bSMAMMRKREREREREREREdBGSFGAFgMUL5sJkbh+RIFxUZATiY3sPvvl8PjQIhkABYFRSAlRhoaei9iQxIQ55Eqaw+v1+HDxSjIL83F4Djh0ddpjbLELn0+miEK3TCvcrldHUJjzFNiIiHPGCYdqODjtMZvHJrinJicK1Q0Fqv5npKf1aJyszTdIUVo/Hi30HjyEjbRQUCoXQMRER4Vh+9QK8++FaWK0d/epzIGQyGTLSU3D9koWIiBi52wISEREREdHI2vbFOrzx92fh9Xrx1ivPn7X/y20bg2E2AHjthafw8FN/w90/+y3+8sSDeOFPv8PhfbthNhmwa8sG3PObR3H1dbcMed8NtVX4fPWq4OPE5BT86Oe/ReH0S6DWaBDw+9HWZsbeXVvx4dtvoqq8NMTZqDdOhwNb1q9Ba0sTLG1mWC3tADpf72//6GeI1sdCoVAgLiEpeMwVV1+LKTPnAAC++PQjbPrskxHpnTrZO2w4eaIIVy65PmR49UwMsRIRERERERERERFdnCQHWCMiwnHr9dfg/Y8/Q2Nz61D01KtYfQwiI3ufmNphd8BiEZscKpPJ+pzmGsrMaRNRXlkDq00sDNhqMOHwsROYPX1yj/vbLFbY7Q6hc+ljdFCrVcK9SlVb14hAICBUq9NFIVIwkCjlOYpM2x1qUvuNi+3fVFyFQoHZMwpR39gMj0dsCmtVTT3KKmqQPyZLeJ2E+FjcdsMSfLB6PUzm9n712h9KpQJzZ03F7BmFkMvlw7YuERERERGde7LHjEVSShrqa6qE6vPGT0RsQiLcbhdMRgPMRgM+XvlWcH9tVQV8Pp/wH/f1V5vZhJamhuDjmXMvx/RL5gXXlcnl0MfGYfGyG7HgqmXY/NlqNJ9W38XpcGDn5vXYvH4NSoqOwGa1QKVSI2/cBCxadiPmLbwGmvDO77EtbWY8dN9dKCk60u0czz7+Wzz7+G8BAPnjJ+HRp1+CLkbf7bbeickpeOy5V5A+Oid43PrVq4LHAcBPH3gMi5ffBACorSrHb+/9QfA53nLHdzHvyiVY/f4K7N21FWajAfq4eCxYvAw33/E96GMHP2BoMrTi6d//Bgd27zxrnz4uHlNnzoEu5uzvu0fnjMHonDEAgNamhvM6wNrcWI8vPv0Iu3dsRmVZCbxeL/Rx8Zg4ZQaW3/wNjJ80BTIJ31cfPbgXv7z7zuDje+7/PZJHpWH1qv/gyP49sFktSE5JwzXX34prb/lm8NobDLFx8ZKPOV9DrKE+15decRUWLF7W47ULdL7n6z5aifVrPgh+zmZfdgUmTZ2Jf/7tz2htbgIA3HLH9/CdH9/X7dhAIIDqijKsX7MK+3ZtR211BQAgOSUNk6bNwqKlN/R4zfT3a8WZXye6nH6NLbhqGe75ze+hHuE7KhEREREREREREdH5Q3KAFQCioiJw+y3Lse6LbSguKRcOO/ZXZ9g0HjOnTQpZZzS1we4QCxxq1GokJ0r/YXqXuFg9xuZlY++Bo0L1gUAABw4VoSAvu8fpqc0tBjhdbqFz9XfSpwi3xwODySxcn5wYL/yLwlaDSXiya7hGA32MTriPoSCl376mA/clI20UMtNTUVZRLVTv9Xqxe99hZGWmQaUSnyKcEB+LO752PVav24TK6roh/ezKZDKkpiRhyaLLETeA14aIiIiIiC4cmdm5uOFrd+KvTz4KAMgfNwl3/ex+5I+bCI/Hjc2ff4pXX3gSNqsFuugYXHfrHQgPj0BNUzksbWZkZufi4af+huaGBjx+/z0wm4xwu5wIj4gc1uexZf2nSEgahQVXLUdsfEK374vDwlTBYOjpSo8fxTOP3Y/qirJu291uF44d2o9jh/bj809W4Re/+xOSU9KG/DmE8sl7/8GHb78Jr/fUH1majQZ88PYb2L97B+5//DlkZOWEOIM0XeHVuupKPPXSvzGhcFqvYbkLkc/nw+efvI+Xn30Cbrer2z6z0YBtX6zDti/W4eZvfhd3fP9/oVL3Lxz4ynN/hMPe/Q+xmxrq8PqLz+Dw/t2478EnEBs/+H9MXFVeiofvu1vovTzfQqwin+t333wFP3/4T5gy4xLIZLJgzaG9X+Hx+++BzXrqjkxmowHrPlqJdR+tDLmu2+XEin/+Hav+889un1Og8z1taqjD+tWrsHjZjfjhT3+DiMioQXi2RERERERERERERIOvXwFWoHPi5HVLFiIvZzQ2bfsKFqvY5FMpNBo1Jo7Lw6zpk6GN6vuXUS2tRuEJllFREdBqB/YLrimTCnCitEJ4Cmu7xYq9B47iyvlzztrX2CQ2zXYgkz5F2Gx2tAtOsZXL5RiVnCh87vqGZuHAZKw+GjrtyP5wXUq/0TptyOnAfVEoFJg+ZQKqa+uFr+HG5lYcKy7F1MnjJa0VEa7BbTcuQXFJOb7Y+iVsgtevqK7A+ZXz5yItJanvA4iIiIiI6ILn8/lQevwojh3ajy0b1gDonPx37wOPBadnqtQaLF5+I2RyGV7448OwtL&quot;
08-31-2019 12:59:36 Wire.java DEBUG [Forwarding screenshot on session 8224b39f135dddefa755fa7332753c0d to remote] http.wire 87 - http-outgoing-4 &lt;&lt; &quot;fhP6/+DVdcvRy5Y8fjL6+vhLW9HbHxCUhOSceL//4Y8QmJkiZS9ld8YhJSM0YHJ8farBa8/uIzeP3FZ6BUKpGVm49Zly7AjDnzkJM/7qw/9KyuKMOTv/tln5Nnjx85gBWvvYgf/+KhIXsuIlxOZ6/7qivK8PHKt3DXz+5HWNjA7w7TZjbi2cceQF11JX7xuycxoXDaWTVmowEH9uxCtD4WCoUCufnjgoG8qvKTMJsMAIDD+/cMuJ+BOH06rqhAIICN6z7G359+7Kwg4pk+eudNjM4eg4VLrutXf2eGV093YPdOfLH2I9xyx/e6hSwHg9XSLimIfL6EWBvra3oMr57JbDTgL394EI88/VLw611tdQX++tQj3cKrogKBAD569y28++YrfdauX/MB9HHxuOMHPxnySdVERERERERERERE/dHvAGuXgvwc5I/JQnllDXbuPoCmZsOApjqqVSpkpKdgyqQCZGWmSbrleE1do3BtXGwMwgd4O6u4WD0mjs/Drt0HhY85VnwSE8bldZv+6nK50dxqFDp+oJM++2IwmuB0uvouROd7lRAnFqaV8hwBIDFhZH9BIbXf1EEIamZlpiF7dAZKTlYI1fv9fuw7cAxjckYLBbzPNJifXZlMBm1UJArysjFj2qR+9UNERERERBeuDqsFLz/3BEqKjgS3TZ01F2kZo7vVyWQyTJs1FxnZuagoPYHdOzZj947Nwdtnd02HlMlkSEhKHrb+k1PSceud38cLf3z4rJCh1+vFyRNFOHmiCP9+9a9IScvA3fc9gGmzLoVMLofP58P61auC4dUorQ7f+79fYsFVSxGmUqO5oQ7PPPYAjh7cCwDYu2sb6moqkZNXgOdee7fX23kPpUvmLcT3fvJLjEpJg8/nw4ZPP8SLf/598LkfPbgPxtaWQZkUW3r8GIqOHMADf3iux/AqALQ0NeBPD/0cwKlbnncFWDd99knwdujnI5OxFWtWvR18bU+fSuwPBHBg9048+fAvYLNa4PV6sXPLBsyZf2W/pg5fe8s3cOu3foDYuAQ4nQ6sfPMfeOeNl4L7D+/7Cktv+BoitWffOWi4fbltI2RyGe759aPQxQzdH3L3VyAQwNYNa7uFVy+ZtxB33/dbJCQlw2howT/+8ids3bAWQOc1/OkHb+OH9/4GCqUSG9d+3C3Qnpmdi//71e8wdkIh5DIZ9n65HQ/fd1ePazc11GL9mg+Cj6O0Otz1swcwf/FSAJ2v3V/+8GAwHPvpB+9g7vxFGFMwYUDPOX10Dt78aCP++benu33mnvz7vzBxyowBnZuIiIiIiIiIiIguXgMOsAKdkzjH5IzGmJzRcHs8qK1rQklZBZqaDbDaOuB2u+H1+rodI5PJoFarEK5RIzEhDjmjM5A9On1AU1Fvuf7qgT4VyS6fOxOXz505oHOo1Sp855tD+8snUXm5WfjlPd8b9POeS89RxEj1e+PyRcO6Xn8+u6qwMCjDlIiNiUZcXAyyM9ORmZGKcI16WHsnIiIiIqLzm0ql7nF6qkKphEIxKD+uGDQymQyLllyP2Lh4/P3px9FQV9NrbUNdDR75xY/xf79+BIuW3oA2kwGH9n8V3D9n/iJccc3y4PTS5NR03PzN7wYDrG1mIxrrapCTVzC0TyqEtMwspKRlAACUcjnmL16Kvbu2BSdj1laVo7W5cVACrG0mAzxuF1594Sm89coLwe0ulxMmQ8uAz3+uKy8pxsniY8HHN3z9Wxg7YTIAQIHOoPcVV1+LT977NwCgrqYK7W3mfgVYc/IKEBffeSed8PAILLvpa9izawsqSk8Ez20ytpwTAVYAqK2sgNXSfk4GWO02G44e2Bt8HB4RiZvv+G4wWB8Xn4hvfPdHKD56KDh9tuT4UdhsFoQpVd3ec6VSie/8+OcYP3naaefr/S4/5SXF3cKvc+Yvwrwrrw5OWJ07fxHKThQFJ7TarBaUlxYPOMBKRERERERERERENBQG/TdCqrAw5GSlIycrfbBPTURDiJ9dIiIiIiIaKmpNOObOXwyFXIGaqnLYrBYUHd4Pk6H1rEmqDXU1qKuuBNA5WTBjdA4ys8eMRNvdyORyTL9kHl55dy5qq8qxd9d2HN7/FUqKjpx1G3Cv14vPPn4Psy6dD3uHDTbLqf3rV6/C+tWrQq5l77ANyXPor/CISKRlZnXb1tIkfhecvni9XlSVlwrVul0utJlNiI6JhdvtQnNj/aD1MVC9Tcc9c4ru6dpMhm6P//jgffjjg/f1uobL6YDHLXbnnL5EaaORmZUbDLCaDC2wtLcNyrkHKjVjNH7z+DNIPWNK87nC5/Oi47TP6ai0dCQlp3SriY6JhT4uPhhgbTebYG1vQ3RM7BnHZiIjK0d47TO/PmTl5gUD8UBn4L4rgN4lVOieiIiIiIiIiIiIaCSdWyNNiIiIiIiIiOiCo9ZocMsd38XN3/wO3n3zZbz50l9QXlqM9//9Kr51173B28HX11bjtRf+DIe9A+ERkXjkmZcwbuIUWNrb8PKzT8DeYcNd9z2AlsYGPP3732D5zbfjiquvDU4eHA4KhQKjc/IwOicPt9zxXQQCAZiMrVj74btY+eYrwVvBG1tbYGkzD1tfQykQCMDv93fbptVFj0gvbWYjfnn3nSOy9oUmEAjA5zt115UobTQ04b1P/uwvuVwOpVIZ/Gz0JTVjNB74w3PIys0f9F7ORWGqMISFhY10G0REREREREREREQjggFWIiIiIiIiIhoWTqcDdafd+vqT9/6DTZ+txqi0DPh9PtRWVcD93+mSDnsHjh3ch4IJhbB32LB/907UVpWjtroCTQ11MBsNOHZoP+YvXjrkAdaNaz9Ga0sTrr/tTmjCw7vtk8lkiItPxHW3fBP7v9qBkqIj3faHqdRQa04dM3f+Itz38B8RPgRBwS6DPUnTZrWgrOR48HF4RCSiz8Hbup+PusLbXX78i4ew7KavD8vaZlMrykuLg4+10TGIjNIO+jrjJk7BirU7EDgjBG21tONPD/0cJ08UBbedL+FVhUKJyNPeu8a6WjQ3NSAuISm4raPD2m06c7Q+FtroGMjkcigUp34ka2ptRZvZ1O3YUM68ZirLSuHxuINTWLtC9ac7cyJrcO1zaOouERERERERERERXZzkI90AEREREREREV0cdm/fjI1rP+62zWa14GTxMZSXFgfDq10+fPtNlJcWIy4hEeMmFQIADC1N8LjdAIDC6bO63Tp7qPh8Xrz50nO449r5+OffnkZJ0RE47B3B/R1WK77ctgn1p4Vzx4wdj/ikUYhLSETBxMLg9t07NuO1F55CfU1VcPplwO+H2WTEjk2f4xd3fRNHD+4N1iuU3SczFh87DKfDcVaPytPqvF4vdu/YDLfLiUAggKb6Whw7tF/4+Xq9nmDY0Gw0YMU/X8ThfV8F9+eNm4iU9Ezh84Vy5mRXlUqNUak9h+3OJKX2XJWTX4DUjNHBxyv++SI+/eBttLeZEAgEAABejweN9TVY+a9/4MF7f9Dvyb4ejweBQCB4Tbz+4rPdrtmCiYWIS0gc2BP6L/tpnw+ZXA6tLhq6GH23f7S6aMhPC5+fL+FVAIiIisLEqTOCjx32Drz/1mtobW4CALS3mfDvf/yt2+ubP24ioqJ0iIiMQm7+uOD2NrMR7731KoyGls5zOewoLzkVLD7TmdfMri0bsO2Lz+Dz+eDz+bDvy+1Y9Z/Xg/ujtDrk5BUEHw/0a4XyzK9JRw/B43GHPIaIiIiIiIiIiIioN5zASkRERERERETDYtZlC7BwyXXYuPZjTJ4+GzljxmLNqreDwdWUtAzMu3IJNn32CUyGFiy/5Rs4fuQgXn72Dyg9fgy3f/dHuP07P4LD3oFnfn8//vH8k9i5eQNu+Pq3MH7ytCHv32a14L23XsV7b70asi5Kq8Oym24PTlm98ev/g6LD+1FfUwWv14tPP3gHn37wjtCaySmp3W6//tnH7+Gzj98DAOSPn4RHn34Juhg9ssd0D/2999ZreO+t16Q+RQCdweEP336zx31KpRJLb7gNWl10v859uvqaKqz816nXctykqfj1759GfGISNnz6IV7448O93nZeSu25LDklHbfe+f1g/2&quot;
08-31-2019 12:59:36 Wire.java DEBUG [Forwarding screenshot on session 8224b39f135dddefa755fa7332753c0d to remote] http.wire 87 - http-outgoing-4 &lt;&lt; &quot;ajAX998lH89clHe6zPHz+p32v99clH8NcnH+lxX5RWh2uuu2XAgXC1JhwpaRk4cmAPFi29QXii67kUXm1pasAPvras1/0/feAxLF5+Ey5ftARb1n+K6ooyAMCX2zbiy20bezwmMTkFS2/8OpRhneHPGXPnYe2H7wSv2a0b1mLrhrVC/SWnpGPxshvx+ovPAOj8uvTnR36FPz/yqx7rl974NWSfFmAd6NeK08OzAPD6i88Ee1lw1TLc85vfQ63RCJ+PiIiIiIiIiIiILm4MsBIRERERERHRsAgPj8CP7vstLpm3ENNmXQqZTAazyYDNn68BACy/5Ru4/rY7cc31t6CyrBQTCqfhb089GpwIWDh9NhQKBaK0OowvnIYvt23Ezi0bMHPu5UMaYA1TqbuFSENJScvATx94HOMLT/WTmZ2LX/7uSTzz2P3BsJuo0Tl5mDH3cny5tedgXJfJ02dj6qy5OLB751n79HHxyBlTgH1fbZe09pmUSiW+/u27MWf+ogGdp0tyajp+9fun0G4244MVryM7byziExIhk8lQMGEyYuMTcfV1N2PshFMTbD1ud5+1crkcWTl5g9LjUJPJZFh4zXXwejx4+dknzppCPBxUKjXu+un9AwrHdlFrNFi87CY8fv89eOCe72HKjDmQK07dACotIwvzrrwGivN08urpRqVm4Ge//UOfn2t9XDx++sDjGJ0zJrhtyow5+Pq378bbr/9dcvBaJpPh+tvugL3DhlX/+WfI46+69ibc9j8/7PZ6D/RrxaSpM5GTV4Dy0t6nxBIRERERERERERGJYoCViIiIiIiIiIZNRGQU5p4WgExOSQ/+e3xCEoDOaYWJySnw+XxYeM11iE9MwtYN67BryxcYM3YCrJZ27N6+GeMmTsGMIQ6vAp1TBQunz0bR4f34asdmlBYdRW11xWnPIQ3jC6dh3sJrUDh9FlTqs6cP5o2biOdffw+H9u3G+tWrUF5ajKaGOgCdAcKsMfmYPG0WLpm3EGMKJgSPi4zS4t77H8OYseOxfePnqCwrAdA5MTMtMwsKZeePdrS6aPzq0T/j43f/hXUfvwez0QB9XDyuue4WLLv5G9i7c4twgHXJDbchLSMLGz79EJVlJVCp1Jg593Jcd9udGD9pCmRyed8nEaBQKJA/bhICgQCOHzmAHZvXY9HSG5CWmYUDe3bB5/Vi9mVXdAs2Sqk9XygUCiy54TZcMm8htm1ch52b16OyrBQ2qwVAZ6gwN38cps6aizmXXwltdEy/1rnjBz+Bz+vBps9Wo6mhDlFaHS694ipcd+sdyMzOhUwmG5TnM3n6LPzuzy/ijb8/i3feeKnbvoVLrsPcBYugUCgQqdXh+tvuRMbonPPyfQM6P9fPvbYSOzevx6bPV+PYwX1wu11QqdTIGzcBl15xFRYsXgZdjL7bcQqFAl//9l0YO2EyVq14PXhcVm4+Fi29AcmpaXj0l/8brE9Jy+h2vEqtwbfuuhfzFy/D+jWr8OXWjcGvJ8kpaZg0bRYWLb2hx8/rQL9WJCQl46En/4qP3v1Xt3X1cfFISBrVLSxLRERERERERERE1BfZypUrA3l53adSFBYWwmVpHKGWiIiIiIiIiIhO8fl8eOmZx7Fm1dvdtv/84T9h4TXXjlBXF47aqnL89t4foKWpAQBwyx3fw3d+fN+w9tDS1IA/PfhzHD96EMCpaa9nTo+UWnsxO3pwL355953Bxz994DEsXn7TCHZEXVxOJ1548neIjYvHgquWIz0zG8qwMPh8PjTUVePV55/Enp1bAXRe33944Z+YOGXGCHdNREREREREREREFxJnIAIAcOjQoRFZv7Cw8+5rnMBKREREREREROe0lqZ6HNz7JZRKJRYuuQ5N9XU4vH83vtz6BebMvxLh4REj3SINUGJyCh5//jV8ue0LNDc2YMqMS5BXMKHHaa9SaonOVX6fD++99Rree+u1kHUz5l6O7DFjh6krIiIiIiIiIiIiouHFACsRERERERERndPiE5Nx653fR0NtNb7+7bvRYbPi36/+FfMXL4VGrRnp9miQaMLDseCq5YNeS3S+yh83Cd/50X2IjNKOdCtEREREREREREREQ4IBViIiIiIiIiI6p4WFqbB42Y3Bx2qNBj/59SMj2BERUf8pw8Jw2RVXQ65QoKqsFLVVFXC7XQAAfVw8xk2cgrkLFuGSeVdCEx4+wt0SERERERERERERDR3ZypUrA3l5ed02FhYWwmVpHKGWiIiIiIiIiIiIiIiIiIiIiIiIiIhoKDgDEQCAQ4cOjcj6hYWFAAQnsL7SWIE1pgacsFvhCfiHtLELVZhMjrERWiyLTcEPRmWHrH3LvAcbrCdQ5mqFJ+Abpg7pfBMmUyBXnYBF2rG4Qz8zZO2KYjc2VntR1uaHlx9hGgClHMiNkWNhphK3F6hC1h5b34KKfWaY6xzw+wLD1CGdL+QKGfRp4cierseExYkha1es3oqNu46grKYRXi//uzgUlEoFcjNGYeGcSbh9+eUha72tr8HfthZ+ZykQ8AxThxcRWRjkmjzIY5ZAmfDdkKWOvSvgPrERXkMZ4PMOU4MXKYUSyvhcqMYuRPiM20OWOtd8AveXO+GtrQG8fF96pVRCmZ4B1SVzoVl2bcjSI+U1qKhvgclqg9/P/6cYCLlchlhtFLJTEzEpJyNk7epNe/DVwRLX736QAAAgAElEQVTUNLTC6+N/fy8GSoUCGSkJmD0lH8uvCP09Jq+PgePrTSNFyrX3RvU2fNZ8BCdtTfD4ee2JCpMrMCYqGVcnTcL/ZM4LWXvwo3qc3GmEsboDfi//P2c4yZUyxGVGYszcOEy5PjVk7b9WbcD67ftQVlUPD38ucUEKUyqQOzoViy+bjjtvWjTS7RARERERERFdVEJOYK1x2fG/ZQdwtKN9hNq7ME2MjMZfc6ciQx3RbXudpw33N36CYmfTCHVG56sCTTL+MOpapIXFdNteb/PjoR1OnDAxtUqDb2ysHI9eqkFqlLzbdmurC5v/UQVjtX2EOqPzTVxmBBZ8fzS0Cepu2+ubjXjouRU4UVE3Qp1dnMZmp+HRe29HalJct+0Bdy081ffC7ygaoc4uPvLw8QjLfA4yVXq37b62ethWPwRv84kR6uzipkwai6jlj0IR0/2X3P7mZtiefwbeyooR6uz8pczKRtRPfgZ5UlK37Ra7A5v2FcHQbh2hzi5s8dFaXDF9PHQR3W9N3Wxow/NvrkZFLb8vvZhlpyfjJ99ajqT47t9j8voYGny9aaT0du3VOkz4xdEVOG6pH6HOLhzjdKl4auLtSA+P7ba9vcmJz58uRWu5bYQ6o9Ml5EThqvvyEJ2s6ba9rqkVv/7jqyguqxmhzmgkFORm4I+//h7SkhNGuhUiIiIiIiKiIXWuTGCVhypieHVoHO1ox/+WHThrO8Or1F/Fzibc3/jJWdsZXqWhdMLUGZA+E8OrJJWx2o7N/6g6azvDqyPjREUdHnpuxVnbGV4dfn5HETzV9561neHVkeVtPgHb6ofO2s7wav95Kytge/6Zs7YzvDq0DO1WbNp39td1huUIACpqm/D8m6vP2s7rY2jw9aaR0tu1x/Dq4Dluqccvjp79/RXDq+eW1nIbPn+69KztDK9enIrLavDrP7460m0QERERERERXTR6DbC+0ljB8OoQOtrRjlcaT/2C+y3zHoZXaUCKnU14y7wn+HhFsZvhVRpyJ0x+rCh2Bx8fW9/C8Cr1i7HajmPrW4KPV6zeyvDqCDpRUYcVq7cGH3tbX2N4dYT4HUXwtr4WfOzYu4Lh1XOAt/kEHHtPBRGcaz5heHWAvJUVcK459QdZR8prGF4dBoZ2K46UnwplrN60h2E5CqqobcLqTae+x/x/9u4zMI7qXPj4f2a2V61WvTerWXKRi9x7NwZTbDqEhAuE3EAKIbnh5iW5N+SGhPQQAkkgEEICxKYZU1woLuCKe5WriiWr1+2774eR11pUbcslyfl9knZmzpyZOTs7c+aZ54j2cXGJ/S1cLp9ve38+8bEIXh1k+1oq+fOJj8P/f/Z6pQhevQLVHmnjs9fPtv0Xlq0Swav/xvaXneSFZasudzUEQRAEQR&quot;
08-31-2019 12:59:36 Wire.java DEBUG [Forwarding screenshot on session 8224b39f135dddefa755fa7332753c0d to remote] http.wire 87 - http-outgoing-4 &lt;&lt; &quot;AEQRAE4d9CrwGsKxqqLmU9/i113cerWkUggnDhurajNSf8l7Emwr+Trm3t6NbGy1gT4Z9d1/azZuOuy1gTASKPQbBp5WWsidB1/3sPrLmMNRG66nosvJ9suIw1+dfRdT8erTzdx5zCYOq6rz/97OBlrIlwJeraJkT7uPjE/hYul67t7d0acS92MXTdr4c31F/Gmgh96Xps3l+39TLWRLgSiDYgCIIgCIIgCIIgCJdGrwGsBzpEtpuLres+LvPUXsaaCP8qurajsiaRfVW4NLq2tcYK12WsifDPrmv7KTt56jLWRIDIYxB0dx9KUbh0uu5/f13ZZayJ0FXXY+EvF5mZBkPX/djQKrKSXSpd9/XJKnFfKkTq2iZE+7j4xP4WLpeu7e1wm8j8ezF03a/1J9ovY02EvnQ9NmXHRSbif3eiDQiCIAiCIAiCIAjCpdFrAKsvJILfLrau+9gXClzGmgj/Krq2I7/4CguXSNe2FgyELl9FhH96XduP3y9+Fy+3iGMQ8l2+igiR+z8gMqxfMboeC784LoOiy34MBsU1xaXSdV/7A+L3V4jUtU2I9nHxif0tXC5d25svKNrexdB1vwb94jrnStX12PhEv8S/PdEGBEEQBEEQBEEQBOHS6DWAVRAEQRAEQRAEQRAEQRAEQRAEQRAEQRAEQRAEQRAEQRAuBhHAKgiCIAiCIAiCIAiCIAiCIAiCIAiCIAiCIAiCIAiCIFxSIoBVEARBEARBEARBEARBEARBEARBEARBEARBEARBEARBuKREAKsgCIIgCIIgCIIgCIIgCIIgCIIgCIIgCIIgCIIgCIJwSYkAVkEQBEEQBEEQBEEQBEEQBEEQBEEQBEEQBEEQBEEQBOGSEgGsgiAIgiAIgiAIgiAIgiAIgiAIgiAIgiAIgiAIgiAIwiUlAlgFQRAEQRAEQRAEQRAEQRAEQRAEQRAEQRAEQRAEQRCES0oEsAqCIAiCIAiCIAiCIAiCIAiCIAiCIAiCIAiCIAiCIAiXlAhgFQRBEARBEARBEARBEARBEARBEARBEARBEARBEARBEC4pzWAW9kTBZG5OygXgUHsT0z9d1m2eiY4kfj10Kgl6E75gkCdP7OSnR7d3m29+bDp3phQywhaDRaNDAkJAm9/LjpY6nq/Yxzu1J7ot98G468k1R0V8tr6hihs/eyfis6viMnk8fyJRWn34s7aAj0cObOQf1WXckJDDY/kTsCjaAW17b9t7qcyIKuaO+GkMMSZiVvRISARCQZr87WxpLeOvpz9mV3v3/dXVD9Jv5JqYsUhIAFR5G3jo6AvsbT/Z4/zP5H6ZUusQAI66a7h27+P91vMq52i+m3o9ZkXf77yfL/f76TdybUwpAJ6gj9+fep9nq9dEzP+VpHnclTATraRw2tfMI8deYnPr4W717Ykn6KPCU8/r9Zt5oebDfuv2+fL2d1Rw0/6f9zjvWOsQHsu8hTitvdfyQoRoD3g47DrFM6dWsbHlQL91uJjizBruGOFgSroZp0lBp0iEAJcvSGWLj5WHWnlxV1Ovy2c6dNw6LIqJaSYcBgVFVtuVxx+islVd/tW9zXT4ghHL3TsmmjtHONB2zg/Q7g3yxMY6VhxsiZj3Z3MTmZJhjvhsS6WL+1dUAvC7q5IZk2zstY7eQIgWT4D3y9p4emtDt7r0VMaBOg+3Lyvvtcyu87d4Ajy+vpb3y9oi5vnvqXFck28D4Fijl6WvqN+xBblWvj0pFpNWpsMX5PH1taw81DqgbenKFwzx/I5Gnt7SEP6sON7AXSMdDIs3YNUryJJ6Tm33BtlX6+bFnU18Ut4xoPIvpswx8QxbkEl0qhWdUQMSBAMhPG1eKvc1sOed49SU9dHuxsQzdHY6sVn28PKEwOvyU3u0mb2rTnBsS0235abeU0z+tBQA/N4A25aXsePNoxHzjFkyhBGLspA1Mu0Nbj54aheVe+sBWPrTyTiSLQPezsbKNl751rrw/1d9dyzJRc7w/3XHWlj2yIYBlTV0dhr501OxJ5jR6hWQIOAL0tHsoXJ3HVuXldHe4O5xOwYi6A+y462jbHlVPZeOWJRF3rQULE4DGp0CdK6vyUPZxio+e+MoPrd/QGUPtt/96NuMGVHY63SP10vlqVreWrWOF5dHXheMGV7IDx66h1inY0Drqq1v5NEnnmHLzn3dpl01ezIP3XsrZpMxvN5nXnyNF/6xssey/vvBL3LN3Kn9ltuT4vxs7rrpaobl52C1mJBlmVAoRHuHm32HjvLi8nf4ZNvuAZU12Iw5v0Ebf/uA5w8F2nAffQjf6b93Lv9btPG3Qud1SdBzEteBLxBo637d2JU+5Wto425F1qeCbKBzYYLeanx1y/BW/JxQ4Ox5WWOfgjH3aSRdIoS8eCp+iefkjyLKVKxjMOb8Ctl0pn2F8Dd9hOvAbeGyFOsY9CnfRLGNRVLsIClAiFCglUDrdryVv8HfFHndcjloYnOwTL4PffZkZJMDZAVCIUKeNny1h+nY8hKuna/1WYb9mh9jGnkDSOqxCTRV0PjKV/FV7upzOcukezGOvAHFnoSkVY9NyO8l2FqDa88K2tY9RcjTHp5flzmeqOt+hmKLH9C2BVpqaFr+TbzHPgl/ps+ZgmXqV9DG5SHpLWqdgwGC7la8xzbStvFZfBWfDaj8i8kwfgqmxTeiTc9GMpnUegYCBFub8e76jPY3X8V3cG+fZUT/8Jfoho8K/+87coj6r31pQPP7y49Td3//31fj9LnYvvwNJKOJkN9H+z/+Sttf/zTArby4kuPjmTV+fPjc25/2DherP/mEypoappeOpSA7u9fpXS2ZN4/Y6Mjfiv1HjvDBps391ikUCrH3cBkfb93aY53yMjOYMno0Wq0Wn8/Hx1u3cvDY8W7l9La+y+VX//swKUkD+54CVFTV8MeXlvPAl24h2tH7/VFXDY3N/PpPL9HY3MpDX76D1KQEAE7V1PHj3z5LRdXZ45SSFM93/vOLJMbHANDW4eL5l9+ktr7hnNYJsHv/Yb7/xO8ByMlM5Zv33UGs08G7H2zkj39dDkBuVjrXXzWLvOx0zCZj+LfY5fZQduwkb7z3ITv2HIwot6d91nVdZ0wYPZx777gBi9kU/szl9vCHF5fx0Sfbwp+dTx0ulfu/sJSZk0t7nR4IBmnvcLFj9wFeXPY29Y3N4Wnff+g+igt6v4cH8Hp91DU0snb9Fl57Z23EtK77ec26Tfzuz690K7etvYM/vLic9Zsjfwu61ruiqoYHv/cTAIoLci6oHV1KpSXFLJozlfSURIwGPZIkEQgGaW1rZ8+BMt5etY5DR/vuJ/rKXTcyfeIYpM7f/NN1Dfzs9y9Qdqz7PXFP+yYUCvHBhi08+dzLEfMunj+dG6+ei053ts/tzPd89/4ypo4fxX/cdj1GQ899R6FQCLfHS3lVNS+/8V6P7Xv6xDF88ebFmIzqNYfX6+PlN9/j9Xc+6LHMru2it2NmNOi5buFMxpUUExPtCNc/GAzicnuoqKrhvQ83Rnw/gYjtCYVCbNu1j//79bO97j+/P8Br76zl76+/GzHPiKI8brhqdsQxDXZ+h3YfKOOt9z7q95heLD8suYsb0qf0Ot0b9HPa3cjbFZt55uAK2v3uXuddmjGVJRlTybYmYdTown2crb4ONtcd4MUja9hc13ef2eykUXwhZy65thQsWsPZflJvG5/W7ueFI6vY2XCk23JmjYGvFlzLnKRRxBjs6GS169wd8FLRXsuyk+t57vC73Za7FFJHxDLv26OxxPR/rdNW5+Ldx7dSvqM24vOciUkMvzqL+DwHepM23Gfi6fBRc7CRnW8epWxDVbfyZn+jhKL5GX2uM+AL0t7gpmx9FZ+8sA9vx9l+gTv+OAtnui1i/pOfnWbZw+sjPsudkszMr43EYNWFP/N2+Fn7mx3sX322fzp9dDylt+YTk2kLb0coGMLT5uPkjlq2/+Mwp/Y3cDn84OGvcN3CWX3O4/X5qGtoYvVHn/C75/5Oe4crPO2PP/8BpaOGDWhdPp+fZ19azm+f/RulJcX86JEHiYtx9jhvKBTC03nefPEfK1j+9uoe58vOSOWOpVczedwooqNsKIra73Nm2b&quot;
08-31-2019 12:59:36 Wire.java DEBUG [Forwarding screenshot on session 8224b39f135dddefa755fa7332753c0d to remote] http.wire 87 - http-outgoing-4 &lt;&lt; &quot;fe/4iXX38nos4Ai+ZM45Gv39PntXgwGKSlrZ2dew7yzF9eZde+Q+FpA9lvXbV3uHjsF8/w1vsfMqwwl3tuX8LwojxsFnOXfhEXew4c5s9/f4MNmy//PZ8gCIIgCIIgCIIgCL274jKwWhQtPyuYzFNFM5gcnYS1M3gV1D41q0bH5Ogkfl88g6eLZwwowDTdZGOELTbis6HWaMwDDE69kpkVPT9Iv5GfZN3BSEsmFsUQDkBVJBmn1sq86JE8OeQe7kqY0Ws56YZYRlgyw8sCODU2xvUR8Hk56WUtC6JLSDfE9j/zOZSZbUzg68lX8ducu/sMsp1kLyDHkBDxWbLeyYLokvNev4SERTEw0pLJT7JuZ0nshPMu60JNzTDz+0XJ3FhkJ9GqQadInXUEk1ZmiFPPA+NjePrqZDIdum7L31Bo5/eLkrkm30aMSRMOXgXQaySyHDq+UurkuWtTGJXUf8e7UStTGBt5PExambSoC/sO6xSJGJOGm4qjeHhS97Y0IdVEdnTk9iVZtczLsQ6ofJteYXH+wB9sXixX59t4Ym4ik9PN2A1q8Cqox9OikxmbbOKxWQlcX3j56qo1aJh6TzGzvjqChDwHOpPmTMwasiJhtOvJGZ/I/G+PZsSirD6XTy5yRiyPBDqThuQiJ7MeGMnsB0eiNfT+/oZGpzBkYhL2RHOv8wym1BGxRKdGBr9a44zkTEzqczlztIEFD49m4p2FxGTY0BqU8DYrWhlrjJH86alc+z/jGTKp77IGQmvQMP9boxl7Yy5RieZw8Gp4fbFGRl6dzdxvlPS5fy8nvU5HVnoyX/3iUn7x/W+EH2YPtnEjiyLK1ut0jCzKH/T1XD1nCk/8v68xeewI7DYLsqxe1kmShMVsZOzIoTz2nfu5fkHvv/9XKtmYg2IrhS7XJbI2Dk3UtF6XkRQLpsKX0ad9D9k45GzwKoCsRzako0/5Osb8F5GUgQecy6Z8DNm/jAxebV6H+/D94eBVbfxtmApeQhM9D0kT3Rm8CiAhKTY0UdMw5j2LLuGLA17vxWAacyvOu17COPxaZEuMGrwKIElIBiu61BKiFj+OY+lvkPQ9nwM1zkx0aaPCwasAsiUWfdbEXtcr6c1E3/pHrDO/iSYmKxy8CiBpdCiOVCyT7sNx01O9rvd8WKY9gGPpb9GljUYyWM/WWVaQTVEYhi7AceNv0Q+ZOmjrPFeS0YT9ge9gf/j76AqHIZnNZ+upKMhR0RimzMTx/Z9ivv6WXsvRjxqHJj0z4jMlPhHD1NkXs/r/0vR6HXHO6IjPUhMSMJ/Db0daYkJE8JUkSSTExqDV/vPfh14uFVU1vLN2Ax0uNfApIc7J9Z8Ldrh+4SwS4tTgjVAoxPZd+1m7/sIDftOSE7FZzXi9PipPnQZgxqSxfOerX2T08EKsnQEToB5rk9HAsMJcvnHv7cyd1v+9XXysk5zM1IjPMlKTMOj7fvlzMOtwOSiyjM1iZvK4Ev7zizf1GrDYG51OS1JCHLdcN5+vfunmc16/xWxi1pTeA2z/GRkNer5y1418497bKRiSicloCAegKrJMlM3KpLEjeeTr/8Hi+dN7LScpPpb8nIzwsgAOu41hBbkDroskSWSkdr8XSU2KjwhePVeSJGE06MnNSuf+L9xISXH3a+0RQ/Mi2pNOp6UwN7vbfAM1Zfwonnj0m1w7fwZJCXER9ZdlGbPJSF5OBl/54k08ePctvbZlSZIoGJLF7Cnjzmn9S6+ew0NfvrPbMZVlGavFzITRw3no/jt73BdXAp2sIcUUyz25C3hu0rfIsXZvFwlGB89M+DqPjriDYkcmJo0+oo8zSmdhTtJonpnwdf572K09rsesMfBYyRf5+Zj7GOUcglVrjOwn1dtYmFLKHyZ8nbuHLIhYNseaxHOTvsWdObNJMjnDwasABkVHji2Zh4Yu4cej7h6s3XLJ6Ewa5nyzhAX/PZa0kjj0Zm1En4nerCWtJI6F3ytl4fdK1T6Vc6RoZWzxJkquy2HRo+P6LSMqyUJ8XuRLQTHZdrTGvpcbd3sBV32vlOQiZ8R2SLKEwaYjd0oyV32vlIyxA3+55lLTabUkxcdy+5JF/PKH3x7wC1gXQpIkDAY9Q7LSeej+L7D0mrnd5rnxmnk8+8v/5bqFs4h1OsLBq6BeG+dkpvG1e27jxd/9mDEjis65DnLnb9DUCaP5+f88zKTS8+9HP+PaBTP5zY++y9QJo4myWT/XL2Ji3Kjh/PTRb/a4vYIgCIIgCIIgCIIgXDmuuADWx/ImsCRxCFq576ppJJmFcZk8M2xmv0Gs0Vo9+ZbIDrF8S3S/6/hn8F+p13O1cwxaSelzPpti5K74GcyLHtnj9HHWXOJ0kcFrellDqW3gDyYutUxDHEtiBv8hnCzJTLTl83DK4l7nGWXJxq4xRXxmVQx9Zng9F1bFeEHBsBdiQqqJhyfFkmrv+3slASMTjXy1NPLN/usL7dxf6iTa2HeblIAsh45Hp8UzIdXU57yyRLdA2Qmppn7XMVCyBLOyLHxhROR5oiTJiE0feZ6w6uUBZ0IFKIrXc1NRVP8zXiQmrczSofZ+95VVJ3PHiCiK4y9OQF9/Jt1VSN6U5H6zgurNWkYsyiJnfOJ5LS8rElljE5jztb6DWKOSLBTOTO11+mBKKohGb4ls33qTluShPWfNADWYdPp9w0gdHovUJUC8J+ZoA2OW5BKfc2HtsGhuOslFzr7XJ0FSYTSlN125vx2gPjSZMLqYb97b80PPC5GWnEB+TnrEg36AvOw0xgzvPTvsuTIZDSxdNIvoKFuf81nNJu64YQHF+ef/sP5y0ERNQ9J97qG2bECx9x5oqEu8B419apfg0Z5IaOyT0ac/OqB6SIoFQ+aPUcxng1cDbdtxH32YoLcqPI8u8R4kbd8v1UgaO7rkB1GsYwa07sFmGnML1lkPIZt7P7cAICsYCuZim/WtHifrsiei2CJf4pE0enRZvV+TmcfeoU6X+zg2koQ+Y1yv6z1X2pSRmEbe0G9ArGJLwDrj64MaOHsubPd9HePM+Uiavq+7ZIsV8/W3Ypgys8fpuqIRyJbI84FstqDvkpFVODcaRSHaFnl/pGbb6/7yVm8SYmLDD9HPsFksZKdemmuMf1XvfbCRrTv3EQqFkCSJ0cMLmTtdPQfNnTaBUcMKwr/D1afrWdZLhrFzlZWegl6no63DxfGKKowGPQtmTsJu6/ulCLPJyOL508nNSu9zPpvVTFpy5DVuWkoiGk3v587BrsPlJEkSRfk53Hr9wvNaXpZlRhTlnVfwXm5WOgtnTT6v9V6J7r71OqZNGN1n2wGwmIxcO38Gk8b23E80rDC3W6ZZrVbDsMJz6/dwRNkYXhh5f/D5tn4hnA47Ny2eFxEwmhQfS1Z6crdr8szUJIoLcs55HSXF+dx2/UIS4pzdyvw8RZaZOHYEN/YRLGU2GZk2cfSAA7Zzs9KZMWlsv/P3tC+uNBISxY5M/mtYZMC5WWPgRyV3Mzm+GEXq+77eoOi4OWtGj4Gk3xt+G4vTJqKV+w6CtGnN/EfuAhamnA1gvy17FkVRkS/3f54iycxLHsM9ued3rrpcpv/nCArnpKMMoM8kd3IyV/2/8wtiBUCCxIJoCmal9Tmb0aYjJvNz11qZ9j7rmFgQzdC56f3WzRJrZMKdhee/DZeIJEkMK8xj0ZzeX9S8GKwWM1+8+VqGdTk3L71mLg/ec1u/GcYlSSInM40ffveBCwpAjYuJZtHcC9tuvU7Hzdct6LfOPW2vIAiCIAiCIAiCIAhXliuqF+fW5DzmxKahdHYGtwV8vHP6OH+u2M+OllpmOFO4JTmfGc4U9LKCBJRGJfCF1EJ+e3xnr+UaZQ3FVid/7/w/y2Qn16wG8gRDIeR+Op/bAj4eObCRf1SXDcZmDprrY8YxLWoocmfHbpO/nTfqN/N63WZqfE0sjB7FktgJDDEmIiFh15i4KnoU7zZ0HzJngi0fk6x2cB93nyZF70QjKeQYEphkL2B98/5Br397wMOPypexor7nITT7o5EU5kaP4OPmfWxuPXxOy25qPcw9h54K/z/JXsD1MeOYaCtAL2uQJZnJ9sJet328LReNpBAkxH&quot;
08-31-2019 12:59:36 Wire.java DEBUG [Forwarding screenshot on session 8224b39f135dddefa755fa7332753c0d to remote] http.wire 87 - http-outgoing-4 &lt;&lt; &quot;H3aTINcUhIjLBkkm6I5YS7ttsyZ/hCAZ6rXsOTVZFDjk2yF3BP4myGm9UhudL0MYy35fJJy6GeirlobhvuIM6snhqCIdhZ7WL5vhbeLWulMFbPkqIoZmSaMWllJGB4gpF5OVbeLWslza7lhqF2rDq5x+UzHTquzrOxINcaDqhMsGq4Yaidjf0MX59s1VAYq2dfrQeAofEGzFqZYEhNVNb3txi2VLq4f0Vl+P/CWD23j3AwNcOMVpbQa6RuwZulKSY0skQwBCeavGQ4dJ3bbCDNruVks6/f/WnUyFxTYGNjefuA5h+Iz29LX6akm0m2qUExIWBXtZtntzewsbyDUUlGvlQSzagkI7IEcWYNUzPM7K7pfSi/i6FgRioZo+LCgZHuVi8HP6rk4EcVtNW7GTIpicJZaThTrWpmEIuWIZOSKfvkVI/L+9x+jm2uYc+qE9QeaSZ1RCwF01NJGxGLopVBgoR8B0PnpLHjzaM91klWJLLHJXLys1oq99b3uw2vfGtdxP+5k5OZdFchWoMGn9vP+uf2cWhdz8cspSgGWZEIhUI0VbXjSLKodcxzYE8003yqvdsyIxZlkpjvCDf81loX+9eWh9eROzmZghmpWGPVYGtLjIHcKcnUlDWx5dXDbHk18px51XfHklykBrVV7qlnxY+6Zylb+J0x6v5DHcJvz3vH2bemHG+Hn+L56RTPy8Bg1SHJEsnFMb3W/VLZsmMf93/38fD/E0YP49p505gwehg6nRZZlpk0djgTRg9j49bIYc99fj/Pv/o2T/9l+Tmvd9r4knDWt4amZhRZwW6z4LDbKC0pYsvOfRe2YZ2mlI4kOSEOULPL7dpfxrN/f5ONW3cxalg+X7r5GkYV5yPLMnEx0UwdP4rdB7oPkXkxucq+iqvsqxGfWUZ+imxSA0t8NX/pNv0MTdRMJEUNKAy6DiMbMkDSopgL0Dhm429c1W0ZxT4pnHU1FGjBW/U0vurnCAVa0CV9GV3ifUhaJ0gKmqhpyMYcgq7er+0kxYIx/wU0UVM582ULtO/DdfgrBDvODlmqiZ6v1k9dM4GWTXgqfoa/cRUa+yR0qQ+jsU0ESUHWJ6GJXkigdcuA9uFg0TgzMY+5DdmgBjiGAj48hz+kY+vf8Bz+CP2QqZhG34x+yDQkRQuygj53Btqdb+CriLxu1OdMRtKpL574646icaSBokEbl4t+yFQ8hz/qtn5dZimSRr3ODLlbad/0Ah1bXyLoacU87guYx92FbHKArKDLmojGmYm//lhEGaGAj/b1T9O69hcD2mZ9ziRkS2dQcTCA+/AHtH30JL7KXRgK5mCZ9lW08QUgSWhisjEOvwSv5hQAACAASURBVJaOzS+e0369UKa5i9CXToLOAMdgSzOuNStxrVpJoO40xulzMM1fjCY9CyQJ2WrDOG0u7o/XdCtLN3IMaDQQCuKvKEeTkgaShLawGE1yKv7K7kM9/ysLBoNs37ePzbt2X1A50VGRL3/EOqLRKEo4cLIv2WlpREepD9M9Xi9+fwCzyYhOqyU1MYEDR3u+BvlndGZo9TO6DpXd03D3QEQAWW9DZfdl2durGZKZRmJ8DCajgfkzJnKi/BRzpo0PZzHzeLy8s3Y9FVU1AOzeX8Z/PPQ/EeXctHge186fgUajRAxf3pOUxDgkSaKuvpH9h44yubSE+NizmV4PHjnOshWr2b77AEPzslmyaA5D87KQZRmnw87YkqI+h/ZWM8WnhLPFJsXHkpoUHy6/pzY3evjQQa3DxVZRVRPRXlKS4lkwYxJTxo/CaNAjyzJ52T0H2fY0pHtKUjyLZk8NB2taTCbyczLZvrvvocU/T6/XMXNyKZ/tPkBVTe/38mo9LqwdXWyzp4xjzIih4eD5lrZ2PtiwhbXrN1Pf0MSU8aOYO20CackJ4ex0U8aPYn0PQyuPKMoLZwCuqj5NfKwTRVFITU6gpDh/wPvZbDSSmZ7Mzs6hokcPH4rTEUUoFALo93z6+fOI0aBnxqSxLJw1Odz+42OdjCzKZ+NWtW9wbEkRMdHqC6pNLa0onVlK7TYLw4fmndPxMRr03LR4Hs7OAKlQKMSJilOsWbeJTdt3U9/YzOTSEuZOG09eTgayLKMoCqOGFfD+h5/02qZyMtK4Zt70AZ37hhflEWVXR4IJBoNs27Wff6xYRdmxckpLilmyaDYZqUlIkkRyYhxTx4/m3Q82DHgbB1tZaxVXrX4k/H+xI5Nbs2YyM7EknBF1ZPQQbsmawUtH1wLwpSHzGROTGw4ebfS28dqJ9Sw/sU4tL3UcN2ZMo8Q5BEWSUSSZ6QkjWJhSytsVmwBYmjGVGYkjwwGwXcs45Wrg6tTx3JQ5nVx7itpPqjOzKHV8ePkS55BwH/FpdxN/OLSS5SfWYdUa+Y/chSxOm4hZY8Cg6JiSMIxnDr19yfbp5wX8Qbb+/RAbn+///rJ4QQbZ4xPDfSbeDj9l6yvZ8eZRag42kjE2nuIFmWSMiVdHWpEguSiG4Vdns+XvB7uVV3+ihRfujnw5xBJrZNhVmYxcnIPOpEFr1JCQ56D33nrQGBTih0Sxt/Mr4Eix4ExX23lvv3vpo+IxR3fe8wVDHN1Uzaa/HqDmYCM5E5MYd3sBsVl2kCA61UrBrDR29tLvcykcOV7O4jsfiPgsPtbJ0mvmcev1CzGbjJiMBooKhsDr73RbftO2Xdz9jYG9fNmVz+fn2ZeW89tn/xb+bMGsKdx182LystXM2jHRDkYPH8qufYdIT03ipsXzsVo678GDQXbsOcDLb7zHytUfk52RyuL5M7h67vRwsGhiXAw3Lp7H+k3bu62/vcPFY794hrfe/zDi8wWzpnD/XTeRnpIYzkZtNhlp73Dx6E+e5NGfPBkx/+vP/5rsDPXFr+Vvr+42fcGsKaQmqS9XhkIhduw5yDN/eZX1m7YzZkQR9965NPybGB8bw8zJpezad2n72QVBEARBEARBEARBGJgrKgXp1XFZ2DRqRpsWv5cfHt7M1/Z9zI4WtbN3bX0Fd+9azdMn9+AJBgAwyApXxWX2WF6jz0OTz4MsSRRZz2abGm2Pw6k1EgyFqPO6LvJWXTzTo4qwKurDuVpfC48cf4mfV7zFUXcN7QEPr9Ru5NtH/8Ih1ylOeRt5vX4zT516v1s5w8zp5JnULGeuoJf3GnfQ7FeDCR1aC5PtBZduo85RrNbGktjxF1zO+ub9fP3Ic7xW/ynBUBDofdsXRJeQrFfbU5O/nVWNO3EFvQAk6hzMiCo+7zpsajmEL3SmbetwaAY+xPFgmJdjJS9GfUAVDMH7Za3c82Yl75a1ArCv1sMPPqjhlT3NNLsD7Kpx89Tmej4+oQapzc+1kh6lDS//zuHI5Y81evnVp3X84IMaTrf7AcIBobOyet7WE03qvo0yKhR1CTDNc+pRZIk2bwCvP3TO27qv1sN/rapmf2dALIBRe/aUOC/HSpJV3ZYmd4A1R9tw+dS2kWDRMi1z4McmI0rLdYV9ZwO4WGRZzTAL4PIFefNgSzhYeFuVi6e21FPTph4LjSyFt/lSyhgVj86krre90cPap3bx6UsHaKxsw+f2s2/1Sdb8Zgf1J1tpq3Nx8KMKti4/G4CZPS4xvLy3w8enLx3kg9/vovZIMwDlO2p5/xfb2bXyGIHOY6jRKWSX9p31x+wwUHCRs7DmTEzCGqeex92tPo5uqsbnUc8BFqeBzNHdh7zTGjSkjYwLZ5ttrGjjnZ9s5bM3jtDe4Ka9wc1nbxxh3XN7aa1z0XSqnV1vH2fPexcWrNA182rd8Wa2vHqY9gY3Pref7a8d4eim6vBDaL1ZS1Ti5clm2JuNW3fxrR/+mjfe/4hgUG0HUXYbk8YOH9T1jCzKR9+ZnW/brgMcPakGFWs0CqUjhw7aemRZRu48Ji63hzff/zgciLtt1wGeev4f1NQ1hNedFB8zaOu+2BTrGGSzOhxhKNCBr245IX8jAJI2Bo1jTm9Lhv8KtO3Ec/Ixgt4qQoE2POU/xVf/BqAee0kThWzsO/uWIesJNaNrOHh1L65DX4oIXlULUzhzSR0KdOA9/WI4wNbfvB7Pif8NZ2tF0iIb+s5EdDEYCuehODM66+ijfeMfaf&quot;
08-31-2019 12:59:36 Wire.java DEBUG [Forwarding screenshot on session 8224b39f135dddefa755fa7332753c0d to remote] http.wire 87 - http-outgoing-4 &lt;&lt; &quot;zbfeFgU8/hj2j8232497xNsKMJz5F1tK55olvwqjZlpBr0CYS8Her8riYAZHM0htxehiHukhXXd2ovrWt/TqClmpCnnbaPnsS99x3ovP6SjXY0MVkXvM2SrFHfcAGC7fV0bPoLvkr1O+Le/z7tG/5A0N2izqvRo3Fc+oyY+tLJyGb1eiLYUEfzz39I67O/w19+nJCrg46Vr9P0k+/jP36EQG0NrtUrafvbc93KMUydjRKv/qYFW5pxb/iAkEd9GUWJjUc/7l8nq+ClEAwGaW1Xr20tJiMZyckAaLXaiIDUM78lvUmJj0enVa9PGltaqKo9HZ6WEBNDnDP6YlT/30ZFVQ3vrF2Px6PeK6QkxnPvHTeQlnw2iGH3gcO8vXpdX8UMWFJ8LLFOB6FQiMpq9VjKshQOrvF4vaxZtzkc0Lf34BFeWr6S+kb1elRRlF6PeWtbO23tHUiSRFZacvjzvJwMbFaL+pJTS2uPyw5WHS6XiqoannlxGdt3nX1p9Mz3ZqDLr9+8nZbWNgAURcZmPb976JTEOOZMu/C+hcttzMiicBB3Q1MLv/njS7zwyltUVNXgcnt474ON/Pzpv3Ci4hR1DY2sXb+ZV958r1s5uVnpZKSq/UQej5cNm3fQ2q7eR9qtFkqG9T+yQGNzC26PB51OS1ZaSvjznMxUzCYjPp+f9o5z75NzuT28vXodb73/cfgcoCgKWu3Zd/QLc7PR6dS2tPfAkXAgu6Io3bLB9mfu9AnhAKlgMMi6TZ/x3z/+LSvXrA9/v9Zt2s5/P/4k23btp63DxZYde3nlzVV9BkRrNAqTxo4kJan/Yc4VWQ4Hdja3tvHOmvWUHVNfTtm0fTdvvPsh7S71t1+r1RIfe2V913c3HuM72/7IHw69jTugHjOTRs+kOPWa36wxMCdpVDhrarWrkW9v/QM/2fMyZa3qdfSK8k+5fd2Peav8EwKd1412nTkig+qMxJHYtOqLVqfdTRFltPvd/O3YB3xzy+852FzBqY56lp9Yz5MH3ggvL3fJ/Lrx9F7+cmQV7X431a5G/nfni2ypOxvMGWuIIsMSOSrBlSp3Wgp6i/p98LT5WPeH3bz3023UHFTvsY5vruGt73/K9mVl+L1qf4RGr5A7JbnXMj+vrdbFxuf20Vp79uV0s7PnEX7cLV7crV4kSSI2+2xfWVKhE1OUnlAoREejp8dlZeXsG+wdTR52vnEkvB1lG6rY+soh3O3qy+OKTsF+hfVLANTU1vObP/6V6tN14c9inY4+lhgcK1d/zJN/+huNTeo9kCzLmIzqMVo0eyoZqerxDgaDrFj1EXd+9RFWrv4YUANxf/bU8zzyf7+mplZ9yVuSJEYWFTBn2sBHR1u5+mO27dwb/t9kNJCX0/NznYFQZDl8HeRye3ht5epwQO2WHXv49R9epLqzvhqNQlLnS8CCIAiCIAiCIAiCIFx5rpgMrCNssaSbzg57ua6hir9U9pzN4fEjWymNiqc0Su0oTNSbmB2Txqq6kxHzeYIBXAE/UVo9yQYLpVEJbGqqZrgtBrOiwRX0c9LdSpy+7+HLr0RDzWlkGzsfzhFiQ/P+HjOFHnXXsHTfE32WNcaaQ7RGfcO91tfC2w3bGGHJxKm1IiMxwpyJWdHTHui58/ByCBJCQh16rNSay7zokT1mlj1Xaxp3MyOqmDitHRmJbEP3zugSSxYWRe3gO+mu4/maD5gVNYxsYwJ6WcsoSxbPsfac170guoRpUUVoO4M8WgIdnPDU9bPU4BqWYMDSmT21vsPPmwdbepzvyc31PLm5e1bK3Gg92s6AqqpWH8/vaOxx+Y3lHbxzuJVbh0WhkSXMWpmh8QZWH23rNm+DK0CiNYRBI5MTrQbXFsbqSbFpOtfjJ8mqQd/P8IjnakTi2X1R0eLjLzubmJFlIcuhQ6+RGJlo4IUdfZcRDKnBoxpZYnqmmTVH2y55dtPadj/t3iAmrYxJK/OVsU4KY/W8eaCFfbUedte4ufql45e0Tl3FZttxpHQ+ZA5B+c5aynd0f8jXWNnGP/5rfY/L2+LPnsMr9tSzb/XJbvMBbH75EAl50WrmUtSHKeklcZzYfjpivlAopD4clNTsqDnjE8PZXgdbYp4jPKRdS3U7O1ccI2tsAo4UCxqdQmJ+NDveiswWkjo8BmuM+lA66A9ybEs1jZXdvzvlO2p56YEPu31+vlrrXGoaXwkS8qK55tFxHN5QxeH1VfjcftY9u5d1z+7tt5zL7YMN25g2fhSxTgeyJJGZNvCHcv0pzs8mO0Mtz+X2sGPvIRxRNorys9FqNCQlxDJv2nje/fCTC15XbX0j7R0uTEYDJqOBr3xhCYW5mbz5/sfsO3SM3QeOcPUXvnnB67kcNPbJyFo1c2bIV42v9lUU6zg0UXGAjGIrRVIshAKR7T7kKedMI9XYxmMufhdf7av4al8mFGjDfeQbuI98Y0B1MOb8Gm3sdeHAy6DrIJ5j3+4evAqEPFUQaAXFgqSYMaQ/imIpwVfzIoG27QRat9C29fxebhks2tQR4QyogfrjtK17qsf5mpb33Wb0meOQLWowdKCtFteuN9CmjUJviQFJRps6CklvJuSJzL4caKqEkJoyXZc+BueXXsa1601cu14n5GmnecX3aF7xvUHY0rP8jSfB7wFFi2yJxb7oh7j2vI1r52v4a8s61//moK7zXGiHFKBJ73xYGwrh2bYJz7ZPu83nLz9O3QN39VmWbugwZLP6cD5QVUn78r9hmDAVTVomkk6PbugI2pe9NOjb8K+srb0Dq9mMTqcjxuHgeGUlaYmJmI2dQWHNzcQ5nb2+DarVaomPUYeZDoZCVNfW0dDcTHpSEjqtFpPBQEpCAqfrGy7dRv0Lenv1OvJzMhg/ejiSJIWDVwHqG5tZserjQVtXRmoSFrMJn88fDmBtaGrG5XJjNOgx6PXcdv1CcjJTWbt+M2XHyjl09AT3PfzDfsv2+fx4vD4sZhMxTgcFuVnsP3SU7IxUjAY9Hq+X07UNOOy2bssOVh3+WeVkpjJ32kTsNvV+wufzU117bvfQZ7L8KYpCaUkxG7fsvKxZai9ETmZqRNbeHXsO9JgltaKqhm9+/2d9llWUn0OUTe0namxu4eNPt5M/JJMomxVJksjPyQhnWe6Nx+MjGAxh0OsjgjQzUpPQaBQam9tpb3dhMQ9un1xuVnr4fODxeNl/+Bh2m4UhWeloNApxsU4ml5awroesgT3Jz8kMB8Oermtk2dure93uH//m2X7L65p5Nj42mnnTJ/LHv/Y98kNNbT1enw+NRiHKZuXeO25g45adfPjJViqqali3afuAt+dy+uvRNVydOp4cm3rPlGFJwKwxMDm+mFiDmvU8EAqyqmorH9fs6rGM3x9cwfDobDI7g0ezbclkWBKwao0M6Sw3RIh1Nbt7LKOstYrFa/9fj2XXupvIsaqB2/OTxxKls7Ci4lNWlKvXaPd98ssL2PrLIz7PQVTS2cD+k5+dZteKYz3Ou+HZvSQXOUkuVq/3LbFGssYlcvTT/vtDnOk2RizODvfPhEIhmip7HpHF7w3g9wQwWHXY4kwkF8dQubuO+DwHWqMGvztA86n2cKbVrppPtRPwBlA0MmaHgZkPjuTQRxXsX11O/YkWDqwt58DaK3vkgeyMVG65biFJCeo9bzCoZnW+nHJzMsIvAVRWn+bZl17rcb71m7bz9qqPuGPpNWrmc7ORYYW5vP/hxn7XYTYZWTx/BuNGDQt/1tDYzPZd5z9Kzem6eto7OsKZbL92z+0U5Q/htZWr2XOgjF37DjF36T3nXb4gCIIgCIIgCIIgCJfORQtgzTVHUTnzSwOeP9NkI6oz+6o3GGB/W98P83a01DLKHodGkrFodAwxR3ULYAWocLeRabJh1+gptESzqamaIqsTWZJo8Hk44WpltL3vbAcWRcuvhk7lV0On9ji9LeDjkQMb+Uf1pRsiLl0fg01ROwW9QT/HPX0Pc9eXSfYC9LKGECH2tp/khLuWTS2HGGHORC9rSNU7mRU1jDfqB3e4W7Oi57GMW3gs45Yep7cHPPyofBkr6rd2m1blaUAna4jT2rFrTFwfM451zRc+LPPm1sM0+zuI06&quot;
08-31-2019 12:59:36 Wire.java DEBUG [Forwarding screenshot on session 8224b39f135dddefa755fa7332753c0d to remote] http.wire 87 - http-outgoing-4 &lt;&lt; &quot;oZAJxaa8T0dEMsY6w5yEj4QwG2tx2lPeBhe9tRMo3xyEjkmZIZax3C5tbDPa0CraRwT+Ic7knsLYOc2tm+p/0ke9t7DsS7WFLt2nC2znpXgC2V55YNJcl2NltORYuPY43eXufdWe1mUV6QaKOCIkuk2XrOtNPsDuL2B9EpCtnR6jmiKN5AlFEhGIKyeg9OowL6c6oqY5KNXFdopyD27IJNbjXTRJpdy+gkI7IE/mCIz0656PAF+eyUi4woHbKkZoAdk2zscx8dafCQYNVi1ckkWLQsHWoflADWMclGttzbe+bALZUu7l9RGf77k/IOrsqzIUsQbVS4vtDOdYV2XL4glS0+NpR3sPJQa5/H62KxJ5jRm9Vj7/cFznnI+a7LB3xBGk72nJ3qjNojTcQPiUJWJLQGBUeypVsAa2utS30YEm1Ab9GSPyOVE5+d/zm217onmkka2hncEghx6mAjPrefUwcaiEo2I0kSznQryUOdVO49GzDuSLag0atBdT53gPp+tnmwlG2oIqU4BovTgKxIJOQ5SMhzMPHOQjxtXqoPNXF0czVlG6ouSX3O15ad+2hubQ9nOHFGdQ8G0Wo03H3zNdx98zU9luHz+3n+1bd5+i+RD5qnjh9FbOdQpafrGvh0+x7sVjMLZ04kMS4Gq9nEmBGFgxLAumXnPj7ZtpurZk1ClmWio2xcv2AG182fjsvtofLUaTZs3cXKtRs51pkF9p+FxjEbZAMQItC6naCrjEDzR2hspSAbkA2ZaJxX4zsdGZDnq30FJWo6sj4ZJA2KbRyKbRyGrMcJ+RsItGzGV/8GvtpX+1y/YhmuZl6V1N8cgh58tcvxN3cPogfwN3+Mv3EN2ribQVKQtLHoEr6ILuEuQoEOgu5j+BtX4at9uccA2EtBE3U2u6i/8US3ANOB0g+ZqgbChkL4Knfhrz+G9+hGdGmj1Cym0WkYCufh+mxZxHKuXW+gz56EYk8EWUGXNhpd2mjsCx4l2NGIt3w77n3v9BlQKilaLFP/E8vU/+xxeijgo33907Su/YW6zs+WYSxehD5rEkgSiiMVy+T7sEy6l5CnDX9dGe797+Pa9SaBlurz2h8XQklKQTZ3DpHq8+KvPL9rPk1yKrphJSDJ4Pfj3buTkKsD796daFLTQZLRZOWgG1aCd9eVH9gyWGRZZnRREaOLinqcHgwG2b5vH5t37e5xeofbhT8QQKMoRNvV+4J4pxOtVos/EKC+qYlYhwOUnl+gysvIwG5Vj6/b46GipppTtXUMy8slxuFAURRS4hPYvvfC71/+FWg0CksWzWbJotk9Tvf7A7z2ztoeh9l+6/2PyclMIy4mOmL+jz/dNqhDuGekJmHQ62nvcFFRpV477t5fxo69B5k2YTSyLGO3WZg7bQJzpo7H4/VSfbqez3YfCAeY9aW2voHE+Bg1629KEvsPHSUrLRlJkmhpbaemtp68nIxuyw1mHS6HnMxUZkwaS8mwsyOf9JaRs7hgCMv+1HfQZX1jM1t3ntv36kTFKWKdDswmI7FOB/NnTvqnDWBNjIsNB4N2DbY+HyXF+Wi1GkKhEGXHyqmqqWXXvsPk52Si1WqIj3UybtQwPtjQez+R3++nw+XC6bATZbMyevhQqqpPh4NsG5taaO9wDSgDaVdOh50JY0Ywf8ZE9PrOfkSvj/YO9V57bEkR0Z3X+PWNTezcexCL2cS0CaPVY200MKxwyIADPrueX8qrqi/4u+T2eDlVU0tWegqyLFNaUsz2Xfvw+f29LvPBhi1MLh3JsMLczsBXJ9cumMHizmv/ilM1bNq+m3Wfbg9nhb0Stfvd1LgbwwGsZo2BYkcm2dYkjJ0vW3X4Pexs7H3I9+Nt1exvOhkOYI3Smsm3p6KRFWxa9YUeT8DHsdZzv75bUf4pQ6PSsWnN6BUt0xKGMy1hOD8q+RJ17ma21h9iRfmnvQbXXkqKRqb0tnxKb8vvNq2tzsW7j2+lfEctjmRLOPtqwBek7mjPL6qfUX2wkcRCJ7IioTNqiE63dgtgdabb+Pqq6/osx9Xs5eT23s9BLTUdRCVb0Fu1xGbZqdxdR2y2HUmScLV4aa5uJ2mos9tye98/Qd6MFNJL4kFS+1XG3JTHmBvz8HT4aDjZStmGKg6sLaet9vKPupadkcruj3oOBj2jqbmFTdt6blOlo4b1ufymbbu4+xuP9lsPs8nIrCnjuG3JIhyd50d/wE99k3q+SEk8ex4ur6zmyPHeg4A/232AxfNnEu2woygKaSndRzcym4z86JEH+dEjD/Zajt8fYMuOPf3WvS+btu9mw+YdXDNvutov4rCz9Jq5LLl6Di63h/LKatZv2s5b73/Y5zYJgiAIgiAIgiAIgnD5XTEZWBXODn3nDQUpd/UdkOMK+Al1ZoJTkDArPW/KCVcL40MJGBUNRVYnEx1JpBjUh4k1nna8/Qz9eKWSpbPDh/lDQWp9fXdA9maSvYB0vfrGtyvo5bM29S38La1lLImdQKLOgUnRM96WN+gBrBfCG/Kzvmk/S2MmIEsyw80Z3Bg7aVDKbvCfzehmlvWUWLLY3qZ2no+z5hKnUx9iN/s72NZ2BIDtbUeZGz0Sm2IkWmNhvC2v1wDW/gRCQT5pOcgTFZc+K5ginR0ivNVz7t8N5ezi4WHpe+P2BwkEQ+H/jdqec1i1+YI0u4PY9AqJFg1jko3kOfUYNDJuf5DKlr7Xc0Z/QZ+t3iCbK9WhzsammIg1d2bF9ATZXqV2eu845WZ2thWbXsZhVChNMfUZwNrkDlLd5mJSuhlZgglpJubknN+QlhfiZxvrCALzcqwYNOpBkgCTVmaIU88Qp56lQ+28dbCVJzYMfqBmX2RZ4swofaFgiI6mc8v03HX5YCBIaz8PKPzeAGd+PGRZDWL9vIAvSPmOWgpnpSHJEvFDohg6Z/CH/E4pcmJ2qBlFPG1eqvarL26cOthI9vhE9GYtRruelGExEQGssiKdGRUbvzeAp8036HXrSeXeejb8eR+lt+QRlWAOD9snKxJGu57MMfFkjo5n5NVZbHh+H1X7rtyscmeGzAP1wcrIorxBKXdYQQ4ajUIoFOJA2QlOVqoPTY8cryQxLgZJkhheOIS05ITwtAvxs6f/SjAUYt608Rg6H95LkoTJaGBIVhpDstJYumgWb61axxO/f/GC13cpaByzkY3ZAIQCHQRa1WxH/uZ1aBPuQtanIikWNFEzugWw+ps/xn30WxgyfoBszCHcSCUNkjYOjfMqNM6F6FO+jvvowz0HpEpaNYC2a15FWY827hb8TWsJtPZ8LeQ+9h0giCZ2CZJsPFMYkmJGMRehmIvQJd6D7/SLuI9++/x30PmSz57rgu3n993UD5mKxqlmDA35XHhPqi8YeY59imn0zShRyUg6M/rsyd0CWL3HPqFl5fexzv62WoYUPoEgW2IwFMzBkD8by6T7aF75A7zHN51XHT+v+fXvYF/0Q3TZk5CUzhdlJAnJYEWbMhJtykjME++lfcPTtK1/ZlDWOVCSLBN+aygQINjQPbP9QOiGj0ZxdmZvamvBu0dND+/duwvD5JnIFiuK3YF+5Nh/qwDWC+Vye/D5fGoAa5QdrVZLjEPN3O3x+WjrZ8jrxLhYtBr1WrK5pZWTVWrgR01dPc6oKCRJIjrKTlpSYniacH4OHT3Btl37mDNtAoqsnruPl1ex/O01g7qetJRENBqFppZWtnYZ+vbZv71OMBhi8riR6HVnf4sNej0ZqUlkpCYxf+ZE1q7fwp96yWYGUFPbQCAYVIdaT0+muCAn/LJNY1NLn4Ftg1WHSyElKb7PIFS/P8Cu/ed+Hx0Khag+Xc8Lr751zsGFrW3t1DU0MmpYIZIkUVKcz6SxI8+5DlcCWT7brxYIBiOuec9FSXE+iZ2ZAT1eNYMpwJ4DZcyZNp5YpwOjQc+IoXl9BrACnKqpIys9BbPJSE5mKlaLCZvVEp5ms/Y/vLfRoOeBu2/hgbt7fvkZ4GTlqfB3Mz87A0VRr8mPnqikqqa2c55qYp2OcAbZpPjY8LS+nDm3ALS0Ro4AUFyQwwNfuoVoh/3zi+Fye/jDi8v46JNt3aZt3rGXuJhoLGYTDruVrtmzEQAAIA&quot;
08-31-2019 12:59:36 Wire.java DEBUG [Forwarding screenshot on session 8224b39f135dddefa755fa7332753c0d to remote] http.wire 87 - http-outgoing-4 &lt;&lt; &quot;BJREFUudMn9Js1+snnXubeO5YwvDAXTecINGeu/XOz0snNSmfxvOm8/u4HvP7OB/1u1+VyynX2WtSkMRBjsKNI8pkrdzr8burcfQfhdgTOvhiskRX0ndd58pn2HwpS62k657otO7EOnazhy/lXE2uwh/tddbKGJJOTq03jWZhSyrb6Q/zPjr9Q1nplv7wJIHU9L/iCNFf3/SKb3x3ozBIsISkSOsO5Pzpob3Cz6cUDfb7c2nyqnWAghFavIS7HTuqI2HD21rY6FwFv732S7/9sO7MeHEnaqDgUTef3UwK9WUtiQTSJBdGMWZrLllcOsfXlQ+dc/0uprqGJ3//5Zdas6z4Sw4XQajXce+dS7r1zaa/zVFTVsHGLeu8gdznPVZ/uO5O5y+3GHzh7XWIydM+U2x+P18eK9z/kd8/9/ZyX/bzHf/MngsEgC2dNwWBQA+HPnBvzcjLIy8ng5usW8PrKNfzfr/94wesTBEEQBEEQBEEQBOHi6G3Uw38JbX4vu1rr8AQDSMBQq5PhthiitHpCQFn7lZuV4FKZbC/AoVUfHpz2NvNpq9qxt6v9BAc71I5GCYnhlgyGmgc/gOtCvHx6A8fc6tv8elnLgugSNNLgDiMvSVJEmRNs+ZhktTPshKeW9c37AVjZsJ1Kjxp4oJEUxttyz3ld/lCAdc37eOjo83yl7A/UeM+9s/1fjS8Y4nSbn5p2tWPUplcoiDWQG6NHAto8QaoGIXjPFwyx5mgbr+9XH/CNTzFh6gyoPdHkZWO5Gtj6blkrVa3q+jSyRGlK/0Md/mNvM3Vd6r84v/uDrYutwxfksY9Oc8fycv68o5H9tR7avUFCXeYxaWWWDLXz8KTYS16/K9HeVSdpqlIf7Gh0CkMmJiErg/uTmTIsNhxA23Sqg/Id6sPTsg1VtJ5WA2NkRSKlKGZQ13shjm+r4eVvfsya3+3k2JYa2hvcBANdWpIE0alWpt07jPicqMtX0XMgSRKaXjLonYtZk8eSnZ4CqA+rd+w7+6Dssz0H8HjVDMcJcU6mjS+54PUBdLjcPParZ7njwe/z51dWsL/sOO0drvCwpAAmo4ElV83k4ftvH5R1XmwaxxwkrdrmQ94q/E0fAhBo3UKw/Ux2FgnFNhbF0n0/+htW0rZ9DK5D9+CvX0HQWwWhrkE/ErKpEEPOkyjWMT3UQCJ8eRx0Q0jNzC0b0tAl3d9rvUOBNlxlD9C+czqeil8QaNtBKNAKXc60kmJGl3A3hqyfDnBvXFkMudORzWoGskBLNd4jGwDwVXyGr0a9HkKS0KWORJs8rNvy7gOrqf3NbJqWfwP3/vfVrKfBwNkZJAlNfB5Rix9HmzI4gUOBlmoa/no39X9aSseWl/DXlhHyRQYeyqYoLNMexDL5vkFZ56WmLxmLZFCDpv2V5Xi2qQ+/3R+tIlDTGRip0aAb2VN7F3oSCAapa2rE3XneNhuN5KSlYe8MuHJ5PLjcvWfUj3NGkxCjnseCwSDVdWeDoypqavD61GtJo15PRlLyxdqMfxslxfmUlgyLCDBLjI9hyrhRg7YOo0FPQpyaBe7zwZEut4ennn+Fh//3l7y2ci1HTlTQ4XJH/BYb9HrmTZ/A3bf2nK3O5fZw5Hg5Pp8PSZLISE0iOyMVi9lEKBTqN4vmYNThShAMBtm57xBvvHtugXflVf+fvfsOjKO888f/nrJ91XuzuqziIrnJvWIbmw6hhyQQSpLjCGnfhOSXS8IluVxyCeTSExISwHAU04wBYxvj3qtcZFnFsrpk9V1t3/n9MdZKQruSbMtaYb9ff0m7U56deXZ2dvY9n6cR/3ptHb7z9G+w7/ClVXLbsGUX2jvVm6jNJiOuW1h8Scu5Wkybku875rW1d+LYhfPasspqnK25cJ1IEJCTmYqs9JSAy+no6kZj83m43R7IsuTr2wa9Dm63Z0Th0ZFoaDqPdzeo54xzZ0xFSpJambN/+BYATpZVwOlUj8HRkRGYNc1/le6x0NzSikMlpVAUBYIgIC87A1lpQ19za23vxM9/+xx+8IvfYcMnu1Bb3+T7jtErxGzC3TevxG2rl17J5o8aURAgCePr0vQrVVuwauNTePrIi9jZfBytji54lL4wpSSImBWdi19MfwQm+eKDe1ez7hYb9q4pxcuPb8HRdYGr6DptbjSVtcPj9AACEJMZjriJEdCHaAEFaK8ZuqiFpcWGt/+/XXj1ya049l4VWqu74HZ4BkyjD9VizgN5mHnP6NysOtoam8/jLy+8jnse/TZefWdwhfkrra29Ey++vg7VNWMbwrbZ7Vi/cRu++p2n8eNf/TFg1fWLYe2x4ce/+iPueew7+PuaN3HydAUs1p5B10XuuW0Vvv/ko5e9PiIiIiIiIiK6Mq5YBdYyaweW7Fk76PF5EYn434JFiNcFDn5pBREphpCAzwNAuEbnqxbpgQKrZ3BFEi/UkGqX2wmTpEGM1oBZ4XHQixLsXg8qejqRagjBhUKuAVk8LvygdBfeaBy9IQhHk0aUkKSNHH7CTzFJOhSa0tFb5yBNH4t3C57yO22UHIrZIdmjOqS91ePAz2vW4r3WA5c0f6W9Ce+1HcRXElZAJ2qQro/FedflD6UdKfdVyLR47L5KqlNMqZhoTPQ9N82cgaPTf+N3GUm6KKyOnIb32wZXunIpHjzfuBn/bNqCB2IX44G4RTBLesiChCJzBg5aAl/kHUsRhssLdMWZhz68hOkk6OS+d57N5b+6ghcKajpdmJ5ogFYWMClWh9gL1VFbbR40dLsHBDFHSgF8FVz/r6QD75Sq4dXJcXpkR+l80xUlBK7cmhiiwfVZIfiwPHC/21XTg0/OWnFHfhhEAZgUp4NXuZQW99lfZ8PX3rv4IcGr2p34w95W/AFq2Do/RocVWSFYlR2CSIMEUQDmTzDivRgdTrZcXCXU0SBKIkJiDMNPeBnz60waCBdKBXu9Clx2j9/p2ussKNtRh+m3Z0HWSghPNF90ddihxGWFIyq173MuITcCj728yu+0IbEGZM1L9Fu9RKOXYQjX+ZnryirfWe9rj0YvI31WHHIXJyMuOwKiJMAcrUf2/EQ0lY/PIH7vkHkAYLH2YP/Rk5g5Nd/3mMvtxr9eX4+/vPjmiJc5Y2oezGb13MZo0OO7X/sCvvu1LwyaTqfVomhSLl544/3LeAUDVZ2rwx/++Tr+8M/XAQD5OelYsWg2Vi2Zi8jwUIiiiPkzC/Fezg6cLKsaZmnBI0hmSKHF6A2QioZsmKf5P0cQNbGQwxfDY/FfUdLV8jpcLa/7litH3QRt3AOQQmYBggxRnwJNzF0BK6oqzkY4an4BbcJXIBpzAQiQI1ZCm/AVOBv+HPA1eHtK4aj+CRzVPwEASOZp0MTcAU3MXRA0MYAgQY5cCan5lYBtv9KksMFDPA5H0JmgSZmO3pLXcnQGYp7Y5Hda0RwDXcY8uOr8D4NpO/YubMfe9S1Xn7cSxml3QpsyHRAlSOFJME69BZ21hwfMp3hcsO74C7o/fuai2++qO4bOfu3Rps+BsfB26HOXQ9CHQNDooS9YDcv2wPv2ipI1kOIufr9oJhZATu87R9EWTEX8uu1+p5XiEqBftBz2rRsvuZmfJV6vF4dOnsS+YyUXP7OiwOPxwGLtQURoKDSyjKS4WOh16udtV7cFHq8n4Plncny8rxKVKIooys9HUX7+oOkEQUB8TDQ0Gg1crrGppj5eud0evPXBx/i/ty8+wHHj8oWICBt47cBkNGDlkrk4UVZx2UN9A0DBxCyEms1DBu5q65vw0tr1wNr1AICs9BTMn1WEhbOnIyzUDFEUMX1KHj7ZlYLyqoFD2CqKgtrGZlh77NDrdAgPDUFedjq0Wg2cThfqGpsRHxPtC7oFcjltCBZFUeB0udDZZcFHn+zGWx98HHDaklNn8OP/+TOKp03G/bevRlJCLAAgKT4WuVlp2LTt0qvXHSopxd5DJVi5eA5EUURORuplf2cLNlmWEBszePjt4Rj0OuRmpfn6WmJ8LH738+/5nTYiLBRT8nIC9idFUVBTrwb3ZVlCfGwUQkNMEAQBdocD52obkJNxaTdKu9xu9aaxklK8tHY9WtvVG9Qn5WXBZFS/E+&quot;
08-31-2019 12:59:36 Wire.java DEBUG [Forwarding screenshot on session 8224b39f135dddefa755fa7332753c0d to remote] http.wire 87 - http-outgoing-4 &lt;&lt; &quot;p1Ojzy+dvxyOcHB7e1Wg3yczJHVKnU2e8YHXcJ2zSQDzbvQG5WGmKjI2EyGjB35tS+KvVDKK+qGbDNJ+dlYfHcGZhVNBlGgx5arQZzZ0zFW+8Hfj8FU4Kh7/qlxWVDk60dqaa+4ct7q7IOJVLbd9x3ez1weFy+KqwAoBFlJBsv/eZcq9uOV6q24JUqtX/EGyJwXeJ0fC51ISaGJUOAgKzQRNybvhTPnRm973UXw+P24sD/lWHXv06OeB5JIyIsfuiqx/pQLcQL10wUjwKnffD19tbqLrzw8CYkT43BvAfzkZgfBQhASLQByVOicXpLLSwIHExUvAraaixwWFzQGGQYI3RImhQFWSfB7fCgrdaC8AQThrtg33S6HU2n233/pxTGIH/5BGTOS4TOpIGsk5CzMAn7/+/00BvmCqo4W4Nbv/gEZhZOwr8/fD8KJ02EIAiIi4nCzMICfLB5O5paAo/EsPfgMTz8zR+NSls8Hg+sPTYcPXEaf/7Xa76bEz4tPnbom6jDQkOg0/Zdh+rxc2OXtceGnz3zV+w7XIKvfPEu3LRyCXRaDQx6PWYWTcKOfaP/XbjibA2e/euLePavLwIAJuVmYdWyBbhx+SJERoRBFEUsmjMd736YheOl4/M3HiIiIiIiIqJr2RULsF6sGrsF3W4nzJIGWlFCUWjgC41mSYMpIdG+oaHsHjfO2fwHyPZ2NOK8044EnQkRGh1mhKkXRS1uJ85YO2CSZLi9XmjE8XXH/3DqHW2weGwwSTpoBAnp+tiLXsaisAIk6kYWfNWJMopDc/D3xtEdivFyvdqyA4vC8lFoTocsSJgVkjXkj3rDKTBNgEnquwjX5e674DozJAuR8tDB6l4hkh7FIdl+A6y9rB4H/tywARpRwgOxi6ETZZglPR6MW4oGZzs+bDsccN4rpbbLhRlJBggAIg0S5qYYfdVHR6LJ6kZ6hDpsZWqYFpPj9Chp8l+hamqCHqYLVU69CnxVVgO1y+lWoJMFFCUYYNKq89V0unC4wQar0wsMM/LgSEOf0xMNiDKOLLwbohMxM8kwZIAVAF4/0YnZyUakhGlgkEUUJVx6SPNivXLnBGRFqvvk09vgZIsDJ1scqO924fHiKBhkEWF6CWkR2jELsHa39MDZ44ZGL0OSRYQnmoefKdD8GhGxmYGrfmr0MqIzwvqGz3N60dUcuH+f+OgcUqfFIj5HDWUm5kdhtIrDJBZEwRg2suCpzqhBUkGULzDaXm+F2+mFVhYh6yRETQhB+c7RaVcg02/PQtEtmZA0Ipw2N3b96yROb1P7ksvuRtm2OpRtq8OtP56NuBx1WM6L3ZdjJT8nHSZDX6WcbuvIj3GBGA16TJqY6TsvGc7EzAmYOTUf+4+O/MfGT3vljz9DVppa8XX/kZP42vf/2/fcybIqnCyrQn1jCx5/8C4Y9DqEhZqRlpw4rgOscuQqiLoRhhhEPaSwRUCteiOJLuW70CV/ExB1UDzdsFd+F67mlwGo1VFdza/A1fwKTFM2QApRQ7KiwX+1dMXdDkfNL+Fs/CcEOQK6lO8Coh6CZIQ2/ktwd34Cb0+pb3pz0S6IRjWc5u7Yip4Tt/ie81gOwWM5BK+9GrrUH0OQjBDkSIjGnDENsHq6GiDHqEFHKSwJclQ63K0j7wv6icsghY+sUqQg66DNmAts/xMAwLz432Fe8DUIshaKw4LOD56G7bB6k5visMJ25E3YjryJqIdfhzZlGiCIkKIzL/IVDqRNnYnwzz0LKTQeUBT0HH4Dne/0hW+cVbvhrNqN0JVPwTT7QUCUIJqioU2fA2fV7sta90h5mhvhtVohGYwQZBlySupFL0M7ZRrE8JGdy4smM3RTp18zAdbR0NndjeT4OIiiiKTYOGhkGV5FQUd3N3psdrhcbmg1mkHzJcTEQBphZe9QsxmZKSkorRwfN7B91ty2einysjN853YdXd0wGQzQaGSkJMbhlpWL8YfnX73s9aSnJsFo1PsCd71+85NvIzVZDZ/3hit79QbMmlra8MDnboBOp0WI2YSk+Fi/Yb9TZZXo7OpGVEQYQswmTMxMA6BWV62tb4Zep4PH4/UNG34l2jAWauub8PUf/vKylrH3UAlcLhe+8sW7EHUhkDKraBLuv+MGPLdm5DcffdqHW3aisGAiEuKiodNpkZ+TcVntDIbm1nb02Oww6HWQJQnJ8Rd/nWjG1ALERI/ss0WjkTElPxtvvh/4OlFDcwss1h4YDXrERkXC7VFvILRYe3C2ph7n24a/4c1md+BvL63F1t0Hh5zOoNchJyN1xNeE0lMSMTkvCyWnhg4yNTSdR8aFkRbiYqKQk5GKsspqAEDJqXI88u2nfdMumjMdj3z+Dhj0w3/XK6usxt5DJVi9bD4kSUL6hCS/wem8nAx849HPIyoiDIqiYMvO/QOObSWnylFyqhxfvMuKG5YvhCSKCA8NGdFrC4aIfuFTu9eFRls7Ki0NsHtc0IgyTLIeM6Jy8F6N/1B6VkgiskL7zkstbhvqes5DJ2rQ7bLBJOuhESVkhFzczUFPF30Rd6YtggABTbZ2fPfg37CnRR1loNHWjpcqNmFH03H8Ze43kGqKhV7SIi0kbpilBl9XUw+cVhe0RvWaSXxuRMBptUYZsdnhvveQ2+lBV4M14PS1R1uw6ZnDWP39mYjOCAMEIGlSNOY/XIB3fjj0OXVdyXn0dDhgjjFAH6pVQ7BQq7O2VXdDq5fh8XghyX0XYZImR2P1UzNhjjEACnBiw1l89Ou+71Q1R1pQc6QFC7ucKLotC6IkwBihQ0phjG/Em2DZf+Q4fvI/f8Qv/+ObyMlUbxIompyHJx97AP/+1M9HfX0ulxv/ePlN/P4fr4xo+qaWVmSmqRW10yYkYUp+TsCA67Qp+TCb1OuaXq+CxubAAdymllb85H/+BK1WgxuXL4IoioiNjsTjD92Lc7UNAdcxUm8+/yyyM9TvUZ8O+x4vLcfx0nLUNjThG489AINej7DQEKRPSGaAlYiIiIiIiGgcGjepzb0djaiwdvr+nxUeh0dSCvxO+29pU1EQ0lf1oNZuwSettQGXXdWjLlcnSojQqBeRzzvt2Hh+9KqJjrVDlkrUOdsAAAIEzAjJwvywvEHTmSQdnp/4ODZP+Ql+nn7/gGkWhuUjRBr5cFdZ+ni/6wgmq8eBt1r3ocujBk0lQfRVlL0Uy8InI0ajVnrwQsEZW1/Fw/lhedCJI8t8CxBQaE5Hqn74ig//aNyMo9a+EEmYbMQX4hYPCNKOlbJWh68Sarhewqps/4HdeyaFY+MX0/HC7Sn4QmGEryLq8WY7XF71B5c4s4x7JoXDqBl8mJmbYsTSdDMkUd1XFqcXxxoDD8Va1e6EtV+7NKIAp0dBZbsz4DyXam6KEVppZH1IADA1Xo8JYYPDC/1VtTvxYXk3nBeGWh/p8kdDfVdftZjMSC0Wpw9O+ho1oq+i9VhrKG1HV/OFoLgAJORFIqVw8PtGo5dx83/MxgN/XIqlX5vqm6ahtB0d9X0/qMRPjMDkVWl+11V0SwaiU/sqb3aft6Hm6PmAbXPZ3Tj9SS0cVnUbipJwWQH5/lKmxkDy897wS1BfV1iCuu9aKjvR0+nwtSm1KBYRSYPDohFJZtz1qwW477eLseChAsRkDl3FZijtdRbfkHxavRxwH0nay6vcPBaWzJ2B6Cg16OxVFJwZhQDH6mXzkJI48h8vI8JCUXyZQ5bWN/b9AJeZlozFcwcPlWw06AcMqTzeyRErIcgj76eSKQ9yxHIAgNd2GopXDSMLktn3eH+CZAbEYW4gUJxwNv4dzsZ/AAActc/A3bXX97RozFGDsv147dX92pQPOepGv+sWgjg8qqvhJHBhtAIpIgWGojv8The68vuI+94hRH1pDYwz74egU487upylEPWhfufxRxObA132IgCAu6UCiuvCvtGaoM9aNGh6QWeCMIpDsDqr98NrvfBDqiBAmzrTF+AdsF6NcUSVzq4E54mj8DRdOM8UBGgnFUI3ffag6QSDEZG/+D1iX3gHYd/84YBpdNOLIWi1I1uhIECTPxlyUuChnmmg9q4uX9Cqt5qf2+1GS3tbwHkmJCYgJnLkI2NoNR&quot;
08-31-2019 12:59:36 Wire.java DEBUG [Forwarding screenshot on session 8224b39f135dddefa755fa7332753c0d to remote] http.wire 87 - http-outgoing-4 &lt;&lt; &quot;qkJMRfXkOvUTkZqVixaA60WvU83Npjw2vvfoRTZyqhKIoaapw2GUvnz7rsdaUkqAHmzi4LDh/vu4Gh+XxfX5iQlIDiaZMHzWvQ6yCO8LO4oUk9L9VoZISY1eNvR1c3Dhw9EXCe0W7DZ8WhklJs3X0Abrf6HhVFEQuKizB/VtElL7O2vgnb9x6Cy6V+XmrkcXO/94idKqtE84VKfoIgIH9iJqZNzh00nUGvw0+/+2/4+29+jK8/fN+AaWZMzR9ws9dwUpLi/a6jV3lVDdo71NFOdDqt73ja1NIasKLxpVo0ZwYS4oauHNhfWKgZUwuGH178ZFkl7A71+1d0ZDjuve36gAFVSZIu6tTio092o+ZCpWhBEPyeu/cG3HunycvOQLKf7x46nXbEN9QFy73pS5Bi6gtWV3U34KylEVsajqDJph7PREHAsoQiLEvw/35+OGc1kox9+/lMVx1K2qtwoLUMtT1qnxIgYGb0RCyMmzJofpOsx0sLn8KOVc/ilzMe9U1zztICh0f97h+lC8Wi+KmD5g3TmqARxv933v7qSs6jrbbvpuvESVGYdrv/UYZm3jNxwHWDrqYenD0wdCXz1uouHHuvynfdBAIwoSgWM+8Z/r3VXmcBAMhaCfpQ9Zy2p92Byj0NfqfvDb32ridpcjSiUgd/R9Ho5VG7+Xg0VZytwWvvbIDlwk20giBgzvSp+PL9g6tEj7WSk2W+z7/4mGh8/nM3+Y7X/c0vnobrFs723axlsVpxpN+5USD/ePktVFb3/XaTGB+LRx743GW3u7ahr39mZ6Ri2YLB36dMRgNE8bP1viUiIiIiIiK6Fo2rK/Lvt5xFUVgMTJIGIbIWT2XNxPSwOLxYV4qd7fVYGpWM+5NysSwqxVcx1eH14KPz52DxDB52scutXtQ6a+uC61NVVs/ZL3+o+WDb2H4UecZkGEQtYjSh+M+0e/Fq80681boXFo8NN0ROx+di5iLHkAABAm6InI4EbQR2dJ5Cqj4GeUZ12CsFCt45vw8/qh5cnebB+KX4asJK6EQNIjRmLAjLw47OU0F4tYG9fX4v5oVOxPKIqRAuMbxaYJqA26JmYXXkdN/F6A63Fbu61GGm5oflIVWnBrZcigfPN27GH+oHD3H51ITbcVfMPIgQkKCNwNLwyXi+cehh26weB15p3oEsQwIiZTWElmNIxJfjr8P/1q2/pNdzqd4v68b1WSGYGq+HKADLM82IMsp46Wg7dtX0ID9GhzsnhWNxmglmrYhwvYTUcA16XF68caITH5R1Y3mGGanhWnX+LDMmhGvwakkHPq6yIs4s4+aJobhxYgjC9ep2VgCcbLH7rWLq9ipot3lwsN6GLocHkYa+C452txdnRznAOjfFiNRw9aK5y6vgX0fa8Zf9g0MK/29+DO7ID4MoAPFmDRanm/HCkfZB0/X30tEOzEoyYmr86AV0RuJwgw2zko3QywIiDRKenB2NeJMG757uglkr4pbcUNw1KcwXqrW7FXTYPGPaxsp9DYhJD4Wsk2CK0GHJV6bgxMZqlG6phbPHjez5ichfNgFRE0IAAcienwhztMFXQaNqfyNis8Kh0UvQGmUU3zMRcdnhOLW5BnUnWtVh5JamYEJhDMQL1Ts8Li+qDzbD5Wc4vP5KP6lF8pRoZBYnDDl03cVIKYxBeII61LzX7cWRdZXY//qZQdPN/1I+8pdPgCAIMEfpkT4jDkfWVaKzwYpzh5sRGpsGURIQkWTG9d+ejpINZ3H6kzpojTJyFiQhd0kyQmOMgADkL5sArVGDzb8/ckltrtzbiMIbMxBjVquqpM+Iw/KvF+HIe5VoqehESmEMpt6Qru4jAFAAW9foB8wvR35OOm5esRCrlsz1BRI6Orux59Dxy152YX6O70fsyuo6PPjNp9FjGxjKz89Jxy+eehwJcdGQZQnFRQX4/fOXvs7Dx09jVlEB9DotIsND8eTD9yI+JhLvfrQdZpMRt6xciLtuus4X7LE7HOjoGr/nPqIhC5J5KtQ3mgJX0xrYyh8fNJ026evQT3hKrYiqiYYcsQLu9o1wnX8b2qQnIJkjAAjQRN0ATPwnnHX/C4/lEOSI5dAm/TskY+/NUQoUV4DQhOId8K+z8W+QTPkQNDEARMgRK6GNf8gXcnV37YQUvhiCaICgiYE+7adwapPhan4JghQKTdwXoE14BBAvHP+9PVBcgavUXAm2I29Cn7cSclQaBEkD05yHIEdMgGXXc3DVHYMuexGM0++BLnuRWkE1fTbkmCx4OmrhaTsHTUKBGvT0U820l3n+ozAv/joEjR6iKRL6nCVwnNkK+4n3YZ73CMSkcEAQoMtbgYi7fgfLzr/51m2e9wg0cRd+5FaUvvDpZXBW74cmLhcQJciRqQj/3DOw7vwbbMfehRyTBVPxF2CYcgt6f91WnFZ4uxove70Xw77zE2gyJ0LQ6yFGRiPsG99Hz/q3YNv4HrxWKwxLVsB4/S2Q0zIBQYBhyQpIsXFwHNwD3fTZvjCq4nbB+sYaWNb8fdA6Qr/yDRhX36pWto2Jg272ArjXvjymr/Ozxu3xwOF0Xaiy6hoQYnM4nejs7oZG9n/zUlJsLPQXQsXWHhs27d6NuqbBwY87r78eMZFqBbT46GjERkWiuTVwMJYGu2nFQsREqdtQURQcPHYKG7bsQsv5NiQlxCEqIgxmowE3XLcApWeqLiso1xuIO9/WDpu9b5SCk2WVmJKfDZ1Wi7BQM754102Ijgz7aH2ZAAAgAElEQVTHxzv2wWjQY9mCYqxaNh8ajdqHHE4nui2DK9lZe9SbuRqbz8Pt9gyosto/oOrPaLXhs+jN9ZuRn5OB3Kx0AIDZZMR1C2fj4LGTA/bTxXh3wyeYkp/tW+Zn0e6Dx5CRmgzdhXPExx+6Fx9u2YnN2/eix2bHwjnTsWLRHKQmJ0AQBCycMx0xURE4VFKKxLgYZKQmQRAEv5U+e926agnuvnkltFoNwkLMmDYlH4dKBgeYurrVvtbQ3IKJWX03GSqKgvqmwDcSXqq87HToLhyDa+ob8dTP/ndQX8hKT8G3vvIFxEZHQpIkTM3PwUsY+rrL1t0HsGB2EXKz0iEIAibnZeNnT/07Nm3bg72HStBjs6N42hQsmjMNE7PSfG0YifqmFny8Yx/uv301dLrA8506U4W0lESIooj42Cg8+cj9eOfDT7B97yEkJ8Zh9dL5WDh7uu+GS7vDgda2zoDLG2tZIYlYlTwL92UsQ4hGDcXZPA7sbFYD+la3HVsajyLNHA9ZlBCjD8cvpj+C9bV7sLZ6O0raq3Bjymzck74ERZFZkC6cv3W5rNhY31eZd0PdARSEp8Ig6RCrD8d/Tf8yXqn8GG9Ub0O3y4abU+bg7vQlmBimXg+9OWUOEo1R2NZ0DHvPn8Jd9kWYYIqFLEq4K20R9JIWayo2oby7HjemzMaXs1chwajeqOL2etDusIzxlrw05TvqkZAbCY1Bhs6kwbwvFyAhPxLH3qtCzZEWpM2Kw5TV6UgrjvdVPHU7Pajc3QBnz9DXTADg6LpKJE+NRs7CZEAAZJ2EvGUpqNzdgNbqrkHTOyzqNfyOegs87oFVVjsbh/6Mqjt+HjGZYRBEddSXVU/NxIHXylD6cQ2iUkMx9ZYM5C5N8b0XXDY3LOdtQy5zLL36zoeYWTQJKxbPhSAI0Om0uHH5Inyycz8qzganOjoArNu4FSuXzEPahCSIooDrl85DWkoi1qx9D5u27UF8bDRuXbUUt6xaiogwNTSsKAqOl5bj/U3bhl1+xdkavLHuI3z90c/DoNdDEATMmFqAu2+5Hq++M/j6+kgdPHoSc6ZPhV6vQ2REGL79tS8hPjYKb3/wMcwmI26/4Trce/tq6PpdF2nvHNwniYiIiIiIiCj4xlWA9V+1pzAtNBa3xWdCEgToRAk3xaXjpjj/Px4oAPZ1NOEv1SV+n7dfqJhTZu2A3euGRuwNpnlRahn5D4RmSYPfFizCbwsGV4zq1ejowRMntmJne33AaUbby83bkW9MwQ2R0yAKIiJlM76auBJfTVzpd/oujw3vtO4HACwNn4wErfqDX4/HgUMW/8NWftxRgtujZ2OCLhoiBBSa0mGSdL&quot;
08-31-2019 12:59:36 Wire.java DEBUG [Forwarding screenshot on session 8224b39f135dddefa755fa7332753c0d to remote] http.wire 87 - http-outgoing-4 &lt;&lt; &quot;B6Bv4IkKGPw9HpvwnY1kp7E2478d8DHjNJOvws7T78LO2+gPM1uzrxg6qXsa97cLirv9dbdqPQnI5YzcgqtxWHZA/ZXq/ixc7OUnzcofatBWF5iNCo4dJ2twX7uyv8zrer8zRWRBQiUjZDJ2ow3ZyB5zF0gBVQt/M0cwbujZ0PWZCgESRcH1GETzqO45i1etj5R0uPy4t/HGrDDxbFItYkQxIFzEwyYGaS/4p1CoBjTXa8cUL9YeRcpwuvlHTi34qjEKJVa+HmRuvwoyVx+NES/+tssbrxyjH/wwYqilqdtcflRaPFjbTwvh902mwe7Kq5/KG/+5ufavIFaztsHhyq93+Re3dND5ZlmBFpkKCTBRQl6PHCMLnAHpcX75V1ISNSixDt5ZWCmJlkwP7H/FfM6PVOaRd+urUZb57qwuJ0sy84mxSqwbfmReNb8wZXplEAnGi2j/p2Hc7xD6sRkx6G7HmJEEQBhlAtZtyRjRl3ZPud3mF1oWxbX+WGExvPITYr3De/pBGROTsBmbMDDBmoAI2n23F0/ciGzz61uQbxOREwRY5O+Di1MMZXXcTW5UT9Sf+fRzXHziNjdgIMoVrIWgkJuZE4sk49Vh94oxxRE0KRVBAFCEBonBHzvpCPeV/I97ssS5sdpVsu78eQsp11iEg2Q9ZJEGURGcXxyCj2XzXOYXWh+uDQlVqutJmF+dj//r8CPu/1erH7YAk+2TV4KFKNLOPhe2/Bw/fe4mdOVY/Njv/+wws4W1uPKXlZvh/6j5+uGBReBYCTZVU4frrCF4JJjI/B9Yvn4MNPBg6tGBMVgT/+13cDrreltR0/+p+/4s0PtmDx3OmYmq++T5LiY/Ctxz6Pbz32+UHzKIqCE6crsevAsYDLDTY58gaIugthPI8F7q5dfqdzt62HN/6LEPUZAERIocUQJDMUjwWu5tcgGnIhSEZA0EITfSs00bf6XY7i7oC77YMRtc3d+h7cEddDE3svIEgQ5DBo4h+Cu3MbvLZyuBr/CU3kjZBC1Wovoj4N+oxfQJ/xC39rhqf7ENztYzuMu7ulHNbdf0fIdd+BqA+FIOugn3QD9JNu8D+D1wN72RY4zmyFef6jkMISAaghT+e5/X5nsZ/aCMP0eyBHpgKCCE3KdAg6ExSHFbZjb0OOyYKgNUKQNNAXrIa+YLX/Vds74Ti9adDjgqSBedHjMC8aHGzupTis6Fz/I9iOvoWeA69Al70YclSaWn00Ph/hdzyD8Due8ft6nZU74W4d2efCaOlZ9wY0WRNhWLwCEEWIYREw3/cQzPc95Hd6r6Ubts1qv9XNnAMx7EI16c4OOEsO+53HcWgf9POXQAyLgKDVQVtQCKufAKuckob4ddsDttVdcxbnv/bAgMcEWQPzPV+C+Z4v+Z1nqGDtlSaKImZMmoQZkwJXu3a5XNh24ABOV50d8LjXq8DldqOuqQk2hwNGQ995cJfFgubWNiTF+a+6nRyf4Kt02d7V5Te8CgB1TU2IigiHKAgw6vVIjo+/qABrXmYm8jIzAz5/qqICW/buG/Hygk2WJdx503LcedPg6tm9+g8hvnLJXBROyvWFUxqbW7F2vXrc6K3MefOKxZBlCROS4rH6ugWXPLT85LwshIeGwOP1orp2YEW4jVt3o3jaJF/YMS4mCg/deyseunfwZ4+iKCivOuc35Od0qUGemvomOF0uX4DV7fbgXK3/KnSj3YbPIpvdgXc3bEVCbAzCQtXv6hMzU3H90nl46/3hv4MHWuYnOw8gJTHeb+W5z4L1m7YjIzUZC2dPgyiKCAs14+5bVuLuW/xfJ7L02PDxTvWzfda0SYi+EK632R04Web/OtG+Q8exfOFsxMdGQxAE5Gal+a1I2lu1tLGlDS6323dDgMPpHFCJbzRkpacgJzPVd05+pvKc3yBzeVUNzlSeQ2y0GkKMjYnCguJp2L730KBpe9nsDqx9bxO+8sW7EBURBkEQkJqcgC/fdxu+fN9tAefrtljR1jF8iHT9pu2YWViAyXn+v/8CwEdbd2Pa5DwkxKnbPH1CEp589H48+ej9g6b1er04evLMqFe4vRhZIYkovS3w3XoKFBxurcCb1X3nHn8+vQ4F4WmYE5sHAQJCNAbck74E96T7v5jkUbz4uOEI1vZbxosVG1EQnoqbUuZAEkRE6ULxeN6teDzP/3eCLpcVb1XvAACUtFdhc8NhPJBxHWRRgknW4970Jbg3wPob7W3Y1BC434wnR9+tRHxuJPKWpUAQBchaCTmLkpGzKNn/DApQf7wVB98Y+lpsf3teLEVsVjjCL4wOEzkhBFNvzsDHvxt8scztVK/Xt1V3w+3w+AKsHrcX56uGfs+UrD+L9Fnx6noEICYzDKuemolVT80c/DK8Cs4dbkF77fgKGv/pn68iNzsDqcnqNauM1GTcfesq/PzZvw6atnj6FJRsfWvI5b25fhN+9Ms/XFabqmvq8eIb6/Dkow8gxGxSqz3nZOCnTz2Bnz71hN95ms+34cXX1414HWvWrkfR5DxfeNdsMuK2G5bhvY1bfTfzXKw31n2EZQtmo+hCJfDkxDh874mH8b0nHh40raIoKDl1BjuGON4TERERERERUfCMuwF1fnB6F15tKIPDO3QFQLfixfrmKjx8bJPf6qv9VfV0ocPdVwnO7nWjzNrhe86hjG21wdH0XzVrsamjBJ5PVQv7NIvHjjVN2/D2eXUY3OnmDOhE9e7jRmcHNnX4D7VU21twwnoOCtShz1N0UbgufPAQXMG2r/sMPu4ogXeY7TASXsWLnV2l+K+atQDUoG2hKR3ihfKLVfbmgIHarZ0ncNbe7Pt/ojEJs0IC/wjR358aPsRx6znf/4m6CDwQFzg0faXsqunB7/e2otk6dJUFBcDxJjt+s2tg5ZS1Jzvxx72taO0Z+n2lAKhsd+I/Pm4aUWCyptMFr9L3f6PFjR6Xur/PD7OukTBqREyJUyvPAsDZDhf21/m/gLq92orqjr5jysQoXcCQb39vn+rCkQYblGGnHD09Li/+tL8VVcNUq1UAlLc68Lu9Y1sVsNeO50+ian8TvJ6ht46zx42SD8+i9JOBP3jueP4kTm+thcc19DHA61FQua8RG35zaNjqq73qTrTi7IEmKN7L33MavYy4nAhf4KKj3oq6E/63efWhZnTU91UfiUoNUQOrAFx2N3b+6yQaStswXIfq6XDg4NozAdczUsc/rB7RNnY7PTixsRrlu4cOXAST1+vFrgMl+OUfX7jsZc0qLEBUhHrzRI/NjsMnygJOe+j4aV+4NcRkxMxC/4Hjkeix2fGnF95AVc3QN86oYZUa/O751y95XWNBDpvrq1CqOOrgbn3X73ReWzk83YfQ2/FFfTrkqJsBAM6GP8PVvAbwDg4QD1yIHc6G5+A6v3bE7XPU/x5ee1/ITTLmQZf0pNpejwWOcz+F13Z6mKUo8FhPwF794xGvdzT17H8Z1u1/gtc2TJDC64GjfCu6PvxPAIA2dRYEjbpvPJ0NsJ/0XyHH3VoFV90x9e4TAHLkBOjzrwcAWPf8C7Yja6G4h66Ip7js6Nm3BraS9y7mpflvT0s5LFt/B0/3MGF6RYGjahe6Nv3qstd5Kbr+/Azsu7YCnmHOm6xW9Lz7Omwb10MwGKHJm+yrHuupPQfnMf8/xDr27YS7tu/8Us7IgnbKtNF7AVe5T1eq7OxWK1nXNTXB6Rp4bpWdlorQC8O+e71eNJ4PHByqbWr0BbskSUJynP8bQmiw5MQ4rFo6D8YLQ5w7nS5s3rEXtfV97/U312/GqTNqIP1yh5ZPTlCDjA6HE+fqBlZpttkdePnNDwYMX+uPoiiorm3Ai28MXeWxobnFN6wwoAZbe4cWb2hqgcs9+Nx1tNvwWbP3UAm27TkIz4VjqFarwbL5xX6HVx+pjdv24NSZSijKWH5rG13PrXkTew6VwOMd+ry9x2bH+o3b8PEONfCen5Ppq97f2t6BPQf9Xyeqb2pBeVWNbxvFxURh9vTA14nq6pvgcPQdM609djQ0q9cR2jq64HZf/vf5KXk5vqqAQ4VvAbVyce8x2GTQY0r+8NdsDpWU4rk1b6Kh6fywfcPt9uDYyTI885&quot;
08-31-2019 12:59:36 Wire.java DEBUG [Forwarding screenshot on session 8224b39f135dddefa755fa7332753c0d to remote] http.wire 87 - http-outgoing-4 &lt;&lt; &quot;eXUHKqfETt37Rt74D3/6fV1jfhtXUfoa1j6MqBvQGtNWvH73tdgYKS9ir8/NgaWN195+1Wtx3fP/QctjcNf43T7nHilcqP8b2Dzw167j+PvoSN9QeHXUa3y4YXyjcOCMD+/tTb+Ljx8LDzdjqteK7sAxxt839z+3i05fdHcGJDtS88GojXo6Bsex3W/WTPiKqv9mqt7sKRdyp811kEUUD2wiRkzUsMOE97ncVXjRUA3A4P2qq7fc95nIP3Q2t1F/a8WApL6zDf+RTg3OFm7Pj75Y+4MtoqztbglTfXw2ZXX4Moili5eC6WLZgd1Ha99s4G/PavL+F8m/8iA716b4h56qfPXnQY9E//fHXA+dTEzHR87cF7Lqm9gFrF/nfPrRn2pghFUVBWUY1n//LiJa+LiIiIiIiIiK6scVWBFQAsHhe+c2oH1jefxaMTJmFKSDRCZS0kQYACwOJ24rS1HS/WluKNxpFdCD7S1YImhxUpevUu8FaXHUe7Rn+4smCwehz4TuW/cGPUDNwZPRfZhngYJR0ECPAoXnS4rdjfXY41zdt8lTynmFKRZVDv8lagoMRaPaiian+HLVVYFF4Ao6iDUdJhTuhEXyXX8eTV5p2Yac5CpuHifwBWoMDmdeKc/TzePL8Hr7bs9D23KKwAiTq1OodL8eCoZejqXEcsZzHFlApZkBApmzEndCJ2dw0XalH35d8aN+HHqXcjRhMKAQKKQ3JwfWQRPmzzX1XrSvngTDcO1tvwyIxIFCcZEWuSIInqe9Dm8qKuy4X3y7rxUoDKqW+c7MS2aqtv/iij5Bui3uFW0GhxYUuVFc8fbveFUIdztsMJh8cLgyzC41VQ3ja6w5MvTDUhIUT9sc7lVXC0aei7/4812TE5Tg9ZFBBhkFCcbAwYeO3vjROdyI3WIcY0doffg/U2PL6+ftD+BC59f4w2l92Njb89jJwFSchfloKIlBBo9TIgqD+gOCxO1J1sw/EPzqKpfHC/c9nd2Pq346jc24gpq9MRnREGnVGGIAqAAjhtbrTXduPk5hqUba+76Pad2HgOiflRiEg2X9brTJ0ei5AYNezsdXvRdKZ9yOmbzrQjLjscoiTAEKZD8pRoXxC1vc6Cd/9zL6bckI6c+UkIizdC1qkVuzwuL3o6HagrOY8Da8thbRvmx50R2vHPk2iu6By0jxSvAkePG+crO3Hs/SrUHBt/n7GKosBmd6Cmvglvb9iKN97bPCrLnZqf4/uhv6mlDR/vCPz5uO/wCbTc3O4bsnVqfjYmJF16aOngsVI8/oNf4ZH7b0VxUQFioyIgSWofcDidaGxuxZZdB/H8q+v8VoUdL6SQmRCNvWFeBZ7uA1A8gavkeLr3QI5cBUEyQZDMkMOXwtWsVpS0V34HHstBaOMfhGjMhyCZoXZSDxRPJzyWI3DW/QHujovb/96eUriaX4Iu5btq0FaQIEfdCE33HriaXoK7cwd6jt8G3YTvQQpfAlGbAAgXjvNeO7yOGrha18FZ+5shX9uVZtnxVzjO7odp9pegS58N0RgBiBKgKFAcFrhazqBn/8uwHVWr/GiSiyDH5qgzKwqctUegOAIP6+k8dwD6icvUSqtaE3SZC2A7rAaFO9f/GM7aozDOvA+a2BwIWhMgCIDXA6+9G66GElh3/QOO8uGHoBwp29G34W6t9v96XTa426phO/o2rLsGhx/GimLrQcd//wcMS1bCuOpWyKnpEAxGddt4PPB2d8J57DCs774O12l1mF3drHmQYtVjh+J2wXnK/2gUvVynjkM7sQCQZUhhEdAVzQoYeKWBOrq74VUUiIIAl9uN1iEq6SXGxEKrUT8PbHYH6pqaA057rr4BnV3dMOrVEGZkeBgmJAaoHE8D3LJyMZLiYwGon+2nzlQOqrapVubcgqSEWESGh8JsMuLmlYsuaWj51OQEaLUatLS2o6a+cdDzJ05X4Olf/wV33bwSUwtyEBkRBulCFV6n04Xzbe3Yc6gEb67fPOy6y6tq0N7R5asM2dVtGdFwwqPZhs+iV9/ZgLSUJEzOU0eoiIuJxPVL5l1y1V0A2LBlFzJSUxAZHjpazRxTNrsDv/7TC1g0ZzpWLp6LlKR4GPQ6CIIAj9eLbosVx0vLsX7jdpRVqteJcjJSfeelQ1Uw7XXqTBVmFOZDr9PBoNehsGAiNm3f43faszX1sFh7YDYZAQDnW9txaoiA6aXIzU6HRqOeew0VvgWAYyfL0NY+H4nxsb4KsolxMcOuY9/h4yg5dQbXL5mH+cVFiI+Ngk6rHbBdT56uwIdbduHE6YsLNu7YdxjTp+ZjQXGR72bHT9u2+yAam87jhuULMCk3C6FmE0RRhKIovnP/rbsP4t0Nn1zUuseK3eNEg60N757bhRcqNg4Ir/ZqtLXj0V3P4JYJc3FP+hJkhSTBrNH7rnF2u3pwouMsni/fgB1N/oOJVrcdT+77o28Z2aFJMMl9y+hwWrCn5RReqNg4KIBqddvxxN4/4MHs63FLylykmeOgl9TRU4abd7xz9rix8TeHULatDtM/l4W47AjozBrfNRNHjwutZ7tw7L0qnNp0bvgF+nH4rQrET4zExKXJEAQBxjAdCq5PRflO/zddNp1uh+W8DaFx6rHB1ulAU9nQ10gA4NTmc+iot6DotiykFMbAEKb1vQ6X3Y2OBitObTx3URVkx9qatesxOS8Hq5YtgCgKiAgPxa2rl2JzgOPoWHn1nQ/xya79+OqX7sacmYWIjgz3nd86HE40NLVg07Y9eG7N2kuqmlpxtgYvvvYunnzsAZhNRsiyhGULirFhy04cOxn4ZuCh7D9yHI9+68e+NsdFR/ZdFxmFNhMRERERERHR2BBee+01JScnZ8CDhYWFSNwUvB9yryVVs9ShW2eW/TLILaGrxf6c/wcAmPfy+Boii65uO+9Tg53PPza2YWu6+jz4F7VC2ry7vxvklhAA7Hz1vwEA9mO5QW4J6aeoQz63/s+8ILeE+ov6tnrTU9t9dwa5JVePyJfVitHPrdsS5JZcWx6+SR0i+d4ng1ONmMa3V579DgD2j7HC7U3B0tv3pmx6KsgtuXodu+6/AAB/uH1XkFtCQ/m3N+cCAKbf+NUgt4TGg4Pv/SnYTSAiIiIiIiK6YuyKenPxkSNHgrL+wsJCAIAYlLUTEREREREREREREREREREREREREdE1iwFWIiIiIiIiIiIiIiIiIiIiIiIiIiIaUwywEhERERERERERERERERERERERERHRmGKAlYiIiIiIiIiIiIiIiIiIiIiIiIiIxhQDrERERERERERERERERERERERERERENKYYYCUiIiIiIiIiIiIiIiIiIiIiIiIiojHFACsREREREREREREREREREREREREREY0pBliJiIiIiIiIiIiIiIiIiIiIiIiIiGhMMcBKRERERERERERERERERERERERERERjigFWIiIiIiIiIiIiIiIiIiIiIiIiIiIaUwywEhERERERERERERERERERERERERHRmAoYYNUIzLZeaf23sUaQgtgSulr070cy38I0Rvr3NVESgtcQ+szr339kmZ+LwTZgHwia4DWEBm5/SQ5eO2ig/vtC5n4ZFf22oyjynGKs9N/WssTPXxqof59g/7jyuL0pWPr3N43Ivncl9N+uoszznPGq/77R8LrENY99gIiIiIiIiGhsBIy45RpDxrId16T+2zhLFxPEltDVon8/ygpngpXGRv++FpFsCGJL6LOuf//JmpAQxJYQMHAfiPqcILaE+m9/OToriC2h/vrvCzllQhBbcvXovx0jQ8xBbMm1pf+2npDI76U0UP8+wf5x5XF7U7D072/Z5vggtuTq1X+7RqWagtgSGkr/fZOVlhTEltB4wD5ARERERERENDYCJtxujEwcy3Zck/pv4+UhuUFsCV0t+vejZamsBEZjo39fy5gREcSW0Gdd//6zbO6UILaEgIH7QAxfHcSWUP/tr81dFsSWUH/994V2zrwgtuTq0X87ZiTFBrEl15b+23p20cQgtoTGo/59gv3jyuP2pmDp39+uj+N3sSuh/3bNnhcVxJbQUPrvmxULZgSxJTQesA8QERERERERjY2AAd&quot;
08-31-2019 12:59:36 Wire.java DEBUG [Forwarding screenshot on session 8224b39f135dddefa755fa7332753c0d to remote] http.wire 87 - http-outgoing-4 &lt;&lt; &quot;ZHEzIw2RQ2lm25pkw2heHRhAzf/w9EzEKenhUO6NLl6ePxQMQs3//35WmRG8kqrHRl5UaKuC9P6/t/0opYRKUag9gi+qyKSjVi0oq+AM19Ny1CbkZyEFt0bcvNSMZ9Ny3y/S/HfBmioSCILbp2iYYCyDFf9v1vmHkf5Dje+BRsclwuDDPv8/2vv/FmyOkZQ8xBw5HTM6C/8Wbf/1MyJyA6jKOCXGnRYSGYktlX+fampbOQkcLvpaTKSInHTUv7vmOyf1xZ3N4ULJ/ue19KXYj8UFYdHE35oUn4UupC3/9FtyYhJpPV5sebmEwzim7t6/tfuGM58rI40sK1Ki9rAr5wx/JgN4OIiIiIiIjomjBkuu33WdMYYr0CJpvC8PusaYMe/3nCzQyx0iXJ08fj5wk3D3r86fl6hljpismNFPH0fP2gx5c8ksYQK12UqFQjljySNujxp5+8jyHWIMjNSMbTT9436HFN6rMMsY4x0VAATeqzgx433/Q0Q6xBJMflwnzT04MeNz/xTYZYL5GcngHzE98c9PjSGQUMsV5B0WEhWDpj8HH9iS/exNAcISMlHk988aZBj7N/XBnc3hQsgfrerybfxxDrKMkPTcKvJg/+frXyWzkMsY4jMZlmrPxWzqDHf/G9hxlivQblZU3AL773cLCbQURERERERHTNEF577TUlJ2fgxZnCwkI4uhp8//+1oRLvtdWjtKcbLsU71m28KmgEEbnGENwYmTig8qo/L7bvw8buUpQ7WuBSPGPUQvqs0QgSsnQxWB6SO6Dyqj8vn3Jic7Ub5R1euPkWpssgi0BWuIhlqfKAyqv+HP+oGZUH2tFea4PXo4xRC+mzQpQERCQbkDEjYkDlVX9eXrcVm3cdQ/m5Brjd/Fy8EmRZQtaEBCybO2VA5VV/3C1/h7fjfXjtZYDiGqMWXkMEDUR9DsTw1QMqr/pj2/8ynKWb4T5fDnjcY9TAa5QkQ47OgjZ32YDKq/7Y33sXzt074a45B7i5XwKSZcgpE6CdM29A5VV/jlWcQ2VdM9q6LfB6eU5xOURRQGSIGRlJsQMqr/qz7uN92HP4NM7Vt8Dt4efvtUCWJExIjMHsookDqjH6w/5x+bi9KVgupu/9s3obPmw6hjOWRri87HsjpRElZJvjcX3clAGVV/05/HYdzuxsRWu1FV43z3PGkigLiEo1IXte1IDKq/68sHYjPtp+AOVn6+DidYmrkkaWkJWWhBULZrDyKhEREREREV0z7IpanO7IkSNBWX9hYSGAEQZYiYiIiIiIiIiIiIiIiIiIiIiIiIjos2+8BFg5tjgREREREREREREREREREREREREREY0pOdATzz92eCzbQUREREREREREREREREREREREREREV9i9fwjJIVUAACAASURBVJ4X7CYAYAVWIiIiIiIiIiIiIiIiIiIiIiIiIiIaYwywEhERERERERERERERERERERERERHRmGKAlYiIiIiIiIiIiIiIiIiIiIiIiIiIxhQDrERERERERERERERERERERERERERENKYYYCUiIiIiIiIiIiIiIiIiIiIiIiIiojHFACsREREREREREREREREREREREREREY0pBliJiIiIiIiIiIiIiIiIiIiIiIiIiGhMycFuABERERERERERERERERH5F3Frd7CbQHTVa387JNhNICIiomvYlMfDLvwlBLUdNH44nU5YrVacOlmKjRs2orKiEt+a82ywm3VFMMBKRERERERERERERERENI7dddddwW4C0VXrtddeC3YTiIiI6BonSdKFvxhgJZUkSRAlEZIkQhCu7n7BACsRERERERERERERXXWy7jWhzd4U7GYQEQ0pUh+H8leswW4GEY0jPIcZWzwOExHReKDRaoPdBBpnFCjQOrWQZRmiyAArEREREREREREREdFnSpu9CXfeeWewm0FENKTXX38dgDnYzSCicYTnMGOLx2EiIhoPNBpNsJtA44yiKJA1MiRJYgVWIiIiIiIiIiIiIiIiIiIiIiIiIhp9DLDSp3m9XsiSDFEUATDASkRERERERERERERERERERERERESjTJKkYDeBxhlJkiBKIkRRZAVWIiIiIiIiIiIiIiIiIiIiIiIiIhp9V3tAkS6eKPaGV8VgN+WKY4CViIiIiIiIiIiIiIiIiIiIiIiIKAiEq3yIeLo0AgQIAnC155sZYCUiIiIiIiIiIiIiIiIiIiIiIiIKAkVRgt0EGm8UQMG10S8YYCUiIiIiIiIiIiIiIiIiIiIiIiIKAq/Xe8WW7fF44HA4YLVa0dXVhZ6eHrhcLni9XgiiAK1GC4PBALPZjPDwcGi0GricLlgsFrS3t8Nms/ldrk6nQ1hYGEwmEwwGA2R5YAzRbrejo6MDVqsVDocDGo0GUVFRMJlM0Gg0EEVxwPRWqxVNTU2wWCx+1ydJErRaLUwmE8LDw6E36CEKfctwu92w2+3o6elBd3f3kK8zNCwUer06f+96nU4nzGYzTCYTzGYzNBoNAMDlUreF1WqFxWKBVqtFXFwcTCbT5eyWYXm9XiheBYqi4GrPNzPASkRERERERERERER0FTt9+jTuvvtu3HHHHfjhD38Y7OaMC9wmRGNr586dmD9/Pl566SXcf//9wW7OuGaz2fCNb3wDZ8+exZo1axAVFRXsJhEAl8eJ1w79FdvL38dDc76DWWlLgt0kIiIiuop4PJ4rtmxrjxUtzS2orq7GiZMnUHOuBu0d7XA6ndBoNAgPD0dSYhJycnJQWFiIsPAwtLe1o6KiAgcOHkB9fb3f5cbGxKKgoAAZmRlISkxCSEjIgOdbW1tx5MgRVFRUoKWlBRERESguLkZGZgbCQsOg0+kGTF9XX4eNH21ERWWF3/UZDAZEREQgPT0dhYWFSExMhCzLvhCr1WpFY2MjzlafxenS06itrfX7OrOysjBp8iTEx8dDlmXfetvb25GZlYnMjExkZGQgIiICANDZ2YnKykpUVFagorwCERERWL5iOTIzMi931wzJ4/WoIdarPb0KBliJiIiIiIiIiIiIiKAoCkpLS/Hcc89h/fr1OH36NACgqKgIU6dOxcqVK7F06VLExsYGuaVjx+FwYMuWLfjHP/6BzZs3o62tDSEhISgsLMT8+fOxYsUKFBcXw2AwBLupRNcsf+/TiRMnYsGCBXjooYdQXFw8qLLRpegNoD722GN45plngv6+5zGbaLDW1lasXbsWb731Fnbu3Inu7m4UFRVhwYIFuOuuu1BcXOyrjNba2or7778fGzZsGLCM1NRULF68GA8++CAWLFgw6PjRewPI0aNH8etf/xrf+MY3IAjCoLacOHECd955J06dOjVujhtERETjmdvjvmLL7ujoQOnpUpw6eQqny06jubnZV5lUFERYui3werwIDQuFtccKvUGP7u5uNDQ0oKSkBOfOnUNISAj0er0aGL1wfiCKIrq7u2G32+F0OX2vQa0YqqCtrQ0nT57E0WNH/3/27jw8qvJ+//g9SybLZCGZhJAECAKBBAQBFUFAQaIBcaMqLbVVQX/gUqtCv7QuaDWKCBSqVUFrQUTEShGKYMEaEBAkuCCLwUAEwpKQPSHJTJZZfn+kGRkJEJYkiO/Xdc3Ves4zz/mcMzMPgdzzOcrPz1fr1q3rOqcGBMhkMslkNvnUWVJSom8zvtXOnTvl7+8vi8Uii8Uio9Eot9stk8kkf39/lZWVKTQ0VH5+fgoLC5Ofn59qamqUm5urb7/9VpmZmdq7d68KCwtVXV3tDQfn5+ersKBQjiqHQsNCZbFYFBIS4j1uXl6ePPIo2BqsNm3aKCS0LpBrt9uVl5enrKwsffPNN4qOjtZll1/WpK+ZJLmcLrlcdY8LPcRKgBUAAAAAAAAA8LPmdDo1Z84cPf744yovL/fZt3XrVm3dulVvvfXWzyqAUVBQoIkTJ2rBggU+28vLy7VhwwZt2LBBL7zwAt0UccFLSUnRxx9/3Kix11133XFhsKa0Z88eTZgwQStWrPDZnpmZqczMTL355pt6/PHH9fjjjzf57S2bE2s2WoKfyaI7Lv+d7rj8dy1dynE8Ho+WLVumxx57zBvmrlf/mXj55Zd1/f&quot;
08-31-2019 12:59:36 Wire.java DEBUG [Forwarding screenshot on session 8224b39f135dddefa755fa7332753c0d to remote] http.wire 87 - http-outgoing-4 &lt;&lt; &quot;XXa86cOWrXrt0J58rOztb8+fP1wQcfaPLkyXr00UePux1wvQ8++EC/+MUv1KFDh+PqWb16tXbt2nX2J6fzex0GAOBccdY2XRiyoKBA6enp+u677+RyuRQeHq64uDgFBQapqrpK8kgWf4v8/Pzk8XjkrHWqtrZWVdVVqqiokMfjUXR0tGJiYmS1WmWxWCRJ4a3q5gkJDpHRYPSeg9vtltPlVElJifZn79e+ffvkcDgkSbv37FZwcLDCwsJkDfL9O0pNdY0qKytVXV2tkJAQ2Ww2hYeHy2KxqLamVqWlpcrJzVFtba1sETaZTWZ17txZgYGBKi4uVmZmptavX6/s7GwZjUaFhYWpTZs2svhZVF5RrrLSMhWXFCsrK0vR0dEKCAhQu3btvMctLy9XRUWF7A67ampqvOdTU1Mju8OuiooKlZeXKzg4WDXVNU36mklSbW2tamtq5ax1yuN2N+mxWtrZf+USAAAAAAAAAICfsE2bNmnKlClKTEzU6tWrZbfbvR1DysvLlZGRoddee02RkZEtXWqzcLlcevPNN7VgwQLdeeedyszMVG1trTwej1wulwoLC/XZZ5/piSee8P7iCrhQTZw4sUnGnq2CggL98Y9/1IoVK3T77bfriy++UHV1tTwejyoqKrRixQpdfvnlmjJliqZMmSKn8+x+uTpgwAB5PB7NmTOnxQOhrNmAr/Xr1+vRRx9VTk6OnnnmGR04cMDbqau0tFQfffSRUlJSdPjwYdntdp/npqSkqLCw0PsZqqio0OLFixUREaF58+YdF4itN2jQIBUXFystLe24fdnZ2frggw/0m9/8Rj169Djr8ztf12EAAM6l+k6bTfFw2B3KO5KnI0eOyG63y8/PT9HR0erUuZO6JXVTUlKSLrroIkVFRsnP7CeXq+7W9S6nSzU1NZKkVq1aKTYmVvHt49WpUycldk1Up06dFBUVpaCgIBkMBu/xqqqqVFJcovz8fBXkF6i0tFS1tbVyOBw6dOiQDh48qIqKiuPqdDqdqqmpkcfjUXBwXRfUhIQEde/WXUlJSYqLi5M8dZ3kDx0+pNzcXNntdlVWVupwzmF9n/W9srKyVFBQoNCQUHXu1Fk9e/RU79691euSXurWrZvi28fLZrPJYrHI4/HI7XJ7j1tVVSWHwyGH3SG73e7zcNgdcjgcdd1ma2rkdDqb9DU79uF2u3Vh91+lAysAAAAAAAAA4Gdu3bp1ys3N1fz583Xttdf67AsODlZSUpKSkpJaqLrmV1paqnXr1mnw4MF64YUXFBsb691nNBpls9k0YMAADRgwoAWrBJrHddddp+uuu+6U3f/qxzWX5cuXa+nSpXrggQc0bdo0nw6rVqtVI0aMUMeOHTVmzBjNmzdPN998s/r27dts9TUl1my0lJU7F+nDHQv0f8kz1CmqW4Pbw61R2rzvE6XvX6u8o4d0ka2rhna9RX3aD5TRYDrJ7GcmPz9fM2fOVHFxsebMmaPRo0fLYDB494eFhWn48OG65ppr9O9//1sm08lrsFqtuvXWW3XgwAFNnDhRO3fuVPfu3Y8bN3DgQFVWVuq9997T9ddfr5iYGO++tLQ0OZ1OjR49Wjt27Djrczxf12EAAM4ldxN22DQYDPL395fFzyKXy+X9gqrValWkLVJWq1VGk1EB/gGyWq1yOp0+t6w3mUwKDAhUcHCwgoOD1apVK4WGhspqtSowMFB+fn4yGAzec7Db7Tp06JAOHTqkisoKGY1GBQUFyWw2q6ioSHl5eXI4HMeds9vjlsfjkcViUXh4uNq3b6+Lu18sm82m2tpahYSEaP/+/SooLFBlZaWOHj1aFyZ1OZWdna3sA9mqqKhQWGiYevTsoZ49eqp169YKDAz0BmjLyspkMpkUGRWpsNAw+fv7e4/rdrtVW1Mru92u8vJyBQUFSaq7E43dbldtTW1dmNTjkdvjbtLXTJI8bo/P63AhowMrAAAAAAAAAACS/P39T2v8pk2bNHr0aCUmJspgMMhgMKhPnz6aOHGi9u/f7x1XWVmpMWPGqFevXifsZPaPf/xDoaGhPp3MPB6Ptm3bpnvvvVcdOnSQwWBQv379NHv2bFVWVh43R/34sWPHymazKTQ0VCNHjtRHH310XMe1xjCbzfLz8zut55xOzRUVFZoyZYquuuoqhYaGymAwyGaz6cYbb9SSJUtUXV3tMz4zM1O9evVSamqqKisr9dJLL3mv/QsvvOAdV1lZqdmzZ2vw4MHeOUeNGqX//Oc/3tsWHqugoEBTp071zpWcnKw1a9Y0+Isit9uttWvXatSoUbLZbN7xDdVbXV2tJUuWaPjw4d7zGzx4sKZNm6YDBw6c1nVFy2pMR7/m7PpXVlamVatWKSkpSQ888IBPePVYSUlJmjRpknJzc7VixQq5XC5JdR2Lhg0bpvvuu6/Bz0Rqaupx69Wxn78fO93P3LE8Ho/ee+892Ww2vfDCC8d9jk7mdNfsE9U6duxYbdu27bjP/NKlS3XzzTd71zKDwaD+/ftr6tSpKigo8BnrcDh03333adiwYSooKNAnn3yi5ORkGQwG3XDDDSopKZHU8BoyePBgvfLKK8rPzz+u3vp1pH6uxMREvfzyy6e8rmgZm/enacYn/6fl2xco7+ghSdK+oky9uelFfbp7hTxN0Dtr8+bNWr58ucaNG6dbb73VJ7x6LH9/f40aNUqdO3c+5ZwGg0HR0dGSdMLuzYGBgbr11lv17bff6vPPP/duLykp0cqVK3XdddepQ4cOZ3BGDTvf1mEAAM69pgsqBgUFKT4+3tsx1Ww2q6ysTLm5ucrNzVVhYaEcdoe3g/uP1dTUqKi4SIcPH1b2gWzvz61BQUHy9/eXn5+fjMYfIogOh0M5OTnKPZIrp9OpkJAQtWvXTlFRUaqurlZhUaFKy0pVaa9s8GcNt9ut6upqVVRUqLS0VMXFxSouLtbR8qOqddbKaDTKYrHIz+Ing9GgmuoaFRUWqbCwUNXV1QoMClT7du3VqVMnxcTEKDo6Wm3btlXHjh3VvXt3JSYmKjYmVqGhoT7/5lFTU6OioiJlZ2drx84d+uqrr/TVV19px84dys7OVlFRkbcjLc4tOrACAAAAAAAAAH7WOnbsKEl65513lJSUpKioqEY9b9++fXrvvfd8tm3dulVbt27Vxo0btWDBAiUkJMhqterGG2/UW2+9pc8++0xdu3b1eU592CM5OVl9+vSRVBfq+uc//6kHH3xQxcXF3rHp6elKT0/Xzp07fbouejweLVq0SPfdd5/Ky8u945ctW6Zly5ad1vUICgpShw4d9O6772r58uX6zW9+06ig2OnWXF1drfXr12vDhg3escXFxVqxYoVWrFihadOmacKECcd1i0tPT1dKSoo2btzo3Vb/S6+8vDw99NBDWrx4sc+cixcv1uLFi/XZZ5/5dI5dunSpFi5c6BPUS0tLU1ZWlhYuXOgz1ul0atasWUpNTfW5xmlpaUpLS9PUqVM1ceJEmc1mORwOTZo0Sa+88opP7evWrdO6detUXV2tyZMnn/Ka4vxwqu5/zd31Lzc3V5mZmRowYIAuuuiik4699NJLdeWVV2rXrl113YjCws5pLaf7mTuWx+PR0qVL9ac//Ul/+MMfNGHChEatNWe6Zp+o1nnz5mnNmjWaP3++rr76au++nTt3avny5T5zbN68WZs3b9aWLVv0+uuvH3fsI0eO6L777tMHH3zg3eZ0OuV2u0+4htSvCyUlJT7rwnfffadbb71Vmzdv9m7LzMzUww8/rOrq6gbXR7Ssrw98poGdh2lQp+GyWaPlkVtfH/hMi7f+Xd8c+lyXth+osEDbOTuex+PR119/LUlKSUk5o1B3Q5xOp7Zv366QkBB16tTphOMuvfRSpaSk6L333tOQIUMUHh6uL774QllZWUpNTT2n78/zbR0GAOBcq/sSSsNfRDlbNptN/a7op9jYWGVnZyu/IF+HDh3S91nfy+V2KTQkVPHx8UpISFCPHj1ktVp9vhRTVlam7du3KysrS2azWQkJCQoMDFRoaKjMZrPMZt/4YVVVlXJyc5Sfny+TyaTY2Fj17NlTTqdT6enpKisrU35+voqKihQVGeUNkd&quot;
08-31-2019 12:59:36 Wire.java DEBUG [Forwarding screenshot on session 8224b39f135dddefa755fa7332753c0d to remote] http.wire 87 - http-outgoing-4 &lt;&lt; &quot;Z/aayyslL79u1TWVmZsrKyZLFYVF1drdKSUh3OOazw8HBFR0crNjZWQYFBKqkqUVV1laqqquR2u+Vn9lNoaKi3vvpzMZlM3p+XjEajd/uxx92fXdfh9duMb2Xxs0iSamprVFlZ6X3Ujz/RF4fOleY4xvmCDqwAAAAAAAAAgJ+15ORk3Xzzzfr73/+uTp06afjw4ZoyZYpWrlyp/fv3n7D72B133CGPx+PzKC4u1osvvqj09HStWLHCO7Z///5KTk7WqlWrVFZW5jPPnj17tHnzZqWkpCg8PFyStGPHDj377LO67LLLtGXLFu8t/oqLizV9+nQtWLBAq1ev9s6RkZGh5557ThEREVq8eLHsdrs8Ho8qKiq0dOlSJSQkNPp6BAYGavTo0YqIiNC9996rrl276u6779Zrr72mDRs2qKioqMGuLKdbs81m06pVq3yuX21trdLT0zVkyBAtW7ZMhw4dOu4469evV//+/fX99997O8RMnjxZ1dXVmj59uhYvXqzRo0fr+++/r7sFYG2tsrKy9MwzzxwXpsnKytKNN97onctut+uNN95QcXGxlixZ4tNdZc2aNUpNTdUNN9yg3bt3y+Vyye1269ChQ/rDH/6gl156yRskysjI0JIlS3T33Xfr0KFDcrvrbi9YWFiohQsXKiIiotGvB84PJ+vs19xd/4qKirRjxw61b9/ee1vLE2nVqpViY2OVk5Oj0tLSc1rHmXzm6nk8Hq1atUoTJkzQ+PHjGx1elc5szXY6nXr55Ze1atUqTZ8+XcXFxd41Z8uWLeratateeuklb6dUSZo8ebLP+lT/eX/kkUe0dOlSn66T9bZt26aamhpvUL3+PG02m1auXKnU1FR17NhRq1evVm1trc+6EBoa6jNXdna2IiMjvXO5XC59/vnnuuKKK064PqJl3d1/om655G5FBreRwWCQ0WBSz7b91CP2ch0o2aPiyoJTT3IaqqqqdOTIEV1yySVq3779Wc/n8XhUVFSkv/71r5o9e7ZGjhypbt26nXB8/Rd0Vq1apa+//lqVlZVatGiRhgwZ0qhOr6frfFqHAQA414xGY5M9QkJCdFHHi3TxxRfr4h4Xq2vXroqNjZXValV1dbWO5B1Rxq4MfZf5nYqKirw/ex5bm8ViUWBgoIKDg2W1WmWxWGQymWQymbzHMRgM8ng8cjgcysvLU0FBgVwulwICAhQUFCSLxSK3262Kigrv/pramh9qNdTFGF0ulxwOhzfomp2drYyMDO3PrrvTTVRUlNq1a1cXYA0K8gmjSnXBT29tph+ug8lkkp+fn/z8/Hzqrj9uPY/bI5fTpVpnrWqdtXI5XfK4ff8NxGhoutfLez2NzROUPR/QgRUAAAAAAAAA8LMWHR2t+fPn680339Tf/vY3rVq1SqtWrfLuj4+P16OPPqpx48YpMDDwpHOFh4frN7/5jf7zn/+orKxMHo9HBoNBbdq00fDhwzVjxgxlZmaqb9++kup+MbNixQq1atVKAwcOlFQXIPnkk08kSdOnT1fPnj195r/nnnu0adMmpaWl6frrr5e/v79Wr16tXbt2acGCBT63ELZarUpKSjplyO3Hrr76aq1evVovvvii/vWvf2n+/PmaP3++d/+gQYP05z//WUOGDPH+kup0ag4ICGjwuGazWX379tUvf/lLvfrqqw3eJvvhhx/WM88843OLQknav3+/PvnkE40YMUIzZ85UmzZtvHN26tRJTz311HFzTZgwQU8//bT3egUGBuqWW27R+++/r4MHD8rhcHi7vaxcuVKXXXaZpk+frri4OO8ccXFxeuCBB7RhwwalpaWpb9++qqqqUm5urlq3bq3o6Gjv/DabTb/+9a8b9Rrg/HKi7n/ne9c/i8Uim82mPXv2qKqq6pzOfSafOalujVu7dq3uv//+0w6vSme2Zh88eFBpaWl66KGH9Mgjj3i7RJnNZl1++eUaP3687r77bmVmZqpfv34NHtdgMCguLk5jxozRypUrGwwEDx06VG+++ab39uv1HA6H/vOf/yg4OFgzZ87UNddc4913onUhOTlZc+fO9enyesUVV2jYsGF64403VFhYqPj4+EZfNzS9IL9gGX7UOc1i8ld4UGtV1Trk9rhbqLITW716tSIjI4/bPnLkSD377LPHBat/bMiQIUpOTtY777wjSfr888/19ttvn7NusMf6qa7DAAA0Rt0Xv5omqGgwGmQ0GeVn8VNoWKg6d+4sh8OhwsJC7du3T1lZWcrMzFRWVpaSkpIUGBjo86Uwm82mAQMGKLFromyRNkVFRal1VGsFhwTLbDb7BE+dTqcqKytVWFCooqIiWSwW2e125eTkqLq6WlVVVTIajTqSe0R5R/LUvn1775fejKa6IKqfn59atWqlyMhI2Ww22e12HT16VB6PR/Ht45XYNVGdOnVSTEyMAgICZPYzKyAgQAEBATIajd4AbFVVlYKsQTKZT94Vvv64VqtVHeI7qF27doqLi/P+HHT06FEdPnxYBw8e1P7s/XVfVDIZm/xuCN4Arsl4wYdYCbACAAAAAAAAAH72wsLCNHHiRD366KMqKSnR3r179fXXX2vVqlVKS0vTI488ooMHD+r555/3CWXk5+fro48+0rp165STk6Ps7Gzv7ei7du2qqqoqBQYGymAw6Oqrr9aMGTO0YsUKXXrppTKZTMrLy9OGDRt07bXXeruVVVVVaffu3dq1a5cuueSSE9Z82223eTv87d69Wz169NBll112zn6x0bVrV82dO1dz5sxRfn6+MjMztWnTJq1cuVIbNmzQLbfcogULFujmm28+7ZrrA6z1txD873//qy+//FJHjx7VN9984729dlFR0XFzWCyW48KrklRYWKht27bp1ltv9QbpTsVkMh13vaxWqzp06KCDBw96f2lXUVGhzMxMrV27Vm3btj3hfFdeeaVqamrUsWNHJScna9q0adq3b59Gjx6txMREdejQ4ZQhaJy/Jk6ceFxw6nzv+ldTU6OioiJZrdYTBsfP1Jl85qS6Lspjx449o/BqvdNds3NycpSenq709HRNmTLlhPPm5+d7/7/H41F2drY+/PBDbdq0SYWFhdqzZ4+ys7Mlyfu/x2roFqqSZLfbtX//fvXs2fOka+Sx6rtCHctgMKhjx47Kzc0954FkoN748eP1l7/8RVar9ZRjw8PDNWLECE2ePFnbtm1T//791b179yar7ae4DgMA0BhNGWB11dbdbaS2tlZGo1GhoaGKiIiQ1WpVTU2N8vPzZbfbZTQaVeWoktvtrgtp/q+zaWBgoOLi4tSlSxfFxMQoOCRY0g+3uK/vFFpTU6OjR4+quLhYpWWlqq6ultVqlZ+fn+x2uze86na7dSTviHJyc1RVVeV9fv3xLBaLwsPD1b5de8XHx+to+VEVFhbq6NGjCgwMlNVqVauwVgoNDZVBBgUFBql169ZqHdVahw8flt1h14EDB2Sz2RQTE6Mga5BcLpdqa2tVXV0tk8mk0NBQBQYG1gVw/3dcf4u/IiMj1bFjRyUmJnq/SFZQUCB/f385HA7l5uZ6a22OAGv93wku8PwqAVYAAAAAAAAAAOoZjUbZbDbZbDZvV76dO3fq3nvv1fLly3XnnXeqZ8+e8ng8+uc//6kHH3xQxcXFjZo7MTFRKSkp2rBhg/Ly8hQbG6vNmzfrq6++0pNPPukNcdUHnU6lvLxcTqdTTqdT+/fvV2xsrE+nvnPFYrGobdu2atu2rYYOHaonnnhC7777rh544AEtWbJE11xzjWpqak6rZknKy8vTQw89pMWLF5+TOuuP37Fjx7Oap/52g8cqLCzUkSNHTvlcu90ul8ulmJgYvfbaa3ruuee0dOlS7zmGhIToV7/6lZ599tnTCvzh/PDj7n8t1fXPZrOpR48eOnDggOx2+0k7LJeWlionJ0exsbFq1arVOa3jTD5zy5cvV3p6uoqLixUfHy+LxXJWNTR2zW7M+iTJG553Op2aNWuWUlNTvdvORv0a0q9fv9PuiP1jTf2Lcvx0BAQEqE2bNtq2bZsOHDigrl27nvYcKSkpWrhwoWw2m/Ly8jR+/Hi9++67uuqqqzR69OhGfSlm6NChmjdvnr&quot;
08-31-2019 12:59:36 Wire.java DEBUG [Forwarding screenshot on session 8224b39f135dddefa755fa7332753c0d to remote] http.wire 87 - http-outgoing-4 &lt;&lt; &quot;Zv366nn366UcHXM3W+rMMAAJxrTRlgrTpapez9H3ZTwAAAIABJREFU2SotLZXJbFJAQIBCQ0Jld9h1tOyoHHaHXC6XjEaj/P39vV98M5lN3juu1NbWqqqqSpX2Su/PByazSQH+AXVfMjUZVVNTo9zcXB3OOSyH3SGz2ayIiAiFh4fLYrHI5XIpNCRUlZWVys/P1+HDh+VwOOr+Dm40yWQ0yaC6AGt9kPSSSy7R0fKjysvL0/fff6/y8nIVFRWptra2brzBoNDQUHXu1FklxSXKyspSSWmJvvr6KzmqHOrZo6cibBGy2+0qKytTQUGBgoKC1C2pm2LjYhVsDfYe12gyKiAgQGFhYYqJiVFMTIykui+p5ebm1nV4NRll0P/qbcYAa1O9N84Xx39FGQAAAAAAAAAAeHXv3l3Dhg3Tnj17vEGmjIwMPfvss4qKitKcOXO0d+9eFRcXy+VyqbCwUCkpKcfNY7VadeONN+rTTz/V5s2b5XA49PHHHys5OVl9+vTxjgsMDFS7du105ZVXav/+/fJ4PA0+Vq1aJZvN5h1fWFiokpKSJr8eRqNRKSkpuuKKK5Sfn6+amprTrtnlcunVV1/V4sWLdeedd+qzzz7zdn3xeDzeWxGfjnbt2kmS9u7de65PWREREYqKitJtt92m0tLSE57fnDlzvB1WExISNH/+fOXl5SkjI0Nvv/22rr76av3973/XY489psrKynNeJ5resZ3+WqrrX0xMjLp27aqNGzdq3759Jx371VdfadOmTUpKSlJwcLDPPrvd7nNr0NN1Jp+59PR0PfXUU7rmmmv0+OOPa+nSpfJ4PGdcQ0MaWrPra505c+YJP78ej0d33HGHJGndunVKTU1VYmKiFi9erIMHD6q0tFRut1vfffddo7uo1qtfQ/bv3y+73X5Ozxc/XwaDwfvzw4oVK1RdXX1W80VHR+uFF15Qt27d9Pjjj2v9+vWNel58fLx+8YtfKDk5WVddddVZ1dAY58M6DADAuVbXyd/k7eh/Lh81NTU6cuSIdu/erW3btumrL7/Sl19+qW3btnkDnyEhIYppE6OIiAgFBwfL399fZpNZBoNBdntdR9NvM77V1q1b9cWXX+iLL7/Qtzu/VW5urioqKuRxe7wB1iO5R1TrrFV4q3B1Seiinj17KjExUQkJCUrokqDo6GhVV1erqKhIpaWl3n8HMJqMkqHuWliDrLLZbIqLi9NFF12khIQEtWnTRjU1NSosKlRJaYkq7ZXyeDwKDg5W27ZtlZCQoC5duygyMlJFRUXK+DZDW7du1ZdffKkvv/xSW7duVUZGhg4ePFj393FP3b9v1B/XaDTKz89PQUFBCgsLU3h4uMLDwxUWFqagoCD5+fnVhUkNktFkbJLXqqGH0Xj8nWMuNHRgBQAAAAAAAAD8bDkcDr311lsaOXLkCTti1tTUqKSkRAkJCQoJCZEkff/999q1a5fmzJmj8ePHN/p4/fv3V3Jysj7++GO1a9dO69ev18MPP6zw8HDvmMDAQMXHx+vNN9/UV199pfj4+JPO6e/vr6ioKO3evVvZ2dnq3Llzo+tpSFZWljZu3Khf/epXJ7y1d0VFhcrLy9WlSxdZLJbTrrmiokK7du3S4MGD9cILLyg2NvasapbqgjeXXHKJvvzyS+Xn56t169ZnPWe94OBgderUScuXL1dmZqb69u3b6OcGBgYqKSlJSUlJuuGGG3TPPfdox44dys3NPevXCs3v2G5/LdX1LywsTMOGDdO//vUvvfbaa5o2bVqDHQ937dqladOmKT4+XjfddJO3Q1BQUJA6dOig77//XlVVVd51TZI8Ho9cLlej6jiTz9yf//xn3XXXXRo6dKgefPBBTZgwQTabTVdffXWjjnmma3Z9rRs2bNDdd9/ts+Y2ZPv27SovL9fzzz+va6+9tlG1ncyxa8i3337bLCE//DxcfvnlSk5O1rx583TFFVecsGtqdXW1/v3vf6tPnz4n/bMnKSlJL774ou666y798Y9/1Lx585SUlHTSGgwGgyZMmKAJEyac9fk0xvmwDgMAcK6ZzfURvnMfVHS5XCopKdHefXuVm5OrisoKmUwmb2fVoKAgtW/XXj179lTbtm0VFhammpoamUx1wcni4mJ98cUXysjIqOu2aqzrl9mubTv169dPF198sQIDA70B1rz8PElSXNs4DRgwQN26dZMklZSWaN++fdq+fbuKS4pVXl6uI0eOKD8/X/7t/L3HM8ggo9Ho7UDaKqyVErsmqvxouQ4fPqzCgkIdOnRIMTExate2naxWq8xms1wul2praxUZGakdO3bo8OHDys/Pl8FgkNPllJ+fn0JDQxUeHi6T2SR/f3/5+fmd8Lj1r8mxnVANMnjv2vLDa9Y03G73/45tvOADrHRgBQAAAAAAAAD8rG3btk3du3fXs88+q507d6qmpkZS3S2kv//+ez355JOaN2+eUlJSlJCQIKnuFt4hISHavHmzcnNzfcZPnz5dX3zxRYPHatOmjYYPH67169frhRdekCQNHDjQZ4zBYNCwYcMUHx+vCRMmaO7cud7Oqm63WwUFBXrvvfeUmpoqh8Mhk8mkAQMGSJJmzZqlPXv2yOOp636yfv16/eEPf9C2bdsafT1cLpdmzZqlQYMGacGCBcrJyZHb7ZZUFx5bv369fv/73ysjI0PXX3+9QkJCTrtmi8Uim82mzMxMffHFF94ukGVlZVq5cqVef/31Rtdbr0OHDkpOTtby5cv12GOPeTvB1r8uzz77rDZv3nza80p1IdThw4eroqJC48aN04cffujtoOp0OnXo0CG98cYbeumllyRJixcvVmpq6nHvp++++045OTmKioo657dzR/OZOHFii3f9u+mmmzRy5Ei99tpr+tWvfqUtW7Z432uVlZVauXKl7rrrLqWnp+v+++9Xr169vM+1WCyKiIhQenq6li1bJofDIbfbrb1792rSpEmaOXNmo2o4k8+cn5+fDAaD4uPjNX36dLVp00bjx49vdKdH6czW7Ppaly5dqgcffFA7duzwrjsOh0Pbt2/XE0884a23Poz76aef6ujRo5LqgrHbt2/Xiy++eNqdno9dQyZNmqRPP/1UTqdTHo9HRUVFevfdd73rB3A6YmJidM8990iS7rvvPk2aNEl79+71/rldVlamtLQ03XbbbZoyZUqjAupXXXWVpkyZooyMDD322GPKy8tr0nM4E+fDOgwAwLlUF1Q0e8OS5/IRGBSoyKhIxcbGKrpNtGw2m4KDgxUSEqLo6Gh17txZffr0UY8ePdS6deu6faEhah3dWklJSUpMTFTr1q1ltVq9gU+TySST+X+P//1//wB/hbUKU1xcnC6++GL17tVbSd2S1KVLF3Xp0kVJiUnq0aOHLrnkEvXs2VOdOnVScHCwNzQaFhamLl26qPvF3dXhog6KjIpUYFCgQkND1bFjR3Xv3l3dunVT+/j2CgoKklTXNdVisSg4OFixsbG65JJL1Pfyvurdu7cSuiTIFmlTcEiwIiIiFBsbq44dOyo+Pl4R4REKDAyUn5/fCY/74+vX4aIO6n5xd3Xp0kVhYWFN8lo19DAajbrA86t0YAUAAAAAAAAA/HwZDAYFBASouLhYTz/9tJ5++ukGx91+++168sknvbeH79atm4YNG6a33npLb731ls/Yfv36+XQ0/PHxBg4cqBkzZmjp0qX6/e9/32AntEsvvVRTp07Vgw8+qHvuuccbTjnWsZ1fBw8erN/+9rd67bXXtHLlSp9xvXv3VkxMzMkvxDHMZrMCAwO1efNm3XnnnQ2OCQkJ0eTJk3XbbbedUc31Ya53331Xt9xyi8+YiIgIde/evdH11vP399f48eO1Y8cOzZ07V3Pnzj1uzNChQ0973nojRozQ5MmTlZqaqptuuqnBMc8++6ykuqDbU089paeeeuq4MSEhIZozZ45sNtsZ14KWdT50/IuKitKsWbMkSUuXLtWKFSuOGxMSEqInn3xSv/vd73y6A5lMJo0YMULvvvuuxo0bp3Hjxnn3de3aVZ07d/aG307mbD9zSUlJevXVV/Xggw9q0qRJje70eCZrtr+/v/7v//5PBw4c0KJFi7Ro0a&quot;
08-31-2019 12:59:36 Wire.java DEBUG [Forwarding screenshot on session 8224b39f135dddefa755fa7332753c0d to remote] http.wire 87 - http-outgoing-4 &lt;&lt; &quot;IGn3f99ddLkgYMGKABAwZoypQpmjJlis+YK6+8UsHBwSetsyHJycl66KGHNGXKFA0ZMuS4/fXrB3C6Ro0aJbfbrYceekgzZszQjBkzGhz3i1/84oQ/nxzLYDBo1KhROnjwoP70pz8pLi7uhJ2eW8r5sA4DAHAu1d0toWlSilFRURowYIAuvvhiVVRUyG63y263S6q7O0NISIhatWqlsNAwhYaGymgyyhZhU/fu3RUcHKzS0tIG5w0JCVFsbGxdINZaF0Tt27evunTpIo/Ho/DwcMXExHjvBGENtqpdu3YKCgpSTEyM3G632rRpo8jISAUFBSkuLk4jRoyQ3W5XZGSkIiMjFRYWJoufRXFt4+Qf4K/IqEg5nU5FR0crMvKHoKkkWa1WxbWNU1hYmDondFZpaamOHj2q2tpaWSwWBQUFKTg4WGFhYbLZbLIGWWU0GU943Pp5w8LC1LVrV9lsddekvtb6/U3FaDLWPYxGNdV743xBgBUAAAAAAAAA8LMVEBCgmTNnavz48frwww/18ccfa8uWLSovL1dERISGDh2qsWPHasiQIfL39/c+Lzw8XHPmzFGXLl30zjvvqLi4WAMGDNC9996r/v37a+zYsSc8Zvfu3ZWSkqIlS5bopptu8pm3nsFg0C9/+Uv17dtXr776qtauXautW7cqIiJCV155pW688Ubdcsst3nCW1WrVtGnT1KVLF82ePVuZmZkaOnSo7r//fnXp0kW//e1vG31NOnXqpDVr1ig9PV1Lly7Vhg0btHXrVkl14bYRI0bo3nvvVWJios9t7E635ptuuknLli3TlClTlJaW5p37oYce0saNG7Vhw4ZG11wvISFB77//vhYsWKB//etfWrdunSIiIjRixAj99re/1WWXXXbac9Yzm82aOHGihg4dqtmzZ2vDhg3KzMxUfHy8rrjiCo0cOdIbfrvlllv073//WwsXLlR6erqys7MVHx/vDbD17Nnzgr8FIJpefHy8Fi1apLVr12ru3LlKS0tTcXGxpLrPwptvvqlBgwY1+F678sorNX/+fM2YMUMrVqxQ165ddffdd+uee+7RnDlztGTJkkbVcLafuUsvvdR7u/IxY8acMsR6pmu2JEVHR2v+/Pm6/fbb9fbbb2vTpk0qLi5W7969NWjQII0aNUpXXHGFpLqOrYsWLVJqaqr3WtSvqW3atNHo0aMbdX2OZbVa9cwzz+iqq67SP/7xD+/rNXToUI0aNUq33nrrac8JSHWdx379619r4MCBeu+993w+F71799aIESN0yy23qHfv3t5b/p6K2WzW7373Ox04cECvvfaa2rdvT8dTAACakLEJw5DBwcEKDg6Wx+ORy+VSTU2NHA6HpLovl1osFplMJu/fGzwej0wmk/wsfmrVqpX3zgU/ZjKZFBAQIIvFIrPZLJPZpE6dOqm2tlZms1kWi0UBAQEymup+/vA3+stischqtSoyMlJut1sWi0UWi0V+fn4ym83q0aOHXC6Xz3aTySSLv0WBgYGKiIiQ0+n0zu/v7++d32KyyOJvUVhYmOLaxqmmpkaVlZUNznesVq1aNXjc+nkDAwPVpk0bRUREqEOHDjKZTLJard79TcVorAuvGoyGC74Dq+H999/3dOnSxWdjr169NGf0Ry1UEgAAAAAAAAAAZydiZIVuv/32li4DAE5q8eLFKl568m6e4beUa9SoUY2eMzU1VbNnz9aHH36oSy+99GxLBC5477//vkqWnbozaXPhZ5jm1Zh1GACApnbLrD7NchyPxyO32y2XyyVJx9yi3nDCcSe6O4PBYPB5vsfjkdPplMfjkcFgkNFo9AnG/nhej8fjDWkajUaf5x+7vf75brf7lPMf69jxDc3X2HH1Ndc/DAaDzGZzo78YdKaqq6tVfrRcW7/eqn+9v0QZ32ZoYv+/ntNjjJ4zQJL0zTffnNN5G6tXr16S6MAKAAAAAAAAAAAAXDC6d++u3Nxc/eMf/1DHjh0VHh7e0iUBAAAAOImmDkMey2Qyyc/P75yNO5bZfOoo4snmPdnzjUZjo+Y/3fGNGffjrq3N4YcgbfO9N1oKAVYAAAAAAAAAAADgAjFo0CCNHDlSs2fP1uzZs73b33nnHd1xxx0tWBkAAACAhjRngBU/DT90gzWcsMvshYIAKwAAAAAAAAAAAHCBiIqK0uuvv65u3brpnXfeUXZ2tnr37q3gYG6RDQAAAJyPTqezKH4eXC6XTGaTTCYTAVYAAAAAAAAAAAAAPx1RUVF67rnn9Nxzz7V0KQAAAABOwc/Pr6VLwHnG7XbLz89PJpOZACsAAAAAAAAAAAAAAAAAADj36MCKH3M5XTKbzDKZjARYAQAAAAAAAAAAAAAAAADAuXehBxRx+gxGw//eFxf+e4MAKwAAAAAAAADgghMREK3Fixe3dBkAcFIRAdEqVmVLlwHgPMLPMM2LdRgAcD7YuH6DJMlDkBX/U1tTq8rKSu3O3K3y8vKWLqdJEWAFAAAAAAAAAFxwshZVSgpu6TIA4KQITQH4MX6GaV6swwCA88ELqc9JMshjMOrn0HETp+Z2e+R0OVVVVaWK8oqWLqdJEWAFAAAAAAAAAAAAzmPvv/9+S5cAAAAAoIl8tm69PDLIYzBJBmNLl4PziL+/v8LCwuQf4N/SpTQZAqwAAAAAAAAAAADAeapkWUhLlwAAAACgCc0c/WFLlwC0GCLbAAAAAAAAAAAAAAAAAAAAaFYEWAEAAAAAAAAAAAAAAAAAANCsCLACAAAAAAAAAAAAAAAAAACgWRFgBQAAAAAAAAAAAAAAAAAAQLMiwAoAAAAAAAAAAAAAAAAAAIBmRYAVAAAAAAAAAAAAAAAAAAAAzYoAKwAAAAAAAAAAAAAAAAAAAJqV+UQ7xr87vDnrAAAAAAAAAAAAAAAAAAAAQBM7evRoS5cgiQ6sAAAAAAAAAAAAAAAAAAAAaGYEWAEAAAAAAAAAAAAAAAAAANCsCLACAAAAAAAAAAAAAAAAAACgWRFgBQAAAAAAAAAAAAAAAAAAQLMiwAoAAAAAAAAAAAAAAAAAAIBmRYAVAAAAAAAAAAAAAAAAAAAAzYoAKwAAAAAAAAAAAAAAAAAAAJoVAVYAAAAAAAAAAAAAAAAAAAA0KwKsAAAAAAAAAAAAAAAAAAAAaFYEWAEAAAAAAAAAAAAAAAAAANCsCLACAAAAAAAAAAAAAAAAAACgWRFgBQAAAAAAAAAAAAAAAAAAQLMiwAoAAAAAAAAAAAAAAAAAAIBmRYAVAAAAAAAAAAAAAAAAAAAAzYoAKwAAAAAAAAAAAAAAAAAAAJoVAVYAAAAAAAAAAAAAAAAAAAA0KwKsAAAAAAAAAAAAAAAAAAAAaFYEWAEAAAAAAAAAAAAAAAAAANCsCLACAAAAAAAAAAAAAAAAAACgWRFgBQAAAAAAAAAAAAAAAAAAQLMiwAoAAAAAAAAAAAAAAAAAAIBmRYAVAAAAAAAAAAAAAAAAAAAAzYoAKwAAAAAAAAAAAAAAAAAAAJoVAVYAAAAAAAAAAAAAAAAAAAA0KwKsAAAAAAAAAAAAAAAAAAAAaFYEWAEAAAAAAAAAAAAAAAAAANCszC1dAIBzz2AwtHQJAAAAAAAAAAAAAAAAAIDzUFlZWUuXIIkOrAAAAAAAAAAAAAAAAAAAAGhmdGAFLmAej6elSwAAAAAAAAAAAAAAAAAAnAfOtzt704EVAAAAAAAAAAAAAAAAAAAAzYoAKwAAAAAAAAAAAAAAAAAAAJoVAVYAAAAAAAAAAAAAAAAAAAA0K/O5ntA2+Z/nekoAjVSU+suWLgEAAAAAAAAAAAAAAAAAgFOiAysAAAAAAAAAAAAAAAAAAACa1TnvwFqPTpBA86HzMQAAAAAAAAAAAAAAAADgp4QOrAAAAAAAAAAAAAAAAAAAAGhWTdaBFcD57/Vf/6elSwAAAAAAAAAAAAAA4Lwz/t3hDW7n9+wAgPPZif78Ol/RgRUAAAAAAAAAAAAAAAAAAADNigArAAAAAAAAAAAAAAAAAAAAmhUBVgAAAAAAAAAAAAAAAAAAADQrc0sXAOD8MfDx9i1dwhn7bMqBli4BAAAAAAAAAAAAAADgZ++nnD8Bfm&quot;
08-31-2019 12:59:36 Wire.java DEBUG [Forwarding screenshot on session 8224b39f135dddefa755fa7332753c0d to remote] http.wire 87 - http-outgoing-4 &lt;&lt; &quot;p+6pkpOrACAAAAAAAAAAAAAAAAAACgWdGBFcBxJj70p5YuodH+8repLV0CAAAAAAAAAAAAAAAAfuSnlD8BfmoulMwUHVgBAAAAAAAAAAAAAAAAAADQrAiwosVs3LhRBoNBCxcubOlSJEkOh0P33Xefhg0bpqKioiY5xvl2zgAAAAAAAAAAAAAAAAAAtAQCrAAAAAAAAAAAAAAAAAAAAGhW5pYuAAB+Di6/PUG9buwoo/mH7w0c3lmkFVO2tGBVqDdq+iCFxwV7/7u2yqnP5mVo94bDLVjVz09cd5uG3N9T1ogA77bK4iqtnb1dh79tms7YAAAAAAAAAAAAAAAAaBkEWAH87LXrFaUh43soMMzfZ7uz2qX0RZna+XF2C1WGnyprRIB6DOug9r2jFGwLkJ+/WTLU7XO7PKqtcqqiqEoFe8u0d8sRHfymoGULBgAAAAAAAAAAAAAAAJoZAVYAP3vxvaIUEGo5brvZ36R2l0QRYMVpufK3Sep6dVtZghr+I9ZoMsjf6id/q59s7UOUeHVb5e0p0bI/b27mSgEAAAAAAAAAAAAAAICWYzz1kHMvMzNTvXr1UmpqqgoKCjR16lQlJibKYDAoOTlZa9askcfjOe551dXVWrJkiYYPH67Q0FDZbDb9+te/1ueff97g+JNxu91au3atRo0aJZvNJoPBoMGDB+uVV15Rfn6+z9j9+/dr4sSJ3hr79OmjmTNnqqys7Lh5U1NT1atXL3399deaP3++Bg8eLIPBoMTERL388styOByqrq7WypUrvefRoUMHTZs2TeXl5T5zbdy4UQaDQe+88462bdumsWPHymazyWazaezYsdqzZ89xx1+6dKluvvlmdejQQQaDQQaDQf3799fUqVNVUODb4c/hcOi+++7TsGHDlJOToyVLlig5Ofm4eutt2bJFsbGxeuqpp+RyuY47dm5urq699lqNGTNGlZWVp/V6/NjpXPPTOed6P37f9evXT3/729+Ul5fX4PiG3i/JyclasmSJqqurTzh+5MiR3vfq2LFjtXHjxrO6Ljj3/ALMiu4SLoPB0OD+8HbBiu7cqpmrwk/VkPt76uKU+BOGVxtkkCxWv6YrCo3SrleUfvPKEI1/d3jdY+FwXf/Hy85qzstvT9D/ezvFO+eo6YO8++K623yP9+5wXT2ux1kdb9T0Qd65/t/bKbr89oSzmg8Xjh+/3378/rjyt0m6d/4P79UxbyarW3L7FqwYAAAAAAAAAAAAODN3jrlDK/67VKvWfqhVaz/UG2+91tIlXZAe/b/fe6/xqrUfaupfnvPu69W7pxYufsu7b+nK9zX0uiEtWC3OZy3agXXp0qVauHChMjMzvdvS0tKUlZWlhQsXasCAAd7tlZWVeuKJJ/TSSy/5zLFo0SKtWLFCc+bM0ejRo08YQjuW0+nUrFmzlJqa6hMaXbdundatW6eSkhJNnjxZkrR+/XqNGzfOp8atW7dq69atWr9+vV5//XVFR0f7zL93714NHz7cJwibmZmphx9+WPv371dRUZHefvtt777y8nL98Y9/lMvl0qRJk2QymXzme/rpp1VQUOBT67x585SRkaF58+YpKSnJu33nzp1avny5z/M3b96szZs3a8uWLXr99dcVFRXls/+7777Trbfeqs2bf+j+V19vdXW1JkyYIJPJpO7duyslJUUff/yxxowZo4suushnns8//1yffPKJlixZIqvVeoKrf2qne81P95x37dqlMWPGKD093bstPT3d+98pKSk+c53o/ZKWlqa0tDRNnTpVEydOlNls9o7/y1/+oj/96U8+88ybN+9MLwmaUPylrRUSFXjC/dbwAHW4PFp5WaXNWBV+ii67NUGd+sXIYDz1n0M4v/gFmHXJiItkjQio2+CRDn9bpP++9E3LFgY0k00LdsloMihxSDuZ/IyyBPmpzy2dVF7o0MFvGv4yEAAAAAAAAAAAANDUht+QomuHDVX7+PYKCgqU0VjXq7G2tlYOu0OHDh3W55+la23aOhUWFLZwtS3jzjF3aNSvb/Pmlk5l9Uf/1azpLzdxVWfnjbdeU/v4do0aW1RYpOlTZuqbrdubuCo0lRYNsGZlZWn8+PH66KOP1KFDB1VXV+udd97RxIkTtWTJEl1++eWyWOpu6/3JJ59o7ty5uu666/T888+rT58+crvdWrNmjSZNmqTHH39cXbp00WWXnbpb2sqVK5WamqqOHTtq2rRpuuaaa2QymVRcXKzVq1d7u3aWlJTolVdeUU5OjqZPn65x48YpNDRUubm5mjlzpmbMmKHOnTvr+eefl7+/v3f+8vJyJSYmau7cubrmmmsUEBCgL7/8Ug899JBmzZqlrl27asGCBRo5cqSCgoK0Y8cOjRs3Th9//LHuuusuxcbG+tRrtVr11FNP6aabblJ4eLiOHj2qmTNn6plnntGcOXM0bdo07/EnT57sDd9KksfjUU5OjmbMmKG//vWvuvvuu3XTTTf5zJ+dna0ePXpo3bp16tevn8xms7Zs2aJHHnlEy5Yt06hRoxQfHy+r1aobb7xRb731ltasWaN77rnHO0dlZaU+/PBDJScnq3///qf5TvjBmVzz0znnyspKTZs2Tenp6XriiSf0+9//Xq1bt5bT6VRGRoaefvppn66zkrRmzRqlpqbqhhtu0DPPPKNOnTrJYDAoJydHf/3rX/XSSy9pyJAh6tu3r6S6IPTzzz+vK664QlOnTtXAgQNlNptVUlKiDz74QPfee+8ZX5+foqHXDdHvHr5fgUGBctgdeuWl2Ur7eG1Ll+W3RGhpAAAgAElEQVQV37u1/INO3P3SaDIoOiG8UXNFd26lniMuUlx3m/ytfpJBctW6dTTPrpLDFSd8Xu+bO+nSX3SWye+Hptglhyq09KnPVVvl9Bnb9ao4XXlXN1kCf1i+C/cf1fJn01Vb5VTXq+KUMDBOIa0DFRjqL7PF6BOodNa4VOtw6sjuUu1KO6CD24//Ae7qcT2UOLitz7bvPj2k79YcrDu/i23ea1ZT5dSRzBJ9/UHWSUO+1ogA9RjWQe17RynYFig/f5NkkOSRaqudOprnUNamHH373wPHnbMkdRkUp25D2ym8bbD8Asx15+SRaqtdOppn1+7PDmv7yn0nPL4k9RxxkRKvbqvQ6KC6a+2RqitrdTijSCbz2Tckb9vD5vMayiMVHSxX5rpDOrS90PseaN87SvG9Wyuuu02h0UGnDLz2HHGRugyMU2h0oPz8zd7rVuNwquRQuTLSDmr3hsPHPa/DpdHqenWcwuOCFRjmL7O/SUbTD8dy1bpVW+VUUXa5dm843OAcXQbFaeCYbvIL+OH9VnK4Qksnf67eN3dU5ytjZY0IkNFk0HefHtK6N3b4PD88Llg9R1ykmKQIWcP9ZbbUfUHD4/aotsqpkkMVylx/WLvWHDzl9a1//cJirDKaDHK7PKosrlLGJwf0zYd7T/n8k7nsts6KSYzwOceN8zMafC/+HN3weF/FXWzz/vfhnUVaMWVLC1aEpvDZWxkKa2NV2x7/n737Do+qzvcH/j7TkknPTPqk9waEQGgBRDoiZRVFL+uuuNeyujZc1vK7uOuyuux1163Xvta1gCsrCEoREemJQAJJSCMhPZBk0ttkyu+PISc5mUkhCQTx/XoeH5+Z8z3f8zllZsgz7/kcL0Cw/oBj/OJQBliJiIiIiIiIiIiIiIjoqgsOCcK6Xz2KmLhou80MlUollO5KxLu7IT4hDvMWzMEDP3t4DColopEa0wDrunXr8Otf/1p8o1Gr1Vi5ciW2bNmCsrIytLe3Q6VSob29HV9++SVcXFywceNGMaQqk8mwcOFC1NTU4Mc//jEOHjw4aIC191wvvfQS5s6dKy7TarX4r//6L/FxTk4Odu3ahbVr1+Lhhx8WA5P+/v5Yv3498vPzcfToUVRXVyMkJERcb9y4cXjvvfcQGxsrPpecnIy5c+eira0NH374IRITEyXjFy9ejM8++0zS4bPbk08+iTVr1oiP3dzccP/99+Pw4cM4ffo06urqbEKv3QRBgE6nw9q1a7Fz5040NNgGzObPn4+33npL0qV06tSpWLx4MV5//XXU1taK+zd9+nTMnz&quot;
08-31-2019 12:59:36 Wire.java DEBUG [Forwarding screenshot on session 8224b39f135dddefa755fa7332753c0d to remote] http.wire 87 - http-outgoing-4 &lt;&lt; &quot;8fu3btwqpVq+Du7g4AyM7Oxu7du/HLX/4Sfn5+/Rz9wQ33mA91n7vrvPfee/H000+LnWIVCgWioqLg6+uL8+fPi+M7Ozuxc+dOTJ48GS+++CJ0Op24TKfT4cEHH8TBgwexb98+TJkyBZ2dndi+fTtcXFzwwgsvYM6cOeJ4T09PyTVBY8/d3xleYW7WQOAlHU0GWCwWqN17QukeAc4ISfZBycmLdmaxSloWjqTl4dbgai9ypQyegS7wDHTpd92itGrEzAmEu6+T+Jyz1hHhU3yR9600VOgXq4GqV5jQYrHgYmGDGLTzi9VIgmZ9KVRyKFRyhKX4IjjJG/kHK/Dtm1n9ju/m7ueEJU9Ottk/lVqB4CRvuPs54eA/s1GRXWez7vibwpC0PBxqN5XtxIK1+6U2xBXakBjoErTYuSldXOypc8GsexKs4cK+/yYVAKWjHNoQV0wLioEuXouv/p5hEzrsdw4BcHBRInzK8N+zelP1OTZmkxklJy/izJfnJc+XnqpB6SlrICwsxRfJK6Xh5W4B8RrMvDsBnjoXu/uuclLAN9oT3uHu8I/1xIE3pOfRO9wNwUnekPUTzpUrZZArVdAlauEfp0H4ND/s+3vmoKFNuUKGH/12uv26eplxVxxibgiEysn2nxqCTIDKSQnfaE/4Rln3ob/rUKaQYeodMfAOd5dsTyYX4OqtRsptUXD1VuPgW9kD1t0f30gPhKX4ieFeY6cJOV+XDhg6Hw0V2XX41y+unTA/EQB89+8CuPs7WzuTC4BvtCcSFgQje2/pWJdGREREREREREREREREPxC6QB2e2rAe4RFhgw++RNbnbtdE9P0xpgFWuVxuk5J3dnZGaGgoysrKYDRaQzQtLS04d+4cxo8fj4iICJt5Jk2ahHHjxiEvLw/t7e1Qq/u/HXhbWxvOnz+P8ePHY8KECQPWd+7cOTQ3N2PKlCmSDqsA4O3tjYkTJ+K5555DeXm5JEwpk8ls9ksul0OtVqO2thadnZ2SZYIgwN/fH5mZmaitrUVMTMyAdQHWMGR0dDQOHjyIpqYmMcBqsVhQUlKCzz//HEeOHEFtbS0KCgpQUlICAOL/+9bW3WK7d03h4eGoqqpCR0eH+Lyfnx+WLFmCP/7xj8jLy8OUKVNgMpmwY8cOeHh4YNGiRXZ/+TBUwznml7PPBQUFqKqqwsyZM8Xw6kBaWlqQl5eH/fv3IzAwsN9xM2bMgMFgEMcnJCRg3LhxwzkEdBWFTfaFi9ZR8lxdaTNMXWYET+wJdDu6KhGc5N1vgDV+fjAmrgiHaoBOrgNprGpFzblGuPs4iQE9paMcPpEekgCr0lEBr1Bp4NbQarQbGh0KuVKGqNQA6MubkbXL9r2ht97dKe1x93VG7I1BNrVMWR2N8TeF2Q1o2tO7G6mnzgXzHk6CNth1SOsFTfDCzLXx2P9KT1t4paMCqT+Ntx+AvcJkChkSF4bAReOI/IMVds9TcfoFFKdfsHk+KMkbN/x3Ys8t7QfZTtRMHdqbDEjbnD+8WuUCgsZ7Y/KqSBz9V+6AY916Ba37c+PPxyMqNWDQ7rIAAAEDjlO7qeyHny+RKWQIS/HF+ZMXh9UpMmpmgOR9oKa4adDXA9H16kJhA0pPXUT8/GAIMgFKRzkipgcwwEpERERERERERERERERXzbwFcyS3jzcajTh66Bh2bv8SGadOw8vbC5NSJmLO3NmIT4yzyRf90F2Ld0ceqYyTmXjqif8Z6zLoChnTAKs9giBA3icVr9frUVNTg2nTpsHJyTY4IwiCTQCzP7W1taiuru53rt66g4+hoaFDqnMo+gZCu7m49N+d0R5HR0f4+fnhzJkzqKuzhqKMRiP+/Oc/Y+PGjXY7uV4ue/snCAIWLVqEN998Ezt27MCkSZNQWlqKPXv24KabbkJkZOSItnm5x/xy97moyHqbaXtBaHu6r5fBtLW1wWQySa6vyz2ndPX5x2rEW5oDgNloxoWCehgNZugSe24HLwgCfCI9oHRU2HSnVDoqEDsn0Ca82lrfiaxd55G9txQuWkeMvykU0bMDJbdw7606T4+QZB8oHeX9bjNoghdcvaQBfX15C4qOS6/Rrg4T9OXNOP/dBZScuIj6ihY4axwRluKL2BuDoA1yFcOcCgc5dAleIw/sCYB3hDvc/Z3RWNUKAOL2JOFVC1BX2oSMHcUoPFwJ7wh3JC4IQehkX5tOnUnLwqEJ6nkdWcwWVJ7V4+R/ClFT1ISYOTokLYuAs6f1H6OCTEDIRB9ETvdH4dEqAEDCwmD4RntIwqtmkwXlp2uRubMIlTl6hE/xw7Q1sdaOgyPQfLHd2pW0F5WTAtGzdYierYOpy4yOZgPqy1tQcuoiitMvoFVv+3kAABNuCpOEV81GM4q/u4ATnxbC0G5E/LwgJC4KFY+ZXClD5IwAlJy4iAuFPV2njQYzmitaUXa6BkVp1ag51wilowJhU3wROycIftEeYnhUJhcQENd/996hSlwcgvApfpJQave5y9xZjLKMGgQleSPuxiAEJ3kPOdw8EAcXFQITtJcdYFU6WrvYdtdq7DSh6FjVoOskLAhG5IwAuPk6QekgBwTrPna2GVF3vgn5ByuQf7BiwHkA4PYXZ4nXjNloRsbnRUj/pEAyJiBeg/j5wQiI08DBRdXTKdZgQktdByrO1OLU9qJ+r6VuiYtDMHV1DBQO1vcYi9mCgsOVksB3X9GzdJi5Nh5KR+lrU5eoxf0fLgEAdHUYcejtHHF/nTWOmHxrJHTjvODk7iCe3+56i9OqcWpb0aCdfu0JGu+F8TeFwSvcHQ5OCut5swCGdiNqihqRuaMIZadrAVjD8xOWhokdiO3tb9+gtaGtC8c/zkfOV6U25yZnXxm8Qt2gCXYVu2AbOowozajBsQ9yJcc/dJIv4hcEQxPoAgdnpfVz5tLLwdRlhqGtCxU5emR9eV7yek25LQpJy8LFmusrWnD0/bOYcHP4pc8DOSxmC9oaDcjadR4ZnxfZHCNnjSOm3hGD4CRva8dswfqZUFfaNOTXWsGhSgQn+4ifN0PpQk5EREREREREREREREQ0WrReWigUPd9R1lyswfvvfIjSkjIAQG1NLXZ/sRe7v9iL2PgY3P3fP4G7u9uAc05KScaq1T9CbHws1GpHmM1m1Nc3YNunn2PLR/+2u868hTdi6fIlCAkNhpOTEwRBgNlsRktLKwryC7F1y2c4kX5SHL/pT79DUnJPM8XMU6fx5Lr/Jz5eveY2rPnJHVCprA2cCgvO4Rf3PSYuv/fn92DlrcvFbFRlRRU2PPUcKsoH/+55OJImjsf6Z9ZB62XNCdgLvr7+zsuSMPHuL/bizy/+7YrUM5ou99wBwOPrH8GimxaIjzNOZuKTj7firrv/C+GRYVCpVOL+2xu7d/c+3LJqJYJDg6BUKmEwGJB9JgfvvvUv5ObkYVJKsmQug8GA/NwCvPna28jNybtqx+ZadM0FWO3RaDTw9vbG+fPn0dbWZtNh1WKxwGw2j8pcvXV3+Dx//jxSU1NttmkymS5zT0ZPW1sbSktLMWHCBHh5eQEADhw4gI0bNyI2Nha/+tWvMG3aNLi6usLNzQ35+flYvXr1qGw7MjISCxYswJ49e7B27Vp8/fXXKC0txe233z7iXzVc7jG/3H3unr+8vHxI9XRfL6tWrcKbb74Jd3f3IY0vLy9HR0fHgNcXjS1dghbaEGlnz9aGTpSeqoHZYkHc3CBJoNHdzxnRs2y70EXPCoBHgDS02NnShWP/OiuGKOsrWtDW0AlYLOivDWj+wUrE3hhk7bB6iauXGkETvMSAakCcBirnnrdts8mCCwX1knkOvH4GB14/YzN/q74DWbtL0NbQidk/S4SDS0/g1s1n8Ou0uaYdZ78uQ/7BCqjUCkxZHY2QZB9JSFHpIIerl1oMsIZP9YfaVdo5s76iBfv+kSnenr3mXCP2nzuNgHgNZq5NEMcFJXkjaIKXpKPzxaJG7P7TSTH4lrWrBM6ejhh/U5gY6lM5K+AX4yke++AkH0lIGRagLLMGu/54QnyqKK0ak2+LGvQYDKY4vRq+0R7W0JgdcqUMzhpHOGscETjeC1PviLEGcrcWSkJsCQuC4R&quot;
08-31-2019 12:59:36 Wire.java DEBUG [Forwarding screenshot on session 8224b39f135dddefa755fa7332753c0d to remote] http.wire 87 - http-outgoing-4 &lt;&lt; &quot;PpIVn3/MmL+OpvGeLj9E8K4ObrjMjp/uIlpXZXwT9OI86V/kmBTRgSsAYO87+tQH1FCxY8MlFynavdVfCP9URVbr3Net3amwzIO1CO8tO1drvKhk/xF0OS3SrP6iXnriyjBmUZNYiaGYCpd8b2uy3AGh4szahBztdlKMuoQcKCYExcGSkGlwFr+NbRtf8urf3pGwpvbehE2ZnafscHxGsw8+4Ea7Cxz0tZkAlwdFFCl6iFk6fDkAKsg0n9aTxibwyUXsOXKFRyePg7w81bjc7WLrvnultQkjeSbg7vOS8WoDJHj0Nv54y4xt6iZgZg6h0xdjsHd9c7cXkEgpN8cPCfWZLrfjD9HgvBGhTXJWrhHe6OU9vOIePzIpzaVgSfCA/oErRil9/QST6Inx+MnK9KET8/GKGTfMX3MFOXGdl7S5HzlW2nUZlchoSFwTYd5lVqBSKn+cMzwAX7/pEhvq95h7tBF68Rg6i9yZUyqN0dEDndH/4xnjjwZla/wWtnTwcseGyiJEAsyAQ4ezpg8qooKFRyfPdpz3kPSvJG6k/i4O4n7TCvdJTDL9pzgKMrdaGwAXUlzeJrw8FZiYA4DQOsRERERERERERERERENCZ8/Xzxy6cfx/6vDuBE+kkxyAoAuTl5eKpXSNQejVaD//nNU1A79Xw3LJPJoNVq8OO774TKQYV/vfOhuEztpMa69Y9gxqzpNo32ZDIZ3NxcMWnyRIwbl4DPtm7HW6+/CwDIzytA4vgEMXzr5++H6Ngo5Odav9OLi48Rw6sA4OXthWkzpuDYkTQAgC4wQLK90pLSKxZevV4N99zZ4+vnY3Pd9CckLASPr39EErxWqVSYOCkJnp4eKCwswuw5MyXnX6VSIXF8Ah5Z9xCe/80fftDn+nsRYHVxcUFERAS2b9+Oc+fOQauVdog7ceIEzpw5g7Vr1w4aGOw9V3Z2NmbPnt3v2IiICLi6uiItLQ2rVq2ShDNrampw6tQpzJgxY8Bby18pZWVlSE9PR1RUFPz8/AAAp0+fRnNzM55//nksWLBgkBmGz8HBAcuXL8fbb7+NzZs3Iy0tDYsWLUJCQsLgKw/ico/55e6zv78/ACA7Oxsmk2nQLrq9r5e8vDxMmTJlwPGOjo7w9/fHd999h8rKSnh6Dj0wQldX4HgvqN2lgev6shYxUFVX2iwJ9ikd5PCL0dgEWLUhbtYOjL3Unm8SA5RD1dVhxMXCBmhDXMWQlMpZgYA4jRhg9Qp1kwSoWus7cN7O7ecBwFPngsgZ/giIt4bp1G4qCDLBbhBuKLd5r8iuw6lt56zbBZD7TTl8oz0lt3ZXOsrh5NFzTDVB0pCf2WhGcXq1GPLqrTJHjy3rD4qPfcLdpV1tLYC+tNmma2N9eQtMXSbI5NaPM0EQxECxf6ynTTjX0GFEcdrgXZWHI/ebcjhrHTFhaZhNx0p7FA5yBCd5wzfSA2lb8sXgXN9rytRlhr7UtsN004VWmE1mMSSnUMnh7u9sM85Z44io1AAEjvOCi9YRancHyOSCpCtkbzL5wF0aO5oNOP6R/V//2D3m7UYUHKyw23Gz4FAlCg5VDri99iYDsnaXiGHZ7L2l8I/VIGK6v2ScvdDkYLTBrmLXY8B6PXUHsPvy1Llgxk/i4Rl4dbprT1kdjbi5QSPuUOupc7EJldaVNePwuznD6oLaH99ID6TcFj34eRAAbYgrUlZHS0LNAxnqsVA5KZCwMAQ1RY2oyK7D4XdzMO/hJGiDXS8tV2L8TaFob+zExBURPV2fLUB1Xj1ObbPtaNpds9DPjw8gWN/rEhYE49A7lxcIdtY4YsJNYf0GWPt29u5NrpQhfKofMncWo6vDCKWjAimromzCq8OlL2tG8AQvyBQyyOQC3EZpXiIiIiIiIiIiIiIiIqLBVFZWwWAwiGE/mUyG6JgoRMdEwWKxoKOjE1WVVTiTmYWd27+UBFrtcXHp/7sulUqFWTek4tMt/0F7WzsA4J57f4rU2TMGvRu4ykGFpcuX4OKFGuzY9gVyss5i4ZIF8PCwNsdzc3dDWFgo8nMLEB0bhbDwMJu6omOicOxIGnSBOgSHBIvLDJ0GZJ85O+D2+6N2UmP90+uw/ul1Nsvqauvw4gsvIeNU/3fqvBYlJU/Arv2f213WuyvscM+dPf4B/naft8fT06PfZaHhoQgNt70TebfAQB1mzJyGTz7+dMjbu958LwKsarUaS5YswYcffogNGzbg+eefR3JyMsxmM3bv3o2NGzciJCQEs2bNuqy5fvWrX2HTpk2YOXMm5HI59Ho9du/ejZqaGjz66KOIj4/H4sWL8fbbbyMoKAj33Xcf3NzcUFVVhd/97nfYvn07nnjiCTFAeqUUFRWhuroavr6+sFgsyMrKwjPPPIPMzEw8/PDDYldQHx8fAMA333yDqVOnws3NDQaDAbm5ufjLX/6CoqJ+ghnDkJycjPnz5+Ppp58GAHz66adwdh55uOFyj/nl7nNMTAxuuOEGvPfee0hJScGSJUsgk8lw/vx5vPLKK/jwww8xY8YMcXzv6+W+++7Dxo0bMXfuXDg7O8NoNKK6uhpffPEF2tvb8eijj8LV1RVTpkzB+++/j7/+9a947rnn4O/vj9bWVnzzzTd47rnnRnyMrmV9W4f31d+HZGlJGe67+8ErXZ6Eb5Sn2LUTsIYEq/N7uk5eyK9H4DhtT+BTAHyjPOAd4Y6ac43iODcfJ2kI0AI0XWwbVk0V2XWImOYvdkcVBAG+UdYQdEiyj02AqHfgtpunzgUz7opDQD/d/0ZLQ1UrDO1GSYC1N12C1qYTqdFgRn2l/XBgXy5eamlYTQDi5gYhbm7/11c3tbu1Jldvp56A2iVd7cZhn5+hOPFpIS4WNGDiigj4RHoMKXzo4KLExBURaKxqRUV2nc01JVfKMHlVFCavGrxLrEuv8KDSUYFZP0tA2GRfm46oV8rVOuat+g6YTRbJa3g4nDwde24xb7Ggta6937Fx84Kg6R1etQB1pU3I2FGMwsOV8NS5IHqWDuHT/ADLiMqCd4Q7Iqb5S66frg4jCg5VImt3CeorWhCZGoCoGQHwix34hxKpP42HNqin23SrvgPHP86zGyTvK/9gBfIPVuDmZ6ZAl9jz46GKrDrseCFNMnbWPQlw8eq5/sxGMwqOVCF9Sz7c/ZyQcns0/KI8xWvbN9IDcfOCcHpn8YA1uPs7I2yKn3gsLGaLtXPxfwpRU9Rk7ci7IlwMezp5OCA4yRsV2XWor2jB8Y/zcMO948SOve6+zrjhvnFw6BUOHSzQa7FYUH66Fmd2l6A6t95mm4Ks5726W2ebEXXnm1BwpBLFaRfQ1WGELkGLxMWhCJnoLf5wwMVbDXd/Z7vB6c6WLuR+U468A9au8TPXxiMgTiseQwcXJXyjPFB+phYJC4Kl4WoLUF/ZgpOfnUPh4UqET/FD6t3xkh8ZDKSxqhUmY09A3mUYAXEiIiIiIiIiIiIiIiKi4dj+nx1ImjgeSckTbO6SKAgC1GpHhEeEITwiDEtuXoQjh47hzVffRm2N/bttNjc3Y/cXX2HPl3sBAA89+gDGJ40T53Z1dUFcfAxOfpeB2PgYTJ2eIglAVlZU4d23/oW0Y+m49baV+NFtK8SMlLOzMxYuno8d277AsSNpqK2pFQOsjg4OiIyOwO4v9yI2LgbuHm6SuhQKBSKjIwAA4ZFhcHXr+b6voaEBZ05njeQw/uCM5NzZU1pShp3bv8Thg0f7vba61Vysxeef7cTn23ZiyrQU3P/gz6DRauwun7fgRvxk7Rq4uVuvB5WDCoFBupHu/vfalUs3jbL58+fj4Ycfxp49e5CSkgK5XA6lUombb74ZlZWVeOGFFzBp0qTLmuv48eO48cYboVQqIZPJ4OXlhTVr1qCpqQkA4Onpiccffxzh4eFYv3493N3dIQgCAgIC8PLLL2PFihVYv369pEvolfDss8/C398fMpkMcrkcEyZMwM6dO/Hggw/ijjvuEMelpqYiNTUVL7zwglirg4MDJkyYgLy8PLi4jF7XOE9PTyxduhSA9XhOnz591Oa9nGN+ufvcHYrV6/VYvnw5lEol5HI5IiIisG3bNgQHB9vUtHTpUm&quot;
08-31-2019 12:59:36 Wire.java DEBUG [Forwarding screenshot on session 8224b39f135dddefa755fa7332753c0d to remote] http.wire 87 - http-outgoing-4 &lt;&lt; &quot;zYsAFFRUVYvnw5XFxcIAgClEolgoKCcP/994vXDADcdtttWLFiBd544w0EBARAEAS4uLjg5ptvhlLZfzc1unrCp/pJg2gA2ho7UdnrdujF311Aa32nZIyThwMCE70GnNtsMqO9sXPAMf0pOl6NhkppqMxZ64iQZB8ExGkkgVCjwYSqXL1krLu/M+Y+NAGB47yuaHgVsIabzEbzZa3T1WFEe8Pwjs3lGKijrKHdiKrc+n6Xj4ay07XYvvE4Pnr8AA6/m4PzJy6isaoVXR2mfoON3aG7keq97wseTULUjICrFl7tz5U45kaDCbCMMCUKSDrdWkwWdLZ29TvWJ9xdcnwbL7Ri3z8yUXjY2kG2Oyz50WMHsOVXB/ubZkh8IzwkQUOzyYKzX5fh4FvZYvC08HAlvnzxO7z9s71I/6TA7jw+kR7wj9OIgUdDWxdOfnau346fI+ET4SH541Ff3oLD7+SgVd+Byhw9vvukAK31HeJyhYNcEqztT9A4L0l4skXfgfTN+ajM0aOrw4iMz4tQltnzx0LfbqFlGTXI/7Ycpq5L71cCrO+ll0odSqDXYrKgpqgRZRk1drcJWIPzugRryDf9kwJ89NgBlJ2uRfRMHVb/cRbueWsBlvxqMkIn+UiuI4VS1m84tK2xE8c+zEV9RQvqK1pQnHbBeu1f0rvrtVeom6TDdnuzAelb8sXrs7O1Cxbz0F8zbQ2d1vesS+Sq782fDERERERERERERERERPQ9197Wjj/94a84sP8gDAbDgGNVKhVuuHEWnnjy0X5v9V6vb8Cbr76F0pIylJaU4fDBo+js7MkuqNVqeGqsDWvGjU+Eh0dPN02DwYDdX+7Fga+/RXtbO/717kc49O0RWHp9X+3lrUXy5CQAwNnsXPF7OUEmiE3gEsbFw9HR+r1gRXklTCbrd3EhoSGIjo1CeESY5K7jlRVVyM2xf2dUsm+k564vfZ0e27Z+Pmh4FQAqyiuw5aN/o72tHQe+/tamK3Dv5Tu2fYHiovPD3Mvr0/eiAytgTT0/++yzSE5OxptvvonDhw9DqVRi0aJFePjhhzFt2jSb1P1Acz333HOYPXs2/vnPf2Lfvn3Q6/WYN28ebr/9dtx6663i2OnTp+Ozzz7D3//+d+zcuRN5eXmYOHEifvzjH+NnP/uZ2P30SnrqqafQ2dmJrVu3oqSkBPPmzcPPf/5z3HzzzZLwbGhoKD766CNs3LgRn35qbSvcPdbPzw933nnnqNY1adIkhIeHY8mSJaPahfZyjvnl7rMgCLjjjjvg4+ODTZs2Yd++fYiJicHdd9+NO++8E7///e9x/rz0TUKhUOCJJ57AvHnz8Morr+DgwYPIy8tDSEgIpk6dih/96Ee46aabxPG+vr544403kJiYiH/961/itfXII49AoVBg9uzZo3asaHh0CVqonKVvf65eans6+hUAACAASURBVKz87cBBbLlSBr/ogbsdQhAkIaLLVZVXD+8ID7GzpIOzEgFxGslzANBS14Hi7y5I1o2dEwhNkKuke6epy4yLhQ2ozq+HvrQZCgc5Zvwkbki3uB9tCpVc7C47VmQKWb/dDkdbq74DWbtLkLW7RHzOO8IdSTeHI3SSjyRkLJMLUDmP3rFJWBAMvxiN5FowmyzQlzajKk+Pi+caYewwYeba+MFv+T5CCpXcpnPxtcLR1X4HYXv6np/6itYhdTEdDrW7SvJ672o34kJBwwBr2JLJZdAlaiX/NmrVd6LqrH6AtYavb8DRGtru6WhakV0HQ7sRvftID+Xa63sshvJerewT2k7bnA9njSOiUgMk4VFDm3HYgd7GamuIv/t1rHRUQH0pTBo7JxApt0cPudvpUBnajZI/pnrrey231nWgOP2C3bFDYTFbLivwSkRERERERERERERERDSaamtqsWnjiwgOCcK8hXMxMXkC/AL84OLibHN7eEEQEBMXjZmzZ2Dvrn2Dzt3a2trvd2FqtSNk8p7529raUVJcIhlTV1MHk8kEhUJxaZ2eAGxO1lncOO8GuLham6r5+fshNj4GoWEhAABDpwHHj6ZjweK5cHV1hbuHG2LjYhAWHiLOZzQakZN1diiHya72tnb846+vYN+e/cOe41qTcTITTz3xPwOOGem5u5r6+973h2pMAqwxMTHIyMiwu0ytVuPVV1+1u8zBwQG33nqrJGA6XAqFAosWLcKiRYsGHRsaGoo//elP+NOf/jTo2A0bNmDDhg2XvWzNmjVYs2aN3WWJiYlYs2YNXnrppUG3HxQUhNdffx2vv/66zbK+x3ygYz1YTSaTCVu3boWDgwMWLVo05PBwb6mpqf2+IC/nmF/OPgOATCbD/PnzMX/+fJtl/R0PmUyG5ORkvPHGG4PWAwDe3t743e9+h9/97nc2y67nN6H77n7Q5rl5C2/ELx79OdRO6mviQ1LpqIB/rGZY1ywAeIe7ISjJWww8dTRLf+0jkwuXFYrrq/x0LaJSA8Rgl0wuwD9OIw1CWYDa4iabEKZXiJsk6GU2WXB2XxkOv5cjPhc96+q0Hb94rlHSvQ+wdlx093PuZw2ptoZOSTgMAPK/rcD+V08PuYbO1i4YDWYoe2XklA5yuHqpRz3AqkvQ4ob7xqGlrh1nvjzfb3Cs5lwj9v71FJb9zxQExGvtjmnVd0gem41mZOwoRvqW/CHXow1xswnxnT9xAXv/ckpS82jr7trYOyCtclLA3c/5mgyw9n39XlcEQLAIsFgs4vudh84ZE1dG4Ov/yxzj4q4NcqUMLtphBrj7fIaYjGZ0tRvhG+mB5B9Fiu/ZFrMFF881ouSktROzNsQVScvCr3iXbFOXafBBRERERERERERERERERNe40pIyvP3Gu3j70mO1kxrzFtyIpcuXIDQsRPwuVKVSwd9/9JrvDdexo2m448e3iwFWN3c3TJ8xFd4+1rv9Njc3I+1oGsYnJcLV1RUODg6IT4yDLrAny9Hc3IKzObljUj/RWPjedGCla0tpaSn27NmDBQsWIDIycqzLIRqy6FkBcPGy3zZ+KBxcVAiI04gB1r5d+ADAJ8pj2F0+K7LrUFfSLOlM6BXqJgncdrZ1oeTURZt1e3cWBABYLDC0939L9Cupq8OI2vNN8PB3FruAypUyhKX4Imt3iaQzIwD4Rnpg9r2JaG80YMcLaajOr0dnayDU7j3BXf84DXQJWlRk19ndZtB4L0y/Kw4X8utx4I0sVObo0dFkgNqtJ1Ds6KqCLlGL8jODt3i/XDK5AP9YDfxjNGjRd+BCQT0qsupQnVcvdurUJWgRPNHb2im3F7PRjLZLt1e/eK4BYVP8oHS0BlBlChmCJ3gj56tSm3Brt9g5gUhaEYFzRyqR/kmB9VroczkY2ox21x1N5Wdq0VjdJglcOzgpETndX7yVeW+hk3wxc208yk7X4sDrZ654fX11dfaE/AS5YL21fD9MBrPksafOGZ46lyvShbWrwwSz2YLudxWlWgHfKA8UHa++rHnqyppRX9GCiKl+EGQCBEFA2GRfJC4OQdauksEnuAx9j4+7vzOUjgrxte4b6QFFn1B1f9dzb32PRXtjJ/a/duayuqYmLQ9H+KVj0JtcKUPCgmC01HUg56vSIc8HXPrBQK/3fWOnCW2NnQie4C25/ptq2rH/1dPi54E2xNVmrtHQ9xeiju4OI+o27axxhMqp58+EvueXiIiIiIiIiIiIiIiI6Ep5/sXfwt3dDW+/8R5OpJ+ULOu+BXt7e7vYTG00tbd3wGwyi4k6Jyc1QsJCcOxImjjG3cMdcpm81zrtqNfXi/Xlns1DcEgQBEGAo4MDklMmQu1orbOqshoZp07jXGERIiLDIQgC4hNi4eTkJM5XVVmF9OMnRnW/hkKhVMDPz/eqb3e0jPTc0dhhgJWG5euvv0ZOTg6ef/55ODiM7i1yia4k/1iNGAwcDplcQGCiF44jDwBQXdCAztYuSdDS3dcJs+5JwMn/FKKmqAkxc3SInBEgaVU+kOr8eugStZArreP7hq6aa9pRcsI2wNo7jGetVYaABC0CsutQmaNH3NwgJCwIgdLh6rz1l5y4gKDxXnBw6QkFeoe5Y8WvpyJjRzEKD1fCU+eCmBsCET1bB7&quot;
08-31-2019 12:59:36 Wire.java DEBUG [Forwarding screenshot on session 8224b39f135dddefa755fa7332753c0d to remote] http.wire 87 - http-outgoing-4 &lt;&lt; &quot;WbChWN1nBqWUYNLp5rRMhEHzGI6eqtxryHk1BwqAKlp2pQkV0HZ40jwlJ8ET7VH76R7pApZOKt1rs6jKgrbYanzkWcQyYXEDsnEF0dRpz5sgQeOmdMWBoGNx8njBoBcNE6wkXrj4hp/kNapbm2HYVHqgAA+QcrEXNDILzD3cXlXqFuWP7sVOR/W4HSzBrUnGuEp84FIZN8EDkjAJpAF0mAzWQwSTpvAoBftCfCUnxRnH4BYSm+GLckVHLdjpbSjIvwDneDQnXpdSYAwUneuPn/TUHmzmKUZdTAO8IdiQtCEDrZVxKSu9ra6jvEALogCHDW9v/HzcVzDdCGuorH1N3XGXPuH4czu0vEazlsih9ibtDBZDBjy68ODruuqrN6tDcZ4HopbG+9bq1/4Jz9ugz1FS0In+KHyNQA6BK1yNp1HumfFEjmMBvNKDlxAYVHqqANcoVnoPUXfgoHORIXhqDiTN2Qw7d9w5Fuvk4IGu+FstM9QfC+x0cT6ILUu+ORviUfTp4OmHJHDFx7HV9jpwl1Zc2XfSzUbg6YeXc88g5UoDitGvUVLXDWOCJovBdCJvkiIE6DorRqMRAdlOSNxIUh4vVoMVvQ1WGEysn6vqRyUiJ5ZQSaa9sHDMV2h1U9dS6YuCICukRpB+P68hbUnGtEaLKPpDmr2lWJkGQfnN5ZjKAkb/jFaCDIh9cBfCD6smYEJGjFLtxu3mpMuzMGaZvzYWg3IiBBe1mvNXd/Z8h7BXRbhhA2JiIiIiIiIiIiIiIiIhoNcpkMkVER2Ljp1ygvq0DmqdNIP34CacfSAQAzZ8/AgsXz4eDY8333aHUtPXM6Cw0NDfDx9QFg7ey6aMkCVFddQNqxdCxbsRQ3zJ0tyXHU1tTh5Hc9d4g+V1CEzhs74ejoCEEmICra2hjQZDIhL9d659Ws09mYdUMqnJyc4O3tLWYaLGYLzhUUjXg/hsJoMknuIq1UKpGUPAEHDxxGW1s7Vt6yDJ4aj6tSy2gYjXNHY4MBVrpsVVVV+PjjjzF//nwkJyePdTlEQ+Yd4Q6fSOmHq7HThOMf5SFrj/1uhAkLgjH1zlhJ6NXVR43I1AAUHq5EWUYNSk7VIGa2TvyQE2QCdAnaYd+ivSitGjFzAuHuaxuqtFgsuJBfb9PBFAAuFNQjcJxWEhz0i/bEsv+ZOqw6RqrwaBU0wa4Yf1OYGMaFYL29/byHJmDeQxMGXP/4R3lw8VJDG9zTsVDtpsL4m8Iw/qawIdWQu78MfjGektuEO7qqkHJbNFJui778nboCOlu6cPqL82KYsKvDiPR/F+CG/07s6cQrAG4+Tpi8KgqTV0XZnad3yLA6rx6RMwIk4WGPAGcsfPzKv2dnbC+Cp84FUakBo/aauFLqSpvR1WGCg8ulcGKgS79dK7N2l8A32rPnehQAn0gPzIv0sLmWR9qV9UJhAwoPV0peOyonBcYtCcW4JaGSsWbjwJ0x6ytakLWnBFPviBEDjO6+zph6Zwx2/XFov9prrm0HLJCEyW96KgWA9Xo99HYO8r+tQNAEb7h6XwrdKmSIma1DzGyd3TkvFDbg7L6yQbdtcywuvRZSbotCym32XwvdPHUumHpHjKSjdeVZPc58eR6z7kkQn3f2dMSEm8JQnWv/vVWmkCFpWTiSloXb3U5nSxcKDlUAANoaOmEyWiC79C9slZMS09fEYvqa2EH3dSRKM2oQMd1f3CdBJiB0si9CJw/vF5KaIFcxtGs2WdBUPbxOrkRERERERERERERERETDJZPJEBwShOCQICxbubTfcWazGSfST45K19LcnDwcP5qOpcuXQCazfl8WoPPH0xvW2x3f2tqKPbu+kjx3Iv0UVt66HAE6acOrtrY25J61BlhzsnLRUN8IJycnSaCypbUFpzOzRrwfQ5F1OhsNDY3w8vYSnxs3IRGvv/PyVdn+aBuNc0djY2jtAGlMpKamwmKxYM2aNWNdioS/vz/27t2LrVu3wtPTc6zLIRqywEQvya2dAaC1oRNlA9xOvjyrDq310s5zDk5KSRDvyHtnUZFVZw149cNokP5yZSCNVa2oOddod76OJgNK+ukSmLG9CEXHq226JdrUMcDy0Za2OR8nPytEZ2vXZa9bX9GCfX/PQEVWHcymIdZskQb6KrLrcGrbOXS29L99s8kCU9fIbo9t6DCio7nr8o6tBagtbsK+f2TY3L68LKMGX7+cidripgGvq97MZgtMRuvgwqNVyNlXOuB+mU2WQcOPw3Xo7RzkfFUKo8E0+OAxVJZZaw1nXuLs4YCgcV52x9ZXtOD4x3loqGod8jkZibTN+cg/WDHiaxMAcr4qRdnpmp66BUCXqEXScvuBzL7KMmvQ3mwYcMyFwgakf5KP1sE6dVqAupJmHH4nx25Y1J60zfk4+3XZZV1PSkcFUn8aD21QTwC+Vd+BzJ3FKDl5UXpsBSAgXoOZa+OHPH83o8GE7L0lKDza00H5YmFDv9eIxWK5ItdPRXYd8g6U93+MLBjyZ5BvpAe0IT3HrbO1C5Vn9aNRJhEREREREREREREREdGgurqMQ/5uy2AwYM+XX+H//vrqqG3/rTfexeFvj8BkGvj7SUOnAdu37sCObV9Inq8or0BpSanN+IvVNfgu7YQ4piC/cMAxV8PBbw7B0Gn/u2BDpwGtrd+vRjcjPXc0NtiBlYh+MHQJ2p5OoJfUFjXa7bbYrbGqFbXFTfDwcxa7D0IA/GI8xU6NXR1G7PnLKUxeFYXIGf5Qu6kgyARYzBZ0thlRnlmDFn0Hxi8JhaAY2q2jq/P0CEn2kXR+BYCGqrYBb3O9/5XTaKltR8ycIDi5q8Rf6phNFtSVNKHwaBUm3xoJpePVe/s/+Z9zyDtQgXGLQxEyyQcuGkdrl1gBgAXo6jSh6UIbSjMuInuv9B9x9RUt2PFCGsJSfBE1Uwe/aA8o1YqeLrOwBsg6W7pw8VwjCg5VoDj9gmSOnK9K0XyxDZNWRUEb5AqFg1xcr+lCG3K+KkXCwhB46lyGvY815xrx76cPwTvCHTGzdPCJ8oCbjxOUjgrxlt4AYOoyw9DWhbqSZhSlVePs1/13oKzM0ePT/3cYcXODEDHNH9oQVygdFT3XsMW6D60NnbhY0IDcb8pQmdMTMkvbnI+2hk4kLgqBq7eTWIfFbEHThTbkflOOxEUhku6Uo6Wrw4hD7+Qge28pxi8Ngy5RC7Wbque8WQBDuxH1lS0oOjbwcbiSujqMuJBfD22wKwSZAIWDHOHT/PvtyFyWUYOtufWYuCIcoZN94aJVQ+nQcy13tnah9nwTzh2rGpX6vn0zC8Vp1Ri3OBReYW5wcFGJ59HUZUZzbTsqsupQeGTw7Z34tBBeoW5w93MGAChUciQsCEHNuUZUZNcNuG5x+gUoHOQYf1MYPPydxdeQxWyBoc0oBlELDlWiMkePybdGQjfOC86ejmK9RoMJLXUdKE6rxqltRUMOr3Y7/G4OitOrET8/GAFxGqiclJLXQlenES11HajM0SN7Twlmro1HQLxGfN82dpqQsaNIfP9M25wPTZArQib6AIK1Y2nENH+06juQtjlfsm2z0Yyq3Hp4BrqI7++mLjP0pc3I2lOC/IMV4tiuDiP2v3oaU++IQfBEbzg4KcXro/FCK6rO6hE9Syd2Nx1N6Z8UoLmmHROWhcPNx/qat5gtaG8yoPTURQQl+cDZ02HQeaJmBsCl1/tCQ2UrSk5eHPV6iYiIiIiIiIiIiIiIiOzZ8NRvsOTmRZg6PQWRURFwc3ODykElLu/q6kJjQyNysnOxY9sXOJ1xZlS3397Wjuef+wPmLbwRS5cvQWhYCNRqNQRBgNlsRktLKwryC7F1y2c4kX7S7hzZZ84iedJEsW6LxYLCwnNob+tpsFSYfw7TZ0wdcMyVtvnDf6Ory4gVtyyDt48XZDIZDAYDigqL8f47H+L+h/4bzs7OV62ekRqNc0dXn7BlyxZLdLT0NspJSUlDTrL3pd2wGQBQt3H1iIsjoqHp+7oThEtBtUFex6/915eSxzOfCQYAPPHwU6Nd4hXzp79vAgAcesH21ytERIPxjfTAvIeT4OqtBmANOh7fnIesXfZDrPTDcPuLs8RQu9&quot;
08-31-2019 12:59:36 Wire.java DEBUG [Forwarding screenshot on session 8224b39f135dddefa755fa7332753c0d to remote] http.wire 87 - http-outgoing-4 &lt;&lt; &quot;loRsbnRUj/pGCMq7ry+r4eujpMOP5Rrs2PC4iIiIiIiIiIiIiIfgju/3CJ3ef7fs9ORLa+j/kTou+b/jJT/X1+devOlTU2NgIAMjIyrkB1g0tKSgIAjH77JyIiIqLviQuFDShOr4bZZA38KxzkiJ8bPKKOvETfVxNXRsDVyxpehQW4kF/P8CoREREREREREREREREREV0xDLASERHRD9p3/y5EVa5efOypc0HqT+OhdFSMYVVEV9fUO2MQOM4LsP7YDq31HTi96/zYFkVERERERERERERERERERNc1BliJiIjoB62rw4jMncVo1XdYnxAAXYIWCx5NGtvCiK6SGXfFYdziUMiV1j8NDG1dOPnZOZRl1IxxZUREREREREREREREREREdD27Yq3FtBs2X6mpiYiIiEZVWUYN/vWL/WNdBl0jtqw/ONYlXFVH3j+LI++fHesyiIiIiIiIiIiIiIiIiIjoB4YdWImIiIiIiIiIiIiIiIiIiIiIiIiI6Koa9Q6sdRtXj/aURERERERERERERERERERERERERER0HRn1ACsRff/96e+bxroEIiIiIiIiIiIiIiIiIiIiIvoeY/6EiAYjG+sCiIiIiIiIiIiIiIiIiIiIiIiIiIjoh4UdWIlIdOiF0rEugYiIiIiIiIiIiIiIiIiIiIi+x5g/IaKhGvUAq3bD5tGekoiGqG7j6rEugYiIiIiIiIiIiIiIiIiIiIiIiGhQsrEugIiIiIiIiIiIiIiIiIiIiIiIiIiIflhGvQNrN3aCJLp62PmYiIiIiIiIiIiIiIiIiIiIiIiIvk+uWICViK5993+4ZKxLICIiIiIiIiIiIiIiIiIi+t7g9+xERESjRzbWBRARERERERERERERERERERERERER0Q8LA6xERERERERERERERERERERERERERHRVMcBKRERERERERERERERERERERERERERXFQOsRERERERERERERERERERERERERER0VTHASkREREREREREREREREREREREREREVxUDrEREREREREREREREREREREREREREdFUxwEpERERERERERERERERERERERERERFcVA6xERERERERERERERERERERERERERHRVMcBKRERERERERERERERERERERERERERXlWKsCxhL7e3tePzxx/Haa68BABYtWoQPPvgAWq12jCsbnry8PKxevRqZmZkAgN/+9rfYsGEDANt9BYBDhw4hNTV1TGqla5MgCGNdAhEREREREREREREREREREREREQ2BxWIZ6xJG5LoJsBqNRhw/fhxbtmxBWloajh07BgDQaDSYMGECpk2bhoULFyIlJQXOzs5jXC0RERERERERERERERERERERERER0Q/XdRFgLSgowLp167Bjxw6bZXq9Hvv378f+/fvx+9//HpMmTcLHH3+MyMjIMah0eOrq6rBmzRrs3r0bwLXVKXbjxo149tlnxcfs6np9+L4n84mIiIiIiIiIiIiIiIiIiIiIiK5X18udtmVjXcBIFRQU4K677rIbXrXHaDTCZDJd4aquPWq1Gq+++iosFov4H4OmRERERERERERERERERERERERERDQWvtcBVovFgs2bN+P48ePic7/85S9RWloKk8kEi8WCtrY2ZGZm4tFHH4VGoxnDaomIiIiIiIiIiIiIiIiIiIiIiIiICLjGAqx6vR7//Oc/0d7ebrMsNzcXX3/9teS5jo4OlJeXi4/Dw8OxZs0aBAUFQSaz7pparcb48ePxl7/8BSdOnMD06dMHrMFsNuPo0aO45557oNVq4ebmhiVLluCrr76C2Wy2u05rays+/vhjrF69GqGhoRAEAVqtFsuWLcPrr7+Ouro6m3Xy8vKQlJQEQRAgCAI2btyIzs5OfPrpp5g/fz4EQcAHH3yADz74AF5eXti9e7e47u7du+Hl5SWu+8EHHwy4T902btworpOUlIS8vDy7+/7oo49i+vTp4tjQ0FCsXr0ar732GsrKymCxWMT6n332WckcM2fOFNd74IEH7J5LIiIiIiIiIiIiIiIiIiIiIiIiIvphuyYCrBaLBd999x2WL1+O9PR0yTKz2YxPPvkEixcvRlVV1YDzFBUV4YUXXsChQ4fQ0tJiszw0NBSvvPIKYmJi7K5fXV2N9evXY8aMGXj77beh1+vR3NyMXbt24ZZbbsGWLVts1jl58iQWLVqEO++8E1u2bEFJSQkAaxh3x44duP/++5GamopvvvkGFoul39pLS0tx7733YtWqVdi3b9+A+3kltLa2Yt26dZgxYwb+9re/4dixY+KykpISbNmyBQ888ACef/55dHR0XPX6iIiIiIiIiIiIiIiIiIiIiIiIiOj6MeYB1s7OTrzzzjtYtGgRDh8+LFmm1+vx5JNP4vbbbxeDob05OjoiOjpa8twnn3yCWbNmwdXVFbGxsVi7di22b9+OixcvDlpLZmYm3n33XbvLmpub8e6776K2tlZ87vz583jkkUds6u4rLy8Pjz32GHJzc/sd8+abb+L9998ftMYrwWKx4M0338Rf//rXMdk+EREREREREREREREREREREREREf2wjGmAtbq6Gg8++CDuuece6PV6xMTEYOXKlXB0dERGRgbuvPNO/PGPfwQA3HzzzZgyZYpkfUEQsGbNGqxYscLu/Hl5eXjnnXewYsUKREZG4qmnnkJNTU2/9cTFxWHbtm1oaWmB2WxGZmYmpk6dKi6vqKgQA6wWiwVbt26VhFfvuusulJWVwWKxoLKyEvfee6+4LDMzE++88w4MBoPdbd97770oLi5GV1cXLBYLLBYL1qxZgzVr1qC2thaLFi0Sxy5atAi1tbWScSPR1NSEQ4cOiY/nzJmD4uJicf62tjacOXMGmzZtgpOTEwAgJiYGGRkZ+O1vfyuZ69ChQ+J6r776KtRq9YhqIyIiIiIiIiIiIiIiIiIiIiIiIqLrj2KsNnzs2DE88sgjSE9PBwDcc889eP755+Hl5YX33nsP69atg16vh6urK9avX49169bB2dnZZh5fX1+88cYbiI2Nxcsvv4zm5ma722tubsYf/vAH5Obm4rXXXoOvr6/NmODgYKSmporbSUhIwNy5c3H8+HEAwJkzZ1BXVwfAGvo8evSouK6/vz9+8YtfIDAwUHz8xBNPIC0tDZmZmQCAkydPorGxEd7e3jbbDgoKQmho6JCP32hSKpXw8PAQH3/zzTe44447sHjxYqSkpCA8PBzR0dFITEwck/qIiIiIiIiIiIiIiIiIiIiIiIiI6PoyZgHWvXv3iuHVxx9/HM899xxcXV1RV1eHjz76CHq9HgDwf//3f1izZg1ksv6bxXp7e2PTpk148sknceTIERw4cAAHDx7EsWPHbMZu27YNt91225C6lsrl8n47iBqNRklYNiYmRgyvdvPy8oKfn58YYK2pqYFer7cbYB1LTk5OmDdvHjZv3izu0/Hjx8XgLgBoNBo88MADeOKJJ6DRaMaqVLpGZGdlj3UJRERERERERERERERERERERERE16WExISxLuGq6D8VeoUtWLAAKSkpAIA///nPeOyxx1BdXQ13d3f85Cc/QUhICADgoYcewvPPP4/W1tZB5/T09MTSpUvxv//7vzh69Cg6Oztx4MABLFy4UDKuqKho9Hfoe+7222/HO++8g3Hjxtldrtfr8cILL+Dxxx9HU1PTVa6OiIiIiIiIiIiIiIiIiIiIiIiIiK4nY9aBddq0adi5cyd+85vf4OWXX8Zbb72Fw4cP4y9/+QvuvPNOxMfH48knn8SePXvw7LPPIi0tDS+99BKioqLEOerq6vDrX/8a99xzDyZOnAhBECTbUKlUmD17NsrKyrBnz55RrV+hUMDV1VV8nJeXh/LycgQEBIjPNTU1oaGhQXzs7e19zXYvlclkuOWWW7By5UqUlZUhKysLmZmZOHjwIA4fPix2Zt27dy8KCgowadKkMa6YrgUyqMa6BCIiIiIiIiIiIiIiIiIiIiIiouuCGYaxLuGqGrMOrIA10PnSSy/hrbfegkajQV5eHj777DN0dHQgKSkJH330EX75y18CAHbs2IG0tDSbOQoLCzFp0iQsX7&quot;
08-31-2019 12:59:36 Wire.java DEBUG [Forwarding screenshot on session 8224b39f135dddefa755fa7332753c0d to remote] http.wire 87 - http-outgoing-4 &lt;&lt; &quot;4c//nPf1BeXg6j0QgAMBqNyM/Px86dO8Xxrq6umDFjxohrd3Nzw/Tp08XHVVVV+Mc//oHy8nIA1nDtiy++iOPH1v3RZgAAIABJREFUj4tjkpOT4e7uftnbkslkUCh6ssalpaU4e/YsLBbLCPagR11dHX784x/jlVdeQV5eHnx8fLB06VI888wz2L59Ox566CFxbEtLC7q6usTHvesCgO+++w6dnZ2jUhcRERERERERERERERERERERERERXZ/GNMAKAA4ODrj77ruxe/dupKamSpZpNBr84Q9/wJYtWxASEjLgPDt27MAtt9yCoKAgKJVKCIIApVKJmJgYfPTRR+K4u+66C9OmTRtx3YIg4JZbbpHU/P777yMoKAiCIMDLywuvvPKKuGzChAm4++67oVJdfsdKtVot2f+zZ89i1qxZkMlkEAQBH3zwwch2BkBtbS0efPBBxMfHw8nJCYIgQBAEqFQqbNq0SRy3ePFixMTEiI/Dw8Ml8zz22GNwdHSEIAh44IEH0N7ePuLaiIiIiIiIiIiIiIiIiIiIiIiIiOj6MuYBVsAaBp08eTK2b9+OlJQUyTKZTIbbbrsNu3btgr+/v80yR0fHIW3D1dUVzzzzDDZt2gRnZ+dRqTs0NBR/+9vfbIK3fcXExOBvf/sb4uLihrUdR0dHrFixAq6ursNaf7Skpqbi17/+NTw9PcXnZs6ciRtvvHEMqyIiIiIiIiIiIiIiIiIiIiIiIiKi7xvF4EOuHo1Gg5/97Gd2l8XGxiI2NlbynKenJ/7973/j9OnT+Pbbb7F//35kZmaipKREnG/GjBmYN28eVq5ciZCQEAiCMKo1JycnY/fu3fj888+xdetW7Nu3D3q9Xtz2smXLcOutt0Kr1Y5oOwsWLMDOnTvxz3/+E9988424j9OmTYOXl9eI5tZoNHjjjTewY8cO7Nq1S3IMY2JiMHHiRKxYsQLLli2zCf/qdDq8++67eP3117Fz506cOnVKXE+n00Eul4+oNiIiIiIiIiIiIiIiIiIiIiIiIiK6/ghbtmyxREdHS55MSkqCxWIZ1oTaDZsBAHUbV4+4OCIamr6vu+6g9uW+joe6XnZWNgBABtVlzU9ERERERERERERERERERERERET2mWEAACQk/n/27jysqmr/4/j7AIqIoIDmLIgD4ASKs6aW85SmWZpN9mvwWplmWkZaak6oOZVDmeWUlplpTpjmiIKoCA6IIoIDoCiCiIhyOL8/vJ7rCVTAgazP63l4rnvvtdf6rrUPPN2zv/u7a9613f3mh6WkpABw4MCBvIb4QPj4+ABgVSCji4iIiIiIiIiIiIiIiIiIiIiIiIjIv5YSWEVERCTPTsac5NnnnuHz0SO5lnEt1+etWbuaGrWrs2bt6ocY3cPzuMcvIiIiIiIiIiIiIiIiIiIi8nehBFYRuS/GLCPzv59HjdrVmTbjS4xG4x3bno07y0uv9KZLt45EHot8hFHK31FWVhbBe4IYPOR9mjRvQI3a1en5fHe+/W4uSZeScjzHZDLxw8LvqVG7Om3aP8Whw4cecdT/PvtD91OjdnXe6v9/JCcnF3Q4IiIiIiIiIiIiIiIiIiIiIvIPoQRWEbkv1lbWPNO1Gy1btGLlbyvYuzckx3ZGo5Hlv/zE/tD9vNCrN9WrVX/EkcrficlkYuVvK3h34H8I2LielJQUACIijjB12hQGvPs20dEnsp0XExvDqtUrAejSuStenl6PNG4REREREREREREREREREREREXkwlMAqIvetZMlSvNT3Fa5evcqSpYtyrJ4ZemA/K39bQZvWbencuSsGg6EAIpW/ixMnovh+wXzS0tLwrVefdWs2cvBABGO/mABAeHgYa9etwZj1v4q+xiwjf2zaSGTkUdzdq9CxQ2esra0Lagr/GvXq1uPIwWN8M+c7SpQoUdDhiIiIiIiIiIiIiIiIiIiIiMg/hBJYReSBaFC/Ic8/9wKbNv/B5s2bMJlM5mOXL6ew5MfFFCpUmNde/T+cnZwLMFL5OzgeddxcYbVxoya4VnLF2toaH++6eHh4AnDwUDipl1PN55yMjmb1778B0L5tB6pWrfroAxcRERERERERERERERERERERkQfCpqADEJF/hsKFC/N8r97sC93Hj8sW41vPF3f3KphMJgI2BhCwcT0D3x2Edx1vi/OuX7/O1m1b+OXX5YSG7gOgbl1funXtTuvWbShiW8Si/Zq1qxn28Yf4T5hMl87PZIvjXsfvJisri5C9e1j201KCgneRkpKCl1cNfOvVp0P7TnjX8cba2pqLFy+wdt0agkOCiYw8SlzcWezt7aldqw6tW7flma7dcCjmYNH3yZiTfPDh+3jX8WHI4A8JCzvAT8uXERS8GxsbG9q1bc9/3n6HMmXK5inm/K6HyWTi5MloflnxM9u2b+VkzEmKFy9OXZ96tGr1NG2eboOzs4tFX0mXkli1+jcCNq4nPDyM4sWL07zZk/R98WW86/jkqaru+fPnzP+2srYyn+tUwolSJUsRGXmUxAuJXEq+RIkSJTAajaxZ9zvR0Sfw8PCkS5dnsLZ6cNVX83NNAZKTk1m7fg0bN24gZO8eALzr+NCkSVM6duhEFfeqWFnd+1mR69evs237VrZu/ZOjx44SEXEEAC+vGjRq0IhevXpT2a1yrucTF3eWoR8N4YknnmD0qLEWsd86VrFiJUb4fYa9vb352OEjhxjw7tt06tiFDwZ9SKFChSw+ux9/9Em238k7ORt3liVLFpo/X15eNWjbut1d18NkMnHsWCSLf1zE7qBdxMWdpbJbZXy869KpUxd8fetTxLYIxiwje0NC2LgpgCNHDhMWfgCAym6V8fWtz3M9nqd27TrZPpOz537NzK+ms3jhMtzc3Fjx63J+++1XTsacpE/vvgz78GNsbW3zHb+IiIiIiIiIiIiIiIiIiIiI5J4SWEXkgalUyZW+fV7io+FDWbpsCUOGDCM+Pp4fly2mZYtWPNezl8Ur35MuJeE/aYK5quYtO3duZ+fO7bRv15FPPxmBi0vJhx57eno602Z8yaLFCyz2R0QcISLiCCF79/Dl5OlUdqtM7KlTTPAfZ9EuLS2NoODdBAXvZvfuXYz6bHSOccfFnWW438f8uWWTxf7lv/zMiRNRTJwwhfLlyj/4Cd7GZDKxfsM6xoz9nJSUFPP+lJQUtm7bwtZtW7h48QL/efsd87EDYaGMGvMZkZFHLdqvXbeGrdu28NnI0XTu2CVPSax5EXUiik2b/wCgY4fOVKpU6YH2n59rejLmJCNGDmd/6H6L88LCDxAWfoBDhw7iP2EKJUqUuOf4V69eZfkvP7EzcIfF/lufv42bNjJ+7EQa1G+Yq/k4u7hQrVp1DhzYT2JiokUCa0xsDKEH9pN0KYkzZ8/gUd3jf3M6GU1iYiI1a9SkUKFCuRorJ3v3hfDZ559yMuZktrncidFoZMHC75k992vS0tL+F1PMSU7GnGTlql9ZvHAZ9erW48aNG6wPWMfPy5dZ9HGr7foN6+76mdy+Yytjxm61+DwbjUZMmPIdv4iIiIiIiIiIiIiIiIiIiIjkjRJYReSBMRgMPNWqNd2e6c5vq1dSt64vhw8f5MyZ03z4wTBKlixlbmvMMvLLiuWs/v03OnfqwrsDBlKx4s2kxNOnT/HVrBmsXbcGV1dX3nvnfYvE1wfNmGVk6bIlLFq8gGZNm/P+e4Px8qqBtbU1V69e5ejRCNZvWIvVfxPhrK2tePmlV+nSqSvVqleniG0RsrKyOH/+HIuWLOT7H76jQf0GvPpKv2xj7QzcgW+9+sz++hsaNmiEnZ0d584lMGnKRNatX0tg4A6e79X7oc0V4MKFC6z4dTmurm58NHQ4tWrWplChQty4cYNz58+xZctmjFlZ5vZn484yecpEEhLi+WzEKDp26ISjY3Fu3LhBcPBupkybzJy5s/Cs7knVqtVyFcMTT5Q2/zvLmIXJZMJgMHAp+RKJFxIBKFWyFE4lnLh+/TqrV68kOvoE9erWo3OnLlgZrIiMPGpRqbNcufK0bdOO5/NYrRTyfk2NWUbWrFlN5LFIRn32BR06dMShmANZWVkkpyQTdiCUXbsD8x&quot;
08-31-2019 12:59:36 Wire.java DEBUG [Forwarding screenshot on session 8224b39f135dddefa755fa7332753c0d to remote] http.wire 87 - http-outgoing-4 &lt;&lt; &quot;SDayVX+rzwInXr+lK8eHEMBgOpV1LZuvVPps+cxo9LF+Pp6ZVjJdi/KmJbhBpeNfh5+TJiY07iXtndHPeePUEAxMbGcOhQuDmB1ZhlJCrqOK6ublSr5nHHvu/lbNxZpk2fQtKlJD4aOpxnu/fA0bE4RqORhHMJ/Lh0Md//8F228wI2bmD23K+pUKEiQwZ9SKNGTShUqBDXMq4RGxvLryt/wdr6f9VPnZycmDDOn8aNmlKyZEmsrKy4lnGNvSF7mDJtMkuXLqGeTz3K5ZAQvuTHRTzfqzdfzZhNubLlLJJc8xu/iIiIiIiIiIiIiIiIiIiIiOSNElhF5IEqVqwYfV98hZC9IXw4bDAA/V59PVvlyFOnTrF+w1patmjFR0OHWyS33kqsvHLlCps2/0GXTl1znRiZH/Hx8WzcFECjho35Ysx4St+WXFm0aFHq1fOlXj1f8z7vOj541/Gx6MPKyooyZcrSs0cvAgN3cOr0KTIyMsyvI7+lc6cujPD7DEfH4uZ9pUuXofcLL7Ju/Voij0XmeN6DlJxyiXPnz1HftwFeXjXMlTYLFSpEhfIVePmlVy3ab9q0kf2h+5k4fhJdOj9jTvYrVKgQzZu3wGBlxaAP3iNw185cX6dqVavh7l6F6OgTBAXvpnPnrlSsUJEDYaHmqpi1a9XBwdGBiIgIAv4IAKB9u46UK1uOvftCGO73EXFxZ819xsWdZcHC7/kjj9VKIe/XNONaBvEJcVSoUJH69RuYk0qtrKxwdnLmqada89RTrXM9fokSJfD7ZGS2/Q7FHGjbph0he/cQERHBpaSkXCWwAnh4eGJvb0/ksUhatXoag8HAxQsXORB2gLfe7E9sbAz79++jU8cu2NnZcfXqVWJPxVKxYiWeKPVErmP/q1ufl+Ef+fFS31fMnxdra2vKlyuPl6dXtnMuX05hQ8A6Spcuw4RxkyyqwhaxLYJHdQ+Gf+Rnse/99wZn66eIbRGaNXuSsPAwflg4n8QLiTkmsE72n0qLJ1vmWJ01P/GLiIiIiIiIiIiIiIiIiIiISN49tARWlxE/PayuReRvzsvLixd792Xyl/7UqePN8716U7hwYYs2MSejiYw8SvdnnrVIXr2lZMlSPNXqaT4fPZLjUccfagLrqVOxhIeHMfDdQblO3DMajUREHCFkXwiHDx/k0qVLxJ6KNSdU+vjUM7+O/Hb29sUonENyqotLSTw8PC1eY/6w2Be1p7hjcXYG7mDdujW0ad3WIqH2dmlpaUQcjaBhg0Y0atgkx4S/cuXKU6FCxTsm7eakSpWq9Ondl2nTp7Bv/146dWlncbxOHW86d+qCMdPI6t9/Iy7uLI0aNqZduw6kpl5m0eIF5qqrY0ePp0GDhgTvCeLjT4YSF3eWZT/9iJdnDYoVK5brdcnLNS1UqBDFi5cgMvIoPy9fxot9XqJ8ufJYWVndbYi7MplMnDuXQOCunRyJOMKpU7EkXUoyv7bew8PTojLuvZQtU46aNWoRExvD1atXsbe3J+rEcU7GRDP0w4/YuzeE5St+5uzZM1StWo1LSUmcOXOGZk2b4VjcMV9zuPV58fDwvJncnMPnJSfxCQkcjzpOo4aNcXV1zfV4SUkXCQoO4kjEYSIjj3LlyhXCwg+YjxuNOa+Xg4NjjrHlN34RERERERERERERERERERERyTtVYBWRB87ayppWrZ5m9e+/4enhRekyZbK1SbuaBoCLi8sd+ylatCgARmPmwwn0v5KSLgJQoUKFXCWsxcbGMHHSeLZu2/JQ43pYypYtR98XX2bM2M/5dOQnfDryE8qVK0+d2t40a9qMp1o9jbPzzety48YNkpIusickmFatm9+1X+86PrlOvjUYDPR54UWqVqnKsp+WEhS8i5SUFLy8atChfUd69uiFs5Mze/eFELBxPQCdOnbhiVJPcCTisDlJsWmTpnh7e2NlZUXNGjWp4VWTbYlbOXEiivOJ53OdwJrXa1qoUCGe79WbgwfDWLDwexYs/B57e3tq16pDgwYNadO6LVXcq+Y6oTU9PZ1vv5vLosULSEtLy9U59+Lk5ISXVw2CgndzPvE8lewqsW/fXurV9aVSpZtJovN/mEdY+AGqVq3GmbNnOHzkEAP6v4O1lXW+xrz1eSlVshROJZxyfV5aWhqxsTE807UbRWyL3LO90Whk+S8/MX3mVFJSUvIVa07yG7+IiIiIiIiIiIiIiIiIiIiI5N0DT2C9OOaFB92liDyGDAYDhvuoRvl3lXQpiSlTJ7F12xY6d+pC92498PTwpFChQtjbF+PU6VN88OH7BR3mXRkMBjp17EzjRo3ZsvVPdgftIiLiCBsC1rEhYB3lypVn/NiJNKjf8KHGYWVlRaOGjWnUsHGOx9PT01m5cgWJiYk0adyUVi2fwmAwkJFxncTExP/2YQ3/TToubGtL6dI3k6WPHT9GcnJyruLI7zWt7FaZed/+wL59e/lzy2aOHDlMUPBugoJ3M/Or6Xww+EP6vfp/WFvfPRnUmGVk6bIlzJk7i1q1avNi75eoX78BxeyLUcTuZjLnhInjLCqL5kahQoWoWaMmCxZ+T3x8HMXsi3EgLJQWT7bEoZgDlSq5Uq+uL/v376NTxy4cP34MV1c3ypWvkKdxCkLAxg1MmTqJJ0o9Qf+3BvBk8xY4O7tQuHBhihYtyuy5XzPzq+kFHaaIiIiIiIiIiIiIiIiIiIiI3IUqsIpIgbAvag/AhYsXMZlMOVY+vXjxZmVUa+uH+6fqVixnzpy5Yyy3nD59it1Bu+j13PN8PMwPOzu7hxrbw+Ts7ELPHr3o2aMXAJcvp7Bm7RqmTp/Mj0sX4+nphbWNNfb29jRp3JRJ/l/i7OT8yOLbH7qPjZsCAHi2ew9KlSr1UMa5n2taxLYIzZo2p1nTm9Vpb9y4wf79+5g6YwqLFi+gSeOm1KxR6659pF25QsjePXh4eDJhrD/u7lUsjl/LuJb3Sf1X5crulCpVikOHD2FlZUXsqVjq128AgEMxB3y867J8xc+ciD7BqdOn8PTwpFy5cvkez8rKgLW1Nenp6Vy/fj3X59naFqZUqVKcO3eOaxnX7lqFNSMjg33791K0aFFGfjqKRo1yToDOj/zGLyIiIiIiIiIiIiIiIiIiIiJ5988rjygijwW3yu54eHiybdsWzieez3b8woVEgoJ34+5ehWpVq2U//t/E19tlZWWRcvlyvmMJ3hOUYyy3MxqzSEtLo0yZsjkmOppMJkxZWXmO4X49iPVwdCxOp46dqetTj7S0NIyZRorZF8Pbuy7hB8OIiDjyoMO+oytXrrBm7WrS0tJ46qnWNG3SzHzsVrIjQFaWEf477+sZGZw7lwBA9WrVKVGiRK7GepDXtFChQjRq1JiWLVqRmJhIRsa9kyCzskwYjUZKlSyFs7NL9gYm08155kO5suXx8PAiKuo427dvpXat2lSq5Go+Xr9+A1JTL7Nj5zZiYk7iUd2TYvbF8jUWgH2xYnhU9+DwkUMcjzqWYxujMfta3opz774QYmNj7zqGiZvr5ezswhOlS2c/bjKRlcMYDzN+EREREREREREREREREREREck7JbCKSIGoVKkSHTt0JnhPEJOnTOR41DGysrLIysoiNjaGiZPGs237Vtq0bkvlyu7m825VlNwQsI7wg2FkZWVhNBo5dvwYfiM+Zuy40XmPpWIlWrZoRfCeIEaNHsmhQwcxGm8mDF69epX9+/cxdtxoYmNjcHRwwN29Ctu2b+VAWKi53eXLKaxZ9zsffzKUY8dzTnx7GPKzHmHhB/hi3Cj2hARz+XKKOfH1WsY1QkP3EX0ymlIlS2Fra4vBYOCplk9RpUpVPhw2mPnfz+P8+fNk/Teh88aNG5w5e4ZFixfww8LvH9i89oQEsWnzHwB0f+ZZi8TOihUq4l3HB4Bdu3cRFnZz3oePHOZIxGEAataoRdkyZXM1Vn6uaXJyMmPHjWbNut85dy7BfI7RaCT6ZDTh4WG4u1fB0cHhnuPb2tpSqmQpQg/s549NG0lPTwf+V811xGd+/LJiea7mkm1uxR2p4enFlq2bWb1mNT7edXEo9r+YKlVypV5dX5b8uJjwg2F4VPe4awXie7G2sq&quot;
08-31-2019 12:59:36 Wire.java DEBUG [Forwarding screenshot on session 8224b39f135dddefa755fa7332753c0d to remote] http.wire 87 - http-outgoing-4 &lt;&lt; &quot;Zx46YAzPx6unk9s7KyOH3mNLPmfMUE/7HZzitRogRtW7cjOvoEIz77hMBdO7lx4wZw83MZeSyS8RPHEhZ+gEKFCuHi7EJk5FHWrVvD5cspAObP/bjxY/hh4fxHGr+IiIiIiIiIiIiIiIiIiIiI5N0Dfy+3y4ifHnSXIpJLF8e8UNAh5Jq1lTXP9exFdPQJVv/+G2vXrcnWpn27jrzc9xWsra3N+6pUqUq7Nu1ZsnQxffo+b9G+Vq3aPNu9Jyt/W5G3WKyteeXl10hISGD177+xdduWbG08PDx58cWXqVzZne7dnuXLqZN58SXL9ba3t6fFky1JTU3N0/j3Iz/rYTRm8ePSJfy4dEmOfXp4eNKnd19zNVJXVzc+HvYJo8Z8xuQv/Zn8pX+O57337vsPYEY3E0d/X/M7aWlptG/XkUYNG1kcd3QszssvvcqRiCPExZ2l3xuvWBwvV6483bv3yLGaak7ye01jT8WyZOniHPu0t7dnyOChVHZ3z/H47ezs7OjevQfBIcF8NupTPhv1qcXxZk2b06hhY5JTknM1n9tZW1njXceHb+bNpWjRotSv38DiuEMxB3y86xKwcQMeHp64Vb53vPfSoH5D3n7rPzmuZ/HixalapRr79u+12G8wGOjSuStn487wzbdzePPt13Psu327jlhbWdO5UxcCd+/k69kz+Xr2TIs29erWo75vA7Zt3/rI4hcRERERERERERERERERERGRvHvgCawiIrnl7OTM6M+/4OmnWvPLr8sJDd0HQN26vnTr2p3WrdtQxLaIxTlFbIvwweChVKrkyrKffuRkzEnq1PGm+zPP0u2ZZ9n85x95TmC9PZYunbqwYuUKgoJ3kZKSgpdXDVq2aEXHDp1wreSKlZUVr7z0GmXLlGPRkgWEh4dR2a0yLVu04rmez2OwsuKDDx9MImdu5Gc9atSowQ/zF7Fp8x/s27+XiIgjAHjX8eHpp1vTs0cvnJ2cLc7x8a7L9/MWsnFTAJs2/0Fo6D7S0tKo7FYZH++6tGvXAd969R/InIL3BBOwcT329vZ07dIVR8fi2drU923A1zNms/jHRewO2kVc3FnzdejVqzeV3Srnejxra+s8X1NHR0c+HvYJW7b+SeCunRw8FG5eD1/f+vTt8zLV81DNtL5vA2ZM+4pv533DzsDt2NjY0LhRU3o+2xNvbx+mTJ1McviBXM/pduXKV8DV1Q1PD08qVXLNPnb9BpQqVQqP6p48UeqJfI1xu1vrWanizc9kUPBu83r27fsKoaH7ckwAtbOzY+C7g2jV8ilW/PqLxXVt1uxJOrTvhHcdbwDc3aswZdI0vvl2Nhv/CCAzM5O6dX15pms3Wj/Vhh8Wzs93Amt+4xcRERERERERERERERERERGRvDH8/PPPpurVq1vs9PHxMb9SOq9uVWB9nCpBijzu/vp7dytpLq+/x7k97/Chm69pt6JwnvoXERERERERERERERERERERERGRnGVxHYCatWretd395oelpKQAcOBA/gqq3S8fHx8ArApkdBERERERERERERERERERERERERER+ddSAquIiIiIiIiIiIiIiIiIiIiIiIiIiDxSSmAVEREREREREREREREREREREREREZFHSgmsIiIiIiIiIiIiIiIiIiIiIiIiIiLySCmBVUREREREREREREREREREREREREREHiklsIqIiIiIiIiIiIiIiIiIiIiIiIiIyCNlU9ABiMjjK4vrBR2CiIiIiIiIiIiIiIiIiIiIiIiIPIZUgVVERERERERERERERERERERERERERB4pVWAVkTyrWatmQYcgIiIiIiIiIiIiIiIiIiIiIiIijzFVYBURERERERERERERERERERERERERkUfqX53Amp6eTv/+/TEYDOafwMDA++ozMDDQor8lS5Y8oGhFRERERERERERERERERERERERERP4ZCjyBNSsri0OHDjFixAhatGiBo6MjBoMBNzc3unXrxjfffMP58+cLOsy/ldvXrEmTJuZkWRcXFzp06IC/vz8RERFkZWUVdKgiIiIiIiIiIiIiIiIiIiIiIiIiItkUaAJrUlIS7733HrVr1+aLL75gx44dpKamAhAbG8vq1at5++238fLy4uuvvyYjI6Mgw/1bSEhI4M033zSvWVBQkPlYUlISAQEBfPTRR9SoUYOPPvqIa9euFWC0eTNmzJgHWg1XRERERERERERERERERERERERERP6eCiyB9dy5c7z++uvMmjXrnm2TkpJ49913mTZtGpmZmQ8sBjs7O+bMmYPJZDL/NGvW7IH1/6CdO3eO/v37M3/+/Fy1T01NxWQyPeSoRERERERERERERERERERERERERETyxqYgBs3MzGTGjBmsWrXKvM/Dw4Nx48bRvn17ihYtyrlz55g9ezZTp041V2UdO3Ysnp6edOvWrSDCLlA5rZmDgwN+fn68+uqrlC5dGqPRSEREBN988w0LFiwowGjln85gMAA3k8tFRERERERERET+jpycnHLcr++2RERERERERETk7+5O32390xRIBdbIyEhWrlxp3i5btiyzZs2iR48e2NvbYzAYKFOmDCNGjGDYsGHmdqmpqSxYsIBLly6Z9wUGBlq8dn7JkiXZxvLx8TEf79+/P+np6ebjt7+23sfHh8jIyGzxZmZmEhgYyPvvv0+9evXM7evVq8f777/P1q1bycjIuOe8MzMz8fPzs4h34sSJuaoq+9c1c3BwYM6cOQwbNowyZcpgMBiwsbGhdu3azJgxg/Xr1+Pg4HDHdRgzZgwZGRmsWLGCNm3a5Lh2GRkZ/PHHH/Tr1w9PT08MBgOOjo7lppZyAAAgAElEQVS0adOGr776iosXL2aLMzo6mpkzZ9KnTx+LtXJ0dKRFixaMGDGCiIgIi8qwt2IbOXKkRV/Nmze/43UzmUxEREQwYsQImjRpYnFNhgwZkm2MW9LT0/nuu+9y/HL60qVL/PLLL7m6liIiIiIiIiIiIiIiIiIiIiIiIiKSfwVSgXXnzp1ERESYt9u3b0+jRo2ytbOxsaFv376sWbOG4OBgAIKCgoiOjsbX1/eRxBobG8vgwYMtkkdvCQ0NJTQ0lBkzZrBz506aNWt2x35MJhM///wzM2fONO8bMGAA7777LjY2974Mf12zZ599li5dupirBdzOYDDQrFmzu8Zz6tQp3nzzTRYtWpTj8TvNOzU1lc2bN7N582YWL17M119/bXEtdu/ezcCBA7P1l5qayo4dO9ixYwfTp09nzpw59OnTJ8f47yU9PZ0pU6bg7+9vrs57y61r8u233zJ16lReffXVbOsbEhLC999/z7Rp0/D19TXHkJWVxbx581i9ejX+/v6UKVMmz7GJiIjIP0/c2biCDuGeypUvV9AhiIiIiIiIiAgQFRVFTExMQYchIiIi+eTm5kbVqlULOgwREZF/jUeewHr9+vVsVU4bN26Mvb19ju1Lly5N7dq1zQms8fHxREVFPZIE1nPnzvH++++zatWq++5r+/btfPLJJ+aEy27dujFy5Mg7zvt2Oa1Z06ZNcXR0zHc88+bNu+Ox3M47ODiYsWPHMnfuXEqVKpXrsVNTU/H398fX1xcPD49cnwc3q9jOmDGDESNG3HOMMWPG4OnpmWMib2BgIO3bt2fy5Mm8+OKL2Nramo8tWrSI8PBwpkyZwtNPP52vJFsREREREREREREREfn3iYmJoVevXgUdhoiIiOTT8uXLlcAqIiLyCD3yBFaj0cjVq1ct9hUrVuyO7Q0GA9bW1hb7MjMzH0psf7V8+XKLJE5vb28mTJjA008/TeHChUlLSyMoKIhp06bdtZ+IiAg++ugjYmNjAWjUqBHjx4+ndOnSuYojr2uWG2+++SaffPIJFSpUyFahdM2aNeZ5Ozg4MHLkSN566y0cHR25ePEiI0aMYPbs2QCsXLmS//znP7Rt2xYAa2tr3nnnHXr37o2vry92dnaYTCaSkpKYOXMmo0aNAiAsLIxTp07h4eGBh4cHBw4cYMyYMYwcOdIcR05VbQ8fPsyCBQvM23369OGLL76gcuXK3Lhxg6VLl/Lee++RmppKbGwsa9eupXHjxubPUJEiRe&quot;
08-31-2019 12:59:36 Wire.java DEBUG [Forwarding screenshot on session 8224b39f135dddefa755fa7332753c0d to remote] http.wire 87 - http-outgoing-4 &lt;&lt; &quot;jevTtbt24lMjKS119/nZ07dzJ27FhKlixJt27dCAkJISwsjGeffZbPPvuMAQMGYGdnd1/rLSIid6aqFFKQ8vIk9ZD3Pn7I0eTdlJkTCjoEERERERERERERERERERGRfHnkCayPi9TUVPbs2WPednBwwN/fn3bt2pn32dvb07p1a1q3bn3HfpKTk5kwYYK5gqyrqysTJ07Ey8vr4QWfCxUrVsTNzS3b/tTUVLZt22bebtOmDf/3f/9nrvbq4uJC//792bRpE8ePHwfg0KFD5gTW3r1789xzzxEeHs68efPYtWsXFy5c4Pjx4+YE3lvOnz+f57h37txJREQEAGXLlmXQoEG4u7sDULhwYXr06MHmzZtZtGgRAMePH+fKlSsUL14cuJkQ3aFDB7Zu3Yqfnx/z589n/vz5HDx4kBkzZtC/f38aNGjAoEGDCAwM5MMPPyQwMJCpU6fi6uqa53hFROTeVJVCCpKepBYRERERERERERERERERESkYjzyBNaeKqleuXLlje5PJhNFotNj314qhD8P169ctEixr166d59fdA4wdO5b4+Hjzdq1atfLcT17X7H78dd4rV65k5cqVdz3n9liCgoIYOHAgISEhDyW+22OLj4+nUaNGd22fmpqaY8XeMmXKMG3aNIoXL87UqVMJCQnhjz/+oHHjxtSvX5/ly5fz+uuvs2HDBlauXEnPnj2VwCoiIiIiIiIiIiIiIiIiIiIiIiLygFg96gGLFCmSrcpVaGgo6enpObY/d+4cBw8eNG+XLVv2saqSFR8fT9myZc3ba9euZd68eTkmVd5JTmsWFBREWlraA4vzQYiJieHDDz80J6+2a9eO9evXk5CQwNWrV1m8eHEBR/g/CQkJDBo0iKlTpwLQoEED2rZti8lkYu/evfTq1YsNGzYA0KdPH1q0aFGQ4YqIiIiIiIiIiIiIiIiIiIiIiIj8ozzyBFaAFi1aWCR1rl69mt27d2drl5mZyZIlSwgODjbva9as2V0TWE+dOvVAYrSxscHBwcG8ffDgQSIjI/PcT7du3Vi3bh3dunUz7/P39+fPP//MUz/NmjWzWLMVK1awatUqTCZTtra3kjD9/PzumBh8J3+dd5s2bYiLi8NkMt3xZ8SIEQAEBwcTGBhoPvfDDz+kQ4cOlC5dGjs7uzzFcSfFihUz/9vBwYFNmzbdNbYNGzbg4uJiPufWvlatWjF//nwABgwYwNq1a6lfvz5z5syhffv2BAYG4uDgwOTJk/nuu++oWLHiA4lfRERERERERERERERERERERERERAoogbVWrVq8+OKL5u34+HgGDBjAr7/+SlpaGiaTiYSEBMaMGYO/v7+5nYODAy+99BLFixc377O2trZIuAwMDCQ2NhaAy5cvs337dovXzueWo6MjTZo0MW+npqYycuRI/vzzT65fvw5Aeno627dvp2vXrhaJm7fr1asXPj4+DBw40JyAmpqayoQJEzh79myu4/H29rZYs9TUVN577z0mT55MQkICJpOJzMxMTpw4wbBhw3j66ae5ePHifc9706ZNfPzxx4SHh5vnbTKZuHTpElu3buXVV19l6dKlANmqyoaEhJCeno7JZOLs2bPs3bv3rmPb2NhYbO/du5eMjAyLfbcn8qampjJ8+HDWrl1LSkqKuU16ejqHDh1izJgxDBw40CKJ99q1a/z2229ERkbi7OzM/Pnz+fLLLylVqhQpKSmsWrWKpKQkvL29WblyJR988MEDS74VERERERERERERERERERERERERkZsKJIHV1taWoUOHWlQljYyMpGfPnhQrVgwrKyvKli3L6NGjSU1NNbfx8/Ojc+fOFn2VLVuW2rVrm7fXrl2Lm5sbBoOB4sWL89ZbbxEfH5/nGA0GA3379rWIMTg4mNatW2Nra4vBYKBo0aK0bNmSNWvW3LO/Fi1aMGDAAPP2li1bmDp1arYEzTuxtbVlwIABtGvXzrwvKSmJYcOGUbZsWaysrChUqBBVq1Zl8uTJFuuWFznNe+HChXh7e5vnbWVlhbOzM0899RQLFy4kKysLgDJlylgkE/v5+VG0aFGsrKyoUKEC06ZNu+vY7u7uFtuDBg2iSJEiGAwG+vfvT3p6OvXq1eP99983twkJCaFLly6UKFECg8Fgvi61a9dm5MiR5qTbv2rWrBkBAQG89tpr2NraWhx7+eWX2bBhA61bt8ZgMORu4UREREREREREROQfISMjg61bt/Luu+/SsGFDnJ2dqVKlCn369GHBggUkJSUVdIgiIv8Y6enp9O/fnw4dOuSrMMvj6t86bxERERERkb8qkARWgNKlSzNnzhxef/31e7Z1dnbmq6++YtCgQdmqdFaqVInnn38+x/McHBx44YUXqFatWr5jnDRpEl26dMnX+bezsbGhX79+PPXUU+Z933zzDRs2bMh1H+7u7sybN49XXnklV+1dXFywtrbOc6ylS5dm+vTpPPvss3k6r3Hjxrz88st3PH6rcuqdNG/e3GJ9cmJjY8PAgQMZM2aMRbJsXjRo0IDVq1dTv359iwRVKysr3njjDb799lvKlCmTr75FRERERERERETk8XXixAlee+01evTowY8//khUVBQAly5dIiAggMGDB9OhQwc2b96MyWQq4GhF5HF38eJFOnTocMckRpPJxLJly3BxceGdd94hLS2tAKKU+7VkyRIMBgNjxowp6FBERERERET+dgosgRVuVuz89ttvOXjwIJ9++imNGzfO1mbIkCFERETwzjvvZKuUCTcrhr7zzjusWLGC1q1bAzcTXvv168eOHTsYNWoURYsWzXeM1apV45dffmHjxo0MGDCAunXrmo95eHgwcOBAtmzZQr169e7ZV/ny5fn444/NiZepqamMHz+e48eP5zqeihUr8v333+e4Zs7OznTp0oVZs2Zx6tQpvvjiCwoXLpyH2f6Pq6srP//8Mzt37mTgwIEW4zg4OPDkk08yfPhwtmzZQo8ePQCwt7fH39+fWbNm0ahRI3P72rVrs3TpUsaPH3/XMcuXL8+CBQv49NNPs61z+fLlzcm4dnZ2+Pn5ER4ezsSJE2nfvj3Ozs7m9nXr1uW1115j6dKljB49Gjs7O/MxOzs7/u///s+i/S1OTk4899xzOX7OJPcyMjLYvHkzr7/+Ot7e3jg7O+Ps7Ey7du0YPnw4O3fu5Nq1awUdpoiIyCPRsUt7Ph/7KYt//p7VG1awYcvvbNjyO+s2r+LnVT8yatxIPGt4FHSYIiIiIiICnDp1infffZeAgACaN2/OypUriYuLIykpifPnz7Nz50569+5NVFQUH3zwAbt27SrokEXkH2779u18/PHHtG7dmpEjR2Jvb1/QIUkOIiMj8fHxUYKqiMgj0r59e/PbWe/10759+4IOV0RERO7B8PPPP5uqV69usdPHxyffT4+7jPgJgItjXsjX+fv27aNr167Ex8cD0K1bN6ZNm4arq6te5y5yB3/9vbv1u5LX3+Pcnner3V9fl3b69Gn8/PxYs2bNXc+vX78+c+fOpXLlyuZ+3nrrLeBmZeKcEozz42H1KyIP1qZNm+jVq1dBhyH/UsuXL6dNmzZ3bRN3Ng6AIe99nOf+v/lhFpVcK961TWpqKj/MW8Ta1evz3P+UmRMAKFe+XJ7PFRERERH5p3Nycspxf07fbWVmZjJhwgS+/PJLOnXqxNSpUylVqlS2czMzM/n6668ZNWoUTz75JHPmzLnnm6dE5N8lL991Xbx4kb59+wI3q3S6uLiYjx06dIg33niDMmXKMHfuXEqXLv1Q4i1o6enpDB48mJiYmGxr8LiIjIzkhRdeoGfPnowYMSJX5/wT5i0iUlA2btyY68TUgIAA2rVrl6f+c3PfQERE5FG403dbt9xvflhKSgoABw4cyEd098/Hxwco4AqsOXF3d7eo9rlq1SoqV66MlZWV+SmZwMDAAoxQRHKSnJzMyJEjWbNmDT179mTHjh0kJCSYK1QcOnSIiRMnUqNGDa5du4bRaCzokEVE5DHwb3iS2sHBgV69e6oSq4iIiIhIAYqKimLNmjVUr16d4cOH55i8CmBjY8Orr75Kt27d2LFjBzt37jQfmz17Ns7Ozqxfn/&quot;
08-31-2019 12:59:36 Wire.java DEBUG [Forwarding screenshot on session 8224b39f135dddefa755fa7332753c0d to remote] http.wire 87 - http-outgoing-4 &lt;&lt; &quot;3htFvHtm7darH/+vXr+Pn54eXlZXGzYNKkSTg7OxMcHMyZM2eYPHkyDRs2xNnZmbZt2/Lrr7+SmZmZY4xZWVkEBgbyn//8hypVquDs7EyrVq2YNWsWly9fztb+9rEuXLjAtGnTzGMNHTqUjIyMXK2hiDw4ERERvPHGGxQvXpxJkyb9Y5NXRURE8qNdu3a5SkrNbTsREREpWH+7BFYnJyfef/99XF1dCzoUEcmDqKgoNm/eTMeOHRk3bhw1a9akcOHCwM0v9suVK8ebb77Jxo0b6devnyoqi4hIrgwZMuShtH1UTCYT58+d59flvzHwPx/Q4amujPj4cw4firB4Es6lpDO+9esWYKQiIiIiIv9uERERHDt2jKZNm1KlSpW7ti1RogStW7cGYM+ePeYEz3r16lGsWDHCw8Mt/nv/ypUrhIeHA7Bjxw6LB7tTU1M5duwYtWrVomLF7G9vWLZsGZ07d2bcuHFERUUBN99i9sYbbzBv3rxsFTauXr3KuHHj6Nq1Kz/99BOXLl0CIDw8nE8//ZQBAwaQmJiY47z++OMPevTowejRo81jGY3GfL+tTUTy59y5cwwfPhyAadOmUa1atWxtVq5cSbdu3XBzczM/2NukSRMmTJiQ7Xc8PT2d/v3706FDBxITE9m0aRNt2rTBYDDQpUsXLl26xK5du+jTpw+enp7m/urVq8eQIUOIiYnJNv6YMWPw8fEhIiKCLVu28Oyzz+Lo6Iibmxuffvpptre33ZKYmMiECRPM4zRu3JiZM2dy7ty5HNunpaUxe/ZsWrVqhcFgwMXFhddff52wsLAc/zblpf2tORw8eJAVK1aY18TT0xN/f39SU1NzvkB/sWTJEjw9PQkLC2PkyJEWD1svWbIEgMDAQIvtO8XduHFj87rMnz9fDxCIiNxFbu4H/B3vGYiIiEh2NgUdQE5atmzJ1q1bmTlzJlu2bCE0NBQAZ2dnGjRogIODQwFHKCJ/dfr0aa5cuULp0qXv+jtatGhR+vXrZ94ODg6mY8eO5u2qVatatF+/fj2NGjUiIyODjRs3EhAQwKFDh8xf+tepU4fmzZvz2muvWZyb236XL1/O22+/zdy5c3N8rdOdjptMJo4fP87ChQvZuHEjUVFRODk50bBhQzp06ECnTp3uWKlDRERy79YT0hs3bsxVu7+bt/u9k21fSPA+HIs74u7uhl1RO+Dmaxqsra0fdXgiIiIiIvJftxI2q1WrRpEiRe7Z3tPTk2LFinHy5EnS0tKwtbXF1dXVnNCVmpqKo6MjALGxsezduxeA/fv3c+HCBXM1xYSEBGJiYnjmmWcoUaJEtnFWr17NK6+8wquvvkqlSpXIyspi9erV+Pn5sW7dOrp3706ZMmWAm99XLVy4kC+//JIuXbowdOhQvLy8sLa2JiEhgdmzZ/PVV19Rs2ZNhg0blu3/g3zzzTe89tprLF68mIoVK+oBdJECkJiYyNChQ4mJiWH27Nl4eXnl2O7QoUOsXr3aYl9QUBBBQUHs2bOHuXPnZvt+OiEhgf79+/Prr7+a92VmZpKVlcXJkydZtmyZRfvQ0FBCQ0MJDAxk0aJF2RJpz58/zxtvvMGuXbvM+1JTUxk7diwpKSn4+/tjZ2dnPhYREUG/fv0IDg427wsODjZv//XNOufOneO9995j+fLl5n1JSUl8//33/PnnnyxYsICWLVvmuz1AdHQ03bt3Jzo62rwvMjKSjz76iNjYWPz9/bG3t+dhCgkJoXnz5pw+fdq879a6JCYmMmTIEGxs/pa3c0VECtS97h38Xe8ZiIiISHZ/uwqst7i5uTFlyhT279+PyWTCZDJx8eJFNmzYQJ06dQo6PBH5i4oVK1KsWDH27t3LqVOnHnj/aWlpLFiwgB9//NGcvAo3q0fMmjWLnj17EhgY+MDHzYnJZGLlypV07NiRWbNmmW9wXLp0iYCAAAYPHswPP/zwSGIREfk3+Cc+SW1jbQO33QzOzMwkOTmlACMSERERERGAkiVL5qpdiRIlcHNzs9jn5OSEh4cH0dHRnD9/3rw/JCQEFxcXxowZw759+zh69Kj52KlTpzhx4gSenp45PtQ2e/ZsRo4ciZubG1ZWVtjY2NCxY0fatWvHgQMHOHPmjLntmTNn+O2332jXrh2TJ0+mdu3a2NjYYDAYKFu2LEOHDqV3795s27aNuLi4bGPNmzePUaNGUalSJSWvihSAtLQ0Pv/8c7Zv38706dNp0qTJHduOGDHCfO/MZDKRlZXFmTNnGDRoECtXrmT37t3ZzgkLC+P69ets27aNjIwMTCYTGzZswMXFhb59+1r0ZzKZSEpKYuLEiQQHB7NmzZps/cXHx3Pjxg3WrFnDlStXyMrK4tixY3Tu3JkVK1Zw5MgRi7n5+/sTHByMn58f586dw2QycePGDcLCwujevbtF35mZmcyYMYMNGzYwadIkkpKSzO337NmDh4cH06dPN1eZzmv7W1JTU/H29javye1zmDVrFgEBAfe8bn379uXo0aN4e3szevRoizXs27fvPc+/ceMG3bp1Izw8nBs3bmA0Gtm9ezeNGjVi+vTp7N+//559iIj8W93tvsDjds9ARETk3+xvm8AqIo+XqlWr0rp1aw4dOsRLL73E9OnT2bt3L8nJyXd9zVijRo2Iiori6aef5umnnyYqKoqkpCTzT6NGjcxtq1SpwpIlS4iKiuLixYskJSURExPDnDlzAPj222+5fPlynvvNq/Pnz7No0SLc3d3ZsGEDCQkJJCUlkZCQQGhoKOPGjXvoT2WLiPyb3OtJ6cftSWq7ona0at2CIkVszfsuJF5kX0hoAUYlIiIiIiL3y9bWlpo1a3Lo0CFzYumVK1cIDg7G19eXDh06UKNGDXbt2oXRaATg6NGjVKlShRo1auTYZ/HixbMlk9rZ2VGhQgWuXLli7gfgxIkT7Nmzhw4dOvDEE09k68vBwYHKlStz5MiRHF/XndNYIvJoXL16lSlTpjBr1izKlCmT4+/w3RgMBsqXL0+/fv2oVq0aycnJ2dq0bt2aefPm0aJFCwoXLnzPPp2cnHjppZdo1aoVKSkp2b7nr127NgsXLqRz587Y29tjMBioVq0azz//PPHx8Zw9e9bc9vDhwwQEBPDmm28yfPhw8/xsbGyoVq2auSr1LadPn2bz5s289957DBo0CCcnJ3P7Bg0a8Pbbb7Np0yYiIyPz1f4Wb29vxo8fb16TW3MYPHgwDg4O7N271+Lv7MPQtGlTPv/8c/NDB1ZWVjRu3Jg333yT+Ph481sqRUQkuzvdG3jc7hmIiIj82+mdEyLyQJQoUYLRo0djNBpZs2YNo0aNMh9zcnKiYcOGtG3blo4dO1K2bNk89+/s7MzEiROz7Xd0dKRr164EBgZy8OBBLly4YH4928OSlJREfHw8TZs2pU6dOuYv+woXLoyrqyv9+/d/qOOLiPwbDRky5I6vAnqcnqRu+mQTXnz5BapUdTffGL5yJY2Vv6zi7Jmz9zhbREREREQetgsXLuSqXXJyMjExMZQrVw4rq//VifDx8aF06dLs3buXli1bcubMGUJDQ/nss8+oWLEivr6+7NmzhwsXLmBvb8+xY8eoWbMmFStWvO/YExMTAfjggw/44IMP7tr2YSdkiUje7Nixg+vXr/PJJ58wc+ZMhg4dytdff42rq2uO7U0mE7Gxsfz+++/s2rWLCxcucPz4cWJjYwHM/3s7Gxubu76K/vz586xbt85cpTk2Ntac8Onh4cG1a9ews7Mzt7eyssox6f1WderU1FTzvuPHjxMfH0/z5s1zVfwhLi6O4OBggoODGTdu3F1jzk/7e3F1daV69eokJiaSkZFB0aJFc3Xeg1SzZk0cHByIj4/HZDLpAQMRkTvI6d7B43TPQERERJTAKiIPUMWKFfnhhx+IjIzkjz/+IDg4mEOHDnH69GkCAgIICAhg7Nix+Pn58corr9z1y7KcmEwm4uLi2LJlC2FhYURHR3Px4kXCw8MBqFWrFllZWQ9jahaKFStGiRIl2Lx5MytWrKBz586UKFHioY8rIvJvduuJ6b9+EfW4PEndsHED3h3Un1JPlDLfcDCZTCTEJ7BsyXIC1v1RwBGKiI&quot;
08-31-2019 12:59:36 Wire.java DEBUG [Forwarding screenshot on session 8224b39f135dddefa755fa7332753c0d to remote] http.wire 87 - http-outgoing-4 &lt;&lt; &quot;iIiPy7Va1aFbiZZHXt2jWKFCly1/YnT57kypUrVKlSxSKxqWLFitSqVYsTJ06QlpbG3r17KVGiBLVq1aJw4cI0b96cRYsWcfToUdzd3Tl58iTNmjXT23xE/uVcXV2ZOHEizZo1w9HRkY8//hgbGxvmzp2brTppZmYmU6dOZcyYMRZJovllMpn46aefeOedd0hKSrrv/qytrbPti46OBm6+ZS03YmJictXu1vzz2v5enJycKFmyJKdPnyY9Pb1AElidnJxwd3cnISEhW/KwiIj8z1/vHTwu9wxERETkf6zu3UREJPesrKzw8vJi4MCBLFmyhLCwME6fPs2mTZt48803uXHjBp9//jmBgYF56vfq1auMHz+eJk2aMHDgQL777ju2bNliTl59lCpUqMBbb73FlStXeO+993B3d8fb25vXX3+dxYsXm6tdiIjIg5XTU9OPy5PUDo7FcHBwMCevJien8P23Cxnw5vtKXhURERER+Rvw8vKievXq7Nq1ixMnTty1bXJyMuvWrQNuVly9/VXcDg4OVK9encjISE6ePElQUBC+vr7mBLRatWpRo0YNdu3aRVxcHEeOHKF+/fo5JnzlVbFixQCYNWsWSUlJd/1p1KjRfY8nIg+Op6cntWrVwsbGhkGDBjFu3DhWrVrF6NGjSUtLs2i7bds2xowZg6enJ8uXL+f06dMkJyeTlZXF0aNH8fb2ztPYR44cYfTo0ZQqVYo5c+YQHR1NUlISRqORCxcu0L59+/ue361KsmfOnMlV+1tVqb/88ktMJtMdf/r27Zuv9veSmJhIXFwcbm5uBZK8CjcrgoeFhVG+fHklr4qI3MPt9wkel3sGIiIi8j9KYBWRh87e3p569eoxduxYBg4cyJUrV9izZ0+uzzcajXz33XdMnjyZatWq8fXXXxMaGkpUVBRxcXHExcXx2muvPcQZWDIYDPTo0YOgoCBmzJhBjx49sLW15bfffmPgwIG0adMmzwm6IiJyb399cvpxfpL6csplfl76C+lX0ws6FBERERERASpXrkzbtm05duwY48ePv+MDypmZmSxYsIBVq1bx5JNP0rx5c4vjhQsXxsfHhwMHDrBjxw7Cw8Np3ry5Ocm1dOnS+Pr6smfPHrZv346bmxvVqlV7IHOoUaMGvr6+bN++/YFUZRSRgmFra8vAgQMZMGAAs2bN4quvviIzM9N8PDw8nNTUVMaOHctzzz1HhQoVKF68eL5fMX/ixAkiIiIYPHgwb7/9NpUrV8bJyQkrqwd3C7Fs2bIAHD58GKPReM/2pUuXxtvbmx07dnDp0qUH3v5e9u3bx8GDB/Hw8MhT8qjRaMRkMt33+Eajke3btwNQs2bN++5PROSf7ta9gsf5noGIiMi/mRJYReSRsbGxMT9pnRepqakEBgZSq1YtZs+eTZ8+fXB1dcXZ2fmer3N7mEqVKsVLL73EvHnz2LNnD9HR0fj7+3Pp0iW+/fZbLl++XGCxiYZsM4EAACAASURBVIj8U+lJahEREREReRhsbW157bXX8PX1Zd26dfTu3ZuNGzdy9epV4Gbi6pEjRxg4cCCjRo2iYsWKDBs2zJyUdbsaNWpQpUoVZs6cSdGiRalVq5b5WOHChWnevDn79u1j3rx5uLu788QTTzyQOVSoUIFnnnmGZcuW8dZbb7Fr1y6uXbsG3HxFeHJyMjt37uSjjz66Z5VZESlY9vb2jBw5km7dujF27Fh+/vlnc2Lkrb8ZW7duNX8Hff36dcLDw5k4cSLR0dF5GsvFxQUHBweCgoKIj48Hbv7NO3HiBJMmTSIkJOS+5+Ph4UHLli1ZuHAh69atIzMzk6ysLKKjoxk5ciQ//vijRXs3NzfatGnDypUreeeddzh48KA5iTc9PZ3w8HD8/PwICgrKV/tbrl69SkREhLnKbXp6Or/88gt+fn54eXnlOgmqSJEi2Nvbs2HDBg4fPpyntUlOTubIkSNcv34dgLS0NBYsWMDkyZNp06YNTZo0yVN/IiL/VkOGDNE9AxERkceUzcPq2GXETw+raxH5G1q/fj1FixblySefvOOT2ZmZmcTGxgLk+OX+9evXzV/S3C4rK4vMzEyeeOIJSpYsme24yWS661Pbd+r3domJiZhMJoun1LOyskhO/n/27j2u5/v///j9Xa1CGW9LGtIUw5oiJDlH+CzMITM+Ppv5mJjF2tc2Nh/bLGaInZ1mYwwlpzUTizUy5TgfZ2X2szWKnJJY9f794ev9lcqS9Ba36+Xy/uP9PL0er7dLB68ez8fz3C3n3ahKlSrq3bu31q1bp8zMzHy74gEApePGHdTlaSd13PpNilu/ydJhAAAAALgFd3d3zZo1S2+99ZZiY2PVv3//Qsd5eHho8uTJatWqVaH9tWvX1hNPPKE1a9aod+/ecnZ2ztfv6empRo0aKSkpSZ6ennJ0dCyV+K2trTVkyBCdP39eERERio2NLXScp6enhg4dWirXBHD3ODs7a/LkyRo8eLDGjRunmjVrql27dvL395e/v78mTZqkSZMm5ZvTqlUrOTg43NZ1GjVqpK5du+qrr77SV199la+vZcuWpfI9qnbt2nrxxRcVEhKiHj165OurV6+eXF1d87XZ2dlpzJgx+n//7/9pyZIlWrJkSaHr/uMf/yjR+OuOHj2qXr16FRjn6OioSZMmqVGjRsW6vxo1asjPz0/Tp0/Xk08+aW5ftGiRBg4ceMu5iYmJatu2bYH2OnXq6K233ir0bykAgILK098LAABAflRgBVAqMjMz1atXL/Xr10/Lly9XamqqOYEzJydHv/76q95991199NFH8vX1zfdApmLFinJ1ddWWLVu0bt06c2WI6+zt7VWjRg0lJSUpJibGXPni6tWr2rZtm0JDQ/X1118XiOnv1pWuPRxzdnbWypUrtXPnTnOy7IEDBzRy5Ei9/vrrBebs2LFDr732mrZs2aJz586Zd75nZ2crMTFRR48eVY0aNSxaHRYA7mflcSf1K2NCtW7Tt+ZXzIaV+tfgW/8BAwAAAEDZc3d311dffaUVK1ZowIAB8vDwkCQ5ODgoICBAM2bM0Lp16xQQEFDkcd2VKlWSu7u7JKl169aytbXN1+/s7CwfHx9JUrNmzUp87HdhKlasqHHjxik2NlbDhg3LF3+7du309ttvmyu/Arj3NWzYUFOmTJEkvf766zp48KDc3Ny0ZMkSDR06VEajUUajUcHBwdq4caPmzZt321Wdq1atqlmzZunNN99UnTp15OjoqK5du2r58uWKjo5WgwYN7vg+DAaD+vfvrxUrViggIEDStaqskydP1oYNG9S6desCc5ydnbVgwQJFRkYqKChIRqNRktSkSROFhoZqy5Yt8vX1LfF46drfByIiIvT000/L0dFRRqNRgwcP1ubNm/Xss88W+/uznZ2dxo0bZ/4MpWvJv4UV5LjZU089pblz56pr167mGIYOHarY2Fi1a9euWNcHAAAAgPLMEBkZaapfv36+Rm9vb3NCFoDy5/pDldv9Oi7uvOvjMjIyzG1r1qzRyJEjlZmZecu5vr6+ev/99+Xl5ZWvfe3atQoJCSkw//vvv5evr68SEhI0YsQInThxosCaHTp0UE5Ojs6ePav58+ebH8wXZ93s7GxNmDBBc+fOLbBukyZN1KhRIy1evFizZ89WcHCwpGs7ort161bkPXp6eurDDz9UkyZNbvlZALjmhx9+MH99AWUtKipKnTp1uuWY1D9SJUmvvvxGia/zyphQdflHZ/P7nJwcRX6zXAu/XFziNSVp+sfvS5IerfnoHa0DAAAA3I+qVq1aaHthz7YAoLTwrKt8mDhxoqKjo7Vs2TI9/vjjlg4HAHAPKc7fDQAAKAtFPdu67k7zw86fPy9J2rNnTwmiu3Pe3t6SqMAKoJT06NFDe/fu1dKlSzVgwAA1btzY3Fe7dm09/fTTmjdvnqKjowskr0rXjnX49NNPzTuKr1eFuH7cUatWrbRw4UL17NlTDg4Oqlq1qnr27KmoqCjNnz/fXNXidte1t7fXhAkTNGnSJHPiq4+Pj6ZNm6Zvv/220KN7vLy8tGbNGg0bNizffTZr1kz/+c9/tGLFCpJXAQAAAAAAAAAAAA&quot;
08-31-2019 12:59:36 Wire.java DEBUG [Forwarding screenshot on session 8224b39f135dddefa755fa7332753c0d to remote] http.wire 87 - http-outgoing-4 &lt;&lt; &quot;AAAOAWbCwdAID7R5UqVRQYGKjAwMDbnmtjY6Pu3bure/fuhfYbDAZ5eXnpyy+/LLQ/IiKiROtK145WCwkJUUhISIG+4ODgArvl7e3t1bp160KPNQIAoDAzpn6kGVM/snQYAAAAAAAAAAAAAADcM6jACgAAAAAAAAAAAAAAAAAAgDJV6hVYq41fVtpLAiimMxOfsXQIAAAAAAAAAAAA97Tx48dr/Pjxlg4DAAAAAB54VGAFAAAAAAAAAAAAAAAAAABAmSr1CqzXUQkSKDtUPgYAAAAAAAAAAAAAAAAAlCd3LYEVAAAAAAAAAAAAeJC4ubkpKirK0mEAAIAScnNzs3QIAAA8UEhgBQAAAAAAAAAAAErBr7/+aukQAADAHfj111/5eX6XdO7c2dIhAADuQSSwAgAAi6IqBSzpdnZST//4/bsYCQAAAAAAuF/069fP0iEAAADcUyIjIy0dAgDgHkUCKwAAsCgPDw95eHhYOgwAAAAAAAAAAAAAAACUIRJYAQAAgFt4tOajt+xP/SO1jCIpeQx/dw8AAAAAAAAAAAAAAJQ1K0sHAAAAAAAAAAAAAAAAAAAAgAcLFVgBAIBFJScn6/jx45YOAyiUm5ubPDw8ijX21ZffuMvR3L7pH79v6RAAAAAAAAAAAAAAACgUCawAAMCijh8/ruDgYEuHARQqKiqq2AmsAAAAAAAAAAAAAACg+KwsHQAAAAAAAAAAAAAAAAAAAAAeLCSwAgAAAAAAAAAAAAAAAAAAoEyVywTWhIQEGQwG8yskJESXL1+2dFgF4lq8eLG578yZM+ratau5z9vbW4cPH7ZgtAAAAAAAAAAAAAAAAAAAAJZhkQTWm5M5C3s1bdpUo0aN0s8//6y8vDxLhAkAAAAAAAAAAAAAAAAAAIC74J6twLp792599NFHatWqlcaPH69Lly5ZOiQAAAAAAAAAAAAAAAAAAACUAhtLB1AckyZNUvXq1RUaGiqDwSB/f3+ZTCZLh3VbqlWrpnXr1lk6DAAAAAAAAAAAAAAAAAAAAIu7JxJYvby8tGzZMj3++OMymUxKTU3VzJkzNW3aNPOYmJgY9evXTy4uLhaMFEBx5OXl6fDhw1q5cqV+/PFH7dixQ5LUuHFjNW/eXP/4xz/k5+cne3t7C0cKAIBldQvqIl+/5vKo567KlSvL1s5W0rWfpZmZl3Rw/yEtWbRMhw4ctnCkAAAAAAAAAAAAAACULitLB3Azg8GgmjVrKiwsTJ06dTK3p6en68KFC5Kkw4cPy9vbWwaDQQaDQRMnTsy3RkJCgrnPYDDo66+/Vnx8vJ5//nm5ubnJYDCoadOm+vDDD3Xp0qVC47hy5Yo2bNigwYMHq0GDBjIYDKpcubI6deqkTz75RGfOnLmt+7p8+bJCQkLMMXXt2jXfGjfHvHjxYp05c0affPKJWrZsKYPBoAYNGug///mP0tPTC72GyWTSwYMHNX78ePn5+ZnXatq0qV599VUdPHiw3FWuRflz+vRpjRo1Sv7+/po2bZo5eVWS9u7dqy+++EJ9+vRR27ZtFR8ff0fXioqKktFoVFRU1J2GDQCARfTq21MtW/nqEadHzMmrkmRlZaXKlR3l69dcE9+foKd6dLNglAAAAMD9KyMjQ3379pXRaLytF8+jAAAAAAAAgDt3T1RgLczDDz8sNze3Ulnr9ddf159//pmvbffu3dq9e7cSEhL08ccfy9nZ2dz322+/6ZVXXtHKlSvzzbl48aLi4uIUFxenRYsW6dNPP5WPj0+pxHizH374QVOnTtUvv/xibjt8+LAmTpyoffv2afbs2XJycjL3Xb58WdOnT9cHH3ygixcvFnqvc+fO1YwZM/Tcc8/Jxuae/adHOZaenq5XXnlFa9eulaenp0aOHKlOnTqpatWqMhgMunDhgvbu3asFCxYoOjpaaWlplg4ZAFDOdenSRevXry/W2MDAQMXGxt7liEqfo6Ojgvv3UUryMSqxAgAAAAAAAAAAAADuG/dcBdbrMjIydPjw//2BvlKlSiU+bvzm5NUbRUVFaenSpebKpKdOndKoUaMKJK/eLDExUeHh4UVWQ71TX331Vb7k1RutXLkyX6JGTk6OPvroI40fP75A8uqNLl68qIkTJyoxMbHU4wVyc3O1aNEirV27VoGBgVq8eLH69esno9Eog8EgSapcubJat26t2bNna8WKFapYsaKFowYAlHevvvrqXRlbVkwmk9JOpWlF1CqFDg9T1w7dNf6Nt7V/X/7K+dUeMcqnWRMLRgoAAADcn4xGo5YvX66MjIx8r++//16S9Pzzzys1NbVAf3BwsIUjBwAAAAAAAMq/ey6BNS8vT8eOHdOECRO0efNmc3uzZs1Uo0aNEq35xhtv6M8//1ReXp4yMzMVHh6er3/Lli26cOGCJCkmJkarV6+WdK3a1dSpU3X+/HmZTCadPn1aw4cPN89buXKl9uzZU6KY/s7IkSOVkpKi3NxcZWVlFYj56NGj5qSGw4cPa8GCBea+Z599VikpKcrLy9OVK1f01VdfydHRUdK16rLfffedcnNz70rceHD9/vvvWrt2rZydnRUaGqratWsXOdbKykrt27fXU089ZW47duyYpk6dqr59+8rd3V1Go1Hu7u569tlnFR0drezsbPPY7OxshYWFadiwYZKkYcOG5TvCLSwsLN/4vLw8JSQkaPjw4ea127dvr88++8z8tX+zK1euKC4uToMGDZKrq6vc3d01ePBgffvttxo0aJD69u2rjIyMAvNOnz6tmTNnqn379jIajfLy8lJoaKh27tyZLxHpuqioKPOxc1lZWZo/f746d+4so9Go/v37Kz4+Xg0bNtTIkSOVlZVVaKyHDh1Sy5Yt9a9//Uvnzp0r8nMHgPtRYGCgAgMDS21cWRs2+CX9q/8QzfnsCx05dFSStD1xp9Z++72yL//fzzKDwSBra2tLhQkAAAAAAAAAAAAAQKm7JxJYf/nlFzVo0MD8h3l3d3fNnz/f3F+nTh0NGjRIdnZ2JVrf09NTNWrUkMFgUKVKlfT888+rffv25v6jR4/q5MmTunjxouLj483tnTp10pAhQ1S5cmVJUrVq1RQSEqJ69eqZx+zbt69EMf2dli1bqm7durKyslKFChUUFBSU77onT540J+ht2bJFBw8elCS5uLho9OjRqlu3rgwGg2xtbdW7d289/fTT+e43MzPzrsSNB9euXbu0c+dOtW/fXo0bN77t+Tt37tTkyZO1ceNGnT17VpJ09uxZxcbGaujQoRo/fnyRCZy3kpWVpUmTJql79+5atmyZee29e/fqrbfe0ogRIwpUUs7KytI777yj4OBgfffdd8rMzNTZs2e1evVqPffcc/ruu+8Kvdb27dvVu3dvvfvuu9q7d68k6cSJE1q0aJF69eqlTz75RDk5OUXe/6BBg/Q///M/2rlzp6Rr1ZU9PDwUEBCguLg4HTp0qMA8k8mkjRs36siRIwoODlaVKlVu+zMCgPKuOJVV78Xqq7diY20j/W8Fc+naz4Rz585bMCIAAAAA1+Xm5uqnn37SmDFjFBgYaN5U3aJFC40aNarIjcxSyTZNZ2Vlafny5QoODparq6t5c/bYsWOVmJhY5PMmAAAAAAAA4F53TySw3oqXl5eWLFmiZs2aldqaVatW1eOPP25+f+zYMZ09e1ZXr15VWlqauX3lypXm48+vv7y8vHT06FHzmLJKBLWzsyvyuPUbY/7zzz/l6+ubL+bKlSvr66+/No+5ePEiDzVR6pKTkyVJ9evXl4ODw23Pt7W11dixY5WQkKCTJ08qIyNDaWlp2r59u/r06aMvvvjCnGBub2+viIgIzZ49W5I0e/bsfEe4RUREyN7eXiaTSQsXLlRERISCgoIUHx+vtLQ0nTlzRvv379fIkSO1du1azZs3z1yV+PqcWbNmqUuXLoqLizPPOXbsmBYvXqz69esXiD89PV0zZ87U8ePH9e677+rYsWPKyMjQyZMnFRUVJTc3N02dOjVfZekbzZkzR87OzkpISNDp06eVkZGh5cuXq2bNmgoODtalS5cUGxtboHpyWlqaNmzYoHbt2qlFixa3/bkDwP3g76qr3qvVV4tSoWIFtQ&quot;
08-31-2019 12:59:36 Wire.java DEBUG [Forwarding screenshot on session 8224b39f135dddefa755fa7332753c0d to remote] http.wire 87 - http-outgoing-4 &lt;&lt; &quot;9oK3v7/9u8dTr9jHZu323BqAAAAABc99dff2nVqlX64osvtGPHDnN7cnKyvv76a/Xq1UvR0dEFklhLsmk6PT1dL730kl588UXFxcWZn0fv3btXs2fP1pgxY3T8+PG7e8MAAAAAAADAXXJPJrA6OjoqICBAH3/8seLi4uTn51eq65tMpnxJYDVq1CgyORTA7alVq1aJ5vXs2VNjxoxRw4YNZWtrK0mysbExV6GQVGgF0lv5/ffftWrVKgUGBmratGl68sknZWNjI4PBIBcXF40ZM0b9+/dXfHy8UlNT883x9fXVlClT1KRJE/OcKlWqyNfXt9B7/PHHH/X9998rNDRUISEh5kqotra2CggI0HvvvadKlSopOjq60EqyU6ZM0SeffKKGDRvKyir/t2YvLy+1b99eGzdu1O+//56vLykpSfHx8ercubOqV69+W58PANxPblVhtTxVX23Vxk9TZ06Wd1MvGf63Amtm5iWtXL5af/z+h4WjAwAAAHBdtWrV9Pnnn+vAgQPmzcipqanmjczz5s3L9xynpJumY2NjtXr1ar3++utKTk7WmTNnzHPWrFkjPz8/8/8dAAAAAAAAgPLGxtIBSNeSs5YtW5avKurddOrUKf33v/81v3dyctLDDz8sGxsbOTo6mts7deqkhQsXysXFpUziKqkbq106Ojpq5cqVCggIsGBEQMlkZ2drx44dSkpK0u7du3XhwgXt27dPZ8+elaTbrhyckpKipKQkRUREFJrc6ejoqMcee0wxMTE6deqUateubZ4zbtw41a5du1jXuXr1qvbs2SNnZ2d16tRJNjYFv7U2bdpU7du314EDB3Ty5EnVrVs3X3+VKlUKJK7e2BcYGKjQ0FBt3rxZderUkXStakdsbKzq16+vjh078scKAA+061VW169fX2j7va5Fy+YaOTpETtWdzN/PTSaTTv55UksXRyl27QYLRwgAAADgOnt7e7355puFtnfs2FE7duzQp59+an7eJBXcNO3q6mqeV9Sm6dzcXHN11fbt28toNOab07p1a7Vu3fpu3CIAAAAAAABQJu6JBNa77a+//jIf1/Tbb7/pvffeU2Jiorm/WbNmqlGjhmxtbeXn56fly5dLkn744Qe98cYbevXVV9WgQQPZ2trKZDLp3Llz+uWXX/Tll1+qa9euevbZZy1yX9f5+/vLxcVFf/75py5evKixY8dqwoQJat26tR5++GFJ0uXLl5WSkqKVK1cqPT1dU6ZMUYUKFSwaN+5PN1cILa4dO3bo9ddf1+7dpXc8cnp6uiQpLCxMYWFhtxx7vSrz9Tl16tQpdkJoXl6eLl++LCcnp3wJ5TeysbFRhQoVlJOTo7y8vOLeglmbNm3k4+Oj9evXKygoSFWqVNGhQ4cUFxenvn376rHHHrvtNQHgfvPqq68WSGAtL9VXHSs7yNHR0fyz59y581oRuUrfrv5Ol7MuWzg6AAAAAIVJT0/X5s2b9csvv2jfvn26ePGiduzYYe6/8RSwkmyatra2VrVq1SRJ8+bNk6Ojo+rXr1/o5mkAAAAAAACgPHognnQNHjzYfAT5zerUqaNBgwbJzs5OkjRw4ED99NNPWr16tSRp4cKFWrhwYZFr3wsVvZo2bapRo0bpjTfekCRt375dQUFBRY4fNmxYWYWGB4iHh4ekaw/js7KyVLFixWLPTUlJ0dixY3X06FENHTpUvXv3lru7u2xsbFS5cmVt375d3bp1u1uhlwu1atVSx44d9fnnn+uXX35R69atFRsbK0nq1auX+XsYADzIbq7CWl6qrxbmwvkLilyy3NJhAAAAAChETk6OFi5cqPDwcPPJQX+nJJumJalv375KSkpSdHS0oqOjJV0ryNCmTRsFBgbKx8eHhFYAAAAAAACUW4WfV/2AMBqNev/99+Xj42Nuc3Z21ocffqhevXpZMLLbY2Njo9DQUE2cOFGOjo6WDgcPqIYNG6p+/fqKi4vTnj17bmvu3r17tXPnToWGhio8PFy+vr565JFHVKVKFVlZlfzb1PVqqJ999pkyMjJu+fL19ZUk8wP/S5cuFfs6VlZWqlChgtLT03XhwoVCx1y9elUZGRmysbEp0T1ZW1urS5cuqlSpktatW6dff/1V8fHxCggIUIMGDW57PQC4X91YcbW8VF8FAAAAUL6sWbNGb7/9tqpVq6bw8HBt27ZNycnJOnHihDIyMjR27NhSu5aTk5Pmzp2r77//Xq+88or8/Px06NAhzZgxQ926ddPYsWOVlZVVatcDAAAAAAAAytIDsTV76tSpysnJUWRkpHbv3q06deqod+/eGjp0qBo0aFBgx3udOnUUGRmpxMRERUZGKikpSdu2bZMkOTo6ytvbW61bt1ZgYKA56c3SKlSooDfffFP//Oc/FRkZqY0bN2r79u3KyMiQJDVp0kReXl7q0qWLOnbsqAoVKlg4YtxvPDw8FBQUpIiICH300UeqXbt2kcehmUwmJSUl6fTp03rqqaeUk5Mj6drXXmEVI248bq0wRSWbNmrUSD4+Pvrpp5/01FNPFSvB+7HHHpOzs7OSkpLUp0+fYs2xtbWVt7e3Pv/8c61du1aNGzcucB979uxRYmKiAgICVKNGjb9dszANGjRQQECANm3apIoVKyopKUkvvfTSbVW7BYD73Y1VV8tT9dW49ZsUt36TpcMAAAAA8DeuXLmin3/+WZUqVdK0adPUtm3bYs0ryabpG+f6+vqan0Xn5OTo4MGDCg8P1xdffKGOHTs+8KcXAQAAAAAAoHyySAJrtWrVtG7duhLPf/zxx2+rwqOLi4sGDhyoN954o9hzbGxs5O/vL39//2LP8ff3l8lkKrSvQoUKmjVrlmbNmnXbc6Xi3bPBYJCbm5tee+01vfbaa8WOGygNNjY2GjZsmA4dOqS1a9fq2LFjGjVqlLp166aqVavKYDDowoUL2rt3rxYsWKDo6GjNnj1bklS9enU5ODgoOjpaTZo0Ud26dWUwGJSenq5Vq1Zp3rx5hV7T1dVVDg4OiomJUZs2bczzrqtVq5Z69OihCRMm6OzZs3r55ZfVtGlT2dvby2Qy6fz589q3b5++/fZbvfjii3J3d1f9+vUVEBCgNWvW6LHHHtPQoUNVpUoVZWdna9euXZo1a5Y2btyojh075oulffv26tatm+bMmSNHR0cNGDBATk5Ounr1qjZv3qx33nlHly5dUp8+fUqccFqxYkV16dJF33zzjY4cOaJ27dqpRYsWJVoLAO5n5bHy6itjQtXlH53N73NychT5zXIt/HKxBaMCAAAAcDOTyaTc3Fw5OTnp0UcfLbQ/Ly+vQHtJNk0XxcbGRk8++aT69Omj9evXKzMzs8RrAQAAAAAAAJb0QFRgBVA2nJycNHnyZFlZWSkmJkYvv/xykWMbNWokZ2dnSVLz5s31zDPP6IsvvtD69evzjatataq6du2q5OTkAms8/vjjCggI0OrVq9W8eXNz+/PPP69JkybJ3t5eQ4YM0fnz5xUREaHY2NhCY/H09NTQoUMlXUsSDQ0N1eHDhzV58mRNnjw539hmzZoVWlnWyclJo0eP1okTJ/TOO+/onXfeydfv4OCgMWPGqE2bNkV+JsXRpk0bBQUFKSYmRr169VL16tXvaD0AuB+Vp8qrAAAAAMqXhx56SE5OTtq3b5+io6M1bNgwValSRTk5OTpy5IgWLFigJUuWFJhXkk3T2dnZmj59ulxcXBQQECAXFxfZ2toqLy9Pf/75pxISEuTg4MDzIQAAAAAAAJRbJLACKFW1a9fW/PnztXPnTq1atUo///yz9u7dK0lq3Lix/Pz89NRTT6lZs2ayt7eXdC1p9J133pG7u7vmz5+v5ORkNW7cWEFBQerfv7/++OOPQh/8V6lSRe+9954effRRxcTE6MSJE/Lw8JCLi4usrKzMa48bN05dunTRihUrFBcXp+TkZDk4OMjHx0cdOnRQ165dVbduXfO69evX1xdffKEZM2Zo48aNOnHihPz9/TVgwAC1adNGo0ePlo2Njfka1zVv3lwrVqzQokWLtGrVKu3du1e1a9dWu3bt9Nxzz6lp06b5KsSWhLW1tTn2du3a3fF6AAAAAAAAKD5ra2&quot;
08-31-2019 12:59:36 Wire.java DEBUG [Forwarding screenshot on session 8224b39f135dddefa755fa7332753c0d to remote] http.wire 87 - http-outgoing-4 &lt;&lt; &quot;v16dNHGzdu1JQpUzRlypR8/b6+vmrVqlWBTdol3TR95swZTZ8+vch4wsLC5Ovrewd3BAAAAAAAAFgOCawASp2NjY18fX1v6+F5xYoVFRISopCQkAJ9tWrVUkZGRqHzatasqfDwRWCrKAAAIABJREFUcIWHhxe5tpWVlZo3b56vSuvfcXV11YwZMwq0JycnKy0tTW3atFHFihUL9D/yyCMaPXq0Ro8eXazrBAcHKzg4uNhx7dq1SzExMRo+fLhq1apV7HkAgHvbjKkfacbUjywdBgAAAIBiuL75OSIiQt9++63++usv+fr66plnntE//vEPffrppwUSWG+cV9xN03Z2dnr11Vfl6empDRs2KCkpSWfPnlXt2rXl4+OjwYMHy9/fv8AmawAAAAAAAKC8uC8TWP39/WUymSwdBoByaseOHVqxYoX69u2rRo0ayd7e3nwM3IwZM3T8+HG98847srW1LdO4srKyFBUVpUqVKqlLly6ytrYu0+sDAAAAAAA8KHx9fYvcUC1d2/w8c+ZMzZw5s0DfmDFjNGbMmCLnFXfTtMFgUM2aNfXCCy/ohRdeKOGdAAAAAAAAAPeu+zKBFQDuRG5urmbNmqVZs2YV2j9hwgS1adOmjKOSDh06pLi4OAUEBKhBgwZlfn0AAAAAAACU3L26aRoAAAAAAACwFBJYAeAmderU0dixY7V161bt3LlTmZmZql27tlq3bq0BAwbIz8+vzI9mu3LliqKionTp0iX16dPHXIkDAAAAAAAA5cO9umkaAAAAAAAAsBQSWAHgJjVq1CjymDdLsbOz0+TJkzV58mRLhwIAAAAAAIASuBc3TQMAAAAAAACWRAIrAAAAAAAAAAB32b24aRoAAAAAAACwJLZzAwAAAAAAAAAAAAAAAAAAoExRgRUAAFiUm5uboqKiLB0GUCg3N7dij53+8ft3MRIAAAAAAAAAAAAAAO4vdy2Btdr4ZXdraQAAcB/ZeuZJJaT7KPsvg6VDAQpKlbT17wZVKYNAAAAPEvuHTPKve1X/8r1s6VAAAAAAAAAAAADuGiqwAgAAi1mYWEFxh+0sHQYAAMA9Jfsvg/l3JJJYAQAAAAAAAADA/arUE1jPTHymtJcEAAD3qYRjtpKk6f0Nquds4WAAAADuEUdPSa8uNSnhmC0JrAAAAAAAAAAA4L5lZekAAADAgyv7L4MkkbwKAABwg+u/G13/XQkAAAAAAAAAAOB+RAIrAAAAAAAAAAAAAAAAAAAAypSNpQMAAAAAAAAAAAAA7heRkZGWDgEAAAAAgHKh1BNYq41fVtpLAiimMxOfsXQIAAAAAAAAAAAAAAAAAAD8LSqwAgAAAAAAAAAAAKWkX79+lg4BAADgnkKFegBAUe5aAiuVIIGyQ+VjAAAAAAAAAAAAAAAAAEB5YmXpAAAAAAAAAAAAAAAAAAAAAPBgIYEVAAAAAAAAAAAAAAAAAAAAZYoEVgAAAAAAAAAAAAAAAAAAAJQpElgBAAAAAAAAAAAAAAAAAABQpkhgBQAAAAAAAAAAAAAAAAAAQJkigRUAAAAAAAAAAAAAAAAAAABligRWAKUiOztbYWFhMhqNMhqNeu+995STk3PLcYmJiRaIFAAAAAAAAAAAAAAAAABgaSSwAihVDg4OcnJyUkxMjA4fPmzpcAAAAAAAAAAAAAAAAAAA9yASWAGUKjc3N4WGhio1NVVLly7VlStXLB0SAAAAAAAAAAAAAAAAAOAeQwIrgFLn7++vHj16aM2aNTpw4IClwwEAAAAAAAAAAAAAAAAA3GPKXQJrQkKCDAaD+RUSEqLLly9bOqy/NXHiRHPM3t7e+Y5WL6/3BBTFwcFBAwYM0NWrVxUZGVnsKqzp6en6/PPPNXDgQHl5ecloNMrV1VW9evXS3LlzdeHChQJzkpOT1bZtW4WFhSk9PV3z589X9+7dZTQa5eXlpTfffFN//PGHTCaTjhw5orfeekstWrSQ0WhU586d9eWXXyo7O7vQeLKysrRo0SL16tXLHEtwcLB++OEH5eTk3NFnBAAAAAAAgAdTVFSUjEajoqKiitVuKdnZ2QoLC1Pbtm2VnJxc7HmJiYkyGo2aOnXqXYwOAAAAAAAA9wObsr7g4sWL9c9//vO25y1atEgDBw68CxEBuBuaNm2qbt26adWqVerevbtatWr1t3OOHTumN998M19bZmam4uPjza8ZM2bIycmpwNzvv/9e33//vU6dOmVuO3HihD7//HMdOnRIjz32mCIjI5WZmWnu37lzp3bu3KnMzEyNGDFC1tbW5r6UlBS99tpr2rRpU75Y4uLiFBcXpwkTJuill16SjU2ZfxsFAAAAAABAKcvOzta4ceP01Vdf/e3Y77//Xr6+vmUQ1e3Lzc3VBx98YE4eXbBggbp3727hqAAAAAAAAIDClbsKrADKB3t7e3Oy+vLly4uscnoja2trhYSE6IcfflBqaqoyMjJ0+vRp/fe//9XIkSO1du1aLV++vNC5p06d0hNPPKGVK1fq5MmTOnPmjLZv366OHTtq06ZNmj9/voKCgpSQkKDTp08rLS1N33zzjWrXrq0NGzYoPT3dvNa5c+f03nvvafv27Xrttdd06NAhnTlzRmlpaYqLi1OHDh00ffp0JSQklM6HBQAAAAAAAJSC1NRUxcfHy8nJSQ4ODtq6dWuxT0cCAAAAAAAAylq5Kx3o7+8vk8lk6TBK1f14T4AkPfHEE3r66ae1ePFi9ezZU+3atbvl+GbNmqlZs2b52qysrFSzZk0NGjRIGzdu1LFjx3TlyhXZ2dnlGxccHKypU6eqcuXK5jZ3d3cFBQVp48aNmjJlioYMGSIrKyvzuu3bt1dAQICWL1+u33//XTVq1JAk/fzzz1q9erXGjRun0aNHm6us2tjYqEmTJnr33Xc1ZMgQrV+/Xn5+frK1tb3jzwoAAAAAAACW5+npqfnz58vDw8PSoZTInj17lJSUpPfee0/JycnatGmTnnvuOTVo0MDSoQEAAAAAAAAFlHkF1oEDB8pkMuV7LVq0KN+YRYsWFRgzcODAsg4VwB2ys7NTv379VLVqVS1btkwXL1782zk5OTnavXu3Pv30U/373/9Wr1695OXlJV9fXx04cEC5ubmFJnxXqlSp0ETSSpUqSZIeeughc/Lqdfb29nJxcVFmZqZyc3MlXTtmbceOHXJ3d1e3bt3Myas3cnFxUa1atZSSkqKsrKxifRYAAAAAAADA3XTlyhVt3bpV9evXV8eOHdWhQwcdOXJEO3bssHRoAAAAAAAAQKHKPIH1Th0+fFje3t4yGAwyGAyaOHFivv6JEyea+7y9vXX48GEdPHhQw4YNk5ubmypXrqx+/fpp165d5iS448ePKywszNzfq1cvbdu2rciqqJcuXdLSpUv1zDPPyM3NTQaDQdWqVVP37t31zTff6NKlS2VyT9djNhgMat++vZYsWVLkcVBXrlzRhg0bNHjwYDVo0EAGg0GVK1dWp06d9Mknn+jMmTO3FTNQXI0aNVKPHj0UExPztw/LU1JSNGjQIAUEBGj8+PFasWKF4uPjdeLEiTuOIz09vVjj/vrrL509e1YpKSlq06aNjEZjgZeHh4c2btyonJwc5eXl3XFsAAAAAAAAKH+Sk5PVtm1bhYWFKTs7+7b7S9uJEyeUkJCgZs2aydXVVY0bN5aPj48SEhKUmZlZ5Ly8vDxt3rxZgwcPlru7u1xdXRUcHKyoqKhbbkg/ffq0Zs6cqfbt28toNKpFixZ66623dPDgwULH3/h5ZGVlafPmzRo0aJBcXV3l6uqa79lhXl6eEhISNHz4cLm7u8toNKp9+/b67LPPdOHChULvYfv27QoNDZWXl5eMRqO8vLz0wgsvaMWKFQXuIyMjQ3PnzlX37t3Nz/wCAwM1adIkHTx4kGd+AAAAAAAAZaRgacH7SFZWlj744IMCD9qioqKUlJSkOXPm6OjRo/rPf/6jjIwMc/+qVau0e/duLV68WP7+/vnW3LVrl0JDQ5WQkJCvPSMjQzExMYqJidFTTz2lTz/9VHXq1Cmze4qPj1d8fLw++OADhYWFydra2tz322+/6ZVXXtHKlSvzrXXx4kXFxcUpLi5Oix&quot;
08-31-2019 12:59:36 Wire.java DEBUG [Forwarding screenshot on session 8224b39f135dddefa755fa7332753c0d to remote] http.wire 87 - http-outgoing-4 &lt;&lt; &quot;Yt0qeffiofH59SjxkPNjs7O/Xv318bNmzQwoUL1bBhw0LHnT59Wu+8845iY2PVp08fDRgwQJ6ennrooYfk4OCg48eP64UXXijj6AEAAAAAAIDyYdu2bdq3b59efvllVaxYUS4uLmrRooVWrFih5ORkeXt7F5iTk5Ojzz//XFOnTs2X5Hr9ubEkeXp6FpiXnJysl19+WYmJifnakpOT/zbOP//8U+PHj9eXX36Zr/36CUlZWVmKiIhQREREvv69e/dq79692rp1q2bMmCEnJ6db3sOJEyd04sQJrVq1SrNnz1ZwcHCRsUvSjh07tGPHDu3atUtz5syR0Wj823sBAAAAAADAnSl3FVhvx9GjRzV//vxCd4n/9ttv6tKli0aOHJkvefXG/ujoaF29etXcdvDgQY0YMaJA8urNvvvuO02bNk2XL1++85u4ya3uSZIWL16c7yHhqVOnNGrUqALJqzdLTExUeHh4satUArfj8ccfV1BQkOLi4rRly5ZCxxw/flw//vij/vWvf+nDDz9Uhw4d5OTkpCpVqsjGpuxy7a2srFShQgU1atRIiYmJysjIKPK1fPlyHmQDAAAAAADcR/bt26cWLVoUeipP27Zti5WgaQmZmZlKSEiQj4+PWrRoIUmytbVV586dderUKW3durXQE8fWr1+vqVOnql69eoqOjtbJkyeVkZGh1NRUrVu3Th07diww59y5cwoPD9f+/fs1atQo7d+/X2fOnNHp06d14MABhYeH3zLW2NhY7dmzR0uXLlVqaqr5WZuvr69MJpMWLlyoiIgIBQUFKT4+XmlpaTpz5oz279+vkSNHau3atZo3b5454TU5OVmLFy9Wq1atlJiYqLS0NPM9JCQkaOzYsbK1tZV0LUk2KipK+/fv18yZM3X8+HFlZGTo9OnTOnLkiBYvXix3d/c7/ecAAAAAAABAMd3XCawuLi6aM2eOzp8/r7y8PO3Zs0deXl5F9m/evDlfdcgDBw6YE0Vzc3O1ZMkS867sOnXq6Ouvv1ZWVpby8vL066+/qmfPnua5sbGxOnr06F27p4yMDJlMJv3222/5rvvLL7/o1KlT5vcxMTFavXq1JMnR0VFTp07V+fPnZTKZdPr0aQ0fPtw8duXKldqzZ0+pxwzY2Niob9++evTRR7VgwQL98ccfBcbk5uYqMzNTNWvWVMWKFQv0m0ymMjm6y9bWVi1bttSBAwf0888/F/pgHwAAAAAAALiXJCcn68cff1SzZs1Uo0YNc3vDhg3Vrl07bdq0qUAhhwsXLigyMlJVq1bVtGnT1KFDB3Oip729vRo3bixXV9cC1/r555+1evVqPffcc3rjjTfk4uIig8EgKysr1ahRQ02bNr1lrH369FF0dLQCAwNlb2+fr+/333/XqlWrFBgYqGnTpunJJ5+UjY2NDAaDXFxcNGbMGPXv31/x8fFKTU2VdK2Iw5EjR+Tj46N69eqZN8Pb29urYcOGGjNmjPkZenZ2tn7//Xe5ubmpVatWqly5sqRrm9ofeeQRdevWTVOmTGHTOgAAAAAAQBm5rxNYq1evrrZt26py5coyGAyqX7++WrZsWWR/06ZN5e/vX+hap06d0ubNm83ve/bsqeDgYFWoUEEGg0Fubm566aWXzP1Hjx7V8ePH79o9Va1aVZLk6uqqbt265Rtz4sQJSdLFixcVHx9vbu/UqZOGDBlifihXrVo1hYSEqF69euYx+/btK/WYAUmqV6+ennnmGSUkJGjDhg0F+h9++GHVr19f69ev1/bt25WTkyPpWkWH5cuXKyQkRAcOHCiTWP38/BQUFKS33npLEyZM0K+//mqOJycnR6mpqVq2bJnCw8OVnZ1dJjEBAAAAAADg7vP09FRSUlKhp/H89NNP8vDwsHSIBZhMJm3dulWnTp1S27ZtZWdnZ+575JFH1KJFCyUmJhZ49nvixAnt379fAQEB+Qo73Epubq527NghBwcHBQUF5btWcTk6OhZIXL0uJSVFSUlJ6tq1q6pXr17o3Mcee0wHDhwwF3J4+OGH5ezsrG+//Vbr1q1TVlZWkdd+6KGHVKVKFe3bt09ffvmljh8/Xiab5gEAAAAAAFC4+zqB9XYZDAZZW1sX2nfx4kWdPXvW/P6jjz6Svb29DAaD+RUYGFhgTllwcHAotP3q1atKS0szv1+5cqWMRmO+mL28vPJVis3MzLzr8eLBZG1tre7du8vT07PQfg8PDz377LPauXOnunTpourVq8toNKpu3boKCwuTm5tbmR3f9cgjj2jChAlq3ry5PvnkE/n4+JjjqV69ujw9PTV8+HCdOXOmTOIBAAAAAAAAipKRkaFNmzapdevWatKkSb4+a2trdezYUZK0detW5ebmmvsyMzOVkpIiFxeXIhNKb/bXX3/p7NmzcnNzU7Vq1UrvJv5Xenq6JCksLExGo7HQ1+TJk5WZmWm+F09PT40YMULHjx/XgAEDVKtWLbVo0UIjR47U6tWr8z2nt7W11eDBg+Xr66vPP/9cTZs2lZubm3r16qWpU6fq4MGDJLQCAAAAAACUIRJYAZQZd3d39e/fv9A+GxsbhYSEaO7cufLx8ZF0Lal1xIgR+uGHHzR27FhVqFChTGP9+uuvNW/ePPXs2dNc9bh27dp6+umnNWfOHI0dO7bYD/cBAAAAAACAu2Hfvn1KTEzUli1b1KhRowIJn926dVNmZqbi4+OVmppq6XBLnY2NjUaOHKktW7YoPDxc3bp105UrV/TNN99o8ODB6t27t44cOWIe7+HhoZUrVyo6OlpDhgxRgwYNFB8fr8mTJ8vf318ff/yx+TQmAAAAAAAA3F02lg6gvLC3t1elSpXM759//nl98skn+druNTY2NnJ0dDS/79SpkxYuXCgXFxcLRoX7lb29vSIiIm45xmAwaMSIERoxYkSh/XZ2durTp4/69OlTaP9PP/1UoM3Dw6PQ9uuCg4MVHBxcZP+YMWM0ZsyYQvsqVqyo3r17q3fv3kXOBwAAAAAAACwlNzdXW7duLdbJWklJSdqzZ49q164t6Vp1VgcHB2VnZys3N7fI08ludP0Us8uXL+vKlSt3HP/Nrp829tlnnxW5Eb6ouFxdXTV8+HANHz5cJpNJ6enpmjt3rqZPn64FCxZowoQJsrW1lXTtWWaHDh3UoUMHSddOM9u2bZsmTpyoWbNmqV27dvL29i71+wMAAAAAAEB+VGAtpho1aqhZs2bm99HR0Xr77beVkpJi3o2dl5en9PR0rVmzRt27d1dCQoKlwpUkVa5cWX5+fub3P/zwg9544w3t3btXV69elSSZTCadPXtWP/74o5577jktWbLEUuECAAAAAAAAQLlz+vRpZWdnF2i/ePGiLl++fFevnZ6erp9//lkBAQE6evSoMjIyCn1t3LhRzs7O2rp1qznxtFatWvL29taOHTuUlpZWYG2TyaTc3Nx8bXZ2dnriiSeUkpKinTt3ymQyFZh385zb0ahRI/n4+Oinn37SxYsXS7yOwWBQ9erV9cwzz8jT01OXL19WXl5ekeNtbW3Vtm1bBQYG6tSpU3clORcAAAAAAAAFkcBaTHZ2dgoJCZGvr6+kaw8fp02bJg8PDz300EPmnefVq1dXz549FRMTY+GIrz2kGzhwoHr27GluW7hwoby8vGRnZyeDwSArKysZjUZ16NBBCxcuvOVDPAAAAAAAAADANdWrV1fdunX1448/as2aNcrOzpbJZFJaWpo+/vhj9e3bVykpKXc1hu3bt2vLli3q0KGDjEZjkePq1q0rX19fJSQk6MSJE5IkJycn+fn5afPmzZoyZYr+/PNPmUwmczXS0NBQff311wXWatmyperXr6/p06dr3bp1unr1qvm+58yZo9GjR5f4fmrVqqUePXpo6dKlevHFF7V161ZzcrDJZNK5c+e0ZcsWvf766+bPdvXq1QoPD9euXbt06dIl81oXLlzQ1q1bdfz4cTk5Oemhhx5SRkaGXn/9dS1fvlypqanm4hQ5OTk6evSodu7cqfr16+vhhx8u8T0AAAAAAACg+GwsHUB50rBhQ3322WcKDQ21eHXV4nJ2dtaHH34oKysrrVy50tLhAAAAAAAAAMB9oXLlyu&quot;
08-31-2019 12:59:36 Wire.java DEBUG [Forwarding screenshot on session 8224b39f135dddefa755fa7332753c0d to remote] http.wire 87 - http-outgoing-4 &lt;&lt; &quot;rRo4c2btyo0aNH50vcrFq16l0/pevKlSvaunWrnJ2d1bJlSxkMhlvG2r59e61Zs0bbtm2Th4eHrK2t9e9//1v79+/XwoULtXDhwnxzGjRoIE9PzwJrPf744/qf//kfhYWFaeDAgfn6HBwc5O3treTk5BLdk7W1tYYMGaLz588rIiJCsbGxhY7z9PTU0KFDJUlXr17V9OnTNX369ELHdujQQc8++6ysra0lSSkpKZo7d26hYx0cHPT222+rXr16JYofAAAAAAAAt4cE1tvUtGlTbdiwQZs3b9aSJUv0yy+/aPfu3ZIko9Go5s2by9/fX127dlWTJk0sHO01derUUWRkpBITExUZGamkpCRt27ZNkuTo6Chvb2+1bt1agYGB5gqzAAAAAAAAAIBbe/rpp1WtWjXNnDlT8fHxql27toKCgjRs2DBdvXpVu3btumvXPnHihBISEtS8eXPVrVv3b8dfr5yakJCgp59+Wg4ODnJyctLMmTPVrFkzffPNN0pOTpa/v7969eqlnj17Kjw8XDt27Mi3jsFgUO/eveXs7Kw5c+YoPj5eVatWVbt27fTiiy/q0qVL6tatW4nvq2LFiho3bpy6dOmiFStWKC4uTsnJyXJwcJCPj486dOigrl27mu+5a9euWrp0qdasWaOkpKR8Y7t3767+/furYsWKkqQqVapo0qRJWrdunTZt2qSdO3cqMzNTHh4e8vPz09ChQ/XEE0/cMhkYAAAAAAAApccQGRlpql+/fr5Gb29vmUymEi1YbfwySdKZic/ccXAAiufmr7vrD1hv9+u4uPOuj8vIyLit9QHgZs8trCJJWjOKPwwBAADcqMeH1/5ftuBf5ywcCQCUX1WrVi20nWdbAO6mDRs2qF+/fpYOAwAA4J4SGRmpzp07WzoMAChXinq2dd2d5oedP39ekrRnz54SRHfnvL29JUlWFrk6AAAAAAAAAAAAAAAAAAAAHlgksAIAAAAAAAAAAAAAAAAAAKBMkcAKAAAAAAAAAAAAAAAAAACAMkUCKwAAAAAAAAAAAAAAAAAAAMoUCawAAAAAAAAAAAAAAAAAAAAoUySwAgAAi7F/yCRJOnrKwoEAAADcQ67/bnT9dyUAAAAAAAAAAID7kY2lAwAAAA8u/7pXFXfYTq8uJTkDAADgZv51r1o6BAAAAAAAAAAAgLuGBFYAAGAx//K9LJcLaywdBgAAwD2ps29nS4cAAAAAAAAAAABw15DACgAALK5fv36WDgEAAOCeEhkZaekQAAAAAAAAAAAA7iorSwcAAAAAAAAAAAAAAAAAAACAB8tdq8Babfyyu7U0AAAAAAAAAAAAAAAAAAAAyrG7lsAKAAAAAAAAAAAAPGgiIyMtHQIAAAAAAOVCqSewnpn4TGkvCQAAAAAAAAAAANzzOnfubOkQAAAAAAAoN6wsHQAAAAAAAAAAAAAAAAAAAAAeLCSwAgAAAAAAAAAAAAAAAAAAoEyRwAoAAAAAAAAAAAAAAAAAAIAyZVPaC1Ybv6y0lwRQTGcmPmPpEAAAAAAAAAAAAAAAAAAA+FtUYAUAAAAAAAAAAAAAAAAAAECZKvUKrNdRCRIoO1Q+BgAAAAAAAAAAeDCkpaXp5MmTunjxokwmU4nWMBgMcnR0VI0aNVS9evVSjhAAAAAAiueuJbACAAAAAAAAAAAAAErPsWPHlJqaesfrmEwmXbhwQRcuXFBmZqbq1q1bCtEBAAAAwO0hgRUAAAAAAAAAAAAoBcnJyTp+/Lilw8A9yM3NTR4eHne0Rlpamjl5tW7duqpevbqsra1LtFZubq7S0tLMCbEO/5+9u4/r+e7//397V8tZLO+o2UiUhCZbRIpSKrYwJ+3czofZbA6b7bBhn63h2GHYsR0bhp0cmx2jOczZqClCKOWkmU5UzkLSiVE5Oar37w9f7986CkUUu18vl/flotfz5PV4vdLZ6/14Pp42NqrEKiIiIiIiN50SWEWk1pWXl5OWlsby5cvZuHEjiYmJAHTt2pUePXrwwAMP4O3tTcOGDes4UhERERERERERERGR2nPw4EHCwsLqOgyphyIiIq47gTUnJwe4mLzaqlWr65rL0tLSPEdWVhY5OTlKYBURERERkZtOCawiUqvy8vJ47733WLx4caW25ORkkpOTWbRoES4uLsycORM/P786iFJEREREREREREREROTWcubMGYBaTTS1t7cnKyvLPLeIiIiIiMjNZFHXAYjI7ePkyZOMHz+exYsX4+7uzrx588jIyCA/P5+CggIOHjzIypUrGT58OBkZGeTm5tZ1yCIiIiIiIiIiIjdUfHw8RqORmTNn1mhcREQERqORiIiIGxSZiIjcakpLSykrKwOgrKysVl6X5iotLa3LSxMRERERkT8pVWAVkVpRVlbGd999x88//0xwcDAzZ86kTZs2Ffo0a9YMX19fevfuzRNPPEFxcXEdRSsiIiIiIiIiInJ5J06cYMyYMcTGxuLp6cnChQtp27ZtXYd124mIiGD06NE1GhMQEMAXX3yB0Wi8QVGJiNRf5eXlAObE09qeV0RERERE5GZTBVYRqRXZ2dn8/PPPODg48Oqrr1ZKXv0jCwsL/P39efDBByscP3/+PKtWrSIsLAxHR0ccHR0JCwtj2bJlnDt3rtI8GRkZ9O3blwkTJnDy5Em+/PJLBg0ahNFoxMPDg3feeYejR49iMplIT09n8uTJeHl5YTQaCQoK4quvvqo0b0FBASNGjGDEiBGcPHmS2NhYRo4ciaOjI87OzowbN459+/ZViuVS7K+88gr+/v4YjUaMRiP+/v5MnjyZjIyMSmP+eK68vDx27NjBuHHjcHZ2xtHRkWeffZZff/21wpidO3fSqVMnXnnlFUpKSqq8v6mpqfTq1YuTHqKHAAAgAElEQVSnnnqKU6dOXfbzICIiIiIiIiIiVdu5cyexsbE4ODiQlJREcnJyXYckIiJirppaWlpaq68/VmMVERERERG5mVSBVURqxc6dO0lKSuKRRx6ha9euNR6fl5fHlClTWLJkSYXj0dHRREdHM2TIEP7+97/TsmXLSmPXrl3L2rVrOXHihPnYkSNHmDt3LqmpqbRr146lS5dSVFRkbk9KSiIpKYmioiLGjh2LpaVlhTmzs7N54YUX2Lx5c4XjixcvZtOmTXz++ef4+PiYjxcXF/PNN98QExNToX9ycjLJycmsWrWq0phLcnNzeffdd/n3v/9d4fiKFSvYuXMnX3/9Nffddx8Abm5uBAYGEh0dTWpqKvfff3+FMSaTiZiYGNLT03nnnXewtbWtdD4REREREREREbm88+fPs2nTJpydnXn77beZM2cOkZGRBAYG0rhx47oO77YSFhZGWFhYhWPnzp3j7bff5uuvv2bt2rX07NmzjqITEal/VIFVRERERERuN6rAKiK14lKFUVdXV2xsbGo0tqysjG+//ZYlS5YwfPhwduzYQV5enrkq6fDhw1mxYgXz58+ntLS00vgTJ07QpUsXli9fTk5ODvn5+ezYsYOAgAA2bNjAl19+SWhoKHFxceTl5ZGbm8v3339PmzZt+OWXXzh58mSlOdPT07njjjtYunQp2dnZFBQUcOjQISZNmkRhYSELFy6sVN3U2dmZxYsXk5GRQX5+PgUFBRw8eJB58+YBsGDBAk6fPl3pXHv37mXPnj189tlnZGVlUVBQQFZWFi+//DJHjhxh9erV5odRjRs3JiwsjOLiYiIjIys9pMrNzeWXX37Bz88PLy+vGn0eREREREREREQEcnJySExMpGfPnvj5+eHj40NiYiKHDx+u69BERORPrry8/Ia+bnWlpaWsWrWKoUOHYjQacXR0ZOzYsTd9t7qIiAiMRiMRERE39by16Y+7CBYUFNR1OCIiIiJyG1MCq4jUqtatW9d4zIEDB1i+fDnBwcFMmzYNZ2dnLCwssLCwwNnZmWnTphEcHMzq1avNibJ/FBYWxpdffomfnx/W1tYYDAacnZ0JDQ0F4MMPP+Sf//wnnTp1wsLCAisrK/z9/QkMDGT37t1kZ2dXmtPPz4958+bRv39/c2WNpk2bMmbMGEJDQ9m+fTsHDx409zcajXz44YcMHDgQo9GIwWAAoF&quot;
08-31-2019 12:59:36 Wire.java DEBUG [Forwarding screenshot on session 8224b39f135dddefa755fa7332753c0d to remote] http.wire 87 - http-outgoing-4 &lt;&lt; &quot;mzZgwaNAh/f38OHz5MXl5epXN5e3vz73//m8cee8xcMdXW1pannnqKzp0789tvv3HmzBlzfw8PD/z9/YmJiakUe0JCArGxsQQFBWFvb1/TT4WIiIiIiIiIyJ9eQkICSUlJ9OrVC6PRSO/evUlPT2f79u1XHJeXl8fHH3+Mv78/RqMRLy8vJk+eTEpKyhXHHT58mMmTJ+Pl5YXRaMTf35+PPvqII0eOVNn/j0kxJSUlfPnllwQFBWE0Gnn00UcrJOnk5eXx2WefmdudnZ158cUX2bFjByaTqdLcJSUl/Pjjj4SFheHo6GiOZ9KkScTHx1dYXG4ymUhPT68Qu7OzM4899hjffPNNlYvGr9ehQ4cICgpi6NChFXZj+qMTJ04wdOhQgoKCOHToEFAxCefkyZPExsYycuRIHB0dcXZ2Zty4cezbt++y563pfRS50eLi4jAYDCxevNh87OzZs4wZM4YBAwaQn59fh9HJn118fDxGo7HSy9nZmREjRjBz5kxSUlJqPWHWZDKxcOFCnn76aWJjYwEoKioiNzf3tkjOFRERERG5Xd2yCaxpaWl069YNg8GAwWAgPDy8rkMSkWu0f/9+9u7di5+fX5VJl/b29gwYMID09PQqH/g3adIEa2vrKo8D3HHHHVhYVPx217BhQ1q1akVRUVGVW+1YWlpWGgMXk1i9vLw4ceIEBw4cqNBmMpk4evQo3333HRMnTmT48OH4+/tzzz338O2331JaWlrlQ5JGjRqZY/0jOzs77rrrrkrjbG1tCQ4OJikpic2bN5uPl5SUEBkZiaurKwEBAeYkWhERERERERERqZ6SkhJiY2Nxd3enV69eAHTr1g0vLy82btxY5e46cHF3opEjR/L++++TnJxsPvb5558zYcKEy55v69atjBgxgs8//9y8cDs5OZnp06fzwQcfXDHWpKQkRo4cyRtvvEFSUhJAhedIO3bsYNiwYUyZMsXcXlhYyLJlyxg+fDjLli2rkHx58uRJXn75ZUaNGkV0dDRFRUXmeObPn8/EiRPNC7pNJhPLly9n4MCBFWIvLCwkMjKSv/zlL3z99ddXjP9atG7dmoCAAGJjY0lISKiyz6UF3kOHDsXR0bFCW3Z2Ni+88AJDhw5lzZo1FBUVUVhYyOLFi3nssceIi4urNF9N76PItTKZTMyePRuDwcDdd9992f/jIreqwsJCYmJimDFjBj4+PrzyyiscPXq01ubPzs7mp59+wtPTk6ioKPLy8igoKODHH3/EaDTW2nmux+1QmVVEREREpLbViwTW48ePExQUZE5GNRgM+Pj4mFdHi8ito6pqpldz6WF4ixYtLtvnUoLnH6s8VFdtV3uoKpaSkhJmzJiBt7c3r776KosWLWLDhg3mNyxqW58+fcwPYS5V1UhNTSU6OpqgoCDatWt3Q84rIiIiIiIiInI7O3DgAPHx8fj4+NCmTRsA7r77bnx8fIiPj69yd6BTp04xbdo0fvvtN1577TV+++038vPzycvLY9++fUybNq3Kcx0+fJjw8HDy8/OZNm0aWVlZFBQUkJuby+7du3nllVeuGOsXX3yBg4MDcXFxlZJ0Dh8+zNSpUzl69CizZs0yz52Tk0NERAROTk589NFHpKWlmeeLjIxkxYoVvPXWW2RkZJCfn09+fj5ZWVmsXLkSb29v84Lp3Nxcvv32W9q3b8+6devIyckxz79r1y6mT59e5YLt62VpacnQoUNxdXUlMjKSkpKSCu1XW+Cdnp7OHXfcwdKlS8nOzqagoIBDhw4xadIkCgsLWbhwYYUKttdyH0Wu1alTp9iyZQtw8X2zqKgoJUffZCEhIRXeq7zSKyQkpK7DrfcmTZpEQUGB+XXs2DF27drFtGnTcHFx4YcffuCZZ54hPT29Vs537NgxEhISGDZsGN27d6+ySImIiIiIiNQ/9eI393379hEfH1/h2NatW82rmeuz8PDwCn+wVrVCW+TPwMXFBYDMzMxKD45vd2VlZSxatIiPPvqIDh068Nlnn7Fr1y4yMjI4duwYx44d45lnnqnVc16qNrFx40b27NlDWVkZkZGRAAwdOpQGDRrU6vlERERERERERP4MNm3aRGZmJr179zY/X7G0tKRv374UFxcTExNTKaFs27ZtrFixgqeffpq//vWvtGrVCoPBgIWFBXfddRf3339/ledas2YN8fHxTJw4kTFjxmBrawuAlZUVjo6O3HvvvVeM9cMPP+Sf//wnnTp1qpSkc2nuGTNm8Mwzz5jntra2JjAwkPfee49jx46xYcMG4OLzrUvVVf39/TEajeZn3ra2tvj6+vLhhx/i7OwMQEFBAcePH+fee++la9eu5t2RrK2tadu2LWPGjGHs2LHVvu810a5dO/r160d0dDSpqakV2i4t8O7Xr1+VC7z9/PyYN28e/fv3p3HjxsDFHZfGjBlDaGgo27dvN98HqPl9FLke+/btY/369YSHhzNgwABiY2PJycmp67D+VF5//fUb0lcuatiwIW3btuWll17i559/5qmnniIpKYkZM2ZUWDxwrQ4fPgxcuViKiIiIiIjUP3WewHrhwgXWrFnDmTNnKrVFRUVx9uzZOohKRGqqU6dOuLq6Eh0dze7du2s01sbGBrhYKfVyK8rz8vKAiw/w65LJZDJXdG3ZsiUAZ86cIS4uDnd3d+bOnctjjz1G27ZtMRqNNGzY8IbEYWlpSUhICE2aNGHdunUcOHCA2NhYAgMDcXNzuyHnFBERERERERG5nZ06dYpt27bh5eVFt27dKrS5ubnh6elJXFwcubm55uNlZWUkJiZiY2NDaGhotRcVFxUVkZycjLu7O/37969UKbQ6bG1tq6wud2luX19f+vbtW+Xcbdq0wcnJiaysLM6fP4+lpSV2dnYALFy4kH379l1xJyQbGxtsbW2Jjo5m2bJltZJ4VF0NGjRgwIABFBcXExkZSVlZGYB5gXdxcTEDBgyo8nNhaWlZ5T1r2rQpXl5enDhxggMHDgDXdh9FrtWl/7+tW7fmoYceIigoiPj4ePbt21fXof2pBAcHExwcXGv95PJatGjB22+/TXBwMCtWrGDz5s2V+phMJvbu3ctf//pXPDw8MBqNeHl58cEHH1RI7j537hwTJkxg9OjRAIwePRqj0YjRaKRv377m6ulZWVnMnDmTESNG4OzsjNFoxNnZmccee4xly5Zx7ty5SjFERERgNBqJiIio8jqu1l6dGI1GIxMmTKjy/Jdz+PBhJk+ejJeXl/m+TJ48ucpK8QAzZ87EaDQSHx9PdnY2H330kXlsUFAQ//nPf6q1A+L58+eZNGkSjo6OxMbGVtmnrKyMGTNmYDQaWbVqVbWvSURERET+vOo8gfXo0aNs3bq1yrZNmzaRlZV1kyMSkWvh4uJCaGgoJ06c4JNPPuHIkSOX7WsymYiPj2fNmjUAdOjQAXd3dyIjI6tcUZ6bm0tsbCyurq506tTphl1DdeTk5BAZGYmnp6e5ikN5eTmlpaXY29tXubLXZDKZH6TXJjc3NwIDA9mwYQP//ve/SUhIICQkxFw9QkREREREREREqi8tLY2NGzfi4+PD3XffXaHN3t4eHx8fkpKSKlT9/O9//0thYSFOTk7mBNDquHDhAidPnsTe3h6j0Vhr1/DHubds2ULnzp0rJMhcenl5ebF3717KysrMC8pHjBjBkCFDWLZsGb6+vtjb2xMcHEx4eDjx8fEVEltat27NqFGjKCoqYty4cbRv3x4PDw+ee+45vvvuO/MC8BvFw8MDf39/YmJiyM7OBiA7O5uYmBgCAwPx8PCo8ZxNmjQBMF/ntd5HkWuRm5vLtm3b6NmzJ+3atcPX1xcbGxuio6NvyLNlubzqVFZV9dXaYW9vT2hoKHDxPeE/LgQoLS1l4cKFPPDAA3zxxRfm95wyMjKYPXs2I0eOJD09vUbnu1TtNSYmhsLCQgAKCwuJjIzkxRdfZMqUKfV+h0GTycSqVasYNGgQn3/+uTlhNSMjg88//5yQkBD+85//XPZn0g8//MCDDz7I9OnTzWOTkpJ44YUXWLhw4VV/ll1aRAKwbt26KhdvXPp5HBoaSp8+fa7nckVERETkT6LOE1i3bt1KfH&quot;
08-31-2019 12:59:36 Wire.java DEBUG [Forwarding screenshot on session 8224b39f135dddefa755fa7332753c0d to remote] http.wire 87 - http-outgoing-4 &lt;&lt; &quot;w8cHGV80MPPWRuS0lJYcuWLdc1/+HDh/n73/9O//79adasGQaDATc3N1588UW2bdtGeXl5hf5nz55lzJgx5u2RBgwYQF5eHnv27OG5557Dzs6OMWPGsGfPHrp168bUqVMrjPf19TWPHTNmTIUKspdiGTBgAHZ2dhgMBpo1a0b//v0JDw9nx44d1VrdJlIfWVlZMXr0aB544AGioqIYPnw4ixcvpqCgwPwH7+nTp9myZQujRo1i4MCB5gcB7dq1Y+jQoWzevJmpU6eSkpJCeXk55eXlZGZm8s477xAVFUVoaCguLi435Xqys7OJj4/n9OnTwMUk1d9++4233nqLzZs3M3jwYFq3bg1c3PbmrrvuIiEhgdWrV5uv68KFC2zfvp1XX32Vb7/9ttZjbNy4MSEhIaSnpzNnzhz8/Pzw8vKq9fOIiIiIiIiIiNzuysrKiImJoaioiDlz5tCyZcsKiYp2dnZMnz6doqIioqKiuHDhQl2HXOtatmzJggULWLt2LX/5y1/w9vYmNTWVOXPmMHDgQCZNmmR+7mUwGBg2bBjbt2/nk08+YdiwYTRo0ICffvqJV199lf79+xMXF3fDYrW1tSU4OJikpCRz1b7NmzeTlJTEsGHDsLW1vWHnFrkR9u7dy/r16+nfvz9NmjShQ4cO9OrVi23btnHixIm6Du9P5WrVVVV9tXbdd999ODs7c+DAAYqLi83Ho6KiCA8Pp0uXLqxYsYKcnBwKCgrIysri/fffJy0tjU8++YSSkhIaNmzI7NmzmT9/PgDz58+noKCAgoICNm3aZH5fydramkmTJhEXF2eeLzc3lx07djB8+HAWLVp02aqi1+tKMRYUFDB79uxq7eiXmZnJzJkzAZg3bx7Z2dkUFBSQnZ3NvHnzsLGx4e9///tlqzevXLmSYcOGsXPnTvLy8sjNzWXhwoU4ODjw888/V+v7TY8ePRg8eDAbNmwwVy3/o0s/j4ODg/XzWERERESqpU734i4uLmb9+vXmj3v27MnYsWNJS0sjJSUFgMjISB5++GGaN29eo7lLS0tZvHgxEyZMoKCgoEJbWloaaWlpLFy4kP/7v//jzTffpFGjRlXOU1JSwpw5c/j00085c+ZMDa/wIpPJxJIlS3j55ZcrxXLmzBmio6PNWy0tWbKEjh07XtN5ROpay5YtmTFjBhYWFqxevZpx48Zdtm/nzp1xcHAALm7ddWm17JIlS1i2bFml/kOGDGH06NFYWd2cb1vp6ek88cQTVbY9//zzPP/881haWgIXE0kfe+wxNm/ezPjx4xk/fnyF/v369aNPnz7mFb21qU+fPoSGhrJ69WqGDh2Kvb19rZ9DREREREREROR2l5eXR0JCQrX6JiQkcPz4cdq2bYvBYMDS0pKzZ8/WaAt5CwsLrKysKCkpqfVkWCsrK2xsbPDz82PBggVV7hh0pbE9e/akZ8+ewMXn7CkpKUybNo1FixYREBDAwIEDzf1btmzJk08+yZNPPgnAqVOn+PHHH3n//fdZsGAB9957L82aNavV67ukT58+eHp6EhUVRZ8+fVi/fv01L/A2mUzmqrEtW7YEru8+itREWVkZGzZswMPDg+7duwMXk7R9fX15/fXXSUxMZPDgwXUc5Z/L66+/TlRU1GXbpPY0aNCARo0akZubS0FBAUajkdOnT7N06VKcnJz4xz/+gaurq7m/ra0tY8aM4dSpUyxevJj09HS6detWrXMNGTKk0jErKyucnZ159tlnWbZsGampqRV+ztUnJpOJn376ib179zJv3jzCwsIwGAzAxfepwsLCABgzZgwrV67Ezc3N/D7WJXPnziUoKMg8zsLCgoEDBxIbG8vy5cvJzs7mrrvuumIcl4qrfP/998TExNCxY0fzfKdOnSIqKgpPT09VXxURERGRaqvTCqyZmZkVVmF7e3vTq1cv+vbtaz62fft29u/fX6N5TSYTS5cuZdy4cZUSRv/XrFmzWLFixWXbN2/ezPTp0685eRUubr3w17/+9aqxiNwO2rRpw5dffsnatWsZPXo0Xbt2Nbd17dqV0aNHs3LlStavX1/ha71FixZ8/PHHfPPNNwQGBmJjY4ONjQ2BgYEsWLCAuXPnmh8e3wze3t7MmzePIUOGmBPo/fz8+Oabb/jggw9o3Lhxhf69e/fmX//6F0OGDMHGxobmzZszZMgQIiIi+PLLL3F2dr4hcVpaWmJjY4Onpyd+fn7mhwQiIiIiIiIiIlJ9KSkpxMbG8vbbb5Ofn1+hKtofX9OmTSMpKYnk5GTgYuJNly5dyMzMJCkpqcqtd6va/rtp06Z06dKF3bt3m4s5VGdcdTRt2hQvLy+SkpL49ddfr2mOS6ysrLj33nsZPnw4AEVFRVfsb2try7Bhw/Dy8qKoqOiG7jjWunVrAgIC2LhxI4sXLyY+Pp6goKBrWuCdk5NDZGQknp6etGvXDqjd+yhyJdnZ2cTGxuLn54eTkxNwscqxn58frVq1Ijo6ukYJ8nL9LldlVdVXb44jR47w22+/ERQUVOV7K1ZWVnTs2JETJ05UWQH0Ss6dO8eWLVuYPXs2I0eOZMiQITg7OxMaGgpQr3fKPHPmDHv37sXLywtvb+9K7wcZDAb69u2Lr68ve/bsqfK97TvvvLPSuEaNGtG6dWuKioqq/buHl5cXfn5+/PLLL+Tm5pqP79mzh40bNxIQEGDexVBERERE5GrqrAKryWRi/fr15uTUpk2bEhISQtOmTenTp495C4Xjx48TFRVFjx49qp2YlZOTw1dffWX+xTw4OJhp06Zx//33U15ezoYNG3jxxRc5dOgQZ86c4eeff+bBBx+kadOmlebq2bMnM2fOpHv37pWqtO7evZvw8HCmTp1qPrZlyxZ8fHwq9Nu8eTOHDh0yf/zzzz8TEhKChYUFpaWl5OTksGnTJlatWlWt6xOp7/63UkN1NWjQgEGDBjFo0KBq9XdxcWHTpk2XbQ8LCzOvOK3KxIkTmThxYpVtjRo1on///jz88MPVisVgMODh4cFXX31VZfvs2bMrHTMajfz444+XnfNq7QA7d+5k9erVvPTSS3oYICIiIiIiIiJyDc6fP09kZCQODg4EBARc8Tm0t7c3Dg4ObNiwgaCgIBo2bEivXr1wdXVl1qxZtGzZksDAQO644w5OnjzJTz/9xMKFCyvNY2lpSd++fVmwYAHTp0/HxsaG++67DwsLCw4fPszSpUvNz8hrymAwEBISwvLly3nhhRcYP348YWFh2NvbY2FhwYULFzh+/Dhr166lvLycsWPHcu7cOWbNmkWrVq0IDAykVatWWFtbU15ezvHjx4mLi8PGxsacHJqYmMjSpUsZPHgw7u7u5oSYc+fOER8fz/79++nTp0+1tkO+VpaWloSEhPCvf/2Ljz76CFdX16t+/rKzs4mPj8fHx4dmzZpRXl5OSkoKH374IZs3b+a9994zP2O7lvsoci2SkpLYunUrr7/+Og0aNDAfd3FxwcfHh/j4eI4dO2ZOrpabo6oqrPWh+qqFhQXl5eWUlZVVqq55rS4lLVpY3Py6R+fPn+fs2bO0bdsWo9EIXFwskZmZyZw5c5gzZ84Vx9ck4TQxMZG33nqLXbt2XVfMdaW0tJSioiJsbGxo0qRJlX2sra2xtramtLSU8vLyGxaLvb09QUFBTJ48mYSEBAYNGsT58+dZt24dzZs3Z8CAAbX2/1NEREREbn91lsB66tQptmzZYv7Yx8eHjh07AtC9e3c8PDzYs2cPALGxsTz//PO0atWqWnPv3buX9evXmz8ePXq0edsVCwsLAgICePzxx5kxYwZwsRJsQUFBlQmstra2dO7cuVLyak3Y2dlV+Pill17igQcewNfXlw4dOuDq6srjjz/O448/fs3nEJE/n5KSEiIiImjSpAkhISF6GCAiIiIiIiIicg1ycnJITEykR48etG/f/op9XVxc8Pf3Z+vWrRw8eBA3Nzc6duzIG2+8wYQJE3jiiScq9LexsaFbt25kZGRUmsvHx4fXX3+d9957j5CQkAptzZs3x83NjW3btl3TNTk7OzN9+nRef/113n33Xd59990q+02aNMn87/z8fGbNmnXZOSdMmGBesF5WVs&quot;
08-31-2019 12:59:36 Wire.java DEBUG [Forwarding screenshot on session 8224b39f135dddefa755fa7332753c0d to remote] http.wire 87 - http-outgoing-4 &lt;&lt; &quot;bChQurTM4FcHd35/nnn6+0i1Ft69KlCw899BDz588nNDQUFxeXK/ZPT0+v9Dm65Pnnn+f555+v8IztWu6jSE2cP3+e2NhYAHOl46ps3bpVCaw32aVqq5eSWOtL9VUbGxtOnz5NXl4eDg4OtTJnXl6eee6bbdeuXWRmZhIcHHxDz5+ZmcmkSZPYv38/L774IsOGDcPZ2RkrKyuaNWvGjh07GDhw4A07/+3GYDAQEBCAq6srkZGRBAYGcvjwYTZs2MADDzxA586d6zpEEREREbmF1FkC686dOyskmfr4+JgTPZ2cnPDz8zMnsK5fv569e/dWO4H1j1sVwJX/6AcoLi7m3LlzNQm/Rry9venZsyfx8fEAHDp0iLlz5zJ37lxzn6FDhzJ16lS6det2w+IQkdtLamoq0dHRBAYG4ubmVtfhiIiIiIiIiIjckhISEkhKSuKDDz7gzjvvvGJfGxsbfHx8WLJkCdu3b8fNzQ2DwcCwYcNwcHDgiy++IDY2lubNm+Pn58eoUaMoLi6uMinGysqKMWPG0L59e7788ktiY2NxcXEhODiYUaNGER8ff80JrAA9evTgp59+YtWqVaxevZr4+HiKiopwcXHBy8uLwYMH4+3tDVzcGen111/H3d2dX375hYSEBAoLC2nTpg2enp48++yz+Pj4mKvzeXh4sHLlStasWcO2bdtITk4GLhaneOCBB3jyySdp0aLFNcdeXZaWljRp0gQHBwceeOABrKyu/JaHt7c3Tz/9NGvXrmXTpk0UFhbi5+fHc889R3BwcIXql5fU5D6K1NTBgwfNCaxXsn79eh566KHLVl2UG+OPVVjrQ/VVgJYtW3L69GkOHDgAQIsWLa65uEVZWRl5eXnmuVq2bFlrcVZHbm4uq1evxsbGhuDgYKytrYGLP5McHBx45plnePPNN6u9Q+eVJCcnk5SUxNtvv8348eOv+vOiPrKyssLGxoajR49y5swZc8XaPyouLqaoqAhbW9sbXlG3Xbt29OvXj59++onU1FRztegBAwZU+fNURERERORy6uS387KyMmJjYzlz5oz52JQpU5gyZcplx6xevZq+ffvekr/wdujQga+//pq3336b5cuXV9ln+fLlpKam8sMPP9C1a9ebHKGI3GrOnz9PREQExcXFDB8+/IZXsxARERERERERuV2FhYURFhZW7f5PPvkkTz75ZIVjFhYW9OnThz59+lQ5pqCgoMrjDRo0YNCgQQwaNKhSm6OjY5Vx1SReo9HI008/zdNPP33FfgaDgXvuuYfnnnuO55577qrzNmzYEF9fX3x9fasVR000bNiQ2bNnM3v27Kv2zcjIYPXq1dVe4N2oUSP69+/Pww8/XKOYqnsfRWpqy5Yt7NmzhxUrVjB48OBK7cXFxbzyyivEx8dz8OBBunTpUgdR/nn9sepqfai+Chd3fSwpKeH48eMcOHDAnHx6vVq1alVpR8kbqbCwkOnTpxMVFcVTTz1Fjx49zG1OTk706NGDrVu3kpOTU+0CR1dSWloKQNu2batMXky/QggAACAASURBVC0rK7vi+JMnT2IymSok05aXl3Pq1Klriqe4uLjGY5o2bYq7uzsrV64kNjaWkSNHVojHZDKxbds2EhISmDhxYpU7j9amBg0aMGDAABYvXsw333zDiRMn8Pf3x8PD44aeV0RERERuPzd26dVlZGdnEx0dXaMxl1ZtVcf//kK+cOFCTCbTZV+7d++mY8eONYqnptzc3PjPf/5DQUEBmzZt4rPPPuPpp5+mbdu25j4pKSk1vi8iUruMRiM//vgjP/74Y5WrV+uLBg0aMGPGDA4fPky/fv3qOhwREREREREREZGbqqysjOXLl5Oenk5ISIgWeMstp7i4mC1bttC7d+/LJnw1adIEX19fUlJS2L59+02OUOBi5dX6Un0VLlbhbN26Nc7OzjRr1uy6qmxaWFjQrFkznJ2dad269Q2vSnrhwgWOHTvGggULGDRoEP/617/o2bMnr7zySoXv4ba2tjz00EPs2rWLJ598kqioKE6fPm1uLy4uZufOnbz99tskJiZW69z29vbY2NiwbNkyMjIyKC8vx2QykZubyxdffMH48eOrHNehQwccHBxYvnw5SUlJlJeXU1payr59+3jllVd46623anQPHB0dsbGxYfXq1WRmZmIymao91mAw8NBDD+Hu7s6sWbP4/vvvzcWiSkpKiIiIYNq0abi6ujJ48OBrrsxbEx4eHvj7+/Ptt98SFRVFcHAwtra2N/y8IiIiInJ7qZMKrElJSWzdurVGY+Lj44mJieH555+/at97772Xnj17Eh8fD8DMmTOxsLBg8ODBGI1GDAYDFy5c4OjRo6xcuZJt27bx2WefXdPKwv/9Yy4xMZHu3btXqBQ7bdo0SkpKeOCBB+jcuTO+vr706dOHl156iaioKAYMGGDue+7cuRrHICIiIiIiIiIiIiLyZ5KdnU1MTAx+fn54eXnVdTgiNXbw4EHi4+N56KGHaN269WX79erVi06dOhEbG8vDDz98w6sqSkX1pfLqJY0bN+b333+nefPmNG/evNbnrk0zZsxgxowZl21/9NFHeeedd7jnnnsqtQ0ePJj8/HzCw8N59NFHLzvHkCFDqhVLjx49eOSRR1i0aBFRUVEV2po3b86AAQPIyMioNM7NzY3BgwezYMGCSv8X7rvvPp544gkWL15crRgAOnbsSGBgICtWrKhQdfaZZ55h+vTpNGzY8IrjnZ2dmThxIpMnT2bcuHGMGzeu0rW8++67dO7cudoxXQ9bW1vCwsJYvXo1ffr0ITAw8KacV0RERERuLze9AuvZs2cr/GHQqlUr4uPjq6yMumLFigpjt2zZUq0tFZycnHj11VfNf8SnpaXx3HPP0aJFCywsLDAYDDRo0ID27dszfvz4a97eAaB9+/YVPh4/fjwNGzbEYDAwZswYzp49S3l5OdOnT8fX1xej0WiOwcLCokLyatu2bQkKCrrmWEREREREREREREREbncmk4k1a9aQlJTE0KFDsbe3r+uQRGpsy5YtpKSk0K9fvytWSnRycqJnz56sX7+e9PT0mxih1EdWVlbceeedWFtbV9g+/loZDAasra258847b3gF1ubNmxMQEMCkSZOIi4vjn//8Z5XJq3DxOl944QXWr1/PG2+8QdeuXc1t3bt354033iA6OhpPT89qnbtx48a89957TJ8+HRcXFwC6du3K22+/TWxsLE899VSV4xo2bMi7775bYZynpycfffQRq1atom/fvjW5Bdja2vLBBx/w0ksv0aZNGwBcXFxo1apVtarpGgwGBg0axKpVqxg7dqw5JhcXF8aOHUtkZCTDhg2rlf8b1WVjY4ONjQ0hISHcddddN+28IiIiInL7MCxdutTk6upa4WC3bt1qtGXBH9lNWQJAfvgjVbb/9ttvhIWFkZKSAsCIESNYuHAhd955Z6W+hw4d4vHHHzdXa23VqhWrVq3C09OTtLQ0HnnkEfbs2QPA+++/z5QpU8xjS0tLWbx4MRMmTKCgoOCKMYeEhLB48WLs7Ow4e/Ysf/nLX5g/f36ltqocPXqUkSNHsmHDhkpto0ePZs6cOXz00UdMnTr1ijEYjUY+/fRTHn300eva7kP+nP736+7SH6Y1/Tqu7rhL/a72tSUiUh2//PILDz/8cF2HISIiIlKvLF26VItcRUSu0+Uq0+nZlojcSOvXrycsLKyuw5B6KCIigv79+9d1GCK1pqSkhDfffJPExES+/vpr3Nzc6jokERERkdvK1XZduN78sN9//x2A3bt3X0N0169bt25AHVRgvbSi9JLevXtXmbwKFxNWe/bsaf74+PHjxMbGVuumW1lZ8fTTT5OSksL8+fMZPHgwbdu2Nbd37NiRRx99lHnz5rFgwQKMRuM1Xc8999zDN998w+TJk7nvvvsqzH/PPfdgaWnJa6+9xurVq3nmmWcq9DEajYSEhPDhhx+ya9cuHn/8cSWvioiIiIiIiIiIiIiIiIhIvbZjxw5WrlxJv379aNeuXV2HIyIiIiK3qBu7F0QVRo8ezejRo6vV19ramtmzZzN79uxKbR07dqxW9q+9vT2jRo1i1KhR1T&quot;
08-31-2019 12:59:36 Wire.java DEBUG [Forwarding screenshot on session 8224b39f135dddefa755fa7332753c0d to remote] http.wire 87 - http-outgoing-4 &lt;&lt; &quot;pno0aNmDdvHvPmzatWf4A2bdoQHh5OeHh4le3W1tY8+OCDPPjgg9WeU0REREREREREREREREREpL45f/4869atA2DAgAE0aNCgjiMSERERkVuVyn2KiIiIiIiIiIiIiIiIiIhItfz222/89NNPhIaGcv/999d1OCIiIiJyC7vpFVhFRERERERERERERERERETk1nT//feTkpJS12GIiIiIyG1ACawiIiJS55YuXVrXIYiIiIiIiIiIiIiIiIiIiIjITWRR1wGIiIiIiIiIiIiIiIiIiIiIiIiIiMifiyqwioiISJ17+OGH6zoEERERkXpFFepFREREbk1OTk5ERETUdRhSDzk5OdV1CCIiIiIiIvWOElhFREREREREREREREREaoGLiwsuLi51HYZIrTp29Fhdh3BVd99zd12HICIiIiIi18CirgMQEREREREREREREREREREREREREZE/F1VgFREREREREREREREREakFGRkZHDx4sK7DEKk2JyenalcNfn3cX29wNDU369O/1XUIIiIiIiJyHZTAKiIiIiIiIiIiIiIiIlILDh48SFhYWF2HIVJtERER1U5gFRERERERqW0WdR2AiIiIiIiIiIiIiIiIiIiIiIiIiIj8udywCqx2U5bcqKlFREREREREREREREREREREREREROQWpgqsIiIiIiIiIiIiIiIiIiIiIiIiIiJyU9V6Bdb88Edqe0oREREREREREREREREREREREREREbmNqAKriIiIiIiIiIiIiIiIiIiIiIiIiIjcVEpgFRERERERERERERERERERERERERGRm0oJrCIiIiIiIiIiIiLypxUREYHRaOSdd97hwoULV+3/3XffYTQa+frrrwHIyMigb9++9O3bl4yMjBsdrojIdTly5AijRo3Czs4Og8HA448/TmFh4Q0/b1paGt26dSM8PPyGn0vql4GhIfzftMl8t/QrVq5bxroNq1i3YRU/R69g6YrveW/6VNw6d6zrMEVEREREpI5Y1faEdlOW1PaUIlJN+eGP1HUIt6WIiAhGjx7N/PnzCQsLq+twRERERERERESkFnl5eeHp6UlCQgLHjx+nbdu2l+1bVFREXFwcrq6u9OrV6yZGKSK3o/z8fJ544gkiIyMrHO/YsSP33Xcf/fv3Z9CgQdjb29fK+XJycnjppZdYs2aN+VhBQQHl5eW1Mn99dule5+TksGTJEjp2VMLkzTJ0xBAc27apdNzCwoJmzZrS07sHnd3d+Hrht6xZubYOIhQRERERkbqkCqwiUivOnTvHhAkTMBqNV33NnDmzrsOt0syZM+t1fCIiIiIiIiIiUvvuuusuunfvTlJSEsnJyVfsm5GRwcaNG+nduzdOTk4AuLi4sGnTJjZt2oSLi8vNCFlEbnNpaWn88MMPvPDCC3Tq1IlvvvmG0tLS6543OjqaNWvWMG/ePEpKSjCZTKxbtw47O7taiPrahIeH061bN9LS0uoshvouJCQEg8FQrVdISEhdh3tNmjZtStijw1WJVURERETkT6jWK7BeokqQIjePKh+LiIiIiIiIiIhcmwYNGhASEsL8+fPZsGEDQUFBNGzYsFI/k8nE1q1bOXHiBP369auyj4jItQgJCWHx4sXmRNKzZ8+SmZnJd999x4IFCxg3bhz5+fm89tprWFpaXtM5TCYT+/fvx9/fn0GDBtGoUaPavIR6z87OjnXr1tV1GNfk9ddfJyoqqtp96xuTyUTuiVy2bNrKxphNpKfup0dPTx598hE6d3HDYDAAYNfCiGf3+0jdp2RmEREREZE/E1VgFZFa5e7uTkJCAgUFBZd9TZw4sa7DrNLEiRPrdXwiIiIiIiIiInJjdOrUCT8/P7Zu3crBgwer7PP777+zfft2PD096dq1q/l4QUEBI0aMYMSIERQUFFQaV1JSwnfffcfQoUMxGo04OjoSFhbG+vXrK1VUnDt3LkajkbVrK2+hfKlt48aNFY5fuHCBd955h06dOrF79+5ruXwRqWcaNWqEu7s7f/vb34iKiqJz58588skn7Nq165rnPHfuHDk5OTRo0IAGDRrUYrRyowUHBxMcHFxr/W620c++zFOPPs8Xny8iPXU/ADvik/h51VrOnT1n7mcwGK45QVtERERERG5dSmAVERERERERERERkT+1Fi1a4OXlRXp6OomJiVX2SUtLY+PGjXh5edGqVatqzZuZmcnIkSN59dVXiY2NBaCoqIjo6GgefvhhPvvsswpJrPfffz82NjYkJydjMpnMx4uKikhOTgZg8+bNlJWVmdvOnDlDeno67u7utGnTpsbXLiL1m6enJ5MmTaKgoIDvv/+eCxcuVGgvLi5m7ty5+Pv7YzAYsLOz47nnnmPPnj3m7yP5+fkMHTqU+fPnExkZSYsWLcxbzsfFxQGwfPlyhgwZgpOTk7nN29ubv/3tb5w8ebLCOfPz8xkwYABjxozh7NmzlWIODw+nW7dupKVdvpLmpTmmTp3Knj17cHNzM593wIAB5OfnX3ZsWVkZU6dOpVmzZub4/1d0dDTNmjVj0aJFwMWqtmPGjKly7vLycjZs2MDDDz+MnZ0dBoOB/v37s2zZMs6fP2/ul5aWRrdu3ZgwYUKFz8P58+d57bXXCAoK4vjx4xXmnjNnDnfffTdJSUmXvZ7qqE5l1fpYffVKrCyt4P9VXwUoLS3l1Knf6zAiERERERGpC0pgFZE69ccKFceOHWPFihWEhYXh6OiIs7Mz48aNY9++fQBkZ2fz0Ucf4e/vj9FoxMvLi48//pjCwsJK82ZlZTFz5kxGjBiBs7MzRqMRZ2dnHnvsMZYtW8a5c+cqjYmIiMBoNBIREXHDr1tEREREREREROoPS0tLAgICsLGxIS4ujqKiogrtZWVlxMTEABcr3FlbW191zlOnTvHBBx+wY8cO3nzzTVJTU8nPzyc3N5fo6Gj69evHrFmzKiRftW3blm7dupGSksKZM2fMxw8dOmROrN25cyd5eXnmtpycHA4ePEjXrl2xtbW9rvsgIvWTj48PPj4+7Nq1q8LX/4kTJ3j22WcZO3asOUm+oKCAr776iiFDhrBp06Zqn2Pv3r2sXLmSQ4cOmY9t376dSZMmMXr06EpJrHXJ0tKS0NBQbGxsiIyMrJDUDxcTSleuXEnnzp0JCAi44lylpaXMmjWLIUOGEBERYa6kHR0dzYgRI/j444/NCw3uvvtuunbtSkpKCqdPnzbPcezYMeLj44mPjze/nwEXq95mZGTg4eFB27Ztr+uar1Zdtb5WX72cRo0b4R/Yl4YN//9qwHkn80nace1VhkVERERE5NakBFYRqRd27dpFSEgIzz77LNHR0RQVFVFYWMjixYt57bXXeOedd/Dz82P69OnmahMZGRm8//77/O1vf6uUkJqUlMSMGTOIiYkxJ7gWFhYSGRnJiy++yJQpUygpKbnp1ykiIiIiIiIiIvVTx44d8ff3Z+PGjWRkZFRoy8vLIyEhAU9PT9zc3Ko137Zt21ixYgWvvvoqb7zxBvb29hgMBqysrLjvvvt4//33ufvuu4mKijJX8mvevDkdO3YkKyuL3Nxc81w7duzAzs6O8PBwkpKSSE1NNbcdPnyYzMxM3NzctPWyyG2qSZMmtG3blsLCQnNye2lpKZ988gnr1q1j5syZFBQUYDKZ+O9//0tCQgIdO3bkH//4B4WFhdjZ2bF8+XJGjx5NSEgIeXl5mEwmTCYTPj4+AEyZMsV8zGQyUV5eTnZ2NuPHj2f58uVs27atVq/Jzs6OdevW8f777+Ph4UFqaqr53OvWrcPOzu6K47t06UJISAjR0dFkZ2dXaLuUUBoQEICjo+MV54mJiSE8PJzQ0FDS09MpKyszX/sbb7zBP/7xD3bu3AlA06ZN6dSpE5mZmRw7dsw8x6+//srhw4e5++67iY2NNSfUXqqQfd9999G8efNruU0VXKnC6q1UfbV3H29mfjyDbvd7YPh/FViLiopZ/uMKjmYfrePoRERERETkZlMCq4jUqr179+Ll5YXRaLzsa+bMmZXGFRYWYm9vz1dffUV2djYFBQWkpKTw+OOPk5SUxNy5c/Hy8mLNmjXk5uaSl5dHVF&quot;
08-31-2019 12:59:36 Wire.java DEBUG [Forwarding screenshot on session 8224b39f135dddefa755fa7332753c0d to remote] http.wire 87 - http-outgoing-4 &lt;&lt; &quot;QUnp6exMTEkJmZWWE+a2trJk2aRFxcHDk5ORQUFJCbm8uOHTsYPnw4ixYtMq9IFxERERERERERsbW1xdvbmxMnTrB161bz1tsAKSkpxMbG4uPjg729/VXnKisrIzExEWdnZwYOHIiVlVWlPq1ataJ169ZkZmaaF1o3aNCALl26sHfvXnNCVlFREfHx8Xh6ejJgwAA6d+7M1q1bzQlSqampODs707lz59q4DSJyizhy5AjR0dGMGzeO8ePHmxMkrays6NGjB6NHj2b9+vWkpaVd0/wGg4F77rmHZ599lg4dOnDq1KnaDP+6NWnShEGDBrF161aSkpIqtMXExLBv3z4CAwOvmNh//vx51qxZQ/fu3Zk5cyYdOnTAwsLCfO1jx47F0dGR6Oho85ju3buzf/9+Dh48CMCFCxfYuHEjTz/9NM8++yw7duwwF9U4fvw4hw4dokuXLrWywOByVVZvleqrXr168K8fFjHlvUm4dHDGYDBgMpk4fuw4C+YuYs3KtXUdooiIiIiI1AElsIpIveDt7c23337LkCFDaNy4MQAODg6MGDECgFdeeYWvv/4ab29vrKyssLCwwNPTk5CQEDIzM0lPT68w35AhQ5g4cSKdOnUyb+lmZWWFs7Mzzz77LECFShUiIiIiIiIiIiJ9+/bF2dmZ7du38/vvvwMXk5N++eUXHBwcCAgIMFeLu5L//ve/FBYWkpmZSZ8+fapc5O3i4kJMTAylpaWUl5ebx3br1g0HBwcSExMxmUxkZ2eza9cufH19adOmDZ6eniQkJJCXl0dRURHp6el06dKFNm3a3LD7IiL1z6Uqo9OnT+eOO+7AYDBUeA0fPpwzZ85UqOZ8JSaTiYMHD/Lpp5/y2GOPERQUhJOTEx4eHuzfv59Dhw7d4CuqOU9PT3r37s2qVasoLi4GLlY9jY2NpX///tx///1XHF9UVERaWhobNmygdevWle5h+/btiY+P5+TJk+ZK2a6urvTu3ZudO3deTL48ftxc7bVfv36kpKSYk4ZTUlIAuPfee2vtmquqtHqrVF9t2syGpk2bmn+Onjr1O18t+BdjX3yNyJ9/qePoRERERESkrlRe9i0ich3c3d358ssvcXFxqdG4Ro0a0bBhwyqPA9xxxx2VKlUYDAbatm0LXNwu6X+dO3eOxMREEhIS2LVrF6dPn2bv3r3m1c9VjRERERERERERkT+vdu3a0bNnT1auXElaWho9e/bk+PHjJCQk0LNnzxo/87oWbdq0wd3dnczMTIqLi0lMTMTW1hZ3d3esra3x9fXl22+/JTU1lfbt23PgwAF8fHxo0qTJDY9NROpGcXExhw4domXLlhiNRgBzBdCrOXPmzFX7lJaWMmfOHMLDw6vVv75o3bo1gYGB/PDDD2RmZtK1a1dSUlJYv3494eHh5qq0l5OXl0dOTs5Vz1NSUmKuem1vb8+9997Lb7/9xunTp0lPT8fa2pouXbrQqFEj7r//fjZs2IC3tzcpKSm4urrW6gKDS9VWo6KiKnx8Kzr9+2mW/vvHug5DRERERETqmCqwisgtobCwkP/+97/V7p+YmMiDDz7I4MGD+eCDD1izZg2bN282J6+KiIiIiIiIiIj8r8aNG+Pn50dRURExMTGUlZWRnJxMUlIS/v7+NGvWrFrzWFhY0KhRIzp37kx8fDwFBQWXff3444/mhDSApk2b4urqSlpaGgcOHGD79u14enri4OAAXFxA3rlzZ7Zu3cqxY8fYt28f3bt3r5XtqUWkftq5cydxcXF4e3ubv19cSoqcPXs2JpPpsq8nnnjiqvPHxsYSHh6Om5sbERERHDlyhFOnTlFeXk5qaioeHh5VjispKanTQhGWlpaEhoZSVFTE+vXrKS8vJyoqCkdHRwICAq463mg00rJlS0aMGMGpU6cuew/nzZtnLrbRqFEjOnbsyP79+zl69Kg5WdXBwQFbW1t8fX2Ji4vj0KFDZGVl0bVr12r/7KiuP1ZcvVWqr4qIiIiIiFyOElhF5LaTmZnJpEmT2L9/Py+++CJr164lPT2drKws8vLyWLt2bV2HKCIiIiIiIiIi9ZSXlxeenp4kJCRw5MgRNmzYgKurK7169ar2HNbW1vTq1Yt9+/axbds2TCZTjcZ269aN3bt3s3nzZpKTk/H19cXa2hoABwcHc3ybNm3CycmJDh061Pg6ReTWkJSUxNSpU2ndujUjRowwJ6s7ODjg4eFRK4UbkpOTOXPmDNOmTWPEiBG0bt2aO++807zV+/9q3LgxTk5OHD9+nHPnzlVoM5lM5mql1VVeXl6j75N/1KVLF0JCQvjll1/Yu3cvsbGxBAQE4OjoeNWxNjY2ODs7ExcXR1paWrXP6eXlRVZWFtu2bWPbtm306tULS0tLDAYDvr6+pKSksGnTJjIzM81ttelS1dVbrfpqdNQGhj74MAP6DWJAv0GMemZsXYckIiIiIiL1gBJYReS2c6kqxquvvsq0adPo2bMnLVq0wNbWFgsLfdsTEREREREREZHLu+uuu+jevTuxsbGsWLGCrVu30r1792olQ/2Rt7c3oaGhTJ48mXfffZcDBw6YKxWWlpZy7NgxlixZwrRp0yolgHXu3BlnZ2c+/fRTGjdujLu7u7nN2toaX19fkpKSWLhwIe3bt8fe3v76L1xE6o2zZ8+SkZHB+++/T3BwMPv27WPy5Mnce++95j5OTk7079+f5cuX8/LLL/Prr7+av8ecPXuW5ORk3nnnHbZv337V8136HrJx40ZOnz4NwIULF0hOTubDDz8kKyurQn9ra2uMRiPx8fH89NNPnD17lvLycrKysnjzzTeZPXt2ta/VxsaGX3/9leXLl3P+/Plqj7ukSZMmDBo0iLi4OGbOnEl8fDyBgYHVShpt1KgRAwcOpKioiFGjRrFq1SqKi4uBi9+ns7P/P/buPS7n+//j+ONSOik6OJMypzlTlDNzKOQwNjabma9tDl/juy+zg8OYQ9swtn1nDnMa25wZi1UTs4QIQ/hGkcMcokQppbp+f/h1fXetomJinvfbrdtNn8/78Hq/P58uuryu1+c8CxYs4PPPPzfrV7VqVTw9PVm4cCG3b982q1Bbo0YNPDw8mDx5MteuXcPd3b3Aa8qP0aNHP3bVV/89ZiSB2380fQX8vIEB/7h3hWAREREREfl7UyaXiPztZL9J5+bmhqWlZY7zBf30t4iIiIiIiIiIPDmsra1p06YNAB9++CEnTpzA19cXOzu7Ao1TunRpJk6cSNOmTfnyyy/x9PSkbNmyODs7U7ZsWerVq8ewYcOIj4/P0dfV1ZW6dety+fJlPD09KVeunNn5evXqUadOHa5cuUK9evVwcHAo/IJFpMgFBQVRunRpDAYDBoMBOzs7atSowcSJEylTpgzz58+nb9++ZhVRra2tGTNmDH369GHFihU0aNCA4sWLm/o3bNgQf3//fL0f3rJlS1q2bIm/v7+p8qq1tTUNGzYkKioKe3t7s/YWFhb4+fnh7OzM4MGDsbOzw8LCgmrVqvHjjz9SvXr1fK+9devWuLm5MXbsWGxsbDAYDHTu3DnX18a8NG7cmDp16vDtt9/SsWNHPDw88t3Xz8+PCRMmcOrUKXr06IG9vT0Gg4HixYvj6urKkCFDTEm92ZydnalTpw579uzBy8uLChUqmM45OjrSqlUrTp06Rd26dXFzc8t3LAXxuFVfFRERERERyUuRJLDGx8fTuXNn0y/iBoOB9u3b8/vvv+fa/ujRo9SpU8es/dChQ0lNTX3IkYvI46Bs2bLY29uzbt06oqOjTY8fiouLY8GCBbz11ltFHaKIiIiIiIiIiDzCPDw8aNu2LQCenp40aNCgUONUq1aN5cuXs3DhQnr27ImTkxNwJ0H12WefZcGCBbz//vvY2NiY9StRogTVqlUDoFWrVlhZWZmdL1euHJ6engA0adIkz8d8i8jjqVatWjz77LPMnz+fsLAw+vXrl2uxhnLlyvHNN9+wevVqunXrhrOzM3AnoXPkyJHs3LkTb2/ve87n7u7OihUreOONN3B2dsbZ2Zk+ffqwbds2Fi5cmGuV5xYtWvDNN9/QrVs3U8wfffQRoaGh9OrVK99r9fT0ZP&quot;
08-31-2019 12:59:36 Wire.java DEBUG [Forwarding screenshot on session 8224b39f135dddefa755fa7332753c0d to remote] http.wire 87 - http-outgoing-4 &lt;&lt; &quot;HixXTo0AG4U5iiWrVqFC9ePN9jVKlSxZTM6efnZ3qtzQ9LS0tGjx7NL7/8wuuvv06tWrVMcfTt25cVK1bwr3/9y6yPjY2N6e+Fdu3amb1GGwwGWrVqRYUKFWjYsCElS5bMdywiIiIiIiJPopy/7RaR7du3ExgYyGuvvWZ2PDMzk1WrVnH8+PEikduzfQAAIABJREFUikxECiIyMhIvL6+7tnn//fcZM2bMXxZD06ZNeeGFF1i0aBHBwcFm55ycnOjcuTPR0dF/2fwiIiIiIiIiIvJ4K1euHBs2bMhXW2dnZ9auXZvneTs7O3r37k3v3r3zPb+FhQUTJkxgwoQJuZ63srJi2rRpTJs2Ld9jisijx8XFhcDAwPsaw9bWlj59+tCnT597tps3b16e511dXVmwYAELFizIce63337LccxgMNC2bVtTsv8f5fb6VatWrTzHad++Pe3bt79r/HdjYWHB5MmTmTx5cp5t7rb+YsWK4eHhwddff53vOYcMGcKQIUNyPefl5cWFCxfyPdaTYvaML5g944uiDkNERERERB4xRVKBNS+bN2/m2rVrZsfOnj2bIwFNRORu7Ozs+PDDD/H39zc9qqhBgwaMHTuWHTt2MGDAgCKOUERERERERERERERERERERERE5Mn2yFRgBdiwYQP9+/c3fRLdaDSyadMmwsPDizgyEbkXGxsbZs2axaxZswrU714VKry9vUlISMjzfF6fLLezs2Po0KEMHTo0x7nKlSvnOmZeY+Xn0+siIiIiIiIiIiIiIiIiIiIiIiKSf49UBVaAH3/8kZs3bwJw6dIlAgICCtT/5s2brFy5khdeeAF3d3cMBgMuLi50796d77//3jT2n8XHx7NgwQJ69uxp6mcwGGjevDljx47ll19+ITU19b76nDp1iv/85z/069cPDw8PU/uSJUvSpk0bJkyYwPHjxzEajXmu7fvvv6djx46mdfXt25f169czYMAA03idO3cmPj7+ge3N2bNnmT59Op07d8bFxcUUc8eOHZkyZQr79u0jIyMjv5dIRERERERERERERERERERERERERJ5wj0QF1goVKlCyZEmioqJYt24d/fv3p0OHDmzbto2tW7cC4Ofnx+bNm+86zoEDBxg5ciRhYWFmxxMSEggICCAgIAA/Pz/mzJmDm5ub6fyvv/7K4MGDiYqKyjHmnj172LNnDx999BE7d+6kZcuWhe6ze/duRo4cmaN9UlISoaGhhIaG8vnnnzNv3jz69euHwWAwtbl8+TJDhgxh48aNZutas2YNa9asueu+FHZvjEYjq1atYvjw4TmqVSYlJRESEkJISAjr1q1j1apV1KpV655xiIiIiIiIiIiIiIiIiIiIiIiIiIg8EhVYGzRowFtvvQXcSYzctGkTFy9eZN26dcCdR4jf6/Hdx48f55///GeOBM0/27x5MzNnzjRVRo2NjWXs2LG5JqLmpTB98ispKYnp06dz4sQJ07HU1FSmTp1qlrxaEIXdm/379/Pee+/d9fHtIiIiIiIiIiIiIiIiIiIiIiIiIiIF9UgksAK0atWKjh07ArBx40bmz59vqr7q4+ND1apV8+ybmZnJihUrCA8PB8DNzY3ly5eTkpJCVlYWp0+fpmfPnqb2QUFBnDx5EoDDhw+bJXbOmzeP27dvYzQayczMJC4ujoCAALME2sL0AbCwsGD48OGEhoaSkpKC0WgkKyuLq1evMnHiRFO7Q4cOcfbsWdP3Bw4c4JtvvjF97+zszKJFi0hOTsZoNHLmzBk6dOjwwPcmNDSUM2fOmM5t2bKFzMxMjEYjt2/f5ty5c3z33XfUrl07z2sjIiIiIiIiIiIiIiIiIiIiIiIiIvJnlkUdQLby5cvTpUsXtm7dypkzZ/jwww+BOwmXPXr0IC0tLc++ly9fJjQ01PR9z5496dOnD9bW1gC4u7szfPhwUwXTkydPEhsbS4MGDXB0dDQba+zYsYSFhdG2bVuefvppnn76abp27Yqfn5+pTWH6ALz44os8//zzHD58mIULF7Jr1y6uXr3KyZMnzRJFAeLi4kx/3rt3L0lJSabvhw4dyoABA7C0vHP5SpQoYfrzg9wbFxcXs7GGDRtG165dadWqFTVq1KBmzZq89NJLvPTSS7nOLSIiIiIiIiIiIiIi8iRxd3dnzZo1RR2GSL65u7vnu+2n//n4L4xERERERESeRI9MAqvBYMDX15eFCxdy/Phx0/GePXtSv359IiIi8uyblJTEtWvXTN9/8cUXfPHFF3edLzshtHbt2vTq1YsNGzYAkJCQwPLly1m+fLmpbevWrZk0aRLPPPMMBoOhUH0A9uzZw8iRI9m3b19+twWA5ORks++9vb3zTFjNbZ2F3ZvmzZvj7e1tqt565swZ5s6dy9y5c01te/XqxQcffECjRo3yFY+IiIiIiIiIiIiIiMjfVfXq1alevXpRhyEiIiIiIiLyWHhkEljhzi/1nTp1MiWwOjg40KNHD1O10L9CmTJl+OqrryhdujQrV640q3SaLTQ0lGeffZa1a9fi4+NTqD6xsbG8/fbbpuRVHx8f/v3vf9O4cWNKlizJ+vXr6d+/f75itrW1vb9F51ONGjVYunQpY8eONSXr/tmGDRv473//y8qVK2nQoMFDiUtERERERERERERERORRFB0dTWxsbFGHIfLEOXb8WJHN7e7ursR1EREREZFCeqQSWK2trXn55ZdZs2YNFy9epGPHjnh4eNyzn42NDSVKlDB9P3DgQL788kuzY3dTvnx5FixYwOzZszl27BiHDx/mwIEDhISEEBUVBdypShoYGEi7du2wsrIqcJ/w8HDCwsJMc7799tt06tQpX/H9udrqqVOn8tUP7n9vnn76adavX8+1a9eIjIzkyJEj7N27l19++YUzZ84AcPz4cUJCQpTAKiIiIiIiIiIiIiIiT7TY2Fj69OlT1GGIyEO0Zs0aJbCKiIiIiBRSsaIO4M+8vLy4cOECRqOR9evX4+TkdM8+5cuXp0mTJqbv161bx6RJk4iJiSEjIwOArKwsrly5wqZNm+jevbspmXTFihUMGzaM4OBgUlJS8PT05LXXXmPOnDmsWLGC2rVrm8ZNS0sjKyurUH2y48i2b98+UlNTMRqN/P7770REROS5vj+uDWDJkiXs2bPHNG5UVBSXLl164Hszbdo0xo0bZ/q+VatW/POf/2TJkiXMnz/fbJ5bt27lGb+IiIiIiIiIiIiIiIiIiIiIiIiIyB89UhVYC8va2pqhQ4cSHh5OeHg4SUlJzJw5k5kzZ+bZ57333gPuJG/OmzePefPm3XUOBwcHfHx8sLGxKVSf8uXL4+DgQFJSEgDjxo1j3Lhx+VpfvXr16NixI1u3bgUgPDyc5s2b56vv/e6Nv78//v7+d53Dzc0t39VkRUREREREREREREREREREREREREQeuQqshVW7dm2++uorWrZs+cDHdnBwYPz48XTu3LnQfZo1a8Yrr7ySZ/sKFSrc9dyECROoVatW/oP+g79yb5ydnfH398fDw+OBjy0iIiIiIiIiIiIiIiIiIiIiIiIif09/iwqs2Tw8PPj5558JDQ1lxYoVHDp0iIMHDwJ3Ei2bNm1Ky5Yt6dy5M40bNwagd+/ebN++nQ0bNrB371727NkD3ElAbdSoEW3btuWll17i6aefxmAwFLpPiRIlmD59OvXq1eObb74hPDwcgPr16zN27FjS0tIYOHBgnmtr06YNgYGB/Oc//2Hz5s1ERUVRq1Yt/Pz8eOGFFxg3bpypQqurqyu2trb3vTf/+te/8PDwYO3atbm2b9++PS+++CJVqlS5zysnIiJPutWrVxd1CCIiIiIiIiIiIiIiIiIiIiLyEBVJAquLiwuBgYEF6tOyZUuMRuM929na2uLj44OPj0++xrW1taVdu3a0a9cu37EUpg/cSWIdNmwYw4YNy/X8q6++mmff7777js2bNzN48GA++OADSpUqhdFoJCEhgSVLlpgSYgHc3NxyJLBmx12QvSlZsiR+fn74+fnlq72IiIiIiIiIiIiIiIiIiIiIiIiISH78rSqw/t2tWLGCFStW3LVN7dq16dGjh6nyq4iIyOOgb9++RR&quot;
08-31-2019 12:59:36 Wire.java DEBUG [Forwarding screenshot on session 8224b39f135dddefa755fa7332753c0d to remote] http.wire 87 - http-outgoing-4 &lt;&lt; &quot;2CiIiIyCNFFepFRERERESeLNevX+fs2bMAVKlShVKlShWq/40bN4A7xYoKM46IiIiIyMNUrKgDkAfHzc2NqVOnUr9+/aIORUREREREREREREQeceHh4Tg7OzNjxoyiDuWxEB0dTZs2bRg1ahS3bt0q6nBE8m3KlCk0atSIqKioog7liadrkZP25H/Onj1rKmiUnchamP6ffPIJn3zySaHHERERERF5mFSB9THh4eHBxIkTiYiIIDo62vRLnLOzMy1atKBDhw707t2bKlWqFHGkIiIiIiIiIiIiIo+ntLQ0du7cyXfffcf+/fs5d+4cAE2aNMHT0xM/Pz+aNGmCjY1NEUf6aDh//jwrV64kODiYiIgIAFxdXalXrx4dOnTA19eXihUr6olhIvdw9uxZli1bxvr16zl48CAAtWrVonHjxrRr146uXbtSuXLlJ+Zn6ebNm2zcuJHly5cTFhZGUlISzs7ONG3alJYtW9K5c2caN26MpeWT89+cukeeDDdu3CAyMpL0zOu07FiFklduEH8BLCxKUdHdnVKlSmGZlUUxo9GsX3bl1QOHwzhzJYwzcUeIv/i/MUVEREREHmVPzm92j7natWszadKkog5DRERERERERERE5G/p3LlzjBs3joCAgBznIiIiiIiIYP78+TRp0oT58+dTtWrVIojy0ZCRkcGaNWsYP348165dMzt37tw5zp07x08//cTbb7/NpEmTGDlyZBFFKvJoMxqNbNiwgVGjRnHmzBmzc1FRUURFRbFy5Up8fX357rvvcHFxKaJIC2bKlCmsW7eOVatWUatWrQL1PXnyJG+++SbBwcFmxxMSEggKCiIoKIgPPviAnTt30rJlywcZ9iPp73qPPGy+vr457qm8+Pj4EBQU9BdHdHcpGWeJTVrBtaNb2BUAdrYN6TZwIPXLlsUhLQ2rzEyz9tmVV89cCaNyw7M4uMPuH4soeBERERGRAlICq4iIiIiIiIiIiIg80RITE/nggw8ICAjgueee46233qJGjRpYWVmRkZFBXFwcmzdv5ptvvuHWrVtk/ilx5EkTHBzMu+++i5OTE5MnT6ZLly44OTlhMBi4efMmR44cYdmyZQQEBJCWllbU4Yo8sk6cOMHkyZOxsbFh+fLldO/enVKlSgGQmprKpUuX2LlzJ3v37i3iSB+O1NRUPv30U3bv3s27777L8OHDqVSpEsWKFSMjI4P4+HgOHTrEpk2bsLCwKOpwHwrdIw/G6NGj853AOnr06L84mnvLzEolLf0Cybcuk5CazpXkTA4ceprr16/jkJ6OtYUFODjcaZyURNSx/fz3TBhp1lE0qupAyRQXfnNIKtpFiIiIiIjkkxJYRUREREREREREROSJFh0dTUhICF26dMHf358yZcqYzllaWlKxYkXeeOMNXn75ZVatWvVEP6I5LS2N7du3k5yczKeffkqfPn3MzpcoUYJmzZrh7e3NkCFD+O2334ooUpFHX0REBIcOHWLevHn079/f7JytrS1Vq1alatWqvPLKK0UU4cN19uxZ9uzZw7PPPsu4ceNwyE7Q485rcbly5fDx8cHHx6cIo3y4dI88GNn3zb2SWB+V+8saB1yoiWsFO+geT0xMMruDvyfoshWWWVlYODtDzZp3Gp84gWX6KWwqn8W9ugMOLjWJTwE4UZRLEBERERHJt2JFHYCIiIiIiIiIiIiISFE6d+4cycnJlCtXzixh6s/s7Oz4xz/+QbVq1UzHMjMz+fXXXxkzZgw+Pj44Ozvj7OyMl5cX//rXv9i/fz9Go9HU/syZM3Tq1IlevXpx+fLlXOe5fPkyvXr1olOnTjkeGZ2SksK3335Lr169cHZ2pkqVKvTp04etW7eSkZGR63hXr17ls88+o127dqbYxo8fz/HjxwuyTcCdin/nzp0DoEqVKnm2MxgMNGzYkFdffTXHOaPRSGRkJO+99x4NGzY0xTR16lQuXbqUo/2VK1eYO3cuL7/8sql9lSpV6NWrF19//TU3btzI0Sc6Opo2bdowatQoUlJSCA0N5ZVXXqFKlSpUqVKFiIgIU9usrCxCQ0NN19bZ2Zl27drx/vvvEx4enuu+pqWlERISYhqzWrVqvPXWW/z++++57kdB1wx3Hpn+9ddf0717d9N95ePjg7+/P8ePHycrKyvP/ZfHi62tbYH7ZGVlsX37dvr27YuLiwsGg4GOHTuybt26fFc+NhqNHDp0iNdffx13d3cMBgPNmjVj7ty53Lx5M1/tPTw8mDp1KrGxsVy9epXOnTvzwQcfcOjQIZ5++mkMBgMGg4HOnTsTHx+fr7isra0LVGE1OTkZf39/2rRpQ8mSJTEYDLi4uNC9e/cc+xESEkLJkiWZOnWq2WtztosXL9KpUyf+8Y9/mO3BzZs3mTt3Lu3atTONP2jQIA4dOpTrONntmzVrhsFg4Omnn2bq1KmcPn063+v6o8LcIwWJedeuXfTr18/smnl4eDB69GhiY2NzjD1lyhQaNWpEVFQUBw4coG/fvpQsWZImTZoQHR0N3Pt++XMM2fd0r169KFmyJO7u7owfP56EhIQCrz03+ams+rCqryZnZRGTns6BK1fYc+gQYWFhhIWFceTIEa5fvw5YAS44OLpSs1E13Gs7kp55nitx+0hO2kVy6l7iU48Tn3qc5NS9WFgfo1L121Su6YitfTnA5f/HEBERERF59KkCq4iIiIiIiIiIiIg80VxdXbG3tyciIoKzZ89SM7uqWT7cvn2bH374gaVLl5odj46OJjo6mg0bNjBr1iyee+45DAYDlStXpn379syYMYMDBw7QpUuXHGMeP36cHTt2MGbMGCpXrmw6HhMTwzvvvMP27dtNx5KTkwkJCSEkJISJEycyfPhwLC3/99Z/dHQ0I0aMIDw8PEdshWFra4urqysAoaGheHp6ms13LxkZGSxZsoQpU6aQnJxsFtOsWbPYsWMHc+bMMbsGp06dYty4cWbjJCcns2PHDtPX7NmzzSrnZrt48SITJkxgyZIlZsczMzOBOwnBU6dOZd68eWbnDx8+zOHDhwkLC2Px4sVUr17ddO7s2bMMHz6cLVu2mPVZtmwZUVFRzJ8/3yy5tzBrzu26wZ1qjBERERw4cIAFCxbg7OycY83y+HB3d8fBwYHVq1fTqlUrnnrqqXz1y8jIYPbs2UyZMoWkpP89Jjz7teDjjz9m9OjRd/3ZNBqNrFq1iuHDh5slCIaHhxMeHk5kZCTTp0+nRIkSd21/8OBBDh48yPnz55kwYUJBt8CMi4sLFSpU4Oeff2b79u106dKFYsXuXYsnLS2NX3/9ldDQUNOxhIQEAgICCAgIYPr06YwaNQoLCws8PDzo2LEjO3bs4LXXXqNChQpmY+3evZutW7eybt0609ovX77MiBEjWLNmjdn4S5YsYdu2bXzzzTe0bdvWdO7y5csMGTKEjRs3mo5FRUWZ9qdhw4b53pPC3iMFjfn06dOsXLnSbIzsaxsWFsby5cupUaOG2fmUlBQmTpzIli1bTPdhRkYGmZmZ+bpfZs+ebUrMjYuL4/XXX2fXrl2mtklJSUybNo3r168zffr0QiXx/tG9qrA+zOqrlzMyCE5K4sjRo8QHBJB64k611OvXr3P27FkqVrcjHkiytsfBpQLuNctSrx1Uqw01XeKxdYT4//+8jYsnWFtak+biAvYuWFtbAbl/oEVERERE5FGkCqwiIiIiIiIiIiIi8kSrXr06HTp0IDIykv79+/P5558TERFBYmJirpX1/szFxYW5c+dy7Ngxrl69SkJCAhcuXGDNmjW4u7uzcOFCzp8/D4CFhQW+vr6UK1eOX3/9NUelxLS0NIKCgihXrhy+vr6mKoSJiYlMnTqVffv28c477/Df//6X+Ph44uLiCAkJ4ZlnnuHTTz8lLCzMNFZiYiLTpk3j6NGj/Otf/+Lo0aPEx8dz9epVjh07xrRp0wq8V9bW1jzzzDPY29vj7+/PG2+8QUBAAGfOnCE9Pf2e/YODg5kyZQp169Zl48aNXLp0iYSEBE6dOsXkyZOJioriiy++ICUlxdTHwsKCoUOHsnXrVi5cuEBCQgJXr17lyJEjvPnmm2zZsoW1a9fmOl9QUB&quot;
08-31-2019 12:59:36 Wire.java DEBUG [Forwarding screenshot on session 8224b39f135dddefa755fa7332753c0d to remote] http.wire 87 - http-outgoing-4 &lt;&lt; &quot;C//fYbK1euNPVNSEjA29ubzMxMFi1axLx583jmmWcICQkhLi6OhIQEzp07x5YtW2jevDkGg8FszG3btnHt2jVWrlzJ+fPnSUhIIDIykt69exMeHs62bdvua82ZmZmsWbOGo0eP8tlnnxEbG2ta84kTJ/juu+/MqgDL46tRo0a88sorbN68mWrVqtGuXTvGjx/Phg0bOH78eJ4/U9u2bWPKlCl069aNEydOkJmZSVZWFufPn+ftt9/m888/58CBA3ed+8iRI0yePJkmTZqwd+9ebt++jdFoJCEhgRkzZrB8+XKCgoJM7ffv3897772Hg4MDy5cvJyUlBaPRSGJiIlu2bKFSpUo4OzsTGBjI5MmTadiwIf/9738xGo0YjUYCAwNxcXG5a0wuLi688sorJCQk0K1bN+rUqcPw4cNZtGgR+/bt+//KlLn3CwwMNM1lNBq5ffs24eHhPPPMM/zwww+m12AnJyf8/PzYunUr+/btMxsnLS2NHTt20K5dO5o1awbcScj84osvCAwMZMaMGSQkJJjG37t3L7Vq1eLzzz/n2rVrwJ2f3zlz5rBx40YGDRrE6dOnycrKIjMzk9jYWN5444277sGfFeYeKWjMAC+//LLZ/mXfC5988gnh4eEEBATkmOfkyZOcOnWKFStWkJycjNFo5LfffqNWrVr5ul/+6OLFi9y+fZuAgACSk5PJysrixIkT+Pn5sW7dOo4dO1agfcvL3Sqs/tXVV8OuXCHszBnCDhzgUGQkV5KTuW1pieH/v9ItLUmzsCDLYAALa7ArjYVtRWwtKuLi6I57w3rUbteQRu1q4+ntjme10nhWK4endx1qejbEoUJtrB2q4eLgiotDOawdHMHWFgpQzVhEREREpCioAquIiIiIiIiIiIiIPNEcHR2ZPHkymZmZBAQE8OGHH5rOOTk54eXlRadOnejSpUuOan02NjY5qoNmH2/fvj0RERHMmTOHy5cvmyqXVq9eHW9vb7Zv386rr77K008/bep37tw5wsLC6NChg9nx3bt3s3HjRsaOHctbb71lqqxoaWlJ48aNmTx5Mq+99hrBwcE0b94cKysrU5/hw4fz3nvvYW1tDYDBYKB8+fJ4eHgUar98fHz45JNPGD9+PBs3bjSrMtigQQOaN2+On58fTZs2Nc0JcOPGDVavXo27uzuff/65WcVRR0dHhg4dSmJiIt999x0nTpygUaNGADRp0oQmTZqYxVCsWDEqVarEK6+8wrZt2zh16hRpaWlm8wE899xzzJgxA0dHxxzrOH/+PJs2baJ169Z8+eWXZte2RIkSNGvWzJTEdq8xK1asyKBBg1i/fj1Hjx41xVKYNd+6dYvz58/j7u5OixYtKFmypGnNpUuXpkuXLrlW7pXHT4kSJZg5cyZeXl58+umnporC2ZydnRk6dCijR482VdtNS0tj8+bNNGnShBkzZpglAlaqVIl//vOfhIaGEhISgpeXV67zGo1Gtm7dCsCMGTNo0KCB6ZyTkxOvvfYau3btIiQkhK5du2JtbU1gYCBnzpxh+fLlvPzyy6bE7lKlSj2we9JgMNCvXz+qVq3KjBkz2LBhA1FRUWZtevXqxQcffGB6fciLpaUlXl5evPDCC8yZM4fU1FTTufbt2+Pt7U1ISAi+vr6m143o6Gh+/vlnnn/+ecqVKwfceU0OCQlhxIgROV57mzZtypAhQxg4cCBRUVE0a9aMs2fPEhwcjJ+fH9OmTaN8+fKmtbm5ueHq6srevXvzvSeFuUcKGnNenJyc6N+/Pz/99BPXr1/HaDSaJfTXr1+fxYsXU69ePbN+2QnLBblf6tevz7Jly8z+3qtRowZ9+/Zl8+bN/P7773h6euZ73/KSVxXWh1F99ZOjR+H8edi1i4pOTjTt359Wnp44VKxIZlIS8cBvv/3Gj998g7V1Ji4uNXFxqIl1UhLpmba4uFcE6xSsrC5inZ6GS7wDYIu1iyfJZBIfn4QVVri7VMSiwmXsK1wAYymwsvpL1yUiIiIicr/+sgRWlwmr/qqhRUREREREREREREQeKFdXV5YuXUpUVBQ///yz6RHa586dIygoiKCgIKZNm8a4ceMYMGBAjkdzX7lyhdDQUA4dOkRkZCRJSUlERESYzmc/sh6gZMmSdOzYkU2bNrF9+3azhJ09e/YQGRnJiBEjsLOzM/WNiIigWrVqdOnSJdfHgleoUIHKlSsTExNDSkoKFhYWREREYG9vT7du3XIkdt4PS0tL+vXrR7du3di2bRs7d+7k0KFDREREcPjwYQ4fPsz8+fPx9fVl6tSppmqh586d4+jRo/To0SPXCqKWlpbUqlWLy5cvc/r0abMEtYyMDI4cOcKuXbs4ePAg8fHxnDp1inPnzgHg5eWVa7VcBwcHbGxscl3H6dOn2b9/P2PHjjUlmeVHXmOWLVuWevXqmR6fXdg1Fy9eHEdHRyIjI1myZAlvvPEGVapUydej1OXxY2try6uvvsqAAQO4ceMGp0+f5tixYwQGBrJ582b8/f05efIk8+fPx8nJieTkZKKioti+fTuVK1fOc9wWLVqQnp6OVS7Ja7du3eLEiRMcP378ro+zf/7550lLS8NoNHL+/HkaNmxI06ZNc1QlfpAMBgPNmzdn/fr1pKamcunSJY4dO0ZYWBjr169nw4YNHDhwgLVr15oltmdkZBAeHs7PP/9MREQEN27c4LfffjM92j4+Pt7UtlKlSrRo0YLAwECio6OpW7cuADt37iQxMZFu3bqZql9fuHCB8PBwwsPD8ff3zzPuuLg4s/YTJ040JcHer4LeIwWN+Y/fb9myhR07dnDhwgXOnDljSiCuVasWt27dwtbW1tS+WLFiFC9ePMe42Un4BblfihUrlms7d3d3ANN1fBBGjx6dI4H1r66++meZmZmkpqSQmpqK3R/+fZCzXSopqedJyciAReGvAAAgAElEQVQk06ICmRkQnwEpqemQFI+lhS3ppVxIApJSUrAjncxSSUAqkPe4IiIiIiKPElVgFRERERERERERERHhTgJN7dq1qV27tunYzZs3iYqKYtWqVaxYsYJJkyZRrVo12rZtC9xJmlq2bBnTpk0zexzzvbRu3RpPT092795Nv379cHR05MaNG2zduhVPT0+zyom3b9/m2rVrxMTE0Lp167uO2759e7Kyskx93N3d7/nY7sJycHCgZ8+e9OzZE7izF3FxcYSGhrJgwQKCgoJwcXFh+vTp2NnZkZycTExMDLNnz2b27Nl3HTsjI8P055iYGMaPH2/2OPMH4cqVKwC4ubn9ZQl5hVmzlZUV//jHPzhw4ABz585l7ty52Nvb4+npSYsWLejWrRu1atVSQuvfjMFgoFSpUjRq1IhGjRrx0ksv8fvvvzN8+HDWrFnDG2+8QadOnbh69SqXLl2653gpKSlmifN/PhcbG3vPMZKSksjIyCAjI4PY2FjKly9P6dKlC7y2wrK1taVq1apUrVoVPz8/Jk6cyKxZsxg7dizr16+ncePGWFhYcPnyZUaMGMGaNWvyNa6VlRV+fn4sXLiQnTt3UrduXa5du0ZQUBC+vr6mhFYgX/sE/0uwzG5fo0aNB/66kt97pKAxG41GVq1axfDhw0lISLjvOLPvrwdxv2QnEj9If67C+jCqrwK8W7cuVK0KdeoQm5rKL7duERAcjPWuXXD+PGlAYmIiF2NjqVzTkfj4E1yMPwdpkSSlpnDxYgVS0uACF7HMTIJ0sLW1wAVr0oH0C2lkYkcUFbh4MZ3kiycoVbwGpKf/5WsTEREREbkfDzyBNX7KCw96SBGRx9qaNWsYMmQI8+fPp0+fPn/ZPLdu3WLs2LFERESwePFiqlev/pfN9SBFR0czaNAgmjRpgr+/f54VMf7sYe2riIiIiIiIiDzZSpQogYeHBw0aNKBMmTL4+/uzd+9eUwLrpk2bmDRpEuXLl+ftt9+mQ4cOlC5dGmtra0qUKMGMGTP46KOPcoxbuXJl2rdvz9y5czl06BBt27YlOjqa8PBwBgwYcNfKio8qS0tLKlasyAsvvEDjxo15/fXXOXz4MBcuXCj0e1VXr17lww8/JCgoiOeee46XXnqJevXqUbx4cezt7YmNjW&quot;
08-31-2019 12:59:36 Wire.java DEBUG [Forwarding screenshot on session 8224b39f135dddefa755fa7332753c0d to remote] http.wire 87 - http-outgoing-4 &lt;&lt; &quot;XQoEEPeCVFr3r16mzYsIHdu3ezZcsWDh06ZHp0+EcffcTEiRMZPnx4rtV45e+jUqVK9O7dm40bN5qqZTo7O1OmTBmef/55Fi5cSKlSpQo8rq2tLa6urrRo0YLvv/8eNze3u7ZPSUnB1dWVffv2cfXq1b8sKf5erK2t6dWrFytWrCAhIcFUYXbOnDmsWbOGAQMGMHjwYGrWrIm9vT22trZ899139O/fP8dYHh4edOzYkaCgIPr27cuxY8fYunUrS5cupUSJEqZ2rq6uAMyaNYt///vf94wxu/3Zs2cf0KrvLrd7pKAxHzt2jMmTJ5v+jvPx8cHR0ZFSpUpx7do1Xn755QLFlH1/FfX9cjd/rML6sKqvtixT5s4f3NwomZjI0dhYLmdkYMzIgIwMrADrzEyKGY1kZqaQmnKOxCRIS4siPi6Z2BNxJMYDxAMpANjZgosLWNhZkIw1Vna2nLGM5/LlTFIS4yllXxnuUuFVRERERORRoHc2ROSByE6eXLp06T3bvv/++4wZM+YhRCX5UZBr99NPP+Ht7W36jxddSxERERERERF5UlhaWuZI8kpLS2P37t2UKFGCmTNn0qZNm3yPZ2Fhga+vL8uWLSM4OBhvb29ThVFfX1+zqnPFihXD1taWOnXqsGTJEmrUqHHP8dPS0rCwsCA1NZW0tLR8x/WglC5dmrJly5o9otra2ppy5coxcOBA3nnnnXxVJ4yNjeWXX35hwIAB+Pv7Y2dn98BitLe3B+DMmTMYjca/pAprYdaczcbGhmeeeYZnnnkGgPT0dPbs2cOUKVOYN28ebdu2pVGjRg88Znl4Fi9eTIsWLXj66adzPW80Grl69SoAZcuWBe7ct9WqVWPTpk1ERUWZVWvOL1tbW9zc3Fi4cCH79++/ZwLrH9tHRERQq1ate86RlZWF0WgsUFz79+/n9OnT9O7dO88Kwzdu3ODq1as4OztjZWVFcnIyx48fp127dnz00UdUrFgxX3M5OTnh5+fHv//9bw4fPkxISAienp40a9bMrF25cuVo2LAhoaGhDBw4ECcnp7uO6+joSI0aNThx4gQ3b940S4YtjMLcIwWNOSYmhuPHjzNv3jyGDBlyX/FC4e6Xh+2PVVcfRvXVP6tSogT93N254eQEdepAaioAR44cYcWKFaRxDognLQ3i49OJPZFG5C/xXI4F+N/f6ZYWYGUNdpWtsW/igktlC4hPIjE+lfS0NLB/6EsTERERESkwPV9GRB47CQkJPP/88zz//PMP5HE2IiIiIiIiIiLyZPvpp5/YsWMHWVlZebbJyMjgzJkzAFSoUAG4kziUmZlJmTJlck2aMhqNdx3zqaeeomnTpuzdu5dDhw6xd+9eOnTokCNRycrKimbNmnHs2DF2796dr6Qwa2tr6tatS0xMDPv378+1T16PF7+bxMRE5s2bZ0qYysvVq1eJi4vDxcUFBwcHANzd3WnatCm7du3K1yPQs2NMTk6mUqVKuSav3muP76ZGjRrUq1eP0NDQfMdTUIVZc16srKxo06YNPj4+XL58uUgSk+XB+v333/Hy8mLEiBHs3buX1P9PYsvKyuLChQvMnDmTadOm0atXL1Oysq2tLV26dCE5OZnBgwfz448/cvPmTeDO69T58+dZsGABn3/+eZ7zGgwGOnfujJubG6NGjWLx4sVcu3bNNPeVK1dYuXIlU6ZMITU11az9uHHjWLt2rSnW69ev89NPP5nawp0k2yNHjrBhw4YC3ae3bt2iT58+dO3alU2bNhEfH2967bp+/TqbN2/mzTffxMrKCj8/PywsLLCyssLFxYWoqCj27dtHRkaGWfv58+fnOV/79u2pU6cOM2fOZNOmTbRu3Zpy5cqZtXF3d6djx45s2LCB4cOHc+TIEdMcqampHD58mHHjxrFnzx5Tew8PD9atW8f3339PamoqRqORS5cuMWPGDD777LN87wcU7h4paMzZr9N79uzh4sWLwJ17KSYmhhkzZrBv374CxVzQ+6WojB49+qFVX/2zUsWLU9/RkZZubrT08KBly5a0bNmS+vXrU6pUKTIz00lJiSc+Lp7Y4+lcjHUAq5q4VGiKa7kWVCvbimplW+Hm0ooK9q2wzaxH0u+liIvNJPFqKimpKWSo8qqIiIiIPCaUwCoiD1S9evXYu3cvCQkJeX6pYuejKT/XztvbG4AxY8boWoqIiIiIiIjI30ZycjK9evWib9++rF27lgsXLpiSfTIyMjh9+jSTJ0/miy++wNvb21RptXjx4pQpU4bIyEjWrVtHYmKiqc+xY8d47733mDNnTp7zOjo64uPjw/79+5k4cSI7duzA19c310TN5s2b061bN8aPH8/EiRM5ffq0WYwXLlxg1apVTJs2jVu3bgHQrFkzatasyaeffkpgYCDp6ekYjUbi4uJYsGABb731VoH3Kisri61bt+Lt7c3UqVM5cOCAKXkO7lRHDA4OZtiwYURGRuLr62uqCujo6Mizzz7LwYMH6d+/P8HBwdy4ccPU9+bNmxw4cICxY8cSEREBQKlSpahZsybBwcFmyWmJiYmsXbuWoUOHcuzYsQKvA+4kefn4+BAaGsqoUaM4ePCgafybN2+yZ88e3n33XWJiYgo1fmHXnJCQwLvvvpvrvXjy5En2799PzZo1C/XoeHm0WFtbk5SUxJdffom3tzd2dnYYDAYsLCyoVKkS77zzDrVr1+ajjz6iTPbjxwE/Pz8mTJjAqVOn6NGjB/b29hgMBooXL46rqytDhgwxu89y4+npyccff0xSUhKvvfYazs7OprnLli1Lv379+P33303tGzVqxNtvv01CQgJ9+vQxxero6EjXrl3N2rZu3Ro3NzfGjh2LjY2NKaExPj7+rjEVL14cZ2dngoKC6NmzJ6VLl6ZYsWKmebp160ZMTAwff/wxLVq0AMwTep999lmKFy9uaj9gwIC7zlexYkW8vb0JCAggLi6Obt26mVW/zr5GY8aMoU+fPqxYsYIGDRqY5rCzs6Nhw4b4+/ubPhBQsmRJhg0bhrOzM4MHD8bOzo5ixYpRoUIF5syZg6ur611j+rPC3CMFjblOnTp07tyZpUuXUrFiRdO9VL16dXbs2GH6EEJBFOR+KSp/rML6qElPSyM+Pp7YE/FE/pJG/AV36nV/lRcmTGDE++/z7rvvmn095/McduftiN8dT3q8PtwgIiIiIo8Xywc9oMuEVQ96SBHJp/gpLxR1CCIiIiIiIiIiIo8da2tr7O3t2bZtG9u2bcuznbe3Nx9//DFVqlQBwMLCgueee45t27bxySef8Mknn+Ro36JFC4KDg/Mcs3Xr1nh6erJ37168vLzyfCR86dKlmThxIjdv3uTLL7/kyy+/zLXdwIEDTX+uVasWb7/9NqNGjeLll182a2dvb0+jRo2Ijo7OM7bcFCtWDBsbG65du8asWbOYNWtWru3s7e0ZO3YsAwcOxGAwmI736NGD+Ph4pkyZwosvvpjnPD179gSgevXq9OvXjw8//BBfX98cc3Tq1OmeiXp5sbS0ZOjQofz++++sWrWKoKCgHG3q1avHG2+8UajxsxV0zXDnkd5ff/11ru3s7e2ZNGkSNWrUuK+4pOiNGTOGfv36ERAQwJYtW9i1axcJCQk4ODjQsmVLXnnlFXr27JnjMfSWlpaMHj2aDh06MHfuXEJDQ4mKisLNzQ1vb2969epF165d7zq3wWDghRdewMvLizlz5rB9+3YOHjyIs7MzLVq0oHv37jz77LPY2tqa5hw+fDhNmzbl66+/ZuvWrZw5cwZvb2969+7Niy++aGrr6enJ4sWL8ff3JyQkBDc3N6pVq0bx4sXvGpOXlxenT58mNDSUtWvXsnv3bqKiogBo3LgxvXv3ZsCAAabX4Gw9evTghx9+MM1Xq1Yt/Pz8GDFiBGFhYYSGhuY6n7W1NT169GDJkiX4+vpSt27dXNuVK1eOb775hj59+rBs2TLTdWrcuDGtW7emb9++puIPAG3atGH9+vV8/PHHBAYG4uzsTO/evRk5ciTLly9n3bp1d92HPyrsPVKQmJ2cnJg3bx41a9bk22+/JSEhgZYtW/L666/TvHlzBg0alO94sxXkfpGcUpIzOX&quot;
08-31-2019 12:59:36 Wire.java DEBUG [Forwarding screenshot on session 8224b39f135dddefa755fa7332753c0d to remote] http.wire 87 - http-outgoing-4 &lt;&lt; &quot;cihVKlSuFoUY3ybi3x8mhFvfr1cU9Lw/FP1VVLlizJ6ajT/PdMKrcun+X69eukF22BWxERERGRfHvgCawiIvmVkpLCxIkTWbRoERMnTmT48OFYWpq/LK1fv5633nqLDh06MHv2bKKioujSpYvpfPXq1c3a//TTT6Y3XYxGI0ePHuXbb7/lp59+4ty5c1SvXp0ePXrw+uuvU758ebO+0dHRDBo0iCZNmjBx4kQiIiJYunQpO3bsoHjx4nTv3p0xY8ZQqVKlXNdz9uxZFixYQHBwMNHR0TRo0IBu3bpRrFjexa6zsrLYvXs33377LcHBwVy7do0GDRrQt29f+vfvT8mSJXPtExYWxuLFi/n111+5ffs23t7e9OjRg6SkpLtv+gOyZs0ahgwZwvz58+nTp4/ZuYLu+70UdF+NRiMnT55k2bJlpj5OTk54eXnRuXNnunbtalatQERERERERESkR48etGnThr1797Jp0yYiIyM5fPgwAK6urnh6etKtWzc6d+6cozpqzZo1WbRoEbNmzeLHH380vVfzwgsv0LVrV+bMmXPXBNbKlSvTvn179u/fT9u2balYsWKebatVq8by5csJDAzkxx9/5Ndff+XatWumGLt27Urbtm2xsbEB7iSo9e7dm3LlyrFgwQJ27NiBk5MTbdu2ZfDgwdy8edPsvbb8cHR0ZOnSpcTExBAUFMSvv/7KwYMHTY8fb9KkCe3ateP555+nRo0aZsmrcCep6fXXX6dt27asXbuW4OBg015n9+3SpQv169c3tR86dCiVK1dm3rx57N+/n+rVq+Pj48OAAQMoVqxYoZKrspUuXZrPPvuM559/nm+//da0pw0aNMDHx4devXrx1FNPFXr8wqzZ0dERf39/AgMD2b59O/v37yc5OZnq1avTvHlz3njjDerWrZtjb+XxYzAYcHV1ZdiwYQwbNqxAfYsVK4aHh0eeic5/NGHCBCZMmJDr/E899RSffvppvuP19vY2S9bMq1379u1p3759vsb9o5IlS+Ln54efn1+++9xtPnd39xwJ/H/UoUOHfCXB29ra0qdPnxzvh+cVj4eHB6tXr85xLq9rcbexCnuPFCRmZ2dnpk6dytSpU3OcCwwMzHEsP+vI7/1yt7FatmyJ0Wi8a/+/o6R4OLEb6terQjeffjTybIVLuXKUSkujRFZWjvZVqlShX79+7DtQhYDgFZyIPEJSPOD28GMXERERESkow+rVq401a9Y0O9ioUaNC/zKQXYFVlSBFHp4//9xlv3FZ0J/j/PbLbpeQkGA6duvWLdNjrhYvXpwjsTQvMTExDB06lLi4OL766itatmxpOnfixAmGDx8OwJw5c6hZsybh4eF3fVM9O4E1IyODJUuWMGXKFJKTk3O08/T0NI2ZLTuBtWzZstjY2LBly5Yc/by9vZk/f36OT3jv2rWLt956664VK/6c7JmSknLXKhVdu3Zl9uzZZsmWGRkZzJ07lxkzZuS6LrhTFaIg16Aw1y6vBNb72fcmTZrg7+9v+g8WKPi+Go1GNmzYwJgxY0z/afJn77//PmPGjLnnGuXh+fnnn+nbt29RhyEiIiLySFm9ejWdOnUq6jBERB5rTk5OuR7P7b0tEZEHZevWrflKGBSRv481a9bQsWPH+x7nyJEjrFixgsjISODO//f069fP9AGHv7q/iIiIiDxa8npvK9v95oddv34dgN9++60Q0d2/7KcQ5V0WUESkECIjI/Hy8sLZ2TnPrxkzZpjaV6tWjUmTJgEwadIkYmJiAEhKSuKzzz4jLi6OSZMmmRIevb29iY6ONn2aOjo6moSEBNNX9id5g4ODmTJlCnXr1mXjxo1cunSJhIQETp06xeTJk4mKiuKLL74gJSUlxxq2bdvGtWvXWLlyJefPnychIYHIyEh69+5NeHh4jsfInT17lilTphAfH8+0adM4deoUCQkJxMXF8dtvv/Hmm2/mmMNoNLJs2TJmzZpFt27d2LFjB3FxccTHx3P06FHefPNNtmzZwsKFC8n8w6NggoODmTFjBjVq1GDdunWmdV24cIHAwMBCfaI9P9euTZs2+Xqc3P3s+58VZl/j4uJYvnw5Tz31FIGBgab5L126xMGDB/H398/xKCUREREREREREREREZGill1J9d133+Xdd9+lX79+OQqq/JX9RURERESKguW9m4iI/LVatGjBsGHDGDt2LPPmzWP8+PEsXbqUgIAAZs2aRYsWLQo03o0bN1i9ejXu7u58/vnnZtU+HR0dGTp0KImJiXz33XecOHHClNGf7bnnnmPGjBk4OjqajlWsWJFBgwaxfv16jh49SlpaGtbW1gBs3ryZ8PBw/P39GTJkiOmTCpaWllSpUiXXT7aeP3+eH374AR8fH2bOnEnZsmVN5ypUqMCYMWO4evUqO3bsoH///ri6uprW5eTkxMyZM2ncuLGpj42NDQ0aNKBKlSrExcUVaL8elPvd9z8rzL4mJCRw8eJFWrRoQYMGDbCysgLAysoKNzc3hg4d+gBXLCIiIiIiIiIiIiIi8mCUKlXqvqql3m9/EREREZGioARWEXmgCvr4erhTmnrAgAHExMSwaNEiLly4QGRkJK+++irdu3c3JS7m17lz5zh69Cg9evSgWrVqOc5bWlpSq1YtLl++zOnTp3MkUjo4OJg9xj5b2bJlqVevHpmZmaby28nJyRw+fJh69erRsWPHfMcaExPD3r17mTVrllny6h9jqFq1KgEBAVy+fBlXV1fTujp06EDt2rXzNU9BFOba/dH97vsfFXZf7e3tcXR0JCQkhHXr1uHn52eWiCwiIiIiIiIiIiIiIiIiIiIiIo8GJbCKyCPBzs6OMWPGcO7cOX766Se6du3KyJEjTVVOCyI5OZmYmBhmz57N7Nmz79o2IyOjsCEDkJ6ezpUrVyhbtizOzs757nflyhUARo0axahRo+7aNjMzE/jfuvr27Ztrgm1Re5D7Xth9rVy5MoMHD2bMmDGMGDGCESNG4OrqiqenJ+3bt8fX15cyZcrkezwREREREREREREREREREREREflrFCvqAEREshkMBiwt7+TVx8fHk5qaWsQRyePGYDDQu3dv9uzZwxdffEHv3r2xtrbmhx9+YOTIkXTs2JGwsLCiDlNERERERERERERERERERERE5ImnCqwi8khISUlh+vTpHDlyhEGDBrF69Wr+85//8OGHH2JnZ1egsaytrSlXrhwDBw7knXfeyffj5wujWLFiWFpakpKSQnp6er772dvbA/DVV1/x4osv5quPhYUF9vb23Lp1i8zMTCwsLAoV81/lQe57Yfc1W5kyZejfvz/9+/cHIDExkbVr1zJ58mS+/vpr6tevT8mSJQsdn4iIiIiIiIiIiEhu3N3dWbNmTVGHISIPkbu7e1GHICIiIiLy2FICq4gUuczMTBYtWsSiRYv48MMPef3117G1tWXOnDlUrlyZ4cOHmyqz/lF6enquyY3u7u40bdqUXbt2cenSJSpUqPCXxe7g4EDdunX5+uuvOX78OOXLl8/RJjMzM8exOnXq4Onpya+//oqfnx8ODg73nKty5co0atSIiIgI4uLicqzLaDTmOtfD8iD3vbD7mhdHR0d69+5NYGAgycnJZGRkFDo2ERERERERERERkbxUr16d6tWrF3UYIiIiIiIiIo+FYkUdgIjInj17WLhwIQMGDOC1117D1taWkSNH0rVrV+bNm8euXbvM2tvZ2VGlShV27txJYGAgt27dMjvv6OjIs88+y8GDB+nfvz/BwcHcuHHDdP7mzZscOHCAsWPHEhERcV+xW1hY0KZNGwD8/f3Zt28fGRkZZGVlERsby/Tp0xk3blyOfpUrV6ZHjx6sXLmSwYMHs2vXLtM6jEYjiYmJ7Ny5k3fffZeYmBjgTlXR5s2bExoayieffMLFixcxGo2kp6ezZ88eRo4cyfLly+9rPffjQe57Yfc1IiKCd955h507d5KYmIjRaATg1q1bhIeHc/LkScqXL4+Njc0DXLmIiIiIiIiIiIiIiIiIiIiIiBSUKrCKyAMVGRmJl5fXXdu8//77jBkzBoATJ04wadL/sXfnUVXV+//HnweOTAKJKIqm4j&quot;
08-31-2019 12:59:36 Wire.java DEBUG [Forwarding screenshot on session 8224b39f135dddefa755fa7332753c0d to remote] http.wire 87 - http-outgoing-4 &lt;&lt; &quot;yhqKioOM/mXDlmg+WAVlZmZaaV4ddKkwZvhkOlllcjc0hNcVZAJcURM3CWEgcGBRRR4Pz+4Me+nYDEEavXYy3Xunt/pvfeR/Qu16v3eRcPDw9Gjx6Nk5MTkBPWHDVqFKNHjyYwMJDPP/+cGjVqAODg4EDHjh1ZunQpY8eOZezYscbea9euxc/Pj169epGYmEhgYCADBw4ssJbevXvf6SPj7+/Pq6++yuTJk+nSpYvVmJubG7Vq1WLnzp1W921tbXnuuee4fPkyQUFBhIaG5ru3t7c3w4cPN9YMGzaMw4cPs3DhQhYuXGg1t1atWnh7e9/x89yJu/neb+e9ZmVlMW/ePObNm5fvnt7e3jz33HPG7zMRERERERERERERERERERERESka6sAqIkXm0qVLvP/++8TExPDKK68YAdVcLVq04NVXXyUqKor333+fS5cuGWOdO3fm888/p02bNgA4OzvTpk0bnJ2dATCbzQwbNoyNGzcybtw46tevb6xt3Lgx48aNY9OmTfj6+t7xc5jNZgICAliwYIFRT7Vq1Rg9ejRbtmzhmWeeyXedk5MTEyZMIDQ0lJEjRxpfK5X7LO+++y7z5s2jSpUqxprSpUvzySef8Pbbbxvz/f39+eijj1i1ahWNGze+4+e5E3fzvd/Oe/Xx8eHHH39k5MiRec5+++23WbZsGQ0bNrwLTyoiIiIiIiIiIiIiIiIiIiIiInfCFBISYvlzaKxBgwbG1y7fKvdJ3wGQGDjgjouTv4/ExESeeOIJo4ukj48P3333HTVr1iziyv4d/vxzZzKZAG7557iw63LnJSUl3dL+IiL52bBhA/379y/qMkREREQeKCEhIXTq1KmoyxAR+Vtzc3PL977+bUtERERERERERB50Bf3bVq47zYddvnwZgP37999GdXeuQYMGwAPQgTU7O5vo6GgmTZpE8+bNMZlMmEwm3N3d6dq1K9OmTePIkSNkZ2cXdan/SGfPnqVdu3bGey9XrhxRUVEFzo+IiMDV1dWYP3ToUK5cuXIfKxYRERERERERERERERERERERERGRv7siDbCeO3eO4cOHU69ePaZMmcKuXbuMsaSkJEJDQ3njjTeoU6cOb7zxBteuXSuyWmNiYmjQoIER3AwICCA9Pb3I6rlbypQpQ6tWrYzr+Ph4tm/fnu/crKwsQkNDSU1NNe61bNmS4sWL3/M6RUREREREREREREREREREREREROSfo8gCrOfPnycgIICvvvqqUPNTU1Nvud2t3JytrS1dunTBxcXFuBcWFkZycnKeuRcuXGDnzp3GtZ+fH+3btwfA3d2ddevWYbFYsFgs7N+/n5o1a977BxARERERERERERERERERERERERGRvx1zURyamZnJZ599xsqVK417Li4uvPXWWzz99NOUKVOGrKwsjhw5wpw5c1iwYEFRlPmvUadOHTp27Mjy5csB2LVrF0ePHqVp06ZW83755RciIyONaz8/P8qVK3dfaxURERERERERERERERERERERuZsuXLjAuXPn7qjBnslkwsXFhbJly+Lh4XGXKxQpvLO/ny3qEuQOlCv/78rjFffm6noAACAASURBVEkH1piYGCMsCTnh1eDgYF5//XXKli2LyWTCbDZTr149PvvsM9auXWvVITQmJoYGDRpgMpkwmUwEBgZa7Z+YmEjXrl2N8a5du5KYmJhnzpw5c+jduzdeXl7G3ObNmzNhwgS2bt1Keno6AIGBgdSqVYsDBw4Y62fPno2Tk5OxLiIiIt/9e/bsibu7OyaTCS8vLwYMGMCSJUu4cuVKnvcSERFh7GcymVi0aBGJiYkEBQXRqFEjTCYTzZo1Y/HixWRkZABw5coVvvjiC5o1a2aMf/XVV8Z4YZQoUYKWLVsa1/Hx8YSHh1v9hZyVlcWmTZtITU017nXo0AF7e3sA0tPTCQgI+Mt3DpCRkcGGDRsYOnQotWrVwmQy4erqSseOHfnPf/5jtebPe9avX59ff/3Var9ly5YZ4+XKlSMqKspqfPbs2VbvdMOGDcZYdnY2O3fu5KWXXqJ58+bGnNzPafbs2cTFxanzr4iIiIiIiIiIiIiIiIiIiMg/1IkTJ4iNjSUlJeWOMiIWi4WUlBRiY2M5ceLEXaxQROSfq0g6sIaHh3PkyBHjum/fvvTo0QOTyZRnrslkwt/fH39//7t2/vbt2xkxYgQxMTF5xnbt2sWuXbt4//33CQ8Pv+VzLRYLoaGhvPzyy3n2P336NKdPnyYkJAR/f39mz55N3bp1C9xr48aNTJ8+3So4GxkZyeDBg5k6dSotWrTgtddeY/fu3VbjkZGRJCYmMnbsWGxtbW9as8lkomPHjlSvXp2jR48COZ/R0KFDcXNzA+D8+fPs3LnTWNOxY0eaNGlSuJfyh+d/5ZVXrMLLAKmpqWzatIlNmzbx7bff8vnnn+Pr64ujoyNNmjRh9uzZABw6dIjY2Fhq1aoFwPXr1wkPDzf2iY+PZ8+ePfj6+hrjf/wMWrRoQY0aNYCc4O9bb73Fp59+mm+duZ/TyJEj+fjjj3F0dLylZxURERERERERERERERERERGRB9uFCxc4ezanW2WVKlXw8PAoVNYmP1lZWVy4cIETJ05w9uxZnJ2d1YlVitSrL44v6hLkFsyY+UFRl1Ak7nsH1j+HCiEnWOjq6npfzj916hQTJkzIN7x6N0RFRREQEHDT/SMiInjjjTc4d+5cgXPmz59vFV79owkTJtC2bVur8OofrVixgt9++63QdVetWtUqrLtx40Z++eUX4/rw4cNs3brVuG7evPkt/SV7/vx5XnrppTzh1T+LjIzk//7v/7h48SIATZo0oXr16sb43r17jf/aJT4+nsjISKv1+/btMzrnJiQksG/fPmPMz88PT09PLBYL8+bNyze8KiIiIiIiIiIiIiIiIiIiIiL/Drm5nSpVquDp6Xnb4VUAW1tbPD09qVKlitXeIiJSsPseYM3KyuLq1atW95ydne/b+QcPHiQiIsK4Dg4O5saNG1gsFuO/hFi9ejX9+vUz5kyaNIlff/0VHx8f497IkSO5evUqFosFi8WCv78/GRkZfPPNN5w+fdqYN378eJKSksjOziY2Npbu3bsbY2vWrGHp0qUF1vrCCy9w8uRJsrOzSUpKYtiwYQWOx8fHM3DgQGNsx44dtxRgLV68OC1btjSuU1NT2bJlCxaLhevXr7N27VpjzMXFhS5dutzSX9qrV69m5cqVxvrp06dz+fJlLBYLCQkJjBo1ypi7fPly9u/fD0ClSpWs3vvhw4dJSUkBIDY2lh07dlids3//fuP/AMTHx1sFiVu2bImdnR0pKSlWnVvbtm3LyZMnjc/y6tWrHDp0iA8++AAnJ6dCP6OIiIiIiIiIiIiIiIiIiIiI/H2kpqYC3NVOqbl75e4tIiIFu+8B1qJWokQJq+sJEybw7LPP8uWXX7Jz505sbGx45JFHCAkJsepIWhjnzp1jz549xrWfnx8jRozAzc0Nk8lE9erVefPNN3FxcTHmHDhwIE+gN1ezZs3w8vLCZDLh5uZG27ZtCxwvW7Ys3bp1u6V6/6x9+/b4+fkZ1xERESQmJubpdNqxY0fq1KlT6H1TU1PZtm2b1frnnnvO6Lrr7u5OQECAVafV6OhoAB566CFatGhh3I+JiSE+Pp6srCy2bNkC5HTwffnll4GcDq6HDh0CcsKu8fHxAPj4+FC3bl0AihUrZvX7YOvWrQwcOJB3332XNWvWcOrUKWrUqMEbb7xBUFAQjo6OhX5WEREREREREREREREREREREfl7yMzMJCsrC8hpync3fuXulZmZWZSPJiLyt3DfA6wmkylP5860tLT7dn7t2rXp27evcZ2UlMQ333zDsGHDaNmyJaVKlaJNmzZs3rzZ+Kr6wrp27RpXrlwxrmvUqEGpUqWs5pQqVcpoFQ4QFxdnfOX9nbqTNuYA5cqVyxNgPXDgAFFRUVadTlu1aoWbm1uh971+/ToXLlwwrpcvX07JkiUxmUzGLx8fH44ePWrM+ePvCX9/fzw9PQE4dOgQsbGxJCcns2/fPiAnKNyvXz9jzq5du0hPTze6uEJO2LdixYoAODk50a&quot;
08-31-2019 12:59:36 Wire.java DEBUG [Forwarding screenshot on session 8224b39f135dddefa755fa7332753c0d to remote] http.wire 87 - http-outgoing-4 &lt;&lt; &quot;FDB6sgcWRkJJMnT6ZHjx7UqVMHT09P3nrrLZKSkgr9nCIiIiIiIiIiIiIiIiIiIiLy95GdnU12dvZdC6/m/srdV0RE/tp9D7A6ODhQrVo1q3u7du2yCn7eS6VLl2bWrFkMHz7cKsD4R2FhYfTp04cNGzbcl5oeFPb29vTo0cO4Tk1NZe3atWzcuNG4V7t2bTp37nxf66pSpQo+Pj7G9d69ezly5AgREREA+Pr6UrduXaNj7u7duzl69KjRiRWgSZMmVp1U+/fvz/z586lXr16+ZyYlJTF16lReeeUVUlJS7sVjiYiIiIiIiIiIiIiIiIiIiEgRyg2cZmZm3tVff+zGKiIiBTMXxaG5HTVzv979hx9+oFOnTgwaNAiTyWQ112KxEBUVxfLly5k4cWK+X+d+7tw5rl27hoODQ6HOL1u2LHPmzOHjjz/ml19+4eDBg+zdu5dNmzYRExMD5IQ3161bR9u2bbGzsyvUvg4ODhQvXty4jo2NJSEhwSooe/nyZatupBUqVHigvqLe29ubjh07GqHVb775xqpDrJ+fH15eXre0p9lstnoHHTt2ZOHChUbH1Jtxd3fH39+fdevWAXDw4EEyMjJITU2ldu3aNGjQAFdXV3x8fFi6dCmRkZGsW7eOw4cPA1C9enWaNGlitaeNjQ2PPvooffr0IS4ujujoaA4cOEBYWBgRERGkpqYCsGHDBo4ePYqvr+8tPbOIiNyakJCQoi5BRERERERERERERERERP5lcruk3u2wqbqviogUzn3vwArg4+PD4MGDjevU1FRefPFFPvroI86dO4fFYiEzM5Pjx4/z+uuv0759exITE435tra2mM3/y95GREQQExODxWIhPT2diIgIzpw5k+/ZixcvZtSoUaxfv56rV6/i6+vLc889x+eff87ixYupXbu2MTcjI8P4C+XPZ/7yyy/ExcVZ7V22bFkaN25sXEdGRjJnzhySk5OxWCycOnWKqVOnGsHd3Hfh5OR0q6/wnvHw8KB58+bG9YULF4wwJ+SET/8Y0i0MV1dXqz03btzI+PHjOXjwINevXwdygsrJycls3bqVp59+msWLFxvzTSYTfn5+xvXy5cv54IMPAGjcuDEVK1bEZDLRrl07XFxcSE1N5ZNPPjHes4+PD5UqVTLWJyYmMmTIEL744gtiYmLw8PCge/fuTJgwgR9//JHnn3/emJuWlsaNGzdu6XlFRERERERERERERERERERE5MGXnZ19T3+J3MyxY8do3bo1Y8eO5dq1a0VdjvxJg4b1WfT9fNZtWcW6LatYviaEDp3bFXVZ/yhF0oHV3t6e0aNHc+jQIdavXw/kfGX766+/zuuvv37T9aVLl6Zy5cpERUUBcODAARo0aFCos7OzswkODiY4OPgv57m4uNC5c2ejq6u7uztly5Y1xsPCwqhZs6ZxHR4ejr+/P08++SQrV67k9OnTAHzwwQdG2PLPunfvzuOPP16ouu8XW1tbevTowbx586yCtpDTfbVFixa3vKfJZOKJJ55g+/btrFy5EoCFCxeycOHCAtd07tzZ6rpu3bq0bduWrVu3Wt1v2LCh0d21cuXK+Pr6snXrVqvaW7RowUMPPWS1LiEhgdGjR9+09q5du1p9ziIicm/079+/qEsQEREReaCoQ72IiIiIiIiIiIj80W+//caSJUtYv349e/bsAXK++dnb25sOHTrQpUsXypUrl+fbr0VuR4tWzeneqxvVq1eluHNxbG1tgZxuxelX04mPP8fePfvZtH4zZ07H3WQ3kYIVSQdWgCpVqjBv3jyeeuqpQs13d3c3fhAeeughhgwZYvW19H/06KOP4uPjc9u1ubi4MHHiRLp27WrcK1GiBL17977pWl9fX4KDg28aevT392fGjBlWodgHRfXq1WnWrFme+y1atKB8+fK3tWeZMmX49NNP6du3722tL1WqFA0bNrS65+npib+/v9UZf+z0mt+cW+Hv788777yDm5vbba0XEREREREREREREREREREREbkTmZmZLF68mDZt2jB16lQjvAoQFxfH2rVrGTduHPXq1WPmzJlFWKn8Ezg6OTJ56tu89c4b+DZuiOtDrkZmD3KaIzq7OFO9RjUGDH6cqdPfw7t+3SKsWP7uiizACjn/FcDXX3/NoUOHmDhxolVosmTJkvTo0YNZs2Zx5swZpkyZgp2dnTHeq1cvVq1aRZ8+fXBxccHFxYU+ffqwefNmgoODCwyGPvroo2zZsoUxY8ZYnefi4kKrVq2YOHEikZGRvPbaa9jb2xvjJpOJoUOHsnz5cvr160fJkiWNdR06dDDCtCaTia5duxIREcHs2bPp2rWrMVapUiX69+/P4sWLCQ0NfWA7e7q5udGqVas897t162b1GdyqSpUqERISQnh4eIHv/80332TLli08+uijVmvt7Oxo27at1T0fHx+qVKliXNva2uYJ3v55DuT83po7dy6zZs2iV69eVKpUyRirWbMmAwcOND6junX1B6yIiIiIiIiIiIiIiIiIiIiIFI3169fzxhtv4OzszMyZMzl27BiJiYkkJSURFxfHTz/9xMCBA3F2diYjI6Ooy5W/uYmT36Rps8ZWodW/YjKZMBdyrkh+zEVdgI2NDd7e3nh7exMYGFjodSaTiTZt2tCmTZt8x9etW5fvfUdHR9q2bZsnDFkYZrOZPn360KdPn5vOdXd3Z8SIEYwYMaLQ+/v7+2OxWAocf+KJJ3jiiSdue/xWvPLKK7zyyiuFnu/o6EhwcDDBwcF/Oc9sNuPv739bXVF79er1l++nsHNMJhMVKlRg1KhRjBo16pbrEBERERERERERERERERERERG51zIyMtiyZQtpaWnMmDGDfv36WY0XL16cZs2a4efnx8iRI9m/f38RVSr/BJ26dqB2nZqYTCYAsrOzOXggmtUr1hC+fQeOTo40bdaEVm38aejrQ/HixYu4YvknKPIAq4iIiIiIiIiIiIiIiIiIiIiIiFhLT08nLi4OgIoVKxY4z2Qy4ePjg4+Pj9X9ixcvsnTpUsLDw4mOjiYuLg5nZ2d8fX155JFHGDBgAK6urgBYLBa++OILJk6cyGeffcaQIUPyPevbb79lzJgxTJkyhVGjRlmFHXfu3Mm3337L+vXrSU5Opn79+vTv358hQ4YY5xRWdnY2UVFRfPPNN2zbto24uDgqVKiAr68vPXr0oFOnTsa3YudKSEjgu+++Y8WKFURFReHm5kb79u0ZMWIEjRs3NmqFnHDw+vXrCQ0NJTo6moMHDwJQv359WrZsyTPPPEO1atWs9k9KSjKaGc6ePZv4+Hhmz57NTz/9RHJyMl9++SV9+/Y16o+IiOCrr75i+/btxvto3rw5ffr0wdfXF7PZOrqXkZFBREQE8+fPZ9u2bRQrVoyePXvy2muvUb58+Vt6f7fD07Os1bdzp6Wm8ePy1ewI2wlA+tV0tm3ezrbN2ylVuhTDAoZSs3aNPPs4OjkycHA//Fu3wMOjNHb2OXveuHGDxIQktm3ezpL/fk/61XRjTXN/P3r0foRKXhVxcXXBzs7O+Lxu3LhBWtoVDuw7yIoffuTXX2KszpszfxYVK1UAIDMzk5D/LuXatQy69+pGaY9SZFzL4D+ffsGm9VuM+nr27k7bDq3xLOeJg4M9JpOJ7Oxs0tKucPzocTau32zM/zOzrZmXx72IX/MmlHArkfNu0tP5edce5gV/TcLFhNt6//9WCrCKiIiIiIiIiIiIiIiIiIiIiIg8YBwdHalQISeYFxYWlm/o8a+cOHGCt956y+peWloa27ZtM359/PHHlC5dGpPJRPv27alRowYbN26kV69eeUKnaWlpREREUKNGDdq3b28EDK9evUpQUBBBQUFW8w8ePMjBgwfZsWOHcU5hZGZm8sUXXzB9+nTS0tKM+3FxccTFxbFixQpmz55t1ZF29+7dvPrqq0RHRxv3kpOT+eGHHwgNDSUoKIjHHnvMqPnKlSssWLCAzZs351vzqlWrmDVrVr7fMn358mU+/fRT5s+fb1VfZmam8T6mTJmS55usc/fODbb+MSB75swZnn/+eX766SerNQsXLiQmJobZs2f/ZYj5XnBxdeHZ4U9TuX&quot;
08-31-2019 12:59:36 Wire.java DEBUG [Forwarding screenshot on session 8224b39f135dddefa755fa7332753c0d to remote] http.wire 87 - http-outgoing-4 &lt;&lt; &quot;Ildv8cReyvR42xhIsJfBA4Pc+a+g3q8fxLAVSsVMEqMAxQrFgxynqWof/gx6lbrw6fBX3OmdM5Ae3qNarh07B+vr+/ixUrhptbCdq2b413vTp8OuM/7I6MKrDuVm1bUv7hctjY2NxSfTY2Nri6utDQtwHupdzzDbAWsyvGM8Ofwu3/B1dzOTk50aZdK1xcXXjrtbcLrE3yyvspiYiIiIiIiIiIiIiIiIiIiIiISJGyt7enXbt2ODs7M3XqVIYPH87q1as5ffo0169fv+l6W1tbAgIC2LhxI2fPniUpKYmEhAQOHTrECy+8wE8//cTSpUuN+ZUrV6Zdu3ZERkZy7NixPPvFxsaydetW2rVrR+XKlYGczq0LFy4kKCiIHj16sG3bNi5cuEBiYiKHDx82zpk3bx5ZWVmFeu5jx46xaNEiWrRoQWRkJBcuXCApKYmzZ88SERHBm2++adUp9MyZM7z99tv8/vvvzJgxgxMnTpCUlMS5c+f4/vvv8fLy4qOPPiImxrpzZ9WqVVm0aBHHjh0jMTGRpKQkTp06ZQRP586dS0pKSp76oqKiWLduHe+//z6nT58mKSmJpKQk+vXrR1ZWFl9++SXBwcG0a9eOTZs2GfXHxcXx008/0bx58zzhyc2bN5OcnMySJUv47bffSEpKIjo6mkcffZTIyMg8Qdt7Ie7Mb1xLv2Zcm0wmHq5QnieHPsFnXwTx47ofmLcwmFdeG0P9BvXyrK9YqQKjXhxBJa+KeZ7vj0wmE3W8a/PYgL63XGOp0qV4rH/B68xmMxUqPpxveLWw9f0Vs9mcJ7yay2QyUbtOTTp17XBbe/9bqQOriIiIiIiIiIiIiIiIiIiIiIjIA6hz5858+OGHTJw4kZUrV7Jy5UpjLPcr6bt3706TJk2wt7e3Wtu4cWMaN25sdc/Gxoby5cvz5JNPsnnzZk6cOEFGRgb29vbY29vTunVrZs+eTWhoKD4+Ptja2gI5QdXNmzdz5coVunbtapz122+/sWLFCjp37sxHH32Eh4eHcZanpyevvfYaCQkJbNu2jSFDhhgdZf/K+fPniY2N5bHHHqN69erGfQcHB2rXrk3t2rWt5q9Zs4bIyEiCg4Pp16+fEU60s7OjQ4cO2NjY8PTTT7NlyxZq1aoFQMmSJfnwww/znO3q6krPnj2JiIjg0KFDJCQk5OlE27x5c4KDg/N9lt9++40ff/yRVq1a8Z///AdPT09jrHjx4jRr1oxmzZrlWffYY48xffp0SpT4XziyXLlyPPvssyxbtozDhw8bn9O9smXTNnybNqJ9x7b5BkDt7O14uEJ5Hq5Qno5d2nNw/yEWfPUtv/6SEwzu2KU9FSo+bMxPuZzC8h9+ZMUPP1Kh4sMMGzmUej7emEwmbGxsqFffm/IPl+f3334HIC3tCsePnWDrxm2Eh+0g/Wo6DRrWp8/jvWjarIlRk0cZD6t1f5SVlcXuyCg2hm4ifPsOq7GAF4ZTyet/XWwtFgsnjp9k6ZJlbNm0jYqVKtChc3tat2uJxWLJ9x1lZmayOzKKn1atJfrQLwx5ehA9+3Q3AtV2dnaUK1/uVl77v54CrCIiIiIiIiIiIiIiIiIiIiIiIg8gs9nMoEGD6NGjB5s3byY8PJwDBw6wZ88e4yvpZ8+eTZcuXZgyZQpVq1a1Wp+ZmcmhQ4fYsWMH+/btIzExkRMnThAXl/PV7U2bNrUK6zVq1Ig2bdrkCZxeuHCBiIgI/Pz88Pb2NuYfP36cn3/+maCgIKvwai4XFxcqV67M6tWrOX/+fKECrA899BBlypRh1apV1KtXj9atW+Pk5JTv3LS0NA4ePEjLli1p3bp1vp01K1SogJeXl1VYF3ICjGfPnmXLli0cOHCAEydOkJiYyMGDBwHw9vYmOzs7z36Ojo4UL14833pOnjxJVFQUEyZMoGzZsjd91lwuLi44ODjkue/h4YG3tzdZWVkFhirvps8/DeZK2hU6dmlf4DNCTnffhr4NKOFWgvffm8aZ03F416+L2ZwTR7RkWwjbFsHib74DIPbXoyz7fgUVvSpSosRDALi4OlOlWmV+/+13Fn69iO+/W0a37l1o36ktTz83hOLFi2MuZqZYsWJWZ9vb21G6tHu+AVaLxcKJYyfyhFcBatSqbhXMPft7PB9O+Ygzp3N+Fs6cjuPruQv4eu6CAp/7xvUbhG+PYHdkFAA/rQqluX8zypXPCSqbzWZKlnQrcL3kpQCriIiIiIiIiIiIiIiIiIiIiIj869jY2JCdnU1WVpbRafROZWVlGXvfTS4uLvTu3ZvevXsDOcHUCxcuEBYWxpw5cwgNDcXd3Z1p06YZYc/jx48zceJEQkNDC32Oh4cHnTp1YuLEiezfv98InO7du5dt27YxZcoUSpYsacy/ePEiAGPHjmXs2LF/uXfuu7kZb29vRo8ezfTp0xk8eDAA1apVo2nTpnTq1In27dvj4uICwPXr17l48SLh4eHUqVPnL/dt3LixEQK9evUqn3zyCcHBwaSlpRWqrsLIfR+VKlW67a+pL0rpV9P5YuYcvl+yjHYd2tCsRVPKPVwOV1eXfH9GKlR8mLbtW7Pw60U4Ozsb9002Jrr36kb3Xt0KPMtsa8bOLiec2qVbJ54Z9iRu9zD8+cf6AOLOxBnh1dv1+2+/k5mZeUd7/NspwCoiIiIiIiIiIiIiIiIiIiIiIv86zs7OpKSkkJCQQJkyZe7KngkJCcbe95LZbKZcuXIMGDCAhg0bMmzYMA4ePMjZs2epVq0aCQkJTJ48mdDQUB577DEGDx6Mt7c3xYoVw9nZmVOnTvHss8/m2ddkMtG+fXtq1KhBaGgoHTp0wNbWlu3bt1OjRg3at29/z4OZZrOZF154gd69e7NmzRrCw8OJjo7mv//9L//973/x9fXl888/p0aNGre1f1ZWFl9++SUfffSR8e5atGiBi4uLEf6dMGECe/bsuZuP9beScDGB75f8wPdLfjDutevQhu69ulHHu7YR0DabzbiXcr+js2rVqcmgJwcY4dXs7GxijsSya+fP/B73O1WrVaHfoMeM7q7yz6JPVURERERERERERERERERERERE/nVKly5NSkoKJ0+eBKBUqVK33Yk1KyuLhIQEY6/SpUvftTpvplSpUnh4eHDhwgXj3qlTp9i6dStPPfUUU6dONYKZhVG5cmXatWvHihUriI2NxcHBgS1bttCuXTsqV65sNTc3qDtr1iwGDhx4dx6InCBtxYoVGTVqFKNGjcJisXDx4kXmzp3LjBkzWLBgAe+88w5msxlnZ2fatGnD3LlzKVWq1E33vnTpEhEREXh7e/PFF1/kCcJeu3bttuvOfR+nT5/GYrH8rbqwvjzuRXwa1mPJou8J/WlDnvEtm7aRnJTMaxPG5htavX79uvG/LRYL2zaH8cGU6Tc994mnBuJe6n9dfc/Fn+ejDz7h999+B6BK1coFLb0lf6wPoELFClSsVOGOu7DKnVGAVURERERERERERERERERERERE/nXc3d25evUq8fHxnDx50gif3ilPT0/c3e+sKyXkBC2XLFnC448//pfBzISEBC5cuIC7uzsuLi5ATqA2LS2N8uXL5xtetVgsZGdn57ufvb09LVq0YPbs2ezYsQNXV1fOnj1L165dsbe3t5pbp04dfH192b59O927dzfOv9tMJhMeHh4MGDCA0NBQ0tPTyc7OxsXFhaZNm/LBBx9w6NAh2rVrd9O9srOzyczMxMPDI9/3arFYyMrKuq06q1evjre3N2FhYTzxxBN4enre1j5FwWQy4VnOk5fHvcgTTw1kX9QB9kbt5+ddu0m/mk6DhvXp3qsbD5V4yFiTnn6No7HHAIg5EkvVqlUw2ZgwmUy0aNWMt9+bwOaNWwnfvgOABg3r49u0EX7Nm+Lg6EDQB59ga2trFfR1fciVZi2a8kPIcpr4+eJdvy62NrcXLP+jP9YHUK68J2PfeImVP6xiy6ZtVKxUgZZt/OnUtQPXM64zcujzd3ym3JwCrCJyV1y7do0JEyYwf/58AMaOHcv48ePztO/+47y1a9fi5+dXFOWKiIiIiIiIiIiIiIiIiIjIv5zZbObhhx/GycmJixcvkpaWVm&quot;
08-31-2019 12:59:36 Wire.java DEBUG [Forwarding screenshot on session 8224b39f135dddefa755fa7332753c0d to remote] http.wire 87 - http-outgoing-4 &lt;&lt; &quot;Co82ZsbGxwdnamdOnSlCxZ8q583Xl2djYbN25k+vTpDB06lEceeYSaNWtSvHhxAFJSUti1axcffvgh0dHRTJ06FQ8PDwAeeughatSowfr162nbti0NGzbEbDZz6dIlNm7cyBdffMEvv/xC06ZN8z27adOmtGnThq+//ppixYrRtm1bfHx88sx7+OGH6dWrF++88w7Jycm8+OKLNGrUCAcHBywWC5cvXyY6OppVvnoBWwAAIABJREFUq1YxYsQIqlatetPnXrlyJdHR0XTr1i3P8+7YsYNTp07RrVs3ihUrhslkokuXLixfvpxhw4bx8ssv069fPzw8PLCxseH69evEx8ezdu1asrOzGT16NA4ODpQtW5Yff/yR1atX8/jjj+Pk5MT169fZu3cvX375JT/88APe3t63/Jl5eXnRuXNngoKCGDt2LK+//jr16tXDbDZz5coVDh06xPLlywv9LoqCyWTCo4wHXR7pRJdHOhU4z2Kx8Osvv7JpwxYAVi5bRR3v2lSu4gWAnZ0dLVo1p0Wr5vmuT0xIBCApKZkbNzKNnxln5+IMH/Usw0c9ezcfK099JpOJWrVrUmtiTd6YOM5qrrqy3j/3LMDqPum7e7W1iDzAnJ2dcXR0ZPXq1fTt25e6deve0/OOHTvGs88+S+PGjZk6dSoODg739DwRERERERERERERERERERH5Z3BycuLy5cu4ubnh5uZ21/e+UzY2Njg4OJCcnExQUBBBQUH5znN2dmbChAk888wzRifLatWqMWjQICZPnkyXLl3yzO/UqRMpKSkFnu3h4UGnTp2YOHEiAE8++SQlSpTIM8/W1pbnnnuOy5cvExQURGhoaL77eXt7M3z48EI99/Xr15kxYwYzZszId7xdu3YMGjQIW9ucrpxVq1Zl6tSpvPrqq7zzzju88847+a578803gZzPZtCgQYSFhfHyyy/z8ssv59m/VatWJCcnF6rePzKbzQQEBPD777/z3Xff5fs+buVd3E+ZmZlYLBarbqgFycrKYu+e/Xw64z+kX00HckKfX8ycw/MvBVCxUoVC7QOwacMW/Fs1p0Ejn3zXWLItYKLQ+xXkzOk4vpozn5HPD6f8w+XueD+5O9SBVUTuKi8vLwYMGMCHH37IkiVLmDhxYp728SIiIiIiIiIiIiIiIiIiIiJFzWw289BDD3H16lVu3LiBxWK5o/1MJhPFihXDycnprnRgLVGiBPPnz+f48eOEhoayfft29u3bZwQrGzduTNu2bXn88cepXr26VSAvN0j58MMPExwcTFRUFNWqVaNz58489dRT2NjY8OyzBXe4NJlMtG/fnho1agA5oc6CODk5MWHCBLp06cKyZcvYtGkTx44dw9nZGV9fX9q1a0fXrl2pUqVKoZ67a9euLFmyhB9//JGff/7Zaq+ePXsycODAPAHhJk2asGLFClatWsXq1auJjIwkLS2NatWq0bRpU3r16kXz5v/rBNqiRQsWLlzIJ598wqZNmyhWrBitW7dmyJAhNG7cmMmTJ7Nnz55C1ftnpUqV4pNPPuHxxx/n22+/Zfv27SQnJ1O/fn06d+5M3759C/0u7qeZH88ias8+2rZvTbXqVXEvVRI7Ozvj91VWVhYpKakciz3O2jWh7AjbmWePg/sP8fLz4+jZuzttO7TG07MsDo4Oxh43btwgLe0KJ46fJHxbBPv3HQRgxoef8uzwp2jarAnFnYtjMpmwWCyc/T2eQwei6dil/V35mdodGUX0oV8YOLgfzVs2o7RHaRwc7I3z0tLSOBZ7nO1bw+/4LCkcU0hIiCX3D5pcDRo0uOM/kEWk6OT+oX+rP8eFXZc7Lykpybh37do1JkyYwJ49e/jss8+YN28eYWFhzJ8/n4YNG+aZN3/+fNauXYufn98t1fhn6sAq8ve3YcMG+vfvX9RliIiIiDxQQkJC6NSp4K9mEhGRmyuoc05+/7YlIiIiIiIiIvJPcfb3swC8+uL4Iq5EbsWMmR8AUK58OaDgf9vKdaf5sMuXLwOwf//+W1p/tzRo0AAAmyI5XUT+0ZydnRk8eDDXr18nJCSEjIyMQq/Nzs4mLCyMoUOHUrVqVUqWLEnPnj2ZO3duntb133//PU2bNiU6Opr58+dTrlw5SpYsScmSJWndujXHjh0z5losFqKjoxk/fjw+Pj6ULFmSpk2bMmXKFM6dO5enDovFQmxsLBMnTqRp06aULFmSqlWrMmjQIBYsWMDFixdv/wWJiIiIiIiIiIiIiIiIiIiIiIj8y915X10RkXw0atSIbt26sWLFCnr27EmLFi1uuubq1asEBQURFBRkdT8iIoKIiAiWLVvGzJkzqVat2i3VkpmZyddff01gYCBpaWnG/WPHjhEUFMS2bdv4/PPPjbb3FouF5cuX89prrxlt9wGSk5MJDQ0lNDSUCxcu8Nprr91SHSIiIiIiIiIiIiIiIiIiIiIiIpJDHVhF5J5wcHBgyJAhACxdupRr167ddM2aNWsICgqiXbt2bNq0iQsXLpCYmMjhw4d54YUXiIyMJCgoiNTUVAD69evHzz//jLe3N8888wxnz54lKSmJpKQktm/fbgRd169fT2BgIHXr1mXlypWcO3eOpKQkTpw4wXvvvUdMTAyfffYZV69eBeDChQt88803VKlShXXr1hnzz507x759+5g6dSrFixe/R29ORERERERERERERERERERERETkn++ud2B1n/Td3d5SRAopMXBAUZdgpW7duvTp04dFixbRu3dv2rRpU+DcxMREQkJC8Pb25v333ze6oQJ4enoyfvx4UlJSWLZsGQMGDPjLvf4oJSWFkJAQvLy8+PTTT632LVGiBAEBAVy6dIlFixYRGxtLgwYNSEpKIj4+nhYtWlC/fn3s7OwAsLOzo1KlSgQEBNzmGxERERERERERERERERERERERERFQB1YRuYfs7e3p378/bm5ufPfdd0bn1PzExcURHR1Nq1at8PLyyjPu5OREnz59SEtLY+/evYWuIS4ujsOHD9OpUyeqVq2aZ9xsNlOzZk3Onz/PyZMnAXB2dqZEiRJs2rSJH374gUuXLhX6PBEREREREREREREREREREREREbm5u96BNdeD1glS5J/sQe58XKdOHXr16sWCBQvo168fzZs3z3deRkYG58+fp0SJEkbH0z9zdHQEIDMzs9Dnp6Wlcfz4cT7++GM+/vjjv5ybu+/DDz/MiBEjeO2113jxxRd58cUXqVChAr6+vrRv354uXbpQunTpQtcgIiIiIiIiIiIiIiIiIiIiIiIi1u5ZgFVEBHK6sA4cOJANGzawcOFCateuXdQl3ZTJZOLRRx+lVatWhIaGsnXrVg4ePMiKFStYsWIFFSpUYNasWfj7+xd1qSIiIiIiIiIiIiIiIiIiIiIiecyY+UFRlyByUwqwisg9V7NmTXr06MGcOXMIDw/Pd469vT1lypQhKSmJjIwM7O3t88xJSkoCwGwu/B9dufs+88wzvP7665hMpkKvLV26NEOGDGHIkCEAXLp0iaVLl/Lee+8xd+5c6tWrh6ura6H3ExERERERERERERERERERERERkRwKsIrIPWc2m3n88cdZvXo1CxYswMnJKc+cChUq4O3tzZYtWxgyZAh169a1Gr969SqhoaE4OzvTqFGjPOvT09PJzMzMc9/Ly4smTZqwY8cOzp07h6en520/R4kSJXj00UdZt24daWlp+Z4nIiIiIiIiIiIiIiIiIiIiIlJUypUvV9QliBSaTVEXICL/DtWrV2fAgAFERESwYcOGPOPu7u7079+f2NhY3n77bXbu3ElmZiYWi4X4+Hg++OADFi5cSI8ePawCrG5ubpQpU4atW7eyffv2PKHSEiVK0KdPH/bt28eQIUNYv349KSkpxviVK1fYu3cvEyZMYM+ePQDs2bOH119/nfDwcC5duoTFYgHg2rVrREZGcvToUcqWLYuDg8O9eFUiIiIiIiIiIiIiIiIiIiIiIiL/eOrAKiL3ha2tLT179mT58uVER0fnO6d79+6MHTuWoKAgtmzZkmfcz8+PsWPH4uLiYtwrWbIkHTp0YNOmTQwZMsS47+3tzVdffUW1atXo1asXiY&quot;
08-31-2019 12:59:36 Wire.java DEBUG [Forwarding screenshot on session 8224b39f135dddefa755fa7332753c0d to remote] http.wire 87 - http-outgoing-4 &lt;&lt; &quot;mJBAYGMnDgwAJr7N27NwBZWVnMmzePefPm5TvP29ub5557Lt9OsiIiIiIiIiIiIiIiIiIiIiIiInJz6sAqIvdN1apV/zJA6uTkxIQJE1i5ciW9e/fGzc0NAH9/fz788EO+++47qlWrZrXGZDLxzDPPMGPGDHx9fYGcrqzVq1fH0dERALPZzLBhw9i4cSPjxo2jfv36xvrGjRszbtw4Nm3aZKz38fHhxx9/ZOTIkXnmvv322yxbtoyGDRvenZciIiIiIiIiIiIiIiIiIiIiIiLyL2QKCQmx1KhRw+pmgwYNjK/MvlXuk74DIDFwwB0XJyKF8+efO5PJBHDLP8eFXZc7Lykp6Zb2FxHJz4YNG+jfv39RlyEiIiLyQAkJCaFTp05FXYaIyN9a7n8c/Wf6ty0REREREREREXnQFfRvW7nuNB92+fJlAPbv338b1d25Bg0aAOrAKiIiIiIiIiIiIiIiIiIiIiIiIiIi95kCrCIiIiIiIiIiIiIiIiIiIiIiIiIicl8pwCoiIiIiIiIiIiIiIiIiIiIiIiIiIvfVvybAGhgYiMlkwmQy0aBBA2JiYoq6JAAWLVpk1GUymVi0aNFd2zsmJoYGDRoYewcGBt61vR9E6enpBAQEGM/btWtXEhMTjfGIiIh79q5FREREREREREREREREREREREREpPCKNMCanZ1NdHQ0kyZNonXr1ri6umIymXB1daV169Y8//zzrFmzhuTk5KIsU+5ASkoKS5YsYcCAAXh5eRnh0UaNGjF06FDWrFlDSkpKUZcpIiIiIiIiIiIiIiIiIiIiIiIiIveRuagOvnjxIuPHj+err77KM5aamkpYWBhhYWHMmjULFxcX1q9fT7NmzYqgUrkd2dnZLFu2jIkTJ+bb7Xbfvn3s27eP+fPnU6lSJb7//nuaNGlSBJWKiIiIiIiIiIiIiIiIiIiIiIiIyP1WJAHWixcvMnLkSJYvX16o+ampqWRlZd3jquRusVgsLFmyhICAAFJTU286//Tp01y/fv0+VCYiIiIiIiIiIiIiIiIiIiIiIiIiDwKbojh0/fr1VuHVQYMGERMTw40bN7BYLGRkZHD06FHee+89KlWqVBQlyh04dOgQU6ZMsQqvdu7cmW3btpGRkYHFYiEpKYlFixap66qIiIiIiIiIiIiIiIiIiIiIiIjIv1CRBFhPnDhhdf3kk09So0YNzOachrB2dnZUq1aNSZMmsXv3bsaNG5fvPunp6axfv56hQ4dSq1YtTCYTJpOJ5s2bM2nSJKKiosjOzi6wjiNHjjB27Fi8vLwwmUy0bduWxYsXk5GRke98i8XCkSNHmDRpEs2bNzfOa9SoEa+++ipHjhzBYrHku/bUqVO8+uqrRp21atViypQpnD59usD60tPTCQgIMM7p2rUriYmJVnMCAwONcZPJRERERIH7FeTMmTNMmzaNjh074urqatQ3fPhwdu7c+Zfv8M+ysrJYunQpR44cMe717t2bhQsX0rp1a+zs7ABwc3Nj8ODBbNq0ifHjx1vtceLECWbOnMmgQYNo1KiR8Wyurq60bt2aSZMm/eW7FhEREREREREREREREREREREREZEHm7moCwCYNm0aAM2aNaNEiRKYTCZjrHTp0kyfPj3Pmr179zJmzJh8A5u7du1i165drFq1iu+++46aNWtajV+9epVp06bx/fffW3UJ3bZtG9u2bWPatGmMHTsWW1tbYyw9PZ0ZM2Ywbdo0qzUA+/btY9++fcydO5ePP/6Yp59+2gjjWiwWli9fztixY63CqjExMUyaNOlWXtNdl5mZyaJFixg7dixJSUlWYzExMcTExDBv3jzeffddXn/9dRwdHW+65/nz5wkLCzOuXVxcGD16NGXKlMl3vouLC++//77VvZ07dzJmzJg8c1NTUwkLCyMsLIxPP/2U4OBgBg0aZPX7RUREREREREREREREREREREREREQefEXSgbVu3bpW11u3buWRRx6hZMmSVK5cmQEDBvDNN98QFxeXb5fNI0eOMHr06NvqNgpw9OhRvvrqqzxB1FyLFi3i2LFjxnVmZiafffYZkyZNKnAN5AQsAwMDiYyMNO5FRUXlCa8+CCwWCyEhIbz44ot5wqt/NmPGDFauXFmofePj44mJiTGufX198fb2vqNa85Oamsq0adOIjY2963uLiIiIiIiIiIiIiIiIiIiIiIiIyL1VJB1Yu3TpwujRo5k1a1aesdOnT3P69GlCQkIAeOqpp5g8eTJeXl4AXL9+nfnz51uFRDt37syUKVNo2LAhZrOZ5ORktm7dyrx58/I939PTk8mTJ/P444/j5ubGmTNnGDNmjBHSPHDgAOfPnzc6t8bExLBgwQJj/aBBg5gyZQqVK1fmxo0bLF68mBdffJHU1FROnz7NmjVraNasGVlZWfz3v/+1Cq/27duX999/n+rVqwPw9ddfM2zYsDt5nbfl3LlzfP3110Ygt3Pnzvzf//0fjRo1Ijs7my1btjB8+HBOnz5NamoqP/30E927d8fFxeUv97127Rrx8fHGtb29Pfb29rdUm62tLc8//zwDBw7E19cXR0dHLBYLSUlJzJw5k8mTJwM5n9OZM2fydNgVEZG/n9y/90VERERERERERERERERERETk36FIOrAWL16cadOmERQURMmSJf9y7sKFCxk4cCBHjhwBICEhgZ9//tkYr127NtOnT6dJkyaYzTl5XDc3N/r27cuaNWvyDTd6eHjQunVr3NzcAKhYsSLdunWzmhMXF2f87/DwcON8T09PXn75ZapUqYLJZMLOzo5HH32UPn36GPOPHj1KWloaCQkJ7Nu3z6rWd999l5o1a2JjY4ONjQ0ODg6Femd3W3R0NBs3bjSuR44cSePGjbGxscFsNtO+fXsGDx5sjB8/fvymnVrvloEDB/LJJ5/g5OTEvHnzGDRoEJ07d8bX19cIr+a6cOHCfalJRERERERERERERERERERERERERO6eIunACjkh1ldeeYURI0awe/dutm7dSnh4OD///LPRFTRXZGQkP/zwA2+99RapqakkJycbY3Xr1qVSpUp3XI+zs3OBY38MScbHx+Pn5/eXe6WmppKZmXnPar0b/hz8fOyxx/5y/pUrV7h27dpN97W1tcXFxcX4DDMyMsjIyLil2nbt2sWYMWPYvXv3La0TEZG/r/79+xd1CSIiIiIPFHWoFxERERERERERERGRf7oi6cD6R8WLF6dt27a8++67bNy4kaSkJA4ePMigQYOs5v3222+FClA+yBwdHbGxKfJXfk95enpSr1494zoqKsroXlsYp06dYty4cUZ4tXPnzqxdu5Zz585x9epVvv3227tes4iIiIiIiIiIiIiIiIiIiIiIiIjcX/c9TZmens748ePZuHEj2dnZecbNZjP16tXj+eefz3e9g4MDxYsXN64PHz7M6dOn71m9YN2d1cXFhY0bN2KxWAr8tW7dOtzd3bG1tcVs/l+T27i4uDzdZW9FQkKCVUfXO+Hi4mJ1PW/evL98pv3791OzZs2b7lu2bFkaN25sXKempjJz5kzOnz+f7/wrV64QGBjIzp07gZxuuxEREcb4uHHj6Nq1K2XKlMHR0fF2HlVEREREREREREREREREREREREREHjBF0g700qVLdOrUibZt27JgwQJOnjzJ9evXAcjOziYuLo4VK1ZYrWnSpAmOjo55ApJHjhxhwoQJ7N+/n8zMTAAuX77MmjVr6N69OzExMXdcr7+/P56enkBOIPPNN99kzZo1XL582ZiTnp5OdHQ0gYGBjBkzhvT0dMqUKUOdOnWMOVu3bmXOnDmkpKQAkJyczC+//FLguSaTCVtbW+M6KiqK8PBwMjMzyc7OJjo6moMHD97WM9WrVw8/Pz/jevr06Xz99dckJiZisVgAuH79OidPnuTTTz9l4MCBJCYm3nRfe3t7nnzySSpVqmTcW7lyJcOGDWP79u3G55z7GbVr1463337bCDPnfoa5du/eTXp6OhaLhd9//509e/bc1vOKiIiIiIiIiIiIiIiIiIiIiIiIyIPDfPMp905YWBhhYWE3nde7d2969OgB5AQkAwICiIyMJDIyEoA1a9awZs&quot;
08-31-2019 12:59:36 Wire.java DEBUG [Forwarding screenshot on session 8224b39f135dddefa755fa7332753c0d to remote] http.wire 87 - http-outgoing-4 &lt;&lt; &quot;2aPOt8fHzuSp2NGjXipZdeYvz48UBOqDK3nvyMHDkSyOly2qVLF7755htjbPLkyUyePLlQ5zo4OFCtWjWre0OHDmXo0KG3+gh5eHl5MWbMGAICAkhNTSUmJoZnn322wPldunQp9N4NGzbkjTfe4I033jA6zq5evZrVq1ffdG3ZsmVxcXEx1r311lu89dZbhT5bRERERERERERERERERERERERERB58970Dq8lkwsHBodDzn332WYKDgylTpoxxr3bt2nzyySc0adLkXpSYh9lsZsyYMQQGBuLi4nJLa/v06cNLL71U4HhuZ9eC9O3bF39//3zH/P396d69+y3Vk8tkMtG/f39mzpxJyZIlb2uPgtja2jJ8+HBmz55NzZo1bzq/Zs2aFC9eHIBmzZrx5JNPFjj3Zu9LRERERERERERERERERERERERERB589z3A6uDgQFBQEL/++ivBwcEMHDjQKuTo4uJChw4deO+99zh06BBz586lbNmyefZp1qwZW7ZsISQkhGee+X/s3X18zvX////7YbMZtjimRWJDDIU5ybAQYlMi5TSJlbOE6P3WiZP3952RnPQuEpuU89EI867e5nwZmZw0YeYkJykn2VGs0bTt+P2xn9fHy4aN7Tg2btfLZZeL5+vseBwvr+M4XieP5+PZ17SN+vXra8yYMfr0009VrVq1fInbw8NDo0eP1t69ezVp0iQFBwebEj/r16+vvn37asmSJRo3bpw8PDwkSaVKldKkSZMUGRmpli1bGu8xJCREy5cv1/jx42/6un5+flqyZIlGjBghX19fSVJgYKBmzpypmJgYBQYG3vZ7cnV1VZ8+fZSYmKiIiAh17NjReA0pK7G0R48eCg8P16effpqnRFdXV1f17NlTO3bs0JIlS9StWzfTtuvXr69hw4Zp06ZN2rNnjwICAiRl7a/Jkydr5syZpvdWp04dLVmyRBMnTrzt9wsAAAAAAAAAAAAAAAAAAAoHS1RUlL1GjRqmiQEBAbLb7be1Qe+xX0iSksO633FwAHLn+s+dxWKRpDx/jnO73tXlbDZbnrYPADlZt26dunXr5uwwAAAACpWoqCi1bdvW2WEAQJFWtmzZHKdzbwsAAAAAAACF3Y3ubV11p/lhFy5ckCT98MMPtxHdnbta8NLhFVgBAAAAAAAAAAAAAAAAAABwbyOBFQAAAAAAAAAAAAAAAAAAAA5FAisAAAAAAAAAAAAAAAAAAAAcigRWAAAAAAAAAAAAAAAAAAAAOBQJrACKPJvNpi5duqhLly6y2WzODgcAAAAAAAAAAAAAAAAAcAsksALIF8uWLZPVas32N2XKFGeHBgAAAAAAAAAAAAAAAAAoZEhgBYA7NGXKFFmtVsXHxzs7FAAAAAAAAAAAAAAAAAAoEkhgBZAvunbtKpvNpoiICElSRESEbDabRo4c6eTIAAAAAAAAAAAAAAAAAACFDQmsAAAAAAAAAAAAAAAAAAAAcCgSWAE41JQpU2S1WhUfH69Tp05p6tSpaty4saxWq9q2basVK1YoPT09x3XT0tL03//+V127dlXlypVVrVo1hYaGav369bp8+XK25W02m7p06aIuXbrIZrPlab7NZtOnn36qZ555RlarVVarVe3atdN7772nxMREZWZmGutPnDhRktS+fXtjWavVqilTpmR7neTkZO3bt09Dhw5VtWrVZLVatWzZMr3zzjuqXLmyYmNjc3zvGRkZmjhxoqxWq/773//maZ8DAAAAAAAAAAAAAAAAQGHjWlAb9h77RUFtGsBdYOnSpdq4caN+/vlnY9quXbvUr18/vffeexo4cKAsFosx79KlSxo/frzCw8NN24mOjlZ0dLQkqXXr1vkS25EjRzR06FDFx8ebpu/cuVM7d+7U7t27NXv27Dxv98KFC5o2bZrmzZunP//80zQvJCREixcv1po1a9SkSRO5u7ub5p86dUobN25Uhw4d1Lx587y/KQAAAAAAAAAAAAAAAAAoRKjACsApVq9ereeee067d+/W+fPnde7cOc2ZM0cPPPCAvvnmG509e9ZY1m63a8GCBQoPD1dwcLA2bNigc+fOyWaz6fjx41q2bJkeffTRfIkrIyNDy5Yt0/79+/XRRx/p+PHjstlsOn/+vA4dOqTFixerWrVqkiSr1arly5frnXfekST973//k81mM/5Gjhxp2vauXbu0Zs0aTZw4USdOnDCW69q1qx577DF17NhRmzZt0rFjx7LFtWXLFu3atUvt2rVTmTJl8uW9AgAAAAAAAAAAAAAAAICz5HsF1uSw7vm9SQB3oVmzZqlt27ZGldVixYqpffv2io2N1cqVK3Xq1CmVL19eUlb10VWrVikwMFCTJk1S5cqVje14eXmpfv368vHxyZe4/vrrL506dUp+fn5q1qyZvLy8jPjKlSun9u3bq3379re17aZNmyo8PFyVKlXKNq9kyZIKDg5WZGSkNm7cKH9/f2Pf/PHHH1q7dq0aNmxI9VUAAAAAAAAAAAAAAAAAdwUqsAJwivvuu89I0LzKw8NDDz30kP78809lZGQY048ePaodO3aoTZs2OSZ/5qfixYurTJky2rdvn+bOnavjx48rMzMzX7bt4eGhUqVK3XB+48aN1bJlS61bt07nzp0zpickJGjz5s1q3bq1HnrooXyJBQAAAAAAAAAAAAAAAACciQRWAIXeb7/9Jkny9fXNlvSa39zc3BQaGqrAwEDNmjVLDRo0kJ+fnzp37qwpU6YoMTEx3xJar+fj46O2bdsqNjZWO3bskCSlpaVpzZo1Klu2rEJCQuTi4lIgrw0AAAAAAAAAAAAAAAAAjkQCKwBc5+GHH9bKlSv15Zdf6pVXXlHNmjUVGxuriRMnKigoSB9//LHS09Pz/XUtFotat26tGjVqKCYmRpcuXdKxY8e0adMmPfXUU6pdu3a+vyYAAAAAAAAAAAAAAAAAOINrfm/Qe+wX+b1JALmUHNbd2SG+ilmmAAAgAElEQVQUCFfXrK+q1NRUh71miRIl1KpVK7Vq1UqSdOXKFW3fvl1hYWEKDw9Xy5YtFRAQkO+vW6VKFbVq1UqrVq3SwYMHFR8fr19//VUhISFyd3fP99cDAAAAAAAAAAAAAAAAAGegAiuAQq9GjRqqVq2aduzYoZSUlGzzMzMzlZGRccP1L1y4kON6qampunz5cq5icHNzU4sWLdSuXTudPXtWaWlp2ZbJ7bZuxt3dXSEhIUpNTdX8+fMVGxurJ554QvXq1bvjbQMAAAAAAAAAAAAAAABAYZHvFVivulsrQQKF0d1e+bhKlSoKDAxUZGSkfH19NXDgQJUpU0aXLl3Stm3bFB4ertjYWLVu3dq0XunSpeXv769Zs2Zp6dKlGjx4sDw9PfXHH3/o66+/1rRp03TkyBHTejabTZMmTdJjjz2mZs2aycfHR66urkpPT9exY8e0a9cu1ahRQ/fdd5+xjp+fnyRp+fLlqlWrlh544IE7er/16tXTE088oYULF0qSpk+frjJlytzRNgEAAAAAAAAAAAAAAACgMKECK4B8sWzZMlmtVg0cOFCSNHDgQFmtVk2ZMuWOt12yZEkNGzZMDRs21KRJk1S1alVZrVY99NBD6tatmy5evKhKlSplW8/NzU0dO3ZUpUqVNGnSJPn6+spqtapq1ap65513FBgYqEcffTTbekePHtWAAQP06KOPysfHR1arVT4+PgoMDNS2bds0YMAAVa9e3Vg+MDDQSLCtVauWrFbrHb33MmXKqGvXrpKk5s2bq02bNre1HQAAAAAAAAAAAAAAAAAorEhgBVAk1KhRQ5999pleffVVVapUSaVLl1abNm00f/58LViwwJRQeq3GjRtrwYIF6tSpk0qXLq2yZcuqV69e+uabb/Tvf/9bPj4+puXLlCmj9957T//+97/VsmVLlS5dWpL08MMPq3fv3vrmm28UGhoqFxcXY53KlSvrgw8+UK9evVS2bFlJUt26dVW+fPnbfr+lS5dW6dKlFRwcfEfbAQAAAAAAAAAAAAAAAIDCyBIVFWWvUaOGaWJAQIDsdvttbfDqUObJYd3vODgAuXP9585isUhSnj/HuV3v6nI2my1P20fuXL&quot;
08-31-2019 12:59:36 Wire.java DEBUG [Forwarding screenshot on session 8224b39f135dddefa755fa7332753c0d to remote] http.wire 87 - http-outgoing-4 &lt;&lt; &quot;p0SW+++aZ27typefPmqWbNms4OCShQ69atU7du3ZwdBgAAQKESFRWltm3bOjsMACjSrnY0vh73tgAAAAAAAFDY3eje1lV3mh924cIFSdIPP/xwG9HduYCAAElUYAWAQuf777/X6tWr1apVK1WpUsXZ4QAAAAAAAAAAAAAAAABAviOBFQAKkbS0NK1Zs0aSFBISInd3dydHBAAAAAAAAAAAAAAAAAD5jwRWAChE9u/fr1WrVqlDhw5q0KCBs8MBAAAAAAAAAAAAAAAAgALh6uwAAAD/p0GDBkpMTHR2GAAAAAAAAAAAAAAAAABQoKjACgAAAAAAAAAAAAAAAAAAAIcigRUAAAAAAAAAAAAAAAAAAAAORQIrAAAAAAAAAAAAAAAAAAAAHOqeS2ANCwuTxWKRxWJRQECAkpKSjHmXL1/WoEGDjPkhISFKTk4u0HiSk5MVEhJyw5gAAAAAAAAAAAAAAAAAAADuNk5PYM3MzNS+ffs0duxYNW3a1Ejk9Pb2VkhIiCZPnqzExERlZmY6O9RbujY51mKxaPHixc4OCQAAAAAAAAAAAAAAAAAAoNBxagLrmTNn1L9/f9WpU0fjx4/X9u3bjXk2m00xMTF66623VLt2bb311lv666+/nBht0ZGUlKSAgAAjkXbQoEG6fPmys8MCAAAAAAAAAAAAAAAAAACQJLk664XPnj2rQYMGKTo6OlfLp6SkyG63F3BUjuft7a01a9Y4OwwAAAAAAAAAAAAAAAAAAACHcUoCa3p6uqZPn25KXvX09NTo0aPVp08fPfDAA8rIyFBiYqJmz56t+fPnOyNMAADgIFFRUc4OAQAAAAAAAAAAAAAAAA7klATWpKQkrVy50mh7enoqPDxcPXv2lMViyQrM1VV16tTR9OnT1aNHD61atcpYPi0tTRs3btSmTZu0c+dOJSQkyGazSZL8/f1Vv359derUSc8884xKlSrl2DeXR5cvX9aIESMUEREhSQoODtbixYvl7e1tLJOWlqZvv/1WkZGRSkhI0J49eyRlvdemTZsqODhYrVu3lo+Pj8LCwvSvf/3L9BoRERHG9iUpLi5OQUFBDnh3AADcWtu2bZ0dAgAAAAAAAAAAAAAAABzMKQmscXFxSkxMNNqdO3dWhw4djOTVa1ksFgUFBZkSLv/8809NmzZNMTEx2ZZPSkpSUlKSli5dqk6dOikiIkIPPPBAwbwRBzh79qyGDh2qZcuWZZt39b3OmzdP48aN09ixY50QIQAAAAAAAAAAAAAAAAAAQN44PIH1ypUrSkpKMk1r1qyZvLy88v21oqOj1ahRI40ePTrH5NjCLi0tTVOmTMkxeRUoDKxWq7NDAAAAAAAAAHJkt9tvOp97WwAAAAAAACisbnVv625RzNEvmJGRoUuXLpmmlS5dOs/bqVChgiIiIvTLL78oIyNDdrtdaWlp2rp1qwIDA43lDh06pD///POO43aGM2fO6LvvvjPaL730ks6fPy+73S673a6UlBTFx8dr1KhRKlYs679y7NixOnjwoOrVq2esN3DgQF26dMlY79pqtgAAAAAAAAAAAAAAAAAAAI7m8Aqs+cHb21tz587VuXPntH37dsXFxSkhIUEXL17U9u3bTcueO3dOV65ccVKkd6ZkyZIqWbKk0V6wYIF++eUXtWvXTvXr11f16tXVoEEDNW7c2IlR4l50r2T4AwAAAAAA4O7DvS0AAAAAAACgcHB4AqvFYpGLi4tpWl4rpKampur999/XtGnTlJKSkp/hFSpWq1Xt2rXT+vXrjWkbNmzQhg0bjLavr69GjBihAQMGyMPDwxlhAgAAAAAAAAAAAAAAAAAA5EkxR79giRIl9PDDD5umbd++Xampqbla3263a86cORo/frxSUlLk6emp8ePH68CBA7LZbDp37pyCg4MLInSHc3Fx0bBhwzRz5kz5+vrmuMyJEyc0fPhwjR8/Xunp6Q6OEAAAAAAAAAAAAAAAAAAAIO8cnsAqSUFBQapQoYLR/vLLLxUdHZ3j0E12u107d+7U6NGjdfnyZf3xxx9at26dMf/ZZ5/VsGHDVKtWLZUtW1bFijnlLRUYd3d3vfrqqzpy5IgOHjyoFStWaPTo0WrZsqVpuc2bN+uXX35xUpQAAAAAAAAAAAAAAAAAAAC555Rsz3r16umFF14w2ikpKRo6dKimTp2qM2fOyG63Kz09XUePHtWbb76p1q1bKzk5WZKUmZlpqjR66NAhHTt2THa7XVeuXNH333+vkydPOvw9FYSkpCT17NlTCxcu1M8//6wqVaqoc+fOGj9+vKKjo/XSSy8Zy6alpenvv/+WlFW51dXV1Zh34MAB/fzzzw6PHwAAAAAAAAAAAAAAAAAAICeut14k/7m7u2vw4MH68ccftXbtWkmSzWbTm2++qTfffPOm65YoUcJUvTU+Pl716tUr0Hhv14svvqgXX3wxx3kDBw7Uhx9+eMttJCYmaunSpbdc7oknnlClSpUkSd7e3ipfvrwxb8uWLfL39zfacXFxCgoKuuU2AQAAAAAAAAAAAAAAAAAACoJTKrBKUtWqVTVnzhxTFdGb8fb2louLi0qVKqW+ffvK19c3x+V8fHzk6emZn6EWel27dtWIESPk7u4uSSpTpow6derk5KgAAAAAAAAAAAAAAAAAAABy5rQEVkmqVKmS5s6dqx9//FFjxoxRkyZNjHlWq1UdOnTQzJkzdfLkSY0fP15ubm6SpBYtWig6OlqhoaGyWq2SJE9PT4WGhiomJkbNmjVzyvvJb9WrV9eSJUs0adIkBQcHG+9VkurXr6++fftq7dq1WrhwoSpWrGjMs1gsCg0N1cqVK9W1a1fTPmrTps09l+ALAAAAAAAAAAAAAAAAAAAKF0tUVJS9Ro0apokBAQGy2+23tUHvsV9IkpLDut9xcABy5/rPncVikaQ8f46vrgcAAAAAAAAAAAAAAAAAKNxuNz/swoULkqQffvgh32PKjYCAAElOrsAKAAAAAAAAAAAAAAAAAACAe4+rswMAUHjcbuVlAAAAAAAAAAAAAAAAAADyggqsAAAAAAAAAAAAAAAAAAAAcCgSWAEAAAAAAAAAAAAAAAAAAOBQJLACAAAAAAAAAAAAAAAAAADAoUhgBQAAAAAAAAAAAAAAAAAAgEORwAoAAAAAAAAAAAAAAAAAAACHIoEVAAAAAAAAAAAAAAAAAAAADkUCKwAAAAAAAAAAAAAAAAAAAByKBFYAAAAAAAAAAAAAAAAAAAA4lGtBbdh77BcFtWkAAAAAAAAAAAAAAAAAAAAUYVRgBQAAAAAAAAAAAAAAAAAAgEPlewXW5LDu+b1JAAAAAAAAAAAAAAAAAAAA3EXyPYEVQOFhsVicHQIAAAAAAAAAAAAAAAAAANkUc3YAAAAAAAAAAAAAAAAAAAAAuLdQgRW4C9ntdmeHAAAAAAAAAAAAAAAAAAAohC5evOjsECQVQAKr99gv8nuTAHIpOay7s0MAAAAAAAAAAAAAAAAAAOCWijk7AAAAAAAAAAAAAAAAAAAAANxb8r0C61VUggQch8rHAAAAAAAAAAAAAAAAAICihAqswD0gNjZWQ4cO1e+//85fEfi70f8fcDfhuM4f7Mf8wX7MH+zH/MF+zB/sx/zBfswf7Mf8wX7MH+zH/MF+zD/sy/zDvsw/7Mv8w77MP+zL/MO+zD/sy/zDvsw/7Mv8w77MP+zL/MO+dCz2d/5hX+Yf9uXdiQRWAAAAAAAAAAAAAAAAAAAAOBQJrAAAAAAAAAAAAAAAAAAAAHAoElgBAAAAAAAAAAAAAAAAAADgUCSwAgAAAAAAAAAAAAAAAAAAwKFIYAUAAAAAAAAAAAAAAAAAAIBDkcAK4K4QHx8vq9Uqq9WqFi1a6MiRI8a8ZcuWGfO6dOkim83mxEgBAAAAAAAAAAAAAAAAACSwAiiUzp49q86dOxuJp1arVTNnzpTdbnd2aHCCrVu3ymKxmP4WL16cbbnFixcb8wcNGqTLly87IVoUVfv371ft2rVNx9mKFSucHVaREBYWlu0zeu1f06ZN9f777+u3335zdqhFxsmTJzV58mQ9+eST8vLyksVikZ+fn7p3767IyEglJyc7O8&quot;
08-31-2019 12:59:36 Wire.java DEBUG [Forwarding screenshot on session 8224b39f135dddefa755fa7332753c0d to remote] http.wire 87 - http-outgoing-4 &lt;&lt; &quot;RCKaffi6t/fn5+6tSpkz766COdPHnS2aEWepcvX9agQYNu+tnmNzd3bvUdyX7MvcuXL2vt2rUKDQ1VgwYNjH1Xs2ZNde7cWbNnz9a5c+ecHWahdP33Y07n0snJyQoJCTGWCQsLc0KkRcPNfm+u/m3dutXZYRYJSUlJCggIyHEfhoSEcM5zC7f6bKenp2vSpEmmZSZNmqT09HQnRVy4XX/+wzGYNzl9nm90Tf3ZZ5/xeb+FnPbnxIkTlZGRYVru2u8B9uOtJScna/bs2XrmmWfk7e0ti8Uib29vPfPMM5o9ezb7Lxduda14dX9GRkYqNTXV2eEWCRyXd+5W5+dX9+eXX36ptLQ0Z4dbJGRmZmrfvn0aO3asmjZtatqXISEh+ve//63NmzfzOb+BvNxXu/oXEBCgpKQkZ4de6OT2HP3a+2/sy+wyMjI0atQoYx/Vrl1b+/fvz3HZEydOKCgoyFj2X//6V7ZzUEjr1q0zfYa/+OIL0/zrj92cjsvrz/knTpzoyLdQZCxdutR4TmaxWDRgwIBsvz8ZGRmaMmWKsYyXl5ciIyPJLbnOzp075efnZ+yn1q1b65dffsm23LfffqsHH3zQWO6f//wn51A5yOvvPc+Abo4EVgCFUmJiomJjY03Ttm/frgsXLjgpIhQ2n332WY4nVMDtiouLU2JiomlabGwsJ+T5YPv27XrnnXf0zDPPZNvHMEtPT9esWbNUv359vfXWW9qwYYNSUlIkZd04ioqKUq9evVSjRg3t2LHDydEWLSdOnNDq1as1YsQIPfrooxo/fjwXikARsnv3brVt21bBwcGaN2+e9uzZY8xLSkrSqlWrNHDgQD388MOaNWuWEyMFgMJj+fLlmjBhgtEePHiwhgwZIldXVydGhXvJ0qVL9fvvv5um/f777/r666+dFFHRtnDhwhsmGuDm7Ha7Vq5cqaCgIA0cOFBfffWVMUqXzWbTV199pYEDByooKEgrV67kQfcduLo/e/XqpdDQUJ09e9bZIRVaeTku16xZw3F5B67uzy5duuiNN94g6fIWUlJSNHr0aNWpU0fjx4/X9u3bjXk2m00xMTF699131apVK61atcqJkQLILRcXF7Vp00aenp6Ssp7DX/vZvlZCQoK2bdsmSfL09FTLli3l4uLisFiLisqVK6tevXpGOzEx0fRbfe7cOf34449GOyEhIVsC68mTJ5WQkGC0GzVqVIARF12dO3fWgAEDjPbSpUsVHR1t2t9xcXH65JNPjHafPn3UuXNnWSwWh8Za2NWvX18DBw402ps2bdLy5ctN+/Ly5cuKjIzU6dOnJUn16tXTK6+8Ind3d4fHi3sLCawACp0rV65o3bp12aZv3ryZHnMwbNq0SZGRkfT6Q764cOGC1q9fn216bGysjh8/7oSI7k7x8fH68ssvueF+A3a7XeHh4XrrrbeMBxY3YrPZ9PfffzsosrtPSkqKxo4dqylTppCkDhQBsbGxeu6553JV0TIlJUXnz593QFQAULglJibqo48+MjpDderUSf/6179UqlQpJ0eGe8maNWu0e/du07Tvv/8+x+tv3FpiYqI+/fRTOuLdhi+++EJ9+vS55b3lpKQk9enTJ1sFLdyeZcuWcd19E3k5Lnv16qXly5c7KLK728yZM7V06VJnh1FopaWl6d1339X777/v7FAA5LPatWsrMDDQaMfFxWVL6L9y5Yo2b95stIOCgkxJmvg/Dz74oOrWrWu09+/fr4sXLxrtU6dOmRJYJWnv3r2m52P79u0z/t2sWTPVqFGjACMuutzd3TVkyBAFBQVJyrr/O336dB05ckRS1si+H374oU6cOCFJatWqld5++215eHg4LebCysXFRT179jT2pSTNnTtXhw4dMtpbtmxRZGSk0Q4NDVXNmjUdGifuTfd8AmtOJX2vfSh2fdluhtADCt7p06dzrCr3559/auPGjSQswjB37lwqTyBfJCUl5ZgUk5CQoLi4OCdEVHTVq1dPBw8elN1uV0ZGhtatWydfX19j/qlTp/TXX385McLCa9euXZo6daqRZODp6am33npLp06dUmZmptLS0hQbG6sOHTo4OdKiY9GiRbLb7bLb7bLZbPr888/l7+9vzJ86darWrFnjxAiLjuDgYJ0/f97Yn9f+hYeHczMol679jmQ/5s65c+f0n//8x7gBKUkdOnQwqqTb7XalpaVpy5Yt6tmzpxMjxb0kKChIdrtdly5dMlUtGDhwoC5duiS73W66EYwb8/f31w8//JDj/sTtO3v2rN555x3Fx8dLkgIDAzVx4kQ98MADTo4M95qUlBStXr3aSF5LTU3VkiVLjGse5N38+fO1ZcsWZ4dRpBw/flwzZswwXWtPmTJFNpvNuFacMmWKUZEsJSVFM2bMoENzLl17rfj3339r06ZNpuSY7777TmfOnHFihIVTXo9Lm82madOmcVzm0rX3g9LS0hQdHW26P7l//35duXLFiREWXklJSVq9erXRHj16tE6fPq3MzEzjc/7zzz8rOjpaPXv2VLFi93yqQY48PDwUHh5uuu9z8OBBUyLgtcep3W7XDz/8YLpvCeS38uXLq2XLlkY7Pj4+2+/K6dOnjetIKev+h7e3t8NiLEo8PT1Vv359o33s2DH99ttvRnvHjh3ZrnsOHTqkP//8U5J06dIlHThwwJhXu3Zt3X///QUcddHl5+enkSNHGudG8fHxmj59ui5evKh58+YpOjpaklShQgWNGTNGFStWdGa4hZqfn59effVVo52QkKDFixcrIyNDv//+u+bMmWMcu08//bS6d+9OJdsbyOn3/urfgQMHTNdFvr6+6tmzJ8+AbsIpZ5XJyckKCQkxJY22bt36hkNB79+/X7Vr1zYtP2jQoCLX0/j06dNq27at6X0EBQWZHsQByOp9tGvXLklS69atNXjwYGPejh07qKh0j6tevbqRvJWYmKgFCxbkqhf/4sWLje/egIAAU8/263+XFi9ebMzbunWrab3ExERt2rRJnTt3lpeXl2rWrKnJkycbJ3LHjx/XG2+8IT8/P3l7e+vll1/W4cOH83kvID/Z7XbFxcUZQyG8+OKL6tu3rzE/p16oyJ1ixYqpfv36pp55VqtVbm5uToyqcMrIyNDq1atN54WjR4/W+PHjVbFiRVksFrm5ualFixaKiopSWFgYN4jzqGzZsgoNDdXKlSuNi8aUlBQtWrRIFy5ccHJ0AG4kLi7O9PCsX79+ioyMVIsWLYzfEzc3Nz3++ONatGiRvvrqK5UoUcJZ4QKA06Wnp2v69OnGwxtfX19NmjRJtWrVcnJkuFctW7bMGBZz//79iomJkaenp3x8fJwcWdHSvXt3SVnXMHPmzNHvv//u5IiKjg0bNpg6Lb/55psaPny4ypYtKynrWnH48OF68803jWW2bt2qDRs2ODzWos7V1VVPPPGEQkNDjWmpqal0ZM4Bx6XjuLm5KSgoyHR/skSJEgyHfQMpKSmm5xkNGjRQ+fLljcQVV1dXPfTQQ+rYsaMiIyPpSAoUIRaLRa1atTISABMTE7V9+3bTMrt27dK2bdskZSUCtmvXjsS1m3j00UeNf+/atUu//vqrpKzv0j179mRbfu/evcYyf/zxh1FBVMpKYC1ZsmQBR1y0Pf300xo6dKjRnj9/vt5++23NmjXLmPb666+rRYsWzgivSHnqqafUtWtXo718+XLt379f3377rVH0xdPTU/3791f58uWdFWaRdX3Hck9PT7333nscm7dQaJ56b9q0KcfqRxkZGfriiy+UmJjohKjy14EDB0w9ViRp27ZtRqIebs+1SWnXJ56h6Ll06ZJiYmKMdsOGDdW+fXuVLl1aUtbwoXfD9wFuX8mSJfXaa68ZFY1mz56t2NhYh7z2uXPn9MYbb6h169ZatWqVUlJSlJSUpLfeekv/+Mc/9Mknn6hhw4bGMAU2m01z585VaGgoveMLsTNnzuh///uf0X7iiSf05JNPGu2tW7fq6NGjzgityEtPT9e2bdt08OBBSVkPz5977jluEOfg4sWLpqE1AwMD1a1bN7m6umZb1sPDQ2PGjFHTpk0dGeJdo2bNmurWrZvRTkhIoEMZUEhduXLFVA&quot;
08-31-2019 12:59:36 Wire.java DEBUG [Forwarding screenshot on session 8224b39f135dddefa755fa7332753c0d to remote] http.wire 87 - http-outgoing-4 &lt;&lt; &quot;m9QoUK6t+/v3Gj/XrFihXT008/rZEjRzoqRAAoVOx2u6KiovTxxx9L4gY5nGvYsGGqVauWTp8+ra+++sqogHf69Gk9+eSTev75550dYpHSq1cv4wHjsmXLtHz5ctPwo8jZX3/9ZbrWrl69ujp27JjtWtvV1VUdO3ZU9erVjWm7d+8m8fI22O12U0dwV1dX7gNdh+PSsS5cuKAVK1YYCVmSVK1aNY7LGyhRooQqVKhgtPv376+XXnpJkZGROnbsGJVrgSKudu3apudf1xZwuToC3FVNmjQx/QYhuxo1aqhZs2ZG+2oOg81mM54rBgYGKiQkRFLWs4iTJ09Kkk6ePGnkCXl6eqpx48aODL1IcnV11eDBg9WqVStJWYnCs2bNMp7vdOrUSX379s3xuRrMypYtq0GDBhm/+YmJiQoLC9O0adOMol0vvPCC2rVr58wwi6TU1FSNGzfO6FguZRUs6tatGx0CbqHQJLBK0tdff52t5/DJkye1du3aAnvNnEr6FsQwb1euXNHXX3+d4/BIa9euLXLVZIGCcvLkSe3cuVOSVLp0aTVr1kw1a9Y0lddet24dF8n3uCpVqqhPnz6SHF95okePHrp06ZL+/vtvzZ0715j+6aef6siRI9q3b58yMzO1ZcsWo8LN1q1bcxyeHoXDtR1MatWqpSZNmqhRo0bGcD6HDx+mukEeJCQkqGbNmrJYLCpevLg6duyoEydO6LHHHtPnn3+uhg0bOjvEQik5Odk0pF5AQAC9GguIxWJRo0aNjPbhw4d19uxZJ0ZUNMTExKhcuXKmjmNX//iNy71rvyPZj7eWmpqqQ4cOGe1HHnlEVapUcWJEd48XX3wx2zFYrlw5U2dCAEXPf//7X40aNcq4/8gNcjhT3bp11bZtW0nS6tWrtXr1aq1cuVJSVuWca5NjcGtWq1X9+vUzOvLMnz+fjni5cPnyZdN+qlq16g2HE61YsaKqVq1qtE+cOMFzmzy6cuWKYmJitGDBAmNa7dq19cADDzgxqsKH47LgXXu9U6ZMGQ0YMMA4P+rUqZMxwhuyq1q1qh5//HGjbbPZtHDhQvXq1UtVq1ZVuXLl1LlzZ61ZsyZXI+MBKFzKlClj+ozHx8cbBXh+/fVXUzG25s2bG5XBkTMfHx/VqVPHaCclJenKlSs6dOiQ0XGiWbNmat++vbFMfHy87Ha7Dh06ZPw2NWzYkHueuVSxYkWNGTMm2/Wkr6+vxowZw3lnHgQFBemFF14w2suXL9emTZskZT0vHzx4MMPd51F6erpmzJihmTNnGtMGDx6sIUOGkFidC4UqgXXlypXGB0LK6qm5evXqbFVLi6JffvnF1LvvWt9++61++uknB0cEFE7bt283HlI3bNhQNWvWlNVqNSWw7tixwxjqG/euTp06qWPHjpIcV3nCx8dHTZo0kYeHh1xdXdW0aVMjyVGSGjVqpAoVKshisahOnTp65JFHjHl8zxdOGRkZ2rBhg3GRGBgYKD8/P1WuXFlNmjQxltuyZQvD892hgwcPav78+aYhUfB/MjIylJ6e7uww7hnXV9k4d+6ckyIBcDOZmZmm70YXFxcVK5Z1GyM5OVkhISE5JgMPGjSIh7oA7klRUVGmhJiLFy86MRrc680qJvoAACAASURBVEqUKKGOHTvK09NTCQkJ6tatmxITExUYGKjWrVs7O7wiqXnz5sYDxq1bt+rTTz/lOvIWrj+fzIv09HRlZmbmc0R3n2s7O7q7u6t9+/ZKSEiQlFVN7Pnnn7/hCAr3Ko5L53n55ZcVHh5OcstNlC1bVmFhYTcs9pSSkqJVq1apffv26t+/v3777TcHRwjgTlgsFrVs2dJUdXH79u2SpD179hh5OdWrV1ebNm2cFmdR4eHhofr16xvtxMREXbhwwZTf1LBhQzVs2NA4Hzp06JBsNpt++OEHY5natWvLarU6LvAirlGjRmrZsqVpWps2beTv7++kiIomd3d3vfLKK6Zch6tCQ0NNeQ64taujIk2YMMGY9vTTT2vs2LEqVaqUEyMrOgpVAquUVSngapnyM2fO6KuvvsrVeikpKYqKitJrr72mFi1ayMvLy3h41aBBA4WGhmrdunU59gYLCwszlg0ICFBSUlK+vidJ2rZtm/FD5enpqWeffdaYl5iYaBoWMSd2u13Hjx/X5MmT9eSTTxrvz8/PT927d1dkZKSSk5PveJ3U1FQtXbpU3bt3l5+fnywWi7y9vfXMM89o9uzZ2ZaXsnqLDho0yNiHISEh2Za7dh9fX11o69atpnmLFy9WcnKyZsyYoSZNmshisahmzZr617/+ZboQuvrA8sUXXzS91rU9K6+PJTk5WbNnz1anTp2M92exWNS0aVONGjVKmzdv5kGnE128eFGbN2822o0bNzZufjVv3lylS5eWJO3atUt79+51VpgoJHx8fPTaa6+ZKk9cW6HL2dzc3OTt7e3sMHALp06dMg2J8vjjj6tUqVLy8PBQ8+bNjenbt2/X4cOHnRHiXSMlJUULFixQ7969jWFU8H9cXFzofedAGRkZpraPj4+TIgFwM8WKFTN9N2ZkZPCwFgDy4OOPP1ZUVBTDjMNpGjRoYBqiVJLatWunypUrOymios3Dw0ODBw82RvxZvHjxXVH8oyBdfz6ZF66urkbnKeSdp6en3nvvPT399NPODqXQ4bh0jsDAQL399tuMeJQL/v7+iomJ0ZIlS/Tss8/eMAl94cKFmjNnTrb7bAAKtxo1apjO0ePi4pScnGx6VhYUFKRq1ao5I7wi59FHHzW+J48ePapDhw4Zz6urV6+uOnXqqEqVKsbohAcOHNCRI0dMz7Tr1q2rEiVKOD74Iuqbb77R119/bZr2+eefKzo6mvsfeVSzZk2FhoaaprVq1UovvPBCtkIwuLlvv/3WNCqSr6+vRo4cyblnHhSKq5wKFSoY2fBffvml0ctj48aNWr9+vSTd8iL3119/1XvvvaeZM2dqy5YtxkEhZfUWmTdvntq1a6c33njDSJB1lNTUVON9SFkXSdfeaJKyeqneqLLb5cuXNWHCBNWtW1dvvfWWqVLciRMnFBUVpV69epnKEN/OOrt371ZwcLB69uxpqthgs9n01VdfaeDAgQoKCtLmzZsL9It//fr1atOmjYYOHWrcgEtKSlJYWJgGDhx42735vv32WwUFBWngwIFavXq1qSLF9u3bNXHiRLVq1Uq7d+/Ol/eBvDty5IjppuuUKVN0//33y2q1qn379vrzzz+NeZs2bdJff/3ljDBRiFxfeSIsLMzJEaGo2bVrl6lCer9+/YzODdd2kDh9+rTWrl3LhU8u1KtXTwcPHpTdbpfdbldaWppWrFhh9OiNj4/XmjVrnBxl4ePt7W26iDlw4ECOHYdw5+x2u3bu3Gm0q1evTuWNXAgODtb58+eNz/a1fzeqyoHsrv+OZD/enIeHh3x9fY32/v37dezYMSdGdPdYtGhRtmPw/PnzCg4OdnZoAO5Ap06dtG3bNuM3JSUlRdOnT9fBgwedHBnuVWXLljXd169QoYI6dOjAg7A78Mgjj6h3796Ssu7zv/XWW06OqHC7/nzyp59+0i+//JLjsr/88otpBCVfX1+GzLwN/v7+euONNxQfH6/XXnuNzro54LgseIsWLVJmZqY++ugjY1p8fLw++ugjhz8jLqpKlSqlHj16aOXKlTp//rx++uknLViwQB06dDAtt3XrVqr+A0WMp6enqXplfHy84uLiTM/orxZ7wa1dm5x6+PBhbdy40SjEVaNGDVWqVEnlypUzKrXu2rVL69evNxJYK1SooEaNGjkn+CIoMTFRH330kSkf7KqpU6dy/yOPLBaLgoODVadOHWNaq1atVLFiRSdGVfQcP35co0ePNnLQrnbma9GihZMjK1oKRQJr3bp1NXz4cElZN1ZXr16t06dP68svv5SUlfDZtWvXfHmtmTNnatWqVfmyrdw6evSoqeJo06ZN1aRJE9PBeqPKbunp6Zo+fbrGjh2b45dwTm5nnePHj2vYsGGmOHOSlJSk4cOHF+gX/7x584whZq63cuVKrV27Ns/bPH78uEaNGlUg1XWRP+x2u7Zv366zZ8/mavlt27bp+PHjBR&quot;
08-31-2019 12:59:36 Wire.java DEBUG [Forwarding screenshot on session 8224b39f135dddefa755fa7332753c0d to remote] http.wire 87 - http-outgoing-4 &lt;&lt; &quot;wVCjsPDw/169fPdMMPyK20tDRTj9JbiY2N1ZkzZwoworuTm5ubWrRoobp16xrTru2QgCxeXl5q0KCB0d6yZYsWL16c45ByaWlp+vjjj/Xdd985MsS7xsGDBxUVFWW06U0OFF4lSpQwfTeePn1a7733ns6ePStvb2+tWbOGxEvgLnLlyhU68Nyhrl27qmnTpho5cqRRASY+Pl6jR49meFc4TevWrRUYGCgpq1MUwxDeGRcXF/Xs2ZPOT7l0/fnk4cOHtXr16mzX2unp6Vq9erXpGU2DBg2ohJUL13d2PHjwoD744APVqlVLFovF2eEVShyXjmGxWPTSSy+Zni8vXLiQ6my3sHTpUs2YMcM0WqWbm5uqVKmi3r17a9GiRerVq5cxLz09nZFSUKDc3NxMQ6ufOXNG58+fNy1z+fJlU0eAq8WRcGNNmjQxiq0lJiZq8uTJRgJrvXr19PjjjzszvCLl2uRUSZo1a5aR61K3bl15eXnJzc3NSHKVpE8++cT4fX/kkUcYoSKXUlNTNWPGDONYDQwMVEREhJEnkJCQoA8//JDOKnlksVio8H8HUlNTNWXKFFOu3ejRo9WtWzeuh/Ko0ByFjz/+uFGqPDo6WhEREUbV0nbt2qlKlSq33Ea9evW0ZMkSnT9/XpmZmbLb7bp06ZKio6OzVW1x1HAGdrtd69evN36APD09FRwcLE9PT9PQxDeq7LZv3z7NmjXLaHt6emrKlCmy2Wyy2+36+++/tX//fv3zn/80Dv68rmO327VixQrTB6p37976+eefZbfb9euvv6p///7GvISEBM2bN09XrlzJ3531/xsyZIiOHj2qjIwMXbp0SRMmTDDNP3z4sOx2u/HActGiRab511aSWbNmjby9vbV3717T+wsPD9fff/8tu92ujIwMnTt3Tl999VW+JUoj72w2mzZt2pTr5Q8dOmSqnoZ7V0BAgOmGCZBbx48fz1MCa3x8vA4cOFCAEd2dUlNTtWLFClOlW6pvZOfi4qKOHTuazlknTJigsLAwnTlzRna7Xenp6dq1a5d69+6tYcOGcXM4jy5cuKBFixapc+fOxg0OT09P9ezZk97kQCEWEhKiVq1aGe3o6Gj16dNH//vf/3ThwgUnRgYgP12+fFlRUVGKiYkxplWrVo3f6NsUEhKiAQMGGO2VK1fq888/z7FzFFDQqlSpou3bt8tut2vu3Ll8rvOBr6+v+vTp4+wwiow2bdqYEn4nT56sjz76yBgR7/fff9dHH32kyZMnG8sEBQWpTZs2Do8V9w6OS8coW7asxowZYyRppaSkaPz48frxxx+dHFnhlZGRoaFDhyowMFDTpk3T8ePHjXPI9PR0HTt2zJQ8WLt2baPjFFAQXFxcTB2gEhIS9MEHH+j06dOSsq4lFy1apMjISGOZ2rVry8vLy+GxFiVVq1Y1FVu79vlNkyZNSKjMAzc3N2O0aUnGsSll7curo0/UqVNH1atXz7ZMnTp1dN999zko2qLLbrcrOjpaCxculJT1bGfYsGF6+eWX9dprrxnLffrpp4qMjKSzChwiPT1dM2bMMI18PnjwYA0ZMoRn4beh0CSwli9fXu3bt5eUNfTNu+++q5SUFPn6+qpjx463HFbI399f8+bNU1BQkGJiYjRkyBAFBwcrKChInTp1Mg0Xb7PZCiz58np//PGH4uLijHZQUJDxA9aoUSPVq1fPmJdTZbf4+HhT7EOHDtXw4cNVtmxZSVkJILVr19aUKVM0ZsyY21rn4sWLpgpeFSpU0JAhQ/TQQw8Z7X/84x+mWHfv3l1gDwubNGmiqlWrqlixYvLw8FCHDh2MH3Mpq2dVXoeOL1OmjKk9atQovfzyy/rss8/03XffqVixYnrqqacUFRVF73Un2bdvn5FMUrp0aa1cuVI2m830d/jwYdMNmvXr1zM0CeTq6qr+/fvf8rNbs2ZNYwjzhIQEfffdd0pPT9eVK1f0/fff6+TJk44IF4VIXFyc0QuyVq1a2rdvX7ahdA8ePGj8/qWkpOjrr7922DlEUZWQkKCaNWvKYrHIYrGodOnSGjBggFEV3tfXV23btnVylIVTQECAXn31VaOdkpKicePGqUKFCipWrJiKFy+uRo0aadmyZU6Msmh58cUXjWOxTJky6t27t6ki/+jRo9W6dWsnRlh0xMTEqFy5csb+vPZv0KBBpsocQH6qWLGi/t//+3+mBP+YmBg99dRTKlOmjCwWi8qVK2dKegMK2tatW2WxWFSyZElFREQY0yMiIlSyZElZLJZbjnBzr0tOTlZISIjxW1KyZEnTOaOUldhBhbHb4+7urhEjRpg6AEyYMEFff/21E6Mqem52/hMWFubs8HAPs1gs6tKlC8UYcsnPz0+vv/66UYktJSVFI0eOlNVqlcVikdVq1ciRI43fIKvVqtdff11+fn7ODBt3OV9fXw0ePNhI/LvVcenp6akhQ4ZwXN6GOnXqaMSIEUY7MTFR48ePN5KFkbMff/xRw4cPV5UqVVS8eHFZLBYVL15c9evXN66/fX199fzzz8vNzc3J0eJu98QTT5iubT799FM9+OCDOV5LVqhQQc8//7zc3d2dFW6R4OHhYSq2dq127drJw8PDwREVbY0aNTKeQV9Vp04d1ahRw2hXqlTJ1L6qYcOGfI/mwsGDBzV58mTjs967d2916tRJrq6u6t27t55++mlj2Q8//JDOKnCIo0ePasmSJaZpM2fOVOnSpXO8lxQQEMCo4TdRaBJYLRaLgoODjV5wV3Xq1El16tS55fq//fab+vXrp8qVK6tXr16aOXOm1q5dqz179hRUyLmye/duo5KslJXA6u3tLSnrxknLli2NeevXr9e+fftM6587d87UDgwMvGWmdl7XSU9PNz0g8Pf3N5JXrypXrpzKly9vtH/77TfZbLabxpFf3N3dVbJkyTvaRq1atdS5c2ejbbPZtHDhQvXr10+PP/64ypUrp5YtW2rjxo30xnCCjIwMbdu2zRhSumHDhqpZs2a25axWqzHkmJSVrH3kyBGHxYnCKzeVJ2rXrq3nn3/eaIeGhqp48eJyd3fXu+++q0uXLhV0mChEUlNTTR1MAgMDc7wBXLlyZTVp0sRob9u2zTQUDfLGarXq/fffNw2Vgv/j6uqq4cOHa8aMGbcc4sjX15ebGnfAarVqxowZGj58OL0ggSKgRYsWioyM1GOPPebsUAA4yKhRoxQcHOzsMIq0ihUr6u233zYlxkycOFGJiYlOjgxAfihbtqz69etH1btc6tKli+bMmWOqjpUTf39/zZkzR126dHFQZLhXWSwW9ezZU/Pnz8/VcTl//nx1797dQdHdXSwWi7p3766XXnrJmLZs2TLNnj2b6vQ5cHd3z9Vvi7+/v8LDw9WsWTMHRIV7XcWKFTV16tRbFrKxWq2aOnWqHn/8cQdFVrQ1a9bM9NxdynpWVr9+fSdFVHT5+vqaisFJWd+T1ya1enl5qW7duqZlqlevnqtcqHvdxYsX9f777xtFierVq6chQ4YYo3uUL19ew4YNM36/EhMT9cEHH1AIDShiCk0CqyQ9/PDDpopcnp6e6tix4y17yKSlpWnSpEn6/PPPJWX9QISHh+unn37SH3/8Yaqe5kgZGRmKjY01JYeOHTtWxYoVk8ViUYkSJTR9+nTTOl999ZXS0tIcHepd7/7779fMmTPVv3//G154bdmyRc8++6zWrVvn4Ojw22+/maoAN27cWOXKlcu2nMViUfPmzVW6dGlJ0tmzZ40hyHBvs1gs6tSpkzp27HjDZTw8PPTuu+9q7Nixxk3BNm3aaPny5fryyy9zTJrG3evo0aOmqliPP/54jsMYXt8LNT4+3umdY4qiJk2aaMyYMdq1a5d69Oghi8Xi7JAKLXd3d7322mvas2ePJk2apDZt2hjnLleT9aOiorR3714SufLo6sgOERERSkxM1GuvvUZPfKCIsFgsatasmWJjYxUTE6O+ffuaHvL6+/urR48emj59uvbv368ZM2ZQKQIo5IoVK6aKFSuaqitfPdfZvHmzwsLCGGY8H7Ru3VpDhw412vHx8Xr//fd5iAPcJZo3b64XXnjB2WEUCRaLRZ07d9bWrVsVER&quot;
08-31-2019 12:59:36 Wire.java DEBUG [Forwarding screenshot on session 8224b39f135dddefa755fa7332753c0d to remote] http.wire 87 - http-outgoing-4 &lt;&lt; &quot;GhDh06GB1HrVarOnTooIiICG3dulWdO3fmvgUc4mbH5VVvv/02x2U+8PLy0j/+8Q9TEaVZs2YxakIOunTpoiNHjmjx4sXq0aOH6drb19dX3bp105IlS7Rjxw5jRAXAERo0aKCYmBgtXrxYHTt2NK4lPT091aZNG02aNEl79uzRCy+8oGLFClUKTKH14IMPZktgbdasmSpWrOikiIouLy+vbIX66tWrJy8vL6Pt4uJiKpgjSdWqVdODDz7okBiLKrvdri+++EILFiwwpv3zn//M9ly/ZcuWGjBggNFesGCBvvjiC/JIgCKkUJUbcnd3V69evbRs2TKdPn1aTz75pBo0aHDL9X7++Wdt3rzZaL/wwgvq16+fXFxcJGUNOe8Mp06d0oYNG/K0Tnx8vH799VdVqVJFkoxEvWvnP/XUUzetFJXXdVxdXU1JnUlJSTp16pTpx/LixYv6448/jPb9999/w8pg58+f1++//25Umi0sypcvr9mzZ+vDDz/UgQMHtHfvXu3evVsbNmwwyjSnpKRozZo1euKJJ6hq5kDly5fX6tWrc7VsYGBgjkO9BwYG3rAqcNeuXRlSq4gLCgq65Qmmj4+PoqOjb7qM1WrVuHHjNG7cuGzz1qxZk+fX9vf31w8//JDjPA8PD4WHhys8PPymMcE56tatq0OHDuVq2V69eqlXr14FHFHRNnbsWI0dO9bZYdxVKleurDfffFNvvvmms0MpUnLze4Hc4Xcs//AdmX88PDzUrl07tWvXztmhFDm5+X709va+4TkxzPi9uXNly5bVZ5995uwwirxbHYuurq6aMGGCJkyY4MCoii7Of+7Mze6R5IRzpJvLzf7kmM07b29vDRgwwPRwG3nDcZf/rj0uk5OT1atXL2OI9gsXLpCIlQu5OT+vW7euDhw44KCIijYfHx+98MILdJLIZ3k9V0J2pUqV4tjMR+7u7po2bZqmTZvm7FCKPDc3N/3nP//Rf/7zn5su17FjR+4n5ZHFYlH//v3Vv3//my7n7u6uqVOnaurUqQ6K7O7B79PtY9/lr0J31dO4cWP9+uuvstvtWrFihcqWLXvLdTIyMkzDPBw4cMAY3jc1NVXbt2/XuXPnCizmG9m1a5e2bduWp3Xi4+O1ceNGox0UFGQqLf7xxx8rIiJCv//+uyQpPT1dR48e1ciRIzV+/PjbWsfLy0tNmzY1lj99+rRmzJihU6dOSZKSk5M1ZcoUxcfHG8s0aNBA9913n6SsH42rycJX33dcXJzS09OVmZmpffv2ae/evXnaD3lxfWLurl27lJqaapq2ZMkSvfrqq1q7dq0uXbqkhg0b6pVXXtEnn3yiJUuWmHrEpKWlKTMzs8DiBQAAAAAAAAAAAK7l6emp2rVrG+1Zs2bJarXKYrHIYrEoLCzMidEBAAAAQMEodAmst8PLy0v333+/0Y6Ojpavr68sFotKly6tvn376vTp0w6N6fLly1q7dq3RrlChguLj42W327P9XV8xMC4uzkjAbNCggV5//XVjXkpKioYMGWJcsBYvXlwPP/ywpk6davTWyOs6FotFzz33nIKCgox1Fi5cqEqVKslisahcuXKaNWuWMa9evXrq27evUaG0RIkSevjhh03vITQ0VMWLF5eLi4vq1Kmj5cuX3+kuvSFfX19TBdkPP/xQpUuXlsViUUhIiJKTk5WZmanw8HAFBwfLx8dHLi4uxgV/gwYNlJiYKCnr5kC7du1UokSJAosXAAAAAAAAAAAAuJabm5v69++fbUhnAAAAALib3RUJrOXLl1doaKgpifFaPj4+N5xXUH766Sd9++23RjsoKEj+/v45LluvXj01a9bMaMfExOjgwYOSsqqLDhkyRGPGjMn1e7iddfz8/DR9+nRTEmtO/P39NX36dFPFUknq3LnzDdcNCgrS008/nas4bkft2rXVuXPnO96Op6enxowZo5CQkHyICgAAAAAAAAAAAMi9WrVqaenSpXrjjTdMzxXr169vGn0RAAAAAO4Wd0UCq8ViUY8ePRQdHa1nn33WSNq0Wq0aNWqUVq5cqapVqzo0pri4OKOqpyQ1a9ZM9913X47LVqhQwdSb8vTp04qNjTUqqpYqVUrjxo1TfHy8xo0bpzZt2pjeY9euXbV48WINHDjQ2MbtrNOgQQPFxMRoyZIl6tq1q6xWq7F8hw4dFBERoa1bt6pFixbZ3oOfn5+WLFmiESNGyNfXV5IUGBiomTNnKiYm5v9j776jo6rz/4+/ZjIpk0I6LY3QUmgh9A7SRbAg3YK9gyvLfl1X8PeVXdzv2lbdXbEtWFBABQUEEVlAQKSHTugJhBYSWnommd8fWW4YUkhgSAI8H+d4jnPn3s9938/cuTOcvOZ9r+uvRWvVqqW3335bb7zxhnr06GEsj4iIUKNGjeTq6qp77rlHy5cv17hx49SxY0djHR8fH3Xr1k0vv/yy1q1bp4kTJ8rd3f261QoAAAAAAAAAAACUpUGDBnrzzTe1Z88e426Omzdv1qOPPlrdpQEAAACA01mqY6eBgYH68ccfK7VNly5djEBnacxms3r16qVevXqV+nxCQkKZ206aNEmTJk0q9bmoqKhyty3LE0884RAOLY+bm5veeustvfXWW2WuYzKZFBMTU26tztjGy8tLI0eO1MiRIyu0/qXCwsLKPI7yarjSa1uR1yAgIEATJkzQhAkTylynZ8+e6tmzZ7njAAAAAAAAAAAAAAAAAACA669aAqwAql5sbKy2bdtW3WWgAi7tJHxRbGysVq5cWQ3VAM7Bee0czKNzMI/OwTw6B/PoHMyjczCPzsE8Ogfz6BzMo3Mwj87DXDoPc+k8zKXzMJfOw1w6D3PpPMyl8zCXzsNcOg9z6TzMpfMwl1WL+XYe5tJ5mEvnKm0+awICrMAtYNeuXcZ/qPku/8Dg9cPNgPPaOZhH52AenYN5dA7m0TmYR+dgHp2DeXQO5tE5mEfnYB6dh7l0HubSeZhL52EunYe5dB7m0nmYS+dhLp2HuXQe5tJ5mEvnYS6rFvPtPMyl8zCXzlVTA6ymOXPm2Js2beqwMC4urtxbupcncNJsSVLalBHXXByAiuF9BwAAAAAAAAAAAAAAAACoiPPnz0uSEhISqmX/cXFxkiRztewdAAAAAAAAAAAAAAAAAAAAtywCrAAAAAAAAAAAAAAAAAAAAKhSBFgBAAAAAAAAAAAAAAAAAABQpSzVXQAA5zOZTNVdAgAAAAAAAAAAAAAAAACgBjp37lx1lyCJDqwAAAAAAAAAAAAAAAAAAACoYnRgBW5idru9uksAAAAAAAAAAAAAAAAAANQANe3O3nRgBQAAAAAAAAAAAAAAAAAAQJW6bh1YAyfNvl5DAwAAAAAAAAAAAAAAAAAA4AZGB1YAAAAAAAAAAAAAAAAAAABUKad3YE2bMsLZQwIAAAAAAAAAAAAAAAAAAOAmQgdWAAAAAAAAAAAAAAAAAAAAVCkCrAAAAAAAAAAAAAAAAAAAAKhSBFgBAAAAAAAAAAAAAAAAAABQpSzOHjBw0mxnDwmggtKmjKjU+h+MXnydKgEAAAAAAAAAAAAAAAAAVKUnvhxY3SVUCh1YAQAAAAAAAAAAAAAAAAAAUKWc3oH1osp2ggRw9eh8DAAAAAAAAAAAAAAAAAC4kdCBFQAAAAAAAAAAAAAAAAAAAFXqunVgBQAAAAAAAAAAAAAANVPXl8KruwRU0uqpydW6f84ZAFeDaxdwfVX3e+xa0YEVAAAAAAAAAAAAAAAAAAAAVYoOrAAAAAAAAAAAAAAA3KImPPdidZeAK3jzvb9WdwkOOGcAVATXLuD6qmnvsatFB1YAAAAAAAAAAAAAAAAAAABUKQKsAAAAAAAAAAAAAAAAAAAAqFIEWAEAAAAAAAAAAAAAAAAAAFClLNVdAAAAAAAAAAAAAAAAAJyvx+MtFN0z1HicsiNNC6eur8aKAKBi7nipvUKaBxqP96w4qpUfbq/GigBcDwRYAVxRzG1hatSxngIjfOTm6Sqzi0mSZC+0Kz/HpnMns3R022ntXJqszPScaq62fO2GNVHc4IYyW4obUNf0LznDX+8m/xBv43Fmeo6Wv79NKTvTqrEqAAAAAA&quot;
08-31-2019 12:59:36 Wire.java DEBUG [Forwarding screenshot on session 8224b39f135dddefa755fa7332753c0d to remote] http.wire 87 - http-outgoing-4 &lt;&lt; &quot;AAAAAAAAAAALh6BFgBlKlBmzrqMDpKfnW9JFPJ501mk9w8XRUc6avgSF+1GNBAB9ad0Ipp26q+WAAAAAAAAAAAAAAAAADADYMA6zVIS0vTmDFjtGTJEklS//79NXPmTAUGBl5hS6Dmi+0Trg4jm8rN07XC21jcXeQd4HEdqwIAAAAAAAAAAAAA3EriWrfUxJdeUGBQURYjOytb/3jnfS37aXk1V3Z1HnhojIaPvlcWS1FkJznpiB4f+7SkkscqSUsWLdXbr79bLbU62+8mjlP/CXvY4gAAIABJREFU2/sajxM2b9WLE16WdPO9ztdbeXMJADeSagmwXh78LE3r1q3VrVs3jRw5Uh06dJDZbC5zXQDOFdmujtre26RS4VUAAAAAAAAAAAAAt4a/vvlnxcW3qtC6NptNc778Rp9Nn3mdq8KNIDwiTEOH363WbVrJz89Pbu5ukiS73a7c3Fylp53Rnl17tHzZSm1Yt6maq0V53njnr2respnDsv37DujZx5+vlno+nPEvhUeElbtOXm6eTp1K1U+Lf9acr76pospwoyvt3NqbuE//88KflJ2VbSzr3a+Xnh3/lKyeVklS2uk0vT71LSVsufHvYty5WycNGjJQTZo2lre3l5Hjy8/PV0ZGpnbv2K2fly7Xr6vWVnOluBHV2A6sW7Zs0ZYtW/Tuu+/qpZde0ksvvSQvL6/qLqvGmzJliiZPnmw8Xr16tbp06VKNFeFG1GJgpKy13Eosz8uy6fDGk9q7KkUpO9PkH+KtyPZ11bhzPfnV85LJbCpzzMh2dRTbO1xBDX3l7mkx1rXlFSgjLUcp209ry/yDykzPKbFt024h6vpQrFw9ii9ZZ1IyNG/SWrW+s6Ead64v70APmcwmFeQX6tyJTG1ffFh7Vhw11m83rIniBjeU2VIyDB/dM1TRPUMdxp4zcZUkqePoaNWL9pdPsFWuHhZZ3Fyki4dp/2/96eXXf/k8xPQKU1BkLbl7u8nsUjRYQX6h8rLydWx3unb9nKxju9I1/PVu8g/xLjGGV4CH7vhTe+Nxoa1QCQsOasPX+0rOd2QtuXm6GvspLLArLytf545n6vCmU9q35tgVawYAAAAAAAAAAABQMZd317yZAkzX6r4HR+nuYXeWmv0wmUzy8PBQ/ZB6qh9ST916dtWsL+Zo5mezqqHSq3N5eK2mdBC9HnW169BGIWEhJZbXrVtHvXr30PJlK6967OvJzd1NoWEheuixB9QqvqX+/MprDgHEm8nlocubqZNvTdCwUaTuHztaH/7rk+ou5boKCg7S+AnPKr5tnFxcXEo87+rqKn9/P3Xu1kkdu3TQogU/6h9/f78aKnVUE8//mvoZURPU2ADrpaZOnaratWtr3LhxMpnKDsgBuHaNu9RXQFjJ0GRmeo5WfrxDRxJSjWVnUjJ0Zt5+bZ63X9E9Q9X6zkYltnP1sKjnEy3UoG0dI0R5KYubi/zqecmvnpci29fVprn7tevn5CvWaXFz0d1TOsm/vndxoFSSi6tZAWE+6vxAjKy+7try/YEKHnnpwlsHlxoilSSZJIu7Y/0b5ux1CM5e5B/irS4PxqpeTECp8+DiapbV112NOtZTWMtgrZq+86rq9QrwUI9HmyukRVCp+zG7mOTh4yYPHzfVaeqv0BZBWjh1/VXtCwAAAAAAAAAAAAAq4r6xozV81FC5uZVspFQak8lUaljqZpewZZvGDBtb3WVcUfuO7eTn61tiuZe3l+LatKqxAdaLTCaTWsW10Kj7huvfH35a3eXgBmSxWNStR1etX7vhpv2BgtXTqgn/M15x8a0qlNczm81ydeVOz6i8GhFgbdWqlWbPnq2oqCjZ7XYdO3ZMf//73/XGG28Y6yxcuFDDhw9XvXr1qrFS4OZXPyZA7p6OHyi23AIlLDzoEF693J4VR0sEN109LOr3fGuFtghyCJmWxdPPXR1GNpWkK4ZYfYKt5T7v6mFR0+4hOrj+hM4dz7zyzp3A089dcUMa6uS+szqTkmEs9w/xVu/n4hQY7lOhcUxmyVxON9uyuHpY1OvJlgppFlih+QYAAAAAAAAAAACcITnpiB4f+3R1l4EayuppVbceXRzCq8ePn9CCeT/olxWrdTr1tOJat1T7Tu3UtXtnBdcOrsZqcSVWT6tim8WUeodWk8mkZs1jFRIaopSjKdVQXbGEzVv14oSXJUnhEWG6857B6t2vlzw8PCQVBRCbRjWpzhJxgwsKDtTtQwbetAHW+8eOVotWzR3Cq9lZ2Vq96lct+O4H7d2zT71691C/gX3UrEVshX+gAFyuRgRYL2UymRQSEqIXXnhBCQkJ+vnnnyVJqampOn/+vOrVq6fExESNGDFCW7dulSS9+uqr+sMf/qCFCxfq/fff17Jly/TFF19ozJgxxriZmZlasGCB5s2bp3Xr1ikpKUkBAQHq3LmzBg8erKFDhyowMLDUmnJzc7Vw4UJ9/PHHWrNmjSSpd+/eGjp0qLKysso8lilTpmjy5MmSHEO6F82cOVP33Xef8fjymiXJbrcrKSlJc+bM0U8//aT169frwoULioiIUIcOHXTnnXeqf//+On36tMOcXNS1a1fj/5944gm9/fbbslqLgn/JycmaNWuW/vOf/2jDhg1KT0+Xj4+P2rdvrx49emjAgAFq3bq1cWsD3Bp863qWCD+ePZ6pxBWV/3LZrF+46kb7O4yXn2PTzp+Stfm7A6ob7a/4uxqpbpPiddw8XdWsb7hSdqZdc/DUO8BDYS2CdO54pjZ8vU8bvt6ndsOaKG5wQ5ktZmO9PSuOauWH20sfxC5ln8/TicQzOrzppA6tP6n8HJuCG/mqcad6atotRB4+xR/CXgEeioiv7RBgbTO0sQLDHMOr+Tk27Vt9TDuWJCkjLUdNutZXbO9wh5DrnImrJEnDX+/m0AU2Mz1Hy9/fppSdaQ5jNusbrtqN/RzmO/NMrrb9cEgHfjuuvCybItvXUdOuIarTxE8W91vvF4sAAAAAAAAAAACoHuERYfrT/3tREQ3CjWWnU0/rnTf/oQ3rNkkqui35+AnPKig4SFLR38sTNm/Vq5OnKiqqiSa+9IICg4r+rp+dla3v5y1Qu/ZtFRoeInd3d9ntdl04f0HLl63UjE8+L/XW4L379dKgIQMV0SBcnp6eMplMKiwsVEZGpvbt3a+5c77Tpg2bHbb53cRx6n97X+Nxwuat+nrWXN0/drQaNo6Um5ublixaqphm0Q63LJakwKBA/fWtvxiPa8JtjKtaVFQTeXt7GY8LCgr025p1mvv1d8ayhC3blLBlmz781ycaPupe3XnPHeWOaXGx6PnfP6cOndrJz99PkpSdna31v23Ux9Om63Tq6RLbtGkXr3uG36UmTRvL29tLZrNZdrtdWVlZSjqcrB/mLy5xK+cHHhqj4aPvNXITyUlH9Nbf3tGYB0aqecvmslo9lLC5KKcRF9/KYVurp1UT//iCJv7xhaJjvCRQWZ5Lb31ts9k058tv9Nn0mcbzQcFBuu/BUYpvGyc/Pz+5uRf9vfrieXz0yFGtXvmrFv+wRK9M+ZPT6rqoa/fOqhdS13icm5srFxcXY46CggPVpl3rag+wXio56Yjee/tfimzUQLHNYq64/tDhd6t3v16qV7+ePDzcZTKZVFBQoHNnz2n9bxv1xadflTjHKvO6ZGdlK651yxLXtMtvJ341t0G//Jy9qP/tfY3rWNrpNL0+9S0jeGkcb7268rB6yGQyyW63KycnV6mnUrUtYbvmz1uo5KQjV5y7m5290C5bgU2urq4ymUyKb9taA+/or8ULl1R4jOjYKN01dIhatW6pWrV85OLiYsz3kaQj+n7eAuM8uPw8sdls+nrWXH36yefGeK++NlntO7Yz6ls4f5H++c404/m3/vE3h/N+5fJVeu3Vv5VbY0hoiNp3bOdwHmVkZGr6R5/qh/mLjWXLl63U8mUr1alLBz321CMlxrF6WjVy9DB16d5ZtWsHG++L/Px8nUk/o80bE0p9P5X2ubt0yTLdefdgNWgYITc3NxUUFOj4sRP6eta3WrJoqaTKn/+PP/2oWrdppeDgIFk9rUbnb7vdrpzsHB0/fkLLflqub+fMK3&quot;
08-31-2019 12:59:36 Wire.java DEBUG [Forwarding screenshot on session 8224b39f135dddefa755fa7332753c0d to remote] http.wire 87 - http-outgoing-4 &lt;&lt; &quot;WewiPCNHT43WrdppX8A/yNDrQXj2/71p1a8P0PGvvI/U6/Ft9Mamwy0dfXVw0aNKjQusnJyXrsscf0+eefl/r85s2bNW7cOCN8elF6eroWLlyohQsX6q233tK0adPUo0cPh+R4amqqJkyYUGLs7777Tt99952up+zsbL355pv629/+pgsXLjg8l5SUZARbX331VQ0fPrzC49rtds2ePVvPPPOM0tPTHZ67cOGCli1bpmXLlunbb78tEbrFzc/q615iWUZajvJzbJUeKzyutixul4Qk7VLS5lStm5UoSTqSkKq8jHz1Hhcnn6Dijqq16ngqsm0dJSw4WObY+Tk2HVp/UjuWJulsSqZaDmqglgMj5eZZfFkzu5hk9St5PJUx5w+rSl2eeuCcUg+ck4vFrNi+4cZ1w+Lqolp1PI31wuKCVT8mwCFUWmgr1I4lSVo/e6+xbNfPydr1c7K6jo1Vo45X12na089dLhbH9PG54xnatuiQ8XjvLyna+0uK6jT2U+cHYmQvtF/VvgAAAAAAAAAAAIDKSE46ovnzFuqhxx40woyBQYG6Z9hd2rF9lyRp6Ih7jPCqJB0+lKT33/uw1CCqh9VDI0YNc+gCaTKZVMu3lobcfYdCw0P151deM7a1elr1wsRx6tytU4lb05vNZtWq5aM2bVurRYtm+m7u/HJvK16nbm29/P9elNWz/LtGonQuLi7q0/82eXl5afUvv2r9bxscnp/z1Tea89U3ZW7v6uaqsY89IP//Blcv8vT0VI9e3eRTy0d/mjjZ4bmnnntcAwf1N8JTF5lMJnl5eSm2WYyiopuqTdvWeu/v75d6zkmSt7eX/t9fJsnPz7cyh+w07Tq00XO/e1q169Qu8dzF8zi2WYzq1Kmtg/vL/nv7tWjTNt5onCZJB/YfVK1atRQaFiJJ8vDwUNv28Zo/b+F12f/Vsnpa5e7mmB8oKCx0eBweEabnfve0mrdsVuKW6S4uLgoIDNCAQf0U2zxG//j7+9qWUNQoq7KvS03p2Gn1tOrl//2j4tvElThek8kkq9VD4RFhqh9ST+fPnXcIUt+qCgoLtH3rTrWMay6LxSJvby8NvKO/VvznlwptP2zkUI0Yfa+8fbwdll+c76bRTTR+wrOKjonSP9+ZpoQt23T82AkjwGqxWBTZMMLYrml0E0U0KH5sMpvUqElDh+cvbeiYl5un/XsPXLHONu1aKyi4eDu73a7NG7c4hFcvtXbNOq1ds85hWcu4Fnpm/JMKjwgrcX65urqqdp3aGjCon+Lbtdb7735QYvtLRURG6HcTxzkEU11cXBQaFqLHnnxYsktLFi+94nFdrm37+BI/PJH++3p4WtWwUaQaPBGhyEYN9MZrbzusU9Zreenx9e5XWzZb5fNWt5oaG2BNT09XYmKi8djLy8to4325jz/+uMxxDh8+XGp49XKJiYl6/vnn9dVXXykmpih1npubq//7v/8rMxh7PdlsNr377ruaNGmS08fetGmTXnzxxRLhVaAsORfyKr1NaIugom6ul8jPLVDKDsdfTZzcf1bnT2Q5BFgtbi4KalCr3PEz0nK0fFrxl7pN3+5XWIsg1WnqbywzW8zyvMYA60VhccFq2L6ugiJqySvAXRZ3F7m4usjsclm7WpMc/pFcu6Gv3DxdHVY5dyJLW74v/R8Lq2fs0uoZu5xSsyTVjwnUff/opdNJ55WefEEn9p5R8pZUndx/VvMmr3XafgAAAAAAAAAAAHDrCo8I04/LF5T6XHLSET0+9mlJ0g/zFyu4dpDuGXaX3NzcZDKZ1KJVc90/drS8vL3UslVzY7uMjEwt/H5RmR3/TCZTiTtLXvpcixbNNOSuQZr9ZVEQ8uHHHlSX7p1lNptL3+i/3NzdNGjIQJ06maqF3y8qdZ169a+uIc2tKjFxn86eOWcEsCTJx8dH/Qb2Ub+BfVRQUKDz5y8ocXei1q3dcMVOhhaLpUR49SKTyaSY2Cj1HdBbS39cJkkaMfreUsOrl3NxcVH3Xt2Ueuq0pn/8WanrBAQGlDvG9WT1tOr+h8aUGpKsKiGhIWoa3cQIo9lsNu3YtlO+fr4KCa1vLG8QGaHo2Cjt2ZVY3nBVJq51S9117xBFNipupGez2ZR4SX1WT6ueeu7xUsOrlwsLD9WIMcO0LWF7jXhdrtbDjz2o1vGtrni8cLRv7375+fuqYaNISVLDRpEaOXqYkpPL71A7aMhAjRgzzKEjdWnc3NzUq3cP7d97QEsWL1Xinr2KaRZt/PgiJDREVk+rsrOy1SquZYnrYZ06tRXXuqUStmxTdEyUfP2K8zdnzpzV1oQrB6jDwkMdAt+5ubnasW3nFbe7yOpp1aNPPuTQdb0stWsHa+yjDyjl6LEyP/PLuuZLkrePt3r16XFVAdaKMJvN6ty1o8PnSkVfS1RMjQuwFhYW6vDhw/rLX/6iVauKOx+2bdtWdevWLXWbxx57TC+99JJCQ0MdktZ2u11z5851CK/ef//9mjp1qkJDQ3X8+HG98sor+uijjyRJW7du1YwZMzRlyhS5ublpx44d+vLLL41tAwIC9Prrr2vEiBHy8vLSsWPH9MADD2jZsmXOngbt2LFD77//vvHYx8dHkydP1iOPPCJ/f3/ZbDbt3btX06dPl8lkUlRUlBISEjRlyhRNnlz8S6LVq1erS5cuDmOvWrVKSUlJxuNFixapf//+MpvNstlsOnHihH755RctWFD6PzBw6/HwKf+LfGk8/dzl6uH4y8W8rHxdSC35S7ULp0v5xeRV7DMjLUd1Kr1V+Zp0ra829zSWbx2vMv8BXB7vIKtcXB3/EZyZfnUdba/kxL6zys3Md+yia5K8AjzkFeChiNZFX5gL8gt1Oum8Nn2zT0e2lbx1BgAAAAAAAAAAAHC9zPj4c9WuU1u9bushk9kki8WiO4bcLklGuDQvL08Lv/+hzE5vUlH4bPXKXzX3m++UnnZGQ4ffpUFDBsrNrejvjG7uboppFi2p6HbNHTq1cwivHks5rk///YXW/7ZBQ4fdpbuH3Skvr6IgipeXl/oN6FNmgDU56Yh+mL9Ya1atLXHb48tvX3z5rbpvRdlZ2Vq08EeH7ruXcnFxkb+/nzp27qAOndpr+KihmjXza+OW0Jez2WzasG6TFi1YrB3bd+m+B0dp8F2Dil97NzfVD6kvqShE1b1nN4fw6tmz5zR75tea9833uuPO2zXq/hEK/G8w1WKxqHuvrlqzeq327tlXYt9paemaP3eB1q5ZVyJo1btfLz07/imjM29pt4S/Fm3bt1G9+sW5mZycHH352WyjW21c65Zq0z5ebdu3kadnUbOpFye87NS6uvbo7NCV8dzZc9q8YYuC6wSrW48uxn4DAgPUvkPbag2wxsW3KjNYb7fbtX3rDn09e66xrHffXoqOjTbCnNlZ2fr5p/9o9pffyNPTqtEPjFT3nl1lNptlMpnUqHFDdezcXq5ubpV+Xa6nz6bP1GfTZ+rDGf9y6Cy5ZNFSvf36uw7rPvrUww7XxdW//Kpp//hIp1NPKzwiTG3axat9x7Zq1LihUKzAZtOSRUv10GMPyMPDQxaLRT1u665533xf7na9evcwroF2u10HDxzSzM9m6ddVa9W3f289+Mh9Rhdybx9vxbdrrSWLl2rP7r3KysqSj4+PJMnP31dt27fRqhWr1bhpoxLhfJ9aPoqKjVLClm0lgqhJh5NKvbZdzs3NzaF5m73QrszMzIpNkKQhd9+hBpHFnWELCwu1ZVOCPvhnUZPKsY8+oI6d2xvnX1h4qG4fPEDT/vFRqeOlnjqtH+Yv1s8//Uf1Q+rp6XFPOIwfGBQoq6e1Uue/JBUUFCjlaIrWrd2gFf/5RXv37FNQcJC69+yqoSPuNj4b3N3dHfbXf2Bfh88zm82mtat/09ez52rvnn1q16GNeve9Te06tpHk/GvxzaZGBFi3bt2q6OjoMp+PiIjQ/fffL3f30jsphoWFqUGDBiWWnz9/XmvXFncYrFevnp599lmFhoYajydMmKD169dr69atkqTNmzfr3LlzCg4O1saNG3X8+HFj+yeffFIPPPCA8UXT3d3dITDrTOvWrXMImT733HN6/vnnjf1ZLB&quot;
08-31-2019 12:59:36 Wire.java DEBUG [Forwarding screenshot on session 8224b39f135dddefa755fa7332753c0d to remote] http.wire 87 - http-outgoing-4 &lt;&lt; &quot;bFxsbq9ddfr/TYl7aGlqSnnnpKt99+u7p27aomTZqoadOmGj16tEaPHn1tB4EbUva5XPmHOLa39g70kKuH5bqELstyeeizIvJzC5xaQ3TPUHUYHS0Pb9crr1wJGek5Th3voiMJqTq04aSie4bKbCl7/lxczarT2E/9XojXth8OacPXV/5yAgAAAAAAAAAAADjLrC/mKLJhA0U2LPo7/6Xhm8LCQv2yYrVmfFz+nVLz8/K1Yf1GI4jzwT8/VlRMU8U2izHWuRhibNGyufz8iru35eXlacnipVr531s+f/HpVwquE6x+A/oY4bWg4EDFt43T5o0JJfadnpau7+fSEKoyfpi/WDabTSPHDFPdenXL7PhoMplUr349PfbUI7JYLKWGmPPz8rX6lzXasG6TJGnRgiXq1KWj6ocUdca1WCwKCCi6c2fb9m1Uu26wsa290K41v/xqBM0Wfr9IAQH+DqFjP39/RUY2KDXklZmRaXT1rWqZGRnKz8s3Hnt4eOi+saPUd0BvHUk6ouTkI1q1co0++WDGdauhWfMYIygsSUeSjyphyzZZPa26d8Q9RrdFi8WilnEtrlsd1yIvL0+rf/lV7739L2VnFTfbatGquazW4jtDb9+2Q/98Z5rx+PPpX6ppVBPjPPO0WhUWHqYD+w9U++tytTIzHAOJnbt2VHRMUx1JPqqUo8eUsHmr/vh75985+mbw/dwFat+pneLbxMlkMqlO3drq1LVjmet37NxeoeGhxuPMjEx9M2uufl1VlGtbumSZGjSM0F1Dh1zSabXoM2zVitUaMfpeI8BqtRbd2v7g/kNq0rSxJCkvN09nzpxVnbq15ebmppjYKElFHdIvBlFtNpv27z3g5JkoXUxslMO14nTqaX0+40sj+P/6a2/p7/98w7hmmM1m4ztBaVKOpmjWzDnGWJs2bFZYeKgxV56eVkVFNan0j0WeeuQ5tYxrod59e+l3E8cpODhIFleL3N3dHT6nXFxc5O1dlKXq2Lm9atct7rhst9v16+rfNPV//89YtmHdJuMzCldWIwKs5WnVqpXef/99tW3bttLb2mw2XbhwwXgcFRVlhFcvCgoKUt26dY0Aa2pqqtLT0xUcHKxTp045rNuhQ4frFli93PXcd6dOndShQwetW7dOkpSUlKT333/foePr3XffrcmTJysuLs4p+8SN4/ypbNWPkUO3Ub96XorqGaIdPyaVuZ2zFeQXVtm+ytK0e2iJ8GrOhTwd25Wuk/vO6OzxTEW2q6vonqFljFC6q+kuW1Gr/r1TqQfPqcXABvIP8Xb4RczlLG4uaty5vg5vPqXUA+euW00AAAAAAAAAAAC4uSUnHdHjY5+u1Pr//nCGxk941ug2d9G2rY6hsco4knTUIcDq6WlV85bNZLV6yOxS3AAmKytbSYcc//aZlpqmgoIC4+/yVqtV/v8NQcI5lixaqiWLlqpX7x7q1qOLIhtHKjAgoET3QEny9vZStx5dyu3Ce1HK0RTZbKU3Y3Jzc5XFpThrkZuXq6TDyY7bpxxTfl6+8dq7ulpUp27Nux385o0JOnQoSf4B/kawys3NTWHhoQoLD1VnddKI0cN0LOW4Zn42S/9Z6tyufu06tFGTqCbGY5vNpl07dksq6iS4Y9tOhYcXh+VCw0PVsXN7/fbreqfWca3Onzuv5T+vcAivSpKvby2Hx+07tiuzg6skmV3Mslo9qv11uRbbt+1UTLNoI2hoNpsVFBykoOAgtW4TpzvuvF0ZFzK0dMkyo3Mmiv0wf7EaNW4oPz9fmUwmNW8R69DR9lJe3l5yvyTQ6e3jrf95+ff6n5d/X+b4lwZAE3fvVaNGDY3O5ZENIxTbPFp+/r6SpDNnzmrLpgT1H9hXJrNJ4RHhimvdUnXrFXcHPnf2nLYlbK/QsRUUFshutxvntMlsMrqUV4SHh4fD49On0xw6MmdnZetM+hkjwCqpUp+5uTm5stvtFV6/NFZPq158eaLato83grAVcflrmZ+Xr32J+6+plltd5VscVgEfHx/17t1b7733npYtW6ZOnTpVd0mSir6g3gyaNGmiGTNm6O677y5znXnz5mn06NHatu3WvY3Brer0oXMlOpla3F0U2ztc9WMDytwurGWQhr/eTXe81F6SlHU2V/k5juO4ebrKJ7jk+6i0QGfOhbyrKd9p6kX7q1Ztx1pzzudp1Sc7tfSdLdq26LCSt6RecZyss7kqtDmGcS92tL1e9qw4qq//Z7VmjluhlR9uV+IvKUo9dK7E6yFJVl83+df3LmUUAAAAAAAAAAAAoOr5+tZS8GWh1oq6NKQqSXl5+TqTftYZZcGJli9bqVcnT9VDox/TkAFDNe6pF7R0ybISgcKAwLL/Pn2revtv72rDuo1lBnZNJpNCQuvr8acfUeduzs3atGjVXD4+xX9btlgsGv3ASP24fIF+XL5Ag4YMdGiw5Furltp1qHyzOmdJ2LxVA3oN1m+/rncIugUFB2noiHuM23g7Q3W+Ltfiixlf6ts53ynjQkaZ63j7eGvwXYP0+NOPVGFlN4ZfV63VurXrVVhYlAmxWCxlBliv1Z7dicrOKb5GhoSGqGWrFkaW7fix49q0cYsyMoteS/8Af7Xv1E61LglmHz92osIdSo+nnHDoLOzu7u7wA5GbwcOPPah2HdoY4dXz585ryaKlevtv72rcUy8Y3WJx/dWIDqytWrXS7NmzFRUV5dRxLRaL0T5ZkhITE3X06FHVr1/fWHb+/HmdPVv8hTU4OFgBAQHG9pc6ePDgVddy8OBBnTlzpsLrX2w7fNG6det0++23O60La3R0tObOnaszZ85ox44d2r59u9avX68VK1YoKanol2a7d+/WsmXL1LJlS6fsEzeGvauOKapHqIIb+jos9w/xVv8X2ujwxpPauypFKTvT5B/irYg2tdWoQz0FhPvI7GJS1plcSdLR7ad17kSWPP3cjTEs7mbViw7QnhVHjWV1GvspMMLHYV+2vAKdPnz+Oh6lo9ICtJf/41aSCmyFys3ML7G8PCf2nlFaRd0MAAAgAElEQVRuZqisvsXz4FffS836hSthfslrSodRUYruEaq1M/do76qUUse0uLnI/bLOsJLU47Hmqh8bqC3fH9CeFUeVmZ6jPSuOGvPt6mHRPX/uLL/6Ff9VDAAAAAAAAAAAAOBsVk+r7n9oTInuq5LUIDJCTz33uF6dPLVEoPFKYzZsGOmwLCsrSylHU5SdnaPCgkIjIeHpaVVEZIRDZ0hfP1+5mIs7sGVnF3WHw7Xr3a+Xxj7ygH5dvVYzPvm8xOu6d88+vfnXvys4OEhx8a2cuu+8vHzZCopDhe5u7g4d/6SiQKOLpfi1z8+36eQJx7vm1hSnU09r8h9fVVBwkHr17qGY2CjVD62v2nWCZbVajW6JvrVqqXV8K+P25M4Q37Z1pTIrJrNJ0TFRsnpaK/VedrZ/fzhDderWdrg9ectWzfXM+Cf1xmtvG8tycnIcttuxbad+P/7FCu3DGa+LxdWiunXrXM0hXpNPP/lcn37yuXr17qH4tq0VFhGqOnXryNe3lhHGtFgsahnXospruxF8O3uemrdoppDQ+uWud/m1KDs7R598MF0Lv19Uof2s/uVX3TviHuP65e/vp2YtYmUymWSz2bQ3cZ82rt+k9LQz8vHxkYeHu+LiW8nDvSirUlBQoMQ9eyt8XNu37dDZs2dVu05RN2qTyaS2Hdpo0JCBpXbGbtMuXk8886h27ditv7/xXon3U1BQoKJjo4wurFZPq0OmT1KVf+a2aNnMOMcLCgq0dMkyffT+v6+43eWvpaubq5pENb5udd4KamQHVmepVauWQ/fW48eP6x//+IeOHi0Kc6Wlpen111/XunXrjHXi4+Pl61sU3Gvb1vGXINOnT9dvv/2mwsJC2Ww2JSYm6sSJE2Xu/9IP7gsXLuinn35Sdna27Ha7Dh8+rN9++63Mbbt06aJ69eoZj9977z198MEHRgjWZrPpwIEDmjhxov785z+Xuk9J2rhxo3Jzcx2W/eUvf9Gf/vQnrVmzRpLUtWtXPf3005o+fbo++OADh3Uvv6Dg5pefY9OeFUeVl1UyqOnmaVHT7iG640/t9c&quot;
08-31-2019 12:59:36 Wire.java DEBUG [Forwarding screenshot on session 8224b39f135dddefa755fa7332753c0d to remote] http.wire 87 - http-outgoing-4 &lt;&lt; &quot;SXAzX89W7qMDJKQZG1ZHYpeav65IRTsuUVd/00mUyKbF9HXcfGyivAQ/VjA9Txvmj5BDr+sun8ySwd2njS+QcnKT+nQIWFjm3E6zT2VbO+jv9IycuxqbDAcT0PHzc16lRPXgEe8grwUMfR0YqIL//WEUcSUnXqwDnpkqEsbi6Kv6uRuj3cTP4hRWH1xl3qa8jkDmp5e6Rc3BwvzQV5jh1c3bwsatotxNjWYDKpVh1PdX+0edFrMypKIc0CJUleAR6KGxzpECiWpLwsmzLTeZ8DAAAAAAAAAACg6jwz/kk1btLIeJydnWN0LjSZTGrVuqWeGf9k+YOYTHJ3K/rbV8u4Fnpp8v8oslFxQM1eaFfi7qKwzsUgzkVubm7qP7CvetzWXVZPq4aPulc9buvu0D3ydGqaNm9MqPSxFRQUOHR79PbxVguCX/L29tKd9wzWF3Om63+nTtbd996p8IgwSVJ4RJjuf2iMGjYqDiDb7XYd3H/omve7cf0mnTpRfGdNk9mkLt076+5775Qk9e3fW4PvvN3hVt1nz5zRoUOHK72vwoJCFdqL/7br6uaqVnEtndbps3e/Xpo97wv9/Z9v6I47B2pf4j69Onmqnnz4Wf3h+Zd0/Ngl+RWTjFCuM+rq1bvHVYUr64fWV+++vSq9nTMlJx3Rwu8XKSMj01hmNpvVvUdXjRh9r7Fs965E5eUV3yk2plm0Xn/nNfXt39uYq6bRTTRizDC9O+0tzfn+S/Xu1+uqXxfbZdcKV1dXxcW3UnhEmIKCg/ToEw/JP8Dvqo+7sMDxDq2RjRooOtaxseAH0/+pTz7/QL+bOE6Fdrv+9d4Hev7p3+vh+x7Xml9+dVjXUolbrN9KkpOOaPmylQ7nTmkuvxZZrR66b+xoPf70I2oa3aRomadVPW7rrj+89IJmzftCr70xxVg/Oytbhw8lGY+9fbxVP6QoV5aRkaldO3YrOytbe3Ynym63F+VzIhsYn2tZWVnas7viAdY9uxK1bu0Go7usVHQdf/jxBzXhxeeNmrt276zJr76kV/78J4VHhBlh7cvfT0HBQbp/7GiFR4QpPCJM4yc86/CZXVhYqEMHK3/dLUtFzn/zJee02WxW4yaNjPfffQ+OKvP9V+JzxWRSx87t9Yc/TTDmJa51S0148Xl9u3CWfjdx3H9rur6fETeyGtGB9XoxmUy65557NHfuXCOs+fnnn+vzzz8vdf1WrVpp7NixxheTVq1aaciQIZo/f76koi6olwZir6RZs2YOj1955RW98sorFdo2Pj5e48eP14svFv2a48KFC3r22Wf17LPPllj31VdfNf6/YcOGDs89//zzev755yVJTzzxhN5++20VFhZq6tSpmjp1ark1REREqG/fvhWqFzeXXT8ny8vfXS0HRcridvVfQhLmH1T9mACFtQyW/vtvPVcPi5r1i1CzfhGlbpOXla+dS5N17nhmqc9fq9SD55SbkS9LQPFxWX3d1fWhZur6UNF79kxKhuZMXKX0IxfkE2Q1andxNSvmtjDF3BZWqX2u+ypR3kFWBYYX/3rE1cOi2D7hiu0TXmL9gsuyw6eTziuoQS2jDpPJpIj42kZ4ttBWqIQFxd1cTWaT/EO85R/irbjBjteES9kL7Tqy7bRSdqZV6ngAAAAAAAAAAACAS4VHhOnH5QtKfc5ms2nOl9/os+kzJUljH71f3Xt2NbqeZWZmavpHnyk6Nkq39ekps9kss9msjp07lNnpTSoK/4yb8IzGTXim1OdPnjylpUuWSSoO4gwaMtDYb/2QevrjpImlbpuZmamffvy54hNwiWMpx5WXlydX16I7Krq7u2vMAyM15oGRklR0e+LX372qsW8GXl5e6tCpnTp0alfuemmn07Rs6X+ueX/ZWdn6ZcUqhYWHys29KAvi5+erJ555VE8882iJ9W02m35Zvlp79+yr9L5SU08rOytbXl5Fd8S0WCzqN7CP+g3sI6nolvYvTnj5Go6mKHwdHRul6NgojRwzvMz1MjIytHXLdqfVFdemlby8i+/0eerkKU199W9GN8WLuvXsqnEvPG10VvTwcFfzFs0q3GXyevlh/mKFhNbXkLvvMBrDubm7afBdg3TwwCFtWLdJ8+ctVFzrloqLbyWTySQXFxe1aNlcLVo214QXny8x5qVdZa/mddmxbafOnj3n0Im6Ravm+nDGv5xyzGnpZ9Tgkq6zTaOa6O//fKPoudNpen3qWzKZTAoJra+Q0Prqf3vZ+aDCwkJt37bTKXXdjL6dM0+t28SpWfOYMtfJzsrWooU/6qHHHpT3f99Lfn6+umfYXbpn2F2lbnMxDHrRzu271KFTO3l4eDgsP5162ugofmDfQeX2ypWHh4fDjzJOnjilVStWV+q4vvt2gZo0bayomKZGLV5eXurbv7f69u9d7rbz5y1Ul26d1DSqKNBpNpvVpl18mef3keSjWrTgx0rVV56KnP/nzxXfGfrij2cq8v4r7bV0c3PTbX166rY+Pcvcrio+I25UN3UHVklq0KCB3n33XXXp0qXc9aKiovTuu+8qJqb4YlK7dm1NmDBBUVFRpW5Tu3btEu2ML9WtWzcNGzaszP2NGDGizG0tFoueffZZvfzyy+Xu43Jdu3ZVr17X/uuVgIAATZ06VfHx8dc8Fm5MG77epzUzdun8ySyH7qHlycuy6UxKhsOype8k6OD6EyW6mZYm62yu1n6xR7t+Tr6akiskZWeajmw7XaF61n2VqLQjF8pewS7ZcgvKfv6/zqRkaNXHO3R8T3qF5/JS+9cc04XTV76lgr3QXuHxC/ILlbjyqH79bHflCwIAAAAAAAAAAACuwqAhA3XHnYOMplKFhYVau2adFn6/SHO+/EZJh4v/Tujt7aVR9w1Xuw5tKr2fCxcu6OtZ3zqE6/790ada88uvKigo/+97ebl5mj934VUH7n5bu16HD12/v3feiGy2AhUUFl55RRV1Xk05ekz/fGeaNqzb5JT9z/7yGy3+YYnycsvvkFhQUKDly1Zq+sefXdV+dmzbqV079zh01awOebl5WrxwiVb+5xen1BUSGqJmzWMdwnQHDxwqEV6VpFUrVuvkiVPGY5PJpJhm0UZXwur0+YwvtX3rDod5CAoO0sOPj1V4RJiys7L1/nsfase2ndflNbz8dZGK5qus8zIvN0+ZmVff+Gv92g1Oueuy3W7X1i3bNPvLb655rJtVdla2flq0VBkXMspd74f5izV75tdXXK8se3Yn6tzZ8w7LLu02LkmbNmxRetqZctepqJSjKXrrb+8oYfPWK352SkXX0KysLElFc/LxtOlKOpx8xffTqZOn9PG0fys56UilayxLRc7/5ctWOnRmvpTdbi/K4JThh/mL9d0331fqPVpTPiNqopu6A+tF8fHxWrJkiRYsWKC5c+dq2bJlSk9PV0BAgDp37qzBgwdr6NChCgwMLLFt9+7d9eOPP+q1117TkiVLlJSUpKioKA0aNEijRo3Syy+/rCVLlpS6X39/f02bNk3x8fGaMWOGEhMTFRUVpbFjx+qRRx7RTz/9pNmzZ5dZt5eXl1599VWNHj1a33zzjVauXKn169frwoULCggIUO/evXXXXXepT58+xjYhISH69NNP9eGHH+qHH37Qli1bJBUFZkNCQuTi4qLx48crPj5e33zzjbZu3WqsExAQoHbt2um2227TyJEjFR5esjMkbi17VhzVgd9OKOa2MDVsX0e+9b3l7mkxfqVhL7QrP8emM8cydfC3E9r9nyPKz7E5jJGfY9PSd7Yosl0dxfYOV1BDX4cxbHkFykjLUdKmU9r+4+EquZ39yg+360xKhqJ7hMqntrW4y6y9qJ7czKIWqGdSMrTsvQS1HdZEoS2C5OZhMbqg5ucUKGnLKRXkFyqqe8gV93ly/1nNf3Vd8TxE1pKbp6vMLkUDFhbYlZuRpxN7z2rf6hQd2nDS2DZlZ5qWvZegloMiVb9ZoMP8FRbYlZdlU26mTRu+3qfUg+cU3rq2giNryd3b1aGDri2vQLkZ+Tqx94x2/ZysY7vSnTGdAAAAAAAAAAAAwBW169BGo+4bbnQrk4puMfzPd6ZJKroN86yZX+vZ5580mjxdDJ&quot;
08-31-2019 12:59:36 Wire.java DEBUG [Forwarding screenshot on session 8224b39f135dddefa755fa7332753c0d to remote] http.wire 87 - http-outgoing-4 &lt;&lt; &quot;ddGoi7KDs7R7t27lbTqMby9vaWyWRSdnaO9uzao29mz9OmDZsd18/K1l/+9//Uu18vDRoyUA0iI2S1WmUymVRYWKiMjEzt27tfc+d8V2LbysjOytY7b7ynhx8fq2YtYoza7Ha7cnJyrymQdqNa+Z9fdOjAIQ0aMlCxzWNUr349eXpajW64drtdWVlZOpZyXKtWrNGC739w6G7pDO+/96HW/7ZR9wy/y+GcubjvpMPJ+mH+Yi37afk17eft199Vbk6u2nZoI1/fWsYx5uXm6cL5cponVcCvq3+Tr6+vuvfsqtDwUIc5LCgoUGZGpvbtO1DqOXwtdbVp11pBwcV5mrzcPO3cXnajpN0796hRo4bG37T9A/zUuk3cVXW1dabsrGzNnvm1QsNCFVy7uOtpRINwDR99r9547W0lJx3RxOf/qIF39FffAb0VHhFe6jwfPZqi1St/1a+rf5Okq35dZn/5jfLzbbrznsEKrh0ks9msvLw8Hdx/SJ/P+FJPPPOo0a2xsr6fu0AuLi66ffAA1alb2+gKXVBQoMzMLGVlZ2vGJ5+rT99eimkeI29vL2Mdu92unOwcHT9+Qst+Wq5v58y7qhpuJUsWL1Wb9vHq1qNLic6pl/p61rdat3a9hg6/W63btJKfn5/RHdputysvL09pp9O1Z9ce/bhoqcO2e/fs06GDh1Snbm1jWXZOtvbsLg6TpxxNUXJSsuqH1CtzncpITjqiP/5+kjp366RBQwaqSdPG8vb2Ms7x/Px8nUk/ox3bdurHRUu1LWG7se22hO16/pnfa+ToYerSvbPDeXhxu80bE/TFp1/pdOrpq6qvLBU5/3+Yv1g2m013Dx2isIgwubgU5Wtyc3O1ZtVaNW7SSOERZd+h+YtPv9LGDZt119Ahat4iVr5+vg77STudph3bdmrZ0uLPlev5GXEjM82ZM8fetGlTh4VxcXFXnfYNnFQUyEybUnZ3UQDOdfn77uKH4ZXexx+MLv12GwAAAAAAAAAAAABubl1fKmpoNOG5F6u5koqJa91SE196QYFBRUG67Kxs/eOd9685cHgjePO9v0qSVk+tfGfXHo+3UHTPUONxyo40LZy6/qrquNHOGQDV61quXZJ0x0vtFdK8ODy9Z8VRrfxwezlblI5rF25WZb3HnvhyYLnbXcyVnTt3TpKUkJBwHaq7sri4OEmSuVr2DgAAAAAAAAAAAAAAAAAAgFsWAVYAAAAAAAAAAAAAAAAAAABUKQKsAAAAAAAAAAAAAAAAAAAAqFKW6i4AAAAAAAAAAAAAAACgPAlbtmnMsLHVXQYAAACciAArAAAAAAAAAAAAAADATWjlh9u18sPt1V0GAFTawqnrq7sEAFXAXN0FAAAAAAAAAAAAAAAAAAAA4NZCB1YAAAAAAAAAAAAAAG5Rb7731+ouATcYzhkANyKuXUDNRAdWAAAAAAAAAAAAAAAAAAAAVCk6sAIAAAAAAAAAAAAAcItZPTW5ukvADYZzBsCNiGsXULPRgRUAAAAAAAAAAAAAAAAAAABV6rp1YA2cNPt6DQ0AAAAAAAAAAAAAAAAAAIAbGB1YAQAAAAAAAAAAAAAAAAAAUKWc3oE1bcoIZw8J4Dp54suB1V0CAAAAAAAAAAAAAAAAAOAWRAdWAAAAAAAAAAAAAAAAAAAAVCkCrAAAAAAAAAAAAAAAAAAAAKhSBFgBAAAAAAAAAAAAAAAAAABQpSzOHjBw0mxnDwmggtKmjKjuEgAAAAAAAAAAAAAAAAAAuCI6sAIAAAAAAAAAAAAAAAAAAKBKOb0D60V0ggSqDp2PAQAAAAAAAAAAAAAAAAA3EjqwAgAAAAAAAAAAAAAAAAAAoEoRYAUAAAAAAAAAAAAAAAAAAECVIsAKAAAAAAAAAAAAAAAAAACAKmWp7gIAAAAAAAAAAAAAAAAAAAAqY+eOndVdQrVr1rxZdZdwTejACgAAAAAAAAAAAAAAAAAAgCpFB1YAAAAAAAAAAAAAAADUaFu2bNH+/furuwwAQBVp3LixWrduXaF1Jzz34nWupuZ5872/VncJTkGAFQAAAAAAAAAAAAAAADXa/v37NWzYsOouAwBQRb7++usKB1hx4zJXdwEAAAAAAAAAAAAAAAAAAAC4tRBgBQAAAAAAAAAAAAAAAAAAQJUiwAoAAAAAAAAAAAAAAAAAAIAqRYD1Jpadna0nn3xSJpPJ+G/NmjXVXRYAAAAAAAAAAAAAAAAAALjFVUuANS0tTQMGDHAIVl7+X3x8vMaPH6+1a9eqsLCwOsoEAAAAAAAAAAAAAAAAAADAdVBjO7Bu2bJF7777rjp37qxJkyYpMzOzukuqUWbOnOkQ+J05c2Z1lwQAAAAAAAAAAAAAAAAAAFAhluouoCKmTp2q2rVra9y4cTKZTNVdzg3DarVq2rRpmjZtWnWXAgAAAAAAAAAAAAAAUKNlZ2frd7/7nQ4fPqyZM2cqMDDwlqxlzZo16tq1q7744guNGTOmyvZ7I2BugJtH73699Oz4p2T1tJb6fGFhoXJycnTi+Elt+G2jFny/SKdTT19x3IF39FffAb0VHhEuT0+rzOaiHqN5uXk6dSpVv61Zp+/mLqjQWLeCGtGBtVWrVtqzZ4/sdrsKCwt19OhR/f73v3dYZ+HChTpx4kQ1VQgAAAAAAAAAAAAAAIAbTW5urpYuXaqxY8eqQYMGMplMatCggUaMGKFZs2bp/Pnz1V0iAKAGMpvN8vT0VMNGkRoxZpjem/aW7rjz9jLXj46N0t//9YbGvfCMYpvFyNvbywivSpKbu5tCw0J078h7rjjWraRGBFgvZTKZFBISohdeeEF9+vQxlqemphpfGhITExUXFyeTySSTyaQpU6YoNzdX3377rfr06SOTyaSZM2c6jJuZmalZs2ZpxIgRxheSwMBADR48WB9++KHS0tJK1JKdna0nn3zS2M+AAQOUmpqq1atXa/To0QoMDFRgYKAef/xxHT58WJJkt9u1detWPfzww8bzDz/8sPbt21fq8drtdu3evVuTJk1Sp06djH3Fx8dr/PjxWrt2rQoLC43109LSNGDAAN13330O49x3330OdV48nilTphjL4+LilJiYWKIGZ87N2rVrjWOvVauWBg4cqJ9//tnhGC66+CXxoYceUnx8vDFWdHS0HnroIc2aNUunTp0qdd4AAAAAAAAAAAAAAADKs2/fPt17773q16+fPv30UyUlJUmSkpKSNGfOHI0aNUotW7bUjz/+WM2VAsCNp3///kbe60r/9e/fv7rLvWb+Af56/KlH9ODD95V4LjwiTOMnPKvomKgK3WHeP8BfYx99QIOGDLwepd5QalyA9SJfX181aNCgQusmJyfrscce07333qtly5aVeH7z5s3q37+/Ro0apTlz5hhfSNLT07Vw4UI98cQT6tKli1asWCG73V7mfk6cOKGJEyeqW7du+uqrr5Senq709HR99NFHGjlypP4/e3ceH8P9/wH8tbu5D4kcNAndUITQkEiFuO8rFKWo0n6rqNZZpVQpUupWtHXWra464mhFE3cQRyJxJJsKCXKQg4jNtdnd3x/5ZWST3Vxy6uv5eOTxMDufmfnM2M9nZmfe8/4EBgbi+++/R/v27bF161Zh/tatWzFy5MgCQazp6elYuHAhPDw88OOPP+LKlSvCvODgYKxZswaenp6YMmUKUlNTi3UsSqqsj42np6ew76mpqTh58iQGDRqE/fv3a5R/8uQJRo4ciR49emDbtm0IDg4W5slkMmzbtg3Dhw/Hhg0bymW/iYiIiIiIiIiIiIiIiIiI6M315MkTTJ8+HcePH8eQIUNw7do1ZGZmQq1WIzMzEyEhIZgwYQKSk5O1JvYiIqLCTZs2rVzKVpbs7Gz8sWMvenXuh4F9P8SKxT/jVuhtKJVKoYyBoQF69+sFz/ZtNJb9bOyncKwnFabVajUePXyMX35eh4F9P8ScmfNw9co1jXWZmZliyLAP0NjZqfx3rgqrsgGsycnJGtlCTU1NYWRkpLXs5s2bsXPnTq3zoqKiMGnSJAQEBBS6PZlMhilTpiA8PFxnmZCQEGzfvl3rvMDAQLRu3RqLFi3SGmwaGBiI48ePC9NqtR&quot;
08-31-2019 12:59:36 Wire.java DEBUG [Forwarding screenshot on session 8224b39f135dddefa755fa7332753c0d to remote] http.wire 87 - http-outgoing-4 &lt;&lt; &quot;obN27EnDlzigxOXbt2LVavXo3s7OxCy5VURR2b1NRUbN++HYmJiQByMq8uW7YMBw4cKH3liYiIiIiIiIiIiIiIiIiIiLRQKpXYsmULfHx88OWXX2Lr1q1wd3eHgYEBAMDAwAAuLi5Ys2YNTp8+DUtLy0quMRFR9dOjRw/06NGjzMpVJelp6fjH1x/TJ8/Cgb0HkZWVJcyzsKiBHr1ejSzv2b4NnJs10ci8+jD6EbznLsJxn7+QnpaOa4E3MHfWApw7cwFq1askkrVr10L3nl0rZqeqqCoXwKpSqXD//n388MMPuHDhgvC5u7s73nrrLa3LjBkzBg8ePIBCoYBarYZarcaIESOgVqtx6NAhjQDNkSNH4tGjR1Cr1YiNjcWYMWOEeSEhIdi2bZvGFy6vJk2awMfHB2lpaVAqlfD19YWdnZ3O+X/++SfMzc2F+TKZDOnp6QBygkf37NkjzJNKpdi3bx8UCgUUCgWOHj0KqfRVVPbmzZtx+/ZtWFtb4+TJk9i1a5dG3Xbt2iXs+8mTJ2FtbV3ocS6vY/Py5UuoVCqEhITAw8NDmB8TEyMEsMbHx+Py5cvCvFGjRiExMVGof2pqKgIDA/Hdd99BLK5yX1EiIiIiIiIiIiIiIiIiIiKqwh4/fozjx4+jbdu2mD59OkxNTbWWE4lEcHd3R9++fQvMy8zMxMGDB9GtWzeIRCI0btwYa9asEeI+8lKr1QgJCcHnn38OR0dHiEQitG7dGuvWrYNcLi9QXqVS4cyZM/jwww9hbW0NkUiETp064ZdffsHTp0+L3L8nT57gww8/ROvWrXH79u3XrsfAgQNRo0YNWFtb47PPPisyEVp+6enp+OKLL9CrVy8kJCTAz89POG5eXl549uyZzv3u1q0bDh48iMzMzNc6TlFRUZg2bRoaN24MkUgENzc3rFy5EikpKa9V1+IeG7lcjnXr1qFTp04QiUSoUaMGevfujY0bNxbI8JtbB5FIhN27d5foWBNVNcXJrFodsq8WZtvmnbgZFCJMi0Qi1KvviEaNGwIAmjZrAlNTE2F+dnY2Ai9fxcPoRwXWdfTwcSQkJLxal1gEpyaNyrH2VZ9eZVcAyAmObNy4sc75UqkUI0eOhKGhodb5devWhaOjY4HPX7x4oREoaWdnhwkTJqBOnTrC9LRp03D16lWEhOR8yYKCgpCSkgJbW9sC63v77bfRtm1bGBsbAwBatmwJFxcXxMXFaZ3foUMHeHh4wM/Pr8C6bt26hcDAQGH6/fffx/vvvw89vZz/Ei8vL4SEhGDOnDkAgOjoaISGhqJFixY6j1NJlNexyb3oa9q0Kbp06SLs461bt4QTsomJCUxMXjXaHTt2ICYmBj169ICrqysaNmwINzc3tGrVqkz2lYiIiIiIiIiIiIiIiIiIiP47oqOjcenSJcyaNQt169Yt8fLh4eH44IMPcOXKFeEzmUyGyZMnIzMzE19//TUkEgmAnKDRffv24auvvkJycrJQPjAwEIGBgbh9+zaWLl0qxFNkZ2dj1apV8Pb21hix99y5czh37hyePXsmxIpok5CQgOnTp+Phw4fYvHkzmjVrVup6rFixAjNnztRY/9atW0t8vHLFx8fjiy++wKFDh4TPsrOzoVKpdO63v78//P39sXjxYkybNk2ImynJcTp//jzGjh2rMdJzcPjWw5AAACAASURBVHAwgoODcf78eWzYsAG1a9cuUV1LcmwSEhIwbtw4HD58WPgsNTUVJ0+exMmTJ2FqaooRI0YU+zgSVSe52VVPnTpV6Pzq7l5EJNzcXYU+qkYNc9R9uw4iwv+FQx174ZwAAC9fynH3dpjW9YTflSEuNh61atcSPrO0tEAzl6a4HXqnfHeiiqry6S2bN2+OPXv2wN3dvcTLZmdna5zEnJychADNXDY2NhqZXRMSEjRO5K9DLBZrfDnzylsvAHB2dtYI0BWJRKhXr55Gmejo6DKpF1D+x0YikQiBvPlZWVkV6Jj8/f3x7bffokePHqhXrx4aNGiA1atXa31ziYiIiIiIiIiIiIiIiIiIiEiXR49yst41bdpUZ9xGYaKjo2FjY4Nz584hMzMTSqUSly9fhoeHB44cOYLHjx8LZW/duoUFCxbA3d0dV69eFUYPTk5OxrJly7Bz5074+voK5U+cOAFvb2/Ur18fvr6+UCgUUKlUSExMxO7du1GjRg2d9UpOTsbs2bMRERGhEbxamnqcO3cOCxcuhIeHB86cOaNRfvPmzSU+ZkBOArusrCzhuOUdRfj06dPw9vaGl5cXIiIioFQqoVKp8PjxY3zzzTdYvXo1goKCSnycnj17hl9++QWxsbFYtmwZUlJShJGHv/nmG/j4+GDZsmUFMrwWVteSHpvLly/j8OHD+O6775CcnAy1Wg2lUomYmBisXbtWZwZgojdFYRlWq3v21VwxMbFQZCmEaX0DfTg42AMAjIyMNMoqs7ORkZ6hc11qtVpjWiQSQa8U56o3RZXIwJqfubk5WrVqhQEDBmD48OGwtrau7CpRGZJIJJg0aRLMzMywZMkSrYG50dHRmDJlCp4+fYr58+cL0etERERERERERERERERERERE5albt27YsmWLxgi1Hh4e6NWrFzZu3IjExERIpVKo1WphVN5ly5bBxcVFKF+zZk2MHj0aly5dgr+/P/r06QO1Wo2///4bZmZmWLlyJbp06SKUt7a2xkcffaSzTqmpqfj+++8RGhpaIHi1pPUQiUQ4evQozMzMsGjRInTq1EmjfGGjKBema9eu2Lx5c4Fsp5mZmThx4gTc3d2xbNkyODg4CPMcHBzw5Zdf4sKFC/D390erVq2Qnp5e7ON09+5dnDx5Ev/73/8wceJEIXmcnZ0dpk+fjoiICFy+fBnx8fGQSqXFqmtJj01uArk6derA0tISQE7SO3t7e0yYMKFAeWNjY6xfvx7r168v+qASVQO6srC+KdlXtckNVKfXVyWiAps3b459+/bBycmpTNerp6cHc3NzYVomk+Hx48ewt7cXPnvx4gWeP38uTNva2sLKyqpM66FN3noBOSfUzMxM4USqVqvx5MkTjTJ5T6Svq7KPjaGhIcaPH48xY8YgMjISd+/exY0bN3Dx4kWcO3dOKHf27FnExMSU6b4TERERERERERERERERERER6SKRSCAWaw5qLBKJUL9+fcTFxSEjIyezXkZGBiIiIhAWFobmzZvrXN/gwYORmZmJ7OxsREVFwcXFpdDy+cnlcsydOxdBQUEFgldLWw+ZTIamTZvi3XffLXY9iqKnp6c1QdnLly8hk8lw5syZAqMD5+Xp6YmsrCykpaUV+zhFRkYiNTUVrVq10hj5GMiJc3F1dcX8+fPx+PFjjdiToupakmPTokULNGnSBN9++y1CQ0Ph5eUFZ2dnODg4wMDAoFjrIKrupk2bViCA9U3JvgoAb71VG3r6r/qMbEU24uNzYvtyzwm5JHp6MDLWzMqal0gk0phWq9XI/g8Hw4qLLlJ91ahRA23atBGm4+Li8Msvvwip3JOSkrBs2TIEBgYKZdzc3GBhYVHudXv33Xfh4eEhTPv4+MDHxwfZ2dnIzs6Gn58f1qxZI8yXSqUab8jkP4neuHEDcrm82NuvzGMjk8kwfPhw7Ny5E48ePUK9evUwcOBA/Pjjj/Dx8cGoUaOEspmZmVAoFIWsjYiIiIiIiIiIiIiIiIiIiOiVunXrAgDu3LlTphnyJPmGeM4NtCxKamoqsrOzkZiYiPj4eDg6OsLExKRY24yPj8dXX32F3377DW+99ZZGVtjXrcc777wDMzOzYtXjdeRuryhpaWlQKpUlOk65o/46OjoWmCcSiQr8nxW3riU5Ns7OztiyZQs6duyI9evXw8vLC/Xr14ednR3mzp0rZGglepPlz7b6pmVfdWrSCPr6+sL0ixepePQwJ84u5nGsxrnGzMwUjZwaal1PY2cn2Nm/pfHZ8+cpuB16pxxqXT280QGsIpEIgwYNQtu2bYXPdu7cibp160IkEsHGxgbr1q0T5jVv3hyffvpphbz94OjoiOHDhwvT0dHRGDp0KPT19aGvr48ePXoIJ1kA+PzzzzXeoJFKpRoZVFetWgUzMzOIRC&quot;
08-31-2019 12:59:36 Wire.java DEBUG [Forwarding screenshot on session 8224b39f135dddefa755fa7332753c0d to remote] http.wire 87 - http-outgoing-4 &lt;&lt; &quot;L06tULSUlJhW6/so9NWFgYRo0ahfr168PQ0BAikQgikQiWlpbYsWOHUK5Tp07ChSURERERERERERERERERERFRUaRSKTw9PXH69Gk8fPiw3LZjbGyMunXrwtPTE1FRUVCr1Vr/Tp48CWtra1hZWcHW1hZRUVFIS0sr1jZCQkJgZ2eH1atX4/Tp05g+fToSEhLKpB6PHz8ukDmwPORub/DgwXj+/LnO+q1fvx7GxsYlOk65WVW1BfCWZojv0hwbkUiE1q1b49ixY0hNTUVwcDB+++03NG3aFN7e3li2bBmHGqf/hLwZV9+k7Kuffj4SLdxeZYNWq9UIuxOOiPB/AQA3g0Lw4sWrQHU9PT207eCJt6UFY976D/TSeBFBrVJDFhZRjrWv+t7oAFYgJ1B0zZo1GoGa2jg5OWHNmjVo0qRJhdRLJBJh7Nix8Pb21ghE1Wby5MmYOnWqRtZVZ2dnDBw48LXqUFWPTa4hQ4Zg6tSpBVK8ExEREREREREREREREREREelSp04ddO3aFYGBgVi+fLnOEW3VajWuX7+OEydOlGo7xsbGkEqluHTpEm7cuFFkeTMzM7zzzjsIDQ3FnTvFy7bXtWtXeHt748svv8SqVatw5MgRzJs3T2OfSloPIyMj2NnZ4f79+4iNjS1WPV5H7n4HBARAJpMVu3xxjtM777wDc3NzXL16FZmZmRrzEhISEBwcDE9PT9SpU6dYdX3dY2NmZoYWLVpg/Pjx2L59Ozw8PBAUFIQXL16UeF1E1U1u1tU3IfuqsYkxuvfsisUrF2Lw0EEaSR8TE5Jw8oSvMH0t8AZuhdyGWq0WPntbWhdzFnwHr/f7wNjEGO95tMSCn+aiY+f2EIlFQrknT57iH1//itmpKuqND2AFADc3N/j6+mLPnj0YMmQIrKysAOS8NeHl5YUNGzYgICAAHTp0qNB6GRsbY/bs2QgMDMT3338PV1dXYZ6rqysmTZqES5cuYeXKlTA1NdVYtkaNGli1ahWWL1+Ojh07Cp9LpVK88847GimLC1MZx6Zhw4bYs2cPlixZgp49ewrbBHL2+9NPP8WpU6ewc+dOODg4lNl2iYiIiIiIiIiIiIiIiIiI6M0nkUgwcuRIeHh44LfffsOwYcNw/vx5ZGVlAQCysrJw+/ZtzJgxA126dMHz589LtZ3cUXKlUim+/vprbNmyBc+ePQMAqFQqJCQkYO/evfD29kZ6ejqMjY3Ru3dvvHz5EjNmzMDZs2eRnZ0NtVqNpKQk/PHHH1i9erXGNvT09IS/Tz75BLNnz8Zvv/2G2bNnC0GsJa2Hubk5WrVqhbCwMKxevRpxcXEAALlcjhMnTmDq1KmlOh665N3vsWPH4tixY0Lds7Oz8fjxY2zcuFHY95IcJ2dnZ/Tq1Qtbt27F2rVrhUDRuLg4zJ8/H0ePHkWbNm3w1ltvaa9cPqU5NitXrsTq1asRFRWF7OxsADnfsVu3biE+Ph516tSBkZGRUD49PR1ffPEFRCIRdu/eXcqjSlQ1TZs2rdpmX9XT08NHo4bh5JljOHxiP6bNnIIWri4aSSdfvpRj7+79uBkcqrHsrm1/IOrBq9HWRSIR6r5dBxOmjMfhE/vhvXgeWrV+DxKJRGNdB/YeRPjdogP732R6RRcpe9bW1jh58mSpl3dycsLNmzdLtIypqSmGDRuGYcOGFXsZY2NjrF+/HuvXr9c6v6j9KM5+ikQiNGnSBN7e3vD29i523YCcINOiGv2cOXMwZ86cQtdTHsemsG2LxWI0adIETZo0wYwZM4q9TSIiIiIiIiIiIiIiIiIiIqLiaNiwIX7//XeMGzcOx48fx/Hjx7WWc3JyKnZwozYtW7bE4sWL8dVXX2H06NEYPXp0gTLjxo0T/t2tWzdMnDgRixYtQufOnQuUXbBggc5t6enpYdKkScjIyMC8efNgZ2eHadOmQU9Pr8T1GDJkCPz8/LBp0yZs2rRJo5ynp2ex9r0k+vbtizlz5sDb2xv9+/fXWibvvhf3ONWsWRNTp05FREQEpk+fjunTp2uUe//99zF9+vQSjf5b0mMjl8sxd+5cTJkypcA8qVSK4cOHw9jYuNjbJ6rOqnvmVV3UajUSEhKxbfNOnP7nTIH5D6Mf4acFSzFx6pdo5tIUIpFIy1peeZb8DLt37MWJo3+XV5WrjUoJYCUiIiIiIiIiIiIiIiIiIiIiKk9NmzaFr68vjh07hsOHDyMwMBDR0dGQSqXo1KkThgwZgk6dOhUYFbckRCIRhg4dilatWuHXX3/FmTNnEBwcDCsrK3h6eqJfv34YMGCAEMBoamqK+fPno0OHDvj999/h7++P5ORkdO3aFR9++CE++OCDQrdnbGyMb775Bk+fPsXMmTMBQAhiLUk9ateujU2bNqFZs2bYtWuXUIdJkyZBT0+vzEcx1tPTw7Rp09C1a1esW7cOFy5cgEwmg1QqhYeHBwYOHIg+ffoI5UtynNq0aYMjR45g7dq1OHHiBGQyGVxdXfHxxx9j9OjRsLCwKFFdS3psvvzySzg6OmL//v24dOkSkpOT4eTkhL59+2LixIlwdHR8vYNHRJVCpVIhLS0dcbFxuHA2AMd8TiA9LV1n+YfRjzB9yiz09uqJ7r264m3p2zAxMYZYLAYAZGVm4enTBFwJCMSRQ8eQmJBYUbtSpYn279+vbtSokcaHLVq0gFqtLtUKrefsAwAkeQ997coRUfHkb3e5UfylbcdERERERERERERERERERERVyYEDBzBkyJDKrgYREVWQ4vT7d27fAQBMmzizIqpUpaxYuxgA0LRZ0xItlxtXlpKSAgC4efNm2VasmFq0aAEAEFfK1omIiIiIiIiIiIiIiIiIiIiIiIiI6D+LAaxERERERERERERERERERERERERERFShGMBKREREREREREREREREREREREREREQVigGsRERERERERERERERERERERERERERUoRjASkREREREREREREREREREREREREREFYoBrEREREREREREREREREREREREREREVKH0KrsCRERERERERERERERERERERESFadCgAQ4cOFDZ1SAiogrSoEGDYpddsXZxOdaEyhMDWImIiIiIiIiIiIiIiIiIiIioSnN1dYWrq2tlV4OIiIjKULkFsFrP2VdeqyYiIiIiIiIiIiIiIiIiIiIiIiKi/7CmzZpWdhXoNYkruwJERERERERERERERERERERERERERPTfUuYZWJO8h5b1KomIiIiIiIiIiIiIiIiIiIiIiIiI6A3CDKxERERERERERERERERERERERERERFShGMBKREREREREREREREREREREREREREQVigGsRERERERERERERERERERERERERERUofTKeoXWc/aV9SqJqJiSvIdWdhWIiIiIiIiIiIiIiIiIiIiIiIiIisQMrEREREREREREREREREREREREREREVKHKPANrLmaCJKo4zHxMRERERERERERERERERERERERE1QkzsBIRERERERERERERERERERERERERUYUqtwysRFT13bl9p7Kr8FqaNmuq9fPqvl9EVP2xfyKiXOwPiIqHbYWI/svYBxK9PrYjIiKi6oPnbSIiIqLypet6q6piBlYiIiIiIiIiIiIiIiIiIiIiIiIiIqpQzMBKRBDDoLKrUCIqZBWrXHXbLyKq/tg/EVEu9gdExcO2QkT/ZewDiV4f2xEREVH1wfM2ERERUfkq7vVWVcMMrEREREREREREREREREREREREREREVKEYwEpERERERERERERERERERERERERERBWKAaxERERERERERERERERERERERERERFShGMBKREREREREREREREREREREREREREQVigGsRERERERERERERERERERERERERERUoRjASkREREREREREREREREREREREREREFUqvsitARETVk0KhQFqaHGKJGJYWltDX14dCoYBSqSp0OYlEDH19fYglpXuHQqVUFWs7RETVAftSKksPoh7g628mQyYLBwBMnDAZ48d9Vcm1qprY9ohKh/1M8bGfof+K1+kXnj9/jhkzp+FiwAUAgJNTY6xcvhr1HOsBAIKCg/&quot;
08-31-2019 12:59:36 Wire.java DEBUG [Forwarding screenshot on session 8224b39f135dddefa755fa7332753c0d to remote] http.wire 87 - http-outgoing-4 &lt;&lt; &quot;DxqGFC+aWLl8Orb/8y3oPiY7umqix/e/lwyDDM/PY7GBkaAQDWbfgVa39ZDaBgWysttgkiIqKCijonExEREVFBlRLAmpSUhBEjRsDX11dnGSsrK3h6emLAgAEYNmwYTE1NK7CGRKSLvr4e0jPlSEpOxMuXL6FWq0u1HpFIBDMzM1hb2cDY0BQKRXYZ11RT/ociAGBv74CfV65Fs6bNNMpWtQckVVVamhzR0VEwMjaEbS1rWFjUQMqzF1AqMwtdTl9fHxY1a8DIyLBU283IyCzWdoiqI5VKhcj79/D3yb9w+fIlhITeBABYWFjg3WYu8GjVGp07dYGjYz2IxUyk/yZgX0p5abteya9JE2e0dHNHn9594fJuc/YFpcS2V70VFfCUKyMzA4uXLML+A3uFz3bt2As3V7cKrW9Vwn6m4rCfofKirR17tGqNxT8tQ+1atQuUv3fvX0yZNgn370cKn/EheumwXb85inM+zIsvbGjHNkFERBUt7/3za9euIlwWBrlcDgsLC7i2cEOnTl3QrUs3WFlZV3ZViYiIiKgEqmwG1uTkZBw/fhzHjx/H1q1b8fvvv8PJyamyq0X0n6avr4fnqUmIi4t77XWp1WqkpqYiNTUVdnZ2sDS3Lvcg1vxiY2Ow+48dmD1rLszMzCp029VZbnaFhMSnSEh8CktLC4glIpiYGkORpRDK6MqCIJaIYWRkCBNTYwCAUqmEQpEFlVKpc3vytHQoFIr/L69GtkJ7WaLqLDExAT+vWYVDh/8sMC8lJQUXAy7gYsAFrFi1DP/7dDQmTZgCQ8PSPeyhyse+lEorLOwuwsLuYtfuHRg75guMGzMexsbGlV2taoNtj6ho7GdeD/sZqgyBV6/g4sXz+GDQEI3PlSol/j75l0bwKpUc2zWRJrYJIiKqDEXdPz977gzOnjuDVT8vx8SvpmDwB0NgYGBQZtvP/wJMu7btsXTxClhaWpbZNoiIiIj+q6psAGteAQEBWLx4MX755RdmYiWqROmZciF4tX79+qhVqxYkEkmp1qVUKvH06VPcv38fcXFxMDQwgp644gOx/Pz/Qft2HdGnd98K33Z1lZtdISHxKdLS5LC0tADwKnuCvoF+ibIgKBRZSHmWhIyMdK3zU1JeIDo6Bs9TXgAAzM1rwN7OAeZmNcpmh4iqgKSkRMxb8ANOn/ErVnm5XA41SpcBm6oG9qVUFjZuWg9rK2t8PGIURCJRZVenWmDbIyoZ9jMlx36GKsu582fRvVsP1KhhIXwWFxeHgMsXK7FWhbO0tMTG9b9XdjWKxHZN1YGbqxvu3oqokG2xTRARUUUryf3zlJQU/LhoPtLS5fjfJ6NL/RyztCrynExERET0pqgSAazNmzfHvn37hAyrcrkcf/75J2bNmiUEywUHB+Px48fMwkpUiZKSEwHkBK/a2dm91rokEomwjvv37yMpORG1bRxeu44lJZfLceDPfWjZ0l3rUHtUkEKhwPOUZ0hLk8PExBjm5qZQKbOhUGRCX98ARkaGSJXoHmZUpVQhIyMTYokY+vr6UCmVyMhIR5r8pdbyz58/Q2xsDJ6npMLUxBT6eoY6MzgQVUdKpRI7d+/QuPlmamqKcWPHY0D/gbC2tvn/oZEiceDAXhw5ergSa0tlhX0pFUfeYdHVajWeJjzFjp3bsHXbq0CPs+fOoFfPPrC1ta3EmlYfbHtEmtjPlD32M1RZ/Pz/QT+v99G9Ww8AOSPfnDnjj9DQkEquWfXHdv3my3s+pKKxTRARUUXKysrClq2bNe6f13OshymTp6Fd2/YwMjJCUlIi9u7bg+07t0IulwMANmxch/r16qNL526VVXUiIiIiKqYqEcCan6mpKQYNGgR/f3/s3Lmz0LJqtRrh4eH4448/4OfnhytXrgAAXF1d0blzZ3z++edo3LhxgUwhmZmZOH/+PP744w+EhIQgODgYAODk5IQ2bdqgZ8+e6NKlC2rVqqWxXFJSEg4ePIhjx47h0qVLSE5OhlQqhYeHBwYOHIh+/foVyBIrk8kwdOhQhITk3DBesGAB5syZo7HOESNGwNfXFwDQs2dP7N69G9bW1gByMtC2a9dOKL9r1y4MGDAAO3bswPbt2xEYGIiLFy+ibdu2QpmnT5/iyJEjGvW0srKCp6cn+vTpg/79+8PBQTNY8OHDh9i7dy9OnTqFq1evIjU1FU5OTmjfvj0+++wzeHh4QCwueOMpd7nTp0/j2rVrSE5Ohrm5OVq1aoWOHTuiV69ecHV1hZ5elfy6UQm8fJlzEzF/u3gdtWrVwv379/Hy5UvUtimz1RapQYOGUCgUiI6OQuDVK/A5egSjP/scEnHRb2LK5XJcuHgO165fQ0SEDOGyMOEHcZMmzmjcqDH69u0H95bvaQxPkpGZgcVLFmH/gb0AcoYXWfzTMkQ9eIA9+3YLw4706N4TY8eMh4O9A9RqNSIiZNixa7vw47xL524Y+/k4SKWOWusXFxeLv/4+gYBLF3HrdijkcjnqOdZDy5buGDRwMFzeba61LZeUiYkxpNI6qF3bForMdKQ8S4JFTesil1MoFEh59gKKLAUsahY/U4KpiSmkUkfY2NSCqQmzcdOb48GD+/Dz/0eYNjU1xQ9zF6Bvby/h+kUikaBRw0b4btYc9O7tBf/T/xRYT3p6Os6cPQ0//38QeisEsbExsLCwgGsLN3Tq1AU9uvUsMJzRg6gH+PqbyZDJwgEAEydMxqejPoPvqZM4fOQgrl2/inqO9TBs6EcY/MGHMDY2RlZWFs6eO4O9+/7AlcDLqOdYD4MGDsawoR9pXANp6/NmzvgO5y6cw9mzp3Ht+lVYWFigXdv2+N+no9GksbPG9Vpp+1oAWLfhV6z9ZTWAVw8i1SoVDhzcj3/8TiE2NgbvubfCh0OGoXu3HsLy//idwuSpE4T1fDt9Fj4Z9T+Ndd+79y+mTJskDMP68YhR+ObrGaUejop9KRWXSCRC7Vq18emozxAeHobLVy4BAJKfJeOl/KXOwLL09HT4n/HDoUN/4krgZdjbO6CdZzuMGfMFHOy1vzz0/PlznPLzxdmzpxF8MwgpKSmwt3eAy7vN0a1rd3Tu1KXAcOK6+pOSbpvXMVQZ1Go1Hjy4j+N/HcPly5cQEnoTQM75pqWbO/r07qv1u6frfLNj5zZcvHQRKSnP0a5tB4z5fKxwnouJjcGu3Tvwj98ppKQ8R2uPNvh89Fi4vNtca4bTws7vffp4oWvnbgXaY2lV9X4mKDgIH48aJkwvXbwc7dp2wIm/j+PYcR+EhoagnmM99OrZByNGjIRVTSut22Y/Q2+ys2dPo13b9jA2NkZiYiLOnjtTouVL0za1SU9Ph8/Rwzhy9DBCQ0Ngb++A7t164JORn+Ktt169EK3tN0NphmFlu6aKVJ6/owFAJgvHxYALuBkSjPv3I/Eg6gEAwMLCAu82c4FHq9bo07sv7Ozsi6zX+HFfleuxYJsgIqKKcP9+JHz/8RWmbW1tMff7+fDwaC18ZmNji/FffAU9PT2s+eVnADn3l4/4HIZ7y/eEUQry/65cvGgp7OzscfjIQVy9dhWxsTFo0sQZA/oPFM7jAHD8xFHMmPmNRr0uBlyAZ/tWwvTSxcvh1bd/sc/JlfW7OHe7586fhUwWjtjYGABAc5cW8GjlAU/PdnBxaQ4jQ6PC/luIiIiIylSVjSjMzs4WguUAQE9Pr0CK//T0dKxYsQJLly5Famqqxrzg4GAEBwdj06ZNWLVqFT755BMhgPLJkyeYOHEiDhw4UGC7MpkMMpkM27Zt0wg0VavV8PX1xZQpUyCTyTSWiY6ORnR0NPbv34+2bdtiw4YNaNq0aZkcB21u3bqFHTt24NSpUwXmZWdnY/fu3fj666+RnJysMS85ORnHjx/H8ePHERISglWrVsHY2LjQZXKPx+bNmzFv3jzMmDFDuFhWq9XYt28fvvrqqwLLpaamwt/fH/7+/jh48KBGhl2qvrKzs4V/K5XKMltvWa6ruFxbuKJ+vXewZNlPAID9B/bCs01bNGvarMhlnyY8xYZN64Ufn3mFhd1FWNhdHPY5hOHDRuCbr2fofLiTkJiA5SuW4IiPZjbFA3/uhyxChu++/R6nz/&quot;
08-31-2019 12:59:36 Wire.java DEBUG [Forwarding screenshot on session 8224b39f135dddefa755fa7332753c0d to remote] http.wire 87 - http-outgoing-4 &lt;&lt; &quot;pj9x87haAtADh85CAi79/DkkXLNIJYlUoljh0/iiXLFiElJUVjnQ+iHuBB1AP8efAAvvpyIkZ/NqbEPz4VCgXS0uR4nvIMCoUC+vp6sLAwh7mZKZRKBTIy0mGuVEIs0YeRkSFUShUUCkWBjAhKpQpKZU6WBXOlCmKJBEZGxlAplVAosoTvg0KhgDwtHSkpqVAosqGvbwgLi5qwtCjZgyyiqi4o+IYQDAkA3bp2R6cOnbUGsYhEIri5usHN1U3j87thd7DoJ28EBQdpfJ6SkoKz587g7Lkz2L59C36YuwDvubfSOQTwnTt3MGnKVwi49GqY0QdRM1VN9QAAIABJREFUD/DTkoWIio7CwPcH4bf1v2g8CH8Q9QArVi1DfHwcpk2bobNvCb4ZhFH/+xjJyUka9Tvx13FcDLiAObPnoXevPkLdyqqvzcjIwO9bNsH31N8afem161dx7fpVfPP1DHzyyf8gEUvQpIkzXFyaC1mqbgRdx8ABgzSGYQ0JvSn8f5mamqJL564lCl5lX0qvy9zcrMCLaLpoa9OxsTHY/+c+hEeEF7iWUKvVCAi4gJ+WLBQelOddLjY2Bid9/4KbqxvmzfVGgwYNy2zbvI6hypKRmYFt27bg962bNM4TwKvzza7dOzDio5GYMunrAkEmwnp0nG98T/2NW7dDMf8Hb0RHR2Ptrz9rfMf9T/shLDwMSxevKNX5vWOHTpgz+wfY6wgULY3q0s9cvnwJv2/drHGt8CDqAdZt+BX/3ovAvB+8NR7WsZ+hN5WtrS3MTM3wIOoBTvn5ol+/99Haow0Cr14WAtE7duiEc+fP6lxHWbbN0NAQjBn3P42+KzY2Btt3bEXwzSAs8l6M+vXfec29zsF2TVVBWf+OPn3WX3hBJq+UlBRcDLiAiwEXsGffH/hp4RK8596qQLnyxDZBRESVIfdlzlztPNvDxaV5gXISiQReXv1x9vwZ4f5uSOhNPHr8CE2dLQqUB4AVq5YhISFB47PcewFBwUH4/rs5sLYu2+w7lfm7+PqNa/hh3vcFtgvkHKuQ0JvYuHkDdu3YW+AeBREREVF5ev1Xz8uYWq1GUlISVq9ejcOHXwV1ubu7azxAyc7Oxpo1azBnzpwCwat5paamwtvbG4GBgQByMq8uW7ZMa/BqYW7cuIEvvviiQPBqfgEBAfj2228RHx9fovWXxJIlS7QGr6rVauzfvx8TJ04sEFCqS0mWWbFiBXx8fITpGzduYObMmcXeFlV/KpUKKpUKSqWyTP9y11uRRCIxunfrgW5duwPI+VF44M+9SE9PL7Nt7Nm7W2uWxFwyWXiB4NVcoaEhGDZiCDZuWl/gQXru/Lw3vtVqNf72/QsLf1pQ4KFNftu2b8Hp0/7F3ItX0tLkiI6OQnR0FNLSCtYpl76+Pixq1oBFzRrQ19cvcr36+gawqGkNi5rW0Nd/FQQmT0tHdPRjREc/hjyt7P5fiKoShUJR4GaRaws3mJmZFXsdMbExWoNb8st9gPbgwX2dZU6f8dN46JbXnr278eHwD3RmcTrl54vIyHs61y2XyzWCV/NKSUnBH3t2IjYutpA90K6ovjY6OgqHDv+ptS8FgGMnjuLhw4cAADs7O7Rt8yrr/eUrl3Av8lVwsVwux7Xr14TpNq094dzEuUT1ZV9KryslJQUPHrzqN0yMTWCoI4i6sDYdGhqCv0/+BbVaLXx25+4dzPP+QetN7LyCgoOwYtUyJCYm6CxTkm3zOoZel0wWjr79esL53UYaf27uLkJWP23UajUOHNiHNb/8rPM8kWv3Hzuxc9d2nS/fFXa+iY2NwZhxn+HHRfO1fsdjY2Pwj58vFAqF8Nn9+5FY8OO8Is/v586fxdZtvyMjM6PQciVRXfqZwz6HtL7oAuQMpX4pT73Yz9CbzKlRY4wa+SmAnOvV02f8kZCQgFP/n6XKxaU5evboXeg6yrJtnjt/VmffFRoagoOHDiArK6vQ7RQH2zWVJV3XEs7vNsLAwf0LbRvl+Ttal9jYGGz6fSOePXtW4mVfB9sEERFVNG33z5s3b6EzmYGNtTUaNWwkTCckJAj3frXJH7yal++pv/HX3yc0ftOWhcr6XRwTG4OfV68ocrtERERElaFKBLCGhISgcePGEIlEEIvFsLGxwfz584X5Hh4emDx5ssbFqEwmw/bt24Xp4cOHIzIyEiqVCpmZmdi2bRvMzc0B5GRIPXHiBJRKJeLj43H58mVhuVGjRiExMRFqtRpqtRqpqakIDAzEd999JwwtlZmZiZ07dyI6OlpYLjdwU6VSISIiAn379hXmnThxAn/++WfZH6j/t2DBAsTExECpVAr1btu2LR49eoSNGzdqBPR+8803ePz4sRB0GBUVhZ9++knIZhsfH4+tW7cKy/To0QPXrl2DUqmEQqHAqVOnIJVKAeQEA//1119C2QsXLmgck7/++kuok0KhwKNHj7B79240adKk3I4FVazcgNPs7Owy/ctdb0WzsrbG0A+HC1mU/vr7BC5fCSjWso2dGmP50lW4dOEq7oTKcPdWBIKuh+LXNes0sh/du/cvlCrt+1a//jv4dc06BF0Pxe2QcGzasEVjWM78839euVYj49ODqAfCg+rExEQcPnxQeGDe1rMd9u89hNsh4bh1MwybN24V6iWXy3H+wrkiH9Lnp1Ao8DzlGdLS5DAxMYalRQ0Y5LkJrVIqkZGRDoUiE/r6ejAyMoRYovs0o1KqkJGRKWRQMDIyhjhPpm2FQoGUlBeQp6XD1MQUFhY1i3XTm6g6UaqUBQLnTUxMir28Wq3GP36nNB4Q9+83AGf8zuPurQicOx2AIYM/FObJZOE47HNII0Amr549esHn8HHcDglH0PVQTPhqks75N66G4JNR/xPmJSQkFBoc6+TUGFs2b0dI0B3cDgnHoQM+Gm/KBwUHISLfzbay6GttbW0x/4cfcSXgGu7eioD/qbPo0rmbxjFJSkoEAEjEEnTq2Fnoi+VyOQICLgjrjop+oHGe6Nihk0Z21uJgX0qlpVKp8OjxI6z9dQ1uBF0XPm/atBlsbLQP692zRy8cOXQct26G4dbNMPy0cKnGtURsXAwy//9aIisrC0ePHdHIaDFm9DhcCbiGO6Ey/H38FDp26CTMO3f+rMbwba+zbV7HUGWJiY3Bib+PC9P29g5Yufxn4Xv769r1GuebPw8dwL//RmhdV+755urlINwJleHwn0fh5NRY5/xd2/doZCCMjLwnfK+VKiVO/HVcyBhjb++AJT8tQ9D1UNwJleEf3zMa57KLly5q/DYvrerWz4wY/jF8//YXrlumTPpaY350dLTwoJH9DL3p3Nxaok1rTwDA6TP+2H9gr5B9tW2bdqhTp47OZcu6bfbvN0Bom9r6havXriI+Pq7U+5qL7ZqqirL+Ha2vr49xY8fj8MFjCAm6g7u3InA7JByn/zmn8fv+0aOHeJrwtHx3Lh+2CSIiqmglvn8uEkEs1hzRVanM1lE457r3/JkA3AmV4cbVkAK/K4OCb+Cl/CW8+vbHpQtX0a5te2Feu7btcenCVdy9FYG7tyLg1bd/kftTmb+LI2ThGs8R5s1dgFs3w4RrjYvnr2DdrxuLfPmNiIiIqDxUiQDWwowaNQoHDhwoEAR58eJFhIWFAcjJljVlyhTUr18fIpEIBgYGGDRoEAYMGCCU//fff/Hy5UuYmJhoXNju2LEDQ4cOxdKlS/HPP/8gMTERbm5uWLhwIWbPng0gJ8jz+vVXD288PDwwduxY1KxZEyKRCA0bNsSsWbOEgFkgJyg3LS2tXI5J/fr1YW9vLwTY5pLJZDh37pwwPWrUKMyZMwcODg5CcLBUKsXMmTPx66+/wtjYGLdv34afn5+wzLhx4+Du7g6xWAw9PT106dIFH330kTA/MjJSyLhqbW2tsf3x48djwoQJ+OOPPxAcHAxzc3N89NFH2LNnD5ycnMrjUFAFe5MysOZq2dIdA/oPBJDzQGPnrh1FPkip51gPi35cAjdXN1y8dAE/LlqAMeM+w4iRw/DVpPEaPzyfp6ToDBSzt7OHq2tLGBkaQSwWo6lzMzg1aqxzvrv7e3B5t+CwKADw770I4eEUAHw4ZBiaNW&quot;
08-31-2019 12:59:36 Wire.java DEBUG [Forwarding screenshot on session 8224b39f135dddefa755fa7332753c0d to remote] http.wire 87 - http-outgoing-4 &lt;&lt; &quot;0GsVgMiUQCD4/W8OrjJcx/9OghUlKeF32AtDAxMYZUWgdSaR2YmLx6sUChyELKsySkPEuCQlF0NhWFQoGUZy+Q8uyFzmMEAKYmppBKHSGVOsLURPuQrUT/VS/lLxESEixM29raYsTwj1G79lvC9KefjNYIoLl79w5SX2rPXt+okRMaNmgEsVgMI0MjtPbw1Dnf2NgYXbt007oebWxtbNHYqQn09fUhFovRuHETDBrwgUaZ8IhXAaxl1ddaWVnD3f09IdDUzs4eHdp30CiTt993rFcPbq4thekbQdeRlJgEtVqNa9evCW/lu7g0h4dHm2Lvf37sS6k48maCata8MXr27opDh1+9KGdv74D+/QbAQEdmxEaNnNCoYSNIJBJIJBK0ae2Jps7NhPnx8fHIyMgEACQmJuDOndvCPBeX5hgyZChq1LCASCSCVOqIMZ9/oRGAIpOFISNDeyakkmyb1zFUWf6NkAlBogDQpXNXdOncTfjedurYGYMHDRHmx8bGQBahfVSW3PONmZlZTptxdERzlxY65zs7O+scji8pMUkjgLRL567o2aM3jAyNIBKJ4GDvgI+GjxDmR0dHITbmcamOQXXuZ5o3b4G6deoK1y0dO3aGVOoozE9ITEBmFvsZ+m+wsbZF+/YdAeT0Vb+uWwu5XA57ewd07ty1wEP8vMq6bUqlUqFtSiQSdOvaHV27dBfm37l7G4lJ2kdmKAm2a6oqyvp39OefjcW4seMhl8uxY+c2TJz8JUaP+RQDB/fHgT/3C+Wio6NKHJRdVtgmiIjoTdGwYUPY2NhCJBLB2NgYA94fhFbveQjzo6KjkJiYWGbbq8zfxeY1amgsu2r1CsyeMwsHDx3AzZCbEIvE6NC+I1atWK3zfgURERFRedGr7AoUxtzcHD179tSaJeDp01dvF8fFxcHDw6NAmbxSU1ORnZ0NKysr9OjRQyNo09/fH/7+r4aRkkqlmDp1KsaOHQtjY2NkZGRo3Axq1KgRbGxsNNZvY2OD+vXrIyQk5+HXo0ePkJ6eXqIsaq8r7zEBgBYtWqBGvovRopb54IMPdJTMIZfLkZGRkz2lTZs28PDwQGBgIICct7jWrVuHdevWCeUHDhyIuXPnokWLFlrXR9VLbpBpWQebVlbwKgAYGRph8OChuBx4GffvRyLw6pUih7JLfpaMlauWazzYrQhikVjInlygTvmG5Z48dUKh60pLT0NmMYfsUygUSEuT43nKMygUCujr68HCwhwWFpr9S05AcjrEEgnMlUqIJfowMjKESqmCQqGAUqnKV14FpTITYokY5koVxBIJjIyMkZGRiZSU50hJSRUyMFhY1ISlhWWx6ktUnYggKtCuS/ICjDJbqXGNUs+xvhC8mqumZU3Y2tgKQwklP0tGSkoKrGpavUbNcxT2ILw4GjRopDGdmJiIzMxMGBoalmtfW9j1mbmZOdq1bQ/fUycBAFevBSIk9CbcW76HS5dfZV9t26Yd7Ozsir1N9qVU1pycGuOHOfPRrGmzogv/PwMDA51BaJlZWUhLf9X/OErroaZlTY0yNWvWRJ06dYX+JDcwzchI+7Btxd02r2PodTk5NcbK5atRz7GexucZmRlYvGQR9h/Yq3U5eb6hbxu800DjeyoSiQrcj4iNi0GZ0JIVJm+9Ul68Gg571+4d2LV7R6Gry78vZaE69jNGRkZa57GfoTedSCRCO892+LP+O7h/P1L4vEvnrmjUsBFu53lInl95t01TU1NhdKdcT57EF2u/CsN2TWVJ17VEeSjsd7RarYb/aT+s+nl5lRrel22CiIgqi0Qs0RihFSji/rlaDVW+kbokkuKHQ9SwqAFHx3q4ei3n2ffjx4/wIs/v89dVmb+L69d/B926doef/z8AgJSUFBw9dgRHjx0RyrR0c8eELyehVSsPiESiEu8fERERUWlViQyszZs3R3h4ODIyMjBt2jTh89TUVCxduhTh4eGFLF0yEokEkyZNwm+//Vbg5mmu6OhoTJkyBT/++COys3UPK/Bf17BhQ2zbtg0DBw7UWebw4cP46KOPEBoaWoE1IyqZBg0aaGQBDL4ZpLNsVlYWfv99oxBQZW/vgHlzF+DUydMIvHwDJ475amQ6fBOkpckRHR2F6OgopJXgwbi+vj4sataARc0axRreS1/fABY1raFvaIzYuARERz+GPE37W6VEbwpDQ0O8Xfdtjc9CQm4WGBbpTZX/ZqK5mRn09PUqva/18GgDF5dXGa+vXb+K0FshCA6+ASAns22njp0hKUEAL/tSKgumpqZo7dEGs7+bi62bd6BFc9fKrlKVx7ZHVDLsZ0qO/QxVFW+/LYVnm7bCtKmpKbp07qozqLyiqNVqqPIFrVlYWFRSbYqH7Zoqy527d7B46SIheLVvHy/s2rEXF89fQUjQHUycMLlS6sU2QURElUVfX7/ACyZ3w+4iIzNDa/nEpCRE/BshTNva2uLtt9/WWlarfAGwNja2xQocrQ6salph7vfzMGTwhxoZXvO6EXQdEyaP10jkQERERFQRqlQGVkNDQ0yfPh337t2Dj48PACAkJASzZs3Chg0bULt2baGsmZmZ8G9zc3McPnwYXbt2LfZ2xo8fjzFjxiAyMhJ3797FjRs3cPHiRZw7d04od/bsWcTExMDIyEjjQi4iIgKJiYkwNzcXPktJSdHIZlq3bt0Cb4TlynlTKkPnG1Cllbc+AHDz5k28ePGi0Cys+ZfZvHkzRo8eXextNm7cGIcOHcKzZ89w+/Zt3Lp1C1evXsXZs2cRHR0NAAgLC4O/vz9cXFxKsDdEFUcilqBv3364cPE8Aq9eKbRsfHwcrl67Kkx79fHCBx8MEYKYynIokZLIP3yW9/yF+CDPcKevQywRw8jYEJaWFrC0tICFRQ1YWtaEiamZ1vJGRsYQSySQSMSQSHKyLKRKdL8voVKqkJGRk21BX98QEokeUlPlkKelw9TEFBYWNYt1k5uounJzbQlbW1thaPpTfr5o49kWfXt7FXjLWa1W487dO/DzP4Uvxn0JiZ5E4xrlQdR9PHkSj1q1agmfvZS/xIvUF8K0VU2rKvHAWK1WF8gEVbOmFSRiCWLiH1dqX2tnZ4fWrVoLw0pfuhyAyMh7Qrbbdp7t0aBBwxKtk30plUZFZoIyNDCAifGr7MRR0Q/w7PkzjT7mZWqqRrazt956C0ZGhq+9bV7HUGXJ/927F3kPWVlZQrCXWq0uMMy1vZ1Dudcrf3sc+P4gfD/7B533GF4H+5nXx36GqgoDAwP069sfvqf+RkJCAtq09oRzE+cilyvvtpma+gKyiFfJCWxtbcvk9wjbNb2JLl0OQGxsTrZ3qdQRn48eB6dGTpVcK7YJIiKqXG6uLVE/z0gDZ876o3fPPvDwaK1RTqlU4vjxo8I9XQBo7tICdevULfa28gfAWtW0grmZ9vNdaVTm72IgJyB3/g8/YuaM2YiMvAdZRDjuht3FlSuXhBdo5HI5LgZcQKv3PHj+JSIiogpTpQJYAaB27dqYOnUqbt68KQRA+vj4oEGDBli4cCEMDXMu0Nq2bQs7OzvExcUhNTUVs2bNwg8//IB27doJN0HT09MRGRmJw4cPIyEhAUuWLMHDhw8xb9489OnTB+3atUO9evXg5OSEgQMHIiUlBZMmTcKOHTlD82VmZkKhUKBu3bpwd3fHpUuXAACBgYHYuHEjZsyYAUtLS0RHR2PRokWIi4sT9qN58+bC8LQSiQR6eq8OdUBAAGQyGVxcXJCRkYGAgAA8fPjwtY/du+++Cw8PDwQG5gxrsGPHDtStWxcTJkxA7dq1oVarER8fj927dyMqKgrLly8vsMyyZcsgFovRv39/WFlZQSQSISsrCzExMTh69CguX76MX3/9FdbW1li4cCHS0tLQp08fODs7o127dmjfvj3Gjx+PU6dOoVevXkLdMjK0vwlHVFXUrlUbQwYPxe07tzSG485PqVIhW/kqM/O9yEg8ffIEdnb2SE9PR0jIzQLD2FWEho2c4OLSXPhhvmXrZojFYnTu1BUWFhYQiURQKBR48vQJzpzxx82QYMyZPQ+WlkUPvWVpYQnbWtYQS3IC6fT19WFqYqzzh6tYIoG+fv&quot;
08-31-2019 12:59:36 Wire.java DEBUG [Forwarding screenshot on session 8224b39f135dddefa755fa7332753c0d to remote] http.wire 87 - http-outgoing-4 &lt;&lt; &quot;EzvCgUCqQ8ewFFlgIWNV8F3JuamEIqdYSNTa0CD6aI3iROTo3h1acftm7fAiDnBtHCRQvw9MkT9O/3PqytbaBSqRAbG4O9+/dg/4G96NunHwDAzNQMzZu7CsPdJyQkYPeeXZha62vUrv0Wnj9/ji1bN2vctHN2bgpzM/OCFSln2dnZUP5//5mRmYHz585qDIdsa2sLN9eWACq/r5WIJWjd2hO79+yCXC7H/fuRGkOxdurUpcRBROxLqaqzsbFF06bNhEz0oaEhOHBgH0Z/9jnMzWsgNi4WGzatF4LtAcDJqUmZZKHgdQxVlvzfvdNn/OHm6obu3XoCAAKvXtE4V9nbO1RIEEn+9njKzxeWNWti2IfDYW/vAIlEApVKhecpzxFyMxgHDu7H56PHwc3Vrdzr9jrYz+RgP0Pl6d13XXDudMmyJZV128zKyoJSqYREIkFychJ27t4hDFMKlDyIQBe2a3oTKfP8Dk5MTEB4eBgavNMAIpEIjx49RESErFLqxTZBRESVqV69+ujWtTs2/v/92YSEBCz48QdMmTwN7dq2h5GREZKSErF33x5s37lVWM7U1BQD3h+IGjV0vzylyM6GWq0GAMTGxWL9ht807qU3bdoMNja2AACxWASJ5NWIXLFxsbh/PxKurm4FElHoUpm/i0/8dRzXb1xDt67d0aSJM5ydm6JZs3fxAYCwsLuYPnOacA88KysLKpWq8BUSERERlaEqF8AKAB06dMDs2bMxduxY4bONGzfCzc0Nw4cPh0gkgpubGyZPnoyZM2cCAK5duwYvLy+d6xw3bpzw77CwMOzdu7fIenTq1Al169aFoaEhRo4cCR8fHyGodvHixVi8eLHW5fr27YvBgwcL07a2tqhXrx5u3MgZdjYkJAQtWrQocvsl5ejoiEmTJuGLL75AamoqAGDhwoVYuHBhgbK5xyP/MjKZDJ999pnObfTs2VP4t0qlwqJFi7Bo0aJC6yWVStG9e/fS7BJRherQviO6de0On6NHdJYxMzWDVU0rYfr0GT+cPuNXEdUrlIO9Az4eMQrzI+dCLpfjQdQDzJ4zS2f5dm3bF3vd+vr6sLCoUew3PFVKIFOZJUxnZGQWGC4wL6VSBaUyM2dbBvpQKtUwN68BfT1D2NjUgqVF0Q+XiKozAwMDDBs2AhH/RiDg0kUAOZndl69ciuUrlxa6rEgkQvduPeDn54ug4JybXkePHcHRY9r7MSenxhj4/qBKeXP6SuBltO/kqXO+V59+cHJqDKBq9LXOTZzRprWnxsN2AGjT2rNUwymzL6WqzsDAAP37DcDpM/5C1qdNv2/Apt83aC3fsUMn9OzeU+u8kuJ1DFUWB3sH9O3tJTycio2NwdffTNFZfvCgIWjYsFG518vAwADDPhyO0FshCA0NgVwux9Ztv2Prtt91LvP56HE651UV7GdysJ+hqqas2+aGjeuwYeM6rfNMTU3Rq2efQoMIiovtmsqSTBaOvv10f68nTpiM8eO+Kvd61LJ9NZqKXC7HrNkzMGv2jHLfblHYJoiIqDJJJBKMHDEK9+7dE+4RP4h6gMlTJxS63Lix49GxQ+dCy8z+fiZmfz9T6zx7ewf07zdAGKXF0NAI9vavRmW5fz8SH38yXJheung5vPr2L3R7lfm7WK1WYd/+Pdi3f0+h5UxNTdHWs62QVIyIiIioIlTJAFaRSISPPvoIN2/exG+//QYASE1NxXff/R979x0WxdWFAfxdduksCIiiiBTpiBQLCFY0dmOJNUGjyacxibHFEjVq7D2JxhhFE01sxG6s2BsqKgqiKFgQiaIIKE2kLPv9sXF0BWWpC/r+nodHZ+beO2d2mWHLmXMnwcLCAi1btoREIsGIESOQm5uLBQsWCAmbZaV3794YPXq08OKsYcOGWLFiBUaNGoXo6Dff6ezn54fFixfD3NxcWGdkZISAgAAEBwcXGmfPnj1x+/ZtREREFNhWHCKRCH369EFqaiq+//57pKSkqNwnNzcXY8aMUalPcZiYmGDOnDnw8qrclWCIAMDAwAC9e/XDhYsXhDeOr6tevTp69PgIVyIjCq3UamJiiuzs52+t4loeRCIROrbvhLzcPMxfOAepqallNvaLKghvm+rrbfJl+cjNzVV5P3m5MtSuZQGZLJ/VFei9YVnHEjOnz8aSX356axL9C9WqVYNYQ3G3t0VtC0yaOAVz5s4UklgLY2Ntg8kTp8DWtl6ZxV1W2rfriM8G/0/4MLAyXGsNDY3QzK95gQTW5s1bonr16sUej9dSqgpcXVzxw5TpmDt/tjBtWGG8PL0wftxEoQJFafF1DKmLSCRC7959kZmZid/XrHrr35UBAZ/i04GDlaqtlCdb23qY+v0PRf59r2p4nSmI1xmqDCri3NTX18eXX3yN9u06FN1YBTyv6V3UqmVr+LduW+gNnPr6+tDW1lHLzE88J4iISN1MTatj9sy5WLqsJjYFbXhrWyMjI3zz9Sj0+qh3id/DGxkZYcyosXB1cRXWaWtrw791G/yze2epPpdW1/tiVejr62PY0K/QzK9Fhe2TiIiICKikCayA4gXSqFGjEBYWJkxvHxcXh59++glOTk6oWbMmdHV1MXnyZAQEBGDz5s04evQoLly4ICRhenp6wt3dHe3bt4e/v2KqV3t7e2zatAm7d+9+Y/uPP/4YLVq0ULqzSCQSoUOHDggJCcG2bduwY8cOhISEID09HVZWVvD29kaPHj3QtWtX6OsX/FDlww8/xO7du/Hzzz/jyJEjAIA2bdpgxIgRqF+/PgYMGFDqBFYAkEgk+PLLL9G5c2ds374dR44cwZkzZ5CSkgKpVAo/Pz98+OGH6NKlC3R0dIQ+n376KTp27IidO3di7969iIiIEKrNOjo6wtPTE61atUKnTp1gYqKoiDZy5Eh4eXlh69atiIiIwOXLlwEoklYbN24Mf39/9OvXD3Xr1i31cRFVFPcG7ujSuSsCV60odLtIJEKnDp1hVt0M6zf8hXOhZ5GZmQkjIyP07dMfLVu0woxZPyA6+kYFR664C7V7tx5o0bwFDh89jBMnjyM6+oaQjGtjbQNnZxc0aeyRkPFKAAAgAElEQVSNFs1bwshItYonr1ZBKE+v7kdqYFhEa6J3j7l5LcyeOQ+fDf4f9h/Yh7NnzyDiSjgAxQdmnh5eaNG8JVq1bI2aNc2VpiVycXbFqpVrcOz4URw6fBDnQs8gNTVV6NeqlT/atW2v0nSZ5cXHuyl69+qLg4eChfh8vJuiZ89eaNO6LXR1X06DVFmute7unrCyskZc3F0AimSiZr7NVJ4S6lW8llJVIBKJ0KxZC2yo3wAHDwfj8JFDuHw5DJmZmahd2wIN3NzRts0HaN3KX+mcLQt8HUPqoqOtgy+Gfol2H7THnn27ceLkcVy/HgUAcHZ2QUOvRujUsTMauLlDQ6NkSRsl5eLsitWr1iIs7CL27duDGzE3hNiMjIzgVr8BPD290NyvBZydXSo0tpLidabkeJ2h8lSW52bnTl2go6OLs+fO4MGD+zAyUtwY1r/vJ/Dw8CzTaynPa3rXmJpWx4zps+Du7o6dO7cLSS0NvRph+FcjEHb5Ipb9urTC4+I5QURElYGRkREmT5yCfn37Y/+Bfbhw4TxuRF8XPjd+8Tl4W/+2MDExVWnMcd9OQJ4sDweC9+P69SjUrm2BD9q2Q++P+sDGxrbA58C+Tf2wYvkqbNu+BecvnBded7o38EC1asYq7VNd74vbtm2HtX+sw+EjhxAZeUX47kFfXx9Ojs5o3LgJunTqWuhxExEREZU30ebNm+UODspT4Hl4eEAul5doQNMpfwMAkmf2LXVwRKSa18+7F28sijqPr129BgDQgJZK+wmPvAgA8PHxKVGcb3Lu3DkAgIdbI5Xa50MxBZVrfddCtxf3uIiIygqvTy89z36OefPnYPOWIACKKTsXzFus1iTa4joXehbfjPxKuKM+4JOBGDtmvFApluhteD0gUg3PFSJ6n/EaSFR6PI+IiIiqDnX/3b50+RICBvYTlhfMW4QunT8sl30RERERqUNRr7deeJFX9mJWo/Dw8PIN7A08PDwAABVbPoSIiIiIqAp4nv0cB4L3C8&quot;
08-31-2019 12:59:36 Wire.java DEBUG [Forwarding screenshot on session 8224b39f135dddefa755fa7332753c0d to remote] http.wire 87 - http-outgoing-4 &lt;&lt; &quot;mr+vr68G/dhsmrREREREREREREREREREREZYQJrEREREREr7kZE4Njx48Iy019fOFSRaZnJiIiIiIiIiIiIiIiIiIiqgqYwEpEKtPQUFwyZDJZmY35YqwXYxMREambLF+G4yeO4fHjx8K6li1awdDQSI1RERERERERERERERERERERvVsk6g6AiKoOfX19pKenIykpCTVr1iyTMZOSkoSxiYjo3aGjrYMfps7AD1NnqDuUYhNriPHN8JH4ZvhIdYdCRERERERERERERGXAy9MLUZEx6g6DiIiIiF7DkodEpLJqRsYAgNjYWDx69KhUlVhlMhkePXqE2NhYpbGJiIiIiIiIiIiIiIiIiIiIiIjo3ccKrESkMm0tXZibm+Phw4eIjY0Vkk9Ly9zcHNpaumUyFhEREREREREREREREREREREREVV+TGAlItXJRdDXM4RlHS08TX2CzMxM5Ofnl2goDQ0N6Ovro5qRMbS0dAC5qIyDJSIiIiIiIiIiIiIiIiIiIiIiosqKCaxEpDIdXR2kp6VDBAmMjcxgbGRWJuPm5cggNdQrk7GIiIiIiIiIiIiIiIiIiIiIiIio8tNQdwBEVHVIxBJIDaXQ0tSCCKWvmCqCCFqaWpAaSiERM5+eiIiIiIiIiIiIiIiIiIiIiIjofcGMMSIqFolYAgMDA3WHQURERERERERERERERERERERERFVYuSWwmk75u7yGJiIiIiIiIiIiIiIiIiIiIiIiIiKiKkxD3QEQEREREREREREREREREREREREREdH7pcwrsCbP7FvWQxIRERERERERERERERERERERERER0TuEFViJiIiIiIiIiIiIiIiIiIiIiIiIiKhCMYGViIiIiIiIiIiIiIiIiIiIiIiIiIgqFBNYiYiIiIiIiIiIiIiIiIiIiIiIiIioQknKekDTKX+X9ZBEpKLkmX3VHQIRERERERERERERERERERERERFRkco8gZWIqp585Kg7hHLxrh4XEVV9vD4R0Qu8HhCphucKEb3PeA0kKj2eR0RERFUH/24TERERvV/KLYGVlSCJKg4rHxMREREREREREREREREREREREVFVwgqsRO8x1/qu6g6hXLyrx0VEVR+vT0T0Aq8HRKrhuUJE7zNeA4lKj+cRERFR1cG/20RERETvJw11B0BERERERERERERERERERERERERERO8XJrASEREREREREREREREREREREREREVGFYgIrERERERERERERERERERERERERERFVKCawEhERERERERERERERERERERERERFRhWICKxERERERERERERERERERERERERERVSiJugMgIvURiUQAgJSUFDVHUjLGxsaFrq/qx0VEVR+vT0T0Aq8HRKrhuUJE7zNeA4lKj+cRERFR1cG/20RERETl602vtyorVmAlIiIiIiIiIiIiIiIiIiIiIiIiIqIKxQRWIiIiIiIiIiIiIiIiIiIiIiIiIiKqUExgJSIiIiIiIiIiIiIiIiIiIiIiIiKiCsUE1koiKysLw4YNg0gkgkgkQocOHZCcnFzh+/Xw8EB0dHS575eIiIiIiIiIiIiIiIiIiIiIiIiI3l9qSWBNTk5Ghw4d3po0KZfLsXHjRhgaGgrtrK2tceLECXWETJXMzJkzhd+Lwn4MDQ3Rtm1bLFu2rEISgYmIiIiIiIiIiIiIiIiIiEorNzcH2/9ajrW/zEJuTra6wyEiIiIqVxJ1B/AmJ0+exKRJk5Ceng4AkEqlmDNnDlq0aKHmyKgqSE9Px5EjR3DkyBGsX78ea9asgbOzs7rDIiIiIiIiIiIiIiIiIiKiCpD1LBN5uTkqt9cQi6GnL4VIJBL6a2pqQaKpWV4hFpCbm4O/V/+MnRtWoPkHHyI/P7/C9l2Wsp9nITcnG/oGhhBpVJ2JgWUyGbIy0yGXy4V1IpEIuvpSiMVitcUll8uRnp4OsVgMfX19tcVBRERUHiplAuv169cxYcIExMXFAVAkr65YsQL9+/cXXiwSqSo0NBSbNm3CtGnT1PqikoiIqKIc3bsFy+dOEJa7fzIMAV+OV2NElZtcLkf01UvY8/fvCDtzTLij3cmtIYZPXgTzOlZqjpCIiIiIiIiIiIiIVJWbm4NdGwOx7c9fi1XBVFNLGz8s2QBHNy9Ehp3Bou+/hlU9J4yY+iOq16hVrBhu3bqFzz77DI0aNcKcOXOgo6OjUj+JRBMuHk0gEgFJjx4Ua59laeHChZg7dy72798Pb29vlfvJZDLs3fwHNqxcCAAYNe1nNG3dqbzCREpKCoYOHQoACAwMhImJSYnHykh7il9mjUXYmaMFtrXs0BNDvp0BHV29Eo9f0t8JANixYwdGjRoFR0dHrFixAvXq1StxHERERJVNpUtgTUtLw7x58xAaGiqsmzx5Mvr06cPkVXqj9evX45NPPgEAZGZmYsmSJZg8ebKwPTExETk5OdDV1VVXiO+UxMREPHz4EOnpynefFYdIJIJUKoW5uTlq1KhRxhEW7WnKY5w7fgCXzh7DnehreJryGACgLzVCHWs7uLg3hl+bLrC0dWTiMxGVq/TUJ5gz7nPcjAoX1tk4uGLCvMBCPxCLu30Ds78djJSkR8K65h98iGET5kJbh3/niksul+P4vm1YsXASZHl5StuSHz9EXl6umiIjIiIiIiIiIiIiopI4umcztqxZip4DvkKbLn1U+uw8Ly8XmelpsLCqh2cZ6Ti6dwsy01MRFR6KpTPGlCiJtSREIhG8mrbC05THSgmsjx/ex+ofpyH1aXKxx5SIJeg16Bt4eJf/bLfRkRex7a/lwuft+7f9BWf3xqhmYlbu+y6tm9cjcCMyDBPmBcLJraGw/trlUPwy61s0+6ArPL1bqiW227dvIyMjA2FhYfj333+FBNacnBxERUUhLCwMN27cAADY2trCx8cHbm5ukEgKpgQlJSVh48aNaN++PRwdHSv0OIiIiApTqWq15+Xl4bfffsNff/0lrPvqq68wfPjwAn9Yo6Oj4eHhAZFIBJFIhJkzZyIzMxMbN25E27ZtIRKJYG1tjS+++AJ379594z6Tk5MRGBiIrl27wtTUVOjXt29fBAUFITMzU6n9hg0bhH2KRCKlWAEgNjYWPj4+wvaffvpJafuVK1fg4OAgbJ80aRJkMpnKj1FmZiaCgoLQt29fWFtbQyQSwdTUFF27dsXGjRsLxPtCfn4+jh07hj59+gjH2bZtW2zYsAFpaWlv3adcLsf169cxZswYYZ9eXl6YNWsW1q9fr/R4bNiw4Y39p0yZgqZNmwptvby88O233+L69eslToIsjL6+Prp16wZnZ2dhnZ6enlISYnZ2Nvbv34/x48fD399feExEIhGcnJzQv3//Qp//V/sfOnQIgwcPhpeXl1LfwYMHIygoCImJiQX6lfT5q0zu3LmDmJgYpKWllep5k8vlSEtLQ0xMDO7cuVOGEb5dTvZzbP9rOb7s1QKrf5yGS2ePC8mrAJCZnoroyDDsWL8CYwd3wdTh/fD44f0Ki4+ICABiY64hLORIgfUymQzH929TSl6l0nmSnIgDO9YVSF591b93b+HLXs3Rq5ktejWzxZLpo5D9PKsCoyQiIiIiIiIiIiIiVWRmpOH8yYP4oGs/9Br0DarXrA2pkXGRP8amNVDH2g5XL53FhdOHMHjEFPi17QoAiAoPxabAxcWq5lrWsp9n4d6daNyKiij2z43IsAr5XiEvNxcnD+5CZnqqsC4q/DzOHN1XpvkAZUGen4+MtKdIT32C9NQneJKciJDDe2Dn3ABW9ZyU2tat5whrexeEHN6DJ8mJQp/MjNJ9X14c3bp1Q/369TFw4EA0btwYKSkpCAwMRLNmzeDv74/p06cjKioKERERmDx5Mtq0aYNWrVrhjz/+wNOnT5GXl4fY2FgsWLAA3t7e+OGHH3DlypUKiZ2IiKgolaoC6+bNmzF79mxhuVu3bpg6dSr09fWL7BsWFoaePXvi4MGDwrq4uDgEBgYiIiIC69atg729vbBNLpcjODgYo0aNQnR0tNJYcXFxiIuLw+bNm+Hn54eVK1fC1dUVAODh4QFnZ2dcv34dABAeHo5+/fpBS0sLAB&quot;
08-31-2019 12:59:36 Wire.java DEBUG [Forwarding screenshot on session 8224b39f135dddefa755fa7332753c0d to remote] http.wire 87 - http-outgoing-4 &lt;&lt; &quot;AZGalUPfby5ctIT0+HVCoFANy9exc3b94Utvv4+Khc3fHSpUsYMWIEQkJClNanpKRgz5492LNnDzp37oxff/0VVlYvp7rNzMzEnDlzMGfOHKV+R44cwZEjBZNjXiWXy7Fp0yYMGzYM6enpSsd1+fLlImPOysrC4sWLsWDBAqX+r46xatUq/PTTT/j0008LvQOouNLS0rBlyxbhObKyssJHH30kPEcAkJGRgSVLliA4OLhA/+joaERHRyMoKAjdunXDypUrUbNmTWH7o0eP8M0332DLli1v7Lt27VrMmDEDU6ZMEbaV9PmrTBITE/HggeJOP1tbW9SoUaPE1UllMhkSExNx584dPHjwAAYGBuVeifV51jOsWjwVJw5sV7lPyuOHTFIiIrU4d3w//Np0gYFhNWHd44f3ERZScOqa1/l37g3/zr3LM7x3RuKDeNy9dV1Y7v7JF+jz2Uhoab+cuuffu7fUERoRERERERERERERFVO+TIZnmRmwdXIr9veYkWFnsHLBJDzPykJeXh4+HzUNABByeDfMLepCQ1z+6RW5OdnYsHIhzp88hMyMNCyYNAxDxswo9/2WhaxnGYi7daPA+t1Bq9GgkR/qWNupIarC3b93B7PHDi60kNFXvQuvVBsdGYbj+7cJy2bmFpi8aE2FHFf16tVRo0YNWFhY4MKFCxg3bhySk5PRt29frF27Fg4ODkKuRV5eHmJiYvDnn3/ihx9+wNixY4VxLC0tMWjQIJw8ebLcYyYiIlJVpUlgPXz4MBYuXCgkOXp7e2Pu3LlKiYNvs2vXrjduCw0Nxd9//43JkydDJBIBUCS8Dhs2DHFxcW8dNyQkBBMmTMDq1athbm6OunXrolGjRkJyZGRkJFJTU2FmZoacnBwcP35cqf+VK1fw4MEDODo6QiaT4dy5c8I2X19fuLu7q3R8169fx1dffaWUHFuYvXv3wsbGBgsWLICuri7kcjlWr15dIHlVVWfOnMGkSZMKJJ+qIi8vD0uXLlVK4ixMeno6Zs6cCScnJ/j5+ZUozoCAAAQEBBRY37hxY8ybNw++vr4lGnfXrl1o1KiR8LuTnZ2NhQsXFpq8+jYlff4qm4cPHwJQJK/WqlW6KTLEYrEwxp07d/Dw4cNyTWCVyWTYHbS6QPJqk+bt0GvwcNS1cYREUxN5ubm4f+82Du3ahCN7NpdbPERERYkMO4uI86eEO7zlcjnOHtuHB/Gxao7s3ZKfL1OqvurepLlS8ioRERERERERERERvfsiw85g7dJZ6DfkWxzcuRGBi74HAHw+ahoaNPKDX5suJS7sUxwaYgmaf9ANXk1bA1B8p2pkbAoAGD55YbFmd32VpY190Y1KSSQSFfoY2TrUF46hsqhRqw5GTPkRB3asR2z0VXz8xTjoGUiL7PcsIx0bVy5Eo2Zt0bhZW9SoVacColWWmJgIMzMzbN68GdbW1gW2SyQSuLi4YP78+Rg7diwuXryI5ORkuLq6wtnZGc+ePUNERESFx01ERPQmlSKBNSIiAsOHD1daFxAQACcnpzf0KKhXr16YOnWqMG38xo0bMXz4cCHxMi4uDllZWdDT00N2djbWrVunlLz63XffYfz48ahWrRpu3bqF0aNHY+/evQAUSYVbt27F8OHDIZVK4enpiXXr1gEArl27hnv37sHMzAxJSUkFqpJGRETg2rVrcHR0REZGhlL11UaNGsHc3LzIY5PJZNi0aZOQ/GhlZYVZs2bho48+go6ODuLi4jBq1CghiTc4OBhDhgxBgwYNcO/ePWze/DIJTyqVYty4cRg+fDiMjY2RmpqK0aNHY82aNQX2m5WVVeBx6tGjB+bOnQt7e3vk5+dj7dq1GDJkSKFxR0dH488//xSW+/fvj1mzZsHGxga5ubnYtGkTvvnmG6SnpyMuLg579+4tVkVaVdy+fRtBQUGwtbUt8OKtVq1aWLlyJbp06QJzc3NoaGggJycHFy9exJgxY4THOyYmBhkZGZBKpXj48CHOnj0rjDFw4ED8+OOPMDVVvODOyMhAVFQUdu3aBQ0NDQCle/4qmxfnU1kmmtaoUQN37twpUZJ0cfx79yYO7dqktK734BHoNegbpd85iaYmrOo54X9jpqNrv88RtPonpT5R4aGYOry/sPzVxPnwa9MZh3YF4eDODXgQH4sZyzbBxcNbaJP9/BnOHT+AU4f+wc2oCGSmp0JTSxt2zg3g36k3fNt0graOXoGYc3NzEHH+FPb8/QeuX7kAAKjn1AAfdO2HmKhwHNq1EYDqd/elPU3BvO+GIubqpf/GcsOkhX8Ibxjlcjm2/7Ucm1YtBgDUsbbDpIW/o0YtSwCK3+U/f5mFfVsV57WRsSm+X7wWNg6uyMrMwPnTh3DlQghib17D/bjbQkJYjVqWsHFwQZsufeHWyBeamopqyBlpT7F4yteIDDtb6P5e7HP9b/OwO+h3AICunj6+X/wnHN283nqsRO+KM8f2oaFfG+jo6uFJciLOHd+vUr/CrlWvV2SVy+VITIjHiQM7cDHkCOJu34AsLw/6UiPYu7jDz78LGjVrA6mRMbKfZ2HF/Ik4degfAIC9iwcmLliNpMQH2P7XcoSdOQaflu0xbMJcaOsobsCQ5+fjRmQYju3biquXziExIR4AYGFVD54+LeHfuQ8sbeyFm4telZjwL47v34bL507g7q3ryM3JhlgigVU9J7g3bobGzT9APacGStdvuVyO+NibOLp3My6fO4H7cbcBKK5B9b180LpTLzi5NYTov7/P6alPMGfc57gZFa607+kjX94QM2PZJlw6ewI7N6xQanPq0D/CY/Gi3avXfSIiIiIiIiIiIiKqOl4kr/YY8CWO7duKqHDF97qBi76Hrp4+2nTpU2GxiMVi1HNyK3Sbq6dPhcVRErr6Utg61seNyDBhXcePBuLjoWOhq2+gxsgK0tLWgbN7Y4SdOYbEB/Fw9fSG1Mi4yH7pqU+gLzVCHWs7OLs3roBIC6erqwtDQ8Mi25mZmaFjx45K6549e1ZeYREREZVIpUhgLcyiRYvg6empckXOBg0awM3t5Qu5tm3bomHDhkJF1Pj4eCGB9eHDh7h48aLQ1tvbG0OHDoWxseIFib29PSZOnIiTJ08KSXURERF49uwZ9PT00KJFC9SqVQsJCQlISEjAtWvX0LBhQ1y7dk3Y36RJk7BlyxbcvHkTp0+fRpcuXZCQkIDo6Ghhv02aNIG2tnaRx/bo0SOcOnVKWO7WrRt69+4t9LW2tsbXX38tJEDevHkTd+/eRYMGDRATE4MzZ84IfXv06IGRI0cKL2a0tLSgpaVV6H4TExMRGRkpLDs7O+OHH36Ao6MjAEBDQ+OtVUJPnz4tVKqtVasWRo0aBVtbW2G/PXv2xJEjR4Rk4Js3byIjIwNGRkZFPiaqSklJwapVq3DlyhWsWbNGSHA2NTXFmjVrkJiYiHPnzuH06dOIiIhAWlqaUpXcF49DTk4OAEBPTw96ei8TDf/66y/cv38f7dq1g6enJ+zt7eHl5YUmTZoIbUrz/FU2ea9UqCvp3X2FKcux3uTqpbNISXokLLs1bIrOvQe9NWG6Zu26GDn1pzduB4A70VdxcNdG3Ioq/C61W9ev4Nc54xAfe1NpfW5ONq5HXMD1iAs4sudvjJj6o1Li5vOsZ1i1eGqBirExVy8JCajFpS81gmN9T6H/g3t3kJgQLySwPstMF96QA4ops+NjbwlxPc/KFBLCAMDazhk1aiu2JT9+iKBVPxY6zUZiQjwSE+IReiIYLTv0xJBvZ0BHVw/6UiPU9/IVElj/vXsLN6+FKz0OqU+SEBV+Xlhu0LgZrOxUv7mBqCrS1dOHto4enqY8xsWQI7h+5QI8vVsiPPQkbt9Q/F12cmuo9AFQceVkP8fWtb9g16ZVStVHASAzPRXhoScRHnoS3T8ZhoAvxxfon52dhW1//ooDO9YV6A8oPsBZ+8vsAtcwALgfdxv3425j/7a/8NHAr9FjwJdCYrtcLsfJ4B1YsWAycnOylfrJ8vJwJ/oq7kRfxenDu5US9992PIkJ8Ti6Nx5H925B68698NmIqZXugzIiIiIiIiIiIiIiUo/Xk1cjzr/8Xrd9jwChEm&quot;
08-31-2019 12:59:36 Wire.java DEBUG [Forwarding screenshot on session 8224b39f135dddefa755fa7332753c0d to remote] http.wire 87 - http-outgoing-4 &lt;&lt; &quot;pFkclk2L/tT2xZ8wt0dfUwcPgkNG3dqdBiEJWNWCyGZ9NWCN65AbK8PNSt54hun3xRZT6Tz8vNxfOsTOgbGCJfLkdWZjp09aXQEImQmZEGHV19dYdIRET0TtJQdwAvmJiYCMmFgKJi6sKFC/Ho0aO39HozbW3tNyaHPn/+HJmZmcKyg4MDqlevrtSmevXqQrIl8DIBFlBMn+7j8/LupvDwcGRnZwsVNn19fdGnTx+4u7sDAC5fvoykpCTExMQICaHu7u5o1KiRSseSnp6OJ0+eCMtLly6Fjo4ORCKR8NOuXbsCfQBF8uWrPDw8VLoTByj4OLm6usLKykqlvq/vOyEhAd7e3koxGxoaCsmrL2LOKyQJRhXr16+HXC6HXC5Hfn4+/v33X6XKsKGhodi0aZOQKJmZmYkpU6bAzs4O3bp1w8KFC3Hw4MECyauvMzExKfBYHzlyBBMmTEC7du1gY2MDOzs7LFmyRPh9Kc3zV9nk5+cjPz8fMpmsTH9ejFte8nJzCySQujX0g4FhtVKPfWD7ujcmr8bH3sTSGaML7Pt1NyLDsGXNL8h+rvidkclk2B20utDEr9IQi8Wo7+UrLGc9y0TcrRvC8oN7dxBzTbmKdHTkRcjlcgBA4oN43L11Xdjm6ukDfQPVricvnDiwHWeOKqpbi0QiNGrWBibVawrbL4YcER4HAIiNiRIS9gDAt3Un6OgWrFZL9C6pY22P7gFfAFAkbZ49ug8pSY9w6uBOAEBtSxu07NCjxOPLZDLsWL8C29f9VmjyqSru3Y7G3i1rCu2fm5uDjYGLi7yGyfLysPmPJTgZvFO4ztyMCscfS2YWSF59G7lcjr1b1qp0PMf2bsWO9b9VyI0TRERERERERERERFS5vS15tVPvQfh46NgK/17qWUYa/r17C5+NnAIXT2/s27IWmempyMrMwLXL53DlYkiJfp4kJxa98zJQz9EN9ZwUhZru3Y7G+ZMHhe8AKruTB3di3Gddcf/eHURHXsSgTl6IjryI+/fuYNxnXRFzrWRFhoiIiOjtKkUFVqlUil9++QWenp4YPHiwkAi6a9cuWFhYYMGCBdDXrzx3s1SrVg1eXl7YsWMHACAyMhJ37txBSEgIAMDNzQ0ODg7w9fXF1q1bERYWhmvXruHSpZcvaDw9PVGnTp0Kj/3V6qHFpaurCw2NSpPz/EYikQgWFhbo3bs3Vq1aJay/dOkS0tLSUK1aNaxevRqzZs0CoPj9mzBhAnr27Alzc3Pk5eVhwIABCA4OLjC2WCzGiBEjYGBggPnz5yMuLq5Am7i4OIwaNQqJiYmYPn16+R2oGrxI+ClponFR45YXmSwP2VnKUyFUMzUT/v/v3VuYPXZwodVDgbdPDd39k2Ho+NFAmFSvIUxLrdinDEf3bsaD+FgAiuqnA7+eiOYffAhNLW0kJsTj1zkThIqnl84ew4N7n8LGwRUJ8bE4uneLMJZYIkHXvv9D90+GwsCwGjLSnmLFgkk4d/xAsR8LSxs71LG2w793bwEAbt24glYdP4JEUxMx1y4j61mmUvubUeHITE+FgWE1PLx/D6lPkgEoKkS+Pk2Jjb0r+v1vNDx9WkFqZAyRSITs51m4dPY4ViyYhMz0VADA3ZtRkMlkEIvFqF3XFh7eLYTjvXY5FA/vx8GqnhPycnNx4fQhYfx6Tm5w9mgCovdBfa+mqOfkhts3IhF68iAMDKshKuICAKChnz/M6xeNsF8AACAASURBVFiXeOy7N6Owb+ufwrJYIkHvQd+gQ88BMDCsBplMhvt3b+HAjvXQ0Cj8ju7aljYYMnYWHFw9oK2jXI09OvISTh/aJSybmVvgq4kLUN/TG7m5OTi8+2/8uWy2kGy6b8tauDX0RY1adXA17KxwrQCACXNXopFfG4g0NCCTyfAkORGRF0Jw9vg+oc2jB/E49so1U19qhM9GTUWzth8CAC6cOoTf5k8Uxg3euRHeLTugnpMb5gZuR1R4KKYO7y/0/2rifPh37i0su3h4o1XHnkp/J5p/8CGGTZhb4NiJiIiIiIiIiIiIqGqIDDuDJdNHo6GfP47sDhJmDATUl7wKAFIjYwwbPwdZmRmIuHAaunoG0NAQI/nxQyybPe6N32cW5fXPvsuLYTUTtGzfXZgRcnfQatT3aoq6tg7lvm8iIiKqmipFNqKtrS0aNmwIZ2dnTJw4EVKpVNi2fPly7Nixo0zvytHR0VFKiI2JiUFSUpJSm9TUVKUKopaWltDVVSQpiEQitG7dWojz2rVrCA4ORkSEogpj48aNoauriyZNmkAqlSI9PR179uzBlStXhPF8fHxUTsp9Pd5BgwYhIyNDqDha2M8nn3wCAJBIlHOU4+LiVE4WFIvFSv3j4+OLVRnUwODlVABSqRSHDx9+a8wHDhyAqampyuMX14sE3KdPn+LQoZdJcd27d8eIESPg7OwMY2PjIpN0tbW18eWXX+LWrVu4ceMGtm/fjsmTJ6Nly5ZK7Y4fP4779++X6vmrbKpqBdbyVLuuDUxrmCslrwJAaspjpTe63i3aoUX77tDSVlTfrVm7Lrp9PPRl+yfJeHj/HgBF5dZX33w2bOqPngO+FCrGamppC9NtF5dJdXM4NXhZ/Tk25hoyM9KQ9SwTVy8pKhC7eDRB09adAAC3rl9Bwr93IZfLcTMqXOhnaeuIWpYvE+jqWNth3Jzf4OLhjbCQo1g2exy+G9oDowd0wOIpXyslpKWnPkFebo7iWDS14OnTStiWkvQIVy8pHrekxAREXQ4VtjVp3g7GpjVKdNxEVY1J9Zpo0lxRnTszPRX/bFoFWV4e9KVGaNq6E8RicYnHvhF5Uemc7NBjAHoM+Eq4xojFYtSt54ihY2fi4y/GFTqGvtQI1nZOhSZwXrt8TikZvm3Xfqjv5QORhga0tHXQpksf+P53jQGAuNs38OiB4vpnWM1Eaaxlc8bjl9ljcWzvVty+cQW6evpo3bkXJi38A3Ws7QAormMvbhYAFNdbX//OEIvFEIvF8G7ZHu27fyxsz0xPRWzMNZUfLyIiIiIiIiIiIiJ6t0SGncHKhZPRpEU7nDt+oNIkr74QH3sTc8Z/jscP72PwyCnQM5AW3akS8WnVEW4NmwIAHj+8j9U/TquwCrBERERU9VSKBNZXde7cGePHj1da9/333+PkyZNltg9zc3M0avQygSs0NBSBgYF48uQJ5HI57t69izlz5iAhIUFo4+7urlS91MbGBg0bNgQAJCQkYPTo0UhISIC9vT0aN24MAHB0dISfnx8AICgoCIcPHwYA1KpVS2n/xY1327Zt+OGHH3D79m2hEmZ+fj4eP36Mf/75B127dhWqwTo7O8Pe3l7ou3HjRuzbtw95eXnIz89HXFwc7t69W+h+a9asCRcXF2H5+PHjCAwMRFpaGgDgyZMniIqKemPcfn5+qFWrFgAgPT0dEydOxN69e5Ga+jJpJisrC1evXsXMmTMxYsQIZGVlvWk4leXn5+PKlStYsmSJ0np7e3sYGBggPz9fqYJoTEwMYmNjIZfLkZOTgwsXLuDevXuFjh0dHY3+/ftj3bp1iI+Ph42NDXr06IFZs2Zh165dGDhwoNA2Ozsbubm5pXr+KpsXiabl9VNexGIJtF97k/k0+XG57Q8AnmVmKCWIHd27Bf1bO6FXM1vhZ+74z5X6ZD3LUPr3BTvnBmX2xlSiqQk3r6bC8oN7d5CYEI/kxATcvak4nz2atICvf+f/YslEzLXLeJaZjrhb14V+9T29ITUyFpZTnyTjx6nf4MtezfHr3PE4cWA7bkVFIDEhvsiYHN28UM/JTVi+ePowMtKeIio8VEhKM6leE42atYFIVHg1SKJ3jUgkQqNmbWBSvabSeu8W7WDj4FqqsZ8kKV//nBo0KlVC7OueZSpfw6ztXZTOXW0dXZjWqK3U5kXSvrN7Y9S2tBHWZ6an4mTwTvw6dzwmffERPu3ggekjP8Gd6KtCm9evmVZ2TkpJ/iKRqEDF2hc3DBARERERERERERHR++VBfCzWLZ+HL8bNxpBvZ2DotzOgLzUC8DJ5VSwWl/sMkm/yNOUxVi2eAgdXT3w9aSEunTuOlKRH0NbRRV1bR9i5uBf7x8&quot;
08-31-2019 12:59:36 Wire.java DEBUG [Forwarding screenshot on session 8224b39f135dddefa755fa7332753c0d to remote] http.wire 87 - http-outgoing-4 &lt;&lt; &quot;mtYYHvG8qTkbEp+g8dKzyuUeGhWLd8HrJe+/4AAPJycwvMEEmqk8vlSElJwbFjx7Bs2TIsWbIEv//+O2JiYqpsASkiInr/SIpuUrEkEgmGDBmCixcvYtcuxfSzcXFxmDx5MtavXw9r65JPmfuCtrY2BgwYgF27dglTwM+bNw/z5s0rtH3nzp3Rq1cvpXU1a9ZE06ZNcfz4caX17u7usLKyAgAYGxvD09MTBw4cUKrm6ufnBzs7u2LFO2zYMISGhiI0NBTp6elYtGgRFi1a9MY+3333HQBF0qa/vz9u3rwJQPFYfvjhhyrtVyqVomXLlli3bp2wbvr06Zg+fbpK/b28vDBy5EghlgsXLqBLly5vbP/FF1+oNG5hAgICEBAQ8MbtVlZW6NmzJ8RiMXR0dITEWkCRwOzu7q7yvq5fv46goKAi27Vq1QqWlpalev6obEg0NWFpY6+0LjIsBO26fwwDw2qoY22H37aeAgBkP8/CivkTcerQP+oItVDaumU7RbWVnTPMzC3w+OF9ZD3LRNytG9AQi/H44X2IJRI4NWiI6jVro461Hf69ewtR4edh7+KB+3G3ASimG3f2aCIkpOXm5iBo9U84e0wxpbe+1Ai9B3+DRn5tITWqhidJjzB77GdvnNLE2LQGmjRvh9s3IgEoqr7evB6BsDNHhTYe3i1Qu65tmT4ORJVd7bq28PBugaN7twBQnHtN/TuVuAJzVWBhVQ/j5qzAHz//oHTH+6siw85i3oQh+G7BKtg61K/gCImIiIiIiIiIiIioKsuXySCXy3HtcigsrOrB1csHdk5usLC2w8dDxyLrWQZ+mjYS/f43Ci4e3hUe34N7dxAVfh5R4eexa2MgzMwt4NGkBepY22HigtUVHk9J2bt4YPikBVg2Z7xQrOJJ0iMMHTcbtf4rOvE86xlWLZ6KM0f3ovegb9C5zyBo66iv8m1VkpWVhcOHD2PHjh0IDg4utE3Tpk0xdOhQtG/fHjo6OsjJycGlS5fw+++/4+jRo5V2VlgiInr/VLoKrIAiOXTcuHFCIigAhISEYOHChcjMLJu7bxo2bIgVK1bA0dHxre38/PywePFimJubK60Xi8Xw8fEp0L5p06YwNDQU2rRu3fqtbVTl7OyM5cuXCxVdVaWrq4vRo0e/sZ9UKkWNGm+ekrtfv34YOXJksfb5gkQiwYgRIzBz5kxIpeqb1sDR0RErVqwQKubq6+tj0KBBSr9fr6pRo0ap4+3duzdGjx4NbW1tACV//qjs1PdqqnRnYWTYWez5+w/k/jeVfVnT0tZWmlrbu2V7rD90FVtP33njj3/n3gAUSWqvenT/Xpne5WlmbgEnt4bC8rXL5xBx4TQAwNrOGeZ1rGFkXB029ooKzHeir+LCqUNISlRUpba0cYCV7ctr5+OH9xF58bSw3LJ9d3T86FOYW9SFvoEhgLdXTRWJRPBq2gpGxqYAFFVfg1b9iJvXwgG8H0l7RIXR1NRCmy59oaunDwBwcW8Me2fVb7h4Ez19A6XlG1culuk15vXx796MglwuF5Zzc3OQ9jRZqY2ZuYXwf0sbe0xbsgFr913CtCUb8OnwyfBu0V64UxsAUpIeIfycojq/rp7y/uJu3VC6tsvlcjxJUp6ayNyibgmPjoiIiIiIiIiIiIiquoy0pzi0ayMunDqM3+Z9JySv6ujqISE+FlHhoWqLzcHVC2v2hgk/C//YjVqvzFxWVShmmmuLz0ZOgaaW4jvzyLCzGDOwI7b/tRxPUx5jy5qlOHFgO3JzsrExcBG+HdQZF04dUlv126rk7NmzGDZsGABgw4YNuHXrFpKTk5GSkoKHDx9i3759qF27NgYPHozatWvDxMQE5ubm6NSpEx48eICgoCB06tRJzUdBRESkUCkTWAHA19cXkydPVlq3fPlyLFu2TGn695ISiUTo0KEDQkJCsHLlSnTo0EFIWrSyskKfPn2wadMmBAcHvzHJ1d3dHb6+vsKyVCqFt7e30jS5Dg4ORbZRlZeXFw4dOoTg4GAMGjQInp6ewjYTExO0b98eM2bMwPnz5+Ht/fJuMEdHR+zYsQNTpkwRjsXKygqff/45goOD0a1btzfuU19fH/Pnz8fWrVuFx0gqlaJDhw7YunUrVq5cqdTe0tJSaVlXVxeTJ0/GlStXMH/+fLRv3x4mJibCdk9PTwwaNAibNm3CjBkzoFtGlSZfPB6//PILQkJC0KFDB6XHvEWLFti1axcGDx4sxCOVSjF48GAEBwcrPWevsre3x6ZNm956LAcPHsS6detgYWGh1Lekzx+VjTrW9mjVsafSuq1/LsOiyV/i2uVzZT41hXH1mnBwffkcXww5gr9+nYsH8bHCmy55fj6epiTh7LH9mPJ1X+HNcF0bByGZEwBOBO8U3qzJ8/ORmPBvqaa/1tbRhZ3LyyS4U4f+Qcjh3QAAx/peMDKuDm0dXbg1UiRcP354Hwe2v6zEbOfcAIbVXsaXL5MpvZG8e+sGkv9Ldn2e9QzXr1xARtrTt8ZUy9IGTg0aCcu3b0QiJekRgLJL2iOqihzdvLDuYCS2nr6DaUs2wMCwWqnHdPX0EZJiAeDAjnXYu2WNcJ7KZDI8iI9F4KIp2LhyYanHP7w7CFcvnYM8Px95ubk4vn8bTgTvELZb1XNCzdqKhNKNgYvwx5IZwvWwvpcPuvb7HGNnL8eIKYuV9pOT/RwAYOPgitqvfHgXevIgzhzdC9l/16bL507gn6CXd6XrS41g4+BarGPSEIshFouF5bg70Uh69KBYYxARERERERERERFRxcl6VnC6egCQSDRhYVUPZrXq4Nj+rbC0cRSSVysDkYZGgVwCDZEI8vx8ZKQ9RXrqkxL95OXmVvyxiERo0b4HxkxfKhSpeJGs+r8PvbFrY6BS+4f/xuHHaSNwKyqiwmOtSkxNTTF48GCcO3cOGzduRMeOHWFiYiL83mhpacHHxweBgYE4d+4cZs+ejWnTpmHp0qU4f/48du/ejXbt2gnFuIiIiNRNUnSTsmdqaooDBw68tY1IJMKQIUMwZMiQQrc7OjoiPDy8VPt40W7o0KEYOnRokW1fZ2VlhZCQkFK3ARSJnitWrMCKFSuKbNeuXTu0a9euWLGamZlhxowZmDFjRoFtTZs2RWBgYCG9gOTkZAwbNgy+vr747bffUKdOHUgkEuTk5CA8PFypn7u7O2rWrFlgDJFIBGtra4wfPx7jx48vVtxvMmXKFEyZMqXE/UUiEdzd3fHHH38Uuv1NvzsaGhpwdnaGs7NziY6lpM8flZ5YLEbnPp8h/u4tXDh1SFgfduYYws4cK/P9aWpqoWu//+HGlYuKpNW8PBzcuQEHd24osu+LZM7QE4rpHjLTU7Ho+6/KND4X9yYwMjZF6hPlKojO7k2EJC0bexehzasJvu6Nm0OiqSks6xlIYVjNBI8f3gcARIWH4qveLYoVj46uHnxbdxKO+VU+rTqWSdIeESnYubijS9/PsWXNUgCALC8Pfy2bg7+WzSnQtvsnw4o9vq1TfTT7oBsO7doIQJEEP33km6eh6dR7kFCBNV+Wj31b1mLflrVv3Ye+1Ahevooq9zVrW6J1597YsGIBAMU185eZ3+KXmd8W2rd9949h/V+FaVUZGhmjmomZcPPAvdvRGPnJB8L2Gcs2qWUqKSIiIiIiIiIiIiJSpqWtA3OLurh2KRStO/aCnoHyzJvmdazw/eLCP4OWy+W4e+sG6ljboXrN2hURbgEJ8bGYPXaw8L2bvYsHJi38HalPkpXWF9dXE+cLs0FWJJFIhMbNP8C0n9chcPGUIpNTa9a2hHF1swqKTpm1vTM69BwAI2NTaGlr4+OhY1G9Zm1INLXwQbePUc1EPXG9zt/fH/7+/kW2E4lEcHBwgIODQwVERUREVHJqSWClqiU9PR1jxozBmDFj3tquc+fOqFevXgVFRVR8RsamGPH9YgSt/gkHdqyDTIVqzvpSI0hKOHW9pY09Rkz9Cb/OGYf42Jsq99PR1UP/IWPw4N6dYvUrjhq1LWFt54yIC6eFdbUtbZSqEprXsYZDfS+lhN/X2wCAsWkNdOgxACsWTir0MdXW0UVeXm6Rj7eze2NY27vg7s0opf&quot;
08-31-2019 12:59:36 Wire.java DEBUG [Forwarding screenshot on session 8224b39f135dddefa755fa7332753c0d to remote] http.wire 87 - http-outgoing-4 &lt;&lt; &quot;25NyleMiwRvZ1YLEa3j4ci61kG9m/7S6VrYXFoamrh46HfIif7OU4c2P7mOCQS9Pp0OFp1/KhYlek1tbQxaPhkoTKzSCRC596DkJWZjl2bVr31eNp06YOeA79WqqaqCn2pEXzbdMGNyLBi9SMiIiIiIiIiIiKiiqWtowv/Ln2w6PuvMXPMp2jQ2A8aGqp9Jvzg3h2cO3EAvT4dDtMa6klglUg04eDqiW++X4Qta5aiRbseMDCsVqAoTVVj61gf05duwKFdQdjz9+9I+m82x1eJJRK07dpPbY+9rUN92DrUBwBIjYzRc+DLAkM9B3wJAEhPfaKW2IiIiN5lTGClMjFgwACMGjUKEgl/pahy09U3wOCRU9C1//9w7th+nD91EHG3o5GZngoAqGZiBltHV7h4eMPTpyUs6tZTqjZaXHbODTB/9S5Ehp3F0b2bERsThcSEeACKJCxrO2fU9/JB4+YfoJ5TA6FfHWt7TFuyAQe2r8PJ4J1ITIiHvtQI7o2boUPPAOzftg5nj+0DABhWM4HUyLhYcekbGMLV00cpgbWekxuMTV/eOairpw97Z3elBNbX2wCK5LFWHXvCxKwmdqxfgetXLkCWlwdNLW206/YxvFu2xy+zvi3yjlAjEzO4uDdWSmBt6OcvVGYkorKjo6uHT4dPhn/nPjh1cCciLpxG3O0bwrnr4tEEzdp0hWfTliUaX2pkjOGTFqBt1744tm8rLp09jqcpjwEAFlb14OnTEv6d+8DSxl4pebXngC9h7+qOk8E7C71eevq0RKuOH6FGrTpK+9PS1kH/oWPR7INuOLp3M86fPCT0rVHLEvW9fNC6Uy84uTWESEOj2McjEonQvkcAqplUx5E9mxEVfh65OdkQSySwqucEHT39Ej1ORERERERERERERFT26ns1xcT5q7Bh5UJs+/NXlftVr1ELw8bPQbMPPix2IYSyYl7HCsMnL8TqH6ch9WkKLKwVBaQ0xOJSxSSuBN/ja+vooUvfz9Cx16eIjryIY/u34fzJQ8jJfo6Gvq3Rc+BXsLF3LVbRi9Iyrm6G3Nwc5OZkq9Q+MyNd+F6ZiIiIyob6X6VQpWZgYICAgADUqlULt2/fRnh4ONLT0wEAnp6eaNq0Kbp3744WLVpAW1tbzdESqa56jVro0vczdOn7WbH6uXh4Y+vpO8Xqo6Wtg4a+rdHwv+muVREVHop1y+fjw/5DMG/VDkiNjCESiZCZkYZzxw/gysUQoW1tSxvo6OoVKyYA6DnwK6U7B0vaBgBEGhpwb9Ic7k2aF7r9t62nihwjNycbyY8fCsu6evrwadlRbR8QEFUUqZEx5ga+uVJpYYq6FqlyrRKJRKhr64BPho3HJ8PGv7Wtto4uRk77GSOn/axyjCINDTi7N4aze2OV++gZSOHdoj28W7RXuY+wv/+OZ9A332PQN9+r3E/V67pYLIavf2f4+ncudmxEREREREREREREVHFEIhGcGjTCzF//VncoJSLR1EL7ngEQ7dTAygWTMWFeIGpb2mDZ38fVHVqZEIvFcPHwhouHN76eqN5Y7F08sPmPpRjaw1flPmbmFnBw9SzHqIiIiN4vTGClt9LW1kZAQAACAgLUHQrRe+dmVDgWT/n6rW3EEgmafdAN2jq6FRRV+bkZFY4rr1SEbdC4GazsnNQYEREREREREREREREREVHFkclkuHTmKKzsnFDH2g43rlwEIFd3WO8sexcPTFuyDpfOHINMJiuyvVgsRiO/NqhjbVcB0b2kr6+PPn36oGbNmhW6XyIioorABFYioipKLJHgky/GwcO7hbpDKbXc3BycOrgLWc8yhXW+rTuVqLIsERERERERERERERERUVX0NPkx9m37E5EXz0BTSxsBX46HaY3a6g7rnSUSiWDrUB+2DvXVHcpbaWtro0+fPuoOg4iIqFwwgZWIVKahoYH8/HzIZLIym9b9xZ1sGhoaZTLeu8Lcwgp9PhuJqPDzSEz4F4kJ8QAUSatW9Zzg3rgZmrfrDksbe4hEIjVHW3oP7t1BeOhJYbmekxucPZqoMSIiIiIiIiIiIiIiIiKiimVawxzTfl6PrGeZ0NTUgkRTU90hEREREZUrJrASkcoMDAyQlpaGpKSkMpueICkpSRibXjIxM0efz0aqO4wKY1XPCYE7z6o7DCIiIiIiIiIiIiIiIqJSs7Ozw8mTJ4tu+Aa6evplGE3xjRs3DuPGjVNrDKowMTHB1q1b1R2GSkr7O0FERPSuYslDIlKZmZkZACA2NhaPHj0SqqeWhEwmw6NHjxAbG6s0NhEREREREREREREREREREREREb37WIGViFRmamqKZ8+eISEhAbGxsULyaWnVqlULpqamZTIWERERERERERERERERERERERERVX5MYCUilUkkEtSpUwd6enp4/PgxMjIykJ+fX6KxNDQ0YGBgADMzM5iYmEAi4eWIiIiIiIiIiIiIiIiIiIiIiIjofVFuGWOmU/4ur6GJSE309PSQmpoKY2NjGBsbl/nYRERERERERERERERERERERERE9H7QUHcARFR1SCQSGBkZQUtLCyKRqNTjiUQiaGlpwcjIiBVYiYiIiIiIiIiIiIiIiIiIiIiI3iNlnjGWPLNvWQ9JRJWIRCKBoaGhusMgIiIiIiIiIiIiIiIiIiIiIiKiKowVWImIiIiIiIiIiIiIiIiIiIiIiIiIqEIxgZWIiIiIiIiIiIiIiIiIiIiIiIiIiCoUE1iJiIiIiIiIiIiIiIiIiIiIiIiIiKhCScp6QNMpf5f1kESkouSZfdUdAhEREREREREREREREREREREREVGRWIGViIiIiIiIiIiIiIiIiIiIiIiIiIgqVJlXYH2BlSCJKg4rHxMREREREREREREREREREREREVFVwgqsRERERERERERERERERERERERERERUocqtAisRVR0mJibqDqFE5HL5W7dX1eMioqqP1ycieoHXAyLV8FwhovcZr4FEpcfziIiIqOrg320iIiKi8lXU663KhhVYiYiIiIiIiIiIiIiIiIiIiIiIiIioQrECK9F7rKpl3KvqXT0uIqr6eH0iohd4PSBSDc8VInqf/Z+9+46K4nr7AP5ddukiAoJgQxEFFQVsoNh7STHGkmg0ll8QjVFj7IZoNLGbxBiNYhJjN2KNXcEoCogCgiCKIIgoINKXDsu+f/AyugJKX9Dv55w9x5l7584zy+7sOvvMc3kOJKo8vo+IiIjqDn5uExEREb2bWIGViIiIiIiIiIiIiIiIiIiIiIiIiIhqFBNYiYiIiIiIiIiIiIiIiIiIiIiIiIioRjGBlYiIiIiIiIiIiIiIiIiIiIiIiIiIahQTWImIiIiIiIiIiIiIiIiIiIiIiIiIqEYxgZWIiIiIiIiIiIiIiIiIiIiIiIiIiGqURNkBEJHyiEQiAEBSUpKSI6kYPT29EtfX9eMiorqP5yciKsLzAVHZ8L1CRO8yngOJKo/vIyIiorqDn9tERERE1au071u1FSuwvgM8PT0hEomEh5OTE7KyspQdFhERERERERERERERERERERERERG9o2o8gXX//v0KyZRlfezfv7+mQ1W6HTt2KDwH8+bNQ25ubol9s7Ky4OTkJPStX78+3N3dazhiIiIiIiIiIiIiIiIiIiIiIiIiIqI3YwXWWqxnz55o27atsOzj44PY2NgS+0ZERMDDw0NYtrOzQ7t27ao9RiIiIiIiIiIiIiIiIiIiIiIiIiKi8pIoOwAqnZmZGXr37o179+4BALy8vODn5wdTU9NifW/cuCH0A4Bhw4bB2NgYAODg4AC5XF4zQRMRERERERERERERERERERERERERvUGNV2CdMGEC5HK5wmPfvn0Kffbt21esz4QJE2o6VKXT1NTE4MGDFdZdvXoVOTk5CusyMjJw/fp1YdnExAQ9e/aESCSqkTiJiIiIiIiIiIiIiIiIiIio8vLycnFszzb8veUH5OXmvHkDIiIiojqsxhNYq0pOTg4uXbqEKVOmwNLSEiKRCPXr18fAgQPx22+/ITExsdg2ERER2LJlCz799FN06tQJIpFI2K53795wdnbGvXv3ilUrzcrKgpOTk9B/6NCheP&quot;
08-31-2019 12:59:36 Wire.java DEBUG [Forwarding screenshot on session 8224b39f135dddefa755fa7332753c0d to remote] http.wire 87 - http-outgoing-4 &lt;&lt; &quot;78Oa5fv47x48fDwMAABgYGcHR0xKNHjwAAcrkcgYGBmDp1qtA+depUhIWFles4bW1tYWdnJyz7+PggJiZGoc/Dhw/h6ekpLDs4OMDCwkJYDg0NhY2NjRD/qlWrStzX48ePsX79egwcOBD169eHSCSCpaUlvvjiC3h7e6OgoEDo6+npKfQRiURYsWKFwvOWnJyMUaNGCe3z5s1Dbm6u0B4TE4N+/foJ7ZMmTYJUKi3Xc0NERERERERERERERERERFSSrMwMSFOTy/zISE9T+M07KzMD+Xl5NRpzXl4u/vnjFxxw2YjUpASF3+jrkpzsLKSnpUBex+KXyWRIT0tReF2kp6VAJpMpNS65XI60tDRkZGQoNQ4iIqLqsav7ggAAIABJREFUIFF2ABURFRWFr7/+GsePH1dYL5VK4e7uDnd3d+zbtw9bt25F586dhXZvb2/Mnj272HhSqRTXrl3DtWvXsHnzZmzfvh2ffvppqRVM4+LisGDBAuzevVth/c6dO3Hnzh1s3rwZ//77L7Zs2aKQlLlr1y6EhIRg7969aN26dZmOtXnz5ujfvz98fHwAFCaw3r59Gy1btlQ4rpcTY4cOHQpdXd0yjQ8A+fn52L9/P+bNm4ekpCSFttDQUISGhuKPP/7AihUrsHDhQmhqasLMzAx2dnZwc3MDANy9exdpaWnCfiMiInDjxg1hnNu3byMhIQGNGzcGAMTGxiI0NFRot7W1hY6OTpljJqrNcrKzsH3dEly79C8AoHU7Gyzd8Cd0dPWUHFntFhLgg+9mfSos9xr0AZwWrYG6hmalxpm5ZB36jxhTZXESERERERERERERERFR7ZWXl4uTB1xwdPfWclUwVVVTx4rN+2HRoROC/Lyw8dsvYdrKErO/+wkNjUzKFUN4eDimTp2KLl26YPXq1dDQ0CjTdhKJKtrZdINIBCQ8i3nzBtVkw4YNWLNmDc6dO6dQcOtNZDIZzhz+C/t3bAAAzF3+C7r3G15dYSIpKQmOjo4AABcXF+jr61d4rPS0FGz5YT78vC4Xa+szdBS++GYlNDS1Kjx+RV8TAHD8+HHMnTsXFhYW2L59O1q1alXhOIiIiGqbOpfA+uzZM8yZMwcnT558bT8fHx/8+OOP2LFjBwwNDcs8vlQqxfr169G5c2eFKqYvCwwMRGBgYKn7tbe3f21cp0+fxtdff12meMRiMQYMGIDffvtNSIa9ePEihg0bBk1NTUilUoXqq23btn3t/l8ll8tx+PBhfPXVV2+sgLpp0yZYWFjgk08+gZGREbp27SoksIaGhiI2NlZIYPXw8EBsbKywrZ+fHyIjI4UEVl9fX6HdxMQEvXv3LnPMpHzx8fGIi4uDVCotVrG4rEQiEXR0dGBsbAwjI6MqjrBkryY2vupdS3RMSXoOL/czuHH1PKIehiJDmgoAMDJphqYtWsG6Wy907TkQho2aQKRSZwt2E9U5SQnPsG6xIx7eDxLWNW1hjqUb/oSRSTMlRkZEREREREREREREVPtdPn0Yrrt+xaiJMzHgvbFlKpaSn5+HDGkampi2Qma6FJfPuCJDmoqQAB/8unJehZJYK0IkEqFT975ISXqukMD6PO4p/vhpOVJTis9E+yYSsQSjJ38FG7vq/00+NMgXR/dsgyw/HwBw7ugetLXuigb6Zc/ZUJawe4G4H+SHRWtdYNnhRaG0u7d9sOWHb9Bz0PuwteujlNgePnyI9PR0+Pn54cmTJ0ICa25uLkJCQuDn54f79+8DAMzMzGBvb48OHTpAIimeEpSQkIADBw5gyJAhpebEEBER1aQ6l5F0+vRpIXlVR0cHGzZsQGpqKuRyORISEjBjxgyh7/HjxxEQECAsi8VifPnll7h27RoyMzMhl8tRUFCAhIQELF++XOgXGBiIx48flxpD27ZtcfLkSWRmZkImk+HChQswMTEptf3IkSMK1UVDQ0ORlZVV5mNu166dwl1NN27cEOJ78OCBkEQKAL1794aZmVmZx46Li8OuXbuE5NXBgwfj1q1bkMlkyMvLw8WLF2FqagqgMLn37NmzkEqlEIvFComyQUFBePDggdDv9u3bCvuRSqXw8fGBXC5Hbm6uQvVVe3v7csVMyhUREYEHDx4gLS2twsmrwItpDh48eICIiIgqjJDeRCaT4fQ/f2HG6N74a/NKhATcFJJXASA+Nhr+3lewa/MqzBzTB//8+YsSo33h8hlXjO5pJjwun3FVdkhE1SLq4X08Cr+nsO7Jo3CE3Q0oZQsiIiIiIiIiIiIiIgKAjPQ03PS4iEHvf4LRk79Cw0aNoaOr98aHnoERmrYwR7C/N25dv4Qps53hMPB9AIVFcg66bCpXNdeqlpOdhccRoQgPCSz3436QH5ISnlV7jPl5efC4eFLhd8eQgJvwuny2Ur8rVwd5QQHS01IgTU2GNDUZyYnx8HQ7DfO2HWHaylKhb/NWFmjRuh083U4jOTFe2CYjvXK/l5fHhx9+CCsrK0yaNAldu3ZFUlISXFxc0LNnT/Tv3x/ff/89QkJCEBgYiGXLlmHAgAHo27cv/vrrL6SkpCA/Px+RkZFYv3497OzssGLFCty5c6dGYiciInqTOlWBVSqV4urVq8LywIEDMW3aNNSvXx8AYGBgACcnJ7i5uSEsLAwAEBwcjEGDBgEAPvnkE4wePRp37tzBH3/8AS8vLyQkJCAsLAxRUVEK+4qPjy81jubNm8PBwQGamoV3anXu3BkdO3YUKoq+2t67d2/Y2dkpJJqWh7GxMYYNGyZsHxgYCF9fX1hYWBSrdDp48GBhv2URHBysENf06dPRpUsXAICKigr69++P8ePHY82aNQAK7+xJSkqCjo4OrK2t0aNHD3h5eQEA/P398f777yMyMhI3btwAAMyaNQvBwcG4cuUKvL29MW3aNOTm5iIo6EVVuU6dOqFBgwYVem6oZsXHxyMmpvBOPzMzMxgZGUEsFldoLJlMhvj4eERERCAmJgb16tWrsUqs7zKZTIZje7aWKyk1///vkKxu7WzscOQ6k5np3ZaflwefqxeEO5Nf5uvpji49B5bpTnEiIiIiIiIiIiIiondRgUyGzIx0mFl2KPfvmEF+Xtixfimys7KQn5+PaXMLi2B5up2CcZPmUBFXf3pFXm4O9u/YgJsel5CRnob1S53wxbyV1b7fqpCVmY6o8PvF1p869Ac6dnFA0xbmSoiqZE8fR+DH+VPwPO5psbaZY0quVBsa5Icr544Ky4bGTbBs464aOa6GDRvCyMgITZo0wa1bt7BgwQIkJiZi3Lhx+Pvvv9GmTRuh2mp+fj4ePHiA3bt3Y8WKFZg/f74wTrNmzTB58mR4eHhUe8xERERlVacSWHNzcxUSS48fP47jx4+/dpv09HTh3zdu3MDs2bNx69ataouxJCoqKhVO8gMKpwno2bMnTExMhGRVNzc39OrVC9euXRP69ejRA507dy5tmBK9mqj78ccfv7Z/RkYGsrOzARQm1nbp0kVIYL179y7S0tIQFBSEsLAwmJiY4NNPP8WRI0dw5coVBAYGIioqCnl5ebh79y6Awiq6/fr1g0gkKlfcpBxxcXEACpNXX646XBFisVgYIyIiAnFxcdWewPpqguS+39fjxP7t1brP2iY2OlKhcqmhcRNM+3oFOnTuAXUNTcgLCpCakoTb3ldw6vCfePww9DWjEVFVS4iPRchtnxLb7t72QdzTqGJ3/hIRERERERERERERUeUE+Xnh719/wCdffIOLJw7AZeO3AIBpc5ejYxcHOAx4r1K/+ZeViliCXoM+RKfu/QAU/qaqq2cAAJi1bANkMlmFxm3WsnWVxVgakUhU4nNk1sZKOIbawsikKWY7/4Tzx/chMjQY46cvgFY9nTdul5kuxYEdG9Cl50B07TkQRiZNayBaRfHx8TA0NMThw4fRokWLYu0SiQTt2rXDunXrMH/+fPj6+iIxMRHt27dH27ZtkZmZicDAwBqPm4iIqDR1KoG1Mh49eoT58+cLyauDBw/G119/DVtbW9SvXx/Hjh3DZ599puQoS9e2bVsMHDgQe/fuBQD4+Pjg3LlzQqVTABgwYACaNq25L0jq6uro1q2bsBwaGorw8HAhqd&quot;
08-31-2019 12:59:36 Wire.java DEBUG [Forwarding screenshot on session 8224b39f135dddefa755fa7332753c0d to remote] http.wire 87 - http-outgoing-4 &lt;&lt; &quot;ba2hpt2rRB37598fPPPyMsLAy3bt2CqqqqkIhrZ2cHMzOzGouZKkcqlQJAlSaaGhkZISIiQhi7tpEXFOB+kB/+O3sEwf43EB8bDQBoYtoKtvZ90H/EWDRr2fqNSdgFBQW4F3gLZ1x3wc/rPxQUyNDKsiPGTJ4Fm269IVJREfo+eRSucMffyAlOGDNlFrzcz+LcsT2ICA2Gto4ubO1641PHb9CocfMyH09aSqLCnYSdu/eDrX1f4T+TIhUVNNBviH4jRqPn4A9w7eJJhf4hAT74btanwvLMJevQtedAXDxxAO6nDyM+NhqNm7XERxNnoOegD6Cqqoac7ExcOnkIF0/sR0x0JBo3a4kRY6ei/3tjoKqq9trj/mzGQkhTk7F6wTSEhShOn75tzSJsW7MIANC6nQ2WbvgTOrp6JR63NDUZl8+4wv3UP4iJjkQDfUP0GvwBPhw/HQ30G5b5+SOqbiEBPoiJjgQAiCUStO3YFcH+3gCApIRnCPb3LjGBtbTzhseFEzh/bB+iHt5HA31DjBg7BcNHT4K6hhby8nLhc/UC/j24ExGhwWigb4jBI8fj/XHToKldT2H8iAfB8L3ujpCAm3jyKBwpSc8BAKpq6mhh3ha29n3Qd9jHChdqcrKzsH3dEly79O8bj7uku5Qrcv59dZ+t29lg8bqdiHkcUabzLxERERERERERERG9e4qSVz+aOAP/nT2CkIDCQhMuG7+FppY2Brw3tsZiEYvFaGXZocS29rb2NRZHRWhq68DMwgr3g/yEdcM+noTxjvOL/e6gbGrqGmhr3RV+Xv8hPiYa7W3tSv2d8WXS1GRo6+iiaQtztLXuWgORlkxTU1OYqfh1DA0NMWzYMIV1mZmZ1RUWERFRhdSpBFaJRAIdnRd3vQwcOBB79uwpUyVIHx8feHp6Csvz58/HoEGDqiXO6qCjo4M+ffoICaz37t3D999/LySCFrWX966vl59PAPjjjz8wbdq0Mm/fpUsXWFtbIzAwEEFBQXB3d0dAQGGSWdeuXaGnpwcLCwuhj4eHB1RVVYXtu3btymnj65CXp5Kv6N19JanKsaqSNDUZf2/5EVfPHyvW9jTqIZ5GPcS5o3vw8aQv8dHEGQrJmC9LSXoOlw3fwsfjgsL6B8H+WLvYETMXr0WfoaNKjePB3dtYPnsCwkNe3AmXIU3FdbdTiAgNxqK1Lmhi2qpCx3jN7RQMGjVGr8EfQs/ASOEcoqqqhv4jxrx2ez+vy3Dd9atCkmtMdCS2rl6IZ08fo30ne+zYsAxxT6IU2nduckZaSiJGTfqy2u9WLSnGlKTnOHXoTzwKC8HcFb/Wurs+6d2UnZUJP6/LwnIL87Z4/5P/IeZxBJISngEAfK+7oc+Qj1CvfoPXjlXSeSMl6Tn2b1+PJ4/CMeSjCdi7bS3uBd5SaD/812Y8j3uK/837HuoamkKbl/vZEitW5+XmICwkAGEhATjj+jfm/7AVHTr3qPBzUKS2nH+JiIiIiIiIiIiI6O32avJq4M0XM6AO+egzoRJqTZHJZDh3dDdcd22BpqYWJs1aiu79hteJGU3FYjFsu/fFhRP7IcvPR/NWFvhwwvRal7xamvy8PGRnZUC7Xn0UyOXIypBCU1sHKiIRMtLToKGprewQiYiI3kp1quRU/fr10b17d2HZzc0Nixcvxp07d5CbmwsAkMvlSE5OxpUrV/D555/j4MGDABQT7wDg1q1byMrKglwux9OnT+Hr61tzB1JB9vb2aNu2rbBclLwKAA4ODrC2ti73mB06dICdnZ2wvGHDBuzatQuJiYmQy+UAgNzcXERGRmLz5s345JNPkJiYKPRv3LgxOnbsKCwvWrQIPj6Fd6T16tULYrEYzZs3h7194d1gx48fx6lTpxSOqSamWqCqUVBQgIKCAshksip9FI1bm+Tl5eKAy6YSk6deJsvPx+G/NsPjwgnhPfOq53FPiyVPvbz9hRMHkJaSVOo+QgJ8FJLQXhYTHYmr54+Vuu9X6RuaoHGzlsJyhjQV+7evh9MoB4wf0BYLp32Aw39tRvi9O2VKLPa5ekEhMfRlR3b/hu/nfKaQvPoyT/fTSIyPKVPclfG6GIP8vBUSBomUKTY6EvfvvPg+0s6mG9rZdEN72xef0+H37uBpVMQbx3rdeePq+WNYOv1jheTVl924cg6PI0LLGX3h+eTgzp9eez4rjZa2DtTUNQDUrvMvEREREREREREREb29Xpe8OnzMZIx3nA8NTa0ajSkzPQ1PHoVj6hxntLO1w1nXv5EhTUVWRjru3r6BO76eFXokJ8bXSPytLDqglWVh/sDjh6G46XGxzL9jKpvHxRNYMPV9PH0cgdAgX0we3gmhQb54+jgCC6a+jwd3/ZUdIhER0VupTlVgFYlEmDBhAjw8PHDy5EkAwJ49e7Bnz55Stxk8eDAAwNjYGDo6OsI05cuWLcOyZcuqP+gqZG5ujkGDBuHevXvF2gYNGgQDg/JXEGzRogVmz54NJycnSKVShIaGYurUqaX2HzJkiMKyjo4OHBwchMqwRXr06IE2bdoAKCxfb2trC6BwCvqiv0GPHj0qlHRLylOU0PhqQnhVjVubRNwPxvVLJ4VlQ+MmmLlkPaxs7ZCXlwu3U/9g928/Qvb/z8VZ17/RoXMPhemzi+g3bISpc5fDxq431DU08SgsBD8vny1ME54UH4vU5ETUb6BfYizWXXti4szFaGZmAQD474wrdv70nbDvZzHRyM3JgrrGm/8D3ahxM3z02Qxs37BU2L6ILD8fEaHBiAgNxuG/NsO4qSmmzV3+2im2+w0fjdGTZ8HIpBkypKnYuek7eLqfLrE9OTEe29ctgb/3FQCFU54nPIuBkUmz18aso6uHNS7HcPmMK7atWSSsn7lk3RsrxBbF8PGkL9GocTPk5eXi6J6tOLp7q9D+5FE45HJ5nbhzld5ecrkc/t5XkJpceJOIWCJB154DoamljQ5dHHDt0r8AgKzMDPh5uaONle1rX7PWXXti4pdLYGpmgby8XBz+azNO7N9RYntubjZ2/foD3P49JOwjOjIMrdvZCP1V1dTw3tip6D10JJq3tIBEVRXyggIkxMdi3/b18HQrvDnl2dMoJMbHon4DfahraGLO8l8wZ/kvCscZePMafl4xBxnSVABAA31DTJ79rXD+rE3nXyIiIiIiIiIiIiJ6OwX5eWHz91+js0N/uJ86hCA/b6FNWcmrQOHvYk4LVyMrIx2Bt65DU6seVFTESHweh99+XFBq0ZY3KevvapVVv4E++gwZiQfBhcmepw79AatO3dHcrE2175uIiIjqpjpVgRUAGjVqhM2bN+Ojjz4q13b29vaYOHFiqe0mJiaVDa3aqauro0+fPsXWm5iYoE+fPhVKvhKJRBg7diy2bNkCff2KJW906dKl2PPXpUsXGBsbC8vdu3dH69atX9uHar93qQLr3ds3kJWZISwPfP8TWHWyh0hFBWrqGhjw3lj06DdcaI96eB/PYh6XOJaBkQna29pBQ1MLIpEIzVtZwsaut9CeEB8LaWrpFQBbtrFCi9btIBaLIRaL0al7XzRr+eI/efGxT5Cbk1Om4xKJROg7bBQWr3WBcVPT1/aNexKFtYsdceVc6RVe21p3RaPGzSESiVCvfgNYd+tVart+w0bo1mtwmeKsSm2tu8K4qanwt7PvMxS6ei8S/pMTniE3J7vG4yJ6WYY0FcH+XsJyK8uOaNqi8HOzTXtbGBo3EdoCb11/453SLdtYoYV5W+F136l731Lb1TW04DDgvdeON27aXIyfPh/ZmRk4tncbVsyegIX/+xCzxw8UklcBIDU5EVmZ6aWOE+zvrZC8qq2jiznLf0aHzj2EPrXp/EtEREREREREREREb58gPy/s2LAM3XoPxo0r52tN8mqR6MgwrF44Dc/jnmLKHGdo1dNRWiwVYd93GDp0LpxZ93ncU/zx0/IaqwBLREREdU+dqsBaxNTUFIcPH4aPjw8OHz6Mmzdv4saNGwAKK4La2NigZ8+eGDx4MOzsCqfd1dbWxvr162FlZYXdu3cL09x36NABS5cuRU5ODiZPnqy0Yyqrzp07o0ePHvDyepHkMnDgQKHaaUVIJB&quot;
08-31-2019 12:59:36 Wire.java DEBUG [Forwarding screenshot on session 8224b39f135dddefa755fa7332753c0d to remote] http.wire 87 - http-outgoing-4 &lt;&lt; &quot;J8/vnnGDZsGE6cOIEzZ84gMDAQUVGF035bWFjA1tYWffv2xfDhw4slupqbm8PBwQFHjhwR1nXr1g3q6urCsqmpKaytrREWFlZqH6r9ipJMqzrZtLYlrwJAZoZiAlaL1u0UksTVNTRhYNRYoU9Z73gUi8VQU9escGyqaupQVVWr8PYiFRXY2vfF5v298PRROPxvXEGwvzfCQgKFpLIisvx8XDp1CJ0d+ldJhUIVsbjSY1SWqpq6MFU5UW0Rdi8QIYG3hGUrWzvo6OoBABo1aY4OnXvg8hlXAMDD+0GIfBAC/YaNqmz/4te8N+VyObwun8GuzauQkvS8wvsI8vPCxm+/VEhe/XrFZlh16q7Qrzaff4mIiIiIiIiIiIiobouJjsTebWsxfcGPsOrUHe1tusFl03fIkKYKyatisRgymey1186rS0rSc+zc5Iw27W0x6MPx8PV0g4aWNtQ1NNHczAK6+g3LPaZELKnS3xTeRFfPAJ86zkfE/KnIkKYiJMAHe7etxRfzVkJTu55C3/y8POTl5UJTS7vG4nubyOVyJCcnIzAwEHfv3oVMJkO9evXQq1cvmJubQ6WUWTaJiIhqk1qRwDphwgRMmDChXNtIJBI4ODjAwcGhzNtoa2tjxowZmDFjRontn3/+eYnrNTU1sX37dmzfvr3EdgMDA5w/f77U/b6pvTxMTU3h6elZrm0sLCwQEBDwxn5GRkZwdHSEo6NjucbX1dWFq6trpfsQUc0Si8Vo3soCzVtZYOSE6YX/wUmMx6WTB3Fs7zZheu7khGdIS0niFNtE1UQmk+HOrevCew4Aju39Hcf2/l7qNj5Xz6NjV4dKJbOXVVhIAFw2OguJp5179MOH4x3RxNQc2vXq49AfP+PE/pK/IxW5F3gL29YsUkhedfxmJay79apQBXkiIiIiIiIiIiIiooookMkgl8tx97YPmpi2QvtO9jC37IAmLcwx3nE+sjLT8fPyOfjkf3PRzsauxuOLeRyBkICbCAm4iZMHXGBo3AQ23XqjaQtzLFn/R43HU1Gt29lg1tL1+G31QmRIU+Fx4QSSE57BccGPMGnaAgCQnZWJnZu+g9flMxgz+SuMGDsZ6hrKq3xbl2RlZcHNzQ3Hjx/HhQsXSuzTvXt3ODo6YsiQIdDQ0EBubi78/f3x559/4vLly+XO0SEiIqouvN2CiN5JOdmZeB73RGGdptaLO/60Xrn771FYCORyubCcl5eLtJREhT4vT/FdW109fwzH9mxDTnZmsTaRSAT9ho0wfPTnMGtjpYToiN5NifExuH3jarm2uX/HF4nxcdUUkSJ/r/+ExFNdPQN88r95aGdjB109A0hUVd+4fVhIAH5fu1iokiqWSDB51jL0GPBeicmrb+v5l4iIiIiIiIiIiIhqh/S0FFw6eQC3rrnh97WLheRVDU0txEZHIiTAR2mxtWnfCbvO+AmPDX+dgkmzlkqLp6JEIhG69ByIqXOcoapWOCtrkJ835k0ahmN7tiEl6Tlcd/2Kq+ePIS83BwdcNuKbySNw69olyGQyJUdf+3l7e8PJyQkAsH//foSHhyMxMRFJSUmIi4vD2bNn0bhxY0yZMgWNGzeGvr4+jI2NMXz4cMTExODQoUMYPny4ko+CiIioUK2owEpEVJ2unj+GxPg4DB01EVr1dJCdlYnLZ1xx4+qLysiaWtpo2MhEWG5vaw9NLW1kZWYAANxOHUIbq06wsrWDTCbDlXNHcfXCcaG/aStLNGrcvOYOqoJkMhkOuGzEyYM7MeiDT2HXZzCatmgtTMuRkZ6Gm9cuISY6UtjGzMIKDRs1Lm3IGiOWKH5kPbh7Gw4DRvBOTKrzwu4G4Mmj8HJtExMdicCbHjD+6LNqiuqF/Jcqw6ZLU/HwfhCat7KEikiE2CePEPkguNRtox7ex5ZV3wjnFLFEAqcFq9F3+MelVl59W8+/RERERERERERERFRzsjLTS1wvkaiiiWkrpEtT8d+5I7Cy7Y7Rk2dBQ7N2/N4kUlGBSCRSKOygIhJBXlCAjPQ0hfXloalVr0xFKaqSSCRC7yEfQUtbR6jEWpSsesBlY7H+cU+i8NPy2VixeT8sOnSq0VjrEgMDA0yZMgXTp09H69ati/3eoqamBnt7e9jZ2WHBggVwd3dHbm4uDAwMYG9vDzMzM6iosNYdERHVHkxgJaK3XlHSZkn/ESrSxWEAmptZCMtmllboOehDXDp5AADwPO4pvp9T+jQKw8dMrlMVADOkqTixf/sbp/3W1tHF0FETa8V/2huZNINYIhGmWXf79xDc/j0EoHAakqUb/oSOrp4yQyQqt5zsLPh6ugvLmlra+HbT7hIvzHj/dw6bnL8Ulu/4eqLP0FHV/v40NH6RwC7Lz8f29Uuxff3SN26XnpaCnRudFRLiZfn52LpmIbauWVis/8rfDqKdjd1bf/4lIiIiIiIiIiIiouqjpq4B4ybNcdffB/2GjYZWPR2FduOmpvh2098lbiuXy/Eo/D6atjBXWnGX2OhI/Dh/ijCrWdFvYKnJiQrry2vmknXoP2JMVYZaJiKRCF17DcLyX/bCZZMzwkMCX9u/UeNm0GtoWEPRKWrRui2GjpoIXT0DqKmrY7zjfDRs1BgSVTUM+nA8GugrJ65X9e/fH/37939jP5FIhDZt2qBNmzY1EBUREVHFMYGViN55HTp3x6eO30BdQ1NYp6qqhvGO3yA3JxtXzx8rdVuxRILRn89C32GlVxOsTVTV1BWSQF/HuKkpZi5eh7bWXWsgsjdrbmaBzt374+a1i8oOhajKxD2Nwt3bL6YiatPeFk1bmpfYt5WlFZq2MBeqtd65dR3RkQ/Qup1NtcbYrfdgeLqfKXHKJLFEAolEFTnZWcXa5HJ5hab5eVvPv0RERERERERERERU/dQ1NNH/vbHY+O2XWDXvc3Ts6gAVFXGZto15HIEbV89j9OezYGCknARWiUQVbdrb4qtvN8J116/oPfgj1KvfAKnJiUqJp6qYWVjh+1/349LJQzj9z59IiI8t1kcskWDg+58o7bk3a2MFszZWAAAdXT2MmjRTaBs1cQYAQJqarJTYiIiI3mZMYCWit56ungFaWXZA3NPHyJCmAiisLNq6nTWGjpoI6269oKoUKi+8AAAgAElEQVSqVmw7HV09zFq6HgPfH4f/zh6Bv/cVpCQ9BwA0MW0FW/s+6D9iLJq1LD41Q23Va9AH6NC5O+4F+sLX0x3h9wLxNOqh0G5k0gxtrbuiR/8R6NC5O9TUNZQYrSKtejqYsXgNzCyt4H35LKIe3gdQ+Lds3NwMYjE/0qjuCfb3RlLCM2G5va09tOvVL7GvfkNjWHbsIiSwZmVm4M4tT5i3ta7WGPUMjDBv5RacP7YXbv8eEs6DzVtZYNLMJQj298aJ/TuqdJ9v4/mXiIiIiIiIiIiIiGqGVafuWLJuJ/bv2ICju7eWebuGRiZwWrgaPQd9ALG4bEmvVc24qSlmLduAP35ajtSUJDRp0QoAoCIWVyomsUT5v6Opa2jhvXFTMWz05wgN8sV/547ipscl5OZko3OPfhg1aSZatm5fo9f99RoaIi8vF3m5OWXqn5EuFX5vJiIioqohOnz4sPzVkuE2NjaQy+UVGtDA+R8AQOKqcZUOjojK5tX3XdGX+je9j4v6JSUllWk/58+fBwDY29tXKM7S3LhxAwAwdOjQcm2np1fydPHlPS4ioqrG8xMRFeH5gKhs+F4honcZz4FElcf3ERERUd3xrnxuh4eHY+rUqejSpQtWr14NDY2yF42Ry+WIDLuLiycOIOxuABatdYGRSdNqjLa4DRs2YM2aNTh37hzs7OxqdN/lkZSUBEdHRwCAi4sL9PX1y7X9g7u38eP8qeVKSjU0boJlG3ehaYuSZ9QrTWVeE0XHaWdnhwULFpRrv0RE9O4p7ftWkaLvXamphZ9/AQEB1R5TSWxsCmebVf5tNkRERERERERERERERERERETvOJlMBn+vyzA1t0TTFua4f8cXQMWKj9GbtW5ng+Wb98Lf6z/IZLI39heLxejiMKDcyauVpa2tjbFjx6JRo0Y1ul8iIqKawARWIiIiIiIiIiIiIiIiIiIiIiVLSXyOs0&quot;
08-31-2019 12:59:36 Wire.java DEBUG [Forwarding screenshot on session 8224b39f135dddefa755fa7332753c0d to remote] http.wire 87 - http-outgoing-4 &lt;&lt; &quot;d3I8jXC6pq6vhsxkIYGDVWdlhvLZFIBLM2VjBrY6XsUF5LXV0dY8eOVXYYRERE1YIJrERUZioqKigoKIBMJoNYLK6SMYvuZFNRUamS8YiIiIiIiIiIiIiIiIiI6iIDI2Ms/2UfsjIzoKqqBomqqrJDIiIiIqpWTGAlojKrV68e0tLSkJCQUGXTEyQkJAhjExERERERERERERERERHVdebm5vDw8Kjw9ppa2lUYTfktWLAACxYsUGoMZaGvr48jR44oO4wyqexrgoiI6G1VbQmsBs7/VNfQRKQkhoaGSEtLQ2RkJACgYcOGFa7EKpPJkJCQIIxlaGhYZXESERERERERERERERERERERERFR7cYKrERUZgYGBsjMzERsbCwiIyOF5NPKMjExgYGBQZWMRURERERERERERERERERERERERLVflSewJq4aV9VDElEtIZFI0LRpU2hpaeH58+dIT09HQUFBhcZSUVFBvXr1YGhoCH19fUgkzKcnIiIiIiIiIiIiIiIiIiIiIiJ6VzBjjIjKTEtLC6mpqdDT04Oenl6Vj01ERERERERERERERERERERERETvBhVlB0BEdYdEIoGuri7U1NQgEokqPZ5IJIKamhp0dXVZgZWIiIiIiIiIiIiIiIiIiIiIiOgdwowxIioXiUSC+vXrKzsMIiIiIiIiIiIiIiIiIiIiIiIiqsOqPIHVwPmfqh6SiMoocdU4ZYdARERERERERERERERERERERERE9EYqyg6AiIiIiIiIiIiIiIiIiIiIiIiIiIjeLVVegbUIK0ES1RxWPiYiIiIiIiIiIiIiIiIiIiIiIqK6hBVYiYiIiIiIiIiIiIiIiIiIiIiIiIioRjGBlYiIiIiIiIiIiIiIiIiIiIiIiIiIahQTWImIiIiIiIiIiIiIiIiIiIiIiIiIqEYxgZWIiIiIiIiIiIiIiIiIiIiIiIiIiGqURNkBEJHy6evrKzuECpHL5a9tr6vHRUR1H89PRFSE5wOisuF7hYjeZTwHElUe30dERER1Bz+3iYiIiKrXm75v1TaswEpERERERERERERERERERERERERERDWKFViJ3mF1LeO+rN7W4yKiuo/nJyIqwvMBUdnwvUJE7zKeA4kqj+8jIiKiuoOf20RERETvJlZgJSIiIiIiIiIiIiIiIiIiIiIiIiKiGsUEViIiIiIiIiIiIiIiIiIiIiIiIiIiqlFMYCUiIiIiIiIiIiIiIiIiIiIiIiIiohrFBFYiIiIiIiIiIiIiIiIiIiIiIiIiIqpRSklgXbVqFUQi0Wsfq1atUkZoRERERERERERERERERERERERERERUzSTKDoDKJjQ0FOPGjUNgYCAAYPr06fj555+hqamp5MioLhOJRACApKQkJUdSMXp6eiWur+vHRUR1H89PRFSE5wOisuF7hYjeZTwHElUe30dERER1Bz+3iYiIiKpXad+3aiulVGAlIiIiIiIiIiIiIiIiIiIiIiIiIqJ3l1ISWJ2dnSGXy5GQkIAhQ4YI64cMGYKEhATI5XI4OzsrIzQiIiIiIiIiIiIiIiIiIiIiIiIiIqpmdaICa2hoKGxsbCASiSASibBq1SpkZGRg9+7d6Nu3L0QiESwtLbF582ZkZGQAAHJycnD06FEMHDhQaF+/fj2kUqnC2FlZWXBychLGHjp0KO7du4dNmzYJYxsYGGD8+PHw9/eHXC4vMcbExES4uLjg/fffh4GBAUQiEVq0aIFx48bh0KFDQlwv8/T0FPYrEomwf/9+ZGRk4Pfff4e9vT1EIhE8PT2xatUqWFpaIjAwUNh2x44d0NLSErb19PSswmeciIiIiIiIiIiIiIiIiIiIiIiIiKj6SJQdQEX4+flh1KhRuHjxorAuNDQUc+fOxYMHDzB58mSsXLkSp0+fVmhftGgRoqOjsX79emhqapY4tpeXF/r27Yv4+HhhXVJSEg4ePIgLFy5g69atGDduHEQiEQBALpfjwoULmDt3LkJDQxXGioqKQlRUFA4fPgwHBwfs2LED7du3L/W4goKCsGfPHoXjIiIiIiIiIiIiIiIiIiIiIiIiIiJ629SJCqyvOnnyZKlJntu2bUO3bt0UkldfdvToUYSEhJQ6tlQqVUhefVlSUhJ+++03REVFCev8/Pzg5ORULHn1VZ6enli0aBHi4uJK7bNu3TomrxIREREREREREREREREREb2j8vJycWzPNvy95Qfk5eYoOxwiIiKialUnE1hHjx6NoKAgyGQyZGZm4vvvvy+1PT09HV9//bXQFhsbi/v375c6trW1Ndzc3JCTkwOZTIbbt2/Dzs5OaPf09MSdO3cAADk5Odi7d69CQuvixYuRlJSEgoICPHjwACNGjBDazpw5gyNHjpS675UrV+Lp06eQyWSQy+WQy+VwcHCAs7Mz7t+/D2tra6Hv9OnTkZmZqdCPiIiIiIiIiIiIiIiIiIiIgKzMDEhTk8v8yEhPg1wuV9g+Py+vRmPOy8vFP3/8ggMuG5GalICCgoIa3T8B8oICpKelICc7S9mhvFZBQQFSUlKQnZ2t7FCIiIgqpU4msHbs2BFWVlZQUVGBpqYmBgwYUGq7trY2Ro4cWeaxjY2NYWNjAzU1NaioqMDGxgZTpkxR6BMYGAgAiIuLg6+vr7Dezs4Ojo6O0NPTg0gkQuvWrbFkyRLo6OgobJuZmVnivs3MzNC4cWOoqNTJPwsRveVCAnwwuqeZ8Nj3+3plh6R0OdlZ2Pz9XIXnJSTAR2h/8igcM0b34nNGRERERERERFRL8HpNxV0+46pwHezyGVdlh1QjXj3ul18zr14fXOI4CtLUZCVG+3aSpiZjieMo4XmeMboXnjwKF9pfvXb9rrw2iah0eXm5OLL7N0x9rwumjOhc5sf/PrDDg+DbAIAgPy84fdwTK7+ehIT42HLHEB4ejt69e2PevHnlSjCUSFTRzqYbPvrMqdz7rEobNmyAvr4+fHx83ty5lqnocw8AMY8jsMTpY0we3gnrlzohPS2lmqIs5OrqCn19fbi6lu+zSyaTYevWrTAzM4OjoyMSEhKqKUIiIqLqJ1F2ADVBLBZXansrKyuF5bi4OGRnZyM7OxsZGRnC+jZt2qBhw4YKfRs2bAgzMzMh6TU6OhpZWVnQ0tKqVExEVD7S1GSsXjANYSEBAABD4yZYtnEXmrYwF/rI5XJcOXsU2zcshSw/HwCgraOL+T9sRYfOPZQSNxERERERERERERG9OzLTpbh1/RKuXfoXYSGByJCmQlVNHeZtO6J732HoMWAEGugbKjtMIqJa7fLpw3Dd9StGTZyJAe+NhbqG5hu3yc/PQ4Y0DU1MWyEzXYrLZ1yRIU1FSIAPfl05D7O/+wkNjUyqPXaRSIRO3fsiJek5Ep7FCOufxz3FHz8tR2pKYrnHlIglGD35K9jY9a7KUEuUlPAMZw7vwt2Aqkl8bW9jhxFjp0C/YaMqGe91crKzcHzfdoSHFOZ2BN68hpvXLqH/iDHVvu/yysvLQ2RkJADgwYMHSEhIEHJVMjMzERQUBH9/f9y9excGBgZo3rw5evXqBXNz8xILqj1+/Bj//PMPJk6cCGNj4xo9FiIioncigbWyZDKZwrKuri5UVVWVFA0RVZdgf2/8/duPQvKqWCLB5FnLYNWpu5IjI2W4fMYV29YsEpZnLllXK/+DSkREREREREREROX35FE4fpw/Bc/jngIAeg36AE6L1pQpyak65OXl4tzRPTjosgl5uTmKbbk5uBd4C/cCb2H31tUY+tFEfPK/r6GpXU8psRIR1WYZ6Wm46XERg97/BKMnf1WuYld6BkYI8vNC0vM4TJntjIKCAni6nUJIgA8OumyC08IfoaqmXo3Rly4nOwuPI0KFz63ySkp4VsURFZedlYk/f16BYP8bMG7SHKJKzjwrLyiA26l/EPc0Cl99uwkamtVbJOxxRChuXDmnsO7c0T3o2LVnjSQvl4eGhgZGjhyJc+fOYfTo0TA3N8eTJ09w4MAB7NixA8nJydDT04OVlRWCg4Nx584dAED37t3h6OiIQYMGQSKRICwsDHv27MHBgweRnp6O3r17M4GViIhqHBNY30Aul8PX11dhna&quot;
08-31-2019 12:59:36 Wire.java DEBUG [Forwarding screenshot on session 8224b39f135dddefa755fa7332753c0d to remote] http.wire 87 - http-outgoing-4 &lt;&lt; &quot;GhIcRiMTQ0NKCtrS2sL7qzRUdHR1iXmpqK+Ph4YblZs2bQ1FTOxQ8iKl10ZBh2bnRGhjQVQGHyqtOC1eg7/GOIRCIlR0e1lbqGJuYs/wVzlv+i7FCIiIiIiIiIiIioGvQfMabab2zPykjHzp++g8eFExBLJOg3fDSGjZ6E5i0tIFFVhUwmQ3JiPDzdTuHckd0447oLT6LCMWvZBugZGFVrbLWBjq4e1rgcU3YYRFRHFMhkyMxIh5llh3LP1Brk54Ud65ciOysL+fn5mDZ3OQDA0+0UjJs0h4q4+tMr8nJzsH/HBtz0uISM9DSsX+qEL+atrPb9VoW83BwkPX+G98dNxejJX1XJmBeO78eVc0eRl5tT7Qms0ZFhyMrMUFgX+eAu3E4exJipcyo9829Va9y4MQwNDWFqagpXV1d8++23qFevHpycnDBmzBg0b95cqLaam5sLf39//Pnnn5gyZYrCOO3atcP06dNx4sQJZRwGERERE1hflZ+fj/z/r76YlZWFM2fO4NdffxXaTUxM4ODgAAAwNjZGly5d4OXlBQDw8fGBi4sLFi5ciAYNGiAqKgqrV69GbGyssL21tTW0tMr/xUosFkMiefHnCgkJQXR0NNq0aVOh4ySiFzLTpTjosgkx0ZHCulETZ6L30I+YvEpERERERERERERE1SYvLxd7tq2Fx4UTMDRugq++3Yi21t0Urk2LxWI0NDLBh+Md0WfoKOz6dRU83U5h3+/r8cU3K6s9oYeI6F0Q5OeFv3/9AZ988Q0unjgAl43fAgCmzV2Ojl0c4DDgvRpJYFQRS9Br0Ifo1L0fgMLPAF09AwDArGUbis0eW1bNWraushjfJCE+Fvl5eZBUclZbmUyGp1HhVRTVm4klxdNntHV00byVRa1LXn3VkydP0L9/f6xduxYGBgbF2tXU1GBvbw87OzusWLEC3t7eAABLS0tYWlri0aNHuHDhQk2HTUREBEBJCayrVq3Cd999V2z9hQsX0LBhQwDAypUr4ezsXNOhwd3d/bUl0cePHw9ra2sAgLq6OiZOnIiTJ08iKioKALB27VqsXbu2xG1HjBiB0aNHVyguAwMDhbiuXbsGCwsLYfn69etCYi0RlZ1MJsOpf/7EzWsXhXV9ho7Ch+Mdi/1HJC8vFwE3riLgpgce3A3Ak0fhwlRODfQNYWbRHg4D3oN936FQ11C8YBgS4IPvZn0qLM9csg4OA0bg0slDuHhiP2KiI7Hyt4NoZ2OHuCdRuHH1PEICfPDk0UPEx0YDKPxPUxPTVujYxQH9R4xFs5atFS5i5mRnYfu6Jbh26V8AQOt2Nli8bidiHkfgjOsu+Hn9h4ICGVpZdsSYybNg0613iVN3pCQl4PyxvfC4cALxsdHQ1tFF937DyvQfW7lcjujIMFw+cxi3b1zF06iHAAAjk2aw7toTw0Z/Xizul5/fIF8vuJ/+B6FB/khJeg6xRALTVpZwGPAe+o8YAx1dPYVt9v2+Hif2bwcAGBo3wTertiL8XiA8Lp7Ew/uFU2G86XhfJU1NxuoF0xAWEqCwftuaRdi2ZpHw3C7d8Cd0dPWKxbBs4y40bWFe6vg52ZkKf/ei5/fjSV/C0LjJG+MjIiIiIiIiIqLqIZfLce7oHvz1y/fCuj5DRwkJglkZ6bh5/RLu3PJEZNhdPI16CNn/F8QwMmmGlm3aYcB749ChSw+oqqopjF3SNSRVNTUc37cd3v+dQ+NmLYXrTRW9PvjkUTh+nD9FmFp45AQnjJkyC17uZ3Hu2B5EhAZDW0cXtna98anjN2jUuHmJz8OzmMc4sW8Hbl13Q0rSczTQN0T/EaPLdG2tMtcHc7IzcePKeVy79C/CQgKRIU2Fqpo6zNt2RP/hY9BjwHCF664lXQ+duWQdfDwuwPvyWUQ9vA9VNXV07NIDY6bMQSvLDsJ+X/57FLl26V9hLADC9dqSru2+riJrQUEBAm9ew/F923Hvzi0AQNuOXfHx51/CqlP3Ysfue90Nl88chn7DRvhm1VaYt+2IlKQEnNi3Hf+dO4rcnGzY9R6MZzHRCAsJwMgJTpj81TIkJ8Tj6vljaG9rVyyeor/D2SN/w/u/c8iQpsLIpBl6DnwPxk1bCNc5Xz2e0q4xP3kUhn8P7sQd38KCLt16D8b4/38NyeVyRIbdxbE92+Dn9R8AoHOPfvj0i2/QxLSVQlxVee276P1SVeRyOeJjo3H1/HH4eroj6uF9yPLzoa2ji9btrOHQ/z106TlAYZ/yggLcD/LDf2ePINj/hnA8TUxbwda+T7mu41fVc0xEFVOUvPrRxBn47+wRhAT4AABcNn4LTS1tDHhvbI3FIhaL0cqyQ4lt7W3tayyOyvD3+g+PR46HWRurSo3z8P4dXL1wAo2btayiyF6vecs20NUzQGpyIgAo3FhSF+jo6CjMIFwSkUiEJk2aVDhvhYiIqDqwAms5jBkzBgsWLIC6urqwrnPnzti+fTvmzp2L0NDQUrd1cHDApk2bXpsc+zoNGjTAhx9+iDNnzlRoeyIqiRwe54/j2N5twpp2Nnb4bMbCEu9Yz87MwLG9vxdLbASAlKTn8Pe+An/vK3A/7Yqvv9/82qmbIkKDcfHkAYSHBBZrCwm8iX2/ryu2Xpafj8cPQ/H4YSjOHd0DpwWr0Xf4x6VWiU1Jeg6XDd/Cx0PxbrkHwf5Yu9gRMxevRZ+hoxTa7gXewq+r5gkXuQEgQ5oKt38PlXosRXJzsnHk7y04eXCncOG+SHxsNC79exCXz7pi6pzvMPCDTxUShONjo/H72sUI8vMudswRocGICA2G+6l/8JXzJrRuZ1Pi/pMSnmH5V58iJzurxOMd/fksjJr0pVLvkLx/5xYWf/ERoiPDhHVFz2/IbR8sWL29Ru+AJSIiIiIiIiKiF4L9vfHPn78Iy69eK0x8HodDO39SuHZWJD42GvGx0fC5ekEh6bUk8oICXD59GO5nXJEhTS3WXlXXBx/cvY3lsycoXIPMkKbiutspRIQGY9FaF4XkN7lcDi/303DZ9J1CXClJz3Fs7+8l7uNllbk+GH7vDrauXqBw3QwonIr4XuAt3Au8BffT/2D2dz/ByKRZifuPeBCMxV+MVLg+mJebAz+v/3DH1wtOC39E7yHVO+tWStJz/PL9HAT9fxJikWB/b9y7c6vY3ywzXYrLp10hy8/HyM+c0MqyA548CsMm51kKz8V1t1MK4+kZGGHIyPEICfCBp9sp2PUZAu169QEU/h2vnD2K7RuWKvwd4mOjy/R3fPV4SrrG7Ol2CpGhwZi5dD28L5/F+eN7FfZ148p5PH4YWuw1VlWv7ar2utduhjQVAT4eCPDxwMgJTvhsxkIAhYUQ/t7yI66eP1ZsvKdRD/E06iHOHd2Djyd9iY8mziiW1F6kqp9jIiq/V5NXA29eE9qGfPSZUAm1pshkMpw7uhuuu7ZAU1MLk2YtRfd+w+vUrJFJCc/gstEZXy5ZX+HfvaIjw/DX5pUlfleqLibNWsKyYxf4XC08Jw8b/Tna2djV2P6JiIjeVW++XfYdM2DAABw6dAhjxoyBvr6+sG7//v3YtWsXGjVqpNBfJBJh6NCh8PT0xI4dOzB06FDo6OgAAExNTTF27FgcPHgQFy5cUKiYWl4ikQhTpkzB8ePHFWLT0dHBgAEDhH0SUdn537iKv3/7Ubjo07hZS3zxzcrXJp6WRUiAD84d2Q25XF5qn/PH9paYvFpWsvx8HN61WahgUJLncU+LXfR6efsLJw4gLSVJWBf39DFcNn5b4gX4N8Yjk+H4vu04tvf3Yhf4Xt3vAZdNCA3yFdYlJ8bjtx8XFktefVVMdCQO7Ngg3PVY0tivJq++3Hb68C6hKquy3A/yK3YRvkhMdCTOHtmNvLzcGo6KiIiIiIiIiIiiI8Owc6OzkCRRmWuFV88fg9fl0otRJMTH4t9Df1QqIaMs1wdDAnxKvQYZEx2Jq+ePKVzDDAsJKJa8WuZ4KnF9MDoyDL+u/LrU62ZF7gf5wXXXltdeAyytLS83Byf278CzmOgyHE3FPY97Wix5tYgsPx//HtqpEMPTxw9xP8gXjZu1RKfu/ZCfn4czrrsRHRkGyw6dseXQZRy5Ho&quot;
08-31-2019 12:59:36 Wire.java DEBUG [Forwarding screenshot on session 8224b39f135dddefa755fa7332753c0d to remote] http.wire 87 - http-outgoing-4 &lt;&lt; &quot;Ethy6jeSvF35hat7dB0xbmeBR+D/EvjXkv8KbCde/KHk9p15hjoiPx7YwxOOO6q8R9xURHCglA5VGW13ZVKutr92V5ebk44LKpxORVhbHz83H4r83wuHCi1N8LlPEcE9ELr0teHT5mMsY7zi/1hpTqkpmehiePwjF1jjPa2drhrOvfyJCmIisjHXdv38AdX88KPZIT42vsGIaOmggA+H7OZ/D1dH/tb6avksvl8PV0x/dzPlMYqyZoaGqhc4/+wvK1iyeREB9bY/snIiJ6VymlAquzszOcnZ3L3N/CwgIBAcUrHhZxcHB47ZeeN7W/TCKRYODAgRg3blyZ4wMAAwMDODo6wtHRsczblCeuothGjhyJkSNHlis2IiruedxT7Pnt/9i787CoyveP459hhh1EQFBERQUVV3DfNbfMsixTK5dcvmVm2qqZmlmZmtpumVuZpWbaopnllpX7hku470sqiorIJsswvz/4OToBCggM5vt1XV6X55znOec+s5wZnrnP/YyzWdfmwcduOvW7JPn4lVS/F95Qw5b3yaeEvwwODkpLTdXBPTs0dcJwnTl1TJJ06vhhXU1KlKtb1tM0PNxjgDo8+qR1HzcyGo26p8OjanX/owqpGiZnF1dZLBbFxcZo0dxp+vnbGdZzOHfmVLYx+5QoqX4vjlZ4wxZydnHV8UN79eHo560xXjp/VrExF1WseEZC/Ibff7EZJC5boZKeGTpWlarXloODg3ZuWaOxr/TN8lj/HD+k35d8Z12u26SV+jw/SqUCg2ROS9Mfv32vmR+MljktTQlxsdr05zJVqVlPRqNRW9assE7FYjSZ1LXPYN3fpY/cPDx15fIlfTX5Ha1ZvkiSFBmxUYf3/a26TTLf7erq5q6nXxmjBi3ulbOLq86fPaXPxg2z7jshLla7IzaqcvXaWZ7DNZ5e3ho//UetXrow26m08qp+83bq/dwIlSxdVukWi/5YulAzPnjDOvgYuW2doqNOF9pUKAAAAAAAAMi4wXrG+29Yx83cPb309JAxWVYMq1Cpuh5/6iXVbnSPPL28ZTAYlHw1Sds3/qmpE0dYkz+PH9ors9mc5WxAXt6++t9LbyqsQXNr1cwb5df4YFj9Zuo18DWVrZiR+PjvsahzZ04pJTlJzi5uSktN1ep/VYStWbex/vfSmwosl1HdccXieZrx/htZHiuv44OStHrpApvH/snnhqt5u4fk6OScaYxv+8Y/dOZkb1WoXD1TDH6lAtV/6DuqWaeJjEajjh3aq4/efOH6mO2xQzp2cI9KBZZTz2df1T0dOmvskL7WG/qbt3tIA4aNl7OLa5bnmBM2MZhMmcZkTx07pAO7I1QqsJx1OSkxQXUaV5e3bwmdO31SOzf/JUnq8OiTCihTXpLk4eklZ2fbuDy9fBRQtoL+OX5Y8f//vCVfTdLKxd9m+zymWyxasWiuvvjwzRydz7Ux5jqN75Gjo5O2b/pLH735vJISE7Lcvn71Uk1+5xXra+zUsYNKvppkfUzz67Wdn44f2qtfv59tXb42Rn1f517yKFZcZrNZp48f1rKf5sjBIaP64dH9u7Vu5WJrH79SgRo4fKJq1G6o1NQUrVrynWbfkET868KvVLNuE/kHlMl0/Px+jAHkXGTEBn381kuq27S1fl8y36bQir2SV6WM36kGvDpOSQnx2rV1nVzdPOTgYNTF6Ch9OnZongrRSPnzO1dOVaxSQ136DNY3U97VpJHP6omnX9ED3fpmW436mtTUFC1dMEvfznhfzdo+pFWVYCMAACAASURBVF4DX9P2jX/oyP7IQolbksIbtlBwaE0d2R+pYwf3aMVPc/TYUy/bdYZHAAD+6+ySwAoARdGP33yuStXCsp0KwtPLW0PHfq7Ll6K1b9c27d6+QUcO7FZSQnymu8EvX4xWWmqKpKwTWEuXqyBf/1JZbmt5X2c1a9dJxw7u0W8/fK29OzcrNuaiok6fzFT9IDbmQrbn4+sfoOq1G1r/uC4XHKrwhi2sg6UXzp9VXGxGBdakxAQd2ne9GoPRZFLPZ19TaK161nXOzi7ZHmv39o26dOGcpIxE0s69nrMOrpocHdWs7UPavvFPbV27UlLGFEpXkxLk4GDUzhvuZq0WVl/3de4lN4+MqtLFivvowcf+p11b1lorr544vC/LBFaPYsVVsUoN6/mWLF1Onbr3tw5uS/YfzAssF6xSZYIkSUZJTds+qIiNf1gfl6jTJ3X54nkSWAEAAAAAAApJWlqKFs2ZZnODdZ9BI1WjTuNMbcuUD9HQcZ/rwrkzili/Wrt3bNLpk0d0JeaSzp+1rewZFxujtNQUGY2Zx6GcnF1UrmKVLJNXpfwbH6xQuYbKV6pmXa7T+B6VrVBZxw/tlSSdP/uPUpKT5ezipiuXL+rwvuuzF/mUKKlezw1XmfLXk3gdnZyzPVZexweTkxJtEoYatrhXLdo/bE1w+fcY37XHIasE1uI+fgoJrSWTo6OkjOSZ9p17atbHY6xtjuyPVONWHbI9j9v17xgqVK6eKYZTR68XEbh8MVpSxliuk7Orrly+qOio0yrhH6BywaE3PZaDg4Nc/n+c81oyU2zMBR37/+dXyvw8GqVcjY1eG2N2+v+x4crVw1WmfCUd2rszy+016zZR+ZCq2SYa5ddrOz/tj9xmc+z7HumlR3oNtCYqGY1GlQuuov5Drj+He3ZssiaYSlLbBx9XjTqNZDAY5OTsojYdu+nQnh1au/JnSdKJI/t17szJLBNY8/sxBpAzkREbNG3SSDVoca/W//6LzXXAnsmr15w6dkjT33tdkvTssPFy8/C0fs7eKYr7lNCAYeNUtkIlfTvjfZ06dkh9Bo+Up5d3lu3jYmP01eSxWrfq5xwnvBYEnxIldX+X3pry7msyp6Vp8bczFFCmgu65/1EZDIZCjwcAgLsBCawA7lqOTs7yLFbc+gdfQlys5s/8SC+99XGWU4NdTUrU/Jkf6Lcfvs6X6Zeys//vbfp03FBF/XMiX/drNBrl5Jz14GRaaop1sFSSAsqUV9kKOb+7PebC9b5JiQka+WyXm7ZPTIhXutmsdLPZ5riRERvV5/46t+ybUyVLl5VfqUDrAG501GmlpiQXmbvRXd3cFVguWFu10rou+twZO0YEAAAAAABwd1m5+FulpaVal31KlFRw1VpZJijExlzUzA9Ga+MfvxZoTAU1Pujo5JxtIkhiQrxN8k7ZCpVUsnS5HO87r+OD/z7u6qULtXrpwpv2TUrM+fhghRsSeKWMarupKck3TcbNbwUVQ3p6uq5eTZIkubp5SJJSkpOV/P/rpNw/j7fLwcFBDg7ZV6grqNf27bjxtStJobXq3bLK3r/HqMtXqmZzzXB2cZWvf2mbNnmtmPhvt3qMAdzamVPH9M2Ud/XM0LGqUaexqoc30PT331BCXKw1edVoNGZbSb2gXb4UrRnvj1Ll6rXVrlN3bVu/Si5u7nJ2cVW5ilXk5VMi1/s0GU3yKVGyAKK9OUdHJ3Xq3l9lyodo6oQRGju0n54bPjFTlftTxw7ps/Gv6kLUGQ0d+7nqNmlt12TRJm06an/kdq1cPE/mtDR99elYeZfwV1iD5jZxWSwWXU1MkJOLa5Gq0Jqenq7z589rx44dOnjwoKSMGYVbtWql0qVLk4gLAChySGAFcFcymkzq/8oYBVetpfdGPmutSrp352bN+Xyinn7lbZs7Ky0Wi3774Wv98t2X1v6duvdX83ad5O3rJ7PZrHeHPW29Kzqvok6f1LRJI60DeCHVwvTok88ppGotubl7av3vv9hMa19QTI5OMpkcC/w4Bc1isciSnm5d9izuI2MROi+LxaL0dLPNOg/P4naKBgAAAAAA4O5z42w95rQ0RUed1g9ff6Znh423GR9MTU3R/JkfWpNX3T291LXvYNVr2laeXsUVc+Gcxg7pd9tJakVlfNDJxfU/kSRnNtuOvbl7eMrBWLg/jd0shuK+fpKkmAvnlJJ8Va5uHvLy9tWF82d1/uw/mRJ8bpSUEKfoqNNydXNXiZIBWbYpSs9jUXltA0C62SyLxaI9OzYrMChY1es0UkhoTQWWD1H3/kOUlBivD0e/oMefejHbWRsL0p&quot;
08-31-2019 12:59:36 Wire.java DEBUG [Forwarding screenshot on session 8224b39f135dddefa755fa7332753c0d to remote] http.wire 87 - http-outgoing-4 &lt;&lt; &quot;mTR7V35xbt3blFi+dNl1+pQIU3aKEy5UM0fOLMQo/ndhkMBtVr2kajP56jz8a/qrde6Kn+Q8eoftO2kqSt61dp+qRRKlGqtEZ/POemn32FxdHRSd37v6LEhDitX7VECXGxmjD8GfUZ/Lpad+xqvSFo9/aNeu/151SuYmX1HjRSwaE17ZocGhcXp4ULF2r+/PnauHFjlm3at2+vAQMGqGnTpjKZTEpMTNSGDRs0depUHT9+vEgl4gIA7h53fQKrq6urpk6dqqlTp9o7FACFyKdESVWqHq4y5UP0RP9X9NFbL1qrqv617EdVC2+g1g90tf6RkRAXq4j1v1v712ncSo/0fFaubu6SMqa1yA8Hdkfo1LHrU0h17fO86jZplS/7vhmDwWDzB0nMhXOKjbkoH79SOerv5u5h/b/RZNJrE2aodsOWt+yXEH/Fpm9waE0Ne3d6vt0FevLIfl04f9a67OXta5fpRrKTEBerYwd3W5dd3dxVrHjWU6cAAAAAAAAg/5UuW0GDXn9Py3+aq7+W/ShJWr9qiarUqKMOjz5pHR+MjjqtyG3rrP1atn9YHR7tbR1Ti7lwPl/isdf4oIPRaDM+GB11WkkJcdbxz1vJ6/hgUmK8zWxJDVu21+DX38+XaZstFosO7t5hs664j1+hJmbcKoayFSrJ1c1dp44fVkJcrPxKBapcxcqKjNioNSsWKTi0pryK++j44X26eMM4pySdOHpAp44dVNkKleX7/+O4t/s8FiR7vbZv5cbXrpRRJbZBi3tv+jr5d5/jh/aqTuN7rNeL1NQUXbl80aaNX6nAfIoYQH6Iv3JZKxfPk7evv7ZvXG1NXnVxddPRA5Hau3Oz3WKrXL2OZi2NsC4bDAa5unvaLZ78UrZCJY2c9KW+mjxWE4cPUGBQsCTp9Ikjatzqfj318lvy8va1c5TXeXp5q8/gkYq/clm7tqxVakqyZrw/SutW/axeA1+TLBbNeG+UEuJitW/XVo18tovadHxMjz75nHz9c/b7an774YcftHz5cnXs2FHDhw9XrVq1VKxYMUmySVR95JFHMvXt2LGjFixYoDp1bj5TJgAABcHB3gEAgL01aNFenZ542mbd15+N1+7t1+9Ms1gsNnfKnz5+WFH/HJfFYlFaaqr2R0ZkGkDMi2tJtNcc3LNdKclXZbFYdOH8WR3Yvf22j5EVV3dPVaxSw7ocG3NRi+ZN16UL5yRJV5MSdfTgnmz7V6/dyDoIak5L0xcfvqnNa5YrIf6KtU3y1SSdOLJfcz6fqM/Gv6rkq0lyc/e0uXv1yP5IzXx/tI4e3K201Iyp2ywWS8Yfh1vXaeLwAfrj1++zjMGSni6zOePxM5vN2rV1nb774iObNjXrNJbJMWcVWI0m23s8Du7ZoeSriTnqm5201BTr6+jypWh9/9Wnioy4/joLqVpLAWXK39YxAAAAAAAAkHMNWrRX5eq11al7f5sEs0VzpurYoevjYelms8344PHD+63jgVeTErXv762Kv3L5tuOx1/igt6+/ylasYl0+fmivflkwS4nxcZIyEn1OHN6fbf+8jg96lyipytVrW9tsW/+7vv5svM6cOmZ9vC3p6bp86YI2/vGbRj33WLZJRWZzmnV8MCX5qtatWqKf51+vVOfq5q7qtRtZl/+d7Hni6AFdOHfm1g/WTZjNaUpJTs5xDAFlyiukai0dP7RXO7eslUex4nrw8afl6OSs9auW6KmHGqhrixC99UJP61jtorlT1aVZRY19pa/MaWmqWbexvHwyKrne7vNYkOz12pakOZ9PVJdmFa3/Vi9daN1242tXkpb99I2WLpxlfT+bzWadOXVM098bpXnTJmXZZ9WS+dq9fZMs6elKS03Vn7/9oL+W/2TdHhQcqpKlyxXY+QHIWlJifJbrTSZHBQYFyy+gjP747XuVrVDFmrxaFBgcHDJV8XQwGGRJT1f8lcuKi43J079rv7vZk6eXtwYMG6fXJsxQydJlVbJ0Wb02YYaef+ODIpW8eo23r79eHP2RmrZ90Lpu366tGvHMoxoxoIt1hk8p43NuxaK5mv/FB0pNSS70WEuVKqWXX35ZGzZs0JQpU9SsWTNr8qokubm5qW3btlqwYIGWL1+ut99+W6NHj9b06dMVGRmp2bNnq1GjRnJwIIUIAFD47voKrABgNBrVoUtv7Y/cbh38TIiL1ZcfvaVh785QqcBycnRylo/f9aqgZ04d09B+D2a3yzzzLuEvo8lkHcz7YfZn+mH2Z/l+nH8zGo2q37yd/vj1eyUlJkjKqDSxftWSHPUPqRamjo/9TwtnfSJJivrnhCaNeDbb9s3bPSQp467R1h27atfWddbHfsvaFdqydkW2fes1a5Pl+gvnz+qV3vdn2y+sQXOFNWh+y3O5pmRAWZvnYtXP87Xq5/mSpErVwjVi0hfy9MpdtdRfFnypXxZ8meU2o8mkezo8Ko9ixXO1TwAAAAAAANy+shUqqUufwfr83dckSZcunNPcqZP00psfy6NYcbl5eKpYcR9FR52WJO3duVkDu7bI9zjsNT7o6uau+s3aauvaldZ1P387Qz9/OyNH/fM6Pujo6KQHH39K+//elpG0+v/JHysWzc31ORw9sFtPPZT9VM/N2nVSxdDrN/EX8/JWcR8/RZ0+KUk6eeSAXujRzrr97U+/zfXU0UcP7NYznZtku73RPR1UvlJV67JHseJqdE8HRUZs1KI5U1WpWrhqN2qpYeOnad7093T0wG4V9/FT24ceV/yVy1r24zc2+/MpUVLN7+1kTcR1dXNXeIPmeX4eC5K9Xtu38u/XrjktTV9/Ok5ffzouU9uHewyQJFUMraFm7Tpp5eJ5kjIq3b71Qo9sj3F/1z5UYAUKkZOzi0oFltOe7ZvVqkMXuXnYVi8tVSZIr7//VZZ9LRaLjh/erzLlQ1SiZOnCCDeTs6eOaeyQvtbvHNd+k4qNuWizPrcGDp+g1g90zc9Q88TR0Un1mrZRvaZZ/95X1Hh6eeu54RNUtkIlLZz1SaYbMv4tILC8HJ2cCym663r16pWjdg4ODqpfv77q169fwBEBAJBzJLACgDLuoHv8qRc1YfgAJcTFSpJOHTukhbM+0dOvvC0XVzfd17mXdm/fZN1+I2cXV6Wlpd7yj5ZbqVqrvpq1fcg6Xdm/ubq5WxNM81u18IZ66Imn9f3sT7M8j5sd22g06pGeA2ROS9Xib2fk6nHw9vXXoJET9fm7r9lUI81PZStUUt/nX89Vcmi5ilVUt3HrmybT5hejyaQuvQepWbtOBX4sAAAAAAAAZGYwGNT4ng6KWL/aOh60a8tarfx5vh7u8Yy8ff113yO9NHXSiCzHvv4L44NNWj+gA5ER+v2XBbk+9u2MD5atUEnPv/GhPhs31GaK+fwU1qC5uvV7Xo6OTtZ17p5eatKmo/ZHRtykZ/7G0P2ZIXJ2cbVZ3/K+ztq7a6vWr1qiaRNH6LmRkxTesIXCG2ZOkH7q5bdueZyW93XW0QO7s30e7cWer+2bMRqN6tS9v5IS4/XbD1/n6LXr6Oik7v1fUUry1WzPR7o+7ntPh0czVVMEUHCcXVzVumM3vff6cxrzcm/Vqt9UDg7GW3eUdObkUW36a5m69B4kX3/7JLCaTI6qXL22Br/+nhbO+kQt7n1EHsWKKzbmol3iQUZS9KNPPqc6je/R97M+VcTG1Vl+XoRUC1OT1g/YIUIAAO5sJLACwP+rGtZAj/3vRX350fVBwL+W/Sj/gDLq0mewatRprNEff6Mfv56iiA1/KDUlWUaTSfWbtdUjPZ/VzA9G69DenbcVg4urm/oPeVsVKlXTikVzrVNPlPAP0BP/PyA2bdLrt3WM7BiNRnXpPUghVWtp4Vef6sj+v2VOS1NQcKha3d9FAWUraPyr/8u2v5Ozi57oP0RtHnxMfy37STs2/aXjh/dZp8nwDyirCpWrqUHzdgpr0NxmoNY/oKxe/+BrHYjcpj9/+1EHdm/X6RNHMuIymRQYFKwatRupbtM2qlqrXpbHL+EfoMeeekk7Nv2lXVvXKSEuVqXLVlCbBx9T6we65rpaqpuHp559bbwqhtbQxtW/6sSRjKm13D29VLpcRRmNuf&quot;
08-31-2019 12:59:36 Wire.java DEBUG [Forwarding screenshot on session 8224b39f135dddefa755fa7332753c0d to remote] http.wire 87 - http-outgoing-4 &lt;&lt; &quot;8IrduklZxd3KzxOTo5q1a9JnroiadVLayBDEzLAQAAAAAAYDduHp7q0neQDu/bdcN07dNUpUZtVQtvqHs6dJaPX0n9NGeq9v29Vea0NDk6OeveTt3VsGV7TX7nlTxXRbvGnuODLq5ueuqVtxVaq55++e5LnTiyX0aTScGhtXR/l95KiLuiGe+Pyrb/7YwPhlStpQkzFysyYqNWL12gYwf36vzZU5IkRydnlQ+pqhp1Gql+83YKDq2V5fErVqmhB7r11Zrli7R35xalpiSrYpUa6tD5STVpc7+cXWynhjYYDGr/SE8V9ymh339ZYO1jNJkUFBwqlxumiM+p0mUrqGa9JtqxaY01/qDgUN3XuadatH84UwxSxuPeZ/BIxVw4r707N+vlJzvoga591LpjN/mXKiOTo6PSUlN14fxZbVu3SumWdD30+FPZxnDteaxZr6l+/X62juz/W5Ksz+OVmIv68uO3re0LqzKoPV/bOYmt96CRav1AN61dsUi7tq7TiSP7re/xauEN1KzNg6rduKW1j6eXtwaNmKi2Dz6mP379Xts3/qnLl6IlSYFBwardqKVaP9BNZStUInkVsIMadRpr+IQZmjttUq6qPZfwD9CAV8epWbuHrNWtC1upMkEaNHKSZn4wWrGXLymwfLAkycFovK2YjKbCSw1JSowvkvu6HQaDQRUr19Cr46fq8qVobfh9qf5c9qOOHtit0mUr6N6He6hdp8ez/KwHAAA3Z1iwYIGlcuXKNivDw8NlsVjytEPfUd9Jki6Oeey2gwOQM/9+310bDLnV+/hau0uXLhVgdAXH2zvrhMQ7/byQc3M+n6hFc6dKyhhoHfneLJUpH2LnqACuTwCu43oA5AzvFQB3M66BwO3jfXR3Sr6apKkThmvtyp8lXZ9iObc3shcVSQnxmj/zQy376ZubVgF9uMcA9Xz21Wy3x8XG6KM3X1D12o3UpE1H+ZUKlNFoVFpqqo7sj9SsyWN0eO8uSYypArCPu+Vz+/Dhw+rXr5/q1auncePGycXFJcd9LRaLjh3aoxWL5unQnp0a9u50+QeUKcBoM5s0aZLGjx+v3377TQ0bNsxRn9TUFH350dtauXhevsbSrlN39XvxDZtK6jdzO499YVu4cKGeeeYZTZs2TV27ds1V32vnOXjw4Fz3BQD8t2X3feuaa9+7YmMzZqDeufP2ivXlVXh4uCQqsAIAAAAAAAAAAAB25eruob4vjNKDTzylTX/8ps1rluvwvr+tFWwDg4JVpnyIqte5dRJRYkK85k1/T/Omv3fTdg2a36uAshXyJX4AQP4wm83avmG1gkJCVaZ8iPb/vU1S3oqPFTZHRyf1GTxCwVVq6GJ0VL7s09evlJrf+1COk1fvJiVLllSfPn1UtWpVe4cCAMBtKbAE1msVIQEAAAAAAAAAAADcWgn/AHV8rJ86PtavQI9Tv3k7dX5yoN2myAYAZO3yxWj9+sNsRW7bIEcnZ/V89lX5+pe2d1g55uziprYPPW7vMO4Knp6e6tevYL8vAABQGKjACgAAAAAAAAAAAPwHuLi5q12nJ+TjV1Jn/zmu0yeOyJyWJknyDyirqmH11bRNR9Ws14RqdgBQBPn6l9Loj+YoKTFBjo5OMjk62jskAACAAmVYsGCBpXLlyjYrw8PDZbHcGWXoAWRmMBgk6Zbv42vtLl26VOAxFQRvb+8s19/p5wXgzsf1CcA1XA+AnOG9AuBuxjUQuH28jwAAuHPwuQ0AAFCwsvu+dc21712xsbGSpJ07dxZ4TFkJDw+XJDnY5egAAAAAAAAAAAAAAAAAAAC4a5HACgAAAAAAAAAAAAAAAAAAgEJlsncAAOzPx8fH3iHkicViuen2O/W8ANz5uD4BuIbrAZAzvFcA3M24BgK3j/cRAAB3Dj63AQAACtatvm8VNfmewOo76rv83iWAHLo45jF7hwAAAAAAAAAAAAAAAAAAwC1RgRW4i91pGfc59V89LwB3Pq5PAK7hegDkDO8VAHczroHA7eN9BADAnYPPbQAAgLtTgSWwUgkSKDxUPgYAAAAAAAAAAAAAAAAA3Ekc7B0AAAAAAAAAAAAAAAAAAAAA7i4ksAIAAAAAAAAAAAAAAAAAAKBQkcAKAAAAAAAAAAAAAAAAAACAQkUCKwAAAAAAAAAAAAAAAAAAAAqVyd4BALAfg8EgSbp06ZKdI8kbb2/vLNff6ecF4M7H9QnANVwPgJzhvQLgbsY1ELh9vI8AALhz8LkNAABQsLL7vlVUUYEVAAAAAAAAAAAAAAAAAAAAhYoEVgAAAAAAAAAAAAAAAAAAABQqElgBAAAAAAAAAAAAAAAAAABQqEhgBQAAAAAAAAAAAAAAAAAAQKEigRUAAAAAAAAAAAAAAKAISE1N0Y9fT9FXk99RakqyvcMBAAAoUCZ7BwAAAAAAAAAAAAAAAJCfkhITlJaakuP2Dkaj3Nw9ZTAYrP0dHZ1kcnQsqBAzSU1N0XczP9KiuVPVvN1DSk9PL7Rj56fkq0lKTUmWu0cxGRzunLpqZrNZSQlxslgs1nUGg0Gu7p4yGo12i8tisSguLk5Go1Hu7u52iwMAgIJglwTWixcvqkePHlq+fHmO2r/99tsaNWpUAUcFAAAAAAAAAAAAAADuZKmpKVo8b7p+mP1ZriqYOjo5682P56pKzTqKjNig915/TkHBoXr+jQ9Uwj8gVzEcPnxY/fr1U7169TRu3Di5uLjkqJ/J5Khq4Q1kMEgXzp3J1THz06RJkzR+/Hj99ttvatiwYY77mc1mLV3wpeZOmyRJenH0R2rc6v6CClOXLl1S//79JUnTp0+Xj49PnvcVf+WyJr8zRBEbVmfa1vK+znr6lbfl4uqW5/3n9TUhST/99JNefPFFValSRVOnTlVwcHCe4wAAoKihAmsRNGbMGL3xxhvW5XXr1qlp06Z2jAiwdf78eUVFRSkuzvbus9wwGAzy9PRUqVKl5O/vn88R2lq9dKGmjB+W634Dh09Q6we6FkBEhWfvzs16Y9AT2W7/L5wjAAAAAAAAAAAAcM3qXxZo4axP1LnXQLXp2E3OLq637JOWlqqEuCsKDApWYnycVi9dqIS4WO3duVmfvP1ynpJY88JgMKhO43t0+VK0TQJrdNRpzfxgtGIvX8z1Pk1Gk7r0Gazwhi3yM9QsHYjcph++niJzWpok6bcfvlbVsPoq7uNX4Me+XYf27dL+yAgNe3e6QmvWta7fs2OzJr/zipq1e1C1G7a0S2xHjhxRfHy8IiIi9M8//1gTWFNSUrR3715FRERo//79kqSKFSuqUaNGqlmzpkymzClBFy5c0Lx589S+fXtVqVKlUM8DAICskMAKIFeOHj2qM2du/24/i8WiK1eu6MqVK4qPj1fFihXzIToAAAAAAAAAAAAAd6uE+CvasmaF2j34uLr0GZyrad+9ff0VGbFBl6Kj1Pf5UUpPT9f6VUu0d+dmfTv9fQ14dawcnZwLMPrsJV9N0smjBxQddTpP/S9dOJfPEWWWlpqqNSsWKyEu1rpu784t2rD6V3V49EkZDIYCjyGnLOnpSoi/Yi3WlJaWqvWrflFI1VoKCg61aVsuuIrKV6qm9at+UfmQqjKZHCVJDkaj3Nw9C+W8OnXqpCVLlqhOnTqqX7++Ll26pO+//14zZ87U4cOH5eHhoZo1ayo1NVVffPGFJKlatWrq16+fOnfuLA8PD506dUoLFy7UtGnTFBMTo4CAABJYAQBFQpFIYA0LC9N3333HhyNQxJ0/f96avFqxYkX5+/vn6o++G5nNZp0/f96aEOvh4VHglVgBAAAAAAAAAAAA/Helm81KTIhXxdCauf4dMzJig6ZNHKGrSUlKS0vT/14cLUlav2qJSgWWk4Ox4NMrUlOSNXfaJG1Zs1IJ8Vc0ccQAPf3y2wV+3PyQlBivE4f3Z1q/ZP5M1arXVGXKh9ghqqydPnlUY4f0zTIheGDXrCvVHoiM0J+//WBd9isVqJHvzSqU8ypRooT8/f0VGBiorVu3aujQobp48aIee+wxffXVV6pcubK12mpaWpoOHjyo2bNn680339SQIUOs+ylbtqz69OmjNWvWFHjMAADkVJFIYM2pff&quot;
08-31-2019 12:59:36 Wire.java DEBUG [Forwarding screenshot on session 8224b39f135dddefa755fa7332753c0d to remote] http.wire 87 - http-outgoing-4 &lt;&lt; &quot;v26YknntCuXbskSUFBQZo9e7Zatrxepv2vv/5S7969deLECUkZd6JMmzZNJUuW1Pr169WsWTNr26+//lrlypXTrFmz9Oeff+rEiROqXbu2evfuraeeekru7u6ZYkhPT9fmzZs1f/58rV27Vjt27JAkNWrUSG3btlX37t0VGhpqc5dNUlKSXnrpJU2bNk2S1L59e82ZM0enT5/Wxx9/rMWLF6tr16569tln1bt3b+v5XXNjzM8884w+/PBDubreepoDIL9FRUVJykheDQi4vSkyjEajdR9Hjx5VVFRUgSWwtn6gq1o/0NVm3eqlCzVl/DDr8sDhEzK1+S+oFt5Q3687al2e8/lELZo71Y4RAQAAAAAAAAAAAEVLZMQGffXJO3r86Ve0YtE8TX/vdUnS/14crVr1mqppm455LuyTUiGhRAAAIABJREFUGw5Gk5q366Q6jVtJyvhN1cvbV5I0aOQkmc3mPO23bIVK+RZjdgwGQ5aPUcXKNaznUFT4B5TR86M+0LKf5ujYgd3q/sxQuXl43rJfYnyc5k2bpHrN2qp+s7byDyhTCNHaOn/+vPz8/LRgwQKVL18+03aTyaRq1appwoQJGjJkiLZt26aLFy+qevXqqlq1qhITEzPlpAAAYE93VAJraGioXn31VQ0YMEBxcXE6ceKEPvzwQ4WGhqpkyZKKiorSpEmTrMmrDRs21Pjx41WyZMks9zds2DCdPXvWZt2OHTu0Y8cOrV+/XpMnT7bpe+nSJY0aNUpTpkzJtK9NmzZp06ZN+vjjj/X666/rhRdekLNz1tMHJCYm6sMPP9TkyZMVFxeX14cDKHTXXq/5mWjq7++vo0eP3hHvheSridr05zKtXfmzDu3dpYS4WDk6OSukai01vqeDmt/bSZ5e3jZ9/jl+2ObuvYd7DFDXvoO0ZvkiLftxjk4c2a/iPn56oFtf3d/lSTm7uCk1NUWb/1qun7+doaMHdqu4j5/ufbi7Hnzsf3J19yjw80xNTVHktg36/ZfvdCByuy5fipbRZFJQcKiatumo1g90zXSee3du1huDnrAuDxw+QU3bPKCVi+drxaK5OnPqmN7+9FtVC2+Yo7bDJ87QL999qciIjZKkMuVDNGLSF/IPKGvtZzabNefzd7VkfsY0GK5u7nr9/dmqUrNOQT48AAAAAAAAAAAA+A+5lrz6SK9n9cev32vvzs2SpOnvvS5XN3e16dit0GIxGo0KDq2Z5bbqtRsVWhx54eruqYpVamh/ZIR1XYdHn1T3/kMK5TfO3HBydlHVsPqK2PCHzp85peq1G2b6/TMrcbExcvf0UpnyIaoaVr8QIs2aq6urihUrdst2fn5+6tChg826xMTEggoLAIA8KRIJrLt27VJoaGiW28LCwvTdd9+pSpUqMhgM6tatm06dOqXXXntNkrR48WJVr15dw4YN09ixY7V06VJJkqenp55//vls9yspU/LqjRYuXKimTZvq+eefl8FgUHJyssaNG5dl8uqN4uLiNGzYMJUuXVo9evSwqcR6zdq1a7V27dqb7gcoitLS0qz/z+vdfVnJz30VlMP7/tZn44bq1LFDNutTU5K1b9dW7du1VT9+87kGj3pfteo1zfK9L0kH9+zQ6Od76PDe63e1Xb4UrblTJ+qf44fV/pEe+mbKu9q3a6vN9gVffqzoqNN66uW35OxScBWYz589pc/ffc2aOHqNOS1NRw/s1tEDu/X7ku80eNT7qlQtPNv9HD2wWysWz7M5z9y0dXF1V406Taxx/HP8sA7t2WmTwBobc0F7d26xLteq30xBIdlf8wEAAAAAAAAAAIAb/Tt5ddeW67/jt3+kp7USamExm8367YfZWjhrslxd3fTkoBFq3Or+bH97LEqMRqNqN75HyxfNlTktTeWCq6hTj2eKXPJqdtJSU3U1KUHuHsWUbrEoKSFOru6ecjAYlBB/RS6umWfwBQAAt8/B3gHklslk0qBBg/T0009b102ePFl9+vTR7NmzretGjhypbt263fSL3GuvvaazZ88qPT1d8fHxGjt2rM32devW6cqVK5IykmznzZtn3RYWFqY1a9bIbDYrMTFR06dPl6fn9ZLyM2fO1KlTp7I8bsOGDbVmzRolJibKYrHIYrFo6tSpCgsL086dO/X2229niuPGdq6uBZe8BtxMenq60tPTZTab8/Xftf0WVVGnT2aZvPpvly9Fa+qE4Tdtt3fn5myTOv9a9qNGPPOoTfLqjTb9+ZtOHj2Q88BzKebieX069tVMyav/dubUMc2bNkmxMRezbbPsx29ylLyaXVuDwaB6zdrIp8T1Ktjb1v+u5KtJ1uVjB/fqyP5I63KTVvfLxdUtR8cEAAAAAAAAAADA3e1myav3d+2j7v2HFPpvT4nxV/TP8cPq98IoVavdUL8u/EoJcbFKSojXnh2b9Pe29Xn6F3PxfKHEH1ylpoJDa0mSTh45oC1rVshisRTKsW/XmhWLNLTfgzp98qgORG5Tn/vr6EDkNp0+eVRD+z2og3u22ztEAAD+k4pEBdbccnd310svvaS///5bmzdvVlxcnH766Sfr9oEDB2rQoEEymW5+ejVq1FCpUqWs++zTp49WrlypP//8U5J06NAhRUVFycvLS+vXr7ep2Prkk0+qWbNmMhgMcnV1Vc+ePRUREaFp06ZJkv766y8dP35c5cqVy3Tc4sWLq1q1aiSi4o5zrVLqjZVY83O/RZHFYtH6VUtsklLrN2+n/730pkr4B+jShXOa/ek4rV+1RJIUHXVaK36aoz7Pj5LJ0THT/sLqN1Ov54YrqGIVpaamaMGXH2vR3GlZbk9JuapZn7yjVT/PlyQlJSbo1LFDN618eju2rFlhnRLFaDKpa5/Bur9LH7l5eOrK5Uv6avI7WrN8kSQpMmKjDu/7W3WbZH3X6cM9BqjDo0/Kp4S/DA43v1ciu7apqSkKb9hCq5culCTt2bFZUadPKCg4VGmpqdq6bqW1bXBoTVUNb3Bb5w8AAAAAAAAAAIC7Q2TEBn381kuq27S1fl8y36bAi72SVyXJ08tbA14dp6SEeO3auk6ubh5ycDDqYnSUPh07VNFRp/O034HDJ6j1A13zOdrMihX3Ucv2D+vg7oxkzyXzZ6pGncYqV7FygR8bAADcmYpEBdawsDDt37/fWmX0xn87d+5UlSpVMvWpWrWqJkyYoKCgIJv1DzzwgEaNGiV399yXb/f29rY51tGjRxUTEyNJio+Pt2lbs2ZNm+qurq6uCgwMtGmTXQVW4E51N1ZgTUyIsyZ1SpKrm7se7v6MSvgHSJJ8SpRU1z6D5Vfq+vv/0L5dSoi/kuX+KlSuofIhVWVwcJCTs4vqNL4n2+3OLm5q2qZjAZxVZkmJCdp5w12l1cLq677OveTmkVFZulhxHz342P/k5e1rbXPi8L5s91e6XAX5+pe6ZfLqzdo6OjqpdqPrj8+lC+e0e3vG4MGF82e1d8f156VB83vl7et/y2MBAAAAAAAAAADg7hYZsUHTJo1Ugxb3atOfy4pM8uo1p44d0rhX/6foqNPq+8Io6+91d4pG93RQzbqNJWUU/5n5wehCqwALAADuPHdkBdabuXDhgmJiYqyVVXPDYrHYVIIsVaqU3NyYjhq45lqSaX4nmxbV5FVJSjeblZhwPYG9ZGCQ/EqVtmnj5e2r4j5+1jser1y+pLjYGJtkz7wyGo23vY+cSEtN0eWL0dblyIiN6nN/nZv2ufFxKShVatZRcGhNHdkfKUnatm6VWrZ/RHt3btaZU8ckZSQR12vWxuamAgAAAAAAAAAAAODfzpw6pm+mvKtnho5VjTqNVT28gaa//4YS4mKtyatGo1Fms7nQfqe70eVL0Zrx/ihVrl5b7Tp117b1q+Ti5i5nF1eVq1hFXj4lcr1Pk9EknxIlCyDarHl5++qJ/kN0dEg/JcTFau/Ozfpmyrt6+uW35eruYdM2LTVVqakpcnXLfYEyZOS4xMTEaNeuXdqzZ4/MZrM8PDzUvHlzhYSEyCEHxYYAALC3OzaB9fjx4xo5cqROnDhhs37z5s0aPny4pk2bppIlc/cl7Ny5c4qMjLQu+/n5ycvLS5Lk4WH7RSoyMlJt27&quot;
08-31-2019 12:59:36 Wire.java DEBUG [Forwarding screenshot on session 8224b39f135dddefa755fa7332753c0d to remote] http.wire 87 - http-outgoing-4 &lt;&lt; &quot;a1JkwlJyfrwoULNm3Kli2bq+MDAGx5+/qrQfN7rQmsh/f9rUP7diliw2prm/CGLVS6XEV7hQgAAAAAAAAAAIA7RLrZLIvFoj07NiswKFjV6zRSSGhNBZYPUff+Q5SUGK8PR7+gx596UdXCGxZ6fGdOHtXenVu0d+cWLZ43XX6lAhXeoIXKlA/R8IkzCz2evKpULVyDRkzUp+NeVUJcrNYsX6SYC+fUf+hYBZQpL0m6mpSoGe+/oQ2rl6prn8F6oFsfObtQYCwnkpKStGrVKv30009avnx5lm0aN26s/v37q3379nJxcVFKSoq2b9+uL774QqtXr1aPHj0KOWoAALJ2RyawJiQkaNKkSVq/fr0kKSgoSGFhYfr5558lSYsXL1ZgYKAmTpwod/fs79RJTU2VxWKRJJ04cULvvPOONm++PiV1vXr1rJVcmzZtqoCAAJ09e1aS9PXXX6t+/fpq2rSp0tLSNH/+fM2aNcvat2XLlipfvnyezs9ksn1atm3bpnr16snZ2TlP+wOQdw5Go9xuuBPw3OkTio46Ix+/61WeE+LjlBAXa10uVtxHnl7ehRpnTiRfTVR01D8261zdMs7t3+cZHFpTw96dXqh3Y2bFYDCoTuN79Ov3Xyk25qKSEhM0f8YHirmQMc2I0WRS49b3y9HRya5xAgAAAAAAAAAA4M4Qf+WyVi6eJ29ff23fuNqavOri6qajByK1d+fmW++kgFSuXkezlkZYlw0Gg1zdPe0WT14ZDAbVa9ZW/V4YpakTRyo1JVmRERv18pMd1LXPYLXu2FVL5n+hv5b9KEmaN/09rf51oXo/N0J1mrS2S/XbO8nGjRu1ceNGtW/fXnPnzlXDhg3l7e0tg8Fgk6jat2/fTH0bN26s+fPnq2XLlnaIHACAzIpEvfBdu3YpNDRUBoMhy39jxoyxtk1LS9Onn36qKVOmWNe98847mjNnjgYOHGhd980332jx4sXWBNWs9O3bVw4ODnJwcFCFChX05ZdfWrcFBQWpV69e1qTRsLAwde/e3SbmFi1ayGg0ytnZWX369FFcXJx1+1NPPZXnCqwVK9pWEnzxxRfl4uIig8GgAQMGKCkpKU/7BZB7bu6eNndXJiUmaNG8abpwPiOZ/crlS1rw5UfW6ewlqVLVMLl7FCv0WG/017If9ePXU5QYn3FdupqUqN9/WahNfy2ztnF1c1eJkgGSMp/nkf2Rmvn+aB09uFtpqamSMqagiL9yWbu2rtPE4QP0x6/fF8q5BJStoNBa9Wxiu3ThnCSpWlh9VaoaVihxAAAAAAAAAAAA4M6QlBif5XqTyVGBQcHyCyijP377XmUrVLEmrxYFBgcH6yyw1zgYDLKkpyv+ymXFxcbk6d+13/sK9VwMBrVo/4hefusTuXtmzHybmpKsedPf01MPNdTiedNt2kf9c0IfjH5eh/fuKvRY7yS+vr7q27evNm3apHnz5qlDhw7y8fGxvm6cnJzUqFEjTZ8+XZs2bdLYsWM1evRoffLJJ9qyZYuWLFmie++9lwJqAIAi446qwGqxWLRgwQKNHTvWum7gwIF65JFH5O7urkGDBikiIkKbN29WXFycRowYocDAwFzfOeLj46N3331XdevWta5zdnbWiBEjlJSUZJM8+2+enp4aNWqUHn/88UxfLHOqWbNmatWqlf7444889QeQfwwGg5q2fVDrVv2sU8cOSZK2rl2prWtXZtner1Sg7n2kp0yOjoUZZiZms1nzpr+nedPfy7ZNvaZtVK5iFUkZ59m6Y1ft2rrOelfplrUrtGXtiuz7N2uTv0Fnw8XVTU1a3a/Nf2We/qLRPR3kUax4ocQBAAAAAAAAAACAos3J2UWlAstpz/bNatWhi9w8bKuXlioTpNff/yrLvhaLRccP71eZ8iEqUbJ0YYSbydlTxzR2SF9FR52WJFWqFq4Rk75QbMxFm/W5NXD4BLV+oGt+hpojBoNB9Zu30+iPvtH090fdMjm1ZOmy8i7hV0jR2Spfqaru69xLXt6+cnJ2Vvf+Q1SiZGmZHJ3UrlN3FfexT1z/1rp1a7Vu3fqW7QwGgypXrqzKlSsXQlQAAOTdHZXAumbNGo0YMcJa6bRVq1YaMWKE3N3dJUlVq1bV8OHD1atXL8XFxenEiRMaNmyYZs2apapVq2ba36RJk5SWlqYFCxZox44dCgoKUufOnfX0009bK8LeyMfHR5MnT1bPnj01f/58LV++XAcOHJAkNWrUSG3btlX37t2z7JsbgYGBmj17tqZPn66lS5dqx44dkqQqVaooMDCQcvlAISsVWE7PjZikz8YNtSaxZqW4j58GDp+gchWL/h8BNes21hP9X5Gzi6t1nbevvwaNnKjP331NkREb7RhdZlXD6qt8pWo6fmivdV3pshUU1qCFHaMCAAAAAAAAAABAUeLs4qrWHbvpvdef05iXe6tW/aZycMjZ7+tnTh7Vpr+WqUvvQfL1t08Cq8nkqMrVa2vw6+9p4axP1OLeR+RRrLhiYy7aJZ78UrFKDb31yVytXDxfv3z3hXW2yxsZTSa1ffBxuz32FSvXUMXKNSRJnl7e6vzk9RmAO/d6VpIUFxtjl9gAAPgvs0sCq6+vr5YtW3brhv/SsmVLHT9+/KZtOnXqpCtXruRofwEBAerRo4dee+21HMfg4OCgxo0bq3Hjxjnu4+rqqqlTp2rq1Kk57lO2bFmNGTNGY8aMyXEfAAUnpGotvTvjJ236c5nWrFisvTu3KDUlWY5OzgqpWkuN7+mg5vd2kqeXt71DlSR5efsqOLSmok6fVEJcrCTJ3dNLlaqF6b7OvRTWoLkcHZ0y9fMPKKvXP/haByK36c/fftSB3dt1+sQRSRl/NAYGBatG7Uaq27SNqtaqV3jn4+OnamH1bRJY6zZtLb9SgYUWAwAAAAAAAAAAAIq+GnUaa/iEGZo7bZJ+mP1ZjvuV8A/QgFfHqVm7h+xWVKpUmSANGjlJMz8YrdjLlxRYPliS5GA03lZMRpP9a5s5u7ip42P91KFLbx2I3KY/fvtBW9asVEryVdVt0kqdnxyoCpWq31axsNzyLuGn1NQUpaYk56h9Qnyc9bdXAACQP+z/LQUA7KD1A11zPU2Gs4ubWt7XWS3v65zjPmXKh+jz79dmu71aeEN9v+5onrdnp26T1qrb5NZTR2TFaDSqWnhDVQtvmOM+uYkzL+eUmpKsi9FR1mVXN3c1atmBitQAAAAAAAAAAACwYTAYFFqrnsZ89p29Q8kTk6OT2nfuKcMiB02bOFLD3p2u0mUr6NPv/rR3aPnixt8inxtu31gqVQvXgi8/Uf9HmuS4j1+pQFWuXrsAowIA4O5CAisAoMg7tHen/t66zrpcq34zBYWE2jEiAAAAAAAAAAAAIH+ZzWZt37BaQSGhKlM+RPv/3ibJYu+w/rMqVQvX6I+/0fYNf8hsNt+yvdFoVL2mbVSmfEghRHedu7u7unXrppIlSxbqcQEAKAwksAIAirTU1BStXbFYSYkJ1nVNWt0vF1c3O0YFAAAAAAAAAAAA5K/LF6P16w+zFbltgxydnNXz2Vfl61/a3mH9ZxkMBlWsXEMVK9ewdyg35ezsrG7dutk7DAAACsRdlcDatGlTWSzcnQTklYODg9LT02U2m/Nt6vZrd7I5ODjky/7w33Pm5FHt3LzGuhwcWlNVwxvYMSIAAAAAAAAAAAAg//n6l9Loj+YoKTFBjo5OMjk62jskAACAAnVXJbACuD0eHh66cuWKLly4kG/TE1y4cMG6byArQcGhmr5oo73DAAAAAAAAAAAAAHIkJCREa9asuXXDbLi6uedjNLk3dOhQDR061K4x5ISPj4++//57e4eRI7f7mgAA4L+KkocAcszPz0+SdOzYMZ07d85aPTUvzGazzp07p2PHjtnsGwAAAAAAAAAAAAAAAADw30cFVgA55uvrq8TERJ09e1bHjh2zJp/eroCAAPn6+ubLvgAAAAAAAAAAAAAAAAAARR8JrAByzGQyqUyZMnJzc1N0dLTi4+OVnp6ep305ODjIw8NDfn5+8vHxkcnE5QgAAAAAAAAAAAAAAAAA7hZkjAHIMTc3N8XGxsrb21ve3t75vm8AAA&quot;
08-31-2019 12:59:36 Wire.java DEBUG [Forwarding screenshot on session 8224b39f135dddefa755fa7332753c0d to remote] http.wire 87 - http-outgoing-4 &lt;&lt; &quot;AAAAAAAAAAAAAAwN3Bwd4BALhzmEwmeXl5ycnJSQaD4bb3ZzAY5OTkJC8vLyqwAgAAAAAAAAAAAAAAAMBdpMAyxnxHfVdQuwZgRyaTScWKFbN3GAAAAAAAAAAAAAAAAACAOxgVWAEAAAAAAAAAAAAAAAAAAFCo8r0C68Uxj+X3LgEAAAAAAAAAAAAAAAAAAPAfQgVWAAAAAAAAAAAAAAAAAAAAFCoSWAEAAAAAAAAAAAAAAAAAAFCoSGAFAAAAAAAAAAAAAAAAAABAoTLl9w59R32X37sEkEMXxzxm7xAAAAAAAAAAAAAAAAAAALglKrACAAAAAAAAAAAAAAAAAACgUOV7BdZrqAQJFJ7brXzs4+OTT5EULovFctPtd+p5AbjzcX0CcA3XAyBneK8AuJtxDQRuH+8jAADuHHxuAwAAFKxbfd8qaqjACgAAAAAAAAAAAAAAAAAAgEJVYBVYARR9d1rGfU79V88LwJ2P6xOAa7geADnDewXA3YxrIHD7eB8BAHDn4HMbAADg7kQFVgAAAAAAAAAAAAAAAAAAABQqElgBAAAAAAAAAAAAAAAAAABQqEhgBQAAAAAAAAAAAAAAAAAAQKEigRUAAAAAAAAAAAAAAAAAAACFigRWAAAAAAAAAAAAAAAAAAAAFCqTvQMAYD8Gg0GSdOnSJTtHkjfe3t5Zrr/TzwvAnY/rE4BruB4AOcN7BcDdjGsgcPt4HwEAcOfgcxsAAKBgZfd9q6iiAisAAAAAAAAAAAAAAAAAAAAKFQmsAAAAAAAAAAAAAAAAAAAAKFR3VQJrUlKSBgwYIIPBIIPBoPvuu08XL160d1gAAAAAAAAAAAAAAAAAAAB3FbsmsKanp2v37t0aNWqUWrRooWLFislgMKhYsWJq0aKFnnvuOS1dulQxMTH2DLPQzZ0715pkm5t/c+fOtXfoAAAAAAAAAAAAAAAAAAAAt2S3BNbo6Gg9/fTTqlmzpt555x2tXbtWcXFxkqS4uDitXbtWU6ZMUceOHRUUFKRNmzbZK1QUMQcOHFB4eLg1cXfAgAFKSkqyd1gAAAAAAAAAAAAAANyW1NQU/fj1FH01+R2lpiTbOxwAAIACZbLHQaOjo/XMM8/op59+ylH7uLg4mc3mAo4KAAAAAAAAAAAAAAD8FyQlJigtNSXH7R2MRrm5e8pgMFj7Ozo6yeToWFAhZpKamqLvZn6kRXOnqnm7h5Senl5ox85PyVeTlJqSLHePYjI42HVi4Fwxm81KSoiTxWKxrjMYDHJ195TRaLRbXBaLRXFxcTIajXJ3d7dbHAAAFAS7JLCuWLHCJnn1iSee0JtvvqmKFSvKZDIpJSVFJ0+e1LfffqsvvvhCJ06csEeYdtOjRw/16NHDZt3cuXPVs2dP6/KcOXMytQEAALgT/HP8sMYO6avoqNOSpId7DFDPZ1+1c1QAAAAAAAD/x959R0Vx/l0Av8MuvaggCLGACFIsCBbErhE0okGNJdZYYo8lRhNjgjGxxZqfJhbU2MUuFrCD2EVFRQyKBUUsCFKXImV33z94HV0BpYN6P+d4jjPzlO+M7ArsnWeIiOhjkJWVif3eq7Fn4/JCrWCqrqGJmUu3wqaBE0KDz2PRr+NgXscWE2YsQVUTs0LVcO/ePQwbNgxNmjTB3LlzoaWlVaB+Uqk67Bs1gyAAL54/LdScJWnhwoWYN28eDh8+DGdn5wL3k8vl8Nu5Dlu9FgIAJv32P7i071JaZSI+Ph4jR44EAKxevRqGhoZFHislORF/z56C4PMBuY617dwTI374A1raOkUev6hfEwDg4+ODSZMmwcbGBqtWrUKdOnWKXAcREVFFUy4B1oiICJXtQYMGoW7duuK2hoYGrKys4OnpidGjR2PBggUq7WUyGQ4fPoxTp04hNDQU169fh0wmAwA4OjrCwcEB/fv3R5s2baCpqVno+lJTU3Hw4EH4+PggKCgIkZGRMDQ0RIsWLdCvXz94eHjkeVdLXFwc9uzZAz8/P4SEhIjB2+bNm6N9+/Zwc3ODs7MztLW1C11TYWRkZCAgIAAnT57ElStXEBISgvj4eACAjY0NHB0d4eHhgW7duuU6j3PnzqFVq1bi9pYtW9C9e3ds2rQJGzduRFBQEM6ePYuWLVsCyLnT5/bt21izZg327t2LyMhIODo6omfPnrCwsMCgQYNUxno7dJuRkYHTp0/D29sbFy5cQHh4OPT19dGsWTN0794d/fr1g5GRkdh+1qxZmDFjhsoYXl5e8PLyErffrO/N8UNCQnDt2jXxOri4uKBTp07o0KEDTExMiny9P0UxMTGIjo6GTKZ691lhCIIAfX19mJqalvr1D/DbhRXzfip0v7E/z0cH996lUFHZkCUlYO7U4bgbdj3fNiZmNVHfqTnad+kF2waNP6g7IImIiIiIiIiIiIiIiIjeFuC7E7vWL0PPQWPxedc+0NR6/+fz2dlZSJUlo7p5HaSlyBDgtwupsiSEXQ/Csj8mFynEWhSCIMDJpR0S42NVAqyx0U+wdslvSEqMK/SYUokUvYaMRyPnNiVZap7CQ69gz6YVkGdnAwAO79kEO4emqGxoXOpzF9fdWyG4HRqMn/5cDdsGjcX9/10Lwt+zf0Ar125wdG5bLrXdv38fKSkpCA4OxuPHj8UAa2ZmJsLCwhAcHIzbt28DACwtLdG8eXM0aNAAUmnuSNCLFy/g7e2NTp06wcbGpkzPg4iIKC/lEmB926uAavPmzVG5cmVxSX4AMDY2xsKFC1XaP336FHPnzkVISEiusa5du4Zr165hw4YNGDt2LBYsWFCoJdSvXr2KCRMm4Ny5cyr74+Pj4evrC19fX7i7u2P58uUwNzcXj58+fRojR45EeHh4rjEvXryIixcvYt68eSrhytKSkpKCpUuX4ujRo7mOhYeHIzw8HNu3b4eHhwe8vLxQrVq1fMcKDQ3Fpk2bcOzYsVzHlEoltm3bhtGjR4sBYuD1v8H7REZG4vvvv1dZjRfICSj7+/vD398fW7ZswfLly9G4ceN8Rsnf8+fPMX78eOzatSvXsVfXYcOGDfjjjz/g6elZ6PE/VREREXj6tPh3+ymVSiQnJyM5ORkpKSmwtLQsgeqosGKeRSHALwoBfrvQpfcQ9B85pVh3Dr7y9uqKrV2/xOif5hXoFwRERERERERERERERES4kuT+AAAgAElEQVRERZGakoxLp4/BtdvX6DVkfKEe+17FyAShwecRHxuNoRM8oVAocO7EQYRdD8K21Ysx+sc5UNco/AJaJSHjZToeRYSLn70VVvyL5yVcUW7ZWVk4fWw/UmVJ4r6w65dwPuAQvvhqsEoOpLwpFQqkpiSLizVlZ2fh3AlfWNk1hHkdW5W2terYwMLaHudO+MLCyg5SqToAQE0igY6ufpmcl4eHBw4ePAgnJyc0bdoU8fHx2L17N9auXYt79+5BT08PDRo0QFZWFv79918AgL29PYYNG4aePXtCT08PUVFR2LVrF7y8vJCQkAAzMzMGWImIqEIolwBrvXr1VLYDAwMRGBgIADA3N4ezszO6du2Kdu3aoUaNGkX+D3/FihVo0aJFrlU/83Pr1i2MHTsWQUFB72zn5+eH2rVrY8GCBdDW1sbDhw8xffr0PMOrFdn+/fvRpEkT/PLLL/le4/nz5+fb//z585g+fbpKeLWgnj9/jokTJ2L//v3vbBcUFIQ5c+bAy8sLxsYFvysrIyMDCxcuzDO8SkUXExMjhlctLS1hYmJSqB/63iSXyxETEyMGYvX09LgSbjk7tGsDqhiZoPuAURXqB0giIiIiIiIiIiIiIiKiglDI5UhLTYGlbYNCf44ZGnweXgum42V6OrKzszF80m8AgHMnDsK0ei2oSUo/XpGVmYGtXgtx6fRxpKYkY8H00Rgx+Y9Sn7ckpKelIPLe7Vz7D25fi4ZNWqKGhVU5VJW3J48iVBbjedPY3nmvVBseGozAw3vEbWPT6vhl0foyOa+qVavCxMQE1atXx+XLlzF16lTExcWhb9++2LBhA+rWrSuutpqdnY07d+5g48aNmDlzJqZMmSKOU7NmTQwZMgSnT58u9ZqJiIgKqlwCrJ06dcLYsWOxYsWKXMciIy&quot;
08-31-2019 12:59:36 Wire.java DEBUG [Forwarding screenshot on session 8224b39f135dddefa755fa7332753c0d to remote] http.wire 87 - http-outgoing-4 &lt;&lt; &quot;MRGRmJnTt3AgAGDx6M33//HRYWFirtHBwcMG3aNLi6usLQ0BCCICA9PR3Hjx/HhAkTEBkZCQD477//IJfL3/vNqVwux7Zt28Twqrm5OWbPno2vvvoKWlpaiIyMxKRJk8TA5dGjRzFixAg0bNgQN27cUFmxddWqVRg+fDikUikUCgXi4uJw6dIlbNy4segXrZDMzMzg5eWFrl27wtTUFGpqasjMzMSVK1cwefJk8Tzv3LmDlJQU6Ovr5znOH3/8geHDh4tjvJKeno7NmzeL1xkAevTogXnz5sHa2hoKhQIbNmzAiBEj8hzX19dXvJb6+vqYMWMGRo4cCQMDA8TFxcHT0xMrV64EAPj4+GDMmDFwdXWFp6cn+vTpg759+4or8I4aNQp//fUXtLVfr+wYGRmJCxcuiNuDBw/GkiVLYGRkBCBnldqwsDDs379f5bzo3aKjowHkhFfNzIr3iAyJRCKOERERgejo6FILsHZw740O7r1V9gX47cKKeT+J22N/np+rzcfmzR+ilEol4mKjsXfTChzbt1VsczHwMNp27gHDqvmvzExERERERERERERERET0MQkNPo8Ny2bj6xE/4Ng+b6xe9CsAYPik39CwSUu0/LxrkRf2KQw1iRStXT3g5NIeQM5nqpWq5HzG/d0vCyGXy4s0bs3a1iVWY34EQcjzGlnWrS+eQ0VhYlYDEzyX4IjPFjwIv4n+o6ZCRy/vzMSb0lJk8PZaiCatOqJpq44wMatRBtWqiomJgbGxMXbu3JkrRwMAUqkU9vb2mD9/PqZMmYIrV64gLi4O9erVg52dHdLS0vJ82jEREVF5KZcAq66uLhYsWAArKyvMnj0b8fHx+bbdtGkTwsPDsX79etjZ2QEAbGxssGHDBjx+/BhHjx7FuXPncO/ePcTGxuZ6dH18fDwyMzNVwo15ef78Oc6cOSNue3h4oHfv3tDUzHkEgIWFBcaNGyeGLu/evYuHDx+iYcOGqFy5sspY06dPx7lz59C2bVvY2trC1tYWXbp0gbu7e8EvUjEYGRlh/fr1iImJwcWLF3H27FmEhIQgOTkZFy9eVGkbExODzMzMfMeytLTEZ599lmt/TEwMQkNDxW07OzvMnDlTXGJeTU0t32suk8lw6tQpcbtjx44YPnw4DAwMxPpHjx6NEydO4O7duwCAmzdvwtXVtYBXANDR0YGOzuvHoG/atAlPnjyBm5sbHB0dYW1tDScnJzRr1qzAYxLE1XZLMmhqYmKCiIiIIq3kW9YyXqbhYuARnDl+AHfDQpAqS4K6hias7BrCpd0XaO3mAf1KVVT6PH54T+Xuve4DRqP30O9w+ug+HNm7BZH3b6OyoTHc+wxFl16Doamlg6ysTASdOooD29YgIvwmKhsaw617f3TrOxzaunolci6CIKCqiRl6DfkO92/fwP3bOa/n5MR4pKXIVAKsWVmZCL1yHv6+OxAeehWJ8bGQSKUwr2OLlp93RQf33irnvWXlAuzbukplvjPHD+DM8QPi9h//bIN9I+cCXdsOXXqjxeddoKmlA6KPWcyzxzhxYBsC/HYjMT4WlQ2N0bRVR9Rzao4tK/7Ei5hnAHLeRwaO+VGlr1KpRNSDuwjw24lrF0/hSeR9AICJWU3Ud2qO9l16wbZBYwh53LRRnL5ZWZkIuXQGvjvW4daNywCAOrYN4drta9wJu47j+70BFP0u5JhnjxF4eA+unPNH5P3bkGdno7KhMeo5OqNzz0H51kVEREREREREREREVFCvwqs9Bo3ByUO7EXY9ZzGo1Yt+hbaOLj7v2qfMapFIJKhj2yDPY/Ucm5dZHUWhrasPS5v6uB0aLO774qvB6D9ySol9xllSNDS1YOfQFMHnTyLmaRTqOTrn+pw3L7KkBOjqV0INCyvYOTQtg0rzpq2tLeYr3sXY2BhffPGFyr60tLTSKouIiKhIyiXACuSEWL///nuMHDkSly9fRmBgIM6ePYtLly7lCrIFBQVhz5494qPuY2NjMW3aNKxbt67E6pHJZEhISBC3ly1bhmXLlr23D5AT3uzRowd8fHwA5IRmN2/ejM2bN4ttW7dujZkzZ6J9+/al/mju1NRU/Pnnn1i6dGmphQJfvnyJ1NRUcbtevXowNzcvUN/MzEzExMSI2z4+PuK1y09KSkqh6jM0NISbmxtOnDgh7vP394e/v7+4bW5uLn4Nvi/gTDmys7PFvxf17r68lORYpeXerRtYPncqoh7cVdmflZmBWyGXcSvkMvZuXonxnovRsEnLfF/nd/67ht8mDMC9sNd3tSXGx2LrqgV4/PAeOvUYgM0r/sStkMsqx3euW4rY6Cf4dvLv0NQqua9XXT19mFY3FwOsb4t5FoWVf05DaPAFlf3y7GxEhN9ERPhN+B/cgfGei2Ft36hINRTk2vr77sCEGUtgYlazSHMQVXShweex6NdxSJUlifsS42Nx/MA2HD+w7Z19MzNeYveGv7F/2xrI33ifBnJewwF+UQjw24X27r0wbMIMlV8SFafvy/Q0rFk8A6eO7FXpd+fmVdy5ebXQ1+BNcrkcAb47sG7pLGRlZqgcS4yPxTl/X5zz94VH/5HoO3wSNDS1ijUfEREREREREREREX2a3g6vhlx6vehVpx4DxZVQy4pcLsfhPRuxa/3f0NbWweDvpsOlfZdSzxiUBIlEAkeXdji6byvk2dmoVccGHgNGVbjwan6ys7LwMj0VunoGUCiVSE+VQVtXH2qCgNSUZGhp65Z3iURERB+lcl+ySldXF+3atcPMmTNx4sQJxMfH48aNG+jXr59Ku8ePH+Ply5fIyMjA/PnzxfCqubk5Vq1ahYiICCQmJuL27dtwcHAo03MwNjbGihUrMGLECOjr572s/JkzZ9C9e3ccP368VGtRKpVYu3YtZs+eDZlMBn19fcyePRthYWGIj49HTEwMOnXqVOLzamtrQ60CrYAmkUgwYcIErFixIt9gbWRkJCZNmoTZs2erBDMpfwqFAgqFAnK5vET/vBq3oop+8ijPgOXbEuNjsWr+z+9sF3Y9SCW8+qZTR/Zi+qivVMKrb7oYeBiPIsILXngByJKTEPXwdb2aWtrQ+P+VpxPiYvDPnB9zhVff9jTqAby9FiIpIa7Q80c9uItlf3z/3mt7OzQYu9b/jYyX6YWeg6iiexJ5H2sWeaqEVwtKqVTCb9cG7N28MlcA9W0n/XbDZ8tK8aaB4vSVy+U4uH1trvBqSVAqlTh9xAdr/5qZK7z6Nt+d63Dh5KESr4GIiIiIiIiIiIiIPn7vCq926T0E/UdOgZZ22T4hMC0lGY8f3sOwiZ6wd3TGoV0bkCpLQnpqCv67dhE3rpwr0p+EuJj3T14C6tg0QB3bhgCAR/fDcen0MSiVyjKZu7hOH9uHqcO64cmjCISHXsGQLk4ID72CJ48iMHVYN9z5r3iLdxAREVHeynwF1vT0dPz+++/o2LEjOnTokCv0KJVK0aBBA4wbNw7btuVecSwqKgqBgYHidv/+/fHtt99CIpEAAKKjo4tUl5aWFnR1X98xM2TIEPzzzz8q+97F1NQUq1evxl9//YWwsDDcuHEDV69ehb+/P8LDcwJnMpkMR44cQbt27aChoVGkOt8nMTFRJSTbvXt3TJgwQQzWxsUVPmCWF4lEAqn09ZdPVFSUGJh9H6lUqtKuY8eO2LRpE8zMzEqktlc0NTUxZswYjBgxAvfv30dYWBiCg4Nx9uxZnDp1SmwXGBiIJ0+eFHgF2U/Zq+BSSQd+K/IKrEqlEudOHFQJWDZt7Yrh389EVRMzxL94jo3/zMW5EwcBALHRT3DMZwuGTPCEVF0913gOTVth0LifYW5pg6ysTOxctxT7tnrleTwz8yXWL5uNEwe2AwDS01IR9eBukVc6VTkvhQLPn0Zhq9dCPLr/OhRbt54jqlStBgC4dPqY+IgUiVSK3kPGo0uvIdDR00dyYjw2/D0bp4/uAwCEBl/AvVs30LhFewwc8yPafdETc6YMRWz0EwBAa9cvMfqneSqrx8rlcgT47cTTqAcAAF39Shg87me0dv0S6hqaiHkWheVzfxJruHrhJJ4++ga169Yr9vkTVRRKpRKnjuwVXwcAULO2NU&quot;
08-31-2019 12:59:36 Wire.java DEBUG [Forwarding screenshot on session 8224b39f135dddefa755fa7332753c0d to remote] http.wire 87 - http-outgoing-4 &lt;&lt; &quot;ZNnQPreo5QEwRcvXgK834cnmf/50+jcNJvl7itq18JwybNQKuOXwIALp85jpXzfxbDsUf3ecO5bWfUsW1QrL7Poh4g4I2+EqkU3fp+i+4DRkLPoDJSkhOxasF0XAw8UuhrkhAXgyM+m8VQrZW9A4ZNnAFrOwcolEqEXDqDpX98j1RZEuTZ2bh46iiatekEbR3e+UxEREREREREREREBRMafB5Lf/8ejVt2gP/B7SoLupRXeBUA9CtVwegf5yI9NQUhl89CW0cPamoSxMVG4585U8XP3gpr7M/z0cG9dwlXm5tBZUO07dRdfFLbwe1rUd/JBbUs65b63ERERPRhKpclMxMTE+Hq6op27dph48aNePDgATIzMwHkrPAYFRWFffv2qfRp2rQptLW1IZfLVcJzYWFhePIk55u01NRUXLx4UeXx9AVlamqKJk2aiNt79uzBzJkzcf/+fXE+hUKB2NhYHDhwAN26dcO5c+cAANu2bcOYMWNw7NgxpKWloXHjxhg+fDiWL1+Obdu2wc7OThw3IyOjVFeaVCgUKtfnzp07ePDgAZRKJTIzM3H58mU8evSo2PNUq1YN9vb24nZgYCBWr16N5ORkAEBCQgLCwsLy7GtgYAAXFxdx+8SJE5g2bRpu3Lghfh0olUokJCQgMDAQ33zzjUqY+e3wbFhYGKKiolTmCA8PR79+/bB582ZERUWhdu3a6NGjB2bPno39+/dj8ODBYtuMjAxkZWUV42p8Oj7FFVjTUmVigBIAtHV00b3/KFQ1yQlcG1atht5DxsPYtLrY5u6tEKSmJOc5Xu269WFhZQdBTQ0amlpwcmmX73FNLR20/LxriZ1LbPQTTBrohl6tLNG7jRW++7q9ysqFuvqV0PHLr6GuroH0tFRcf+MuU3uHpujccxB09HLC5waVDdGt73BUqmIktom8d6tQ9STFx6r8MsC5jRvadOoODU0tCIKAap/Vgkf/ka/bJ8Qh+knx37+IKpK0VBnu3w4VtyVSKQaOmQbbhk0gkUggqKlBWyf/X5A9uPOfSvjVuY0bWnRwh0QigUQigXPbTujUvb94PFWWhAd3/it236gHd1V+SdbYpQN6DhoDPYPKAAB1DU2oqxftZp0Hd8JUrkm3PsNQt54jBDU1SCQSODRrjbaduovHn0U9gCwpvkhzEREREREREREREdGnJzT4PLwW/oJmbdxwMfBIhQmvvhL14C7m/jgcsdFPMHSip/j53Ieiebsv0KBxTh4gNvoJ1i75rcxWgCUiIqIPT5mvwPqmM2fO4MyZM+9t5+Hhga5dc0JcBgYGMDY2Fo/t378f+/fvL3YtmpqaGD16NIKCghAUFASZTIZFixZh0aJF+faZNm0agJxQ36pVq7Bq1ap3zqGvrw83NzdoaWkVu978aGlpqaxkGhQUBAcHhxKfR19fH23btsXmzZvFfb///jt+//339/YVBAEDBgzA6dOnxX+7TZs2YdOmTfn2cXNzE/9uZGQEU1NTcfvMmTOwsbERt8+ePYuqVavi1q1b2L59+3vradeuHWrWrPnedgQxZFrSYdOKGl4FAIVcjrTUFHG7WnVzGJt+ptKmUhUjVDY0FsNcyYnxkCUlqIQ7i+rV6tKlzdi0OiZ4LkHdeo4AgOysTCTGxYrHQ4MvYEgXp3eO8eZ1Koi01BSVR6YH+O1SWdExL+lphZuDqKJ7+z3GrIYFata2KnD/t18T5la2KsFRQRBgWsNCpc2rIHhJ9rWya1hiv0BLSnihsv3XzIn4a+bEfNtnvExHZkZGicxNRERERERERERERB+3p1EPsHnFnxg1dQ7qO7mgXqNmWL14BlJlSWJ4VSKRQC6Xl9nndG9KjI/FmsWeqFvPEa4e/XHl3Alo6ehCU0sbtSxtUMmwaqHHlEqkMPz/JzCWhUpVjNBv5BRETBmGVFkSwq4HYfOKPzFi8h/Q1tVTaZudlYWsrEw+Za2IXi0MFhISgv/++w9yuRx6enpo3bo1rKyscj0RmYiIqCIq8wCrIAiFCnAOGzYMc+bMQbVqOd9QmZqaYujQoWLI9G0mJiZIT0/P89j72NnZYcWKFZgwYYK4umpJ0dfXx6+//orOnTuX6Lhv09XVxZAhQ3Dy5ElERkbmOl6c6/O2r7/+GqGhoVi6dGmh+1arVg1Lly6FmpoafHx8CtW3cuXK8PDwgJ+fX6HnfVvv3r3x/fffQ1NTs9hjEX1oJFIpzOvYouXnXdHBvTf0K1Up75KIPnlSdQ1IperlXUahaWprl3cJRERERERERERERETvpZDLoVQq8d+1IFQ3r4N6Ts1hZdsA1S2s0H/kFKSnpeCv3ybi628nwb6Rc5nX9/RRBMKuX0LY9UvY770axqbV0ahZG9SwsMLPC9aWeT1FZW3fCN9NX4B/5v6IVFkSTh/dh4QXzzFy6hyY/f/iGS/T07Bm8QycD/BD7yHj4d5nCDS1ym/l2w9Jeno6Tpw4AR8fHxw9ejTPNi4uLhg5ciQ6deoELS0tZGZm4urVq/j3338REBCAAQMGlHHVREREeSvzAKuWlhaWLFmCMWPGIDAwEIGBgbh27RrCw8MB5AQ9mzVrhrZt26JHjx6wt7dXuStEEAR8/fXXMDMzw7Jly+Dv7w+ZTAZDQ0OMHj0a7u7uGDt2LEJCQopUn5OTE44fP44zZ85g27ZtCAkJwbVr1wAAhoaGaNq0KVq2bInOnTvD0TFnpcKePXvi5MmT8PHxwaVLl3Dx4kXxXBo1aoS2bduif//+sLW1hSAIxbl8BdKmTRvs378fS5cuxf79+xEfHw99fX306tULEyZMwLRp0/L9JqYwdHV1MX/+fLRu3Rpr164VQ78tW7bEt99+i7i4OIwaNUps//Yqp+bm5ti5cyeCgoKwc+fOPK9dq1at4ObmBmfn1z8cCIKAoUOHwtjYGN7e3vD39xfPsVmzZtDX14e1tTW2bduGgwcPIiAgAJcvX0Z8fM7jhR0dHeHg4ID+/fujTZs2DK/SO6lJJNB5407A508iERv9FIbGr1cBTk2RqawkalDZsEKGQY1Nq+OXRetRw+L9qzu+fd51bBvgpz9Xl+jdmRqamtDUeh16c27bCeN/XVyuj2QhKmuCIKjcwZ3w4jmSEuJU3mPeRVtH9U7lyHu3kZWVKa6kqlQqkfBC9bE8ptVrFbuvRKr6LeTzJ49K7G70t+sa8cMf6NRjYLHHJSIiIiIiIiIiIiICgJTkRBzf740qRia4eiFADK9qaesgIjwUYdeDyq22uvWcsN4vWNwWBAHauiXzBLSyJAgCmrTqiGETPbFqwS/IysxAaPAFTB78BXoPGY8OXXvj4PZ/cerIXgCA9+pFCDi0C9+Mmw6nFh3KZfXbD8mFCxdw4cIFdOrUCVu3boWzszOqVKkCQRBUgqpDhw7N1dfFxQXbt29H27Zty6FyIiKi3Mo8wAoAampqsLGxgY2NjUrAsTD927dvj/bt2+d5/Pr163nu19bWxqpVq7Bq1ap3jq+trQ03NzeVx9a/r327du3Qrl27ArUvigEDBhT4DhhBEODg4IB169blefzIkSP59m3ZsiWUSmWB5omLi8Po0aPRokULrFy5EjVq1IBUKkVmZiauX7+O1atXi20dHBzEVXTfJJVK0bJlS7Rs2bJAc77Zr3v37ujevXu+bezs7GBnZ4cff/yxUGMTvUlHVx/2jZwRcvksACA9LRX7vL0w/PuZqGpihuTEeOxc9z88jXog9rG2c4CunkF5lVwi3j7v+7dDsXbxb+g19DvUqm0Dqbo6lEolUmVJuB9+E0f3bkHT1h3RvksvADkB2Dd/sIyMCMeL509R3byOuK9K1WqoW88Rjx/eAwBcOeePTcvnoWvfYaj2WS1IJBIoFQokJcbjVshlHNq9Af1GTC6Xu12JSou2rj4sberjdmjOL6OSEuKwz3s1vvluOgyrVsPL9DRE3Pkv3/6169bDZzVri+9BQaePoZ5Tc7Tq+CUAIOTSGRzY/vqObF39Sqhdt16x+9aqXReVqhghKSEOAHDq6D7YN3JG09auUBMExDx7jOgnj4p0Td6ua9f6vwEIcGn/BfQr5fzyJTsrCy9inuHCyUMIuxaECTOWVMgbB4&quot;
08-31-2019 12:59:36 Wire.java DEBUG [Forwarding screenshot on session 8224b39f135dddefa755fa7332753c0d to remote] http.wire 87 - http-outgoing-4 &lt;&lt; &quot;iIiIiIiIiIiIiofKSnpeS5XypVR3XzOkiRJeHk4d2o7+iCXkO+qzALrAhqahAEQeUzezVBgFKhQGpKcoE/y3+bto4epOpl+wQ4QRDQplMP6OjqiyuxZmVmwHv1InivXpSrffTjSCz5bQJmLt0KmwZOZVrrh8TIyAhDhw7FqFGjYG1tnWsRNQ0NDTRv3hzOzs6YOnUq/P39kZmZCSMjIzRv3hyWlpYqi8gRERGVt3IJsNLHQyaTYfLkyZg8efI727m7u6NOnTrvbENUEQmCgJYdu+HsiQOIenAXAHD5zHFcPnM8z/bGptXh1mNgmf8AWNIEQUCHrr0RcvmseJfppTPHcOnMsXz7NGn1ufh3g0pVUNnQWAywPbofjokDXMXjf/yzDfaNnNHt629x+8YVPI16AHl2No7t24pj+7aW0lkRVTwSiQSOLu1wdN9WyLOzAQDnThzEuRMHC9S/2mc10d69N7auWgAASJUl4e9ZP+DvWT/k2b5T9/6wsLYvdl+zmrVh27AJgk4dFfsu+nVsAc/6/efUY+AYrFo4HfLsbCTGx2LNYk+sWeyZZ3tr+0YlMi8RERERERERERERffg0NLVgWr0W/rsahPZf9IKOnurqpaY1zPHr4g159lUqlXh47zZqWFiharXPyqLcXJ5FPcCcKUMRG/0EQM7vwKcv/BdJCXEq+wtr7M/z0cG9d0mWWiCCIKBpa1f89r/NWL3YE/fC3v0k3Wqf1USVqsZlVJ0qC2s7dO45CJWqGEFDUxP9R05B1WqfQaquAVeP/qhsWD51va1Dhw7o0KHDe9sJgoC6deuibt26ZVAVERFR0THASqVu0KBBmDRpEqRSfrnRh8m0ei2Mm74Qy+dOFUOsealsaIyxP89HLcuP44eAKkYm+O6XBVj55zSEBl8oVF9d/Upo8XlXcVXJ/NSsbY0JM/5677Ul+pg1bNIKvb75Drs3/iOGWAtKEAS49x6C9FQZ9m9b887+n3ftg56Dx4mrIxenr5a2DvqNmIynjyJK/LUrCALadO6B7OxMrFs6C1mZGSU6PhERERERERERERF9vDS1tNGhax8s+nUcZk3+Bg2btoSaWsEeR//0UQQunjqCXt98ByOT8gmwSqXqqFvPEeN/XYRd65ehjVsP6BlUFp+I9qGytKmP35dtxfH92+G741+8iHmWq41EKkXHbl+X27W3rFsflnXrAwD0K1VBz8GvF+7oOWgMAECWlFAutREREX3MmCikItPT08PAgQNhZmaG+/fv4/r165DJZAAAR0dHuLi4oHv37mjTpg00NTXLuVqi4rGya4g/1/jgYuARnD62H2HXLyErMwPqGpqwsmsIl3ZfoLWbx0f3CGsTs5r4dckmhIdeQeDhvQi/eRVPIu8DyPkhsrp5HdR3bI7GLT+HXcMmYj9BENCpx0BUNqwKf9+d4vWSSKUwr2MLLR1dsa2VXUPMX7sfocEXEOC3Ew/uhCHmWRQAQF1DExZWdqjv1BxNW7uijm3Dsr0ARGVAIpGg1zffoW49RxzYvlZ8vZjXsUX7Lr1Q7bOamP/zKLG9afVaKv01NLXQb+QUtHL1QIDfTlw6fVx8DZmY1UR9p+Zo36UXbBs0hvDWI2GK07eGhTV+W7oVR/Zuxumj+xDzLAq6+pXg0LQVOvcciMN7NuPCyUMAAIPKhoV6f5RIJHD16I+mrV1x3t8PF08dQeT9cKTKkgDk3DBgaVMPDs1ao1lrN+gZVC7w2ERERERERERERET0cavv5IKf56/BVq+F2LNxeYH7VTUxw+gf56KV65figg5lzbSGOb77ZSHWLvkNSYnxqG6R8wUBLZIAACAASURBVJRTNYmkWDVJKsBiU5paOujadxi+6PUNwkOv4OThPbh0+jgyM16icYv26Dl4LGpb14MgCGVWU5WqxsjKyizwYhqpKTLxswoiIiIqGeX/XQp9sDQ1NTFw4EAMHDiwvEshKrQO7r0L/ZgMTS0dtO3cE2079yxwnxoWVli5+0y+x+0bOWP32YgiH38X/UpVMG/13iL1fZNEIoF9I2fYN3IudL8WHdzRooP7e9tqaGqhcYv2aNyifVHLJPpgZbxMx+pFnqhiZIzB435G9Vp1IFVXh1wuR/Tjh9i0fK7YViKV4rNatXONIQgCalnWxZDxv2LI+F8LNX9R+4ZdD8LmFfPxZb8R+HOND/QrVYEgCEhNScbFwCO4ceWc2PazmrWhpa0jbr/vvfGVyobG6NJ7CLr0HlKocyIiIiIiIiIiIiKiT5cgCLBt2ASzlu8o71KKRKqugU49B0LYpwavBb/gpz9X47OatfHPjsDyLq1EvPnZ47ify7cWa/tG2LluGUb2aFHgPsam1VG3nmMpVkVERPRpYYCViIiIqJwp5NnYt9UL+7Z6vbNdY5cOsLCyL6Oq3u9u2HUs9hz3zjYSqRStXD2gqaVdRlUREREREREREREREX2Y5HI5rp4PgLmVLWpYWOH2jSsAlOVd1kfL2r4Rflu6GVfPn4RcLn9ve4lEgiYtP0cNC6syqO41XV1d9OnTB9WqVSvTeYmIiMoCA6xEREREHwArewcMHPMjdPT0y7uUApNIpRgwaioaObcp71KIiIiIiIiIiIiIiCq8xLhYHNqzEaFXzkNdQxMDx/wII5PPyrusj5YgCLCsWx+WdeuXdynvpKmpiT59+pR3GURERKWCAVYiKjA1NTUoFArI5XJIJJISGfPVnWxqamolMh4R0YdGqq4Blw5doCaR4lFEOB4/vIeszAwAQGVDY9g0cELztp3RrI0rNLV0yrna10yrm6PPsIkIu34JMc8eI+ZZFICc0Kp5HVs4NG2F1m7dUbO2NQRBKOdqiYiIiIiIiIiIiIgqPiMTU/z2vy1IT0uFuroGpOrq5V0SERERUaligJWICkxPTw/Jycl48eJFiT2e4MWLF+LYRESfIolEgmat3dCstVt5l1Iohsam6DNsYnmXQURERERERERERERU4VhZWeH06dNF7q+to1uC1RTe1KlTMXXq1HKtoSAMDQ2xe/fu8i6jQIr7NUFERPSx4pKHRFRgxsbGAIAHDx7g+fPn4uqpRSGXy/H8+XM8ePBAZWwiIiIiIiIiIiIiIiIiIiIiIiL6+HEFViIqMCMjI6SlpeHZs2d48OCBGD4tLjMzMxgZGZXIWERERERERERERERERERERERERFTxlVqA1chzR2kNTUTlRCqVokaNGtDR0UFsbCxSUlKgUCiKNJaamhr09PRgbGwMQ0NDSKXM0xMREREREREREREREREREREREX0qmBgjogLT0dFBUlISqlSpgipVqpT42ERERERERERERERERERERERERPRpKPEAa9ysviU9JBFVEFKpFJUqVUJaWhqysrKgVCqLNZ4gCFBXV4eOjg5XYCUiIiIiIiIiIiIiIiIiIiIiIvqEMDFGRIUilUphYGBQ3mUQERERERERERERERERERERERHRB0ytvAsgIiIiIiIiIiIiIiIiIiIiIiIiIqJPCwOsRERERERERERERERERERERERERERUpqQlPaCR546SHpKICihuVt/yLoGIiIiIiIiIiIiIiIiIiIiIiIjovbgCKxERERERERERERERERERERERERERlakSX4H1Fa4ESVR2uPIxERERERERERERERERERERERERfUi4AisREREREREREREREREREREREREREZUpBliJiIiIiIiIiIiIiIiIiIiIiIiIiKhMScu7ACIqf4aGhuVdQpEolcp3Hv9Qz4uIPnx8fyKiV/h+QFQwfK0Q0aeM74FExcfXERER0YeD/28TERERla73fb9V0XAFViIiIiIiIiIiIiIiIiIiIiIiIiIiKlNcgZXoE/ahJe4L6mM9LyL68PH9iYhe4fsBUcHwtUJEnzK+BxIVH19HREREHw7+v01ERET0aeIKrEREREREREREREREREREREREREREVKYYYCUiIiIiIiIiIiIiIiIiIiIiIiIiojLFACsREREREREREREREREREREREREREZUpBliJiIiIiIiIiIiIiIiIiIiIiIiIiKhMMcBKRERERERERERERERERERERERERERlSlreBXwInj&quot;
08-31-2019 12:59:36 Wire.java DEBUG [Forwarding screenshot on session 8224b39f135dddefa755fa7332753c0d to remote] http.wire 87 - http-outgoing-4 &lt;&lt; &quot;59inXr1mHLli0IDw8HANjY2GD+/Pnw8PAo5+qIik4QBABAfHx8OVdSNFWqVMlz/4d+XkT04eP7ExG9wvcDooLha4WIPmV8DyQqPr6OiIiIPhz8f5uIiIiodOX3/VZFVS4rsMbFxaFz584QBCHfP05OTpg4cSIuXLgAhUJRHmUCAG7duoWePXvC09NTDK8CQHh4OFJSUsqtLiIiIiIiIiIiIiIiIiIiIiIiIiKiD1W5BFgL4tq1a1i2bBlatGgBT09PpKamlnkNcrkc27ZtQ1BQUJnPTURERERERERERERERERERERERET0saqwAdY3zZ07F2vXroVSqSzTeZOTk3H16lVx293dHQ8fPoRSqYRSqcSAAQPKtB4iIiIiIiIiIiIiIiIiIiIiIiIioo9BhQiwOjg44Pbt21AqlVAoFHj8+DGmTJmi0sbX1xfR0dFlWpdCoUB2dra43aRJE9SqVatMayAiIiIiIiIiIiIiIiIiIiIiIiIi+thUiADrmwRBQPXq1TF58mR07NhR3B8bG4vk5GQAQHh4OBo1agRBECAIAmbNmoWMjAzs2bMHHTt2hCAI2Lp1q8q4GRkZOH78OIYOHQpbW1sIggADAwN07NgR//zzD+Li4lTaz5o1C1WrVsXRo0fFfb///jvU1NTEOYsz/qs5Xp1Do0aNEB4ejocPH2Ly5MmwsLBA586dc/V79OgRFixYgI4dO8LAwACCIMDW1hYjRozAhQsXoFAoVNrnda1SU1Ph7e0tXisLCwuMGjUKDx8+zPffJT09HceOHVM5P0EQ4OLiAk9PTwQHB+eaOzU1Fdu3b0ffvn1hYWEBQRBgZGSEbt26wdvbG6mpqXnO9eocO3fuDCMjI5VrOWvWLFy+fFklWExERERERERERERERERERPQxyMrKxN5NK7Dh79nIyswo73KIiIiISpW0vAvIT6VKlWBhYVGgto8ePcKIESOwefPmPI9HRkbi+++/h4+Pj8p+mUwGf39/+Pv7Y8uWLVi+fDkaN25c6FpLYnyFQgFvb29s3LgRkZGRAABbW1vxeHZ2NrZu3YrJkycjPj5epW94eDjCw8Oxdu1azJw5Ez/++CO0tbXznCc4OBg9e/bEsWPHVOpfvXo1QkJCsHnzZlhbW6v0uXr1KiZMmIBz587lGu/ixYu4ePEiDh48iB07dsDGxuadfeLj4+Hr6wtfX1+4u7tj+fLlMDc3BwAolUrs2LED48aNy3WOb17LPXv2qMxFRERERERERERERERERET0pvS0VGRnZRa4vZpEAh1dfQiCIPZXV9eAVF29tErMJSsrEzvW/g/7tq5Ca9cvcy0i9aHIeJmOrMwM6OoZQFCrcOuq5UsulyM9VQalUinuEwQB2rr6kEgk5VaXUqmETCaDRCKBrq5uudVBRERUGipsgDU+Ph7h4eHitq6uLrS0tPJsu3bt2nzHef78OSZOnIj9+/e/c76goCDMmTMHXl5eMDY2LnCdJTV+aGgoQkND8+yrVCqxc+dOjB8/HjKZ7J3zLF68GDY2Nvj666/zPP6uOoOCgrBjxw788ssv4jflt27dwtixYxEUFPTOed9U0D5+fn6oXbs2FixYAG1tbQQHB2PatGm5wqtERET0cXn88B7mTBmK2OgnAIDuA0Zj4Jgfy7kqIiIiIiIiIiIiIvoYZGVlYr/3auzZuLxQK5iqa2hi5tKtsGnghNDg81j06ziY17HFhBlLUNXErFA13Lt3D8OGDUOTJk0wd+7cfLMOb5NK1WHfqBkEAXjx/Gmh5ixJCxcuxLx583D48GE4OzsXuJ9cLoffznXY6rUQADDpt//BpX2X0ioT8fHxGDlyJABg9erVMDQ0LPJYKcmJ+Hv2FASfD8h1rG3nnhjxwx/Q0tYp8vhF/ZoAAB8fH0yaNAk2NjZYtWoV6tSpU+Q6iIiIKpoKF2BVKBR4+PAh5syZgzNnzoj7mzRpAlNT0zz7jBgxAtOnT0eNGjUglaqekq+vrxja1NfXx4wZMzBy5EgYGBggLi4Onp6eWLlyJYCc//THjBkDV1dXeHp6YuzYsRgwYACOHj0KABg1ahT++usvldVNizr+26ytrbFgwQK0b98elSpVUjn27NkzrF+/Xgyvurm5Yc6cOXBycoJCocDJkycxYsQIREZGQiaT4dChQ3B3d4e+vn6ueXr16oUZM2bAzs4OAODt7Y3vvvtOHDsyMhLp6enQ0dFBZmYmNmzYoBJEdXNzw+zZs+Ho6AipVIqEhAQEBgaKIWK5XI5t27aJfczNzTF79mx89dVX0NLSQmRkJCZNmiRes6NHj2LEiBFo2LAhzpw5I64+CwCHDh1Cp06doKamhuzsbERHR+P06dM4ePBgnl8HVHZiYmIQHR0NmUz17rPCEAQB+vr6MDU1hYmJSQlXqCrAbxdWzPup0P3G/jwfHdx7l0JFRERERERERERERERERFQaAnx3Ytf6Zeg5aCw+79oHmlp5P730TdnZWUiVJaO6eR2kpcgQ4LcLqbIkhF0PwrI/JhcpxFoUgiDAyaUdEuNjVQKssdFPsHbJb0hKjCv0mFKJFL2GjEcj5zYlWWqewkOvYM+mFZBnZwMADu/ZBDuHpqhsWPBFxMrL3VshuB0ajJ/+XA3bBq+frPvftSD8PfsHtHLtBkfntuVS2/3795GSkoLg4GA8fvxYDLBmZmYiLCwMwcHBuH37NgDA0tISzZs3R4MGDXLlZwDgxYsX8Pb2RqdOnfjUWyIiqhAqRIA1JCQEtra2+R43NzfHoEGDoKmpmefxmjVrwsLCItd+mUyGU6dOidsdO3bE8OHDYWBgAAAwMjLC6NGjceLECdy9excAcPPmzTwDpnkpyfF1dHRgZ2eXK7z6qs+JEyfE7VGjRqFJkyYAADU1NXTo0AH9+/fHvHnzAOR88xIfH59ngLVhw4Zo0KCBSs2NGzdGYGAgACAqKkoMsL548QKXLl0S29rZ2WHhwoVo2LChuK9KlSro0aMHevToAQB4+vSpSvDYw8MDvXv3Fv/tLCwsMG7cODHAevfuXTx8+BANGzaEkZGRSq1jxoxBly5d0KpVK1hbW6Nu3bro378/+vfvn+u8qOxERETg6dPi3+2nVCqRnJyM5ORkpKSkwNLSsgSqo4pAlpSAuVOH427YdQCAtX0jTF/4L/QrVSnnyoiIiIiIiIiIiIiIiOhjlpqSjEunj8G129foNWR8oR77XsXIBKHB5xEfG42hEzyhUChw7sRBhF0PwrbVizH6xzlQ18g7s1DaMl6m41FEuPhks8KKf/G8hCvKLTsrC6eP7UeqLEncF3b9Es4HHMIXXw0WnwJbESgVCqSmJIuLNWVnZ+HcCV9Y2TWEeR3V7EqtOjawsLbHuRO+sLCyg1SqDgBQk0igo6tfJufl4eGBgwcPwsnJCU2bNkV8fDx2796NtWvX4t69e9DT00ODBg2QlZWFf//9FwBgb2+PYcOGoWfPntDT00NUVBR27doFLy8vJCQkwMzMjAFWIiKqECpEgPVdHBwcsHLlSjGwWRiZmZmIiYkRt318fODj4/POPikpKRVm/FfenAMAvvrqq3e2T01NxcuXLws0tqamZr7BYJlMhoSEBHG7Xr16MDc3f+d4b/dZtmwZli1b9t4+AODi4gJnZ2dx9dbIyEisXLlSXMEWAHr06IEZM2agUaNG7z4xKhUxMTFieNXS0hImJiaF+qHvTXK5HDExMWIgVk9Pr9RXYiUiIiIiIiIiIiIiIiKij5dCLkdaagosbRsU+nPM0ODz8FowHS/T05GdnY3hk34DAJw7cRCm1WtBTVL68YqszAxs9VqIS6ePIzUlGQumj8aIyX+U+rwlIT0tBZH3bufaf3D7WjRs0hI1LKzKoaq8PXkUgTlThuYZCB7bO++VasNDgxF4eI+4bWxaHb8sWl8m51W1alWYmJigevXquHz5MqZOnYq4uDj07dsXGzZsQN26dcXVVrOzs3Hnzh1s3LgRM2fOxJQpU8RxatasiSFDhuD06dOlXjMREVFBVcgAq76+Ppo1a4bu3bujX79+uVbmpI+TtbU1NmzYgOnTp+cbBPbx8cHt27exfft2lZVgqWxER0cDyAmvmpkV7x&quot;
08-31-2019 12:59:36 Wire.java DEBUG [Forwarding screenshot on session 8224b39f135dddefa755fa7332753c0d to remote] http.wire 87 - http-outgoing-4 &lt;&lt; &quot;EZEolEHCMiIgLR0dGlFmDt4N4bHdx7q+wL8NuFFfN+ErfH/jw/VxsiIiIiIiIiIiIiIiIi+viFBp/HhmWz8fWIH3BsnzdWL/oVADB80m9o2KQlWn7etcgL+xSGmkSK1q4ecHJpDyDnM9VKVXLyEt/9shByubxI49asbV1iNeZHEIQ8r5Fl3friOVQUJmY1MMFzCY74bMGD8JvoP2oqdPRyP+H2bWkpMnh7LUSTVh3RtFVHmJjVKINqVcXExMDY2Bg7d+7M80nFUqkU9vb2mD9/PqZMmYIrV64gLi4O9erVg52dHdLS0hASElLmdRMREeWnQgRYHRwcsGPHjhJfnlwqlUJf//U3GR07dsSmTZuKHbwrq/FfeXMOAFi7di2GDx9eonPkRUtLC7q6uuL2f//9h8jIyHcGR9/uM2TIEPzzzz8q+97F1tYWe/fuRUJCAm7evInQ0FBcunQJgYGBiIyMBADcunUL/v7+DLCWg1er5ZZk0NTExAQRERHi2BVZxss0XAw8gjPHD+BuWAhSZUlQ19CElV1DuLT7Aq3dPKBfqYpKn8cP76ncvdd9wGj0HvodTh/dhyN7tyDy/m1UNjSGe5+h6NJrMDS1dJCVlYmgU0dxYNsaRITfRGVDY7h1749ufYdDW1evwPXmnnsUWnzujiN7NuPqhUAkxseisqExWrt9CY/+o1DZsGquMZRKJaIe3EWA305cu3gKTyLvAwBMzGrCoWkrfNHrG9SsbS0+GuPtYDAA3A27jqHujcXtt8PCWVmZCL1yHv6+OxAeehWJ8bGQSKUwr2OLlp93RQf33rmu65aVC7Bv6yoAr+9uVNfQgM+WVbhw8jA+q1kb0xf+m6sfUUUW8+wxThzYhgC/3eLrs2mrjqjn1BxbVvyJFzHPAOS8jwwc86NK33e9Vus7NUf7Lr1g26AxBDW1XPMWp29WViZCLp2B7451uHXjMgCgjm1DuHb7GnfCruP4fm8ARb8LOebZYwQe3oMr5/wRef825NnZqGxojHqOzujcc1C+dRERERERERERERERFdSr8GqPQWNw8tBuhF3PeWLo6kW/QltHF5937VNmtUgkEtSxbZDnsXqOzcusjqLQ1tWHpU193A4NFvd98dVg9B85pVCfcZYFDU0t2Dk0RfD5k4h5GoV6js4F+lxRlpQAXf1KqGFhBTuHpmVQad60tbVhYGDw3nbGxsb44osvVPalpaWVVllERERFUiECrKXFwMAALi4u2L17NwDgxIkTmDZtGn744QfY2tpCQ0MDSqUSiYmJCAkJwfr169G5c2f069evQoz/SoMGDeDs7IygoJxvlBcuXAg1NTV8+eWXMDQ0hCAIyMzMxJMnT3DgwAFcuHABy5cvL/bKtaampmjSpAnOnz8PICc4On36dMyePRv169eHVCpFUlISzp49ixUrVmDJkiWwsLBQ6bNnzx5UrVoVo0ePhrm5OaRSKRQKBeLi4nDhwgWsWbMG06ZNQ8uWLTFnzhykpaWhS5cusLe3R6tWrdC6dWuMGTMGx44dQ+fOncXaXr58Waxzo6LJzs4W/17Uu/vyUpJjlZZ7t25g+dypiHpwV2V/VmYGboVcxq2Qy9i7eSXGey5GwyYtxUDn2+78dw2/TRiAe2Gv72pLjI/F1lUL8PjhPXTqMQCbV/yJWyGXVY7vXLcUsdFP8O3k36GppV2kczi8ZxMO7vgX8jf+HRPjY3Fw+7+4HnQaP8z6BzUsXt99mZnxErs3/I3929ao9AGAmGdROH5gGwIO7cKwiTPQ8ct+RbrrNOZZFFb+OQ2hwRdU9suzsxERfhMR4Tfhf3AHxnsuhrV9ozzHUCoUCPDdCX+/XUiVJRW6BqKKIDT4PBb9Ok7lazgxPhbHD2zD8QPb3tn3fa/VAL8oBPjtQnv3Xhg2YYbKL4mK0/dlehrWLJ6BU0f2qvS7c/Mq7ty8Wuhr8Ca5XI4A3x1Yt3QWsjIzVI4lxsfinL8vzvn7wqP/SPQdPgkamlrFmo+IiIiIiIiIiIiIPk1vh1dDLp0Rj3XqMVBcCbWsyOVyHN6zEbvW/w1tbR0M/m46XNp3yfezx4pEIpHA0aUdju7bCnl2NmrVsYHHgFEVLryan+ysLLxMT4WungEUSiXSU2XQ1tWHmiAgNSUZWtoFW7SLiIiICuejXrJKEAQMGDAAHh4e4r5NmzbBwcEBmpqaEAQBampqMDQ0RPv27bFp0yYoFIoKM/4rFhYWmDBhgrgSa3h4OIYNG4aqVatCTU0NgiBAU1MTlpaWmDRpEhITEws9R140NTUxevRoODs7i/v8/Pzg6OgIdXV1CIKAypUro2vXrnjy5EmefWQyGRYtWgQrKyuxj0QigYmJCTw8PODr6yuOrVAoMHfuXLRq1QqGhobiuampqamEV83NzeHq6loi50iFo1AooFAoIJfLS/TPq3Erqugnj/IMr74tMT4Wq+b//M52YdeDVMKrbzp1ZC+mj/pKJbz6pouBh/EoIrzghb8l42V6roDaK1EP7sJv10ZkZWUCyPnh2GfLKuzdvDLfPkBO0NR79WKEh14pdD0JcTH4Z86PucKrb3sa9QDeXguRlBCX5/EXMc9wYPtahlfpg/Uk8j7WLPIs0tewUqmE364N732tAsBJv93w2bJSvGmgOH3lcjkObl+bK7xaEpRKJU4f8cHav2bmCq++zXfnOlw4eajEayAiIiIiIiIiIiKij9+7wqtdeg9B/5FToKWtU6Y1paUk4/HDexg20RP2js44tGsDUmVJSE9N+T/27jysirr///hrOIcdREBUXFERFTdcUXEpSnHL7edSarndqWVpt9liRVaWpe3r7dZ2m96llZZZbmnuW5hkqeRCSu6CIpsCh/P7w68nT6ICHjmgz8d1cV3OfJZ5z8gMZ3nPe/T7L5v1688bivRzOvlEscRfq05D1ap74Umqh/YnaOva5bJarcWy7eu1dvkiPTb8Lh0+dEAJO3/W0K5NlbDzZx0+dECPDb9Lf/x+fcU7AABA/m7qCqySVKFCBb399ttycXHRwoULS9380oVE2f79+ysnJ0fjx49XSkrKDdlOfurVq6e33npLY8eO1bZt+SfV5Tfmgw8+0NixY7VhwwaHxhMQEKApU6aoadOmDp0XBXMxcSn3GolORZ23JLJardqwcrFdUmqLdh014t/PqVz5YKWcOq5P35uiDSsXS5JOHjus5Qs/09CxsTK7ul42X+MWbXXvmImqXrOOcnKyNf+jt7Vo7ox827Ozz+njd17Uym8/lyRlZWYoKXHvFSuRXkuLdh01ZMxTqlCpqiwWi1b/8KVmvzHJlri2O36rTp86rvLBVfXXn3v14+IvbGObtbldQ8fGqmLl6rLk5tqNzUhL1eaflqpOw+aK7tZPLdreqSmPjdDeXTskSbXDI/TUqx9e9tiNrWuX2x7BYjKb1W/ow+rad6i8fHx19kyKPnn3Ra1dtkiStDNuk/bt/lXN2lx+l6uff6BG/Ps5NW7ZTt4+135UBlCSWK1WrVn6tY4kJdrWVa1RW6Mee0m16zeRi2Fo++Y1evnxEfmOP34kSauXLLAte/v6afgjz6rtnT0kSdvWrdB/pk60JccuWzRPkR06q1bdhtc19mhSolZdMtZkNuuuAf9Sr0Ej5VOmrNLPntH0aU9p809LC31MTief0NKFc2zXptDwxho+7lnVrtdYeVar4reu09sv/FsZaamy5OZq85platk+Rp5e3PkMAAAAAAAAACiYnXEb9fbz/1azqGj9uPhzu4IrzkpelSRfP3+NfnyKsjLSFb9tvTy9fOTiYlLyyWN676XHdPLY4SLN++DEqYru1s/B0V6uTNkAdYjpZXtS2+LPZ6tB09aqVjPshm8bAACUTjd1BdaLqlevrvnz52v9+vUaO3asWrVqZWvz9fVVu3btNHHiRK1evVp9+vQpcfNLktls1pAhQ7R7927NmDFDPXr0UPXq1W3tderU0d13363p06dr1qxZCggIKNJ28tOqVSutXr1a8+fP19ChQ1WnTh1bW5MmTfTMM89o1qxZqlWrlm1906ZNtWLFCi1btkxDhw5VkyZNbG0BAQGKiYnRCy+8oK1bt9qqtY4bN07fff&quot;
08-31-2019 12:59:36 Wire.java DEBUG [Forwarding screenshot on session 8224b39f135dddefa755fa7332753c0d to remote] http.wire 87 - http-outgoing-4 &lt;&lt; &quot;fdFftPnTpVv/zyiwYOHCgXl1viV7fEuRUrsGZmpNmSLCXJ08tbvQaOUrnywZKkgHIV1G/owwqqWNnWZ+/ueGWkn813vhphDRQSWk+Gi4vc3D3UtPVtV2x39/BS1B3dHbYvlavVUsUq1WW4uMjs6qq2d/awe+zJX3/u06njRyRJv23fpJRTx2373OfeMQquEiLDMPIde/jgfp3LyihwLFmZGdpxyV2s4Y1bqHOfe+Xlc6HSdJmyAbprwAj5+Qfa+hzctzvfudzcPVStZh2SV1EqZWakaf+enbZlk9mswQ88qbqNmstkMslwcZGn15U/IEv843e75NfI9p3UJrqbTCaTTCaTIjvEKKbXQFt7RlqqEv/4/brHJiXutfuQrFnraPW59wH5lCkrSXJ1c5erq1uRjkniH7vsjsld/YcrrH4TGS4uMplMatyynTrE9LK1H01KVFpq8d3cAwAAAAAAAAAoFvJCfQAAIABJREFU3XbGbdSMV59Wy/adtPmnpSUmefWipMS9mvL4CJ08dljDxsXavj8rLVrd1kUNm7WWdKH4z+w3JhVbBVgAAFD6OKUCa2BgoJYuLXxFrovq1KmjHTt2FGqM2WxWVFSUoqKiCjymMHEWZf7Y2FjFxsYWuL8klS9fXiNHjtTIkSML1P9ax6qg++jt7a1+/fqpX7+C35Xl6empTp06qVOnTgXqX6ZMGXXr1k3dunUr8DZQvC4mmTo62bSkJq9KUp7FosyMdNtyhcrVFVSxkl0fP/9AlQ0IsiVznT2TorTU03bJl0VlMpmue44r8fTyVuVqtbRNK2zrTv5fAuvpUydt67IyM/T0A32vOldmRrryClFJNzcnW2eS/97GzrhNGtr16pWVL/1/AG4W/7zGBFcJUdUaoQUen5Vpf15UD61rlzhqGIYqVgmx63Ps8CGHjw2t18hhH6Clnj5lt/zmc+P05nPjrtj//LksZZ8/75BtAwAAAAAAAABubkeSEjXng1c06rGX1KBpa9WPaKmZrz+rjLRUW/KqyWSSxWK5od/TXcmZlJOa9Xqswuo3UceeA/XzhpXy8PKWu4enqtWsI7+AcoWe02wyK6BchRsQbf78/AN1z8gJOjBhuDLSUrVrxxbN+eAV3T/+BXl6+9j1zc3JUU5ONk9ZKyKr1arTp08rPj5ev//+uywWi3x8fNSuXTuFhoZSGAwAUCo4JYEVAOB8VqtVeXn2Sac+vmWdFA0ASTK7uslsdnV2GIXm7unp7BAAAAAAAAAAALimPItFVqtVv/+yRZWr11L9pq0UWrehKoeEauDICcrKTNebk8bp7n89ovCIyGKP78ihA9q1Y6t27diqb+bNVFDFyopo2V5VQkI1cdrsYo+nqGqHR+ihp6bpvSmPKyMtVWuXLdLpU8c18rGXFPx/xTPOZWVq1uvPauOqJeo39GF16z9U7h7Oq3xbmmRlZWnlypVauHChli1blm+f1q1ba+TIkYqJiZGHh4eys7O1fft2ffjhh1q1apUGDRpUzFEDAJA/ElgB4CpcTCZ5XXIn4PHDB3Xy2BEFBFW0rctIT1NGWqptuUzZAPn6+RdrnEVx4XHgv9mWPb28Vabshbgv3WeT2awnp85Sk8gODtv2P49rrboN9cQrM4v17k+gJDAMw+4O7tOnjiv1dLLdNeZqPL3s71Q+uG+PcnKybZVUrVarTp+yfyxPxcrVrnusyWz/EvL44UMOuxv9n3Hd/+gLiuk9+LrnBQAAAAAAAABAktLPntGKb+bJP7C8tm9aZUte9fD00oGEndq1Y4vTYgur31QfL4mzLRuGIU9vxzwBrTgZhqHmbe/U8HGxmj7taeVkn9fOuE0af18X9Rv6sKK799Pizz/UmqVfS5LmzXxNq75foCFjnlLTNtFOqX5bmmzatEmbNm1STEyM5s6dq8jISPn7+8swDLtE1WHDhl02tnXr1vr888/VoYPjvvsFAOB6UC8cAK7Cy9vX7u7KrMwMLZo3Q6dOHJUknT2TovkfvaUjSYm2PrXrNZa3T5lij/VacnOzZc3Lk3Th8SNffvKedsZtsrWH1mtku+OxfpNWtkd1WHJz9eGbz2nL2mXKSD9r63/+XJYO7t+jz/4zTe+//LjOn8uSdHlCXvKJozp0IEFWq9W27p/Hdf+enZr9+iQd+OM35ebkSLqQPJd+9ozit63XtImjtfr7Lx19SACn8/T2Vc06DWzLqaeTtWjeTKWcOi7pwt3HB/74/Yrja4TVV6WqNWzLW9Yu18ZVS2SxWGSxWPTL5jX69vO/78j29vVTjbD61z22Wo0w+fkH2trWLFukbetWyGKxyJqXpxNH/9Kxw4eKdEz+GdeCj9/VsoVzdfZMiu06kpuTo2OHD2nhZ9P10qPDlJZ6ukjbAgAAAAAAAADcnLIy0/Ndbza7qnL1WgoKrqLVP3ypqjXq2JJXSwLDxUWGYditczEMWfPylH72jNJSTxfp5+L3b8W6L4ah9jG9Nf75d+Tt6ydJysk+r3kzX9O/ekTqm3kz7fof++ug3pg0Vvt2xRd7rKVJYGCghg0bps2bN2vevHnq0qWLAgICbL83bm5uatWqlWbOnKnNmzfrpZde0qRJk/TOO+9o69atWrx4sTp16iR3d3cn7wkAABdQgRUArsIwDEXdeZfWr/xWSYl7JUnb1q3QtnUr8u0fVLGyOvUeLLNryXsE+HdffKTvvvgo3zaT2axOvQbJp0xZSVJoeGN1HzBCCz5+R9KFN4yvPvXAFedu17GH7d/uHp6qULm69uy8cHdoyqnjmvTwQFv7gxOnKrpbP0V376f4bettd7FuXbdcW9ctv+I2mre9o4B7CpQeJpNJTVrfpmWL5sqSmytJ2rBysTasXFyg8RUqVdXt3fpp7vRpki5UVn538qN6d/Kj+faP6TVQIbXDr3tscNUaqtuoubasWWYb+9ozDxZwr6+9T70HP6Dprz4lS26uzqSc1KzXYzXr9dh8+9cOj3DIdgEAAAAAAAAApZ+bu4cqVq6m37dv0e1d+srLx756acUq1fXM65/kO9ZqterPfXtUJSRU5SpUKo5wL3M0KVEvTRimk8cOS7rwGfhTr36o1NPJdusL6+L3c8XNMAy1aNdRk96ao5mvx14zObVCparyLxdUTNHZC6ldT5373Cs//0C5ubtr4MgJKlehksyuburYc6DKBjgnrn+Kjo5WdHT0NfsZhqGwsDCFhYUVQ1QAABQdCawAcA0VK1fTmKde1ftTHrMlseanbECQHpw4VdVqlq43ASazWX2HPKSW7WP+Xmcyqffg0bLk5uib/82yJdYVhKubu9pEd9P6ld9edZx/YHk99PQ0/eeVJ+0qwQK3mkbN26rvkIf05afvFepcky58+NCt31BlZaRd81y9o3t/9blvjK1C8vWM9fD00j33j9eRQweuel0sCsMw1L5zb+XmZuujtycrJ/u8Q+cHAAAAAAAAANy83D08Fd29v157Zowmjx+iRi2i5OJSsMfRHzl0QJvXLFXfIQ8psLxzEljNZleF1W+ih595TQs+fkftO/WWT5mySj2d7JR4HKVmnQZ6/p25WvHN5/ruiw9tT7u8lMls1p133e20Y18zrIFqhl14ap6vn7/63Pd34Y4+914o9MMT4QAAcDwSWAGgAELrNdIrsxZq809LtXb5N9q1Y6tyss/L1c1dofUaqfVtXdSuU0/5+vk7O9Qr6thzoCpXq6nV33+pg/v3yNXNXc3a3K5u/YapbsNmMlxc7Pq7uXvonpETdMddA7Rm6UL9snmN/ty325ZMVj64qmqEhatlu45q3LKd3D08bWObtr5NsW98qh++/K9++2WzMtJSJUmVq9eye+x4+eCqeuaN/yph58/66YevlfDbdh0+uF/ShTeplavXUoMmrdQs6g7Va9T8Rh8iwClMJpP6DnlIYfWb6NvPZ9uuL9Vr1dXtXfuqQqWqmjpxlK1/xcrV7MZfPFfbduypVUvma+vaFTpxNEnShXOsQdNWur1r36ue50UZWyWktia9PVdLv56jtcsW6cTRJHn7+qlxi7bq3Gewfvhqjjat/l6SVKZsQKGujyaTSR17DlSLdh218ccl2rxmqQ7uT7BdS8oGBK&quot;
08-31-2019 12:59:36 Wire.java DEBUG [Forwarding screenshot on session 8224b39f135dddefa755fa7332753c0d to remote] http.wire 87 - http-outgoing-4 &lt;&lt; &quot;lmnfpq3LKdWrbrZKseDQAAAAAAAABAg6atNXHqLM2d8aq++vT9Ao8rVz5Yox+forYde9gKOhS3ilWq66GnX9XsNyYp9UyKKofUkiS5mEzXFZPJ7PzUEHcPL3UfMFxd+g5Rws6ftfqHr7R17Qplnz+nZm1uV5/7HlSN2vVlGEaxxeRfLkg5OdkFLqaRkZ5m+64CAAA4hvNfpQCAE0R361fox2S4e3ipQ+c+6tC5T4HHVAkJ1X++XHfF9vCISH25/kCR2wvD26eMug8Yru4Dhhd4jGEYqlCpmvoPH6f+w8cValyDpq3VoGnra/Y1mUwKj4hUeERkgecf/MDjGvzA4wXuD5Rk589laeZrsfIPDNJ9YyaqcrVaMru6ymKx6Nhff+q/70+x9TWZzapUrcZlcxiGoWo1wzT04Wc09OFnCrX9oo7dtWOL5nwwVT3uuV+vzFooXz9/GYahjPSz2vzTUv368wZb30pVa8jD08u2fK1r40VlA4LUtd9Qde03tFD7BAAAAAAAAAC4dRmGobqNmmvy+184O5QiMbu6KabPYBmLXDRj2tN64pWZqlS1ht774idnh+YQl343OGaic2OpHR6h+R+9o5G92xR4TFDFygqr3+QGRgUAwK2FBFYAAAAny7PkatHcGVo0d8ZV+zVrHa2Q0PBiiura9u7aoddjx1y1j8lsVtuOPe2qNAMAAAAAAAAAgMtZLBZt37hK1UPrqkpIqPb8+rMkq7PDumnVDo/QpLfnaPvG1bJYLNfsbzKZ1DzqDlUJCS2G6P7m7e2t/v37q0KFCsW6XQAAigMJrAAAAKVAaHhjDX7gcXn5+Do7lAIzmc0aNOoxRUS2d3YoAAAAAAAAAACUeGeST+r7rz7Vzp83ytXNXYMfeFyB5Ss5O6yblmEYqhnWQDXDGjg7lKtyd3dX//79nR0GAAA3BAmsAArMxcVFeXl5slgsMplMDpnz4p1sLi4uDpkPAEobs6ubWkd3lYvJrEMHEvTXn/uUk31eklQ2IEh1GjZVqw6d1bJ9R7l7eDk52r9VrFxd/YeP064dW3Xi6F86cTRJ0oWk1eq16qpxi7Zq16mXqtaoLcMwnBwtAAAAAAAAAAAlX2D5ipr01mfKysyQq6ubzK6uzg4JAADghjLmz59vDQsLs1sZEREhq7VoZegDY79wRFwAiiB58gBJsiUKXes8vtgvJSWlQPNv3LhRZ8+eVY0aNRz2eILjx48rMTFRZcqUUZs2bQo11t/fP9/1hd0vAHA0rk8ALuJ6ABQM5wqAWxnXQOD6cR4BAFB68HcbAADgxrrS662LLr7uSk1NlSTt2LHjhseUn4iICEkSJQ8BFFhQUJAkKTExUcePH7dVTy0Ki8ViS169dG4AAAAAAAAAAAAAAAAAwM3P7OgJL1aABHDzCQwMVGZmpo4eParExERb8un1Cg4OVmBgoEPmAgAAAAAAAAAAAAAAAACUfA5PYAVw8zKbzapSpYq8vLx08uRJpaenKy8vr0hzubi4yMfHR0FBQQoICJDZzOUIAAAAAAAAAAAAAAAAAG4VZIwBKDAvLy+lpqbK399f/v7+Dp8bAAAAAAAAAAAAAAAAAHBrcHF2AABKD7PZLD8/P7m5uckwjOuezzAMubm5yc/PjwqsAAAAAAAAAAAAAAAAAHALcXjGWGDsF46eEkABJU8ecMO3YTabVaZMmRu+HQAAAAAAAAAAAAAAAADAzYsKrAAAAAAAAAAAAAAAAAAAAChWN+yZ3cVRCRLABVQ+BgAAAAAAAAAAAAAAAACUJlRgBQAAAAAAAAAAAAAAAAAAQLEigRUAAAAAAAAAAAAAAAAAAADFigRWAAAAAAAAAAAAAAAAAAAAFCsSWAEAAAAAAAAAAAAAAAAAAFCsSGAFAAAAAAAAAAAAAAAAAABAsTI7OwAAzhcQEODsEIrEarVetb207heA0o/rE4CLuB4ABcO5AuBWxjUQuH6cRwAAlB783QYAALixrvV6q6ShAisAAAAAAAAAAAAAAAAAAACKFRVYgVtYacu4L6ibdb8AlH5cnwBcxPUAKBjOFQC3Mq6BwPXjPAIAoPTg7zYAAMCtiQqsAAAAAAAAAAAAAAAAAAAAKFYksAIAAAAAAAAAAAAAAAAAAKBYkcB6BXPnzpVhGLafuXPn2tqSk5PVuXNnW1tERIQSEhKcGK1z/PMYTZ482daWlZWl0aNH29o6d+6s5ORkJ0YLAAAAAAAAAAAAAAAAAABKihKRwHr06FF17NjRLhkyKipKBw8edHZoTpGQkKCIiAi741GQn9GjRysrK8vZ4QMAAAAAAAAAAAAAAAAAAFxViUhg3bVrl7Zs2WK3buPGjYqLi3NSRNfnnwmoJJYCAAAAAAAAAAAAAAAAAAD8zezsALKzs7VkyRKlpaVd1rZ8+XJ16dJFnp6eTojsygIDA7V06VJnh+F0gwYN0qBBg5wdBq6DYRiSpJSUFCdHUjT+/v75ri/t+wWg9OP6BOAirgdAwXCuALiVcQ0Erh/nEQAApQd/twEAAG6sK73eKqmcXoH18OHD2rhxY75ta9eu1YEDB4o5IuerU6eOduzYIavVavvZs2ePGjdubOszatQoZWZm2vWZPn16iUv2BQAAAAAAAAAAAAAAAAAA+CenJ7Bu3LhRW7ZskST5+vqqV69etrbdu3dr/fr1+Y5LSEhQRESEDMOQYRiaPHmyXXtycrI6d+5sa+/cubOSk5Mvm+fPP//Uo48+qrp168owDNWtW1cvvviiDh48eMWYs7KyNHr06Hznnjx5surWrav4+Hhb/xkzZsjLy8vWf8OGDQU/QEWQX3ynTp1SfHy8hg8frsDAQI0ePVpZWVmSpPj4eE2bNk29e/e2HQfDMBQYGKjOnTtr2rRpOnTo0GXb2bBhg62vYRiaO3fuDd0vAAAAAAAAAAAAAAAAAABwczA7c+MZGRlauXKlbTkyMlIPPvigEhIStHv3bknSsmXL1L9/f4eXtrVarVq4cKHGjx9vl6yakJCg2NhYh27L2TIzM/Xmm2/q3XffVVpa2mXt3377rZ599tnL1qekpGjZsmVatmyZPvjgA3366afq0KFDcYQMAAAAAAAAAAAAAAAAAABuYk6twLp//367aqStW7dWq1at1L59e9u6zZs3a+/evQ7fdlxc3GXJqzerdevWacqUKfkmrxbUwYMH9corr+jUqVMOjAwAAAAAAAAAAAAAAAAAANyKnJbAarVatXLlSltyqq+vr2JiYuTr66t27drZ+h09elTLly+X1Wp12Lazs7M1b948u+TV3r17a8+ePbJYLLJYLJo9e3aR5o6NjdWePXvUuHFj27pRo0YpMzNTVqtVVqtVUVFR170PhREZGam1a9faxTB9+nR5enpKktzc3PT0008rPj5e58+fl9VqlcVi0aFDh3T//ffb5tm/f7+OHDlSrLEDAAAAAAAAAAAAAHCryMnJ1tf//UCfvPuicrLPOzscAACAG8rsrA2fOXNG69evty1HRUWpTp06kqTmzZurcePGio+PlyStWbNGI0aMUHBwsEO2ferUKf3yyy+25Xr16um5556zbV+SPDw8HLKtkqBs2bIKDw+3Jaz+0xNPPKGsrCxt375db731ljZt2qTU1FTFx8crJSXF1m/v3r3XVcUVAAAAAAAAAAAAAIDikJWZodyc7AL3dzGZ5OXtK8MwbONdXd1kdnW9USFeJicnW1/MfkuL5k5Xu449lJeXV2zbdqTz57KUk31e3j5lZLg49cHAhWKxWJSVkWZXYM0wDHl6+8pkMjktLqvVqrS0NJlMJnl7ezstDgAAbgSnJbBu375dK1eutC1HRUUpMDBQkhQSEqIOHTrYElhXrlyp3377zWEJrGlpaTp9+rRtuX79+qpevbpD5i5trFarFi1apIkTJyohIcHZ4QAAgFvAX3/u00sThunkscOSpF6DRmvwA487OSoAAAAAAAAAwM0gJydb38ybqa8+fb9QFUxd3dz13NtzVadhU+2M26jXnhmj6rXqauyzb6hc+cLlKuzbt0/Dhw9X8+bNNWXKlAIX0DKbXRUe0VKGIZ067ryno7766qt6+eWX9cMPPygyMrLA4ywWi5bM/0&quot;
08-31-2019 12:59:36 Wire.java DEBUG [Forwarding screenshot on session 8224b39f135dddefa755fa7332753c0d to remote] http.wire 87 - http-outgoing-4 &lt;&lt; &quot;hzZ7wqSXpk0ltqfXvXGxWmUlJSNHLkSEnSzJkzFRAQUOS50s+e0bsvTlDcxlWXtXXo3Ef3P/qCPDy9ijx/UX8nJGnhwoV65JFHVKdOHU2fPl21atUqchwAAJQ0TklgtVgsWrNmjV01z9jYWMXGxl5xzHfffaf27dvL3d3d4fF4enrKpRTd9eNIcXFx+ve//62DBw9Kku655x6NGTNGYWFh8vPz09SpU/Xss886OUqUNCdOnNCxY8eUlmZ/91lhGIYhX19fVaxYUeXLl3dwhPZWLVmgD15+otDjHpw4VdHd+t2AiIpHWuppTXlshPbu2nHFPuWDq6pB01a6vWtf1W3YrFTdAQkAAAAAAAAAAAD806rv5mvBx++oz70P6o7u/eXukf+TSi+Vm5ujjLSzqly9ljLT07RqyQJlpKVq144teueF8UVKYi0KwzDUtPVtOpNy0i6B9eSxw5r9xiSlnkku9Jxmk1l9hz6siMj2jgw1Xwk7f9ZX//1AltxcSdIPX/1X9Rq3UNmAoBu+7eu1d3e89uyM0xOvzFTdhs1s63//ZYveffFRte14l5pEdnBKbPv371d6erri4uL0119/2RJYs7OztWvXLsXFxWnPnj2SpJo1a6pVq1Zq2LChzObLU4JOnTqlefPmKSYmxu4pxQAAOItTElj/+usv/fjjj4Uas2XLFh05ckQ1atTIt/3YsWM6d+5cge5SMZlMdn+ok5KSlJaWJl9f30LFdDNYsWKFLXm1du3aevLJJ9WoUSMnR4WS7MCBAzpy5Prv9rNarTp79qzOnj2r9PR01axZ0wHRobBOHE3SqiVJWrVkgbr2G6qBIydc152DF/2zumK7jj00+omXC/QBAQAAAAAAAAAAAFAUGelntXXtcnW86271HfpwoR777h9YXjvjNirl5DENGxurvLw8bVi5WLt2bNH/Zr6u0Y+/JFc3xxfcKojz57J06ECC7bu3wko5ddzBEV0uNydHa5d/o4y0VNu6XTu2auOq79Xl/90nwzBueAwFZc3LU0b6WVuxptzcHG1Y+Z1C6zVS9Vp17fpWq1VHIbXDtWHldwoJrSez2VWS5GIyycvbt1j2q2fPnlq8eLGaNm2qFi1aKCUlRV9++aVmz56tffv2ycfHRw0bNlROTo4+/PBDSVJ4eLiGDx+uPn36yMfHR0lJSVqwYIFmzJih06dPKzg4mARWAECJ4JQE1ri4OG3cuLFQY7Zs2aJVq1ZpxIgRki5PQt2wYYMSEhLUqFEjnTt3Ths2bNChQ4fynatChQoKDw9XXFycJOmnn37SzJkzNX78eJUpU0anT5/Wrl27irh3l8e2a9cuJSUlKSwsrMhz3ii5/3fnk3QhCXjHjh0KDw+Xi4uL9u/fr19//dWJ0aGkOXHihC15tWbNmipfvnyh3vRdymKx6MSJE7aEWB8fnxteiRVX9/2CT+QfWF69Bo0qUW8gAQAAAAAAAAAAgILIs1iUmZGumnUbFvp7zJ1xGzVj2lM6l5Wl3NxcjXhkkiRpw8rFqli5mlxMNz69Iif7vObOeFVb165QRvpZTXtqtO4f/8IN364jZGWm6+C+PZetX/z5bDVqHqUqIaFOiCp/hw8dsCvGc6kH++VfqTZhZ5x++uEr23JQxcp6+rWPi2W/ypUrp/Lly6ty5cratm2bHnvsMSUnJ2vAgAH65JNPFBYWZstRyc3N1R9//KFPP/1Uzz33nCZMmGCbp2rVqho6dKjWrl17w2MGAKCgij2BNSsrS8uXL7ctBwcHa9GiRWrZsuVlfb/99lv17NnTtrx+/Xrdfffd8vb2VlBQkGrUqGFLQo2Pj1dERESBYvD19VVMTIzmzJljW/f888/r+eefL+pu2QkMDFTFihVty+vWrbO7c2X9+vWKiopyyLauV6VKlWz/TktL05AhQzRkyBAnRoSS7NixY5IuJK8GB1/fIzJMJpNtjgMHDujYsWM3LIE1uls/RXfrZ7du1ZIF+uDlJ2zLD06celmfm82lb6KsVquSTx7T1//9QMsXzbX12fzTD+rQubcCylVwYqQAAAAAAAAAAABA8dkZt1GfvPOi7r7/US1fNE8zX3tGkjTikUlq1DxKUXd0L3Jhn8JwMZnVrmNPNW19u6QL36n6+QdKkh56+lVZLJYizVu1Rm2HxXglhmHke4xqhjWw7UNJUT64isbGvqGlCz9TYsJvGjjqMXn5XPuJvZnpaZo341U1b3unWrS9U+WDqxRDtPZOnDihoKAgzZ8/XyEhIZe1m81mhYeHa+rUqZowYYJ+/vlnJScnq379+qpXr54yMzMVHx9f7HEDAHAlxZ7AeuDAAbu7OaKioq5Ylrxx48Zq06aNrVrrsmXLtGfPHjVr1kx+fn4aPHiwli1bprS0tMvG9unTR/v377/iH95evXpp3Lhxevvtt/NtDw4O1tGjRwu7e5KksmXLqmfPnlqyZEmRxhen7t27q2fPnvrmm28ua/P19ZWnp6dOnDjhhMhQEl081xyZaFq+fHkdOHAg3/O4pDl/LlObf1qqdSu+1d5d8cpIS5Wrm7tC6zVS69u6qF2nnvL187cb89ef++zu3us1aLT6DXtIa5ct0tKvP9PB/XtUNiBI3foPU9e+98ndw0s5OdnasmaZvv3fLB1I+E1lA4LUqddA3TVghDy9fRyyL4ZhqFz5YPUd+pD27/lV+/fslCSdPZOizPQ0uwTWnJxs7fx5o3787gsl7NyuMyknZTKbVb1WXUXd0V3R3frZ7fdn/5mmRXOn221v3YpvtW7Ft7blF977n8IjIgt0bKO79lObO7rK3cPrkv5Zmj51om3O2uERmjhttk6dOKKv//uB4jauVqsOMRr9xMty9/B0yDEDbrQTR//Sym//p1VLvtSZlJMqGxCkFm3vVP2mrfTZB6/o1IkLr0t6DRqtwQ88bjfWarUqKXGvVi2Zr182r9Hhg/slSeWDq6pB01a6vWtf1W3YTIaLy2XbvZ6xOTnZit+6Tt998ZF2/7pNklSrbiN1vOtu/bFrh1Z8M09S0e9CPnH0L/30w1f6ecOPOrh/jyy5uSobEKT6TSLVuc+9V4wLAAAAAAAAAICCupi82vveB7T6+y+1a8cWSdLM156Rp5e37ujev9hiMZlMqlW3Yb5t9Zu0KrY4isLT21c16zTQnp1xtnVd/t99GjhygsO+43QUN3cP1WvcQnEbV+vEkSTVbxJ52fe8+UlLPS1vXz8NKyfTAAAgAElEQVRVCQlVvcYtiiHS/Hl6eqpMmTLX7BcUFKQuXbrYrcvMzLxRYQEAUCTFnsC6fv167d6927bcpk0b+fn55ds3ODhYkZGRtgTWo0ePas2aNWratKkMw1CPHj20ePFivfXWW/rxxx8lSXfccYfGjh2rBg0a6N57771iAqu3t7emTp2qyMhIzZgxQ2vWrJGvr6+ioqL0r3/9S6mpqRoxYkSR9tEwDA0bNkxBQUGaN2+efvzxR6WkpMjX11ctW7aUr++179wpLhUqVNCsWbPUqlUrffLJJ0pISJAktWvXTs8995zWr1+vSZMmOTlKlBS5ubm2fxf17r78OHKuG2Xf7l/1/pTHlJS41259TvZ57Y7fpt3x2/T1nP/o4djX1ah5lAzDyHeeP37/RZPGDtK+XX9fm86knNTc6dP015/7FNN7kOZ88Ip2x2+za5//0ds6eeyw/jX+eYcmZHr7+Kpi5eq2BNZ/OnE0Sf955UntjNtkt96Sm6sDCb/pQMJv+nHxF3o49nXVDi9YFex/Ksix/fG7LzT22TdUPrhqvnOcP5+lrz59X0sXzpHlkt9ToLTYGbdRrz0zRhlpqbZ1Z1JOasW3/9OKb/931bHZ58/py0/e1Tf/m3XZ7/+Jo0latSRJq5Ys0O3d+mr42GftPiS6nrHnsjI16/VntWbp13bj/vhtu/74bXuhj8GlLBaLVn33hT56e7Jyss/btZ1JOakNP36nDT9+p54DR2rAiEfk5u5xXdsDAAAAAAAAANya/pm8Gr91na0tpvdgWyXU4mKxWPTDV59qwcfvytPTS/c99JRa3971it89liQmk0lNWt+mZYvmypKbq2q16qjnoFElLnn1SnJzcnQuK0PePm&quot;
08-31-2019 12:59:36 Wire.java DEBUG [Forwarding screenshot on session 8224b39f135dddefa755fa7332753c0d to remote] http.wire 87 - http-outgoing-4 &lt;&lt; &quot;WUZ7UqKyNNnt6+cjEMZaSflYent7NDBADgplTsCayjRo3SqFGjCtTXzc1Nb7zxht5444182w3DUIcOHdShQ4d825cuXXrV+d3d3XXPPffonnvuybd9+PDh+a739PTU9OnTNX369HzbpQtl2Xv16qVevXpdNYaCqlOnjnbs2FGgvgWJ71JBQUF68skn9eSTT17WFh0drWeffTbfcVFRUbJarQ6JAaVDXl6eJMcnnF6ct6Q6dvhQvgmW/3Qm5aSmT52oidM+VLWaYfn2uXjHZn7WLP36skSwS23+6Qd16jWwyImi+Uk7m6qkP//eL3cPT7m5u0uSTief0HsvPX7VmCXpSFKi5s14VY88906hH/+RlLhX77zwbx1JSrxqvz0747Tg43evmMB7aH+CDu1PKNS2gZLi8MH9mvVarF3yakFZrVYtWfCJvp7zn2v2Xb3kS/kHBGnAv8bLZDJd11iLxaLFn8++6jWrqKxWq9YuXajZbz53zYT07+Z/pGo1w9Shcx+HxwEAAAAAAAAAuLldLXm1a7+hGjhygjw8va4yg+Nlpp/VX3/u0/BxsYrftl7fL/hEjZpHyWQy68AfvxX5e9qqNWrLP9BxT9m8klp1GqpW3Ub647ftOrQ/QVvXLleX/3dfqUjAXbt8kRZ8/I6efu1jnT2TrGcfukcvvPc/lSkbqJcmDNPDz7ymqjXy/w4YAAAUXbEnsAIovS6+Icp1cIXLklyB1Wq1asPKxXbJqy3addSIfz+ncuWDlXLquD59b4o2rFwsSTp57LCWL/xMQ8fGyuzqetl8jVu01b1jJqp6zTrKycnW/I/e1qK5M/Jtz84+p4/feVErv/1ckpSVmaGkxL0OSWC15uXp+JEkzZ3xql3iZ1j9JvIvV0GStHXtclvyqslsVr+hD6tr36Hy8vHV2TMp+uTdF7V22SJJ0s64Tdq3+1c1a3O7Bj/wuG7r0kcvTRimk8cOS5Ladeyh0U+8bJd8arFYtGrJfFvyqrevn+4bM1HtOvaQq5u7ThxN0vtTnrDFsH3Tah05NEQ1wupftj+VqtbQ/RNeVFj9CIdWqAVuNKvVqjVLv7ZL4q5ao7ZGPfaSatdvIhfD0PbNa/Ty4/lXhT9+JEmrlyywLXv7+mn4I8+q7Z09JEnb1q3Qf6ZOtCXHLls0T5EdOqtW3YbXNfZoUqJWXTLWZDbrrgH/Uq9BI+VTpqzSz57R9GlPafNPV7+ZKD+nk0/YVVMODW+s4eOeVe16jZVntSp+6zq9/cK/lZGWKkturjavWaaW7WPk6cWdzwAAAAAAAACAgtkZt1FvP/9vNYuK1o+LP7d7GqGzklclydfPX6Mfn6KsjHTFb1svTy8fubiYlHzymN576THbd2+F9eDEqYru1s/B0V6uTNkAdYjpZXtS2+LPZ6tB09ZXLP4DAADg4uwAAJQeeXl5ysvLk8VicejPxXlLosyMNLsKpJ5e3uo1cJTKlQ+WJAWUq6B+Qx9WUMXKtj57d8crI/1svvPVCGugkNB6Mlxc5Obuoaatb7tiu7uHl6Lu6O6wfTl57LAeGdxJfdvWVL/2oXro7tu1afX3tnZvXz/d2eNuubq6KSszQzsuucs0vHELde5zr7x8fCVdePN514ARdhVXD+7bXah4UlNO2n0YENm+k9rH9JKbu4cMw1CFStXUc+DIv/ufTtaxw4fyncvb108hoXVJXkWpk5mRpv17dtqWTWazBj/wpOo2ai6TySTDxUWeXlf+gCzxj9/tkl8j23dSm+huMplMMplMiuwQo5heA23tGWmpSvzj9+sem5S41+5Dsmato9Xn3gfkU6asJMnVzV2urm5FOiaJf+yyOyZ39R+usPpNZLi4yGQyqXHLduoQ83eF+6NJiUpLTSnStgAAAAAAAAAAt56dcRs149Wn1bJ9J23+aWmJSV69KClxr6Y8PkInjx3WsHGxtu/nSotWt3VRw2atJV34fnL2G5N0OvmEk6MCAAAlFRVYARTYxSRTRyebltTkVUnKs1iUmZFuW65QubqCKlay6+PnH6iyAUG2ZK6zZ1KUlnraLrmzqEwm03XPURBBFStrbOwbCqvfRJKUm5OtM8knbe074zZpaNemV53j0uNUEJkZ6XaPTF+1ZIFdRcf8ZGUWbhtASffPa0xwlRBVrRFa4PH/PCeqh9a1Sxw1DEMVq4TY9bmYCO7IsaH1GjnsA7TU06fslt98bpzefG7cFfufP5el7PPnHbJtAAAAAAAAAMDN7UhSouZ88IpGPfaSGjRtrfoRLTXz9WeVkZZqS141mUyyWCzF9j3dpc6knNSs12MVVr+JOvYcqJ83rJSHl7fcPTxVrWYd+QWUK/ScZpNZAf/3BMbi4OcfqHtGTtCBCcOVkZaqXTu2aM4Hr+j+8S/I09vHrm9uTo5ycrJ5yloRWa1WnT59WvHx8fr9999lsVjk4+Ojdu3aKTQ0VC4u1LQDAJR8JLACwC3KZDareq26irqju6K79ZOvn7+zQwJueWZXN5nNrs4Oo9DcPal+DAAAAAAAAAAo+fIsFlmtVv3+yxZVrl5L9Zu2UmjdhqocEqqBIycoKzNdb04ap7v/9YjCIyKLPb4jhw5o146t2rVjq76ZN1NBFSsromV7VQkJ1cRps4s9nqKqHR6hh56apvemPK6MtFStXbZIp08d18jHXlLw/xXPOJeVqVmvP6uNq5ao39CH1a3/ULl7OK/ybWmSlZWllStXauHChVq2bFm+fVq3bq2RI0cqJiZGHh4eys7O1vbt2/Xhhx9q1apVGjRoUDFHDQBA/khgBYCrcDGZ5HXJnYDHDx/UyWNHFBBU0bYuIz3NrpJombIBJTIZNKhiZT392seqEnLt6o7/3O9adRvqiVdmOvTuTDd3d7l7/J30FtkhRg8/87pTH8kCFDfDMOzu4D596rhSTyfbXWOuxtPL/k7lg/v2KCcn21ZJ1Wq16vQp+8fyVKxc7brHmsz2LyGPHz7ksLvR/xnX/Y++oJjeg697XgAAAAAAAAAAJCn97Bmt+Gae/APLa/umVbbkVQ9PLx1I2KldO7Y4Lbaw+k318ZI427JhGPL0dswT0IqTYRhq3vZODR8Xq+nTnlZO9nntjNuk8fd1Ub+hDyu6ez8t/vxDrVn6tSRp3szXtOr7BRoy5ik1bRPtlOq3pcmmTZu0adMmxcTEaO7cuYqMjJS/v78Mw7BLVB02bNhlY1u3bq3PP/9cHTp0cELkAABcjnrhAHAVXt6+dndXZmVmaNG8GTp14qgk6eyZFM3/6C0dSUq09aldr7G8fcoUe6yO9M/93r9np2a/PkkH/vhNuTk5ki4kt6WfPaP4bes1beJorf7+S1t/F5PJ7o3lwQMJOnX8iN02/MtVUFj9Jrblnzf8qP++/7KOJCXKYrFc2EZens6knNKm1T8odswAp35gANwInt6+qlmngW059XSyFs2bqZRTxyVduPv4wB+/X3F8jbD6qlS1hm15y9rl2rhqiSwWiywWi37ZvEbffv73Hdnevn6qEVb/usdWqxEmP/9AW9uaZYu0bd0KWSwWWfPydOLoXzp2+FCRjsk/41rw8btatnCuzp5JkdVqlXThkULHDh/Sws+m66VHhykt9XSRtgUAAAAAAAAAuDllZabnu95sdlXl6rUUFFxFq3/4UlVr1LElr5YEhouLDMOwW+diGLLm5Sn97BmlpZ4u0s/F7/eKdV8MQ+1jemv88+/I29dPkpSTfV7zZr6mf/WI1DfzZtr1P/bXQb0xaaz27Yov9lhLk8DAQA0bNkybN2/WvHnz1KVLFwUEBNh+b9zc3NSqVSvNnDlTmzdv1ksvvaRJkybpnXfe0datW7V48WJ16tRJ7u7uTt4TAAAuoAIrAFyFYRiKuvMurV/5rZIS90qStq1boW3rVuTbP6hiZXXqPVhm19L3CPBLGYah6O79FL9tvS1pdOu65dq6bvkVxzRve4ft32X8/FU2IMiWwHZof4LGDepoa3/hvf8pPCJSd939L+359ecLSau5uVq+aK6WL5p7g/YKKHlMJpOatL5NyxbNlSU3V5K0YeVibVi5uEDjK1Sqqtu79dPc6dMkSRlpqXp38qN6d/Kj+faP6TVQIb&quot;
08-31-2019 12:59:36 Wire.java DEBUG [Forwarding screenshot on session 8224b39f135dddefa755fa7332753c0d to remote] http.wire 87 - http-outgoing-4 &lt;&lt; &quot;XDr3tscNUaqtuoubasWWYb+9ozDxZwr6+9T70HP6Dprz4lS26uzqSc1KzXYzXr9dh8+9cOj3DIdgEAAAAAAAAApZ+bu4cqVq6m37dv0e1d+srLx756acUq1fXM65/kO9ZqterPfXtUJSRU5SpUKo5wL3M0KVEvTRimk8cOS7rwGfhTr36o1NPJdusL68GJUxXdrZ8jQy0QwzDUol1HTXprjma+HnvN5NQKlarKv1xQMUVnL6R2PXXuc6/8/APl5u6ugSMnqFyFSjK7uqljz4EqG+CcuP4pOjpa0dHR1+xnGIbCwsIUFhZWDFEBAFB0JLACwDVUrFxNY556Ve9PecyWxJqfsgFBenDiVFWreXO8CfAPLK+Hnp6m/7zypHbGbSrUWG9fP7W5o7v27Iy7ar+qNWpr7LNvXvPYAjezRs3bqu+Qh/Tlp+/ZklgLyjAMdes3VFkZafrmf7OuOv6O7v3V574xturI1zPWw9NL99w/XkcOHXD4uWsYhtp37q3c3Gx99PZk5WSfd+j8AAAAAAAAAICbl7uHp6K799drz4zR5PFD1KhFlFxcCvY4+iOHDmjzmqXqO+QhBZZ3TgKr2eyqsPpN9PAzr2nBx++ofafe8ilTVqmnk50Sj6PUrNNAz78zVyu++VzfffGh7WmXlzKZzbrzrrudduxrhjVQzbALT83z9fNXn/v+LtzR594HJIknwgEAcAOQwAoABRBar5FembVQm39aqrXLv9GuHVuVk31erm7uCq3XSK1v66J2nXrK18/f2aE6VPngqnrmjf8qYefP+umHr5Xw23YdPrhf0oU3kZWr11KDJq3ULOoO1WvU3DbOMAzF9B6ssgHl9ON3823Hy2Q2q3qtuvLw8rb1Da3XSFNnf6OdcZu0asl8Jf6xSyeOJkmSXN3cFRJaTw2atlKLdh1Vq26j4j0AQDEwmUzqO+QhhdVvom8/n207X6rXqqvbu/ZVhUpVNXXiKFv/ipWr2Y13c/fQPSMnqG3Hnlq1ZL62rl1hO4fKB1dVg6atdHvXvqrbsJkMFxeHja0SUluT3p6rpV/P0dpli3TiaJK8ff3UuEVbde4zWD98NUebVn8vSSpTNqBQ10eTyaSOPQeqRbuO2vjjEm1es1QH9ycoIy1V0oUbBmrWqa/GLdupZbtO8ilTtsBzAwAAAAAAAABubg2attbEqbM0d8ar+urT9ws8rlz5YI1+fIraduxhK+hQ3CpWqa6Hnn5Vs9+YpNQzKaocUkuS5GIyXVdMJrPzU0PcPbzUfcBwdek7RAk7f9bqH77S1rUrlH3+nJq1uV197ntQNWrXl2EYxRaTf7kg5eRkF7iYRkZ6mu27CgAA4BjOf5UCAE4Q3a1foR+T4e7hpQ6d+6hD5z4FHlMlJFT/+XLdFdvDIyL15foDRW6/Gl8/f7088+sijb2UyWRSeESkwiMiCz2uTXQ3tYnuds2+bu4eatbmdjVrc3uB5nb38NS4SW9p3KS3ChUTUBKdP5elma/Fyj8wSPeNmajK1WrJ7Ooqi8WiY3/9qf++P8XW12Q2q1K1GpfNYRiGqtUM09CHn9HQh58p1PaLOnbXji2a88FU9bjnfr0ya6F8/fxlGIYy0s9q809L9evPG2x9K1WtIQ9PL9vyta6NF5UNCFLXfkPVtd/QQu0TAAAAAAAAAODWZRiG6jZqrsnvf+HsUIrE7OqmmD6DZSxy0YxpT+uJV2aqUtUaeu+Ln5wdmkNc+t3jmInOjaV2eITmf/SORvZuU+AxQRUrK6x+kxsYFQAAt5YblsAaGFs6XwwCAAAUtzxLrhbNnaFFc2dctV+z1tEKCQ0vpqiube+uHXo9dsxV+5jMZrXt2FPuHp7FFBUAAAAAAAAAAKWTxWLR9o2rVD20rqqEhGrPrz9Lsjo7rJtW7fAITXp7jrZvXC2LxXLN/iaTSc2j7lCVkNBiiO5v3t7e6t+/vypUqFCs2wUAoDhQgRUAAKAUCA1vrMEPPC4vH19nh1JgJrNZg0Y9pojI9s4OBQAAAAAAAACAEu9M8kl9/9Wn2vnzRrm6uWvwA48rsHwlZ4d10zIMQzXDGqhmWANnh3JV7u7u6t+/v7PDAADghnB4Amvy5AGOnhJACeHi4qK8vDxZLBaZTCaHzHnxTjYXFxeHzAcApY3Z1U2to7vKxWTWoQMJ+uvPfcrJPi9JKhsQpDoNm6pVh85q2b6j3D28nBzt3ypWrq7+w8dp146tOnH0L504miTpQtJq9Vp11bhFW7Xr1EtVa9SWYRhOjhYAAAAAAAAAgJIvsHxFTXrrM2VlZsjV1U1mV1dnhwQAAHBDGfPnz7eGhYXZrYyIiJDVShl6oLS6mCh0rfP4Yr+UlJQCzbtx40adPXtWNWrUcNjjCY4fP67ExESVKVNGbdq0KdRYf3//fNcXdr8AwNG4PgG4iOsBUDCcKwBuZVwDgevHeQQAQOnB320AAIAb60qvty66+LorNTVVkrRjx44bHlN+IiIiJEmUPARQYEFBQZKkxMREHT9+3FY9tSgsFostefXSuQEAAAAAAAAAAAAAAAAANz+zswMAUHoEBgYqMzNTR48eVWJioi359HoFBwcrMDDQIXMBAAAAAAAAAAAAAAAAAEo+hyewBsZ+4egpARRQ8uQBN3R+s9msKlWqyMvLSydPnlR6erry8vKKNJeLi4t8fHwUFBSkgIAAmc3k0wMAAAAAAAAAAAAAAADArYKMMQAF5uXlpdTUVPn7+8vf39/hcwMAAAAAAAAAAAAAAAAAbg03LIH1RleCBPC34qp8bDab5efnp8zMTOXk5MhqtV7XfIZhyNXVVV5eXlRgBQAAAAAAAAAAAAAAAIBbCBljAArFbDarTJkyzg4DAAAAAAAAAAAAAAAAAFCKuTg7AAAAAAAAAAAAAAAAAAAAANxaSGAFAAAAAAAAAAAAAAAAAABAsSKBFQAAAAAAAAAAAAAAAAAAAMWKBFYAAAAAAAAAAAAAAAAAAAAUKxJYAQAAAAAAAAAAAAAAAAAAUKxIYAUAAAAAAAAAAAAAAAAAAECxIoEVAAAAAAAAAAAAAAAAAAAAxcrs7AAAOF9AQICzQygSq9V61fbSul8ASj+uTwAu4noAFAznCoBbGddA4PpxHgEAUHrwdxsAAODGutbrrZKGCqwAAAAAAAAAAAAAAAAAAAAoVqW2AuuGDRvUtm1b2/Jnn32mQYMGOTEioPQpbRn3BXWz7heA0o/rE4CLuB4ABcO5AuBWxjUQuH6cRwAAlB783QYAALg1OaUCa3Jysjp37izDMK74ExISogEDBmjp0qU6f/68M8IEAAAAAAAAAAAAAAAAAADADeCUBNaCOHjwoObPn68uXbpo/PjxysjIcHZIAAAAAAAAAAAAAAAAAAAAcIASm8B6qTlz5mjz5s3ODgMAAAAAAAAAAAAAAAAAAAAOUCISWBs3bqw9e/bIarUqLy9PiYmJ6tmzp609LS1Nx44dc2KEAAAAAAAAAAAAAAAAAAAAcJQSkcB6KcMwFBISoh49etit9/X1LfRceXl52rRpk8aNG6em/5+9ew2zuq73xv9eiIyIoyKpeIoJReBWg8xEnFs8ZIrmYaOZ5Wlnm3vjxjyFWYLDTkAjyCM7Ubq5NBUqUtC2FpCnuBsF3WqzKXFC3aAIijKkgDIwsP4PvFh/SQ6D0gL19bqu9WCt3/f7+X2+ay14wPXmsw4+OIVCIYVCIT179kxNTU1mzZqVYrG4zr2NjY2ZPHly+vTpkx133DE77rhjTjjhhIwfPz6XX355qVb37t1TX1//oc4KAAAAAAAAAAAA8GnUcks38PeKxWJeeOGFTJw4sfRanz590rNnz02q09DQkJqamtxyyy0fuDZ9+vRMnz49N910U6666qpccsklqaioKF1ftmxZrrjiig/snTx5ciZPnryJJwIAAAAAAAAAAADg/baKAGtdXV26dOmyzmvnnXdehg0bll133bXZ9RobG3PttdeuM7z6fkuWLMn3v//97Lnnnjn77LNTKBSyatWq3HLLLRvdCwAAAAAAAAAAAMCH02JLN7AxM2bMyMSJE7Ns2bJm76mrq8v48eNLz7t165Zp06Zl1apVeeeddzJmzJ&quot;
08-31-2019 12:59:36 Wire.java DEBUG [Forwarding screenshot on session 8224b39f135dddefa755fa7332753c0d to remote] http.wire 87 - http-outgoing-4 &lt;&lt; &quot;hUVlaWrv/f//t/88orryRJXnjhhYwbN650rbKyMkOGDElDQ0OKxWIaGhpy/vnnb4aTAQAAAAAAAAAAAHw6bfUB1vr6+lx66aW54oormh1ira2tzYIFC0rPzzvvvPzv//2/06JFi7Ru3TrnnHNOzjrrrNL1P/zhD5kzZ07pfnV1daVrffr0ySWXXJK2bdsmSbbbbru0atVqcxwNAAAAAAAAAAAA4FNpqwiwduvWLc8//3yKxWKKxWJWrlyZxx9/PD169CitueuuuzJ9+vRm1Vu6dOlazw866KAUCoXS89atW2evvfZaa82aCaxLlixZ6/Xu3btnxx133KTzAAAAAAAAAAAAALB+Lbd0A+vSsmXLHHrooTnmmGMyY8aMJO8FS5988sl8+ctfLmsv22+/fVnvBwAAAAAAAAAAAPCP1r179y16/61iAmtzbbfdds1at8MOO6z1fObMmSkWi6XnjY2NefPNN9das88++yR5Lzz7fnPnzs2qVas+TLsAAAAAAAAAAAAArMNWGWB99913M2nSpIwfP36t1w888MBm7a+urs4ee+xRen7nnXfmj3/8Y1avXp0VK1bkl7/8ZW6//fbS9SOPPDJVVVVJkq5du6ZTp06la+PHj89vf/vbNDU1ZfXq1Zk7d27mzJnzUY4HAAAAAAAAAAAA8KnWcuNL/vHq6urSpUuXDa4544wzcsghhzSrXrdu3XLWWWfluuuuK9Xv1avXetf37du3NIF13333TXV1dWbPnp3kvQmsp5xySrPuCwAAAAAAAAAAAMDGbZUTWP9enz59MnLkyLRt27ZZ6ysqKjJw4MD0799/g+sqKyszYsSIfOMb30ihUEiStGnTJj/4wQ9SXV39kfsGAAAAAAAAAAAA4IO22gBr586d841vfCO/+93v8otf/CIdOnTYpP277LJLRo0alccffzwXX3xxOnfuXLp22GGH5aqrrsqMGTNy+eWXp2XLtQfRdu7cOZMmTcqPfvSjfOELX0iSdOjQIf/yL/+SP/7xj/n2t79dWrvrrrtml112+QgnBQAAAAAAAAAAAPh0abnxJZtfu3btMnny5I9Uo7q6OsVicYNrWrRokZ49e6Znz56bVLu2tjZDhw5N//798/vf/z677LJLCoVC3nrrrfznf/5nHn744dLafffdNzvssMOHOgMAAAAAAAAAAADAp9EWCbB+HEyZMiVTpkzZ4JrKysqcdtppad26dZm6AgAAAAAAAAAAAPj4a7GlG/i4qqyszLXXXptjjjlmS7cCAAAAAAAAAAAA8LFiAus6fO5zn8uPf/zjPPHEE5k7d26effbZJO+FVg899NAceeSR+drXvpYuXbqkUChs4W4BAAAAAAAAAAAAPl4EWNdhzz33zBVXXLGl2wAAAAAAAAAAAAD4RBJghU8wE4IBAAAAAAAAAADYGrXY0g0AAAAAAAAAAAAA8OliAit8AhWLxS3dAgAAAAAAAAAAAFuht99+e0u3kMQEVgAAAAAAAAAAAADKTIAVAAAAAAAAAAAAgLISYAUAAAAAAAAAAACgrFr+owq3q/nVP6o0AAAAAAAAAAAAAB9jJrACAAAAAAAAAAAAUFabfQLroqFnbu6SAAAAAAAAAAAAAHyCmMAKAAAAAAAAAAAAQFkJsAIAAAAAAAAAAABQVgKsAAAAAAAAAAAAAJSVACsAAAAAAAAAAAAAZSXACgAAAAAAAAAAAEBZCbACAAAAAAAAAAAAUFYCrAAAAAAAAAAAAACUlQArAAAAAAAAAAAAAGUlwAoAAAAAAAAAAABAWQmwAgAAAAAAAAAAAFBWAqwAAAAAAAAAAAAAlJUAKwAAAAAAAAAAAABlJcAKAAAAAAAAAAAAQFkJsAIAADF/ppgAACAASURBVAAAAAAAAABQVgKsAAAAAAAAAAAAAJSVACsAAAAAAAAAAAAAZSXACgAAAAAAAAAAAEBZCbACAAAAAAAAAAAAUFYCrAAAAAAAAAAAAACUlQArAAAAAAAAAAAAAGUlwAoAAAAAAAAAAABAWQmwAgAAAAAAAAAAAFBWAqwAAAAAAAAAAAAAlJUAKwAAAAAAAAAAAABlJcAKAAAAAAAAAAAAQFkJsAIAAAAAAAAAAABQVgKsAAAAAAAAAAAAAJSVACsAAAAAAAAAAAAAZSXACgAAAAAAAAAAAEBZCbACAAAAAAAAAAAAUFYCrAAAAAAAAAAAAACUlQArAAAAAAAAAAAAAGUlwAoAAAAAAAAAAABAWQmwAgAAAAAAAAAAAFBWAqwAAAAAAAAAAAAAlJUAKwAAAAAAAAAAAABlJcAKAAAAAAAAAAAAQFkJsAIAAAAAAAAAAABQVgKsAAAAAAAAAAAAAJSVACsAAAAAAAAAAAAAZSXACgAAAAAAAAAAAEBZCbACAAAAAAAAAAAAUFYCrAAAAAAAAAAAAACUlQArAAAAAAAAAAAAAGUlwAoAAAAAAAAAAABAWQmwAgAAAAAAAAAAAFBWAqwAAAAAAAAAAAAAlJUAKwAAAAAAAAAAAABlJcAKAAAAAAAAAAAAQFkJsAIAAAAAAAAAAABQVgKsAAAAAAAAAAAAAJSVACsAAAAAAAAAAAAAZSXACgAAAAAAAAAAAEBZCbACAAAAAAAAAAAAUFYCrAAAAAAAAAAAAACUlQArAAAAAAAAAAAAAGUlwAoAAAAAAAAAAABAWQmwAgAAAAAAAAAAAFBWAqwAAAAAAAAAAAAAlJUAKwAAAAAAAAAAAABlJcAKAAAAAAAAAAAAQFkJsAIAAAAAAAAAAABQVgKsAAAAAAAAAAAAAJSVACsAAAAAAAAAAAAAZSXACgAAAAAAAAAAAEBZCbACAAAAAAAAAAAAUFYCrAAAAAAAAAAAAACUlQArAAAAAAAAAAAAAGUlwAoAAAAAAAAAAABAWQmwAgAAAAAAAAAAAFBWAqwAAAAAAAAAAAAAlJUAKwAAAAAAAAAAAABlJcAKAAAAAAAAAAAAQFkJsAIAAAAAAAAAAABQVgKsAAAAAAAAAAAAAJSVACsAAAAAAAAAAAAAZSXACgAAAAAAAAAAAEBZCbACAAAAAAAAAAAAUFYCrAAAAAAAAAAAAACUlQArAAAAAAAAAAAAAGUlwAoAAAAAAAAAAABAWQmwAgAAAAAAAAAAAFBWAqwAAAAAAAAAAAAAlJUAKwAAAAAAAAAAAABlJcAKAAAAAAAAAAAAQFkJsAIAAAAAAAAAAABQVgKsAAAAAAAAAAAAAJSVACsAAAAAAAAAAAAAZSXACgAAAAAAAAAAAEBZCbACAAAAAAAAAAAAUFYCrAAAAAAAAAAAAACUlQArAAAAAAAAAAAAAGUlwAoAAAAAAAAAAABAWQmwAgAAAAAAAAAAAFBWAqwAAAAAAAAAAAAAlJUAKwAAAAAAAAAAAABlJcAKAAAAAAAAAAAAQFkJsAIAAAAAAAAAAABQVgKsAAAAAAAAAAAAAJSVACsAAAAAAAAAAAAAZSXACgAAAAAAAAAAAEBZCbACAAAAAAAAAAAAUFYCrAAAAAAAAAAAAACUlQArAAAAAAAAAAAAAGUlwAoAAAAAAAAAAABAWQmwAgAAAAAAAAAAAFBWAqwAAAAAAAAAAAAAlJUAKwAAAAB8DDQ1NaW2tjaXXHJJunTpkkKhkEKhkKOOOiojRoxIfX19isXiR7rHu+++m8ceeywDBw5Mz549S/c4+OCDM2zYsLz88ssb3D9nzpwMGDCg1F+XLl0yYMCAzJkzp1n3X7JkSc4777xccMEFeffddze4dvXq1XniiSfSt2/fVFVVlfocPnx43njjjWafeX0WLlyYMWPG5OSTT067du1SKBRSVVWVM888M2PHjs3ChQvXWl9bW1t6v97/aNeuXU4++eSMHTs2y5YtW+e9Fi1alN69e6dQKKR79+6pr69fb1/Lli3L+eefv96148aNW2cfBx98cAYMGJBZs2Z94Hvy/vv//aNnz56pqalp1mfY2NiY3//+9zn//PNL34E15x8zZkwWLVq00RoAAAAAwKeHACsAAAAAbMWKxWKeeeaZnH766fnlL3+Zs88+O88++2yKxWJWr16de++9N126dMmll16aK6+88iOFN5955pkcff&quot;
08-31-2019 12:59:36 Wire.java DEBUG [Forwarding screenshot on session 8224b39f135dddefa755fa7332753c0d to remote] http.wire 87 - http-outgoing-4 &lt;&lt; &quot;TR+dGPfpTp06eXXn/22WdTU1OTXr165Q9/+MM6906bNi29e/fO9ddfXwpV1tfX5/rrr89RRx213n3Je+HcefPm5Sc/+Unuu+++jfbZ1NSU6667Lscff3zGjh2buXPnlvq88sor85WvfCVPPPHEphx9rdqjR49O165d069fvzzwwANpaGhIksydOzcTJkxI3759s99++2X48OFZsWLFBus1NDTkgQceSN++fXPaaadl9uzZG1xfV1eXBx98cL1h5L/85S+ZMmXKJp/r2WefzfXXX58ePXrkpz/9aZqampq1b/r06Rk2bFiOOuqoTJw4cb19zZ49O1/72tdy3HHH5Y477ih9B9acv1+/fqmurs7kyZM/ctAaAAAAAPhkEGAFAAAAgK1UsVjMpEmT8v3vfz81NTW5+eabc+ihh6Z169ZJUppwecopp+S+++5L586d861vfWujIcn12WabbXLJJZdkxowZ+dvf/pbVq1dn9erVmTdvXvr375+5c+dm2LBhWbBgwVr7Fi9enBtvvDHz58/PkCFD0tDQkGKxmLfeeisjR45MQ0PDOvcl700M3XbbbbPPPvtkyJAhWbJkyUb7vOeeezJ06NB07Ngxv/vd79LY2Fjq8/LLL09dXV0GDRqUV199dZPOvyYY279//6xcuTI1NTV54YUXsnLlyhSLxTQ2NmbmzJm5+uqrs+2222bOnDlZtWrVWjWGDBmSYrFYejQ2NuaRRx5JdXV1pk6dmttuuy2NjY3rvH/Xrl1zxBFHZMKECeuceNrU1JT7778/SdK5c+cNnuXuu+8u9bB69eq8+eabuf7667Pttttm4MCB6wwUH3/88XnzzTdL+1atWpUXX3wx//qv/5q5c+fm+uuvL4WF32/OnDk5//zz88ADD+Soo47K73//+7zzzjspFotZuXJl/vu//zvnnXde6uvrc8EFF2TatGkb7B0AAAAA+HQQYAUAAACArdS0adMyatSo3HzzzTnkkENSKBTWu7aioiLf+ta3cvbZZ+f73/9+Xn/99U2+32GHHZYbb7wxhx56aHbaaafSz8jvtddeueqqq3LsscdmxowZHwgx/td//VcmTZqUs846K5dffnnatm2bJNlxxx1z0UUX5fzzz89DDz30oaeivt+bb76Zn//859lhhx1y8803p3fv3mnVqlWpz2HDhmXAgAF59NFHM3ny5E2q/fjjj+emm25Khw4d8qtf/SpXX3119t1337Rs2TJJ0qpVqxx44IEZPHhwnn766Y2GSNfsOfroo3P99ddnjz32yBNPPJHXXnttnWs/+9nP5pxzzslzzz2Xhx566AOTSuvr6zNp0qT069cvvXr1ava51gSdL7300gwaNChLlizJgw8+uNHpsS1atEjHjh0zfPjw9OnTJ7W1tfnv//7vtdY0NTXlZz/7WWpra3Pqqafml7/8ZY499thSyLply5Y56KCDMnbs2AwfPjxz587N1VdfvcnhYgAAAADgk0eAFQAAAAC2QnPmzMm1116bH/7wh+natWuSZPXq1Xn00Ufz9a9/Pe3atcuOO+6YE044IWPGjMnChQtTKBTy9a9/PT169MjIkSPXO+nzw9h5552z7777ZsmSJWtNHS0Wi5kxY0aS5IgjjigFF9eoqKjIl7/85STvBV3/fmLp2WefXZr4+fzzz6dbt24b7GPRokVZsGBBPv/5z+eAAw74wPWKior06dMnlZWVeeaZZ7J8+fJmna+xsTH33ntvFixYkH79+uW4447bYGC4qqoql1122QfOuz6f+9zncsABB2TZsmUb7Onoo4/OsccemwkTJqwVdC0Wi5kyZUqS5MQTT0yLFpv+T7uFQiE9evRIkrzzzjsf+CzWZ+edd87nP//5JPnAhNw1odquXbtmyJAh2X333ddZo2XLlvnXf/3XnHHGGXn00Ufz2GOPbXL/AAAAAMAniwArAAAAAGxlisViJk6cmEMOOSTV1dVJknfffTdDhw7NMccck1//+tdpaGjIkiVLMnny5PTr1y+33XZbkveCguecc07+8pe/pK6ubrP1tGLFiixatCidOnVKZWVl6fXly5dn3rx5Sd4Lda5LVVVVOnXqlHnz5uWdd97ZbD2tz2c+85l07NgxL774YpYtW9asPa+88kpqa2vTqVOnfPWrX80222yzWXt66623snjx4rRp0ybbbbfdetftsssu+epXv5qHHnoojzzySOn1OXPmZMKECenTp0+zJr+uT3NDq+/X2NiYN954I0nW+uyT5M9//nNmzZqVXr16pVOnThus07Zt2xx//PFJ3pt229xwMQAAAADwySTACgAAAABbmddeey2PPPJITj311NLP10+dOjXXXXddjjvuuDz55JNZuXJlVq9enQULFuTmm29eKxS555575itf+UoeeOCBDxVYXJe6urrU1tame/fu2WeffUqvrwmwHnTQQWnXrt0691ZUVGT77bfPwoULN/qz9Ruz3XbbpU2bNnn55Zc368/Qv/7663n66aez//77r3W+zaFYLGb69Oml+p/5zGc2uP7EE0/Msccem3vvvTeLFy9OkjzyyCN5+eWXc+qpp2bbbbf9UH00NTWVprh27ty52dNj/+d//ie1tbXp2rVr9t1337Wu/fWvf92kegcccEAqKys3KVwMAAAAAHwyCbACAAAAwFZm/vz5adWqVWmi5ZIlS3Lvvfdml112yTXXXJMvfelLadmyZQqFQtq3b5+LLroo3/ve90r7C4VCDj/88Dz//PNZunTpR+7n9ddfz/XXX59WrVrlwgsvTNu2bUvXVq9enaamprRo0SKFQuEj32tj2rdvn549e2bWrFn53ve+l6eeeipNTU1J3psS+8ILL2TcuHF56aWXPlT9vffee4MTUjfV4sWLc/vtt+eqq65Khw4d0rdv37Rp02aDe9q3b58TTjghDz30UKZNm5aFCxfmN7/5Tc4444x069Ztk3toamrKiy++mCuvvDKjRo1Kjx49ctJJJ21034oVKzJt2rRceumlqaury/nnn58uXbqsc+1uu+3WrF7atm2bjh07blL/AAAAAMAnU8st3QAAAAAAsLZXX301u+22WylI2dDQkBdffDFf+tKXNvoz7Wu0bds2jY2N+dvf/paddtrpQ/fS0NCQmpqaPPLII7nhhhtSXV39oWttDhUVFenXr19mzpyZqVOnZurUqVu0n783ePDgDB48+AOvd+vWLdddd10OP/zwjdYoFArp06dPJkyYkPvuuy9/+9vf8uijj2bSpEmpqKjIu+++u9Ea55xzTs4555wPvN65c+eMGDFind+jKVOmrHM6bGVlZX7yk5+kf//+2WabbTZ6bwAAAACA5hBgBQAAAICtzJIlS9Z6vnz58ixbtizt2rVLq1atml1n+fLlWb58+Yfu44033siAAQNy3333paamJv/8z/+cli23/D8pdurUKRMnTsydd96ZX/3qV/nDH/6QJDnyyCPzta99Lf/rf/2vXHDBBdlnn32a9bP27zdv3rwsX758k/dtyGGHHZZf/OIXqaqqavaez372sznuuONy44035re//W1OP/30HHbYYR/q/pWVlTn00EPzT//0T/nmN7+Zdu3abdL+n//85+nTp88G1yxcuLBZtRYvXpyXXnope++9d1q08ANhAAAAAPBp5l8IAQAAAGArU1lZudbzbbbZJi1btsyiRYuyYsWKZtfZbrvtSlNcN9Wrr76aCy+8MPfdd19uuOGGXHbZZesMr26//fapqqpKXV1d3nzzzXXWamxszDvvvJPddtttkwK4G9KmTZv827/9Wx577LEUi8UUi8U89thj+c53vpO//e1vmT17djp27Jjtt9++WfV23333fPGLX8xLL72U+fPnf+i+hgwZUupn6dKl6d+/f6ZPn55rr702DQ0Nza6zzTbb5Mwzz8zee++dd999N//0T/+UNm3aNHv/3XffXerj7bffzkMPPZTvfOc7GwyvHn/88XnzzTdTLBazevXqjBs3LpWVlfnxj3+cp59+ep179t9//yRJfX19sybDvvjii1myZEn233//TToPAAAAAPDJI8AKAAAAAFuZvfbaKwsXLixNT911113zuc99Lk899V&quot;
08-31-2019 12:59:36 Wire.java DEBUG [Forwarding screenshot on session 8224b39f135dddefa755fa7332753c0d to remote] http.wire 87 - http-outgoing-4 &lt;&lt; &quot;Rmz57drBqLFy9ORUVFdt55502+/zPPPJMzzzwzTz75ZO644458+9vfXu/k1e222y7t27dPksyZM2eda+bMmZPZs2dn7733bnag9MN6++23c//992ePPfbIl7/85Wbv22OPPXLQQQdl1qxZ+c1vfpNVq1Z95F7atGmTwYMH54wzzsjPfvaz1NTUZNmyZc3ev99+++UrX/lKjj322PTq1esj97MpCoVCvv71r6empibPPfdcLrzwwsyaNesD6w488MB07do106ZN2+h3c/Hixbn//vuTJF/84hc3W5gZAAAAAPh4EmAFAAAAgK3MnnvumRUrVpQCgTvttFN69+6duXPnZtCgQXnqqafS1NSUYrGY1157LWPHjs3IkSNL+4vFYh5//PF06dIlO+ywQ7PvWywW87vf/S6nnXZali5dmnHjxqVPnz4pFArr3VMoFFJdXZ0keeihhz4Q0GxsbMzDDz+cJDnkkEOyzTbbNLufTdXU1JQ77rgjd955Z0455ZQcdNBBzd7bpk2bfPOb30xlZWVuu+22TJ06NcVicb3rX3vttYwaNWqjU0d33333jBo1KqeeempuueWW3HzzzWlsbGxWTxUVFbnpppsyceLEtG3bttln2VxatmyZyy67LIMGDcqMGTNy5ZVX5tVXX11rzX777ZcTTzwxs2bNyuDBg/P666+vs1ZTU1PGjBmTX//61zn66KNz1FFHleMIAAAAAMBWTIAVAAAAALYy7du3zzHHHJP7778/TU1NSZJvfOMbueSSSzJ16tQceuih2XbbbdOiRYvsscce6du3b2laa5LMnz8/v//973PSSSc1OzC6atWq3HrrrTnzzDNz4IEH5v777091dfUGw6trdOvWLaecckruvffeXH/99Xn77beTvDcNddSoUbn99ttz7LHHpmfPnh/i3di4pqamzJw5MxdffHEuueSS9OjRI5dccklat269SXWOOeaYDBo0KHPnzs2ZZ56ZK664Ii+++GLpM1ixYkX+/Oc/Z8iQITnggAPyl7/8pVl1d9999/zoRz9Kjx49MnDgwNx4442lmlu7li1b5jvf+U769++f+++/PxdeeOFaIdWKior069cvPXr0yP3335+TTz45Dz74YCnIvOaz+Zd/+Zf84Ac/SIcOHfLv//7v2WuvvbbUkQAAAACArYQAKwAAAABsZQqFQk477bT813/9V2pra5O8NyH0xz/+ce6555707t07lZWVqaysTO/evXPbbbelf//+Sd4LDN5999054IAD0q1bt2bfc8WKFamrq8uSJUvy4IMPpqqqKoVCYZ2P3r17Z9GiRaW9u+22WwYMGJA999wzgwcPzk477ZRCoZCddtop3/ve97LLLrvkqquuyh577PGB+44bN65Ut0uXLqmrq8ttt92W7bfffp33WmPo0KGlfdtuu20+//nPZ/To0TnuuONyxx13pGvXrpv6tqdly5a5+OKLM3To0CTJT37yk+y3337ZdtttUygUUlFRkYMOOij//u//niTp2LFjswPCXbt2zQ033JBu3brlmmuuyS9/+cusXr16k3vcEtq0aZMf/vCHOffcc3P//ffn6quvzpIlS0rXO3XqlLvuuisnnXRSnnrqqZx00knZYYcd1vps7rzzznTu3Dm33nprevXqtQVPAwAAAABsLVpu6QYAAAAAgA+qqqrKwIED88Mf/jC33HJLunbtmoqKipx++uk5/fTT17mnWCxmwoQJmTFjRkaPHp2Kioqy9durV69Mnjw5o0aNyoMPPpj6+vp07tw5X/3qV3PRRRelqqpqs96vTZs2qayszJIlS9K5c+f07NkzZ511Vnr16vWRzt26desMGjQo55xzTiZMmJCpU6fmySefzJIlS9KhQ4f06NEjp556ao499tjstttum1S7Z8+euemmm/LP//zP6d+/f1q0aJFvfvObH7rXctp1110zcuTIvP322xk9enQKhUJGjBiRNm3aJHkvxHrPPfdk2rRpGT9+fJ544onU19ensrIy1dXV6dOnT04//fS0a9duC58EAAAAANhaFCZMmFDcf//913qxe/fuKRaLW6glAAAAACB5L5A6adKkjB49Oj/60Y/yxS9+MYVCYZ1rGxsbM378+Nxzzz258cYb06lTpzJ3CwAAAADAx8Hbb7+9pVtIYgIrAAAAAGy1CoVC+vTpk6qqqlx99dX57Gc/m3PPPTcHHXRQWrdunWKxmIaGhtTW1mb06NHp1q1b7rjjjuy6665bunUAAAAAANggAVYAAAAA2IoVCoUcfPDBmTBhQp544omMGzcuU6ZMSX19fZLkyCOPzIknnpjRo0enQ4cO653QCgAAAAAAWxMBVgAAAAD4GKioqMhRRx2Vo446aku3AgAAAAAAH1mLLd0AAAAAAAAAAAAAAJ8uAqwAAAAAAAAAAAAAlJUAKwAAAAAAAAAAAABlJcAKAAAAAAAAAAAAQFkJsAIAAAAAAAAAAABQVgKsAAAAAAAAAAAAAJSVACsAAAAAAAAAAAAAZSXACgAAAAAAAAAAAEBZCbACAAAAAAAAAAAAUFYCrAAAAAAAAAAAAACUlQArAAAAAAAAAAAAAGUlwAoAAAAAAAAAAABAWQmwAgAAAAAAAAAAAFBWAqwAAAAAAAAAAAAAlJUAKwAAAAAAAAAAAABlJcAKAAAAAAAAAAAAQFkJsAIAAAAAAAAAAABQVgKsAAAAAAAAAAAAAJSVACsAAAAAAAAAAAAAZSXACgAAAAAAAAAAAEBZCbACAAAAAAAAAAAAUFYCrAAAAAAAAAAAAACUlQArAAAAAAAAAAAAAGUlwAoAAAAAAAAAAABAWQmwAgAAAAAAAAAAAFBWAqwAAAAAAAAAAAAAlJUAKwAAAAAAAAAAAABlJcAKAAAAAAAAAAAAQFkJsAIAAAAAAAAAAABQVgKsAAAAAAAAAAAAAJSVACsAAAAAAAAAAAAAZSXACgAAAAAAAAAAAEBZCbACAAAAAAAAAAAAUFYCrAAAAAAAAAAAAACUlQArAAAAwKfEwoULM2bMmJx88slp165dCoVCqqqqcuaZZ2bs2LFZuHDhlm6RjVi2bFnGjx+/1me44447plevXqmpqclTTz2VpqamLd0mzTR//vwcffTRGTp06GavvWzZslx44YUpFAoZN25cs/bcdttt6d69e+rr6ze4bty4cSkUCht8NKfOhrz88ssZNmxYDj744NLfVX379k1dXV2KxeLH7jxvvPFGhg8fXjrPjjvumBNOOCFjx47NsmXLPrC+WCzmlVdeyejRo3PqqaemqqqqWfs+ynnK8T4AAAAAwPsJsAIAAAB8wjU1NWX06NHp2rVr+vXrlwceeCANDQ1Jkrlz52bChAnp27dv9ttvvwwfPjwrVqwoW2+LFi1K796907t37yxatKhs9/04euaZZ3L88cfn7LPPXuszXLJkSf7f//t/GTZsWA499NB87Wtfy+LFi7dwt1uP+vr6dO/ePRdccEHefffdLd1OkmTFihV54YUXcvXVV+exxx7b7PWbmpryH//xH7nllls2urZYLGbx4sWZOHFibrjhhs3ey4cxbdq0HHfccampqcmzzz6b5L2/q8aOHZsjjjgiP/3pT9cb1N5az3PEEUfkyiuvLJ1nyZIlmTx5cvr27ZvTTjsts2fPXmtPQ0ND/s//+T/p379/fvOb32Tu3Lnr3PfSSy+V/TwAAAAAsLkIsAIAAAB8gjU1NeW6665L//79s3LlytTU1OSFF17IypUrUywW09jYmJkzZ+bqq6/Otttumzlz5mTVqlVbum3+zpw5c3LxxRentrY2l1122Qc+w9mzZ2fIkCHp0KFDli9fntWrV2/plj8V1kysrK2tbfaeoUOHpqKiIp06dcqYMWM2e09r/sxfc801Oeywwza4tr6+Pl/4wheyyy675PTTT9/kyZp33313isXiOh9/+tOf0rlz503uf/bs2bniiisyf/78jBw5Mg0NDSkWi1m6dGnuuuuu7LLLLhk4cGAeeeSRj8V5FixYkKFDh2b+/PkZPHhwFixYkNWrV2fVqlX561//mm9+85uZOnVqbrvttjQ2Nq61t1OnThk3blxeeeWV0p/3lStX5s&quot;
08-31-2019 12:59:36 Wire.java DEBUG [Forwarding screenshot on session 8224b39f135dddefa755fa7332753c0d to remote] http.wire 87 - http-outgoing-4 &lt;&lt; &quot;knn8xxxx2XqVOnZvz48eudSPthz/OPeB8AAAAAYF1abukGAAAAAPjHefzxx3PTTTelQ4cOGT16dHr37p1CoVC63qpVqxx44IE58MADc95552XSpElbsFvWZ8aMGamtrU2/fv1yzTXXpHXr1qVrrVq1yn777ZeamppccMEFufvuu7dgp2xJxWIxEyZMyDXXXJNBgwalffv2mT59+pZuq9mKxWJ+9atfZcaMGbn22mtz2WWXZZtttkmStGnTJuecc04qKytz7rnn5he/+EWqq6vTpk2bLdz1hr300kt56KGHcu655+byyy9PZWVlkqRQKKRTp04ZMWJE5s2blz//+c9ZunRpKioqkiTt2rXLqFGjPlCvZcuW+dKXvpTLL788U6dOzbx587J8+fK1/k4AAAAAgI8LE1gBAAAAPqEaGxtz7733ZsGCBenXr1+OO+64tcKrf6+qqiqXXXZZKQi1ZrrkuHHj1rl+fdeLxWJmzZqVAQMGpEuXLikUCmnXrl1OPvnkjBkzxfqugwAAIABJREFUJgsXLkyS1NbW5jOf+UymTJmSKVOm5DOf+UwKhULp8fdTLefMmbNWzS5dumTAgAHrnLK4aNGi9O7dO7179868efPy61//OieccEJ23HHHtGvXLt/+9rczc+bMJMnLL7+cYcOG5eCDDy7VHT58eBoaGtZ57mKxmLq6ulx88cWpqqoq7Rk0aFDmz5+/wfdp2bJlGT16dA477LAUCoWcdNJJWbx48Xo/kzXW/Ez4XnvttcGg2q677prLLrss7dq1K71WX1+f7t2754ILLsi77777gT3ru/7+vhcsWJDhw4eX3vvDDjsst9566zrrDR06tPT5vfTSS/nud79bep+OPfbYTJw4cb0///7GG29k+PDhpc+iqqoqffv2zYwZM9Y5ZfL991qzd02PF154Ye6444506dIldXV1ue2227L99tuXvl/du3ff5Amdm0NNTU1pmuUf//jHzVZ3TfjzoosuykUXXZTvfOc7adlyw/MLOnfunD/96U8pFot555130q9fv83Wz4exfPnyzJs3L0nSq1evUnj1/aqrq1NdXZ2ZM2dmwYIFa13b2s7zfhUVFes8T+vWrbP99ttvcr0lS5YkSfbff/9st912H7k/AAAAANgSTGAFAAAA+IR65ZVXUltbm06dOuWrX/3qOsNTm9uaEN2FF164VgC0oaEhDzzwQB544IG8/vrrqamp2aSakyZNyne/+93MnTu39Hp9fX3q6+tzxx135Kc//WnOPPPMDwR0n3rqqRx++OF55ZVX1nr99ttvz3PPPZfDDz88P//5z9fqtb6+PldeeWVeffXVjBgxYq3AaFNTU2699dYMHDiwFCBbs+faa6/Nww8/nNtvvz1du3b9wDlmzJiRO++8M1OnTl2r3urVqzf6HnTs2LFU47XXXkv79u03umdzueuuuzJo0KC13vsZM2ZkxowZmTlzZkaMGLHOKZgjRozIo48+utb79PDDD+fhhx/O8OHDM2DAgLUClk888UT+7d/+LXV1daXX5s6dm7Fjx2bChAmpqanJZZddts5Q5m9/+9tceOGFa+1dtWrVen9a/ZNo2rRp+cEPfpBvfOMbGThw4FY/mfTDatOmTTp06JDJkyfn9ddfz3777belW9qgvfbaK9XV1fnVr36VI488MmeddVZatPj/50q8+uqrefnll3Puuedm55133mi9t956K//5n/+ZYcOG5YwzzsjZZ5+9wf+YAAAAAABbMxNYAQAAAD6hXn/99Tz99NPZf//9s88++5Tlnq+99lrGjh2bTp06pba2No2NjSkWi2lsbMxLL72UG2+8sRSsq66uzptvvpnjjz8+xx9/fN58883SZMpisZjq6uokyV//+tcMGTIkyXthyqVLl6ZYLGbp0qW56667UllZmSFDhpQmqr5fQ0ND2rdvnwkTJpT2zZ8/P9/61rcyY8aM3HDDDTn88MMzbdq0rFy5MqtWrcoTTzyRHj16ZMqUKZk9e/Za9R588MEMHDgwn//85/PII4+UztfQ0JCRI0fmueeey4gRI7Js2bIP9DJq1Ki0b98+M2fOLIUrJ0+evNa01PXp0aNHqqur8+CDD+aUU07J6NGj86c//SlLly7d5M9oUz311FP59re/nRdffDGrVq3KqlWrMn369FRXV+euu+7KQw89tM599fX1ueaaa7JgwYKsXr06K1euzAMPPJDOnTuX+l9j4cKFGT58eF566aWMHDkyDQ0Npe/N7373u3Ts2DFDhw7NI488ss57jRo1Kl/5ylfyP//zP1m9enWKxWJuvfXWnH/++Xn++efTrVu39OvXL++8807p+/WnP/0pnTt3/oe8Z+X29NNP5/vf/366d++ewYMHly28es4555Qm2q6Zsjx+/Ph1fv+bY5tttilNI33uuefKHkDe3OdJ3ptsPXLkyHTs2DHnnntujjrqqIwfPz6LFy/O888/n+9973s55JBD0rdv3w3+J4M104Z33nnn3HzzzRk8eHBuv/327L777pv9PP+I9wEAAAAA1kWAFQAAAOATbu+99y7bT0wvWrQor776arp3754vfOELadWqVZKkVatW+dznPpdLLrkk3/3ud5tdr1gs5te//nXq6uoybNiwnH322aVwXps2bXL22Wdn2LBhmTVrVu65556sWrVqrf1HHHFEJk6cmDPOOKO0b4899shZZ52VJLn88stzzz335IgjjkjLli3TokWL9OjRIyeddFJmz56dWbNmlWq99dZbufvuu9OxY8f87Gc/y9FHH106X9u2bXPppZfmoosuypQpU/L8889/4CyjRo3K7bffngMPPHCtCYzNUVVVlZtvvjnV1dV56qmn0r9//3zhC19IZWVlqqqqcuaZZ2b8+PFZtGjRJtVtjhtuuCGDBw9Ox44d06JFi9J7NHjw4CTJH/7wh6xYseID+8aMGZOLLroo7du3T6FQSMuWLXPiiSdmwID/r717D4u6zvs//hoYBgcY5CSCBigKiuYhTPDYQU1oCdsys7Jyy+rusPVr+7X9vNfdune93K3ddttdbbfusrI0C13bNMtTni0xQfAQcrIQFEROcnR0mPn90cWsNKCAgGbPx3V57fL5fo7f7wx/cL16f/+vCgoKtGPHDmffjRs3avXq1Xruuef09NNPy9/fX9J3n5vExET95S9/kY+Pj5YvX95iiG758uX64x//qH79+v3oqlFmZWXpiSeeUEhIiF5//fXzBhq7UlOV5VmzZun22293CX+3hclk0vXXXy+LxaIFCxZo2bJlzudtt9t18uRJ/etf/9Lu3bs7e/suOuM8TcaOHas333xTQ4cO1Y4dOzRr1iwFBAQoJiZGQ4cO1auvvqpevXq1eb6vvvpKy5cv1969e9sc8u3oeTrzPgAAAAAAAADfR4AVAAAAAAAAncZiscjf31/r1q3T8uXLVVlZeVHzVVdXKzMzU+PGjdPEiRNdwokGg0GTJk3SDTfcoPT0dFVXVze77uXlJbPZ7DJvU5VHDw8Pl1fSGwwG9e/fX5Jks9mc7QUFBcrMzNRPfvITRUdHu8xpNBo1ZMgQFRcXKy8vz+W6v79/u4Or54qNjdXWrVu1c+dOvfDCC0pISFBAQIAKCgqUkpKiWbNmafz48froo486tXJla1Uhr776ao0aNUo5OTkthkpbGmcwGBQfH6+oqCjl5eXp9OnTOnPmjNLS0hQaGqqbb77Z5XlI0ujRozVlyhQdOHBAxcXFLtf9/Py6NLi6bNkyZ0XKc//de++9kqQJEya4XBs5cqSys7O7bE+SdPLkSc2bN0+S9Ic//KHbwquzZs1qVi3Z4XCoqqpKn3zyiUaPHq0NGzZo0aJFslqtzjGt3cPv36cpU6boySefVEFBge677z75+PjIYDDI3d1dwcHBuu+++5SZmfmDOY/D4dAHH3ygadOmOasAf/3113rppZc0bNgwvfLKK7rnnnsuGAz9zW9+46xKnJqaqjNnzig5OVmrV6/ulPNczDgAAAAAAACgowiwAgAAAAAAXOGKiop0+vTpblkrPDxcTz75pGpqajRnzhwFBAQ4K4QuXrxYpaWl7ZrPZrOppqZGFotFPj&quot;
08-31-2019 12:59:36 Wire.java DEBUG [Forwarding screenshot on session 8224b39f135dddefa755fa7332753c0d to remote] http.wire 87 - http-outgoing-4 &lt;&lt; &quot;4+Lfbx9PSUp6enbDab7HZ7u+avqKhosXpoS2pqapSbm6s//OEPMhqN5w00nht87UxGo1Hjx4/X//zP/2jdunUqKytTRUWFtmzZorvvvlvZ2dmaN2+evv766y5Z/1wdve+enp7y8vJSY2OjHA6HGhsbVV9fr+Dg4FafsdFolJeXl2w2m0uV3R+ziooKHTlyRKmpqRoyZEirn8emV8InJiZ2SZVeSerZs6eSkpL05ptvKiYmRrt27VJhYWG75/H29tb8+fO1efNmzZgxQwEBAZKkQYMG6ZlnntGXX36pWbNmadiwYQoMDOzsYzh11nm++OILzZ07Vw888IAee+wxmc1mxcTE6LnnnlNqaqr+93//V9u2bdOzzz7bpt+PJpNJcXFxmj9/vnx8fLR06VKdOnWqy87TWfcBAAAAAAAAaAkBVgAAAAAAgCtU7969NWrUKB05ckTHjx/vljUNBoPuuusuZWVl6c0339Rdd92lHj16KCUlRQ899JDi4uK0bdu2btnLj4HBYJC/v79uuOEGvfHGG3r44YeVlZWljIyMS721K0pLlSkdDoeWLl0qSdq5c6fLtYyMDA0aNOgS77z79e3bV+Hh4crJyVFZWZmzvbV72NJ9cnNz04033qiUlBSVl5fL4XDo8OHD+vOf/6zevXsrLy9P4eHh3VJx9mLO09jYqLVr16qgoEAJCQku1YXNZrPuv/9+PfDAA1q9erV2797d5n31799fQ4cOVW5urkpKSi76PF01DgAAAAAAADgfAqwAAAAAAABXqNDQUA0bNkxZWVlavXp1t1auDA4O1pw5c7R8+XIdPnxYFRUVWrRokfN/21IxUPqu8qbFYlFVVZWqq6tb7FNbW6uamhoZjUa5uXXdn7t69Oih0NBQvfDCC7Lb7S2G15r+zZo1q8v20Rpvb2+FhYV123rV1dWqqqpScHCwTCZTm8edOnVKpaWlCggIkMlkkru7u7y8vFRaWtrq5+LMmTMqLy+X0WiUu7t7Zx3hB2/QoEHKyMho9XPYFLBdunSpHA6H1q1b16VVS8/Vr18/+fn5deqcDodDmzZtUmpqqiZNmtTp859PR85z5swZVVRUnLePp6engoKCJH1X5bmt6uvrVV9f3+HvREefT1c8VwAAAAAAAPx4EWAFAAAAAAC4Qnl7e+vuu++WxWLR66+/rg0bNsjhcLTav6SkRAsXLlRDQ0Oz9hMnTriMs9vtqqysbPNe/P39ddddd2ncuHGqqamRzWZrdt1qtcpqtbqM8/X11YgRI5SamqpNmza57MPhcGjHjh364osvFBsbK19f3zbvqb0iIyM1ZswYbd++vdsq2jZ56623lJ6eft7nV1dXp8LCQlksFoWEhLhcLy0t1enTp13aa2pqVF9f3679nBskHDlypHx8fNo0zmaz6eOPP1ZxcbGuvfZaubu7y2QyadSoUSouLtbHH3/s8tmQpLS0NO3atUvDhg1TaGhou/bapL6+vsW50bkyMzO1f/9+DRw4sNMrpH755Zd65ZVXNGLECCUlJclgMHTq/C25mPOYTCYFBARIktavX9/i56+yslL79u2T9F3wvy3O/b03ZMiQdu2ro+fpyucKAAAAAACAHy8CrAAAAAAAAFewSZMmad68eSooKNDMmTP13HPPKT8/3xmkOnPmjA4ePKjf/e53Gjp0qA4dOuQcO3jwYIWGhiolJUWpqamy2+2y2Ww6cOCAHnjgAT355JMu6+3evVs///nPtXXrVlVWVjoDlw0NDdq1a5cOHz6s0NBQ9ejRQ5Lk5eWlfv36aevWrVqzZo1LeNZgMGjGjBkaMWKEFixYoLfffttZibWurk7Lli3Tr3/9a8XExOiOO+7o0uqc/v7+uvPOO7V3717ddtttWrt2bbOKobW1tdqzZ4+efvrpdr0KvC2OHTumUaNGaebMmVq7dq1Onjwpu90u6btnuH//fj3++ON64403lJiYqNjYWOfYkJAQRUVFadOmTVq5cqUaGhrkcDhUUlKiP/3pT0pISFBubm6ra+/evbvZZ6a6ulqvv/665s6dq/j4eCUnJ7cYJNy2bZuOHz/u3Gdpaanmz5+vhQsX6rbbbtPEiROdfW+66SZNmzZNCxcu1J///GeVlpY6z7Zu3To988wzqq2t1d133y1vb+923bvAwECFhoZq06ZN2rx5MyHWi5Sbm6vHHnvM5XNYV1enVatW6fHHH1dxcbGmT58uf3//i16v6bP6t7/9Tffcc4+Kior03HPPKTo6+qLnlrr2PO7u7kpMTFRoaKh+//vf67//+7917NgxORwO2e125ebm6umnn9ZHH32kGTNm6Nprr3WOPfd3aXl5uXNflZWVevvtt/XrX/9aFotF06dPl8ViuejzdPdzBQAAAAAAACTJeKk3AAAAAAAAgK5jNBr11FNP6ezZs/rjH/+ol19+WS+//HKLfQMCAhQZGekMgQ4ZMkTTp0/XokWLNHbs2GZ9R48erQceeEBvv/12s/bGxka9+uqrevXVV1tcY8SIEXr88cedIUSz2aybb75Z77//vh599FE9+uijzr47d+7U+PHjFR0dreeff17PPPOM5syZozlz5rjs+8UXX9SwYcPad3M64I477lBZWZl+9atf6ZZbbmm134wZMzp1XU9PT0nSihUrtGLFilb73XbbbfrTn/7ULGDWs2dPTZ8+XevXr9cjjzyiRx55xHktICBA06dP19atW1udc9GiRVq0aJFLe0REhF566SVFRUW1OG7evHmaN2+eS3t8fLwWLFigXr16OduCg4M1d+5cFRQUaO7cuZo7d26zMRaLRb/5zW80adKkVvfZmsDAQCUmJmrdunX66U9/6mwfMWKEPvzwQw0aNKjdc16M+fPn6/nnn2/W9vzzzzvb/uu//kuvvPKKzGZzl+8lOztbM2fOVGZmZrP2wYMHO/9/0/ewid1u15dffqnXXnutxTktFovmz5+v22+/vcP72rVrlyZMmODSHhERocWLF2v69OkthqYvx/OMGzdO8+fP1y9+8YtWf/9OnTpVCxYsaPa9vdDv0qbvRFJSUrP2jp6nO54rAAAAAAAA8H0EWAEAAAAAAK5wZrNZ8+bN07333quUlBRt2LBBe/bsUU1NjSIiIhQfH69bb71VU6ZMafYKa7PZrBdffFEDBw7UP//5T2VnZys+Pl6zZ8/W/fffr3//+98uAdbY2Fht2bJFH330kXbs2OF8NfaYMWN06623as6cOc2Ci5KUlJSkd955R//4xz/0+eefy2KxKC4uzllV0GAw6Pbbb1dsbKwWLlyotWvXKjs7W4MGDVJSUpIeeeSRbgshGo1GPfHEE5o8ebLef/99rV27ttkZp0yZomnTpumaa67p1HV/+ctf6v7779fmzZu1Zs0a7du3T9nZ2ZKkQYMGaezYsbrnnnt03XXXOcOu57rzzjsVFBSkF198UZ9//rkiIiJ0++2366mnnpLVatWePXtaXXvBggWy2+1atWqV9u3b12xsv379Wh332muvKScnp9nz+tnPftbiZ0CSxo4dq40bN2rx4sVKSUlxrjVlyhQ9/PDDiouL69Ar4w0Ggx555BF5enrqnXfeUWpqqgICAjR48GB5eXm1e74fuwEDBujVV1/V2rVrtXPnTmVkZDh/l0yZMkVz5sxRfHy83Nw6/vIvk8mkiIgIFRQUKCAgQOPGjVNycrKmT5+uwMDATjxN15/HaDTqwQcf1Lhx4/Tmm29qy5Yt2rdvnywWi8aPH6/77rtPt956q0tl4dGjR2vHjh369NNPm+1r0KBBSkhI0IMPPqjhw4e7fCc6ep7ueK4AAAAAAADA9xlSUlIc33/d0siRI52vdwMAAAAAAADw47Ns2TLde++9Wrp0qWbNmtXmcU0VRr9f6RIAAAAAAAAAcHmorq6+1FuQJPGfSwMAAAAAAAAAAAAAAAAAAKBbEWAFAAAAAAAAAAAAAAAAAABAtyLACgAAAAAAAAAAAAAAAAAAgG5lSElJcURHRzdrHDlypBwOxyXaEgAAAAAAAAAAAAAAAAAAALpCdXX1pd6CJCqwAgAAAAAAAAAAAAAAAAAAoJsRYAUAAAAAAAAAAAAAAAAAAEC3IsAKAA&quot;
08-31-2019 12:59:36 Wire.java DEBUG [Forwarding screenshot on session 8224b39f135dddefa755fa7332753c0d to remote] http.wire 87 - http-outgoing-4 &lt;&lt; &quot;AAAAAAAAAAAAAAAACAbkWAFQAAAAAAAAAAAAAAAAAAAN2KACsAAAAAAAAAAAAAAAAAAAC6lfFSbwAAAAAAAACQpMLCQm3YsEElJSWy2WySJE9PT4WEhGj48OEaPny4jMYr889ZlZWVWrx4sUJCQnTvvfe2edy6deuUmpqq5ORkxcbGulzPz8/Xhx9+qPDw8HbN+0OUnp6uNWvWyGAwaOrUqRozZoxLn6ysLK1atUo2m03x8fFKTExs09wNDQ1asmSJTpw40WqfAQMGXPAe19fXa/369crOzpbVapXRaFRkZKRuuukmBQUFtWkv58rJydGKFSvOe56mz1ZdXZ369++vWbNmyd3dvVmfmpoaLVmyROXl5erdu7dmz54ts9l83rXPnbclbZmntftqNps1cOBATZkyRb6+vl16jqVLl+ro0aOaOXOmBgwY4HK96XP1/ft75swZ7dixQxkZGaqrq5PD4ZCbm5t8fX0VGRmpsWPHtvhM2/LMAAAAAAAAgB8LKrACAAAAAADgktuyZYveeecdFRUVOcOrkmS1WlVQUKA1a9Zo//79l3CH+KEwGAzau3evampqmrU3Njbqq6++avb56k6lpaV6/fXXtX//flmtVkmSzWZTTk6O3nvvPZWWlrZ7zuzsbNntdhmNRuXn57caJpW+uy9FRUXKyclxuXbo0CFVVFS0e/2u0tDQoAMHDmjx4sUu9+VyOEdlZaXeeOMN7dy5U7W1tXI4HJIku92uqqoqpaena+XKlWpoaHAZ255nBgAAAAAAAFzprsySFQAAAAAAAPjBOHHihPbu3SuTyaQbbrhB11xzjUwmkySpqqpKR44cUVpamtzc+G+xcWExMTHKycnRgQMHNG7cOGd7fn6+jh07pujo6BbDj23h7e2tOXPmyN/fv91jt27dqpqaGg0ePFg/+clPZLFYVFNTo40bN+rgwYP6/PPPdeedd7pUFW1NbW2tCgoKFBISosDAQGVlZTnP15LQ0FBZrVbt2bNHUVFRzmrGdXV1SktLU9++fTsU/mxL5dkL+f59LS4u1meffabCwkJt27ZNM2bM6PJztMfOnTtVXl6uyMhIJSQkKDg4WNJ3VVlLSkp04MABlZWVuYxr7zMDAAAAAAAArnQEWAEAAAAAAHBJ1dbW6uzZsxo+fLji4+ObXfPz81NsbKxiY2ObtS9dulQlJSUuYcL8/Hx9+OGHCg8Pd4bqml49HhISolGjRmnz5s0qLy+XwWBQVFSUkpKSZLFYJP3nleaSNHnyZG3btk3FxcVyOBzq27evkpOTnWG1JsePH9enn36q4uJi2e12eXl5KTY2VhMnTnQGcc+d95ZbbtH27duVn58vh8OhMWPGaO/evTp79qzy8/P129/+VpLk4eHR6mvNL5bNZtP27duVlpam+vp6ubm5KTQ0VAkJCQoLC3O5n7GxsS6vOv/+q9fPd8Zp06Zp5MiRKiws1Pr16533ytPTU5GRkbr++uvVu3dv59zr1q1Tampqh8KRERERqqurU3p6uoYNGyaLxaLGxkbt3r1bQUFBioyM7HCAtaOqqqpUVFSkgIAAJSUlycfHR5JksVg0bdo0nTp1SsePH1dVVZUCAwPbNGd+fr4qKys1ceJE9enTR1lZWcrMzGw1DGk2mzV06FBt3bpVubm5iomJkSQdOHBAtbW1mjhxojZs2NA5B75IoaGhSkpK0pIlS1ReXt6skunlcI5Tp07JbDYrMTFRvXr1crabTCaFh4crPDy8xXHtfWYAAAAAAADAlY6yFQAAAAAAALik3N3dZTAYVFhY6PLa98505MgRrVixQmVlZXI4HLLb7crOztby5ctdXvVdWlqq5cuX69ixY7Lb7XI4HCoqKtL777+v8vJyZ7+8vDy9++67zn6SVF9fr507d2rVqlUur6uvqKjQkiVLlJub65y3aVx3sdlsWrlypXbs2KH6+npJ3736/NixY1q2bJny8vIuav7WzvjNN99o2bJlze6V1WpVVlaWNm7ceNHnauLu7q64uDhVV1frwIEDkv5TfTUuLk4eHh6dtlZbNd0Dd3d3lwqrRqPRWVW0qqqqzXNmZ2fL09NTMTExCgsLU2BgoI4dO3beOYYNGyZfX1/t2bNHNpvNWbW0f//+6tu3b4fP1xWsVqvsdruMRqPLPbvU53B3d9fp06fb/V3pyDMDAAAAAAAArmRUYAUAAAAAAMAlddVVV6l///7Kzs7W3//+d4WGhqp///4KCwtT3759ZTabO2UdDw8PjR49WmPHjpW3t7dOnDihVatW6cSJE8rLy9OwYcOcfd3d3RUTE6NJkybJz89PNTU1+ve//60jR47owIEDuuGGG3TmzBnt2LFDZ8+eVVxcnG688Ub16NFDBQUFWr16tXJycrR3716NGTPGOa/NZlNYWJgSExMVGhrqbI+Pj3dWie3I69jXrFmjNWvWtKlvTk6OcnNzFRAQoGnTpikiIkKnT5/Wli1btHfvXq1fv16hoaHy9vZu9z6k1s/48ccfy2az6dZbb9Xw4cPl5uamiooKffXVV50eXI6KilLfvn2Vnp6uIUOGKC0tTUFBQYqJidHBgwc7PG9dXZ3+/ve/u7RfqFKst7e3evbsqeLiYm3cuFGTJ0+Wt7e37Ha7SktLW3zd/PmUl5ersLBQISEhCgoKkru7u6Kjo7Vr1y4VFBTIz8+vxXEWi0WxsbHO6qW1tbWqq6tTcnKy3Nw6Vuvg3KrBRqNRISEhmjp1arNKvu1ht9tVWFiotWvXymq1KjIyUiaTSXV1dV16jvYYPXq0CgoKtHHjRu3evVvh4eGKiIhQv379FBAQ0OIeOvrMAAAAAAAAgCsZAVYAAAAAAABcUkajUbfffrt27Nih9PR0FRYWqrCw0Hm9Z8+euummmzR06NCLWicsLExTpkxx/ty7d2/deOONWrlypQoLC5sFWAMDA3XzzTc7w7MWi0VTp07VkiVLnHurrKzUyZMnFRERoalTpzqrREZERCghIUErVqxQfn5+swBrr169dNddd3VaKLcjcnNz5ebmpoSEBEVEREiSevTooalTp+rkyZMqKipSSUmJBgwY0KH5Wzujh4eHHA6HTp065WwLCAhQQkKCyxyJiYlKTEzs0PrSd5+puLg4ffTRR9qwYYMKCgp08803y2Qytdg/PT3dJQDs4eGhmTNndvg+nMtkMmnUqFFau3at9u3bp3379rn0aU9l2NzcXNXV1Wn8+PHOz93AgQO1Z88eZWZm6uqrr3apWtpk2LBhSk9P186dO3WtOrDSAAAPE0lEQVTmzBn169dP4eHhqqys7NjhzmGz2VRUVKR3331XN998s2JjY9s0rrVgcEhIiOLj41sc05XnuJCBAwdq1qxZWr9+vYqLi3Xw4EFnMNrNzU2DBw9WUlKSvLy8nGMu5pkBAAAAAAAAVyoCrAAAAAAAALjkTCaTJk+erMmTJ6uhoUGVlZU6cuSIcnNzVVRUpFWrVslqtbY5ENdWvXr1kqenpyoqKi7Y19fXVxaLRXV1dWpoaFBtba1sNpuCg4NdgmdN89bU1KihocHZbjAYOnX/TZKTk1u8N/n5+frwww+btdXU1MjT01O9evVq1u7u7q7g4GB98803zUKm7dXaGa+99lplZ2dr69at2rlzpywWiyIiIjR69Gj16dOnw+u1pqkKa1ZWlvr06aOYmJiLntPb21tz5syRv79/u8fGxsaqV69eWrt2rU6ePCm73S6TyaR+/fqpvr5epaWlbQowNjY26vDhw/L29lZUVJSzvamy54kTJ1RWVqbevXu3OL6peummTZtkMpmUnJzc7rNIkr+/v5599tlmbRUVFdq4caOys7OVnp6uq6++utXQcGsMBoO8vb01cuRITZw4sdXxnXWOjgoLC9NDDz0ku92u6upqHT9+XLm5ucrPz9fXX3+tyspK3XfffTKbzRf9zAAAAAAAAIArFQFWAAAAAAAAXFbMZrPMZrP69OmjCRMmaN++ffrkk0/09ddfd3qA1WazyeFwtDk42NjYKA8Pj255TfmVJjg4WI899pj279+v7OxslZSUKDMzU5mZmRo3blyz6ridoakKa3FxscaMGXPeIGVsbGynf7ZaEh&quot;
08-31-2019 12:59:36 Wire.java DEBUG [Forwarding screenshot on session 8224b39f135dddefa755fa7332753c0d to remote] http.wire 87 - http-outgoing-4 &lt;&lt; &quot;YWpkcffbRZW11dnd555x2ZzWYFBARccI5jx46ppKREVqtVixYtarFPVlbWecOQTdVLQ0JCFB4e3r5DnEdAQICSkpJ08uRJVVVVqa6urk0B1o4GgzvjHBaLRZLkcDhavN7Y2CjpuyrFLXFzc5Ofn5/8/Pw0ZMgQNTQ06L333lNZWZmOHz+uAQMGdMozAwAAAAAAAK5EBFgBAAAAAABwWevTp488PT2btbm7u6uxsVF1dXUdqobZ5OjRo7JarQoNDb1g3xMnTqi6ulpRUVHy9PSUj4+PjEajiouLZbPZZDT+509tJ0+edM5rNpubVWE9n9ZCdJ3JYrHo22+/1fHjx5vdu8bGRpWWlsrDw0M9e/aU9N19NhgMqqmp6ZS1e/Toobi4OMXFxUmSiouLtXz5ch08eFBxcXHy9fXtlHWaxMTEdErl1a6UmZmp8vJyXX311W06f15enqxW63n75Obmaty4ceetXvrzn/+8Q/u9EJvNJpvNph49esjDw6NL1mjSGefo2bOnzp49q6ysLA0cOLDZtcbGRuXl5cnNzU2BgYFtms9sNqt3794qKytztnXGMwMAAAAAAACuRARYAQAAAAAAcEllZGRoz549GjlypKKiotSzZ0+5ubnJZrOpqKhImzZtUkNDQ7PXzAcFBSknJ0dpaWkKDg6Wm5ubDh8+rC1btujs2bMtrlNfX6+KigoFBATIbrfr0KFD2rZtm0wmkwYMGNCsr9VqVVlZmfr27Ss3NzcVFBTo008/VWNjowYPHizpu1eo9+rVS4WFhVq3bp2mTJmiHj16qKCgQOvXr1djY6PLvK0xGAxyc3PTyZMnVVRUpKuuuqqDd/PCoqKitH//fm3cuFFeXl7q37+/Tp8+rS1btqigoEABAQEKCQmRJPn5+cnT01MFBQX69ttv1a9fP1VVVWnz5s0qKCiQwWBo87orV66UxWLR6NGjnZVGPT09ZTabXcJ969atU2pqqgYMGKB777238w5/GamoqNAXX3yhffv2ycfHRxMmTLjgmIaGBuXk5Khnz5568MEHWwy8Llu2TIWFhSopKenU6qrf9/nnn6uqqkrjx493fgeLi4v12Wef6dSpUxo6dKh8fHy6bP3OEhkZqd27d2v//v3y9fXV2LFjZTKZVFdXpy1btig3N1e+vr4KCwuT9N0zSElJka+vr0aNGqVevXrJbDZLkqqrq7Vv3z4dOnRIXl5eCgwMvKyeGQAAAAAAAHC5IcAKAAAAAACAS8put6u4uNgZfmtJnz59FB8f7/x58ODBSk9PV0ZGhjIyMpztTRVDW1JcXKyFCxc2azMYDIqPj3eG05pUVVXprbfecplj0KBBzoqeJpNJEydO1MqVK5WWlqa0tDSXvtdee+15Tv4fFotFQUFB+uabb7R48WJJkoeHh2bOnNnmEGxbRUdHKyoqStnZ2Xr33XebXfP09FRCQoK8vb0lfRdgDQ8P16FDh7RkyRJnP4PBIIPBIHd39zave/r0aR06dEi7d+9u1m4wGDRmzJhOr756uWloaNCSJUt04sSJZu09evTQLbfcouDg4AvOUVhYeMFqrTExMcrPz1dmZmaXhiHPnj2rgwcP6uDBgy7X/Pz8dN1113XZ2p0pPDxc11xzjVJTU7V161Zt3bq12XU3NzeNHz9efn5+zraGhgZ9++232r9/f4tzGo1G55icnJzL5pkBAAAAAAAAlxsCrAAAAAAAALikhg8fLqPRqIyMDBUXF8tqtcrhcMjNzU0BAQGKi4vTqFGj5Obm5hwTFham5ORkbdiwQadOnZKnp6cGDRqk6Ohoffzxxy2uExgYqB49eqi4uFgOh0MWi0UTJkzQ6NGjXfpaLBYFBgaqqKhINptNXl5eGjVqlK677joZjf/5k9rAgQN1//3369NPP1VxcbHsdru8vLwUGxuriRMnNut7Pu7u7kpOTtbq1at19OhRORwOeXl5OSs7diaj0ag77rhD27dvV1pamurr6+Xm5qbQ0FAlJCS4hHlvueUWSVJWVpYcDocCAwM1adIkpaWl6ejRo21e96abbpLJZNK3336rhoYGGQwG9ezZU2PGjGnxGVxp3NzcnK+HNxgM8vb2VnR0tCZPniwvL682zZGVlSVJzhB1SyIjI+Xr66ujR4+qrq7u4jfeivj4eFmtVuXl5amurk4Oh0Nms1lRUVFKSEho85kuBwkJCQoPD9eWLVtUXl4uu90uo9GokJAQTZ06tdl3wmw264477lBaWpqys7NVU1Mjm83mvNavXz9NmjRJQUFBkjr2zJoC5AAAAAAAAMCVzpCSkuKIjo5u1jhy5Eg5HI5LtCUAAAAAAACg81RWVmrx4sUKCQm54Ovom6pkStLs2bO7JEAKAAAAAAAAAMClVF1dfcE+s2fPvqg1zn2rV2vcLtgDAAAAAAAAAAAAAAAAAAAAPxptCaBe7FgCrAAAAAAAAAAAAAAAAAAAAGimIyHW9owhwAoAAAAAAAAAAAAAAAAAAAAX7QmktjfwakhJSXFER0c3axw5cqQcDke7JgIAAAAAAAAAAAAAAAAAAMDlrbq6ut1jZs+efd7rHanWSgVWAAAAAAAAAAAAAAAAAAAAtOp8AdWOhFclAqwAAAAAAAAAAAAAAAAAAAC4gJaCqh0Nr0oEWAEAAAAAAAAAAAAAAAAAANAG5wZWLya8KknGi90MAAAAAAAAgB8n29kzqqut6dBYd6NR3j6+MhgMnbwrAAAAAAAAAEBXutjgahMCrAAAAAAAAAA65L3X/qSlr73cobExw6/Vgn98oJ7+gZ28q8vLG3/5rT5Y/FdJUu8+YXrx9ZUKj4y+xLsCAAAAAAAAgEvP7VJvAAAAAAAAAMAPk+2srcX2W+58QP/akaNVO/M0f9H78vL26eadfeezVUs1eai/898bf/lti/0yv9rVrN/vn3tY1tMN3bxbAAAAAAAAAPhxoQIrAAAAAAAAgE7lY+kpv4BekqSrIgbI0tNf9XW1l3hXAAAAAAAAAIDLCRVYAQAAAAAAAAAAAAAAAAAA0K2owAoAAAAAAACgTRwOh/Ky9mv39g1qtNl0IO0L57XkmQ/oupumSZL8g3o724OCQ/X/fv8PNdpsKist1pt//Z3KS0u6fe8AAAAAAAAAgMsLAVYAAAAAAAAAF+RwOLRx9Yd65bdP64zV6nJ90NWxih17g0u7l49FI0ZPkCSdqizX6g/e+sEGWM+esSp993Z99q/3dCgjVRVlpTIaPRQ5aKhuSLxNibfNUk//wDbPZz3doD8//5Q+X7tSkhQz/Fo9O3+hdm76RNvW/1tHcg7J5Omp2DHX6/7H/5+ih14jg8HQVccDAAAAAAAAgG5FgBUAAAAAAADAeZ0bXr1lxs/04P/5jcxe3nrjL7/VB4v/eqm31y1Kigr08vNPaV/q9mbtNttZ5RzKUM6hDH36r/c09w//VMzwazu0Ru7XmXp85iRZTzc4285Yrdq9bYPSd2/TL174q26aNpMQKwAAAAAAAIArAgFWAAAAAAAAAOf1+ScrXMKr35d9MF29Q6+SJPkH9Vb/qBhJUn1tjXKzMtVos6mstFilJUXduvdzfbD4rx0K3JafPKE//voJZX6167z9ir7N0+K/ztevX35TfgG92r2OzXZWNtvZFq+dsVr14Vt/09Wx8eoT1r/dcwMAAAAAAADA5cbtUm8AAAAAAAAAwOWrvq5W2zd8rPGTk1oNr0rSmg/f1i8fuk2/fOg2bVqT4mwvKy3WS796XL986Da99KvHVV5a0l1b7zQ7N33iDK8ajR762ZO/0urdBfr8UKX+tSNXU5LvdPbdl7pdhw/s69A6vfuE6cXXV2p9xgltOlCuf6Zs0VX9Bjqvf5t3WHlZ+y/uMAAAAAAAAABwmaACKwAAAAAAAIBWnT1jVUVZqU4cP6pnH7y12bXS4sJLtKvuU19Xq7QvNjt/HjZqrH5690PytvhKkvwCgjRj9hPau2uLqipOSpKOZB/UmOuntnutgKDeih46UkYPkyQpeuhI3XrXHL364n87+2QfzNB1U29tbQoAAAAAAAAA+MEgwAoAAAAAAADggirKSlVRVtqmvrU1p1RVcVIGg5uKCvJVc6qyi3fXNnfNeV&quot;
08-31-2019 12:59:36 Wire.java DEBUG [Forwarding screenshot on session 8224b39f135dddefa755fa7332753c0d to remote] http.wire 87 - http-outgoing-4 &lt;&lt; &quot;oPP/OCS3vmV7v0zM9uaXFMU4C3yb7U7frpuMjzrlNXW3NxGz3HgMHDmv1cUVaiM1arTJ6enbYGAAAAAAAAAFwKBFgBAAAAAAAAdKpPUt7WJylvX+ptXBEaG23Nfvb28ZW70f0S7QYAAAAAAAAAOg8BVgAAAAAAAABohbvRKC8fi/PnQUOv0fxF7yswOKTL13Y4HMrK3NusLSCot9zd+bMuAAAAAAAAgB++/w87t1yr7IIb4gAAAABJRU5ErkJggg==&quot;}&quot;
08-31-2019 12:59:36 PoolingHttpClientConnectionManager.java DEBUG [Forwarding screenshot on session 8224b39f135dddefa755fa7332753c0d to remote] conn.PoolingHttpClientConnectionManager 320 - Connection [id: 4][route: {}-&gt;http://localhost:45030] can be kept alive indefinitely
08-31-2019 12:59:36 PoolingHttpClientConnectionManager.java DEBUG [Forwarding screenshot on session 8224b39f135dddefa755fa7332753c0d to remote] conn.PoolingHttpClientConnectionManager 326 - Connection released: [id: 4][route: {}-&gt;http://localhost:45030][total kept alive: 1; route allocated: 1 of 2000; total allocated: 1 of 2000]
</system-out>
    <system-err>Starting ChromeDriver 76.0.3809.68 (420c9498db8ce8fcd190a954d51297672c1515d5-refs/branch-heads/3809@{#864}) on port 45030
Only local connections are allowed.
Please protect ports used by ChromeDriver and related test frameworks to prevent access by malicious code.
Aug 31, 2019 12:58:56 PM org.openqa.selenium.remote.ProtocolHandshake createSession
INFO: Detected dialect: W3C
</system-err>
  </testcase>
  <testcase classname="com.crm.qa.testcases.ContactsPageTest" name="createNewContact" time="1.337">
    <failure message="mouseMoveTo
Build info: version: &apos;3.5.3&apos;, revision: &apos;a88d25fe6b&apos;, time: &apos;2017-08-29T12:42:44.417Z&apos;
System info: host: &apos;DESKTOP-K242S0S&apos;, ip: &apos;192.168.0.87&apos;, os.name: &apos;Windows 10&apos;, os.arch: &apos;amd64&apos;, os.version: &apos;10.0&apos;, java.version: &apos;1.8.0_221&apos;
Driver info: driver.version: RemoteWebDriver" type="org.openqa.selenium.UnsupportedCommandException">org.openqa.selenium.UnsupportedCommandException: mouseMoveTo
Build info: version: &apos;3.5.3&apos;, revision: &apos;a88d25fe6b&apos;, time: &apos;2017-08-29T12:42:44.417Z&apos;
System info: host: &apos;DESKTOP-K242S0S&apos;, ip: &apos;192.168.0.87&apos;, os.name: &apos;Windows 10&apos;, os.arch: &apos;amd64&apos;, os.version: &apos;10.0&apos;, java.version: &apos;1.8.0_221&apos;
Driver info: driver.version: RemoteWebDriver
	at org.openqa.selenium.remote.http.AbstractHttpCommandCodec.encode(AbstractHttpCommandCodec.java:222)
	at org.openqa.selenium.remote.http.AbstractHttpCommandCodec.encode(AbstractHttpCommandCodec.java:119)
	at org.openqa.selenium.remote.HttpCommandExecutor.execute(HttpCommandExecutor.java:158)
	at org.openqa.selenium.remote.service.DriverCommandExecutor.execute(DriverCommandExecutor.java:82)
	at org.openqa.selenium.remote.RemoteWebDriver.execute(RemoteWebDriver.java:646)
	at org.openqa.selenium.remote.RemoteExecuteMethod.execute(RemoteExecuteMethod.java:35)
	at org.openqa.selenium.remote.RemoteMouse.mouseMove(RemoteMouse.java:89)
	at org.openqa.selenium.support.events.internal.EventFiringMouse.mouseMove(EventFiringMouse.java:58)
	at org.openqa.selenium.interactions.MoveMouseAction.perform(MoveMouseAction.java:43)
	at org.openqa.selenium.interactions.CompositeAction.perform(CompositeAction.java:36)
	at org.openqa.selenium.interactions.Actions$BuiltAction.perform(Actions.java:641)
	at com.crm.qa.pages.HomePage.clickOnNewContactLink(HomePage.java:65)
	at com.crm.qa.testcases.ContactsPageTest.createNewContact(ContactsPageTest.java:59)
</failure>
    <system-out>08-31-2019 12:59:36 RequestAddCookies.java DEBUG [Forwarding quit on session 8224b39f135dddefa755fa7332753c0d to remote] protocol.RequestAddCookies 123 - CookieSpec selected: default
08-31-2019 12:59:36 RequestAuthCache.java DEBUG [Forwarding quit on session 8224b39f135dddefa755fa7332753c0d to remote] protocol.RequestAuthCache 77 - Auth cache not set in the context
08-31-2019 12:59:36 PoolingHttpClientConnectionManager.java DEBUG [Forwarding quit on session 8224b39f135dddefa755fa7332753c0d to remote] conn.PoolingHttpClientConnectionManager 255 - Connection request: [route: {}-&gt;http://localhost:45030][total kept alive: 1; route allocated: 1 of 2000; total allocated: 1 of 2000]
08-31-2019 12:59:36 PoolingHttpClientConnectionManager.java DEBUG [Forwarding quit on session 8224b39f135dddefa755fa7332753c0d to remote] conn.PoolingHttpClientConnectionManager 288 - Connection leased: [id: 4][route: {}-&gt;http://localhost:45030][total kept alive: 0; route allocated: 1 of 2000; total allocated: 1 of 2000]
08-31-2019 12:59:36 MainClientExec.java DEBUG [Forwarding quit on session 8224b39f135dddefa755fa7332753c0d to remote] execchain.MainClientExec 208 - Stale connection check
08-31-2019 12:59:36 Wire.java DEBUG [Forwarding quit on session 8224b39f135dddefa755fa7332753c0d to remote] http.wire 87 - http-outgoing-4 &lt;&lt; &quot;[read] I/O error: Read timed out&quot;
08-31-2019 12:59:36 LoggingManagedHttpClientConnection.java DEBUG [Forwarding quit on session 8224b39f135dddefa755fa7332753c0d to remote] conn.DefaultManagedHttpClientConnection 88 - http-outgoing-4: set socket timeout to 10800000
08-31-2019 12:59:36 MainClientExec.java DEBUG [Forwarding quit on session 8224b39f135dddefa755fa7332753c0d to remote] execchain.MainClientExec 256 - Executing request DELETE /session/8224b39f135dddefa755fa7332753c0d HTTP/1.1
08-31-2019 12:59:36 MainClientExec.java DEBUG [Forwarding quit on session 8224b39f135dddefa755fa7332753c0d to remote] execchain.MainClientExec 261 - Target auth state: UNCHALLENGED
08-31-2019 12:59:36 MainClientExec.java DEBUG [Forwarding quit on session 8224b39f135dddefa755fa7332753c0d to remote] execchain.MainClientExec 267 - Proxy auth state: UNCHALLENGED
08-31-2019 12:59:36 LoggingManagedHttpClientConnection.java DEBUG [Forwarding quit on session 8224b39f135dddefa755fa7332753c0d to remote] http.headers 133 - http-outgoing-4 &gt;&gt; DELETE /session/8224b39f135dddefa755fa7332753c0d HTTP/1.1
08-31-2019 12:59:36 LoggingManagedHttpClientConnection.java DEBUG [Forwarding quit on session 8224b39f135dddefa755fa7332753c0d to remote] http.headers 136 - http-outgoing-4 &gt;&gt; Host: localhost:45030
08-31-2019 12:59:36 LoggingManagedHttpClientConnection.java DEBUG [Forwarding quit on session 8224b39f135dddefa755fa7332753c0d to remote] http.headers 136 - http-outgoing-4 &gt;&gt; Connection: Keep-Alive
08-31-2019 12:59:36 LoggingManagedHttpClientConnection.java DEBUG [Forwarding quit on session 8224b39f135dddefa755fa7332753c0d to remote] http.headers 136 - http-outgoing-4 &gt;&gt; User-Agent: Apache-HttpClient/4.5.3 (Java/1.8.0_221)
08-31-2019 12:59:36 LoggingManagedHttpClientConnection.java DEBUG [Forwarding quit on session 8224b39f135dddefa755fa7332753c0d to remote] http.headers 136 - http-outgoing-4 &gt;&gt; Accept-Encoding: gzip,deflate
08-31-2019 12:59:36 Wire.java DEBUG [Forwarding quit on session 8224b39f135dddefa755fa7332753c0d to remote] http.wire 73 - http-outgoing-4 &gt;&gt; &quot;DELETE /session/8224b39f135dddefa755fa7332753c0d HTTP/1.1[\r][\n]&quot;
08-31-2019 12:59:36 Wire.java DEBUG [Forwarding quit on session 8224b39f135dddefa755fa7332753c0d to remote] http.wire 73 - http-outgoing-4 &gt;&gt; &quot;Host: localhost:45030[\r][\n]&quot;
08-31-2019 12:59:36 Wire.java DEBUG [Forwarding quit on session 8224b39f135dddefa755fa7332753c0d to remote] http.wire 73 - http-outgoing-4 &gt;&gt; &quot;Connection: Keep-Alive[\r][\n]&quot;
08-31-2019 12:59:36 Wire.java DEBUG [Forwarding quit on session 8224b39f135dddefa755fa7332753c0d to remote] http.wire 73 - http-outgoing-4 &gt;&gt; &quot;User-Agent: Apache-HttpClient/4.5.3 (Java/1.8.0_221)[\r][\n]&quot;
08-31-2019 12:59:36 Wire.java DEBUG [Forwarding quit on session 8224b39f135dddefa755fa7332753c0d to remote] http.wire 73 - http-outgoing-4 &gt;&gt; &quot;Accept-Encoding: gzip,deflate[\r][\n]&quot;
08-31-2019 12:59:36 Wire.java DEBUG [Forwarding quit on session 8224b39f135dddefa755fa7332753c0d to remote] http.wire 73 - http-outgoing-4 &gt;&gt; &quot;[\r][\n]&quot;
08-31-2019 12:59:36 Wire.java DEBUG [Forwarding quit on session 8224b39f135dddefa755fa7332753c0d to remote] http.wire 73 - http-outgoing-4 &lt;&lt; &quot;HTTP/1.1 200 OK[\r][\n]&quot;
08-31-2019 12:59:36 Wire.java DEBUG [Forwarding quit on session 8224b39f135dddefa755fa7332753c0d to remote] http.wire 73 - http-outgoing-4 &lt;&lt; &quot;Content-Length:14[\r][\n]&quot;
08-31-2019 12:59:36 Wire.java DEBUG [Forwarding quit on session 8224b39f135dddefa755fa7332753c0d to remote] http.wire 73 - http-outgoing-4 &lt;&lt; &quot;Content-Type:application/json; charset=utf-8[\r][\n]&quot;
08-31-2019 12:59:36 Wire.java DEBUG [Forwarding quit on session 8224b39f135dddefa755fa7332753c0d to remote] http.wire 73 - http-outgoing-4 &lt;&lt; &quot;cache-control:no-cache[\r][\n]&quot;
08-31-2019 12:59:36 Wire.java DEBUG [Forwarding quit on session 8224b39f135dddefa755fa7332753c0d to remote] http.wire 73 - http-outgoing-4 &lt;&lt; &quot;[\r][\n]&quot;
08-31-2019 12:59:36 Wire.java DEBUG [Forwarding quit on session 8224b39f135dddefa755fa7332753c0d to remote] http.wire 87 - http-outgoing-4 &lt;&lt; &quot;{&quot;value&quot;:null}&quot;
08-31-2019 12:59:36 LoggingManagedHttpClientConnection.java DEBUG [Forwarding quit on session 8224b39f135dddefa755fa7332753c0d to remote] http.headers 122 - http-outgoing-4 &lt;&lt; HTTP/1.1 200 OK
08-31-2019 12:59:36 LoggingManagedHttpClientConnection.java DEBUG [Forwarding quit on session 8224b39f135dddefa755fa7332753c0d to remote] http.headers 125 - http-outgoing-4 &lt;&lt; Content-Length:14
08-31-2019 12:59:36 LoggingManagedHttpClientConnection.java DEBUG [Forwarding quit on session 8224b39f135dddefa755fa7332753c0d to remote] http.headers 125 - http-outgoing-4 &lt;&lt; Content-Type:application/json; charset=utf-8
08-31-2019 12:59:36 LoggingManagedHttpClientConnection.java DEBUG [Forwarding quit on session 8224b39f135dddefa755fa7332753c0d to remote] http.headers 125 - http-outgoing-4 &lt;&lt; cache-control:no-cache
08-31-2019 12:59:36 MainClientExec.java DEBUG [Forwarding quit on session 8224b39f135dddefa755fa7332753c0d to remote] execchain.MainClientExec 285 - Connection can be kept alive indefinitely
08-31-2019 12:59:36 PoolingHttpClientConnectionManager.java DEBUG [Forwarding quit on session 8224b39f135dddefa755fa7332753c0d to remote] conn.PoolingHttpClientConnectionManager 320 - Connection [id: 4][route: {}-&gt;http://localhost:45030] can be kept alive indefinitely
08-31-2019 12:59:36 PoolingHttpClientConnectionManager.java DEBUG [Forwarding quit on session 8224b39f135dddefa755fa7332753c0d to remote] conn.PoolingHttpClientConnectionManager 326 - Connection released: [id: 4][route: {}-&gt;http://localhost:45030][total kept alive: 1; route allocated: 1 of 2000; total allocated: 1 of 2000]
08-31-2019 12:59:36 PoolingHttpClientConnectionManager.java DEBUG [Forwarding quit on session 8224b39f135dddefa755fa7332753c0d to remote] conn.PoolingHttpClientConnectionManager 407 - Closing connections idle longer than 0 SECONDS
08-31-2019 12:59:36 LoggingManagedHttpClientConnection.java DEBUG [Forwarding quit on session 8224b39f135dddefa755fa7332753c0d to remote] conn.DefaultManagedHttpClientConnection 79 - http-outgoing-4: Close connection
08-31-2019 12:59:37 RequestAddCookies.java DEBUG [Forwarding newSession on session null to remote] protocol.RequestAddCookies 123 - CookieSpec selected: default
08-31-2019 12:59:37 RequestAuthCache.java DEBUG [Forwarding newSession on session null to remote] protocol.RequestAuthCache 77 - Auth cache not set in the context
08-31-2019 12:59:37 PoolingHttpClientConnectionManager.java DEBUG [Forwarding newSession on session null to remote] conn.PoolingHttpClientConnectionManager 255 - Connection request: [route: {}-&gt;http://localhost:4619][total kept alive: 0; route allocated: 0 of 2000; total allocated: 0 of 2000]
08-31-2019 12:59:37 PoolingHttpClientConnectionManager.java DEBUG [Forwarding newSession on session null to remote] conn.PoolingHttpClientConnectionManager 288 - Connection leased: [id: 5][route: {}-&gt;http://localhost:4619][total kept alive: 0; route allocated: 1 of 2000; total allocated: 1 of 2000]
08-31-2019 12:59:37 MainClientExec.java DEBUG [Forwarding newSession on session null to remote] execchain.MainClientExec 235 - Opening connection {}-&gt;http://localhost:4619
08-31-2019 12:59:37 DefaultHttpClientConnectionOperator.java DEBUG [Forwarding newSession on session null to remote] conn.DefaultHttpClientConnectionOperator 139 - Connecting to localhost/127.0.0.1:4619
08-31-2019 12:59:37 DefaultHttpClientConnectionOperator.java DEBUG [Forwarding newSession on session null to remote] conn.DefaultHttpClientConnectionOperator 146 - Connection established 127.0.0.1:54267&lt;-&gt;127.0.0.1:4619
08-31-2019 12:59:37 LoggingManagedHttpClientConnection.java DEBUG [Forwarding newSession on session null to remote] conn.DefaultManagedHttpClientConnection 88 - http-outgoing-5: set socket timeout to 10800000
08-31-2019 12:59:37 MainClientExec.java DEBUG [Forwarding newSession on session null to remote] execchain.MainClientExec 256 - Executing request POST /session HTTP/1.1
08-31-2019 12:59:37 MainClientExec.java DEBUG [Forwarding newSession on session null to remote] execchain.MainClientExec 261 - Target auth state: UNCHALLENGED
08-31-2019 12:59:37 MainClientExec.java DEBUG [Forwarding newSession on session null to remote] execchain.MainClientExec 267 - Proxy auth state: UNCHALLENGED
08-31-2019 12:59:37 LoggingManagedHttpClientConnection.java DEBUG [Forwarding newSession on session null to remote] http.headers 133 - http-outgoing-5 &gt;&gt; POST /session HTTP/1.1
08-31-2019 12:59:37 LoggingManagedHttpClientConnection.java DEBUG [Forwarding newSession on session null to remote] http.headers 136 - http-outgoing-5 &gt;&gt; Content-Type: application/json; charset=utf-8
08-31-2019 12:59:37 LoggingManagedHttpClientConnection.java DEBUG [Forwarding newSession on session null to remote] http.headers 136 - http-outgoing-5 &gt;&gt; Content-Length: 550
08-31-2019 12:59:37 LoggingManagedHttpClientConnection.java DEBUG [Forwarding newSession on session null to remote] http.headers 136 - http-outgoing-5 &gt;&gt; Host: localhost:4619
08-31-2019 12:59:37 LoggingManagedHttpClientConnection.java DEBUG [Forwarding newSession on session null to remote] http.headers 136 - http-outgoing-5 &gt;&gt; Connection: Keep-Alive
08-31-2019 12:59:37 LoggingManagedHttpClientConnection.java DEBUG [Forwarding newSession on session null to remote] http.headers 136 - http-outgoing-5 &gt;&gt; User-Agent: Apache-HttpClient/4.5.3 (Java/1.8.0_221)
08-31-2019 12:59:37 LoggingManagedHttpClientConnection.java DEBUG [Forwarding newSession on session null to remote] http.headers 136 - http-outgoing-5 &gt;&gt; Accept-Encoding: gzip,deflate
08-31-2019 12:59:37 Wire.java DEBUG [Forwarding newSession on session null to remote] http.wire 73 - http-outgoing-5 &gt;&gt; &quot;POST /session HTTP/1.1[\r][\n]&quot;
08-31-2019 12:59:37 Wire.java DEBUG [Forwarding newSession on session null to remote] http.wire 73 - http-outgoing-5 &gt;&gt; &quot;Content-Type: application/json; charset=utf-8[\r][\n]&quot;
08-31-2019 12:59:37 Wire.java DEBUG [Forwarding newSession on session null to remote] http.wire 73 - http-outgoing-5 &gt;&gt; &quot;Content-Length: 550[\r][\n]&quot;
08-31-2019 12:59:37 Wire.java DEBUG [Forwarding newSession on session null to remote] http.wire 73 - http-outgoing-5 &gt;&gt; &quot;Host: localhost:4619[\r][\n]&quot;
08-31-2019 12:59:37 Wire.java DEBUG [Forwarding newSession on session null to remote] http.wire 73 - http-outgoing-5 &gt;&gt; &quot;Connection: Keep-Alive[\r][\n]&quot;
08-31-2019 12:59:37 Wire.java DEBUG [Forwarding newSession on session null to remote] http.wire 73 - http-outgoing-5 &gt;&gt; &quot;User-Agent: Apache-HttpClient/4.5.3 (Java/1.8.0_221)[\r][\n]&quot;
08-31-2019 12:59:37 Wire.java DEBUG [Forwarding newSession on session null to remote] http.wire 73 - http-outgoing-5 &gt;&gt; &quot;Accept-Encoding: gzip,deflate[\r][\n]&quot;
08-31-2019 12:59:37 Wire.java DEBUG [Forwarding newSession on session null to remote] http.wire 73 - http-outgoing-5 &gt;&gt; &quot;[\r][\n]&quot;
08-31-2019 12:59:37 Wire.java DEBUG [Forwarding newSession on session null to remote] http.wire 73 - http-outgoing-5 &gt;&gt; &quot;{[\n]&quot;
08-31-2019 12:59:37 Wire.java DEBUG [Forwarding newSession on session null to remote] http.wire 73 - http-outgoing-5 &gt;&gt; &quot;  &quot;desiredCapabilities&quot;: {[\n]&quot;
08-31-2019 12:59:37 Wire.java DEBUG [Forwarding newSession on session null to remote] http.wire 73 - http-outgoing-5 &gt;&gt; &quot;    &quot;browserName&quot;: &quot;chrome&quot;,[\n]&quot;
08-31-2019 12:59:37 Wire.java DEBUG [Forwarding newSession on session null to remote] http.wire 73 - http-outgoing-5 &gt;&gt; &quot;    &quot;chromeOptions&quot;: {[\n]&quot;
08-31-2019 12:59:37 Wire.java DEBUG [Forwarding newSession on session null to remote] http.wire 73 - http-outgoing-5 &gt;&gt; &quot;      &quot;args&quot;: [],[\n]&quot;
08-31-2019 12:59:37 Wire.java DEBUG [Forwarding newSession on session null to remote] http.wire 73 - http-outgoing-5 &gt;&gt; &quot;      &quot;extensions&quot;: [][\n]&quot;
08-31-2019 12:59:37 Wire.java DEBUG [Forwarding newSession on session null to remote] http.wire 73 - http-outgoing-5 &gt;&gt; &quot;    },[\n]&quot;
08-31-2019 12:59:37 Wire.java DEBUG [Forwarding newSession on session null to remote] http.wire 73 - http-outgoing-5 &gt;&gt; &quot;    &quot;version&quot;: &quot;&quot;,[\n]&quot;
08-31-2019 12:59:37 Wire.java DEBUG [Forwarding newSession on session null to remote] http.wire 73 - http-outgoing-5 &gt;&gt; &quot;    &quot;platform&quot;: &quot;ANY&quot;[\n]&quot;
08-31-2019 12:59:37 Wire.java DEBUG [Forwarding newSession on session null to remote] http.wire 73 - http-outgoing-5 &gt;&gt; &quot;  },[\n]&quot;
08-31-2019 12:59:37 Wire.java DEBUG [Forwarding newSession on session null to remote] http.wire 73 - http-outgoing-5 &gt;&gt; &quot;  &quot;requiredCapabilities&quot;: {},[\n]&quot;
08-31-2019 12:59:37 Wire.java DEBUG [Forwarding newSession on session null to remote] http.wire 73 - http-outgoing-5 &gt;&gt; &quot;  &quot;capabilities&quot;: {[\n]&quot;
08-31-2019 12:59:37 Wire.java DEBUG [Forwarding newSession on session null to remote] http.wire 73 - http-outgoing-5 &gt;&gt; &quot;    &quot;desiredCapabilities&quot;: {[\n]&quot;
08-31-2019 12:59:37 Wire.java DEBUG [Forwarding newSession on session null to remote] http.wire 73 - http-outgoing-5 &gt;&gt; &quot;      &quot;browserName&quot;: &quot;chrome&quot;,[\n]&quot;
08-31-2019 12:59:37 Wire.java DEBUG [Forwarding newSession on session null to remote] http.wire 73 - http-outgoing-5 &gt;&gt; &quot;      &quot;chromeOptions&quot;: {[\n]&quot;
08-31-2019 12:59:37 Wire.java DEBUG [Forwarding newSession on session null to remote] http.wire 73 - http-outgoing-5 &gt;&gt; &quot;        &quot;args&quot;: [],[\n]&quot;
08-31-2019 12:59:37 Wire.java DEBUG [Forwarding newSession on session null to remote] http.wire 73 - http-outgoing-5 &gt;&gt; &quot;        &quot;extensions&quot;: [][\n]&quot;
08-31-2019 12:59:37 Wire.java DEBUG [Forwarding newSession on session null to remote] http.wire 73 - http-outgoing-5 &gt;&gt; &quot;      },[\n]&quot;
08-31-2019 12:59:37 Wire.java DEBUG [Forwarding newSession on session null to remote] http.wire 73 - http-outgoing-5 &gt;&gt; &quot;      &quot;version&quot;: &quot;&quot;,[\n]&quot;
08-31-2019 12:59:37 Wire.java DEBUG [Forwarding newSession on session null to remote] http.wire 73 - http-outgoing-5 &gt;&gt; &quot;      &quot;platform&quot;: &quot;ANY&quot;[\n]&quot;
08-31-2019 12:59:37 Wire.java DEBUG [Forwarding newSession on session null to remote] http.wire 73 - http-outgoing-5 &gt;&gt; &quot;    },[\n]&quot;
08-31-2019 12:59:37 Wire.java DEBUG [Forwarding newSession on session null to remote] http.wire 73 - http-outgoing-5 &gt;&gt; &quot;    &quot;requiredCapabilities&quot;: {},[\n]&quot;
08-31-2019 12:59:37 Wire.java DEBUG [Forwarding newSession on session null to remote] http.wire 73 - http-outgoing-5 &gt;&gt; &quot;    &quot;alwaysMatch&quot;: {},[\n]&quot;
08-31-2019 12:59:37 Wire.java DEBUG [Forwarding newSession on session null to remote] http.wire 73 - http-outgoing-5 &gt;&gt; &quot;    &quot;firstMatch&quot;: [[\n]&quot;
08-31-2019 12:59:37 Wire.java DEBUG [Forwarding newSession on session null to remote] http.wire 73 - http-outgoing-5 &gt;&gt; &quot;      {[\n]&quot;
08-31-2019 12:59:37 Wire.java DEBUG [Forwarding newSession on session null to remote] http.wire 73 - http-outgoing-5 &gt;&gt; &quot;        &quot;browserName&quot;: &quot;chrome&quot;[\n]&quot;
08-31-2019 12:59:37 Wire.java DEBUG [Forwarding newSession on session null to remote] http.wire 73 - http-outgoing-5 &gt;&gt; &quot;      }[\n]&quot;
08-31-2019 12:59:37 Wire.java DEBUG [Forwarding newSession on session null to remote] http.wire 73 - http-outgoing-5 &gt;&gt; &quot;    ][\n]&quot;
08-31-2019 12:59:37 Wire.java DEBUG [Forwarding newSession on session null to remote] http.wire 73 - http-outgoing-5 &gt;&gt; &quot;  }[\n]&quot;
08-31-2019 12:59:37 Wire.java DEBUG [Forwarding newSession on session null to remote] http.wire 87 - http-outgoing-5 &gt;&gt; &quot;}&quot;
08-31-2019 12:59:39 Wire.java DEBUG [Forwarding newSession on session null to remote] http.wire 73 - http-outgoing-5 &lt;&lt; &quot;HTTP/1.1 200 OK[\r][\n]&quot;
08-31-2019 12:59:39 Wire.java DEBUG [Forwarding newSession on session null to remote] http.wire 73 - http-outgoing-5 &lt;&lt; &quot;Content-Length:682[\r][\n]&quot;
08-31-2019 12:59:39 Wire.java DEBUG [Forwarding newSession on session null to remote] http.wire 73 - http-outgoing-5 &lt;&lt; &quot;Content-Type:application/json; charset=utf-8[\r][\n]&quot;
08-31-2019 12:59:39 Wire.java DEBUG [Forwarding newSession on session null to remote] http.wire 73 - http-outgoing-5 &lt;&lt; &quot;cache-control:no-cache[\r][\n]&quot;
08-31-2019 12:59:39 Wire.java DEBUG [Forwarding newSession on session null to remote] http.wire 73 - http-outgoing-5 &lt;&lt; &quot;[\r][\n]&quot;
08-31-2019 12:59:39 Wire.java DEBUG [Forwarding newSession on session null to remote] http.wire 87 - http-outgoing-5 &lt;&lt; &quot;{&quot;value&quot;:{&quot;capabilities&quot;:{&quot;acceptInsecureCerts&quot;:false,&quot;browserName&quot;:&quot;chrome&quot;,&quot;browserVersion&quot;:&quot;76.0.3809.132&quot;,&quot;chrome&quot;:{&quot;chromedriverVersion&quot;:&quot;76.0.3809.68 (420c9498db8ce8fcd190a954d51297672c1515d5-refs/branch-heads/3809@{#864})&quot;,&quot;userDataDir&quot;:&quot;C:\\Users\\karan\\AppData\\Local\\Temp\\scoped_dir8132_1796740611&quot;},&quot;goog:chromeOptions&quot;:{&quot;debuggerAddress&quot;:&quot;localhost:54268&quot;},&quot;networkConnectionEnabled&quot;:false,&quot;pageLoadStrategy&quot;:&quot;normal&quot;,&quot;platformName&quot;:&quot;windows nt&quot;,&quot;proxy&quot;:{},&quot;setWindowRect&quot;:true,&quot;strictFileInteractability&quot;:false,&quot;timeouts&quot;:{&quot;implicit&quot;:0,&quot;pageLoad&quot;:300000,&quot;script&quot;:30000},&quot;unhandledPromptBehavior&quot;:&quot;dismiss and notify&quot;},&quot;sessionId&quot;:&quot;57f77c2899285a2b963db09b270c4ab3&quot;}}&quot;
08-31-2019 12:59:39 LoggingManagedHttpClientConnection.java DEBUG [Forwarding newSession on session null to remote] http.headers 122 - http-outgoing-5 &lt;&lt; HTTP/1.1 200 OK
08-31-2019 12:59:39 LoggingManagedHttpClientConnection.java DEBUG [Forwarding newSession on session null to remote] http.headers 125 - http-outgoing-5 &lt;&lt; Content-Length:682
08-31-2019 12:59:39 LoggingManagedHttpClientConnection.java DEBUG [Forwarding newSession on session null to remote] http.headers 125 - http-outgoing-5 &lt;&lt; Content-Type:application/json; charset=utf-8
08-31-2019 12:59:39 LoggingManagedHttpClientConnection.java DEBUG [Forwarding newSession on session null to remote] http.headers 125 - http-outgoing-5 &lt;&lt; cache-control:no-cache
08-31-2019 12:59:39 MainClientExec.java DEBUG [Forwarding newSession on session null to remote] execchain.MainClientExec 285 - Connection can be kept alive indefinitely
08-31-2019 12:59:39 PoolingHttpClientConnectionManager.java DEBUG [Forwarding newSession on session null to remote] conn.PoolingHttpClientConnectionManager 320 - Connection [id: 5][route: {}-&gt;http://localhost:4619] can be kept alive indefinitely
08-31-2019 12:59:39 PoolingHttpClientConnectionManager.java DEBUG [Forwarding newSession on session null to remote] conn.PoolingHttpClientConnectionManager 326 - Connection released: [id: 5][route: {}-&gt;http://localhost:4619][total kept alive: 1; route allocated: 1 of 2000; total allocated: 1 of 2000]
08-31-2019 12:59:39 RequestAddCookies.java DEBUG [Forwarding maximizeCurrentWindow on session 57f77c2899285a2b963db09b270c4ab3 to remote] protocol.RequestAddCookies 123 - CookieSpec selected: default
08-31-2019 12:59:39 RequestAuthCache.java DEBUG [Forwarding maximizeCurrentWindow on session 57f77c2899285a2b963db09b270c4ab3 to remote] protocol.RequestAuthCache 77 - Auth cache not set in the context
08-31-2019 12:59:39 PoolingHttpClientConnectionManager.java DEBUG [Forwarding maximizeCurrentWindow on session 57f77c2899285a2b963db09b270c4ab3 to remote] conn.PoolingHttpClientConnectionManager 255 - Connection request: [route: {}-&gt;http://localhost:4619][total kept alive: 1; route allocated: 1 of 2000; total allocated: 1 of 2000]
08-31-2019 12:59:39 PoolingHttpClientConnectionManager.java DEBUG [Forwarding maximizeCurrentWindow on session 57f77c2899285a2b963db09b270c4ab3 to remote] conn.PoolingHttpClientConnectionManager 288 - Connection leased: [id: 5][route: {}-&gt;http://localhost:4619][total kept alive: 0; route allocated: 1 of 2000; total allocated: 1 of 2000]
08-31-2019 12:59:39 MainClientExec.java DEBUG [Forwarding maximizeCurrentWindow on session 57f77c2899285a2b963db09b270c4ab3 to remote] execchain.MainClientExec 208 - Stale connection check
08-31-2019 12:59:39 Wire.java DEBUG [Forwarding maximizeCurrentWindow on session 57f77c2899285a2b963db09b270c4ab3 to remote] http.wire 87 - http-outgoing-5 &lt;&lt; &quot;[read] I/O error: Read timed out&quot;
08-31-2019 12:59:39 LoggingManagedHttpClientConnection.java DEBUG [Forwarding maximizeCurrentWindow on session 57f77c2899285a2b963db09b270c4ab3 to remote] conn.DefaultManagedHttpClientConnection 88 - http-outgoing-5: set socket timeout to 10800000
08-31-2019 12:59:39 MainClientExec.java DEBUG [Forwarding maximizeCurrentWindow on session 57f77c2899285a2b963db09b270c4ab3 to remote] execchain.MainClientExec 256 - Executing request POST /session/57f77c2899285a2b963db09b270c4ab3/window/maximize HTTP/1.1
08-31-2019 12:59:39 MainClientExec.java DEBUG [Forwarding maximizeCurrentWindow on session 57f77c2899285a2b963db09b270c4ab3 to remote] execchain.MainClientExec 261 - Target auth state: UNCHALLENGED
08-31-2019 12:59:39 MainClientExec.java DEBUG [Forwarding maximizeCurrentWindow on session 57f77c2899285a2b963db09b270c4ab3 to remote] execchain.MainClientExec 267 - Proxy auth state: UNCHALLENGED
08-31-2019 12:59:39 LoggingManagedHttpClientConnection.java DEBUG [Forwarding maximizeCurrentWindow on session 57f77c2899285a2b963db09b270c4ab3 to remote] http.headers 133 - http-outgoing-5 &gt;&gt; POST /session/57f77c2899285a2b963db09b270c4ab3/window/maximize HTTP/1.1
08-31-2019 12:59:39 LoggingManagedHttpClientConnection.java DEBUG [Forwarding maximizeCurrentWindow on session 57f77c2899285a2b963db09b270c4ab3 to remote] http.headers 136 - http-outgoing-5 &gt;&gt; Content-Type: application/json; charset=utf-8
08-31-2019 12:59:39 LoggingManagedHttpClientConnection.java DEBUG [Forwarding maximizeCurrentWindow on session 57f77c2899285a2b963db09b270c4ab3 to remote] http.headers 136 - http-outgoing-5 &gt;&gt; Content-Length: 2
08-31-2019 12:59:39 LoggingManagedHttpClientConnection.java DEBUG [Forwarding maximizeCurrentWindow on session 57f77c2899285a2b963db09b270c4ab3 to remote] http.headers 136 - http-outgoing-5 &gt;&gt; Host: localhost:4619
08-31-2019 12:59:39 LoggingManagedHttpClientConnection.java DEBUG [Forwarding maximizeCurrentWindow on session 57f77c2899285a2b963db09b270c4ab3 to remote] http.headers 136 - http-outgoing-5 &gt;&gt; Connection: Keep-Alive
08-31-2019 12:59:39 LoggingManagedHttpClientConnection.java DEBUG [Forwarding maximizeCurrentWindow on session 57f77c2899285a2b963db09b270c4ab3 to remote] http.headers 136 - http-outgoing-5 &gt;&gt; User-Agent: Apache-HttpClient/4.5.3 (Java/1.8.0_221)
08-31-2019 12:59:39 LoggingManagedHttpClientConnection.java DEBUG [Forwarding maximizeCurrentWindow on session 57f77c2899285a2b963db09b270c4ab3 to remote] http.headers 136 - http-outgoing-5 &gt;&gt; Accept-Encoding: gzip,deflate
08-31-2019 12:59:39 Wire.java DEBUG [Forwarding maximizeCurrentWindow on session 57f77c2899285a2b963db09b270c4ab3 to remote] http.wire 73 - http-outgoing-5 &gt;&gt; &quot;POST /session/57f77c2899285a2b963db09b270c4ab3/window/maximize HTTP/1.1[\r][\n]&quot;
08-31-2019 12:59:39 Wire.java DEBUG [Forwarding maximizeCurrentWindow on session 57f77c2899285a2b963db09b270c4ab3 to remote] http.wire 73 - http-outgoing-5 &gt;&gt; &quot;Content-Type: application/json; charset=utf-8[\r][\n]&quot;
08-31-2019 12:59:39 Wire.java DEBUG [Forwarding maximizeCurrentWindow on session 57f77c2899285a2b963db09b270c4ab3 to remote] http.wire 73 - http-outgoing-5 &gt;&gt; &quot;Content-Length: 2[\r][\n]&quot;
08-31-2019 12:59:39 Wire.java DEBUG [Forwarding maximizeCurrentWindow on session 57f77c2899285a2b963db09b270c4ab3 to remote] http.wire 73 - http-outgoing-5 &gt;&gt; &quot;Host: localhost:4619[\r][\n]&quot;
08-31-2019 12:59:39 Wire.java DEBUG [Forwarding maximizeCurrentWindow on session 57f77c2899285a2b963db09b270c4ab3 to remote] http.wire 73 - http-outgoing-5 &gt;&gt; &quot;Connection: Keep-Alive[\r][\n]&quot;
08-31-2019 12:59:39 Wire.java DEBUG [Forwarding maximizeCurrentWindow on session 57f77c2899285a2b963db09b270c4ab3 to remote] http.wire 73 - http-outgoing-5 &gt;&gt; &quot;User-Agent: Apache-HttpClient/4.5.3 (Java/1.8.0_221)[\r][\n]&quot;
08-31-2019 12:59:39 Wire.java DEBUG [Forwarding maximizeCurrentWindow on session 57f77c2899285a2b963db09b270c4ab3 to remote] http.wire 73 - http-outgoing-5 &gt;&gt; &quot;Accept-Encoding: gzip,deflate[\r][\n]&quot;
08-31-2019 12:59:39 Wire.java DEBUG [Forwarding maximizeCurrentWindow on session 57f77c2899285a2b963db09b270c4ab3 to remote] http.wire 73 - http-outgoing-5 &gt;&gt; &quot;[\r][\n]&quot;
08-31-2019 12:59:39 Wire.java DEBUG [Forwarding maximizeCurrentWindow on session 57f77c2899285a2b963db09b270c4ab3 to remote] http.wire 87 - http-outgoing-5 &gt;&gt; &quot;{}&quot;
08-31-2019 12:59:40 Wire.java DEBUG [Forwarding maximizeCurrentWindow on session 57f77c2899285a2b963db09b270c4ab3 to remote] http.wire 73 - http-outgoing-5 &lt;&lt; &quot;HTTP/1.1 200 OK[\r][\n]&quot;
08-31-2019 12:59:40 Wire.java DEBUG [Forwarding maximizeCurrentWindow on session 57f77c2899285a2b963db09b270c4ab3 to remote] http.wire 73 - http-outgoing-5 &lt;&lt; &quot;Content-Length:51[\r][\n]&quot;
08-31-2019 12:59:40 Wire.java DEBUG [Forwarding maximizeCurrentWindow on session 57f77c2899285a2b963db09b270c4ab3 to remote] http.wire 73 - http-outgoing-5 &lt;&lt; &quot;Content-Type:application/json; charset=utf-8[\r][\n]&quot;
08-31-2019 12:59:40 Wire.java DEBUG [Forwarding maximizeCurrentWindow on session 57f77c2899285a2b963db09b270c4ab3 to remote] http.wire 73 - http-outgoing-5 &lt;&lt; &quot;cache-control:no-cache[\r][\n]&quot;
08-31-2019 12:59:40 Wire.java DEBUG [Forwarding maximizeCurrentWindow on session 57f77c2899285a2b963db09b270c4ab3 to remote] http.wire 73 - http-outgoing-5 &lt;&lt; &quot;[\r][\n]&quot;
08-31-2019 12:59:40 Wire.java DEBUG [Forwarding maximizeCurrentWindow on session 57f77c2899285a2b963db09b270c4ab3 to remote] http.wire 87 - http-outgoing-5 &lt;&lt; &quot;{&quot;value&quot;:{&quot;height&quot;:886,&quot;width&quot;:1382,&quot;x&quot;:-7,&quot;y&quot;:-7}}&quot;
08-31-2019 12:59:40 LoggingManagedHttpClientConnection.java DEBUG [Forwarding maximizeCurrentWindow on session 57f77c2899285a2b963db09b270c4ab3 to remote] http.headers 122 - http-outgoing-5 &lt;&lt; HTTP/1.1 200 OK
08-31-2019 12:59:40 LoggingManagedHttpClientConnection.java DEBUG [Forwarding maximizeCurrentWindow on session 57f77c2899285a2b963db09b270c4ab3 to remote] http.headers 125 - http-outgoing-5 &lt;&lt; Content-Length:51
08-31-2019 12:59:40 LoggingManagedHttpClientConnection.java DEBUG [Forwarding maximizeCurrentWindow on session 57f77c2899285a2b963db09b270c4ab3 to remote] http.headers 125 - http-outgoing-5 &lt;&lt; Content-Type:application/json; charset=utf-8
08-31-2019 12:59:40 LoggingManagedHttpClientConnection.java DEBUG [Forwarding maximizeCurrentWindow on session 57f77c2899285a2b963db09b270c4ab3 to remote] http.headers 125 - http-outgoing-5 &lt;&lt; cache-control:no-cache
08-31-2019 12:59:40 MainClientExec.java DEBUG [Forwarding maximizeCurrentWindow on session 57f77c2899285a2b963db09b270c4ab3 to remote] execchain.MainClientExec 285 - Connection can be kept alive indefinitely
08-31-2019 12:59:40 PoolingHttpClientConnectionManager.java DEBUG [Forwarding maximizeCurrentWindow on session 57f77c2899285a2b963db09b270c4ab3 to remote] conn.PoolingHttpClientConnectionManager 320 - Connection [id: 5][route: {}-&gt;http://localhost:4619] can be kept alive indefinitely
08-31-2019 12:59:40 PoolingHttpClientConnectionManager.java DEBUG [Forwarding maximizeCurrentWindow on session 57f77c2899285a2b963db09b270c4ab3 to remote] conn.PoolingHttpClientConnectionManager 326 - Connection released: [id: 5][route: {}-&gt;http://localhost:4619][total kept alive: 1; route allocated: 1 of 2000; total allocated: 1 of 2000]
08-31-2019 12:59:40 RequestAddCookies.java DEBUG [Forwarding deleteAllCookies on session 57f77c2899285a2b963db09b270c4ab3 to remote] protocol.RequestAddCookies 123 - CookieSpec selected: default
08-31-2019 12:59:40 RequestAuthCache.java DEBUG [Forwarding deleteAllCookies on session 57f77c2899285a2b963db09b270c4ab3 to remote] protocol.RequestAuthCache 77 - Auth cache not set in the context
08-31-2019 12:59:40 PoolingHttpClientConnectionManager.java DEBUG [Forwarding deleteAllCookies on session 57f77c2899285a2b963db09b270c4ab3 to remote] conn.PoolingHttpClientConnectionManager 255 - Connection request: [route: {}-&gt;http://localhost:4619][total kept alive: 1; route allocated: 1 of 2000; total allocated: 1 of 2000]
08-31-2019 12:59:40 PoolingHttpClientConnectionManager.java DEBUG [Forwarding deleteAllCookies on session 57f77c2899285a2b963db09b270c4ab3 to remote] conn.PoolingHttpClientConnectionManager 288 - Connection leased: [id: 5][route: {}-&gt;http://localhost:4619][total kept alive: 0; route allocated: 1 of 2000; total allocated: 1 of 2000]
08-31-2019 12:59:40 MainClientExec.java DEBUG [Forwarding deleteAllCookies on session 57f77c2899285a2b963db09b270c4ab3 to remote] execchain.MainClientExec 208 - Stale connection check
08-31-2019 12:59:40 Wire.java DEBUG [Forwarding deleteAllCookies on session 57f77c2899285a2b963db09b270c4ab3 to remote] http.wire 87 - http-outgoing-5 &lt;&lt; &quot;[read] I/O error: Read timed out&quot;
08-31-2019 12:59:40 LoggingManagedHttpClientConnection.java DEBUG [Forwarding deleteAllCookies on session 57f77c2899285a2b963db09b270c4ab3 to remote] conn.DefaultManagedHttpClientConnection 88 - http-outgoing-5: set socket timeout to 10800000
08-31-2019 12:59:40 MainClientExec.java DEBUG [Forwarding deleteAllCookies on session 57f77c2899285a2b963db09b270c4ab3 to remote] execchain.MainClientExec 256 - Executing request DELETE /session/57f77c2899285a2b963db09b270c4ab3/cookie HTTP/1.1
08-31-2019 12:59:40 MainClientExec.java DEBUG [Forwarding deleteAllCookies on session 57f77c2899285a2b963db09b270c4ab3 to remote] execchain.MainClientExec 261 - Target auth state: UNCHALLENGED
08-31-2019 12:59:40 MainClientExec.java DEBUG [Forwarding deleteAllCookies on session 57f77c2899285a2b963db09b270c4ab3 to remote] execchain.MainClientExec 267 - Proxy auth state: UNCHALLENGED
08-31-2019 12:59:40 LoggingManagedHttpClientConnection.java DEBUG [Forwarding deleteAllCookies on session 57f77c2899285a2b963db09b270c4ab3 to remote] http.headers 133 - http-outgoing-5 &gt;&gt; DELETE /session/57f77c2899285a2b963db09b270c4ab3/cookie HTTP/1.1
08-31-2019 12:59:40 LoggingManagedHttpClientConnection.java DEBUG [Forwarding deleteAllCookies on session 57f77c2899285a2b963db09b270c4ab3 to remote] http.headers 136 - http-outgoing-5 &gt;&gt; Host: localhost:4619
08-31-2019 12:59:40 LoggingManagedHttpClientConnection.java DEBUG [Forwarding deleteAllCookies on session 57f77c2899285a2b963db09b270c4ab3 to remote] http.headers 136 - http-outgoing-5 &gt;&gt; Connection: Keep-Alive
08-31-2019 12:59:40 LoggingManagedHttpClientConnection.java DEBUG [Forwarding deleteAllCookies on session 57f77c2899285a2b963db09b270c4ab3 to remote] http.headers 136 - http-outgoing-5 &gt;&gt; User-Agent: Apache-HttpClient/4.5.3 (Java/1.8.0_221)
08-31-2019 12:59:40 LoggingManagedHttpClientConnection.java DEBUG [Forwarding deleteAllCookies on session 57f77c2899285a2b963db09b270c4ab3 to remote] http.headers 136 - http-outgoing-5 &gt;&gt; Accept-Encoding: gzip,deflate
08-31-2019 12:59:40 Wire.java DEBUG [Forwarding deleteAllCookies on session 57f77c2899285a2b963db09b270c4ab3 to remote] http.wire 73 - http-outgoing-5 &gt;&gt; &quot;DELETE /session/57f77c2899285a2b963db09b270c4ab3/cookie HTTP/1.1[\r][\n]&quot;
08-31-2019 12:59:40 Wire.java DEBUG [Forwarding deleteAllCookies on session 57f77c2899285a2b963db09b270c4ab3 to remote] http.wire 73 - http-outgoing-5 &gt;&gt; &quot;Host: localhost:4619[\r][\n]&quot;
08-31-2019 12:59:40 Wire.java DEBUG [Forwarding deleteAllCookies on session 57f77c2899285a2b963db09b270c4ab3 to remote] http.wire 73 - http-outgoing-5 &gt;&gt; &quot;Connection: Keep-Alive[\r][\n]&quot;
08-31-2019 12:59:40 Wire.java DEBUG [Forwarding deleteAllCookies on session 57f77c2899285a2b963db09b270c4ab3 to remote] http.wire 73 - http-outgoing-5 &gt;&gt; &quot;User-Agent: Apache-HttpClient/4.5.3 (Java/1.8.0_221)[\r][\n]&quot;
08-31-2019 12:59:40 Wire.java DEBUG [Forwarding deleteAllCookies on session 57f77c2899285a2b963db09b270c4ab3 to remote] http.wire 73 - http-outgoing-5 &gt;&gt; &quot;Accept-Encoding: gzip,deflate[\r][\n]&quot;
08-31-2019 12:59:40 Wire.java DEBUG [Forwarding deleteAllCookies on session 57f77c2899285a2b963db09b270c4ab3 to remote] http.wire 73 - http-outgoing-5 &gt;&gt; &quot;[\r][\n]&quot;
08-31-2019 12:59:40 Wire.java DEBUG [Forwarding deleteAllCookies on session 57f77c2899285a2b963db09b270c4ab3 to remote] http.wire 73 - http-outgoing-5 &lt;&lt; &quot;HTTP/1.1 200 OK[\r][\n]&quot;
08-31-2019 12:59:40 Wire.java DEBUG [Forwarding deleteAllCookies on session 57f77c2899285a2b963db09b270c4ab3 to remote] http.wire 73 - http-outgoing-5 &lt;&lt; &quot;Content-Length:14[\r][\n]&quot;
08-31-2019 12:59:40 Wire.java DEBUG [Forwarding deleteAllCookies on session 57f77c2899285a2b963db09b270c4ab3 to remote] http.wire 73 - http-outgoing-5 &lt;&lt; &quot;Content-Type:application/json; charset=utf-8[\r][\n]&quot;
08-31-2019 12:59:40 Wire.java DEBUG [Forwarding deleteAllCookies on session 57f77c2899285a2b963db09b270c4ab3 to remote] http.wire 73 - http-outgoing-5 &lt;&lt; &quot;cache-control:no-cache[\r][\n]&quot;
08-31-2019 12:59:40 Wire.java DEBUG [Forwarding deleteAllCookies on session 57f77c2899285a2b963db09b270c4ab3 to remote] http.wire 73 - http-outgoing-5 &lt;&lt; &quot;[\r][\n]&quot;
08-31-2019 12:59:40 Wire.java DEBUG [Forwarding deleteAllCookies on session 57f77c2899285a2b963db09b270c4ab3 to remote] http.wire 87 - http-outgoing-5 &lt;&lt; &quot;{&quot;value&quot;:null}&quot;
08-31-2019 12:59:40 LoggingManagedHttpClientConnection.java DEBUG [Forwarding deleteAllCookies on session 57f77c2899285a2b963db09b270c4ab3 to remote] http.headers 122 - http-outgoing-5 &lt;&lt; HTTP/1.1 200 OK
08-31-2019 12:59:40 LoggingManagedHttpClientConnection.java DEBUG [Forwarding deleteAllCookies on session 57f77c2899285a2b963db09b270c4ab3 to remote] http.headers 125 - http-outgoing-5 &lt;&lt; Content-Length:14
08-31-2019 12:59:40 LoggingManagedHttpClientConnection.java DEBUG [Forwarding deleteAllCookies on session 57f77c2899285a2b963db09b270c4ab3 to remote] http.headers 125 - http-outgoing-5 &lt;&lt; Content-Type:application/json; charset=utf-8
08-31-2019 12:59:40 LoggingManagedHttpClientConnection.java DEBUG [Forwarding deleteAllCookies on session 57f77c2899285a2b963db09b270c4ab3 to remote] http.headers 125 - http-outgoing-5 &lt;&lt; cache-control:no-cache
08-31-2019 12:59:40 MainClientExec.java DEBUG [Forwarding deleteAllCookies on session 57f77c2899285a2b963db09b270c4ab3 to remote] execchain.MainClientExec 285 - Connection can be kept alive indefinitely
08-31-2019 12:59:40 PoolingHttpClientConnectionManager.java DEBUG [Forwarding deleteAllCookies on session 57f77c2899285a2b963db09b270c4ab3 to remote] conn.PoolingHttpClientConnectionManager 320 - Connection [id: 5][route: {}-&gt;http://localhost:4619] can be kept alive indefinitely
08-31-2019 12:59:40 PoolingHttpClientConnectionManager.java DEBUG [Forwarding deleteAllCookies on session 57f77c2899285a2b963db09b270c4ab3 to remote] conn.PoolingHttpClientConnectionManager 326 - Connection released: [id: 5][route: {}-&gt;http://localhost:4619][total kept alive: 1; route allocated: 1 of 2000; total allocated: 1 of 2000]
08-31-2019 12:59:40 RequestAddCookies.java DEBUG [Forwarding setTimeout on session 57f77c2899285a2b963db09b270c4ab3 to remote] protocol.RequestAddCookies 123 - CookieSpec selected: default
08-31-2019 12:59:40 RequestAuthCache.java DEBUG [Forwarding setTimeout on session 57f77c2899285a2b963db09b270c4ab3 to remote] protocol.RequestAuthCache 77 - Auth cache not set in the context
08-31-2019 12:59:40 PoolingHttpClientConnectionManager.java DEBUG [Forwarding setTimeout on session 57f77c2899285a2b963db09b270c4ab3 to remote] conn.PoolingHttpClientConnectionManager 255 - Connection request: [route: {}-&gt;http://localhost:4619][total kept alive: 1; route allocated: 1 of 2000; total allocated: 1 of 2000]
08-31-2019 12:59:40 PoolingHttpClientConnectionManager.java DEBUG [Forwarding setTimeout on session 57f77c2899285a2b963db09b270c4ab3 to remote] conn.PoolingHttpClientConnectionManager 288 - Connection leased: [id: 5][route: {}-&gt;http://localhost:4619][total kept alive: 0; route allocated: 1 of 2000; total allocated: 1 of 2000]
08-31-2019 12:59:40 MainClientExec.java DEBUG [Forwarding setTimeout on session 57f77c2899285a2b963db09b270c4ab3 to remote] execchain.MainClientExec 208 - Stale connection check
08-31-2019 12:59:40 Wire.java DEBUG [Forwarding setTimeout on session 57f77c2899285a2b963db09b270c4ab3 to remote] http.wire 87 - http-outgoing-5 &lt;&lt; &quot;[read] I/O error: Read timed out&quot;
08-31-2019 12:59:40 LoggingManagedHttpClientConnection.java DEBUG [Forwarding setTimeout on session 57f77c2899285a2b963db09b270c4ab3 to remote] conn.DefaultManagedHttpClientConnection 88 - http-outgoing-5: set socket timeout to 10800000
08-31-2019 12:59:40 MainClientExec.java DEBUG [Forwarding setTimeout on session 57f77c2899285a2b963db09b270c4ab3 to remote] execchain.MainClientExec 256 - Executing request POST /session/57f77c2899285a2b963db09b270c4ab3/timeouts HTTP/1.1
08-31-2019 12:59:40 MainClientExec.java DEBUG [Forwarding setTimeout on session 57f77c2899285a2b963db09b270c4ab3 to remote] execchain.MainClientExec 261 - Target auth state: UNCHALLENGED
08-31-2019 12:59:40 MainClientExec.java DEBUG [Forwarding setTimeout on session 57f77c2899285a2b963db09b270c4ab3 to remote] execchain.MainClientExec 267 - Proxy auth state: UNCHALLENGED
08-31-2019 12:59:40 LoggingManagedHttpClientConnection.java DEBUG [Forwarding setTimeout on session 57f77c2899285a2b963db09b270c4ab3 to remote] http.headers 133 - http-outgoing-5 &gt;&gt; POST /session/57f77c2899285a2b963db09b270c4ab3/timeouts HTTP/1.1
08-31-2019 12:59:40 LoggingManagedHttpClientConnection.java DEBUG [Forwarding setTimeout on session 57f77c2899285a2b963db09b270c4ab3 to remote] http.headers 136 - http-outgoing-5 &gt;&gt; Content-Type: application/json; charset=utf-8
08-31-2019 12:59:40 LoggingManagedHttpClientConnection.java DEBUG [Forwarding setTimeout on session 57f77c2899285a2b963db09b270c4ab3 to remote] http.headers 136 - http-outgoing-5 &gt;&gt; Content-Length: 18
08-31-2019 12:59:40 LoggingManagedHttpClientConnection.java DEBUG [Forwarding setTimeout on session 57f77c2899285a2b963db09b270c4ab3 to remote] http.headers 136 - http-outgoing-5 &gt;&gt; Host: localhost:4619
08-31-2019 12:59:40 LoggingManagedHttpClientConnection.java DEBUG [Forwarding setTimeout on session 57f77c2899285a2b963db09b270c4ab3 to remote] http.headers 136 - http-outgoing-5 &gt;&gt; Connection: Keep-Alive
08-31-2019 12:59:40 LoggingManagedHttpClientConnection.java DEBUG [Forwarding setTimeout on session 57f77c2899285a2b963db09b270c4ab3 to remote] http.headers 136 - http-outgoing-5 &gt;&gt; User-Agent: Apache-HttpClient/4.5.3 (Java/1.8.0_221)
08-31-2019 12:59:40 LoggingManagedHttpClientConnection.java DEBUG [Forwarding setTimeout on session 57f77c2899285a2b963db09b270c4ab3 to remote] http.headers 136 - http-outgoing-5 &gt;&gt; Accept-Encoding: gzip,deflate
08-31-2019 12:59:40 Wire.java DEBUG [Forwarding setTimeout on session 57f77c2899285a2b963db09b270c4ab3 to remote] http.wire 73 - http-outgoing-5 &gt;&gt; &quot;POST /session/57f77c2899285a2b963db09b270c4ab3/timeouts HTTP/1.1[\r][\n]&quot;
08-31-2019 12:59:40 Wire.java DEBUG [Forwarding setTimeout on session 57f77c2899285a2b963db09b270c4ab3 to remote] http.wire 73 - http-outgoing-5 &gt;&gt; &quot;Content-Type: application/json; charset=utf-8[\r][\n]&quot;
08-31-2019 12:59:40 Wire.java DEBUG [Forwarding setTimeout on session 57f77c2899285a2b963db09b270c4ab3 to remote] http.wire 73 - http-outgoing-5 &gt;&gt; &quot;Content-Length: 18[\r][\n]&quot;
08-31-2019 12:59:40 Wire.java DEBUG [Forwarding setTimeout on session 57f77c2899285a2b963db09b270c4ab3 to remote] http.wire 73 - http-outgoing-5 &gt;&gt; &quot;Host: localhost:4619[\r][\n]&quot;
08-31-2019 12:59:40 Wire.java DEBUG [Forwarding setTimeout on session 57f77c2899285a2b963db09b270c4ab3 to remote] http.wire 73 - http-outgoing-5 &gt;&gt; &quot;Connection: Keep-Alive[\r][\n]&quot;
08-31-2019 12:59:40 Wire.java DEBUG [Forwarding setTimeout on session 57f77c2899285a2b963db09b270c4ab3 to remote] http.wire 73 - http-outgoing-5 &gt;&gt; &quot;User-Agent: Apache-HttpClient/4.5.3 (Java/1.8.0_221)[\r][\n]&quot;
08-31-2019 12:59:40 Wire.java DEBUG [Forwarding setTimeout on session 57f77c2899285a2b963db09b270c4ab3 to remote] http.wire 73 - http-outgoing-5 &gt;&gt; &quot;Accept-Encoding: gzip,deflate[\r][\n]&quot;
08-31-2019 12:59:40 Wire.java DEBUG [Forwarding setTimeout on session 57f77c2899285a2b963db09b270c4ab3 to remote] http.wire 73 - http-outgoing-5 &gt;&gt; &quot;[\r][\n]&quot;
08-31-2019 12:59:40 Wire.java DEBUG [Forwarding setTimeout on session 57f77c2899285a2b963db09b270c4ab3 to remote] http.wire 87 - http-outgoing-5 &gt;&gt; &quot;{&quot;pageLoad&quot;:30000}&quot;
08-31-2019 12:59:40 Wire.java DEBUG [Forwarding setTimeout on session 57f77c2899285a2b963db09b270c4ab3 to remote] http.wire 73 - http-outgoing-5 &lt;&lt; &quot;HTTP/1.1 200 OK[\r][\n]&quot;
08-31-2019 12:59:40 Wire.java DEBUG [Forwarding setTimeout on session 57f77c2899285a2b963db09b270c4ab3 to remote] http.wire 73 - http-outgoing-5 &lt;&lt; &quot;Content-Length:14[\r][\n]&quot;
08-31-2019 12:59:40 Wire.java DEBUG [Forwarding setTimeout on session 57f77c2899285a2b963db09b270c4ab3 to remote] http.wire 73 - http-outgoing-5 &lt;&lt; &quot;Content-Type:application/json; charset=utf-8[\r][\n]&quot;
08-31-2019 12:59:40 Wire.java DEBUG [Forwarding setTimeout on session 57f77c2899285a2b963db09b270c4ab3 to remote] http.wire 73 - http-outgoing-5 &lt;&lt; &quot;cache-control:no-cache[\r][\n]&quot;
08-31-2019 12:59:40 Wire.java DEBUG [Forwarding setTimeout on session 57f77c2899285a2b963db09b270c4ab3 to remote] http.wire 73 - http-outgoing-5 &lt;&lt; &quot;[\r][\n]&quot;
08-31-2019 12:59:40 Wire.java DEBUG [Forwarding setTimeout on session 57f77c2899285a2b963db09b270c4ab3 to remote] http.wire 87 - http-outgoing-5 &lt;&lt; &quot;{&quot;value&quot;:null}&quot;
08-31-2019 12:59:40 LoggingManagedHttpClientConnection.java DEBUG [Forwarding setTimeout on session 57f77c2899285a2b963db09b270c4ab3 to remote] http.headers 122 - http-outgoing-5 &lt;&lt; HTTP/1.1 200 OK
08-31-2019 12:59:40 LoggingManagedHttpClientConnection.java DEBUG [Forwarding setTimeout on session 57f77c2899285a2b963db09b270c4ab3 to remote] http.headers 125 - http-outgoing-5 &lt;&lt; Content-Length:14
08-31-2019 12:59:40 LoggingManagedHttpClientConnection.java DEBUG [Forwarding setTimeout on session 57f77c2899285a2b963db09b270c4ab3 to remote] http.headers 125 - http-outgoing-5 &lt;&lt; Content-Type:application/json; charset=utf-8
08-31-2019 12:59:40 LoggingManagedHttpClientConnection.java DEBUG [Forwarding setTimeout on session 57f77c2899285a2b963db09b270c4ab3 to remote] http.headers 125 - http-outgoing-5 &lt;&lt; cache-control:no-cache
08-31-2019 12:59:40 MainClientExec.java DEBUG [Forwarding setTimeout on session 57f77c2899285a2b963db09b270c4ab3 to remote] execchain.MainClientExec 285 - Connection can be kept alive indefinitely
08-31-2019 12:59:40 PoolingHttpClientConnectionManager.java DEBUG [Forwarding setTimeout on session 57f77c2899285a2b963db09b270c4ab3 to remote] conn.PoolingHttpClientConnectionManager 320 - Connection [id: 5][route: {}-&gt;http://localhost:4619] can be kept alive indefinitely
08-31-2019 12:59:40 PoolingHttpClientConnectionManager.java DEBUG [Forwarding setTimeout on session 57f77c2899285a2b963db09b270c4ab3 to remote] conn.PoolingHttpClientConnectionManager 326 - Connection released: [id: 5][route: {}-&gt;http://localhost:4619][total kept alive: 1; route allocated: 1 of 2000; total allocated: 1 of 2000]
08-31-2019 12:59:40 RequestAddCookies.java DEBUG [Forwarding setTimeout on session 57f77c2899285a2b963db09b270c4ab3 to remote] protocol.RequestAddCookies 123 - CookieSpec selected: default
08-31-2019 12:59:40 RequestAuthCache.java DEBUG [Forwarding setTimeout on session 57f77c2899285a2b963db09b270c4ab3 to remote] protocol.RequestAuthCache 77 - Auth cache not set in the context
08-31-2019 12:59:40 PoolingHttpClientConnectionManager.java DEBUG [Forwarding setTimeout on session 57f77c2899285a2b963db09b270c4ab3 to remote] conn.PoolingHttpClientConnectionManager 255 - Connection request: [route: {}-&gt;http://localhost:4619][total kept alive: 1; route allocated: 1 of 2000; total allocated: 1 of 2000]
08-31-2019 12:59:40 PoolingHttpClientConnectionManager.java DEBUG [Forwarding setTimeout on session 57f77c2899285a2b963db09b270c4ab3 to remote] conn.PoolingHttpClientConnectionManager 288 - Connection leased: [id: 5][route: {}-&gt;http://localhost:4619][total kept alive: 0; route allocated: 1 of 2000; total allocated: 1 of 2000]
08-31-2019 12:59:40 MainClientExec.java DEBUG [Forwarding setTimeout on session 57f77c2899285a2b963db09b270c4ab3 to remote] execchain.MainClientExec 208 - Stale connection check
08-31-2019 12:59:40 Wire.java DEBUG [Forwarding setTimeout on session 57f77c2899285a2b963db09b270c4ab3 to remote] http.wire 87 - http-outgoing-5 &lt;&lt; &quot;[read] I/O error: Read timed out&quot;
08-31-2019 12:59:40 LoggingManagedHttpClientConnection.java DEBUG [Forwarding setTimeout on session 57f77c2899285a2b963db09b270c4ab3 to remote] conn.DefaultManagedHttpClientConnection 88 - http-outgoing-5: set socket timeout to 10800000
08-31-2019 12:59:40 MainClientExec.java DEBUG [Forwarding setTimeout on session 57f77c2899285a2b963db09b270c4ab3 to remote] execchain.MainClientExec 256 - Executing request POST /session/57f77c2899285a2b963db09b270c4ab3/timeouts HTTP/1.1
08-31-2019 12:59:40 MainClientExec.java DEBUG [Forwarding setTimeout on session 57f77c2899285a2b963db09b270c4ab3 to remote] execchain.MainClientExec 261 - Target auth state: UNCHALLENGED
08-31-2019 12:59:40 MainClientExec.java DEBUG [Forwarding setTimeout on session 57f77c2899285a2b963db09b270c4ab3 to remote] execchain.MainClientExec 267 - Proxy auth state: UNCHALLENGED
08-31-2019 12:59:40 LoggingManagedHttpClientConnection.java DEBUG [Forwarding setTimeout on session 57f77c2899285a2b963db09b270c4ab3 to remote] http.headers 133 - http-outgoing-5 &gt;&gt; POST /session/57f77c2899285a2b963db09b270c4ab3/timeouts HTTP/1.1
08-31-2019 12:59:40 LoggingManagedHttpClientConnection.java DEBUG [Forwarding setTimeout on session 57f77c2899285a2b963db09b270c4ab3 to remote] http.headers 136 - http-outgoing-5 &gt;&gt; Content-Type: application/json; charset=utf-8
08-31-2019 12:59:40 LoggingManagedHttpClientConnection.java DEBUG [Forwarding setTimeout on session 57f77c2899285a2b963db09b270c4ab3 to remote] http.headers 136 - http-outgoing-5 &gt;&gt; Content-Length: 18
08-31-2019 12:59:40 LoggingManagedHttpClientConnection.java DEBUG [Forwarding setTimeout on session 57f77c2899285a2b963db09b270c4ab3 to remote] http.headers 136 - http-outgoing-5 &gt;&gt; Host: localhost:4619
08-31-2019 12:59:40 LoggingManagedHttpClientConnection.java DEBUG [Forwarding setTimeout on session 57f77c2899285a2b963db09b270c4ab3 to remote] http.headers 136 - http-outgoing-5 &gt;&gt; Connection: Keep-Alive
08-31-2019 12:59:40 LoggingManagedHttpClientConnection.java DEBUG [Forwarding setTimeout on session 57f77c2899285a2b963db09b270c4ab3 to remote] http.headers 136 - http-outgoing-5 &gt;&gt; User-Agent: Apache-HttpClient/4.5.3 (Java/1.8.0_221)
08-31-2019 12:59:40 LoggingManagedHttpClientConnection.java DEBUG [Forwarding setTimeout on session 57f77c2899285a2b963db09b270c4ab3 to remote] http.headers 136 - http-outgoing-5 &gt;&gt; Accept-Encoding: gzip,deflate
08-31-2019 12:59:40 Wire.java DEBUG [Forwarding setTimeout on session 57f77c2899285a2b963db09b270c4ab3 to remote] http.wire 73 - http-outgoing-5 &gt;&gt; &quot;POST /session/57f77c2899285a2b963db09b270c4ab3/timeouts HTTP/1.1[\r][\n]&quot;
08-31-2019 12:59:40 Wire.java DEBUG [Forwarding setTimeout on session 57f77c2899285a2b963db09b270c4ab3 to remote] http.wire 73 - http-outgoing-5 &gt;&gt; &quot;Content-Type: application/json; charset=utf-8[\r][\n]&quot;
08-31-2019 12:59:40 Wire.java DEBUG [Forwarding setTimeout on session 57f77c2899285a2b963db09b270c4ab3 to remote] http.wire 73 - http-outgoing-5 &gt;&gt; &quot;Content-Length: 18[\r][\n]&quot;
08-31-2019 12:59:40 Wire.java DEBUG [Forwarding setTimeout on session 57f77c2899285a2b963db09b270c4ab3 to remote] http.wire 73 - http-outgoing-5 &gt;&gt; &quot;Host: localhost:4619[\r][\n]&quot;
08-31-2019 12:59:40 Wire.java DEBUG [Forwarding setTimeout on session 57f77c2899285a2b963db09b270c4ab3 to remote] http.wire 73 - http-outgoing-5 &gt;&gt; &quot;Connection: Keep-Alive[\r][\n]&quot;
08-31-2019 12:59:40 Wire.java DEBUG [Forwarding setTimeout on session 57f77c2899285a2b963db09b270c4ab3 to remote] http.wire 73 - http-outgoing-5 &gt;&gt; &quot;User-Agent: Apache-HttpClient/4.5.3 (Java/1.8.0_221)[\r][\n]&quot;
08-31-2019 12:59:40 Wire.java DEBUG [Forwarding setTimeout on session 57f77c2899285a2b963db09b270c4ab3 to remote] http.wire 73 - http-outgoing-5 &gt;&gt; &quot;Accept-Encoding: gzip,deflate[\r][\n]&quot;
08-31-2019 12:59:40 Wire.java DEBUG [Forwarding setTimeout on session 57f77c2899285a2b963db09b270c4ab3 to remote] http.wire 73 - http-outgoing-5 &gt;&gt; &quot;[\r][\n]&quot;
08-31-2019 12:59:40 Wire.java DEBUG [Forwarding setTimeout on session 57f77c2899285a2b963db09b270c4ab3 to remote] http.wire 87 - http-outgoing-5 &gt;&gt; &quot;{&quot;implicit&quot;:20000}&quot;
08-31-2019 12:59:40 Wire.java DEBUG [Forwarding setTimeout on session 57f77c2899285a2b963db09b270c4ab3 to remote] http.wire 73 - http-outgoing-5 &lt;&lt; &quot;HTTP/1.1 200 OK[\r][\n]&quot;
08-31-2019 12:59:40 Wire.java DEBUG [Forwarding setTimeout on session 57f77c2899285a2b963db09b270c4ab3 to remote] http.wire 73 - http-outgoing-5 &lt;&lt; &quot;Content-Length:14[\r][\n]&quot;
08-31-2019 12:59:40 Wire.java DEBUG [Forwarding setTimeout on session 57f77c2899285a2b963db09b270c4ab3 to remote] http.wire 73 - http-outgoing-5 &lt;&lt; &quot;Content-Type:application/json; charset=utf-8[\r][\n]&quot;
08-31-2019 12:59:40 Wire.java DEBUG [Forwarding setTimeout on session 57f77c2899285a2b963db09b270c4ab3 to remote] http.wire 73 - http-outgoing-5 &lt;&lt; &quot;cache-control:no-cache[\r][\n]&quot;
08-31-2019 12:59:40 Wire.java DEBUG [Forwarding setTimeout on session 57f77c2899285a2b963db09b270c4ab3 to remote] http.wire 73 - http-outgoing-5 &lt;&lt; &quot;[\r][\n]&quot;
08-31-2019 12:59:40 Wire.java DEBUG [Forwarding setTimeout on session 57f77c2899285a2b963db09b270c4ab3 to remote] http.wire 87 - http-outgoing-5 &lt;&lt; &quot;{&quot;value&quot;:null}&quot;
08-31-2019 12:59:40 LoggingManagedHttpClientConnection.java DEBUG [Forwarding setTimeout on session 57f77c2899285a2b963db09b270c4ab3 to remote] http.headers 122 - http-outgoing-5 &lt;&lt; HTTP/1.1 200 OK
08-31-2019 12:59:40 LoggingManagedHttpClientConnection.java DEBUG [Forwarding setTimeout on session 57f77c2899285a2b963db09b270c4ab3 to remote] http.headers 125 - http-outgoing-5 &lt;&lt; Content-Length:14
08-31-2019 12:59:40 LoggingManagedHttpClientConnection.java DEBUG [Forwarding setTimeout on session 57f77c2899285a2b963db09b270c4ab3 to remote] http.headers 125 - http-outgoing-5 &lt;&lt; Content-Type:application/json; charset=utf-8
08-31-2019 12:59:40 LoggingManagedHttpClientConnection.java DEBUG [Forwarding setTimeout on session 57f77c2899285a2b963db09b270c4ab3 to remote] http.headers 125 - http-outgoing-5 &lt;&lt; cache-control:no-cache
08-31-2019 12:59:40 MainClientExec.java DEBUG [Forwarding setTimeout on session 57f77c2899285a2b963db09b270c4ab3 to remote] execchain.MainClientExec 285 - Connection can be kept alive indefinitely
08-31-2019 12:59:40 PoolingHttpClientConnectionManager.java DEBUG [Forwarding setTimeout on session 57f77c2899285a2b963db09b270c4ab3 to remote] conn.PoolingHttpClientConnectionManager 320 - Connection [id: 5][route: {}-&gt;http://localhost:4619] can be kept alive indefinitely
08-31-2019 12:59:40 PoolingHttpClientConnectionManager.java DEBUG [Forwarding setTimeout on session 57f77c2899285a2b963db09b270c4ab3 to remote] conn.PoolingHttpClientConnectionManager 326 - Connection released: [id: 5][route: {}-&gt;http://localhost:4619][total kept alive: 1; route allocated: 1 of 2000; total allocated: 1 of 2000]
Before navigating to: &apos;https://classic.crmpro.com/index.html&apos;
08-31-2019 12:59:40 RequestAddCookies.java DEBUG [Forwarding get on session 57f77c2899285a2b963db09b270c4ab3 to remote] protocol.RequestAddCookies 123 - CookieSpec selected: default
08-31-2019 12:59:40 RequestAuthCache.java DEBUG [Forwarding get on session 57f77c2899285a2b963db09b270c4ab3 to remote] protocol.RequestAuthCache 77 - Auth cache not set in the context
08-31-2019 12:59:40 PoolingHttpClientConnectionManager.java DEBUG [Forwarding get on session 57f77c2899285a2b963db09b270c4ab3 to remote] conn.PoolingHttpClientConnectionManager 255 - Connection request: [route: {}-&gt;http://localhost:4619][total kept alive: 1; route allocated: 1 of 2000; total allocated: 1 of 2000]
08-31-2019 12:59:40 PoolingHttpClientConnectionManager.java DEBUG [Forwarding get on session 57f77c2899285a2b963db09b270c4ab3 to remote] conn.PoolingHttpClientConnectionManager 288 - Connection leased: [id: 5][route: {}-&gt;http://localhost:4619][total kept alive: 0; route allocated: 1 of 2000; total allocated: 1 of 2000]
08-31-2019 12:59:40 MainClientExec.java DEBUG [Forwarding get on session 57f77c2899285a2b963db09b270c4ab3 to remote] execchain.MainClientExec 208 - Stale connection check
08-31-2019 12:59:40 Wire.java DEBUG [Forwarding get on session 57f77c2899285a2b963db09b270c4ab3 to remote] http.wire 87 - http-outgoing-5 &lt;&lt; &quot;[read] I/O error: Read timed out&quot;
08-31-2019 12:59:40 LoggingManagedHttpClientConnection.java DEBUG [Forwarding get on session 57f77c2899285a2b963db09b270c4ab3 to remote] conn.DefaultManagedHttpClientConnection 88 - http-outgoing-5: set socket timeout to 10800000
08-31-2019 12:59:40 MainClientExec.java DEBUG [Forwarding get on session 57f77c2899285a2b963db09b270c4ab3 to remote] execchain.MainClientExec 256 - Executing request POST /session/57f77c2899285a2b963db09b270c4ab3/url HTTP/1.1
08-31-2019 12:59:40 MainClientExec.java DEBUG [Forwarding get on session 57f77c2899285a2b963db09b270c4ab3 to remote] execchain.MainClientExec 261 - Target auth state: UNCHALLENGED
08-31-2019 12:59:40 MainClientExec.java DEBUG [Forwarding get on session 57f77c2899285a2b963db09b270c4ab3 to remote] execchain.MainClientExec 267 - Proxy auth state: UNCHALLENGED
08-31-2019 12:59:40 LoggingManagedHttpClientConnection.java DEBUG [Forwarding get on session 57f77c2899285a2b963db09b270c4ab3 to remote] http.headers 133 - http-outgoing-5 &gt;&gt; POST /session/57f77c2899285a2b963db09b270c4ab3/url HTTP/1.1
08-31-2019 12:59:40 LoggingManagedHttpClientConnection.java DEBUG [Forwarding get on session 57f77c2899285a2b963db09b270c4ab3 to remote] http.headers 136 - http-outgoing-5 &gt;&gt; Content-Type: application/json; charset=utf-8
08-31-2019 12:59:40 LoggingManagedHttpClientConnection.java DEBUG [Forwarding get on session 57f77c2899285a2b963db09b270c4ab3 to remote] http.headers 136 - http-outgoing-5 &gt;&gt; Content-Length: 47
08-31-2019 12:59:40 LoggingManagedHttpClientConnection.java DEBUG [Forwarding get on session 57f77c2899285a2b963db09b270c4ab3 to remote] http.headers 136 - http-outgoing-5 &gt;&gt; Host: localhost:4619
08-31-2019 12:59:40 LoggingManagedHttpClientConnection.java DEBUG [Forwarding get on session 57f77c2899285a2b963db09b270c4ab3 to remote] http.headers 136 - http-outgoing-5 &gt;&gt; Connection: Keep-Alive
08-31-2019 12:59:40 LoggingManagedHttpClientConnection.java DEBUG [Forwarding get on session 57f77c2899285a2b963db09b270c4ab3 to remote] http.headers 136 - http-outgoing-5 &gt;&gt; User-Agent: Apache-HttpClient/4.5.3 (Java/1.8.0_221)
08-31-2019 12:59:40 LoggingManagedHttpClientConnection.java DEBUG [Forwarding get on session 57f77c2899285a2b963db09b270c4ab3 to remote] http.headers 136 - http-outgoing-5 &gt;&gt; Accept-Encoding: gzip,deflate
08-31-2019 12:59:40 Wire.java DEBUG [Forwarding get on session 57f77c2899285a2b963db09b270c4ab3 to remote] http.wire 73 - http-outgoing-5 &gt;&gt; &quot;POST /session/57f77c2899285a2b963db09b270c4ab3/url HTTP/1.1[\r][\n]&quot;
08-31-2019 12:59:40 Wire.java DEBUG [Forwarding get on session 57f77c2899285a2b963db09b270c4ab3 to remote] http.wire 73 - http-outgoing-5 &gt;&gt; &quot;Content-Type: application/json; charset=utf-8[\r][\n]&quot;
08-31-2019 12:59:40 Wire.java DEBUG [Forwarding get on session 57f77c2899285a2b963db09b270c4ab3 to remote] http.wire 73 - http-outgoing-5 &gt;&gt; &quot;Content-Length: 47[\r][\n]&quot;
08-31-2019 12:59:40 Wire.java DEBUG [Forwarding get on session 57f77c2899285a2b963db09b270c4ab3 to remote] http.wire 73 - http-outgoing-5 &gt;&gt; &quot;Host: localhost:4619[\r][\n]&quot;
08-31-2019 12:59:40 Wire.java DEBUG [Forwarding get on session 57f77c2899285a2b963db09b270c4ab3 to remote] http.wire 73 - http-outgoing-5 &gt;&gt; &quot;Connection: Keep-Alive[\r][\n]&quot;
08-31-2019 12:59:40 Wire.java DEBUG [Forwarding get on session 57f77c2899285a2b963db09b270c4ab3 to remote] http.wire 73 - http-outgoing-5 &gt;&gt; &quot;User-Agent: Apache-HttpClient/4.5.3 (Java/1.8.0_221)[\r][\n]&quot;
08-31-2019 12:59:40 Wire.java DEBUG [Forwarding get on session 57f77c2899285a2b963db09b270c4ab3 to remote] http.wire 73 - http-outgoing-5 &gt;&gt; &quot;Accept-Encoding: gzip,deflate[\r][\n]&quot;
08-31-2019 12:59:40 Wire.java DEBUG [Forwarding get on session 57f77c2899285a2b963db09b270c4ab3 to remote] http.wire 73 - http-outgoing-5 &gt;&gt; &quot;[\r][\n]&quot;
08-31-2019 12:59:40 Wire.java DEBUG [Forwarding get on session 57f77c2899285a2b963db09b270c4ab3 to remote] http.wire 87 - http-outgoing-5 &gt;&gt; &quot;{&quot;url&quot;:&quot;https://classic.crmpro.com/index.html&quot;}&quot;
08-31-2019 12:59:46 Wire.java DEBUG [Forwarding get on session 57f77c2899285a2b963db09b270c4ab3 to remote] http.wire 73 - http-outgoing-5 &lt;&lt; &quot;HTTP/1.1 200 OK[\r][\n]&quot;
08-31-2019 12:59:46 Wire.java DEBUG [Forwarding get on session 57f77c2899285a2b963db09b270c4ab3 to remote] http.wire 73 - http-outgoing-5 &lt;&lt; &quot;Content-Length:14[\r][\n]&quot;
08-31-2019 12:59:46 Wire.java DEBUG [Forwarding get on session 57f77c2899285a2b963db09b270c4ab3 to remote] http.wire 73 - http-outgoing-5 &lt;&lt; &quot;Content-Type:application/json; charset=utf-8[\r][\n]&quot;
08-31-2019 12:59:46 Wire.java DEBUG [Forwarding get on session 57f77c2899285a2b963db09b270c4ab3 to remote] http.wire 73 - http-outgoing-5 &lt;&lt; &quot;cache-control:no-cache[\r][\n]&quot;
08-31-2019 12:59:46 Wire.java DEBUG [Forwarding get on session 57f77c2899285a2b963db09b270c4ab3 to remote] http.wire 73 - http-outgoing-5 &lt;&lt; &quot;[\r][\n]&quot;
08-31-2019 12:59:46 Wire.java DEBUG [Forwarding get on session 57f77c2899285a2b963db09b270c4ab3 to remote] http.wire 87 - http-outgoing-5 &lt;&lt; &quot;{&quot;value&quot;:null}&quot;
08-31-2019 12:59:46 LoggingManagedHttpClientConnection.java DEBUG [Forwarding get on session 57f77c2899285a2b963db09b270c4ab3 to remote] http.headers 122 - http-outgoing-5 &lt;&lt; HTTP/1.1 200 OK
08-31-2019 12:59:46 LoggingManagedHttpClientConnection.java DEBUG [Forwarding get on session 57f77c2899285a2b963db09b270c4ab3 to remote] http.headers 125 - http-outgoing-5 &lt;&lt; Content-Length:14
08-31-2019 12:59:46 LoggingManagedHttpClientConnection.java DEBUG [Forwarding get on session 57f77c2899285a2b963db09b270c4ab3 to remote] http.headers 125 - http-outgoing-5 &lt;&lt; Content-Type:application/json; charset=utf-8
08-31-2019 12:59:46 LoggingManagedHttpClientConnection.java DEBUG [Forwarding get on session 57f77c2899285a2b963db09b270c4ab3 to remote] http.headers 125 - http-outgoing-5 &lt;&lt; cache-control:no-cache
08-31-2019 12:59:46 MainClientExec.java DEBUG [Forwarding get on session 57f77c2899285a2b963db09b270c4ab3 to remote] execchain.MainClientExec 285 - Connection can be kept alive indefinitely
08-31-2019 12:59:46 PoolingHttpClientConnectionManager.java DEBUG [Forwarding get on session 57f77c2899285a2b963db09b270c4ab3 to remote] conn.PoolingHttpClientConnectionManager 320 - Connection [id: 5][route: {}-&gt;http://localhost:4619] can be kept alive indefinitely
08-31-2019 12:59:46 PoolingHttpClientConnectionManager.java DEBUG [Forwarding get on session 57f77c2899285a2b963db09b270c4ab3 to remote] conn.PoolingHttpClientConnectionManager 326 - Connection released: [id: 5][route: {}-&gt;http://localhost:4619][total kept alive: 1; route allocated: 1 of 2000; total allocated: 1 of 2000]
Navigated to:&apos;https://classic.crmpro.com/index.html&apos;
Trying to find Element By : By.name: username
08-31-2019 12:59:46 RequestAddCookies.java DEBUG [Forwarding findElement on session 57f77c2899285a2b963db09b270c4ab3 to remote] protocol.RequestAddCookies 123 - CookieSpec selected: default
08-31-2019 12:59:46 RequestAuthCache.java DEBUG [Forwarding findElement on session 57f77c2899285a2b963db09b270c4ab3 to remote] protocol.RequestAuthCache 77 - Auth cache not set in the context
08-31-2019 12:59:46 PoolingHttpClientConnectionManager.java DEBUG [Forwarding findElement on session 57f77c2899285a2b963db09b270c4ab3 to remote] conn.PoolingHttpClientConnectionManager 255 - Connection request: [route: {}-&gt;http://localhost:4619][total kept alive: 1; route allocated: 1 of 2000; total allocated: 1 of 2000]
08-31-2019 12:59:46 PoolingHttpClientConnectionManager.java DEBUG [Forwarding findElement on session 57f77c2899285a2b963db09b270c4ab3 to remote] conn.PoolingHttpClientConnectionManager 288 - Connection leased: [id: 5][route: {}-&gt;http://localhost:4619][total kept alive: 0; route allocated: 1 of 2000; total allocated: 1 of 2000]
08-31-2019 12:59:46 MainClientExec.java DEBUG [Forwarding findElement on session 57f77c2899285a2b963db09b270c4ab3 to remote] execchain.MainClientExec 208 - Stale connection check
08-31-2019 12:59:46 Wire.java DEBUG [Forwarding findElement on session 57f77c2899285a2b963db09b270c4ab3 to remote] http.wire 87 - http-outgoing-5 &lt;&lt; &quot;[read] I/O error: Read timed out&quot;
08-31-2019 12:59:46 LoggingManagedHttpClientConnection.java DEBUG [Forwarding findElement on session 57f77c2899285a2b963db09b270c4ab3 to remote] conn.DefaultManagedHttpClientConnection 88 - http-outgoing-5: set socket timeout to 10800000
08-31-2019 12:59:46 MainClientExec.java DEBUG [Forwarding findElement on session 57f77c2899285a2b963db09b270c4ab3 to remote] execchain.MainClientExec 256 - Executing request POST /session/57f77c2899285a2b963db09b270c4ab3/element HTTP/1.1
08-31-2019 12:59:46 MainClientExec.java DEBUG [Forwarding findElement on session 57f77c2899285a2b963db09b270c4ab3 to remote] execchain.MainClientExec 261 - Target auth state: UNCHALLENGED
08-31-2019 12:59:46 MainClientExec.java DEBUG [Forwarding findElement on session 57f77c2899285a2b963db09b270c4ab3 to remote] execchain.MainClientExec 267 - Proxy auth state: UNCHALLENGED
08-31-2019 12:59:46 LoggingManagedHttpClientConnection.java DEBUG [Forwarding findElement on session 57f77c2899285a2b963db09b270c4ab3 to remote] http.headers 133 - http-outgoing-5 &gt;&gt; POST /session/57f77c2899285a2b963db09b270c4ab3/element HTTP/1.1
08-31-2019 12:59:46 LoggingManagedHttpClientConnection.java DEBUG [Forwarding findElement on session 57f77c2899285a2b963db09b270c4ab3 to remote] http.headers 136 - http-outgoing-5 &gt;&gt; Content-Type: application/json; charset=utf-8
08-31-2019 12:59:46 LoggingManagedHttpClientConnection.java DEBUG [Forwarding findElement on session 57f77c2899285a2b963db09b270c4ab3 to remote] http.headers 136 - http-outgoing-5 &gt;&gt; Content-Length: 53
08-31-2019 12:59:46 LoggingManagedHttpClientConnection.java DEBUG [Forwarding findElement on session 57f77c2899285a2b963db09b270c4ab3 to remote] http.headers 136 - http-outgoing-5 &gt;&gt; Host: localhost:4619
08-31-2019 12:59:46 LoggingManagedHttpClientConnection.java DEBUG [Forwarding findElement on session 57f77c2899285a2b963db09b270c4ab3 to remote] http.headers 136 - http-outgoing-5 &gt;&gt; Connection: Keep-Alive
08-31-2019 12:59:46 LoggingManagedHttpClientConnection.java DEBUG [Forwarding findElement on session 57f77c2899285a2b963db09b270c4ab3 to remote] http.headers 136 - http-outgoing-5 &gt;&gt; User-Agent: Apache-HttpClient/4.5.3 (Java/1.8.0_221)
08-31-2019 12:59:46 LoggingManagedHttpClientConnection.java DEBUG [Forwarding findElement on session 57f77c2899285a2b963db09b270c4ab3 to remote] http.headers 136 - http-outgoing-5 &gt;&gt; Accept-Encoding: gzip,deflate
08-31-2019 12:59:46 Wire.java DEBUG [Forwarding findElement on session 57f77c2899285a2b963db09b270c4ab3 to remote] http.wire 73 - http-outgoing-5 &gt;&gt; &quot;POST /session/57f77c2899285a2b963db09b270c4ab3/element HTTP/1.1[\r][\n]&quot;
08-31-2019 12:59:46 Wire.java DEBUG [Forwarding findElement on session 57f77c2899285a2b963db09b270c4ab3 to remote] http.wire 73 - http-outgoing-5 &gt;&gt; &quot;Content-Type: application/json; charset=utf-8[\r][\n]&quot;
08-31-2019 12:59:46 Wire.java DEBUG [Forwarding findElement on session 57f77c2899285a2b963db09b270c4ab3 to remote] http.wire 73 - http-outgoing-5 &gt;&gt; &quot;Content-Length: 53[\r][\n]&quot;
08-31-2019 12:59:46 Wire.java DEBUG [Forwarding findElement on session 57f77c2899285a2b963db09b270c4ab3 to remote] http.wire 73 - http-outgoing-5 &gt;&gt; &quot;Host: localhost:4619[\r][\n]&quot;
08-31-2019 12:59:46 Wire.java DEBUG [Forwarding findElement on session 57f77c2899285a2b963db09b270c4ab3 to remote] http.wire 73 - http-outgoing-5 &gt;&gt; &quot;Connection: Keep-Alive[\r][\n]&quot;
08-31-2019 12:59:46 Wire.java DEBUG [Forwarding findElement on session 57f77c2899285a2b963db09b270c4ab3 to remote] http.wire 73 - http-outgoing-5 &gt;&gt; &quot;User-Agent: Apache-HttpClient/4.5.3 (Java/1.8.0_221)[\r][\n]&quot;
08-31-2019 12:59:46 Wire.java DEBUG [Forwarding findElement on session 57f77c2899285a2b963db09b270c4ab3 to remote] http.wire 73 - http-outgoing-5 &gt;&gt; &quot;Accept-Encoding: gzip,deflate[\r][\n]&quot;
08-31-2019 12:59:46 Wire.java DEBUG [Forwarding findElement on session 57f77c2899285a2b963db09b270c4ab3 to remote] http.wire 73 - http-outgoing-5 &gt;&gt; &quot;[\r][\n]&quot;
08-31-2019 12:59:46 Wire.java DEBUG [Forwarding findElement on session 57f77c2899285a2b963db09b270c4ab3 to remote] http.wire 87 - http-outgoing-5 &gt;&gt; &quot;{&quot;value&quot;:&quot;*[name=&apos;username&apos;]&quot;,&quot;using&quot;:&quot;css selector&quot;}&quot;
08-31-2019 12:59:47 Wire.java DEBUG [Forwarding findElement on session 57f77c2899285a2b963db09b270c4ab3 to remote] http.wire 73 - http-outgoing-5 &lt;&lt; &quot;HTTP/1.1 200 OK[\r][\n]&quot;
08-31-2019 12:59:47 Wire.java DEBUG [Forwarding findElement on session 57f77c2899285a2b963db09b270c4ab3 to remote] http.wire 73 - http-outgoing-5 &lt;&lt; &quot;Content-Length:88[\r][\n]&quot;
08-31-2019 12:59:47 Wire.java DEBUG [Forwarding findElement on session 57f77c2899285a2b963db09b270c4ab3 to remote] http.wire 73 - http-outgoing-5 &lt;&lt; &quot;Content-Type:application/json; charset=utf-8[\r][\n]&quot;
08-31-2019 12:59:47 Wire.java DEBUG [Forwarding findElement on session 57f77c2899285a2b963db09b270c4ab3 to remote] http.wire 73 - http-outgoing-5 &lt;&lt; &quot;cache-control:no-cache[\r][\n]&quot;
08-31-2019 12:59:47 Wire.java DEBUG [Forwarding findElement on session 57f77c2899285a2b963db09b270c4ab3 to remote] http.wire 73 - http-outgoing-5 &lt;&lt; &quot;[\r][\n]&quot;
08-31-2019 12:59:47 Wire.java DEBUG [Forwarding findElement on session 57f77c2899285a2b963db09b270c4ab3 to remote] http.wire 87 - http-outgoing-5 &lt;&lt; &quot;{&quot;value&quot;:{&quot;element-6066-11e4-a52e-4f735466cecf&quot;:&quot;f9cae757-8798-4486-bdcb-87be62e289c2&quot;}}&quot;
08-31-2019 12:59:47 LoggingManagedHttpClientConnection.java DEBUG [Forwarding findElement on session 57f77c2899285a2b963db09b270c4ab3 to remote] http.headers 122 - http-outgoing-5 &lt;&lt; HTTP/1.1 200 OK
08-31-2019 12:59:47 LoggingManagedHttpClientConnection.java DEBUG [Forwarding findElement on session 57f77c2899285a2b963db09b270c4ab3 to remote] http.headers 125 - http-outgoing-5 &lt;&lt; Content-Length:88
08-31-2019 12:59:47 LoggingManagedHttpClientConnection.java DEBUG [Forwarding findElement on session 57f77c2899285a2b963db09b270c4ab3 to remote] http.headers 125 - http-outgoing-5 &lt;&lt; Content-Type:application/json; charset=utf-8
08-31-2019 12:59:47 LoggingManagedHttpClientConnection.java DEBUG [Forwarding findElement on session 57f77c2899285a2b963db09b270c4ab3 to remote] http.headers 125 - http-outgoing-5 &lt;&lt; cache-control:no-cache
08-31-2019 12:59:47 MainClientExec.java DEBUG [Forwarding findElement on session 57f77c2899285a2b963db09b270c4ab3 to remote] execchain.MainClientExec 285 - Connection can be kept alive indefinitely
08-31-2019 12:59:47 PoolingHttpClientConnectionManager.java DEBUG [Forwarding findElement on session 57f77c2899285a2b963db09b270c4ab3 to remote] conn.PoolingHttpClientConnectionManager 320 - Connection [id: 5][route: {}-&gt;http://localhost:4619] can be kept alive indefinitely
08-31-2019 12:59:47 PoolingHttpClientConnectionManager.java DEBUG [Forwarding findElement on session 57f77c2899285a2b963db09b270c4ab3 to remote] conn.PoolingHttpClientConnectionManager 326 - Connection released: [id: 5][route: {}-&gt;http://localhost:4619][total kept alive: 1; route allocated: 1 of 2000; total allocated: 1 of 2000]
Found Element By : By.name: username
08-31-2019 12:59:47 RequestAddCookies.java DEBUG [Forwarding sendKeysToElement on session 57f77c2899285a2b963db09b270c4ab3 to remote] protocol.RequestAddCookies 123 - CookieSpec selected: default
08-31-2019 12:59:47 RequestAuthCache.java DEBUG [Forwarding sendKeysToElement on session 57f77c2899285a2b963db09b270c4ab3 to remote] protocol.RequestAuthCache 77 - Auth cache not set in the context
08-31-2019 12:59:47 PoolingHttpClientConnectionManager.java DEBUG [Forwarding sendKeysToElement on session 57f77c2899285a2b963db09b270c4ab3 to remote] conn.PoolingHttpClientConnectionManager 255 - Connection request: [route: {}-&gt;http://localhost:4619][total kept alive: 1; route allocated: 1 of 2000; total allocated: 1 of 2000]
08-31-2019 12:59:47 PoolingHttpClientConnectionManager.java DEBUG [Forwarding sendKeysToElement on session 57f77c2899285a2b963db09b270c4ab3 to remote] conn.PoolingHttpClientConnectionManager 288 - Connection leased: [id: 5][route: {}-&gt;http://localhost:4619][total kept alive: 0; route allocated: 1 of 2000; total allocated: 1 of 2000]
08-31-2019 12:59:47 MainClientExec.java DEBUG [Forwarding sendKeysToElement on session 57f77c2899285a2b963db09b270c4ab3 to remote] execchain.MainClientExec 208 - Stale connection check
08-31-2019 12:59:47 Wire.java DEBUG [Forwarding sendKeysToElement on session 57f77c2899285a2b963db09b270c4ab3 to remote] http.wire 87 - http-outgoing-5 &lt;&lt; &quot;[read] I/O error: Read timed out&quot;
08-31-2019 12:59:47 LoggingManagedHttpClientConnection.java DEBUG [Forwarding sendKeysToElement on session 57f77c2899285a2b963db09b270c4ab3 to remote] conn.DefaultManagedHttpClientConnection 88 - http-outgoing-5: set socket timeout to 10800000
08-31-2019 12:59:47 MainClientExec.java DEBUG [Forwarding sendKeysToElement on session 57f77c2899285a2b963db09b270c4ab3 to remote] execchain.MainClientExec 256 - Executing request POST /session/57f77c2899285a2b963db09b270c4ab3/element/f9cae757-8798-4486-bdcb-87be62e289c2/value HTTP/1.1
08-31-2019 12:59:47 MainClientExec.java DEBUG [Forwarding sendKeysToElement on session 57f77c2899285a2b963db09b270c4ab3 to remote] execchain.MainClientExec 261 - Target auth state: UNCHALLENGED
08-31-2019 12:59:47 MainClientExec.java DEBUG [Forwarding sendKeysToElement on session 57f77c2899285a2b963db09b270c4ab3 to remote] execchain.MainClientExec 267 - Proxy auth state: UNCHALLENGED
08-31-2019 12:59:47 LoggingManagedHttpClientConnection.java DEBUG [Forwarding sendKeysToElement on session 57f77c2899285a2b963db09b270c4ab3 to remote] http.headers 133 - http-outgoing-5 &gt;&gt; POST /session/57f77c2899285a2b963db09b270c4ab3/element/f9cae757-8798-4486-bdcb-87be62e289c2/value HTTP/1.1
08-31-2019 12:59:47 LoggingManagedHttpClientConnection.java DEBUG [Forwarding sendKeysToElement on session 57f77c2899285a2b963db09b270c4ab3 to remote] http.headers 136 - http-outgoing-5 &gt;&gt; Content-Type: application/json; charset=utf-8
08-31-2019 12:59:47 LoggingManagedHttpClientConnection.java DEBUG [Forwarding sendKeysToElement on session 57f77c2899285a2b963db09b270c4ab3 to remote] http.headers 136 - http-outgoing-5 &gt;&gt; Content-Length: 115
08-31-2019 12:59:47 LoggingManagedHttpClientConnection.java DEBUG [Forwarding sendKeysToElement on session 57f77c2899285a2b963db09b270c4ab3 to remote] http.headers 136 - http-outgoing-5 &gt;&gt; Host: localhost:4619
08-31-2019 12:59:47 LoggingManagedHttpClientConnection.java DEBUG [Forwarding sendKeysToElement on session 57f77c2899285a2b963db09b270c4ab3 to remote] http.headers 136 - http-outgoing-5 &gt;&gt; Connection: Keep-Alive
08-31-2019 12:59:47 LoggingManagedHttpClientConnection.java DEBUG [Forwarding sendKeysToElement on session 57f77c2899285a2b963db09b270c4ab3 to remote] http.headers 136 - http-outgoing-5 &gt;&gt; User-Agent: Apache-HttpClient/4.5.3 (Java/1.8.0_221)
08-31-2019 12:59:47 LoggingManagedHttpClientConnection.java DEBUG [Forwarding sendKeysToElement on session 57f77c2899285a2b963db09b270c4ab3 to remote] http.headers 136 - http-outgoing-5 &gt;&gt; Accept-Encoding: gzip,deflate
08-31-2019 12:59:47 Wire.java DEBUG [Forwarding sendKeysToElement on session 57f77c2899285a2b963db09b270c4ab3 to remote] http.wire 73 - http-outgoing-5 &gt;&gt; &quot;POST /session/57f77c2899285a2b963db09b270c4ab3/element/f9cae757-8798-4486-bdcb-87be62e289c2/value HTTP/1.1[\r][\n]&quot;
08-31-2019 12:59:47 Wire.java DEBUG [Forwarding sendKeysToElement on session 57f77c2899285a2b963db09b270c4ab3 to remote] http.wire 73 - http-outgoing-5 &gt;&gt; &quot;Content-Type: application/json; charset=utf-8[\r][\n]&quot;
08-31-2019 12:59:47 Wire.java DEBUG [Forwarding sendKeysToElement on session 57f77c2899285a2b963db09b270c4ab3 to remote] http.wire 73 - http-outgoing-5 &gt;&gt; &quot;Content-Length: 115[\r][\n]&quot;
08-31-2019 12:59:47 Wire.java DEBUG [Forwarding sendKeysToElement on session 57f77c2899285a2b963db09b270c4ab3 to remote] http.wire 73 - http-outgoing-5 &gt;&gt; &quot;Host: localhost:4619[\r][\n]&quot;
08-31-2019 12:59:47 Wire.java DEBUG [Forwarding sendKeysToElement on session 57f77c2899285a2b963db09b270c4ab3 to remote] http.wire 73 - http-outgoing-5 &gt;&gt; &quot;Connection: Keep-Alive[\r][\n]&quot;
08-31-2019 12:59:47 Wire.java DEBUG [Forwarding sendKeysToElement on session 57f77c2899285a2b963db09b270c4ab3 to remote] http.wire 73 - http-outgoing-5 &gt;&gt; &quot;User-Agent: Apache-HttpClient/4.5.3 (Java/1.8.0_221)[\r][\n]&quot;
08-31-2019 12:59:47 Wire.java DEBUG [Forwarding sendKeysToElement on session 57f77c2899285a2b963db09b270c4ab3 to remote] http.wire 73 - http-outgoing-5 &gt;&gt; &quot;Accept-Encoding: gzip,deflate[\r][\n]&quot;
08-31-2019 12:59:47 Wire.java DEBUG [Forwarding sendKeysToElement on session 57f77c2899285a2b963db09b270c4ab3 to remote] http.wire 73 - http-outgoing-5 &gt;&gt; &quot;[\r][\n]&quot;
08-31-2019 12:59:47 Wire.java DEBUG [Forwarding sendKeysToElement on session 57f77c2899285a2b963db09b270c4ab3 to remote] http.wire 87 - http-outgoing-5 &gt;&gt; &quot;{&quot;id&quot;:&quot;f9cae757-8798-4486-bdcb-87be62e289c2&quot;,&quot;text&quot;:&quot;karandeept&quot;,&quot;value&quot;:[&quot;k&quot;,&quot;a&quot;,&quot;r&quot;,&quot;a&quot;,&quot;n&quot;,&quot;d&quot;,&quot;e&quot;,&quot;e&quot;,&quot;p&quot;,&quot;t&quot;]}&quot;
08-31-2019 12:59:47 Wire.java DEBUG [Forwarding sendKeysToElement on session 57f77c2899285a2b963db09b270c4ab3 to remote] http.wire 73 - http-outgoing-5 &lt;&lt; &quot;HTTP/1.1 200 OK[\r][\n]&quot;
08-31-2019 12:59:47 Wire.java DEBUG [Forwarding sendKeysToElement on session 57f77c2899285a2b963db09b270c4ab3 to remote] http.wire 73 - http-outgoing-5 &lt;&lt; &quot;Content-Length:14[\r][\n]&quot;
08-31-2019 12:59:47 Wire.java DEBUG [Forwarding sendKeysToElement on session 57f77c2899285a2b963db09b270c4ab3 to remote] http.wire 73 - http-outgoing-5 &lt;&lt; &quot;Content-Type:application/json; charset=utf-8[\r][\n]&quot;
08-31-2019 12:59:47 Wire.java DEBUG [Forwarding sendKeysToElement on session 57f77c2899285a2b963db09b270c4ab3 to remote] http.wire 73 - http-outgoing-5 &lt;&lt; &quot;cache-control:no-cache[\r][\n]&quot;
08-31-2019 12:59:47 Wire.java DEBUG [Forwarding sendKeysToElement on session 57f77c2899285a2b963db09b270c4ab3 to remote] http.wire 73 - http-outgoing-5 &lt;&lt; &quot;[\r][\n]&quot;
08-31-2019 12:59:47 Wire.java DEBUG [Forwarding sendKeysToElement on session 57f77c2899285a2b963db09b270c4ab3 to remote] http.wire 87 - http-outgoing-5 &lt;&lt; &quot;{&quot;value&quot;:null}&quot;
08-31-2019 12:59:47 LoggingManagedHttpClientConnection.java DEBUG [Forwarding sendKeysToElement on session 57f77c2899285a2b963db09b270c4ab3 to remote] http.headers 122 - http-outgoing-5 &lt;&lt; HTTP/1.1 200 OK
08-31-2019 12:59:47 LoggingManagedHttpClientConnection.java DEBUG [Forwarding sendKeysToElement on session 57f77c2899285a2b963db09b270c4ab3 to remote] http.headers 125 - http-outgoing-5 &lt;&lt; Content-Length:14
08-31-2019 12:59:47 LoggingManagedHttpClientConnection.java DEBUG [Forwarding sendKeysToElement on session 57f77c2899285a2b963db09b270c4ab3 to remote] http.headers 125 - http-outgoing-5 &lt;&lt; Content-Type:application/json; charset=utf-8
08-31-2019 12:59:47 LoggingManagedHttpClientConnection.java DEBUG [Forwarding sendKeysToElement on session 57f77c2899285a2b963db09b270c4ab3 to remote] http.headers 125 - http-outgoing-5 &lt;&lt; cache-control:no-cache
08-31-2019 12:59:47 MainClientExec.java DEBUG [Forwarding sendKeysToElement on session 57f77c2899285a2b963db09b270c4ab3 to remote] execchain.MainClientExec 285 - Connection can be kept alive indefinitely
08-31-2019 12:59:47 PoolingHttpClientConnectionManager.java DEBUG [Forwarding sendKeysToElement on session 57f77c2899285a2b963db09b270c4ab3 to remote] conn.PoolingHttpClientConnectionManager 320 - Connection [id: 5][route: {}-&gt;http://localhost:4619] can be kept alive indefinitely
08-31-2019 12:59:47 PoolingHttpClientConnectionManager.java DEBUG [Forwarding sendKeysToElement on session 57f77c2899285a2b963db09b270c4ab3 to remote] conn.PoolingHttpClientConnectionManager 326 - Connection released: [id: 5][route: {}-&gt;http://localhost:4619][total kept alive: 1; route allocated: 1 of 2000; total allocated: 1 of 2000]
Trying to find Element By : By.name: password
08-31-2019 12:59:47 RequestAddCookies.java DEBUG [Forwarding findElement on session 57f77c2899285a2b963db09b270c4ab3 to remote] protocol.RequestAddCookies 123 - CookieSpec selected: default
08-31-2019 12:59:47 RequestAuthCache.java DEBUG [Forwarding findElement on session 57f77c2899285a2b963db09b270c4ab3 to remote] protocol.RequestAuthCache 77 - Auth cache not set in the context
08-31-2019 12:59:47 PoolingHttpClientConnectionManager.java DEBUG [Forwarding findElement on session 57f77c2899285a2b963db09b270c4ab3 to remote] conn.PoolingHttpClientConnectionManager 255 - Connection request: [route: {}-&gt;http://localhost:4619][total kept alive: 1; route allocated: 1 of 2000; total allocated: 1 of 2000]
08-31-2019 12:59:47 PoolingHttpClientConnectionManager.java DEBUG [Forwarding findElement on session 57f77c2899285a2b963db09b270c4ab3 to remote] conn.PoolingHttpClientConnectionManager 288 - Connection leased: [id: 5][route: {}-&gt;http://localhost:4619][total kept alive: 0; route allocated: 1 of 2000; total allocated: 1 of 2000]
08-31-2019 12:59:47 MainClientExec.java DEBUG [Forwarding findElement on session 57f77c2899285a2b963db09b270c4ab3 to remote] execchain.MainClientExec 208 - Stale connection check
08-31-2019 12:59:47 Wire.java DEBUG [Forwarding findElement on session 57f77c2899285a2b963db09b270c4ab3 to remote] http.wire 87 - http-outgoing-5 &lt;&lt; &quot;[read] I/O error: Read timed out&quot;
08-31-2019 12:59:47 LoggingManagedHttpClientConnection.java DEBUG [Forwarding findElement on session 57f77c2899285a2b963db09b270c4ab3 to remote] conn.DefaultManagedHttpClientConnection 88 - http-outgoing-5: set socket timeout to 10800000
08-31-2019 12:59:47 MainClientExec.java DEBUG [Forwarding findElement on session 57f77c2899285a2b963db09b270c4ab3 to remote] execchain.MainClientExec 256 - Executing request POST /session/57f77c2899285a2b963db09b270c4ab3/element HTTP/1.1
08-31-2019 12:59:47 MainClientExec.java DEBUG [Forwarding findElement on session 57f77c2899285a2b963db09b270c4ab3 to remote] execchain.MainClientExec 261 - Target auth state: UNCHALLENGED
08-31-2019 12:59:47 MainClientExec.java DEBUG [Forwarding findElement on session 57f77c2899285a2b963db09b270c4ab3 to remote] execchain.MainClientExec 267 - Proxy auth state: UNCHALLENGED
08-31-2019 12:59:47 LoggingManagedHttpClientConnection.java DEBUG [Forwarding findElement on session 57f77c2899285a2b963db09b270c4ab3 to remote] http.headers 133 - http-outgoing-5 &gt;&gt; POST /session/57f77c2899285a2b963db09b270c4ab3/element HTTP/1.1
08-31-2019 12:59:47 LoggingManagedHttpClientConnection.java DEBUG [Forwarding findElement on session 57f77c2899285a2b963db09b270c4ab3 to remote] http.headers 136 - http-outgoing-5 &gt;&gt; Content-Type: application/json; charset=utf-8
08-31-2019 12:59:47 LoggingManagedHttpClientConnection.java DEBUG [Forwarding findElement on session 57f77c2899285a2b963db09b270c4ab3 to remote] http.headers 136 - http-outgoing-5 &gt;&gt; Content-Length: 53
08-31-2019 12:59:47 LoggingManagedHttpClientConnection.java DEBUG [Forwarding findElement on session 57f77c2899285a2b963db09b270c4ab3 to remote] http.headers 136 - http-outgoing-5 &gt;&gt; Host: localhost:4619
08-31-2019 12:59:47 LoggingManagedHttpClientConnection.java DEBUG [Forwarding findElement on session 57f77c2899285a2b963db09b270c4ab3 to remote] http.headers 136 - http-outgoing-5 &gt;&gt; Connection: Keep-Alive
08-31-2019 12:59:47 LoggingManagedHttpClientConnection.java DEBUG [Forwarding findElement on session 57f77c2899285a2b963db09b270c4ab3 to remote] http.headers 136 - http-outgoing-5 &gt;&gt; User-Agent: Apache-HttpClient/4.5.3 (Java/1.8.0_221)
08-31-2019 12:59:47 LoggingManagedHttpClientConnection.java DEBUG [Forwarding findElement on session 57f77c2899285a2b963db09b270c4ab3 to remote] http.headers 136 - http-outgoing-5 &gt;&gt; Accept-Encoding: gzip,deflate
08-31-2019 12:59:47 Wire.java DEBUG [Forwarding findElement on session 57f77c2899285a2b963db09b270c4ab3 to remote] http.wire 73 - http-outgoing-5 &gt;&gt; &quot;POST /session/57f77c2899285a2b963db09b270c4ab3/element HTTP/1.1[\r][\n]&quot;
08-31-2019 12:59:47 Wire.java DEBUG [Forwarding findElement on session 57f77c2899285a2b963db09b270c4ab3 to remote] http.wire 73 - http-outgoing-5 &gt;&gt; &quot;Content-Type: application/json; charset=utf-8[\r][\n]&quot;
08-31-2019 12:59:47 Wire.java DEBUG [Forwarding findElement on session 57f77c2899285a2b963db09b270c4ab3 to remote] http.wire 73 - http-outgoing-5 &gt;&gt; &quot;Content-Length: 53[\r][\n]&quot;
08-31-2019 12:59:47 Wire.java DEBUG [Forwarding findElement on session 57f77c2899285a2b963db09b270c4ab3 to remote] http.wire 73 - http-outgoing-5 &gt;&gt; &quot;Host: localhost:4619[\r][\n]&quot;
08-31-2019 12:59:47 Wire.java DEBUG [Forwarding findElement on session 57f77c2899285a2b963db09b270c4ab3 to remote] http.wire 73 - http-outgoing-5 &gt;&gt; &quot;Connection: Keep-Alive[\r][\n]&quot;
08-31-2019 12:59:47 Wire.java DEBUG [Forwarding findElement on session 57f77c2899285a2b963db09b270c4ab3 to remote] http.wire 73 - http-outgoing-5 &gt;&gt; &quot;User-Agent: Apache-HttpClient/4.5.3 (Java/1.8.0_221)[\r][\n]&quot;
08-31-2019 12:59:47 Wire.java DEBUG [Forwarding findElement on session 57f77c2899285a2b963db09b270c4ab3 to remote] http.wire 73 - http-outgoing-5 &gt;&gt; &quot;Accept-Encoding: gzip,deflate[\r][\n]&quot;
08-31-2019 12:59:47 Wire.java DEBUG [Forwarding findElement on session 57f77c2899285a2b963db09b270c4ab3 to remote] http.wire 73 - http-outgoing-5 &gt;&gt; &quot;[\r][\n]&quot;
08-31-2019 12:59:47 Wire.java DEBUG [Forwarding findElement on session 57f77c2899285a2b963db09b270c4ab3 to remote] http.wire 87 - http-outgoing-5 &gt;&gt; &quot;{&quot;value&quot;:&quot;*[name=&apos;password&apos;]&quot;,&quot;using&quot;:&quot;css selector&quot;}&quot;
08-31-2019 12:59:47 Wire.java DEBUG [Forwarding findElement on session 57f77c2899285a2b963db09b270c4ab3 to remote] http.wire 73 - http-outgoing-5 &lt;&lt; &quot;HTTP/1.1 200 OK[\r][\n]&quot;
08-31-2019 12:59:47 Wire.java DEBUG [Forwarding findElement on session 57f77c2899285a2b963db09b270c4ab3 to remote] http.wire 73 - http-outgoing-5 &lt;&lt; &quot;Content-Length:88[\r][\n]&quot;
08-31-2019 12:59:47 Wire.java DEBUG [Forwarding findElement on session 57f77c2899285a2b963db09b270c4ab3 to remote] http.wire 73 - http-outgoing-5 &lt;&lt; &quot;Content-Type:application/json; charset=utf-8[\r][\n]&quot;
08-31-2019 12:59:47 Wire.java DEBUG [Forwarding findElement on session 57f77c2899285a2b963db09b270c4ab3 to remote] http.wire 73 - http-outgoing-5 &lt;&lt; &quot;cache-control:no-cache[\r][\n]&quot;
08-31-2019 12:59:47 Wire.java DEBUG [Forwarding findElement on session 57f77c2899285a2b963db09b270c4ab3 to remote] http.wire 73 - http-outgoing-5 &lt;&lt; &quot;[\r][\n]&quot;
08-31-2019 12:59:47 Wire.java DEBUG [Forwarding findElement on session 57f77c2899285a2b963db09b270c4ab3 to remote] http.wire 87 - http-outgoing-5 &lt;&lt; &quot;{&quot;value&quot;:{&quot;element-6066-11e4-a52e-4f735466cecf&quot;:&quot;4e828ac6-575d-4796-846f-5c7c10013548&quot;}}&quot;
08-31-2019 12:59:47 LoggingManagedHttpClientConnection.java DEBUG [Forwarding findElement on session 57f77c2899285a2b963db09b270c4ab3 to remote] http.headers 122 - http-outgoing-5 &lt;&lt; HTTP/1.1 200 OK
08-31-2019 12:59:47 LoggingManagedHttpClientConnection.java DEBUG [Forwarding findElement on session 57f77c2899285a2b963db09b270c4ab3 to remote] http.headers 125 - http-outgoing-5 &lt;&lt; Content-Length:88
08-31-2019 12:59:47 LoggingManagedHttpClientConnection.java DEBUG [Forwarding findElement on session 57f77c2899285a2b963db09b270c4ab3 to remote] http.headers 125 - http-outgoing-5 &lt;&lt; Content-Type:application/json; charset=utf-8
08-31-2019 12:59:47 LoggingManagedHttpClientConnection.java DEBUG [Forwarding findElement on session 57f77c2899285a2b963db09b270c4ab3 to remote] http.headers 125 - http-outgoing-5 &lt;&lt; cache-control:no-cache
08-31-2019 12:59:47 MainClientExec.java DEBUG [Forwarding findElement on session 57f77c2899285a2b963db09b270c4ab3 to remote] execchain.MainClientExec 285 - Connection can be kept alive indefinitely
08-31-2019 12:59:47 PoolingHttpClientConnectionManager.java DEBUG [Forwarding findElement on session 57f77c2899285a2b963db09b270c4ab3 to remote] conn.PoolingHttpClientConnectionManager 320 - Connection [id: 5][route: {}-&gt;http://localhost:4619] can be kept alive indefinitely
08-31-2019 12:59:47 PoolingHttpClientConnectionManager.java DEBUG [Forwarding findElement on session 57f77c2899285a2b963db09b270c4ab3 to remote] conn.PoolingHttpClientConnectionManager 326 - Connection released: [id: 5][route: {}-&gt;http://localhost:4619][total kept alive: 1; route allocated: 1 of 2000; total allocated: 1 of 2000]
Found Element By : By.name: password
08-31-2019 12:59:47 RequestAddCookies.java DEBUG [Forwarding sendKeysToElement on session 57f77c2899285a2b963db09b270c4ab3 to remote] protocol.RequestAddCookies 123 - CookieSpec selected: default
08-31-2019 12:59:47 RequestAuthCache.java DEBUG [Forwarding sendKeysToElement on session 57f77c2899285a2b963db09b270c4ab3 to remote] protocol.RequestAuthCache 77 - Auth cache not set in the context
08-31-2019 12:59:47 PoolingHttpClientConnectionManager.java DEBUG [Forwarding sendKeysToElement on session 57f77c2899285a2b963db09b270c4ab3 to remote] conn.PoolingHttpClientConnectionManager 255 - Connection request: [route: {}-&gt;http://localhost:4619][total kept alive: 1; route allocated: 1 of 2000; total allocated: 1 of 2000]
08-31-2019 12:59:47 PoolingHttpClientConnectionManager.java DEBUG [Forwarding sendKeysToElement on session 57f77c2899285a2b963db09b270c4ab3 to remote] conn.PoolingHttpClientConnectionManager 288 - Connection leased: [id: 5][route: {}-&gt;http://localhost:4619][total kept alive: 0; route allocated: 1 of 2000; total allocated: 1 of 2000]
08-31-2019 12:59:47 MainClientExec.java DEBUG [Forwarding sendKeysToElement on session 57f77c2899285a2b963db09b270c4ab3 to remote] execchain.MainClientExec 208 - Stale connection check
08-31-2019 12:59:47 Wire.java DEBUG [Forwarding sendKeysToElement on session 57f77c2899285a2b963db09b270c4ab3 to remote] http.wire 87 - http-outgoing-5 &lt;&lt; &quot;[read] I/O error: Read timed out&quot;
08-31-2019 12:59:47 LoggingManagedHttpClientConnection.java DEBUG [Forwarding sendKeysToElement on session 57f77c2899285a2b963db09b270c4ab3 to remote] conn.DefaultManagedHttpClientConnection 88 - http-outgoing-5: set socket timeout to 10800000
08-31-2019 12:59:47 MainClientExec.java DEBUG [Forwarding sendKeysToElement on session 57f77c2899285a2b963db09b270c4ab3 to remote] execchain.MainClientExec 256 - Executing request POST /session/57f77c2899285a2b963db09b270c4ab3/element/4e828ac6-575d-4796-846f-5c7c10013548/value HTTP/1.1
08-31-2019 12:59:47 MainClientExec.java DEBUG [Forwarding sendKeysToElement on session 57f77c2899285a2b963db09b270c4ab3 to remote] execchain.MainClientExec 261 - Target auth state: UNCHALLENGED
08-31-2019 12:59:47 MainClientExec.java DEBUG [Forwarding sendKeysToElement on session 57f77c2899285a2b963db09b270c4ab3 to remote] execchain.MainClientExec 267 - Proxy auth state: UNCHALLENGED
08-31-2019 12:59:47 LoggingManagedHttpClientConnection.java DEBUG [Forwarding sendKeysToElement on session 57f77c2899285a2b963db09b270c4ab3 to remote] http.headers 133 - http-outgoing-5 &gt;&gt; POST /session/57f77c2899285a2b963db09b270c4ab3/element/4e828ac6-575d-4796-846f-5c7c10013548/value HTTP/1.1
08-31-2019 12:59:47 LoggingManagedHttpClientConnection.java DEBUG [Forwarding sendKeysToElement on session 57f77c2899285a2b963db09b270c4ab3 to remote] http.headers 136 - http-outgoing-5 &gt;&gt; Content-Type: application/json; charset=utf-8
08-31-2019 12:59:47 LoggingManagedHttpClientConnection.java DEBUG [Forwarding sendKeysToElement on session 57f77c2899285a2b963db09b270c4ab3 to remote] http.headers 136 - http-outgoing-5 &gt;&gt; Content-Length: 105
08-31-2019 12:59:47 LoggingManagedHttpClientConnection.java DEBUG [Forwarding sendKeysToElement on session 57f77c2899285a2b963db09b270c4ab3 to remote] http.headers 136 - http-outgoing-5 &gt;&gt; Host: localhost:4619
08-31-2019 12:59:47 LoggingManagedHttpClientConnection.java DEBUG [Forwarding sendKeysToElement on session 57f77c2899285a2b963db09b270c4ab3 to remote] http.headers 136 - http-outgoing-5 &gt;&gt; Connection: Keep-Alive
08-31-2019 12:59:47 LoggingManagedHttpClientConnection.java DEBUG [Forwarding sendKeysToElement on session 57f77c2899285a2b963db09b270c4ab3 to remote] http.headers 136 - http-outgoing-5 &gt;&gt; User-Agent: Apache-HttpClient/4.5.3 (Java/1.8.0_221)
08-31-2019 12:59:47 LoggingManagedHttpClientConnection.java DEBUG [Forwarding sendKeysToElement on session 57f77c2899285a2b963db09b270c4ab3 to remote] http.headers 136 - http-outgoing-5 &gt;&gt; Accept-Encoding: gzip,deflate
08-31-2019 12:59:47 Wire.java DEBUG [Forwarding sendKeysToElement on session 57f77c2899285a2b963db09b270c4ab3 to remote] http.wire 73 - http-outgoing-5 &gt;&gt; &quot;POST /session/57f77c2899285a2b963db09b270c4ab3/element/4e828ac6-575d-4796-846f-5c7c10013548/value HTTP/1.1[\r][\n]&quot;
08-31-2019 12:59:47 Wire.java DEBUG [Forwarding sendKeysToElement on session 57f77c2899285a2b963db09b270c4ab3 to remote] http.wire 73 - http-outgoing-5 &gt;&gt; &quot;Content-Type: application/json; charset=utf-8[\r][\n]&quot;
08-31-2019 12:59:47 Wire.java DEBUG [Forwarding sendKeysToElement on session 57f77c2899285a2b963db09b270c4ab3 to remote] http.wire 73 - http-outgoing-5 &gt;&gt; &quot;Content-Length: 105[\r][\n]&quot;
08-31-2019 12:59:47 Wire.java DEBUG [Forwarding sendKeysToElement on session 57f77c2899285a2b963db09b270c4ab3 to remote] http.wire 73 - http-outgoing-5 &gt;&gt; &quot;Host: localhost:4619[\r][\n]&quot;
08-31-2019 12:59:47 Wire.java DEBUG [Forwarding sendKeysToElement on session 57f77c2899285a2b963db09b270c4ab3 to remote] http.wire 73 - http-outgoing-5 &gt;&gt; &quot;Connection: Keep-Alive[\r][\n]&quot;
08-31-2019 12:59:47 Wire.java DEBUG [Forwarding sendKeysToElement on session 57f77c2899285a2b963db09b270c4ab3 to remote] http.wire 73 - http-outgoing-5 &gt;&gt; &quot;User-Agent: Apache-HttpClient/4.5.3 (Java/1.8.0_221)[\r][\n]&quot;
08-31-2019 12:59:47 Wire.java DEBUG [Forwarding sendKeysToElement on session 57f77c2899285a2b963db09b270c4ab3 to remote] http.wire 73 - http-outgoing-5 &gt;&gt; &quot;Accept-Encoding: gzip,deflate[\r][\n]&quot;
08-31-2019 12:59:47 Wire.java DEBUG [Forwarding sendKeysToElement on session 57f77c2899285a2b963db09b270c4ab3 to remote] http.wire 73 - http-outgoing-5 &gt;&gt; &quot;[\r][\n]&quot;
08-31-2019 12:59:47 Wire.java DEBUG [Forwarding sendKeysToElement on session 57f77c2899285a2b963db09b270c4ab3 to remote] http.wire 87 - http-outgoing-5 &gt;&gt; &quot;{&quot;id&quot;:&quot;4e828ac6-575d-4796-846f-5c7c10013548&quot;,&quot;text&quot;:&quot;test@123&quot;,&quot;value&quot;:[&quot;t&quot;,&quot;e&quot;,&quot;s&quot;,&quot;t&quot;,&quot;@&quot;,&quot;1&quot;,&quot;2&quot;,&quot;3&quot;]}&quot;
08-31-2019 12:59:47 Wire.java DEBUG [Forwarding sendKeysToElement on session 57f77c2899285a2b963db09b270c4ab3 to remote] http.wire 73 - http-outgoing-5 &lt;&lt; &quot;HTTP/1.1 200 OK[\r][\n]&quot;
08-31-2019 12:59:47 Wire.java DEBUG [Forwarding sendKeysToElement on session 57f77c2899285a2b963db09b270c4ab3 to remote] http.wire 73 - http-outgoing-5 &lt;&lt; &quot;Content-Length:14[\r][\n]&quot;
08-31-2019 12:59:47 Wire.java DEBUG [Forwarding sendKeysToElement on session 57f77c2899285a2b963db09b270c4ab3 to remote] http.wire 73 - http-outgoing-5 &lt;&lt; &quot;Content-Type:application/json; charset=utf-8[\r][\n]&quot;
08-31-2019 12:59:47 Wire.java DEBUG [Forwarding sendKeysToElement on session 57f77c2899285a2b963db09b270c4ab3 to remote] http.wire 73 - http-outgoing-5 &lt;&lt; &quot;cache-control:no-cache[\r][\n]&quot;
08-31-2019 12:59:47 Wire.java DEBUG [Forwarding sendKeysToElement on session 57f77c2899285a2b963db09b270c4ab3 to remote] http.wire 73 - http-outgoing-5 &lt;&lt; &quot;[\r][\n]&quot;
08-31-2019 12:59:47 Wire.java DEBUG [Forwarding sendKeysToElement on session 57f77c2899285a2b963db09b270c4ab3 to remote] http.wire 87 - http-outgoing-5 &lt;&lt; &quot;{&quot;value&quot;:null}&quot;
08-31-2019 12:59:47 LoggingManagedHttpClientConnection.java DEBUG [Forwarding sendKeysToElement on session 57f77c2899285a2b963db09b270c4ab3 to remote] http.headers 122 - http-outgoing-5 &lt;&lt; HTTP/1.1 200 OK
08-31-2019 12:59:47 LoggingManagedHttpClientConnection.java DEBUG [Forwarding sendKeysToElement on session 57f77c2899285a2b963db09b270c4ab3 to remote] http.headers 125 - http-outgoing-5 &lt;&lt; Content-Length:14
08-31-2019 12:59:47 LoggingManagedHttpClientConnection.java DEBUG [Forwarding sendKeysToElement on session 57f77c2899285a2b963db09b270c4ab3 to remote] http.headers 125 - http-outgoing-5 &lt;&lt; Content-Type:application/json; charset=utf-8
08-31-2019 12:59:47 LoggingManagedHttpClientConnection.java DEBUG [Forwarding sendKeysToElement on session 57f77c2899285a2b963db09b270c4ab3 to remote] http.headers 125 - http-outgoing-5 &lt;&lt; cache-control:no-cache
08-31-2019 12:59:47 MainClientExec.java DEBUG [Forwarding sendKeysToElement on session 57f77c2899285a2b963db09b270c4ab3 to remote] execchain.MainClientExec 285 - Connection can be kept alive indefinitely
08-31-2019 12:59:47 PoolingHttpClientConnectionManager.java DEBUG [Forwarding sendKeysToElement on session 57f77c2899285a2b963db09b270c4ab3 to remote] conn.PoolingHttpClientConnectionManager 320 - Connection [id: 5][route: {}-&gt;http://localhost:4619] can be kept alive indefinitely
08-31-2019 12:59:47 PoolingHttpClientConnectionManager.java DEBUG [Forwarding sendKeysToElement on session 57f77c2899285a2b963db09b270c4ab3 to remote] conn.PoolingHttpClientConnectionManager 326 - Connection released: [id: 5][route: {}-&gt;http://localhost:4619][total kept alive: 1; route allocated: 1 of 2000; total allocated: 1 of 2000]
Trying to find Element By : By.xpath: //input[@type=&apos;submit&apos;]
08-31-2019 13:00:07 RequestAddCookies.java DEBUG [Forwarding findElement on session 57f77c2899285a2b963db09b270c4ab3 to remote] protocol.RequestAddCookies 123 - CookieSpec selected: default
08-31-2019 13:00:07 RequestAuthCache.java DEBUG [Forwarding findElement on session 57f77c2899285a2b963db09b270c4ab3 to remote] protocol.RequestAuthCache 77 - Auth cache not set in the context
08-31-2019 13:00:07 PoolingHttpClientConnectionManager.java DEBUG [Forwarding findElement on session 57f77c2899285a2b963db09b270c4ab3 to remote] conn.PoolingHttpClientConnectionManager 255 - Connection request: [route: {}-&gt;http://localhost:4619][total kept alive: 1; route allocated: 1 of 2000; total allocated: 1 of 2000]
08-31-2019 13:00:07 Wire.java DEBUG [Forwarding findElement on session 57f77c2899285a2b963db09b270c4ab3 to remote] http.wire 87 - http-outgoing-5 &lt;&lt; &quot;[read] I/O error: Read timed out&quot;
08-31-2019 13:00:07 PoolingHttpClientConnectionManager.java DEBUG [Forwarding findElement on session 57f77c2899285a2b963db09b270c4ab3 to remote] conn.PoolingHttpClientConnectionManager 288 - Connection leased: [id: 5][route: {}-&gt;http://localhost:4619][total kept alive: 0; route allocated: 1 of 2000; total allocated: 1 of 2000]
08-31-2019 13:00:07 MainClientExec.java DEBUG [Forwarding findElement on session 57f77c2899285a2b963db09b270c4ab3 to remote] execchain.MainClientExec 208 - Stale connection check
08-31-2019 13:00:07 Wire.java DEBUG [Forwarding findElement on session 57f77c2899285a2b963db09b270c4ab3 to remote] http.wire 87 - http-outgoing-5 &lt;&lt; &quot;[read] I/O error: Read timed out&quot;
08-31-2019 13:00:07 LoggingManagedHttpClientConnection.java DEBUG [Forwarding findElement on session 57f77c2899285a2b963db09b270c4ab3 to remote] conn.DefaultManagedHttpClientConnection 88 - http-outgoing-5: set socket timeout to 10800000
08-31-2019 13:00:07 MainClientExec.java DEBUG [Forwarding findElement on session 57f77c2899285a2b963db09b270c4ab3 to remote] execchain.MainClientExec 256 - Executing request POST /session/57f77c2899285a2b963db09b270c4ab3/element HTTP/1.1
08-31-2019 13:00:07 MainClientExec.java DEBUG [Forwarding findElement on session 57f77c2899285a2b963db09b270c4ab3 to remote] execchain.MainClientExec 261 - Target auth state: UNCHALLENGED
08-31-2019 13:00:07 MainClientExec.java DEBUG [Forwarding findElement on session 57f77c2899285a2b963db09b270c4ab3 to remote] execchain.MainClientExec 267 - Proxy auth state: UNCHALLENGED
08-31-2019 13:00:07 LoggingManagedHttpClientConnection.java DEBUG [Forwarding findElement on session 57f77c2899285a2b963db09b270c4ab3 to remote] http.headers 133 - http-outgoing-5 &gt;&gt; POST /session/57f77c2899285a2b963db09b270c4ab3/element HTTP/1.1
08-31-2019 13:00:07 LoggingManagedHttpClientConnection.java DEBUG [Forwarding findElement on session 57f77c2899285a2b963db09b270c4ab3 to remote] http.headers 136 - http-outgoing-5 &gt;&gt; Content-Type: application/json; charset=utf-8
08-31-2019 13:00:07 LoggingManagedHttpClientConnection.java DEBUG [Forwarding findElement on session 57f77c2899285a2b963db09b270c4ab3 to remote] http.headers 136 - http-outgoing-5 &gt;&gt; Content-Length: 51
08-31-2019 13:00:07 LoggingManagedHttpClientConnection.java DEBUG [Forwarding findElement on session 57f77c2899285a2b963db09b270c4ab3 to remote] http.headers 136 - http-outgoing-5 &gt;&gt; Host: localhost:4619
08-31-2019 13:00:07 LoggingManagedHttpClientConnection.java DEBUG [Forwarding findElement on session 57f77c2899285a2b963db09b270c4ab3 to remote] http.headers 136 - http-outgoing-5 &gt;&gt; Connection: Keep-Alive
08-31-2019 13:00:07 LoggingManagedHttpClientConnection.java DEBUG [Forwarding findElement on session 57f77c2899285a2b963db09b270c4ab3 to remote] http.headers 136 - http-outgoing-5 &gt;&gt; User-Agent: Apache-HttpClient/4.5.3 (Java/1.8.0_221)
08-31-2019 13:00:07 LoggingManagedHttpClientConnection.java DEBUG [Forwarding findElement on session 57f77c2899285a2b963db09b270c4ab3 to remote] http.headers 136 - http-outgoing-5 &gt;&gt; Accept-Encoding: gzip,deflate
08-31-2019 13:00:07 Wire.java DEBUG [Forwarding findElement on session 57f77c2899285a2b963db09b270c4ab3 to remote] http.wire 73 - http-outgoing-5 &gt;&gt; &quot;POST /session/57f77c2899285a2b963db09b270c4ab3/element HTTP/1.1[\r][\n]&quot;
08-31-2019 13:00:07 Wire.java DEBUG [Forwarding findElement on session 57f77c2899285a2b963db09b270c4ab3 to remote] http.wire 73 - http-outgoing-5 &gt;&gt; &quot;Content-Type: application/json; charset=utf-8[\r][\n]&quot;
08-31-2019 13:00:07 Wire.java DEBUG [Forwarding findElement on session 57f77c2899285a2b963db09b270c4ab3 to remote] http.wire 73 - http-outgoing-5 &gt;&gt; &quot;Content-Length: 51[\r][\n]&quot;
08-31-2019 13:00:07 Wire.java DEBUG [Forwarding findElement on session 57f77c2899285a2b963db09b270c4ab3 to remote] http.wire 73 - http-outgoing-5 &gt;&gt; &quot;Host: localhost:4619[\r][\n]&quot;
08-31-2019 13:00:07 Wire.java DEBUG [Forwarding findElement on session 57f77c2899285a2b963db09b270c4ab3 to remote] http.wire 73 - http-outgoing-5 &gt;&gt; &quot;Connection: Keep-Alive[\r][\n]&quot;
08-31-2019 13:00:07 Wire.java DEBUG [Forwarding findElement on session 57f77c2899285a2b963db09b270c4ab3 to remote] http.wire 73 - http-outgoing-5 &gt;&gt; &quot;User-Agent: Apache-HttpClient/4.5.3 (Java/1.8.0_221)[\r][\n]&quot;
08-31-2019 13:00:07 Wire.java DEBUG [Forwarding findElement on session 57f77c2899285a2b963db09b270c4ab3 to remote] http.wire 73 - http-outgoing-5 &gt;&gt; &quot;Accept-Encoding: gzip,deflate[\r][\n]&quot;
08-31-2019 13:00:07 Wire.java DEBUG [Forwarding findElement on session 57f77c2899285a2b963db09b270c4ab3 to remote] http.wire 73 - http-outgoing-5 &gt;&gt; &quot;[\r][\n]&quot;
08-31-2019 13:00:07 Wire.java DEBUG [Forwarding findElement on session 57f77c2899285a2b963db09b270c4ab3 to remote] http.wire 87 - http-outgoing-5 &gt;&gt; &quot;{&quot;value&quot;:&quot;//input[@type=&apos;submit&apos;]&quot;,&quot;using&quot;:&quot;xpath&quot;}&quot;
08-31-2019 13:00:07 Wire.java DEBUG [Forwarding findElement on session 57f77c2899285a2b963db09b270c4ab3 to remote] http.wire 73 - http-outgoing-5 &lt;&lt; &quot;HTTP/1.1 200 OK[\r][\n]&quot;
08-31-2019 13:00:07 Wire.java DEBUG [Forwarding findElement on session 57f77c2899285a2b963db09b270c4ab3 to remote] http.wire 73 - http-outgoing-5 &lt;&lt; &quot;Content-Length:88[\r][\n]&quot;
08-31-2019 13:00:07 Wire.java DEBUG [Forwarding findElement on session 57f77c2899285a2b963db09b270c4ab3 to remote] http.wire 73 - http-outgoing-5 &lt;&lt; &quot;Content-Type:application/json; charset=utf-8[\r][\n]&quot;
08-31-2019 13:00:07 Wire.java DEBUG [Forwarding findElement on session 57f77c2899285a2b963db09b270c4ab3 to remote] http.wire 73 - http-outgoing-5 &lt;&lt; &quot;cache-control:no-cache[\r][\n]&quot;
08-31-2019 13:00:07 Wire.java DEBUG [Forwarding findElement on session 57f77c2899285a2b963db09b270c4ab3 to remote] http.wire 73 - http-outgoing-5 &lt;&lt; &quot;[\r][\n]&quot;
08-31-2019 13:00:07 Wire.java DEBUG [Forwarding findElement on session 57f77c2899285a2b963db09b270c4ab3 to remote] http.wire 87 - http-outgoing-5 &lt;&lt; &quot;{&quot;value&quot;:{&quot;element-6066-11e4-a52e-4f735466cecf&quot;:&quot;c3d4beb2-0219-4973-b57d-2f1d3e26a27c&quot;}}&quot;
08-31-2019 13:00:07 LoggingManagedHttpClientConnection.java DEBUG [Forwarding findElement on session 57f77c2899285a2b963db09b270c4ab3 to remote] http.headers 122 - http-outgoing-5 &lt;&lt; HTTP/1.1 200 OK
08-31-2019 13:00:07 LoggingManagedHttpClientConnection.java DEBUG [Forwarding findElement on session 57f77c2899285a2b963db09b270c4ab3 to remote] http.headers 125 - http-outgoing-5 &lt;&lt; Content-Length:88
08-31-2019 13:00:07 LoggingManagedHttpClientConnection.java DEBUG [Forwarding findElement on session 57f77c2899285a2b963db09b270c4ab3 to remote] http.headers 125 - http-outgoing-5 &lt;&lt; Content-Type:application/json; charset=utf-8
08-31-2019 13:00:07 LoggingManagedHttpClientConnection.java DEBUG [Forwarding findElement on session 57f77c2899285a2b963db09b270c4ab3 to remote] http.headers 125 - http-outgoing-5 &lt;&lt; cache-control:no-cache
08-31-2019 13:00:07 MainClientExec.java DEBUG [Forwarding findElement on session 57f77c2899285a2b963db09b270c4ab3 to remote] execchain.MainClientExec 285 - Connection can be kept alive indefinitely
08-31-2019 13:00:07 PoolingHttpClientConnectionManager.java DEBUG [Forwarding findElement on session 57f77c2899285a2b963db09b270c4ab3 to remote] conn.PoolingHttpClientConnectionManager 320 - Connection [id: 5][route: {}-&gt;http://localhost:4619] can be kept alive indefinitely
08-31-2019 13:00:07 PoolingHttpClientConnectionManager.java DEBUG [Forwarding findElement on session 57f77c2899285a2b963db09b270c4ab3 to remote] conn.PoolingHttpClientConnectionManager 326 - Connection released: [id: 5][route: {}-&gt;http://localhost:4619][total kept alive: 1; route allocated: 1 of 2000; total allocated: 1 of 2000]
Found Element By : By.xpath: //input[@type=&apos;submit&apos;]
Trying to click on: [[ChromeDriver: chrome on XP (57f77c2899285a2b963db09b270c4ab3)] -&gt; xpath: //input[@type=&apos;submit&apos;]]
08-31-2019 13:00:07 RequestAddCookies.java DEBUG [Forwarding clickElement on session 57f77c2899285a2b963db09b270c4ab3 to remote] protocol.RequestAddCookies 123 - CookieSpec selected: default
08-31-2019 13:00:07 RequestAuthCache.java DEBUG [Forwarding clickElement on session 57f77c2899285a2b963db09b270c4ab3 to remote] protocol.RequestAuthCache 77 - Auth cache not set in the context
08-31-2019 13:00:07 PoolingHttpClientConnectionManager.java DEBUG [Forwarding clickElement on session 57f77c2899285a2b963db09b270c4ab3 to remote] conn.PoolingHttpClientConnectionManager 255 - Connection request: [route: {}-&gt;http://localhost:4619][total kept alive: 1; route allocated: 1 of 2000; total allocated: 1 of 2000]
08-31-2019 13:00:07 PoolingHttpClientConnectionManager.java DEBUG [Forwarding clickElement on session 57f77c2899285a2b963db09b270c4ab3 to remote] conn.PoolingHttpClientConnectionManager 288 - Connection leased: [id: 5][route: {}-&gt;http://localhost:4619][total kept alive: 0; route allocated: 1 of 2000; total allocated: 1 of 2000]
08-31-2019 13:00:07 MainClientExec.java DEBUG [Forwarding clickElement on session 57f77c2899285a2b963db09b270c4ab3 to remote] execchain.MainClientExec 208 - Stale connection check
08-31-2019 13:00:07 Wire.java DEBUG [Forwarding clickElement on session 57f77c2899285a2b963db09b270c4ab3 to remote] http.wire 87 - http-outgoing-5 &lt;&lt; &quot;[read] I/O error: Read timed out&quot;
08-31-2019 13:00:07 LoggingManagedHttpClientConnection.java DEBUG [Forwarding clickElement on session 57f77c2899285a2b963db09b270c4ab3 to remote] conn.DefaultManagedHttpClientConnection 88 - http-outgoing-5: set socket timeout to 10800000
08-31-2019 13:00:07 MainClientExec.java DEBUG [Forwarding clickElement on session 57f77c2899285a2b963db09b270c4ab3 to remote] execchain.MainClientExec 256 - Executing request POST /session/57f77c2899285a2b963db09b270c4ab3/element/c3d4beb2-0219-4973-b57d-2f1d3e26a27c/click HTTP/1.1
08-31-2019 13:00:07 MainClientExec.java DEBUG [Forwarding clickElement on session 57f77c2899285a2b963db09b270c4ab3 to remote] execchain.MainClientExec 261 - Target auth state: UNCHALLENGED
08-31-2019 13:00:07 MainClientExec.java DEBUG [Forwarding clickElement on session 57f77c2899285a2b963db09b270c4ab3 to remote] execchain.MainClientExec 267 - Proxy auth state: UNCHALLENGED
08-31-2019 13:00:07 LoggingManagedHttpClientConnection.java DEBUG [Forwarding clickElement on session 57f77c2899285a2b963db09b270c4ab3 to remote] http.headers 133 - http-outgoing-5 &gt;&gt; POST /session/57f77c2899285a2b963db09b270c4ab3/element/c3d4beb2-0219-4973-b57d-2f1d3e26a27c/click HTTP/1.1
08-31-2019 13:00:07 LoggingManagedHttpClientConnection.java DEBUG [Forwarding clickElement on session 57f77c2899285a2b963db09b270c4ab3 to remote] http.headers 136 - http-outgoing-5 &gt;&gt; Content-Type: application/json; charset=utf-8
08-31-2019 13:00:07 LoggingManagedHttpClientConnection.java DEBUG [Forwarding clickElement on session 57f77c2899285a2b963db09b270c4ab3 to remote] http.headers 136 - http-outgoing-5 &gt;&gt; Content-Length: 45
08-31-2019 13:00:07 LoggingManagedHttpClientConnection.java DEBUG [Forwarding clickElement on session 57f77c2899285a2b963db09b270c4ab3 to remote] http.headers 136 - http-outgoing-5 &gt;&gt; Host: localhost:4619
08-31-2019 13:00:07 LoggingManagedHttpClientConnection.java DEBUG [Forwarding clickElement on session 57f77c2899285a2b963db09b270c4ab3 to remote] http.headers 136 - http-outgoing-5 &gt;&gt; Connection: Keep-Alive
08-31-2019 13:00:07 LoggingManagedHttpClientConnection.java DEBUG [Forwarding clickElement on session 57f77c2899285a2b963db09b270c4ab3 to remote] http.headers 136 - http-outgoing-5 &gt;&gt; User-Agent: Apache-HttpClient/4.5.3 (Java/1.8.0_221)
08-31-2019 13:00:07 LoggingManagedHttpClientConnection.java DEBUG [Forwarding clickElement on session 57f77c2899285a2b963db09b270c4ab3 to remote] http.headers 136 - http-outgoing-5 &gt;&gt; Accept-Encoding: gzip,deflate
08-31-2019 13:00:07 Wire.java DEBUG [Forwarding clickElement on session 57f77c2899285a2b963db09b270c4ab3 to remote] http.wire 73 - http-outgoing-5 &gt;&gt; &quot;POST /session/57f77c2899285a2b963db09b270c4ab3/element/c3d4beb2-0219-4973-b57d-2f1d3e26a27c/click HTTP/1.1[\r][\n]&quot;
08-31-2019 13:00:07 Wire.java DEBUG [Forwarding clickElement on session 57f77c2899285a2b963db09b270c4ab3 to remote] http.wire 73 - http-outgoing-5 &gt;&gt; &quot;Content-Type: application/json; charset=utf-8[\r][\n]&quot;
08-31-2019 13:00:07 Wire.java DEBUG [Forwarding clickElement on session 57f77c2899285a2b963db09b270c4ab3 to remote] http.wire 73 - http-outgoing-5 &gt;&gt; &quot;Content-Length: 45[\r][\n]&quot;
08-31-2019 13:00:07 Wire.java DEBUG [Forwarding clickElement on session 57f77c2899285a2b963db09b270c4ab3 to remote] http.wire 73 - http-outgoing-5 &gt;&gt; &quot;Host: localhost:4619[\r][\n]&quot;
08-31-2019 13:00:07 Wire.java DEBUG [Forwarding clickElement on session 57f77c2899285a2b963db09b270c4ab3 to remote] http.wire 73 - http-outgoing-5 &gt;&gt; &quot;Connection: Keep-Alive[\r][\n]&quot;
08-31-2019 13:00:07 Wire.java DEBUG [Forwarding clickElement on session 57f77c2899285a2b963db09b270c4ab3 to remote] http.wire 73 - http-outgoing-5 &gt;&gt; &quot;User-Agent: Apache-HttpClient/4.5.3 (Java/1.8.0_221)[\r][\n]&quot;
08-31-2019 13:00:07 Wire.java DEBUG [Forwarding clickElement on session 57f77c2899285a2b963db09b270c4ab3 to remote] http.wire 73 - http-outgoing-5 &gt;&gt; &quot;Accept-Encoding: gzip,deflate[\r][\n]&quot;
08-31-2019 13:00:07 Wire.java DEBUG [Forwarding clickElement on session 57f77c2899285a2b963db09b270c4ab3 to remote] http.wire 73 - http-outgoing-5 &gt;&gt; &quot;[\r][\n]&quot;
08-31-2019 13:00:07 Wire.java DEBUG [Forwarding clickElement on session 57f77c2899285a2b963db09b270c4ab3 to remote] http.wire 87 - http-outgoing-5 &gt;&gt; &quot;{&quot;id&quot;:&quot;c3d4beb2-0219-4973-b57d-2f1d3e26a27c&quot;}&quot;
08-31-2019 13:00:14 Wire.java DEBUG [Forwarding clickElement on session 57f77c2899285a2b963db09b270c4ab3 to remote] http.wire 73 - http-outgoing-5 &lt;&lt; &quot;HTTP/1.1 200 OK[\r][\n]&quot;
08-31-2019 13:00:14 Wire.java DEBUG [Forwarding clickElement on session 57f77c2899285a2b963db09b270c4ab3 to remote] http.wire 73 - http-outgoing-5 &lt;&lt; &quot;Content-Length:14[\r][\n]&quot;
08-31-2019 13:00:14 Wire.java DEBUG [Forwarding clickElement on session 57f77c2899285a2b963db09b270c4ab3 to remote] http.wire 73 - http-outgoing-5 &lt;&lt; &quot;Content-Type:application/json; charset=utf-8[\r][\n]&quot;
08-31-2019 13:00:14 Wire.java DEBUG [Forwarding clickElement on session 57f77c2899285a2b963db09b270c4ab3 to remote] http.wire 73 - http-outgoing-5 &lt;&lt; &quot;cache-control:no-cache[\r][\n]&quot;
08-31-2019 13:00:14 Wire.java DEBUG [Forwarding clickElement on session 57f77c2899285a2b963db09b270c4ab3 to remote] http.wire 73 - http-outgoing-5 &lt;&lt; &quot;[\r][\n]&quot;
08-31-2019 13:00:14 Wire.java DEBUG [Forwarding clickElement on session 57f77c2899285a2b963db09b270c4ab3 to remote] http.wire 87 - http-outgoing-5 &lt;&lt; &quot;{&quot;value&quot;:null}&quot;
08-31-2019 13:00:14 LoggingManagedHttpClientConnection.java DEBUG [Forwarding clickElement on session 57f77c2899285a2b963db09b270c4ab3 to remote] http.headers 122 - http-outgoing-5 &lt;&lt; HTTP/1.1 200 OK
08-31-2019 13:00:14 LoggingManagedHttpClientConnection.java DEBUG [Forwarding clickElement on session 57f77c2899285a2b963db09b270c4ab3 to remote] http.headers 125 - http-outgoing-5 &lt;&lt; Content-Length:14
08-31-2019 13:00:14 LoggingManagedHttpClientConnection.java DEBUG [Forwarding clickElement on session 57f77c2899285a2b963db09b270c4ab3 to remote] http.headers 125 - http-outgoing-5 &lt;&lt; Content-Type:application/json; charset=utf-8
08-31-2019 13:00:14 LoggingManagedHttpClientConnection.java DEBUG [Forwarding clickElement on session 57f77c2899285a2b963db09b270c4ab3 to remote] http.headers 125 - http-outgoing-5 &lt;&lt; cache-control:no-cache
08-31-2019 13:00:14 MainClientExec.java DEBUG [Forwarding clickElement on session 57f77c2899285a2b963db09b270c4ab3 to remote] execchain.MainClientExec 285 - Connection can be kept alive indefinitely
08-31-2019 13:00:14 PoolingHttpClientConnectionManager.java DEBUG [Forwarding clickElement on session 57f77c2899285a2b963db09b270c4ab3 to remote] conn.PoolingHttpClientConnectionManager 320 - Connection [id: 5][route: {}-&gt;http://localhost:4619] can be kept alive indefinitely
08-31-2019 13:00:14 PoolingHttpClientConnectionManager.java DEBUG [Forwarding clickElement on session 57f77c2899285a2b963db09b270c4ab3 to remote] conn.PoolingHttpClientConnectionManager 326 - Connection released: [id: 5][route: {}-&gt;http://localhost:4619][total kept alive: 1; route allocated: 1 of 2000; total allocated: 1 of 2000]
Clicked on: [[ChromeDriver: chrome on XP (57f77c2899285a2b963db09b270c4ab3)] -&gt; xpath: //input[@type=&apos;submit&apos;]]
08-31-2019 13:00:14 RequestAddCookies.java DEBUG [Forwarding findElements on session 57f77c2899285a2b963db09b270c4ab3 to remote] protocol.RequestAddCookies 123 - CookieSpec selected: default
08-31-2019 13:00:14 RequestAuthCache.java DEBUG [Forwarding findElements on session 57f77c2899285a2b963db09b270c4ab3 to remote] protocol.RequestAuthCache 77 - Auth cache not set in the context
08-31-2019 13:00:14 PoolingHttpClientConnectionManager.java DEBUG [Forwarding findElements on session 57f77c2899285a2b963db09b270c4ab3 to remote] conn.PoolingHttpClientConnectionManager 255 - Connection request: [route: {}-&gt;http://localhost:4619][total kept alive: 1; route allocated: 1 of 2000; total allocated: 1 of 2000]
08-31-2019 13:00:14 PoolingHttpClientConnectionManager.java DEBUG [Forwarding findElements on session 57f77c2899285a2b963db09b270c4ab3 to remote] conn.PoolingHttpClientConnectionManager 288 - Connection leased: [id: 5][route: {}-&gt;http://localhost:4619][total kept alive: 0; route allocated: 1 of 2000; total allocated: 1 of 2000]
08-31-2019 13:00:14 MainClientExec.java DEBUG [Forwarding findElements on session 57f77c2899285a2b963db09b270c4ab3 to remote] execchain.MainClientExec 208 - Stale connection check
08-31-2019 13:00:14 Wire.java DEBUG [Forwarding findElements on session 57f77c2899285a2b963db09b270c4ab3 to remote] http.wire 87 - http-outgoing-5 &lt;&lt; &quot;[read] I/O error: Read timed out&quot;
08-31-2019 13:00:14 LoggingManagedHttpClientConnection.java DEBUG [Forwarding findElements on session 57f77c2899285a2b963db09b270c4ab3 to remote] conn.DefaultManagedHttpClientConnection 88 - http-outgoing-5: set socket timeout to 10800000
08-31-2019 13:00:14 MainClientExec.java DEBUG [Forwarding findElements on session 57f77c2899285a2b963db09b270c4ab3 to remote] execchain.MainClientExec 256 - Executing request POST /session/57f77c2899285a2b963db09b270c4ab3/elements HTTP/1.1
08-31-2019 13:00:14 MainClientExec.java DEBUG [Forwarding findElements on session 57f77c2899285a2b963db09b270c4ab3 to remote] execchain.MainClientExec 261 - Target auth state: UNCHALLENGED
08-31-2019 13:00:14 MainClientExec.java DEBUG [Forwarding findElements on session 57f77c2899285a2b963db09b270c4ab3 to remote] execchain.MainClientExec 267 - Proxy auth state: UNCHALLENGED
08-31-2019 13:00:14 LoggingManagedHttpClientConnection.java DEBUG [Forwarding findElements on session 57f77c2899285a2b963db09b270c4ab3 to remote] http.headers 133 - http-outgoing-5 &gt;&gt; POST /session/57f77c2899285a2b963db09b270c4ab3/elements HTTP/1.1
08-31-2019 13:00:14 LoggingManagedHttpClientConnection.java DEBUG [Forwarding findElements on session 57f77c2899285a2b963db09b270c4ab3 to remote] http.headers 136 - http-outgoing-5 &gt;&gt; Content-Type: application/json; charset=utf-8
08-31-2019 13:00:14 LoggingManagedHttpClientConnection.java DEBUG [Forwarding findElements on session 57f77c2899285a2b963db09b270c4ab3 to remote] http.headers 136 - http-outgoing-5 &gt;&gt; Content-Length: 83
08-31-2019 13:00:14 LoggingManagedHttpClientConnection.java DEBUG [Forwarding findElements on session 57f77c2899285a2b963db09b270c4ab3 to remote] http.headers 136 - http-outgoing-5 &gt;&gt; Host: localhost:4619
08-31-2019 13:00:14 LoggingManagedHttpClientConnection.java DEBUG [Forwarding findElements on session 57f77c2899285a2b963db09b270c4ab3 to remote] http.headers 136 - http-outgoing-5 &gt;&gt; Connection: Keep-Alive
08-31-2019 13:00:14 LoggingManagedHttpClientConnection.java DEBUG [Forwarding findElements on session 57f77c2899285a2b963db09b270c4ab3 to remote] http.headers 136 - http-outgoing-5 &gt;&gt; User-Agent: Apache-HttpClient/4.5.3 (Java/1.8.0_221)
08-31-2019 13:00:14 LoggingManagedHttpClientConnection.java DEBUG [Forwarding findElements on session 57f77c2899285a2b963db09b270c4ab3 to remote] http.headers 136 - http-outgoing-5 &gt;&gt; Accept-Encoding: gzip,deflate
08-31-2019 13:00:14 Wire.java DEBUG [Forwarding findElements on session 57f77c2899285a2b963db09b270c4ab3 to remote] http.wire 73 - http-outgoing-5 &gt;&gt; &quot;POST /session/57f77c2899285a2b963db09b270c4ab3/elements HTTP/1.1[\r][\n]&quot;
08-31-2019 13:00:14 Wire.java DEBUG [Forwarding findElements on session 57f77c2899285a2b963db09b270c4ab3 to remote] http.wire 73 - http-outgoing-5 &gt;&gt; &quot;Content-Type: application/json; charset=utf-8[\r][\n]&quot;
08-31-2019 13:00:14 Wire.java DEBUG [Forwarding findElements on session 57f77c2899285a2b963db09b270c4ab3 to remote] http.wire 73 - http-outgoing-5 &gt;&gt; &quot;Content-Length: 83[\r][\n]&quot;
08-31-2019 13:00:14 Wire.java DEBUG [Forwarding findElements on session 57f77c2899285a2b963db09b270c4ab3 to remote] http.wire 73 - http-outgoing-5 &gt;&gt; &quot;Host: localhost:4619[\r][\n]&quot;
08-31-2019 13:00:14 Wire.java DEBUG [Forwarding findElements on session 57f77c2899285a2b963db09b270c4ab3 to remote] http.wire 73 - http-outgoing-5 &gt;&gt; &quot;Connection: Keep-Alive[\r][\n]&quot;
08-31-2019 13:00:14 Wire.java DEBUG [Forwarding findElements on session 57f77c2899285a2b963db09b270c4ab3 to remote] http.wire 73 - http-outgoing-5 &gt;&gt; &quot;User-Agent: Apache-HttpClient/4.5.3 (Java/1.8.0_221)[\r][\n]&quot;
08-31-2019 13:00:14 Wire.java DEBUG [Forwarding findElements on session 57f77c2899285a2b963db09b270c4ab3 to remote] http.wire 73 - http-outgoing-5 &gt;&gt; &quot;Accept-Encoding: gzip,deflate[\r][\n]&quot;
08-31-2019 13:00:14 Wire.java DEBUG [Forwarding findElements on session 57f77c2899285a2b963db09b270c4ab3 to remote] http.wire 73 - http-outgoing-5 &gt;&gt; &quot;[\r][\n]&quot;
08-31-2019 13:00:14 Wire.java DEBUG [Forwarding findElements on session 57f77c2899285a2b963db09b270c4ab3 to remote] http.wire 87 - http-outgoing-5 &gt;&gt; &quot;{&quot;value&quot;:&quot;frame[name=&apos;mainpanel&apos;],iframe[name=&apos;mainpanel&apos;]&quot;,&quot;using&quot;:&quot;css selector&quot;}&quot;
08-31-2019 13:00:14 Wire.java DEBUG [Forwarding findElements on session 57f77c2899285a2b963db09b270c4ab3 to remote] http.wire 73 - http-outgoing-5 &lt;&lt; &quot;HTTP/1.1 200 OK[\r][\n]&quot;
08-31-2019 13:00:14 Wire.java DEBUG [Forwarding findElements on session 57f77c2899285a2b963db09b270c4ab3 to remote] http.wire 73 - http-outgoing-5 &lt;&lt; &quot;Content-Length:90[\r][\n]&quot;
08-31-2019 13:00:14 Wire.java DEBUG [Forwarding findElements on session 57f77c2899285a2b963db09b270c4ab3 to remote] http.wire 73 - http-outgoing-5 &lt;&lt; &quot;Content-Type:application/json; charset=utf-8[\r][\n]&quot;
08-31-2019 13:00:14 Wire.java DEBUG [Forwarding findElements on session 57f77c2899285a2b963db09b270c4ab3 to remote] http.wire 73 - http-outgoing-5 &lt;&lt; &quot;cache-control:no-cache[\r][\n]&quot;
08-31-2019 13:00:14 Wire.java DEBUG [Forwarding findElements on session 57f77c2899285a2b963db09b270c4ab3 to remote] http.wire 73 - http-outgoing-5 &lt;&lt; &quot;[\r][\n]&quot;
08-31-2019 13:00:14 Wire.java DEBUG [Forwarding findElements on session 57f77c2899285a2b963db09b270c4ab3 to remote] http.wire 87 - http-outgoing-5 &lt;&lt; &quot;{&quot;value&quot;:[{&quot;element-6066-11e4-a52e-4f735466cecf&quot;:&quot;5961687b-d7fc-455f-8639-72e195720860&quot;}]}&quot;
08-31-2019 13:00:14 LoggingManagedHttpClientConnection.java DEBUG [Forwarding findElements on session 57f77c2899285a2b963db09b270c4ab3 to remote] http.headers 122 - http-outgoing-5 &lt;&lt; HTTP/1.1 200 OK
08-31-2019 13:00:14 LoggingManagedHttpClientConnection.java DEBUG [Forwarding findElements on session 57f77c2899285a2b963db09b270c4ab3 to remote] http.headers 125 - http-outgoing-5 &lt;&lt; Content-Length:90
08-31-2019 13:00:14 LoggingManagedHttpClientConnection.java DEBUG [Forwarding findElements on session 57f77c2899285a2b963db09b270c4ab3 to remote] http.headers 125 - http-outgoing-5 &lt;&lt; Content-Type:application/json; charset=utf-8
08-31-2019 13:00:14 LoggingManagedHttpClientConnection.java DEBUG [Forwarding findElements on session 57f77c2899285a2b963db09b270c4ab3 to remote] http.headers 125 - http-outgoing-5 &lt;&lt; cache-control:no-cache
08-31-2019 13:00:14 MainClientExec.java DEBUG [Forwarding findElements on session 57f77c2899285a2b963db09b270c4ab3 to remote] execchain.MainClientExec 285 - Connection can be kept alive indefinitely
08-31-2019 13:00:14 PoolingHttpClientConnectionManager.java DEBUG [Forwarding findElements on session 57f77c2899285a2b963db09b270c4ab3 to remote] conn.PoolingHttpClientConnectionManager 320 - Connection [id: 5][route: {}-&gt;http://localhost:4619] can be kept alive indefinitely
08-31-2019 13:00:14 PoolingHttpClientConnectionManager.java DEBUG [Forwarding findElements on session 57f77c2899285a2b963db09b270c4ab3 to remote] conn.PoolingHttpClientConnectionManager 326 - Connection released: [id: 5][route: {}-&gt;http://localhost:4619][total kept alive: 1; route allocated: 1 of 2000; total allocated: 1 of 2000]
08-31-2019 13:00:14 RequestAddCookies.java DEBUG [Forwarding switchToFrame on session 57f77c2899285a2b963db09b270c4ab3 to remote] protocol.RequestAddCookies 123 - CookieSpec selected: default
08-31-2019 13:00:14 RequestAuthCache.java DEBUG [Forwarding switchToFrame on session 57f77c2899285a2b963db09b270c4ab3 to remote] protocol.RequestAuthCache 77 - Auth cache not set in the context
08-31-2019 13:00:14 PoolingHttpClientConnectionManager.java DEBUG [Forwarding switchToFrame on session 57f77c2899285a2b963db09b270c4ab3 to remote] conn.PoolingHttpClientConnectionManager 255 - Connection request: [route: {}-&gt;http://localhost:4619][total kept alive: 1; route allocated: 1 of 2000; total allocated: 1 of 2000]
08-31-2019 13:00:14 PoolingHttpClientConnectionManager.java DEBUG [Forwarding switchToFrame on session 57f77c2899285a2b963db09b270c4ab3 to remote] conn.PoolingHttpClientConnectionManager 288 - Connection leased: [id: 5][route: {}-&gt;http://localhost:4619][total kept alive: 0; route allocated: 1 of 2000; total allocated: 1 of 2000]
08-31-2019 13:00:14 MainClientExec.java DEBUG [Forwarding switchToFrame on session 57f77c2899285a2b963db09b270c4ab3 to remote] execchain.MainClientExec 208 - Stale connection check
08-31-2019 13:00:14 Wire.java DEBUG [Forwarding switchToFrame on session 57f77c2899285a2b963db09b270c4ab3 to remote] http.wire 87 - http-outgoing-5 &lt;&lt; &quot;[read] I/O error: Read timed out&quot;
08-31-2019 13:00:14 LoggingManagedHttpClientConnection.java DEBUG [Forwarding switchToFrame on session 57f77c2899285a2b963db09b270c4ab3 to remote] conn.DefaultManagedHttpClientConnection 88 - http-outgoing-5: set socket timeout to 10800000
08-31-2019 13:00:14 MainClientExec.java DEBUG [Forwarding switchToFrame on session 57f77c2899285a2b963db09b270c4ab3 to remote] execchain.MainClientExec 256 - Executing request POST /session/57f77c2899285a2b963db09b270c4ab3/frame HTTP/1.1
08-31-2019 13:00:14 MainClientExec.java DEBUG [Forwarding switchToFrame on session 57f77c2899285a2b963db09b270c4ab3 to remote] execchain.MainClientExec 261 - Target auth state: UNCHALLENGED
08-31-2019 13:00:14 MainClientExec.java DEBUG [Forwarding switchToFrame on session 57f77c2899285a2b963db09b270c4ab3 to remote] execchain.MainClientExec 267 - Proxy auth state: UNCHALLENGED
08-31-2019 13:00:14 LoggingManagedHttpClientConnection.java DEBUG [Forwarding switchToFrame on session 57f77c2899285a2b963db09b270c4ab3 to remote] http.headers 133 - http-outgoing-5 &gt;&gt; POST /session/57f77c2899285a2b963db09b270c4ab3/frame HTTP/1.1
08-31-2019 13:00:14 LoggingManagedHttpClientConnection.java DEBUG [Forwarding switchToFrame on session 57f77c2899285a2b963db09b270c4ab3 to remote] http.headers 136 - http-outgoing-5 &gt;&gt; Content-Type: application/json; charset=utf-8
08-31-2019 13:00:14 LoggingManagedHttpClientConnection.java DEBUG [Forwarding switchToFrame on session 57f77c2899285a2b963db09b270c4ab3 to remote] http.headers 136 - http-outgoing-5 &gt;&gt; Content-Length: 134
08-31-2019 13:00:14 LoggingManagedHttpClientConnection.java DEBUG [Forwarding switchToFrame on session 57f77c2899285a2b963db09b270c4ab3 to remote] http.headers 136 - http-outgoing-5 &gt;&gt; Host: localhost:4619
08-31-2019 13:00:14 LoggingManagedHttpClientConnection.java DEBUG [Forwarding switchToFrame on session 57f77c2899285a2b963db09b270c4ab3 to remote] http.headers 136 - http-outgoing-5 &gt;&gt; Connection: Keep-Alive
08-31-2019 13:00:14 LoggingManagedHttpClientConnection.java DEBUG [Forwarding switchToFrame on session 57f77c2899285a2b963db09b270c4ab3 to remote] http.headers 136 - http-outgoing-5 &gt;&gt; User-Agent: Apache-HttpClient/4.5.3 (Java/1.8.0_221)
08-31-2019 13:00:14 LoggingManagedHttpClientConnection.java DEBUG [Forwarding switchToFrame on session 57f77c2899285a2b963db09b270c4ab3 to remote] http.headers 136 - http-outgoing-5 &gt;&gt; Accept-Encoding: gzip,deflate
08-31-2019 13:00:14 Wire.java DEBUG [Forwarding switchToFrame on session 57f77c2899285a2b963db09b270c4ab3 to remote] http.wire 73 - http-outgoing-5 &gt;&gt; &quot;POST /session/57f77c2899285a2b963db09b270c4ab3/frame HTTP/1.1[\r][\n]&quot;
08-31-2019 13:00:14 Wire.java DEBUG [Forwarding switchToFrame on session 57f77c2899285a2b963db09b270c4ab3 to remote] http.wire 73 - http-outgoing-5 &gt;&gt; &quot;Content-Type: application/json; charset=utf-8[\r][\n]&quot;
08-31-2019 13:00:14 Wire.java DEBUG [Forwarding switchToFrame on session 57f77c2899285a2b963db09b270c4ab3 to remote] http.wire 73 - http-outgoing-5 &gt;&gt; &quot;Content-Length: 134[\r][\n]&quot;
08-31-2019 13:00:14 Wire.java DEBUG [Forwarding switchToFrame on session 57f77c2899285a2b963db09b270c4ab3 to remote] http.wire 73 - http-outgoing-5 &gt;&gt; &quot;Host: localhost:4619[\r][\n]&quot;
08-31-2019 13:00:14 Wire.java DEBUG [Forwarding switchToFrame on session 57f77c2899285a2b963db09b270c4ab3 to remote] http.wire 73 - http-outgoing-5 &gt;&gt; &quot;Connection: Keep-Alive[\r][\n]&quot;
08-31-2019 13:00:14 Wire.java DEBUG [Forwarding switchToFrame on session 57f77c2899285a2b963db09b270c4ab3 to remote] http.wire 73 - http-outgoing-5 &gt;&gt; &quot;User-Agent: Apache-HttpClient/4.5.3 (Java/1.8.0_221)[\r][\n]&quot;
08-31-2019 13:00:14 Wire.java DEBUG [Forwarding switchToFrame on session 57f77c2899285a2b963db09b270c4ab3 to remote] http.wire 73 - http-outgoing-5 &gt;&gt; &quot;Accept-Encoding: gzip,deflate[\r][\n]&quot;
08-31-2019 13:00:14 Wire.java DEBUG [Forwarding switchToFrame on session 57f77c2899285a2b963db09b270c4ab3 to remote] http.wire 73 - http-outgoing-5 &gt;&gt; &quot;[\r][\n]&quot;
08-31-2019 13:00:14 Wire.java DEBUG [Forwarding switchToFrame on session 57f77c2899285a2b963db09b270c4ab3 to remote] http.wire 87 - http-outgoing-5 &gt;&gt; &quot;{&quot;id&quot;:{&quot;ELEMENT&quot;:&quot;5961687b-d7fc-455f-8639-72e195720860&quot;,&quot;element-6066-11e4-a52e-4f735466cecf&quot;:&quot;5961687b-d7fc-455f-8639-72e195720860&quot;}}&quot;
08-31-2019 13:00:14 Wire.java DEBUG [Forwarding switchToFrame on session 57f77c2899285a2b963db09b270c4ab3 to remote] http.wire 73 - http-outgoing-5 &lt;&lt; &quot;HTTP/1.1 200 OK[\r][\n]&quot;
08-31-2019 13:00:14 Wire.java DEBUG [Forwarding switchToFrame on session 57f77c2899285a2b963db09b270c4ab3 to remote] http.wire 73 - http-outgoing-5 &lt;&lt; &quot;Content-Length:14[\r][\n]&quot;
08-31-2019 13:00:14 Wire.java DEBUG [Forwarding switchToFrame on session 57f77c2899285a2b963db09b270c4ab3 to remote] http.wire 73 - http-outgoing-5 &lt;&lt; &quot;Content-Type:application/json; charset=utf-8[\r][\n]&quot;
08-31-2019 13:00:14 Wire.java DEBUG [Forwarding switchToFrame on session 57f77c2899285a2b963db09b270c4ab3 to remote] http.wire 73 - http-outgoing-5 &lt;&lt; &quot;cache-control:no-cache[\r][\n]&quot;
08-31-2019 13:00:14 Wire.java DEBUG [Forwarding switchToFrame on session 57f77c2899285a2b963db09b270c4ab3 to remote] http.wire 73 - http-outgoing-5 &lt;&lt; &quot;[\r][\n]&quot;
08-31-2019 13:00:14 Wire.java DEBUG [Forwarding switchToFrame on session 57f77c2899285a2b963db09b270c4ab3 to remote] http.wire 87 - http-outgoing-5 &lt;&lt; &quot;{&quot;value&quot;:null}&quot;
08-31-2019 13:00:14 LoggingManagedHttpClientConnection.java DEBUG [Forwarding switchToFrame on session 57f77c2899285a2b963db09b270c4ab3 to remote] http.headers 122 - http-outgoing-5 &lt;&lt; HTTP/1.1 200 OK
08-31-2019 13:00:14 LoggingManagedHttpClientConnection.java DEBUG [Forwarding switchToFrame on session 57f77c2899285a2b963db09b270c4ab3 to remote] http.headers 125 - http-outgoing-5 &lt;&lt; Content-Length:14
08-31-2019 13:00:14 LoggingManagedHttpClientConnection.java DEBUG [Forwarding switchToFrame on session 57f77c2899285a2b963db09b270c4ab3 to remote] http.headers 125 - http-outgoing-5 &lt;&lt; Content-Type:application/json; charset=utf-8
08-31-2019 13:00:14 LoggingManagedHttpClientConnection.java DEBUG [Forwarding switchToFrame on session 57f77c2899285a2b963db09b270c4ab3 to remote] http.headers 125 - http-outgoing-5 &lt;&lt; cache-control:no-cache
08-31-2019 13:00:14 MainClientExec.java DEBUG [Forwarding switchToFrame on session 57f77c2899285a2b963db09b270c4ab3 to remote] execchain.MainClientExec 285 - Connection can be kept alive indefinitely
08-31-2019 13:00:14 PoolingHttpClientConnectionManager.java DEBUG [Forwarding switchToFrame on session 57f77c2899285a2b963db09b270c4ab3 to remote] conn.PoolingHttpClientConnectionManager 320 - Connection [id: 5][route: {}-&gt;http://localhost:4619] can be kept alive indefinitely
08-31-2019 13:00:14 PoolingHttpClientConnectionManager.java DEBUG [Forwarding switchToFrame on session 57f77c2899285a2b963db09b270c4ab3 to remote] conn.PoolingHttpClientConnectionManager 326 - Connection released: [id: 5][route: {}-&gt;http://localhost:4619][total kept alive: 1; route allocated: 1 of 2000; total allocated: 1 of 2000]
Trying to find Element By : By.xpath: //a[contains(text(),&apos;Contacts&apos;)]
08-31-2019 13:00:14 RequestAddCookies.java DEBUG [Forwarding findElement on session 57f77c2899285a2b963db09b270c4ab3 to remote] protocol.RequestAddCookies 123 - CookieSpec selected: default
08-31-2019 13:00:14 RequestAuthCache.java DEBUG [Forwarding findElement on session 57f77c2899285a2b963db09b270c4ab3 to remote] protocol.RequestAuthCache 77 - Auth cache not set in the context
08-31-2019 13:00:14 PoolingHttpClientConnectionManager.java DEBUG [Forwarding findElement on session 57f77c2899285a2b963db09b270c4ab3 to remote] conn.PoolingHttpClientConnectionManager 255 - Connection request: [route: {}-&gt;http://localhost:4619][total kept alive: 1; route allocated: 1 of 2000; total allocated: 1 of 2000]
08-31-2019 13:00:14 PoolingHttpClientConnectionManager.java DEBUG [Forwarding findElement on session 57f77c2899285a2b963db09b270c4ab3 to remote] conn.PoolingHttpClientConnectionManager 288 - Connection leased: [id: 5][route: {}-&gt;http://localhost:4619][total kept alive: 0; route allocated: 1 of 2000; total allocated: 1 of 2000]
08-31-2019 13:00:14 MainClientExec.java DEBUG [Forwarding findElement on session 57f77c2899285a2b963db09b270c4ab3 to remote] execchain.MainClientExec 208 - Stale connection check
08-31-2019 13:00:14 Wire.java DEBUG [Forwarding findElement on session 57f77c2899285a2b963db09b270c4ab3 to remote] http.wire 87 - http-outgoing-5 &lt;&lt; &quot;[read] I/O error: Read timed out&quot;
08-31-2019 13:00:14 LoggingManagedHttpClientConnection.java DEBUG [Forwarding findElement on session 57f77c2899285a2b963db09b270c4ab3 to remote] conn.DefaultManagedHttpClientConnection 88 - http-outgoing-5: set socket timeout to 10800000
08-31-2019 13:00:14 MainClientExec.java DEBUG [Forwarding findElement on session 57f77c2899285a2b963db09b270c4ab3 to remote] execchain.MainClientExec 256 - Executing request POST /session/57f77c2899285a2b963db09b270c4ab3/element HTTP/1.1
08-31-2019 13:00:14 MainClientExec.java DEBUG [Forwarding findElement on session 57f77c2899285a2b963db09b270c4ab3 to remote] execchain.MainClientExec 261 - Target auth state: UNCHALLENGED
08-31-2019 13:00:14 MainClientExec.java DEBUG [Forwarding findElement on session 57f77c2899285a2b963db09b270c4ab3 to remote] execchain.MainClientExec 267 - Proxy auth state: UNCHALLENGED
08-31-2019 13:00:14 LoggingManagedHttpClientConnection.java DEBUG [Forwarding findElement on session 57f77c2899285a2b963db09b270c4ab3 to remote] http.headers 133 - http-outgoing-5 &gt;&gt; POST /session/57f77c2899285a2b963db09b270c4ab3/element HTTP/1.1
08-31-2019 13:00:14 LoggingManagedHttpClientConnection.java DEBUG [Forwarding findElement on session 57f77c2899285a2b963db09b270c4ab3 to remote] http.headers 136 - http-outgoing-5 &gt;&gt; Content-Type: application/json; charset=utf-8
08-31-2019 13:00:14 LoggingManagedHttpClientConnection.java DEBUG [Forwarding findElement on session 57f77c2899285a2b963db09b270c4ab3 to remote] http.headers 136 - http-outgoing-5 &gt;&gt; Content-Length: 60
08-31-2019 13:00:14 LoggingManagedHttpClientConnection.java DEBUG [Forwarding findElement on session 57f77c2899285a2b963db09b270c4ab3 to remote] http.headers 136 - http-outgoing-5 &gt;&gt; Host: localhost:4619
08-31-2019 13:00:14 LoggingManagedHttpClientConnection.java DEBUG [Forwarding findElement on session 57f77c2899285a2b963db09b270c4ab3 to remote] http.headers 136 - http-outgoing-5 &gt;&gt; Connection: Keep-Alive
08-31-2019 13:00:14 LoggingManagedHttpClientConnection.java DEBUG [Forwarding findElement on session 57f77c2899285a2b963db09b270c4ab3 to remote] http.headers 136 - http-outgoing-5 &gt;&gt; User-Agent: Apache-HttpClient/4.5.3 (Java/1.8.0_221)
08-31-2019 13:00:14 LoggingManagedHttpClientConnection.java DEBUG [Forwarding findElement on session 57f77c2899285a2b963db09b270c4ab3 to remote] http.headers 136 - http-outgoing-5 &gt;&gt; Accept-Encoding: gzip,deflate
08-31-2019 13:00:14 Wire.java DEBUG [Forwarding findElement on session 57f77c2899285a2b963db09b270c4ab3 to remote] http.wire 73 - http-outgoing-5 &gt;&gt; &quot;POST /session/57f77c2899285a2b963db09b270c4ab3/element HTTP/1.1[\r][\n]&quot;
08-31-2019 13:00:14 Wire.java DEBUG [Forwarding findElement on session 57f77c2899285a2b963db09b270c4ab3 to remote] http.wire 73 - http-outgoing-5 &gt;&gt; &quot;Content-Type: application/json; charset=utf-8[\r][\n]&quot;
08-31-2019 13:00:14 Wire.java DEBUG [Forwarding findElement on session 57f77c2899285a2b963db09b270c4ab3 to remote] http.wire 73 - http-outgoing-5 &gt;&gt; &quot;Content-Length: 60[\r][\n]&quot;
08-31-2019 13:00:14 Wire.java DEBUG [Forwarding findElement on session 57f77c2899285a2b963db09b270c4ab3 to remote] http.wire 73 - http-outgoing-5 &gt;&gt; &quot;Host: localhost:4619[\r][\n]&quot;
08-31-2019 13:00:14 Wire.java DEBUG [Forwarding findElement on session 57f77c2899285a2b963db09b270c4ab3 to remote] http.wire 73 - http-outgoing-5 &gt;&gt; &quot;Connection: Keep-Alive[\r][\n]&quot;
08-31-2019 13:00:14 Wire.java DEBUG [Forwarding findElement on session 57f77c2899285a2b963db09b270c4ab3 to remote] http.wire 73 - http-outgoing-5 &gt;&gt; &quot;User-Agent: Apache-HttpClient/4.5.3 (Java/1.8.0_221)[\r][\n]&quot;
08-31-2019 13:00:14 Wire.java DEBUG [Forwarding findElement on session 57f77c2899285a2b963db09b270c4ab3 to remote] http.wire 73 - http-outgoing-5 &gt;&gt; &quot;Accept-Encoding: gzip,deflate[\r][\n]&quot;
08-31-2019 13:00:14 Wire.java DEBUG [Forwarding findElement on session 57f77c2899285a2b963db09b270c4ab3 to remote] http.wire 73 - http-outgoing-5 &gt;&gt; &quot;[\r][\n]&quot;
08-31-2019 13:00:14 Wire.java DEBUG [Forwarding findElement on session 57f77c2899285a2b963db09b270c4ab3 to remote] http.wire 87 - http-outgoing-5 &gt;&gt; &quot;{&quot;value&quot;:&quot;//a[contains(text(),&apos;Contacts&apos;)]&quot;,&quot;using&quot;:&quot;xpath&quot;}&quot;
08-31-2019 13:00:14 Wire.java DEBUG [Forwarding findElement on session 57f77c2899285a2b963db09b270c4ab3 to remote] http.wire 73 - http-outgoing-5 &lt;&lt; &quot;HTTP/1.1 200 OK[\r][\n]&quot;
08-31-2019 13:00:14 Wire.java DEBUG [Forwarding findElement on session 57f77c2899285a2b963db09b270c4ab3 to remote] http.wire 73 - http-outgoing-5 &lt;&lt; &quot;Content-Length:88[\r][\n]&quot;
08-31-2019 13:00:14 Wire.java DEBUG [Forwarding findElement on session 57f77c2899285a2b963db09b270c4ab3 to remote] http.wire 73 - http-outgoing-5 &lt;&lt; &quot;Content-Type:application/json; charset=utf-8[\r][\n]&quot;
08-31-2019 13:00:14 Wire.java DEBUG [Forwarding findElement on session 57f77c2899285a2b963db09b270c4ab3 to remote] http.wire 73 - http-outgoing-5 &lt;&lt; &quot;cache-control:no-cache[\r][\n]&quot;
08-31-2019 13:00:14 Wire.java DEBUG [Forwarding findElement on session 57f77c2899285a2b963db09b270c4ab3 to remote] http.wire 73 - http-outgoing-5 &lt;&lt; &quot;[\r][\n]&quot;
08-31-2019 13:00:14 Wire.java DEBUG [Forwarding findElement on session 57f77c2899285a2b963db09b270c4ab3 to remote] http.wire 87 - http-outgoing-5 &lt;&lt; &quot;{&quot;value&quot;:{&quot;element-6066-11e4-a52e-4f735466cecf&quot;:&quot;97d6a642-4245-4584-b781-ff733eb2519c&quot;}}&quot;
08-31-2019 13:00:14 LoggingManagedHttpClientConnection.java DEBUG [Forwarding findElement on session 57f77c2899285a2b963db09b270c4ab3 to remote] http.headers 122 - http-outgoing-5 &lt;&lt; HTTP/1.1 200 OK
08-31-2019 13:00:14 LoggingManagedHttpClientConnection.java DEBUG [Forwarding findElement on session 57f77c2899285a2b963db09b270c4ab3 to remote] http.headers 125 - http-outgoing-5 &lt;&lt; Content-Length:88
08-31-2019 13:00:14 LoggingManagedHttpClientConnection.java DEBUG [Forwarding findElement on session 57f77c2899285a2b963db09b270c4ab3 to remote] http.headers 125 - http-outgoing-5 &lt;&lt; Content-Type:application/json; charset=utf-8
08-31-2019 13:00:14 LoggingManagedHttpClientConnection.java DEBUG [Forwarding findElement on session 57f77c2899285a2b963db09b270c4ab3 to remote] http.headers 125 - http-outgoing-5 &lt;&lt; cache-control:no-cache
08-31-2019 13:00:14 MainClientExec.java DEBUG [Forwarding findElement on session 57f77c2899285a2b963db09b270c4ab3 to remote] execchain.MainClientExec 285 - Connection can be kept alive indefinitely
08-31-2019 13:00:14 PoolingHttpClientConnectionManager.java DEBUG [Forwarding findElement on session 57f77c2899285a2b963db09b270c4ab3 to remote] conn.PoolingHttpClientConnectionManager 320 - Connection [id: 5][route: {}-&gt;http://localhost:4619] can be kept alive indefinitely
08-31-2019 13:00:14 PoolingHttpClientConnectionManager.java DEBUG [Forwarding findElement on session 57f77c2899285a2b963db09b270c4ab3 to remote] conn.PoolingHttpClientConnectionManager 326 - Connection released: [id: 5][route: {}-&gt;http://localhost:4619][total kept alive: 1; route allocated: 1 of 2000; total allocated: 1 of 2000]
Found Element By : By.xpath: //a[contains(text(),&apos;Contacts&apos;)]
Trying to click on: [[ChromeDriver: chrome on XP (57f77c2899285a2b963db09b270c4ab3)] -&gt; xpath: //a[contains(text(),&apos;Contacts&apos;)]]
08-31-2019 13:00:14 RequestAddCookies.java DEBUG [Forwarding clickElement on session 57f77c2899285a2b963db09b270c4ab3 to remote] protocol.RequestAddCookies 123 - CookieSpec selected: default
08-31-2019 13:00:14 RequestAuthCache.java DEBUG [Forwarding clickElement on session 57f77c2899285a2b963db09b270c4ab3 to remote] protocol.RequestAuthCache 77 - Auth cache not set in the context
08-31-2019 13:00:14 PoolingHttpClientConnectionManager.java DEBUG [Forwarding clickElement on session 57f77c2899285a2b963db09b270c4ab3 to remote] conn.PoolingHttpClientConnectionManager 255 - Connection request: [route: {}-&gt;http://localhost:4619][total kept alive: 1; route allocated: 1 of 2000; total allocated: 1 of 2000]
08-31-2019 13:00:14 PoolingHttpClientConnectionManager.java DEBUG [Forwarding clickElement on session 57f77c2899285a2b963db09b270c4ab3 to remote] conn.PoolingHttpClientConnectionManager 288 - Connection leased: [id: 5][route: {}-&gt;http://localhost:4619][total kept alive: 0; route allocated: 1 of 2000; total allocated: 1 of 2000]
08-31-2019 13:00:14 MainClientExec.java DEBUG [Forwarding clickElement on session 57f77c2899285a2b963db09b270c4ab3 to remote] execchain.MainClientExec 208 - Stale connection check
08-31-2019 13:00:14 Wire.java DEBUG [Forwarding clickElement on session 57f77c2899285a2b963db09b270c4ab3 to remote] http.wire 87 - http-outgoing-5 &lt;&lt; &quot;[read] I/O error: Read timed out&quot;
08-31-2019 13:00:14 LoggingManagedHttpClientConnection.java DEBUG [Forwarding clickElement on session 57f77c2899285a2b963db09b270c4ab3 to remote] conn.DefaultManagedHttpClientConnection 88 - http-outgoing-5: set socket timeout to 10800000
08-31-2019 13:00:14 MainClientExec.java DEBUG [Forwarding clickElement on session 57f77c2899285a2b963db09b270c4ab3 to remote] execchain.MainClientExec 256 - Executing request POST /session/57f77c2899285a2b963db09b270c4ab3/element/97d6a642-4245-4584-b781-ff733eb2519c/click HTTP/1.1
08-31-2019 13:00:14 MainClientExec.java DEBUG [Forwarding clickElement on session 57f77c2899285a2b963db09b270c4ab3 to remote] execchain.MainClientExec 261 - Target auth state: UNCHALLENGED
08-31-2019 13:00:14 MainClientExec.java DEBUG [Forwarding clickElement on session 57f77c2899285a2b963db09b270c4ab3 to remote] execchain.MainClientExec 267 - Proxy auth state: UNCHALLENGED
08-31-2019 13:00:14 LoggingManagedHttpClientConnection.java DEBUG [Forwarding clickElement on session 57f77c2899285a2b963db09b270c4ab3 to remote] http.headers 133 - http-outgoing-5 &gt;&gt; POST /session/57f77c2899285a2b963db09b270c4ab3/element/97d6a642-4245-4584-b781-ff733eb2519c/click HTTP/1.1
08-31-2019 13:00:14 LoggingManagedHttpClientConnection.java DEBUG [Forwarding clickElement on session 57f77c2899285a2b963db09b270c4ab3 to remote] http.headers 136 - http-outgoing-5 &gt;&gt; Content-Type: application/json; charset=utf-8
08-31-2019 13:00:14 LoggingManagedHttpClientConnection.java DEBUG [Forwarding clickElement on session 57f77c2899285a2b963db09b270c4ab3 to remote] http.headers 136 - http-outgoing-5 &gt;&gt; Content-Length: 45
08-31-2019 13:00:14 LoggingManagedHttpClientConnection.java DEBUG [Forwarding clickElement on session 57f77c2899285a2b963db09b270c4ab3 to remote] http.headers 136 - http-outgoing-5 &gt;&gt; Host: localhost:4619
08-31-2019 13:00:14 LoggingManagedHttpClientConnection.java DEBUG [Forwarding clickElement on session 57f77c2899285a2b963db09b270c4ab3 to remote] http.headers 136 - http-outgoing-5 &gt;&gt; Connection: Keep-Alive
08-31-2019 13:00:14 LoggingManagedHttpClientConnection.java DEBUG [Forwarding clickElement on session 57f77c2899285a2b963db09b270c4ab3 to remote] http.headers 136 - http-outgoing-5 &gt;&gt; User-Agent: Apache-HttpClient/4.5.3 (Java/1.8.0_221)
08-31-2019 13:00:14 LoggingManagedHttpClientConnection.java DEBUG [Forwarding clickElement on session 57f77c2899285a2b963db09b270c4ab3 to remote] http.headers 136 - http-outgoing-5 &gt;&gt; Accept-Encoding: gzip,deflate
08-31-2019 13:00:14 Wire.java DEBUG [Forwarding clickElement on session 57f77c2899285a2b963db09b270c4ab3 to remote] http.wire 73 - http-outgoing-5 &gt;&gt; &quot;POST /session/57f77c2899285a2b963db09b270c4ab3/element/97d6a642-4245-4584-b781-ff733eb2519c/click HTTP/1.1[\r][\n]&quot;
08-31-2019 13:00:14 Wire.java DEBUG [Forwarding clickElement on session 57f77c2899285a2b963db09b270c4ab3 to remote] http.wire 73 - http-outgoing-5 &gt;&gt; &quot;Content-Type: application/json; charset=utf-8[\r][\n]&quot;
08-31-2019 13:00:14 Wire.java DEBUG [Forwarding clickElement on session 57f77c2899285a2b963db09b270c4ab3 to remote] http.wire 73 - http-outgoing-5 &gt;&gt; &quot;Content-Length: 45[\r][\n]&quot;
08-31-2019 13:00:14 Wire.java DEBUG [Forwarding clickElement on session 57f77c2899285a2b963db09b270c4ab3 to remote] http.wire 73 - http-outgoing-5 &gt;&gt; &quot;Host: localhost:4619[\r][\n]&quot;
08-31-2019 13:00:14 Wire.java DEBUG [Forwarding clickElement on session 57f77c2899285a2b963db09b270c4ab3 to remote] http.wire 73 - http-outgoing-5 &gt;&gt; &quot;Connection: Keep-Alive[\r][\n]&quot;
08-31-2019 13:00:14 Wire.java DEBUG [Forwarding clickElement on session 57f77c2899285a2b963db09b270c4ab3 to remote] http.wire 73 - http-outgoing-5 &gt;&gt; &quot;User-Agent: Apache-HttpClient/4.5.3 (Java/1.8.0_221)[\r][\n]&quot;
08-31-2019 13:00:14 Wire.java DEBUG [Forwarding clickElement on session 57f77c2899285a2b963db09b270c4ab3 to remote] http.wire 73 - http-outgoing-5 &gt;&gt; &quot;Accept-Encoding: gzip,deflate[\r][\n]&quot;
08-31-2019 13:00:14 Wire.java DEBUG [Forwarding clickElement on session 57f77c2899285a2b963db09b270c4ab3 to remote] http.wire 73 - http-outgoing-5 &gt;&gt; &quot;[\r][\n]&quot;
08-31-2019 13:00:14 Wire.java DEBUG [Forwarding clickElement on session 57f77c2899285a2b963db09b270c4ab3 to remote] http.wire 87 - http-outgoing-5 &gt;&gt; &quot;{&quot;id&quot;:&quot;97d6a642-4245-4584-b781-ff733eb2519c&quot;}&quot;
08-31-2019 13:00:16 Wire.java DEBUG [Forwarding clickElement on session 57f77c2899285a2b963db09b270c4ab3 to remote] http.wire 73 - http-outgoing-5 &lt;&lt; &quot;HTTP/1.1 200 OK[\r][\n]&quot;
08-31-2019 13:00:16 Wire.java DEBUG [Forwarding clickElement on session 57f77c2899285a2b963db09b270c4ab3 to remote] http.wire 73 - http-outgoing-5 &lt;&lt; &quot;Content-Length:14[\r][\n]&quot;
08-31-2019 13:00:16 Wire.java DEBUG [Forwarding clickElement on session 57f77c2899285a2b963db09b270c4ab3 to remote] http.wire 73 - http-outgoing-5 &lt;&lt; &quot;Content-Type:application/json; charset=utf-8[\r][\n]&quot;
08-31-2019 13:00:16 Wire.java DEBUG [Forwarding clickElement on session 57f77c2899285a2b963db09b270c4ab3 to remote] http.wire 73 - http-outgoing-5 &lt;&lt; &quot;cache-control:no-cache[\r][\n]&quot;
08-31-2019 13:00:16 Wire.java DEBUG [Forwarding clickElement on session 57f77c2899285a2b963db09b270c4ab3 to remote] http.wire 73 - http-outgoing-5 &lt;&lt; &quot;[\r][\n]&quot;
08-31-2019 13:00:16 Wire.java DEBUG [Forwarding clickElement on session 57f77c2899285a2b963db09b270c4ab3 to remote] http.wire 87 - http-outgoing-5 &lt;&lt; &quot;{&quot;value&quot;:null}&quot;
08-31-2019 13:00:16 LoggingManagedHttpClientConnection.java DEBUG [Forwarding clickElement on session 57f77c2899285a2b963db09b270c4ab3 to remote] http.headers 122 - http-outgoing-5 &lt;&lt; HTTP/1.1 200 OK
08-31-2019 13:00:16 LoggingManagedHttpClientConnection.java DEBUG [Forwarding clickElement on session 57f77c2899285a2b963db09b270c4ab3 to remote] http.headers 125 - http-outgoing-5 &lt;&lt; Content-Length:14
08-31-2019 13:00:16 LoggingManagedHttpClientConnection.java DEBUG [Forwarding clickElement on session 57f77c2899285a2b963db09b270c4ab3 to remote] http.headers 125 - http-outgoing-5 &lt;&lt; Content-Type:application/json; charset=utf-8
08-31-2019 13:00:16 LoggingManagedHttpClientConnection.java DEBUG [Forwarding clickElement on session 57f77c2899285a2b963db09b270c4ab3 to remote] http.headers 125 - http-outgoing-5 &lt;&lt; cache-control:no-cache
08-31-2019 13:00:16 MainClientExec.java DEBUG [Forwarding clickElement on session 57f77c2899285a2b963db09b270c4ab3 to remote] execchain.MainClientExec 285 - Connection can be kept alive indefinitely
08-31-2019 13:00:16 PoolingHttpClientConnectionManager.java DEBUG [Forwarding clickElement on session 57f77c2899285a2b963db09b270c4ab3 to remote] conn.PoolingHttpClientConnectionManager 320 - Connection [id: 5][route: {}-&gt;http://localhost:4619] can be kept alive indefinitely
08-31-2019 13:00:16 PoolingHttpClientConnectionManager.java DEBUG [Forwarding clickElement on session 57f77c2899285a2b963db09b270c4ab3 to remote] conn.PoolingHttpClientConnectionManager 326 - Connection released: [id: 5][route: {}-&gt;http://localhost:4619][total kept alive: 1; route allocated: 1 of 2000; total allocated: 1 of 2000]
Clicked on: [[ChromeDriver: chrome on XP (57f77c2899285a2b963db09b270c4ab3)] -&gt; xpath: //a[contains(text(),&apos;Contacts&apos;)]]
Trying to find Element By : By.xpath: //a[contains(text(),&apos;Contacts&apos;)]
08-31-2019 13:00:16 RequestAddCookies.java DEBUG [Forwarding findElement on session 57f77c2899285a2b963db09b270c4ab3 to remote] protocol.RequestAddCookies 123 - CookieSpec selected: default
08-31-2019 13:00:16 RequestAuthCache.java DEBUG [Forwarding findElement on session 57f77c2899285a2b963db09b270c4ab3 to remote] protocol.RequestAuthCache 77 - Auth cache not set in the context
08-31-2019 13:00:16 PoolingHttpClientConnectionManager.java DEBUG [Forwarding findElement on session 57f77c2899285a2b963db09b270c4ab3 to remote] conn.PoolingHttpClientConnectionManager 255 - Connection request: [route: {}-&gt;http://localhost:4619][total kept alive: 1; route allocated: 1 of 2000; total allocated: 1 of 2000]
08-31-2019 13:00:16 PoolingHttpClientConnectionManager.java DEBUG [Forwarding findElement on session 57f77c2899285a2b963db09b270c4ab3 to remote] conn.PoolingHttpClientConnectionManager 288 - Connection leased: [id: 5][route: {}-&gt;http://localhost:4619][total kept alive: 0; route allocated: 1 of 2000; total allocated: 1 of 2000]
08-31-2019 13:00:16 MainClientExec.java DEBUG [Forwarding findElement on session 57f77c2899285a2b963db09b270c4ab3 to remote] execchain.MainClientExec 208 - Stale connection check
08-31-2019 13:00:16 Wire.java DEBUG [Forwarding findElement on session 57f77c2899285a2b963db09b270c4ab3 to remote] http.wire 87 - http-outgoing-5 &lt;&lt; &quot;[read] I/O error: Read timed out&quot;
08-31-2019 13:00:16 LoggingManagedHttpClientConnection.java DEBUG [Forwarding findElement on session 57f77c2899285a2b963db09b270c4ab3 to remote] conn.DefaultManagedHttpClientConnection 88 - http-outgoing-5: set socket timeout to 10800000
08-31-2019 13:00:16 MainClientExec.java DEBUG [Forwarding findElement on session 57f77c2899285a2b963db09b270c4ab3 to remote] execchain.MainClientExec 256 - Executing request POST /session/57f77c2899285a2b963db09b270c4ab3/element HTTP/1.1
08-31-2019 13:00:16 MainClientExec.java DEBUG [Forwarding findElement on session 57f77c2899285a2b963db09b270c4ab3 to remote] execchain.MainClientExec 261 - Target auth state: UNCHALLENGED
08-31-2019 13:00:16 MainClientExec.java DEBUG [Forwarding findElement on session 57f77c2899285a2b963db09b270c4ab3 to remote] execchain.MainClientExec 267 - Proxy auth state: UNCHALLENGED
08-31-2019 13:00:16 LoggingManagedHttpClientConnection.java DEBUG [Forwarding findElement on session 57f77c2899285a2b963db09b270c4ab3 to remote] http.headers 133 - http-outgoing-5 &gt;&gt; POST /session/57f77c2899285a2b963db09b270c4ab3/element HTTP/1.1
08-31-2019 13:00:16 LoggingManagedHttpClientConnection.java DEBUG [Forwarding findElement on session 57f77c2899285a2b963db09b270c4ab3 to remote] http.headers 136 - http-outgoing-5 &gt;&gt; Content-Type: application/json; charset=utf-8
08-31-2019 13:00:16 LoggingManagedHttpClientConnection.java DEBUG [Forwarding findElement on session 57f77c2899285a2b963db09b270c4ab3 to remote] http.headers 136 - http-outgoing-5 &gt;&gt; Content-Length: 60
08-31-2019 13:00:16 LoggingManagedHttpClientConnection.java DEBUG [Forwarding findElement on session 57f77c2899285a2b963db09b270c4ab3 to remote] http.headers 136 - http-outgoing-5 &gt;&gt; Host: localhost:4619
08-31-2019 13:00:16 LoggingManagedHttpClientConnection.java DEBUG [Forwarding findElement on session 57f77c2899285a2b963db09b270c4ab3 to remote] http.headers 136 - http-outgoing-5 &gt;&gt; Connection: Keep-Alive
08-31-2019 13:00:16 LoggingManagedHttpClientConnection.java DEBUG [Forwarding findElement on session 57f77c2899285a2b963db09b270c4ab3 to remote] http.headers 136 - http-outgoing-5 &gt;&gt; User-Agent: Apache-HttpClient/4.5.3 (Java/1.8.0_221)
08-31-2019 13:00:16 LoggingManagedHttpClientConnection.java DEBUG [Forwarding findElement on session 57f77c2899285a2b963db09b270c4ab3 to remote] http.headers 136 - http-outgoing-5 &gt;&gt; Accept-Encoding: gzip,deflate
08-31-2019 13:00:16 Wire.java DEBUG [Forwarding findElement on session 57f77c2899285a2b963db09b270c4ab3 to remote] http.wire 73 - http-outgoing-5 &gt;&gt; &quot;POST /session/57f77c2899285a2b963db09b270c4ab3/element HTTP/1.1[\r][\n]&quot;
08-31-2019 13:00:16 Wire.java DEBUG [Forwarding findElement on session 57f77c2899285a2b963db09b270c4ab3 to remote] http.wire 73 - http-outgoing-5 &gt;&gt; &quot;Content-Type: application/json; charset=utf-8[\r][\n]&quot;
08-31-2019 13:00:16 Wire.java DEBUG [Forwarding findElement on session 57f77c2899285a2b963db09b270c4ab3 to remote] http.wire 73 - http-outgoing-5 &gt;&gt; &quot;Content-Length: 60[\r][\n]&quot;
08-31-2019 13:00:16 Wire.java DEBUG [Forwarding findElement on session 57f77c2899285a2b963db09b270c4ab3 to remote] http.wire 73 - http-outgoing-5 &gt;&gt; &quot;Host: localhost:4619[\r][\n]&quot;
08-31-2019 13:00:16 Wire.java DEBUG [Forwarding findElement on session 57f77c2899285a2b963db09b270c4ab3 to remote] http.wire 73 - http-outgoing-5 &gt;&gt; &quot;Connection: Keep-Alive[\r][\n]&quot;
08-31-2019 13:00:16 Wire.java DEBUG [Forwarding findElement on session 57f77c2899285a2b963db09b270c4ab3 to remote] http.wire 73 - http-outgoing-5 &gt;&gt; &quot;User-Agent: Apache-HttpClient/4.5.3 (Java/1.8.0_221)[\r][\n]&quot;
08-31-2019 13:00:16 Wire.java DEBUG [Forwarding findElement on session 57f77c2899285a2b963db09b270c4ab3 to remote] http.wire 73 - http-outgoing-5 &gt;&gt; &quot;Accept-Encoding: gzip,deflate[\r][\n]&quot;
08-31-2019 13:00:16 Wire.java DEBUG [Forwarding findElement on session 57f77c2899285a2b963db09b270c4ab3 to remote] http.wire 73 - http-outgoing-5 &gt;&gt; &quot;[\r][\n]&quot;
08-31-2019 13:00:16 Wire.java DEBUG [Forwarding findElement on session 57f77c2899285a2b963db09b270c4ab3 to remote] http.wire 87 - http-outgoing-5 &gt;&gt; &quot;{&quot;value&quot;:&quot;//a[contains(text(),&apos;Contacts&apos;)]&quot;,&quot;using&quot;:&quot;xpath&quot;}&quot;
08-31-2019 13:00:16 Wire.java DEBUG [Forwarding findElement on session 57f77c2899285a2b963db09b270c4ab3 to remote] http.wire 73 - http-outgoing-5 &lt;&lt; &quot;HTTP/1.1 200 OK[\r][\n]&quot;
08-31-2019 13:00:16 Wire.java DEBUG [Forwarding findElement on session 57f77c2899285a2b963db09b270c4ab3 to remote] http.wire 73 - http-outgoing-5 &lt;&lt; &quot;Content-Length:88[\r][\n]&quot;
08-31-2019 13:00:16 Wire.java DEBUG [Forwarding findElement on session 57f77c2899285a2b963db09b270c4ab3 to remote] http.wire 73 - http-outgoing-5 &lt;&lt; &quot;Content-Type:application/json; charset=utf-8[\r][\n]&quot;
08-31-2019 13:00:16 Wire.java DEBUG [Forwarding findElement on session 57f77c2899285a2b963db09b270c4ab3 to remote] http.wire 73 - http-outgoing-5 &lt;&lt; &quot;cache-control:no-cache[\r][\n]&quot;
08-31-2019 13:00:16 Wire.java DEBUG [Forwarding findElement on session 57f77c2899285a2b963db09b270c4ab3 to remote] http.wire 73 - http-outgoing-5 &lt;&lt; &quot;[\r][\n]&quot;
08-31-2019 13:00:16 Wire.java DEBUG [Forwarding findElement on session 57f77c2899285a2b963db09b270c4ab3 to remote] http.wire 87 - http-outgoing-5 &lt;&lt; &quot;{&quot;value&quot;:{&quot;element-6066-11e4-a52e-4f735466cecf&quot;:&quot;7e93e278-b32a-4ee5-bf30-58b9c76d8002&quot;}}&quot;
08-31-2019 13:00:16 LoggingManagedHttpClientConnection.java DEBUG [Forwarding findElement on session 57f77c2899285a2b963db09b270c4ab3 to remote] http.headers 122 - http-outgoing-5 &lt;&lt; HTTP/1.1 200 OK
08-31-2019 13:00:16 LoggingManagedHttpClientConnection.java DEBUG [Forwarding findElement on session 57f77c2899285a2b963db09b270c4ab3 to remote] http.headers 125 - http-outgoing-5 &lt;&lt; Content-Length:88
08-31-2019 13:00:16 LoggingManagedHttpClientConnection.java DEBUG [Forwarding findElement on session 57f77c2899285a2b963db09b270c4ab3 to remote] http.headers 125 - http-outgoing-5 &lt;&lt; Content-Type:application/json; charset=utf-8
08-31-2019 13:00:16 LoggingManagedHttpClientConnection.java DEBUG [Forwarding findElement on session 57f77c2899285a2b963db09b270c4ab3 to remote] http.headers 125 - http-outgoing-5 &lt;&lt; cache-control:no-cache
08-31-2019 13:00:16 MainClientExec.java DEBUG [Forwarding findElement on session 57f77c2899285a2b963db09b270c4ab3 to remote] execchain.MainClientExec 285 - Connection can be kept alive indefinitely
08-31-2019 13:00:16 PoolingHttpClientConnectionManager.java DEBUG [Forwarding findElement on session 57f77c2899285a2b963db09b270c4ab3 to remote] conn.PoolingHttpClientConnectionManager 320 - Connection [id: 5][route: {}-&gt;http://localhost:4619] can be kept alive indefinitely
08-31-2019 13:00:16 PoolingHttpClientConnectionManager.java DEBUG [Forwarding findElement on session 57f77c2899285a2b963db09b270c4ab3 to remote] conn.PoolingHttpClientConnectionManager 326 - Connection released: [id: 5][route: {}-&gt;http://localhost:4619][total kept alive: 1; route allocated: 1 of 2000; total allocated: 1 of 2000]
Found Element By : By.xpath: //a[contains(text(),&apos;Contacts&apos;)]
08-31-2019 13:00:16 RequestAddCookies.java DEBUG [Forwarding screenshot on session 57f77c2899285a2b963db09b270c4ab3 to remote] protocol.RequestAddCookies 123 - CookieSpec selected: default
08-31-2019 13:00:16 RequestAuthCache.java DEBUG [Forwarding screenshot on session 57f77c2899285a2b963db09b270c4ab3 to remote] protocol.RequestAuthCache 77 - Auth cache not set in the context
08-31-2019 13:00:16 PoolingHttpClientConnectionManager.java DEBUG [Forwarding screenshot on session 57f77c2899285a2b963db09b270c4ab3 to remote] conn.PoolingHttpClientConnectionManager 255 - Connection request: [route: {}-&gt;http://localhost:4619][total kept alive: 1; route allocated: 1 of 2000; total allocated: 1 of 2000]
08-31-2019 13:00:16 PoolingHttpClientConnectionManager.java DEBUG [Forwarding screenshot on session 57f77c2899285a2b963db09b270c4ab3 to remote] conn.PoolingHttpClientConnectionManager 288 - Connection leased: [id: 5][route: {}-&gt;http://localhost:4619][total kept alive: 0; route allocated: 1 of 2000; total allocated: 1 of 2000]
08-31-2019 13:00:16 MainClientExec.java DEBUG [Forwarding screenshot on session 57f77c2899285a2b963db09b270c4ab3 to remote] execchain.MainClientExec 208 - Stale connection check
08-31-2019 13:00:16 Wire.java DEBUG [Forwarding screenshot on session 57f77c2899285a2b963db09b270c4ab3 to remote] http.wire 87 - http-outgoing-5 &lt;&lt; &quot;[read] I/O error: Read timed out&quot;
08-31-2019 13:00:16 LoggingManagedHttpClientConnection.java DEBUG [Forwarding screenshot on session 57f77c2899285a2b963db09b270c4ab3 to remote] conn.DefaultManagedHttpClientConnection 88 - http-outgoing-5: set socket timeout to 10800000
08-31-2019 13:00:16 MainClientExec.java DEBUG [Forwarding screenshot on session 57f77c2899285a2b963db09b270c4ab3 to remote] execchain.MainClientExec 256 - Executing request GET /session/57f77c2899285a2b963db09b270c4ab3/screenshot HTTP/1.1
08-31-2019 13:00:16 MainClientExec.java DEBUG [Forwarding screenshot on session 57f77c2899285a2b963db09b270c4ab3 to remote] execchain.MainClientExec 261 - Target auth state: UNCHALLENGED
08-31-2019 13:00:16 MainClientExec.java DEBUG [Forwarding screenshot on session 57f77c2899285a2b963db09b270c4ab3 to remote] execchain.MainClientExec 267 - Proxy auth state: UNCHALLENGED
08-31-2019 13:00:16 LoggingManagedHttpClientConnection.java DEBUG [Forwarding screenshot on session 57f77c2899285a2b963db09b270c4ab3 to remote] http.headers 133 - http-outgoing-5 &gt;&gt; GET /session/57f77c2899285a2b963db09b270c4ab3/screenshot HTTP/1.1
08-31-2019 13:00:16 LoggingManagedHttpClientConnection.java DEBUG [Forwarding screenshot on session 57f77c2899285a2b963db09b270c4ab3 to remote] http.headers 136 - http-outgoing-5 &gt;&gt; Cache-Control: no-cache
08-31-2019 13:00:16 LoggingManagedHttpClientConnection.java DEBUG [Forwarding screenshot on session 57f77c2899285a2b963db09b270c4ab3 to remote] http.headers 136 - http-outgoing-5 &gt;&gt; Host: localhost:4619
08-31-2019 13:00:16 LoggingManagedHttpClientConnection.java DEBUG [Forwarding screenshot on session 57f77c2899285a2b963db09b270c4ab3 to remote] http.headers 136 - http-outgoing-5 &gt;&gt; Connection: Keep-Alive
08-31-2019 13:00:16 LoggingManagedHttpClientConnection.java DEBUG [Forwarding screenshot on session 57f77c2899285a2b963db09b270c4ab3 to remote] http.headers 136 - http-outgoing-5 &gt;&gt; User-Agent: Apache-HttpClient/4.5.3 (Java/1.8.0_221)
08-31-2019 13:00:16 LoggingManagedHttpClientConnection.java DEBUG [Forwarding screenshot on session 57f77c2899285a2b963db09b270c4ab3 to remote] http.headers 136 - http-outgoing-5 &gt;&gt; Accept-Encoding: gzip,deflate
08-31-2019 13:00:16 Wire.java DEBUG [Forwarding screenshot on session 57f77c2899285a2b963db09b270c4ab3 to remote] http.wire 73 - http-outgoing-5 &gt;&gt; &quot;GET /session/57f77c2899285a2b963db09b270c4ab3/screenshot HTTP/1.1[\r][\n]&quot;
08-31-2019 13:00:16 Wire.java DEBUG [Forwarding screenshot on session 57f77c2899285a2b963db09b270c4ab3 to remote] http.wire 73 - http-outgoing-5 &gt;&gt; &quot;Cache-Control: no-cache[\r][\n]&quot;
08-31-2019 13:00:16 Wire.java DEBUG [Forwarding screenshot on session 57f77c2899285a2b963db09b270c4ab3 to remote] http.wire 73 - http-outgoing-5 &gt;&gt; &quot;Host: localhost:4619[\r][\n]&quot;
08-31-2019 13:00:16 Wire.java DEBUG [Forwarding screenshot on session 57f77c2899285a2b963db09b270c4ab3 to remote] http.wire 73 - http-outgoing-5 &gt;&gt; &quot;Connection: Keep-Alive[\r][\n]&quot;
08-31-2019 13:00:16 Wire.java DEBUG [Forwarding screenshot on session 57f77c2899285a2b963db09b270c4ab3 to remote] http.wire 73 - http-outgoing-5 &gt;&gt; &quot;User-Agent: Apache-HttpClient/4.5.3 (Java/1.8.0_221)[\r][\n]&quot;
08-31-2019 13:00:16 Wire.java DEBUG [Forwarding screenshot on session 57f77c2899285a2b963db09b270c4ab3 to remote] http.wire 73 - http-outgoing-5 &gt;&gt; &quot;Accept-Encoding: gzip,deflate[\r][\n]&quot;
08-31-2019 13:00:16 Wire.java DEBUG [Forwarding screenshot on session 57f77c2899285a2b963db09b270c4ab3 to remote] http.wire 73 - http-outgoing-5 &gt;&gt; &quot;[\r][\n]&quot;
08-31-2019 13:00:17 Wire.java DEBUG [Forwarding screenshot on session 57f77c2899285a2b963db09b270c4ab3 to remote] http.wire 73 - http-outgoing-5 &lt;&lt; &quot;HTTP/1.1 200 OK[\r][\n]&quot;
08-31-2019 13:00:17 Wire.java DEBUG [Forwarding screenshot on session 57f77c2899285a2b963db09b270c4ab3 to remote] http.wire 73 - http-outgoing-5 &lt;&lt; &quot;Content-Length:442800[\r][\n]&quot;
08-31-2019 13:00:17 Wire.java DEBUG [Forwarding screenshot on session 57f77c2899285a2b963db09b270c4ab3 to remote] http.wire 73 - http-outgoing-5 &lt;&lt; &quot;Content-Type:application/json; charset=utf-8[\r][\n]&quot;
08-31-2019 13:00:17 Wire.java DEBUG [Forwarding screenshot on session 57f77c2899285a2b963db09b270c4ab3 to remote] http.wire 73 - http-outgoing-5 &lt;&lt; &quot;cache-control:no-cache[\r][\n]&quot;
08-31-2019 13:00:17 Wire.java DEBUG [Forwarding screenshot on session 57f77c2899285a2b963db09b270c4ab3 to remote] http.wire 73 - http-outgoing-5 &lt;&lt; &quot;[\r][\n]&quot;
08-31-2019 13:00:17 Wire.java DEBUG [Forwarding screenshot on session 57f77c2899285a2b963db09b270c4ab3 to remote] http.wire 87 - http-outgoing-5 &lt;&lt; &quot;{&quot;value&quot;:&quot;iVBORw0KGgoAAAANSUhEUgAACrAAAAXsCAYAAABkbFvxAAAAAXNSR0IArs4c6QAAIABJREFUeJzs3Xd0HNl9J/pv5wQ0EhGJQIAkAAaQYM5hOAxDzgw1gTMjjYItS37Wk2U9v7Xe0a693qOzR17bu2tZx/JKHiXLHms0gZpMTmDOAUwgcs45d6Nzd9X7o9GFanQ3QgMEOJzv55w5B119b9WtW9Wcg8a3flfx5ptvivn5+ZArLi6Gy9IFIiIiIiIiIiIiIiIiIiIiIiIiIiJ6dDhF40IPAQCgXOgBEBERERERERERERERERERERERERHR5wsDrERERERERERERERERERERERERERENK8YYCUiIiIiIiIiIiIiIiIiIiIiIiIionnFACsREREREREREREREREREREREREREc0r9UIPgIiIiIiIiIiIiIiIiIiIiIiIiB68iup6fPjxOQiCAAAwx8bgyy8eRXxc7AKPLJggCGhqacfd+1Xo7OqB3eGEKIpQKBQwmYzIy8nE9i3rkRBvjriPE5+cx/2KGgDApvVF2L93+5yMzTpqw6275ahraMGIxQKv1weFQgGj0YCVBUuxfct6GA36kH7tnT04e+Ea+voH4fZ4pD5rVhVg++Z10Go1sz4XQRBwp7QSN2/fh8U6ClEUodVokJWZhp1bNyIjPWVO5kCuoakN7504DZfbDQDIW5KFl547MqN9RDM3s5nPydTWN+HdE2fg8/mQkpyEl194Gga9LqiN0+lCeVUdyqtqMTg0ApfLf+5qtQpxZjPWFhViXdGKGY+ho6sHb759Es6x/em0Wrz47GFkLk4LaVtaVo2Tpy5Ir8ON1e324LXjH6Cru0/aduTAHqwtKpzRuB4kBliJiIiIiIiIiIiIiIiIiIiIiIg+B2rqmqTwKuAPY9bWN2HzhjULOKpQI5ZRnPjkPGx2R9B2URQxOmrD/Yoa1DW04IVnn8Di9NSgNm6PB6Vl1aipa3ogY7txqxQld8pCxmWz2VFypwyNzW144ZnDQeHaO6UVOHPhGrxeX0ifazfvorm1HS8+cxhGoyHqc7HbHXjnw1Nobe8K2UdDUxta27tw8LEdWLN67sKLff2D+Oj0BSm8Go1o5iba+ZyMIAjo6OzBhSsl8Pl8k7atqWvCqXNXQrZ7vT4MDA7h7IVrqKtvxovPHp5RiLW+sUUKrwKAy+1GWWVt2ADrRP0DQ6hvbEHRynxpW2t7J/r6h6Z9/IXAACsREREREREREREREREREREREdEjbnBoBO2d3UHbRFFEbUMzNhSvgkqlWqCRRRYTY8LOretRtLIASqUC5VV1OH3uKlxuNxxOJ6pqGoICrG+8fRKNzW0PfFxKpRLr167Eji3rodfrgsY1MDiM2/fKpSqpIxYrrpeUSpVa169diX27t6GjqwfvnTgNm92B7p5+3L5XgV3bN0Z9LheulEjh1dhYE5576iAWJSXgvZNnUN/YAo/Hi8vX7yAnezHizLOvuOv1+vDpuSuwWm1R7yOauYl2PiczsZrpdCgUCixOT8Fju7chMyMVTqcLZy9ex/2KGoiiiO7ePnR09SA3J3Na+3M4XahvbA3Z3treCZvNDpPJOGl/QRBQXlmLlQVLoVKp4PP5cPd+Fbxe74zOa74xwEpERERERERERERERERERERERPSIq29sgX2soqlarYIgiBAEAb29A+jq7gup8igPUMqXrR8atuDV19+Fze6ARqPG80cPSSG9wBL2N26Vwjpqg0KhQGJCHLQaDTq7ewFMf4n57KwM7N+zHTEx48G95UuXoOROGXr7BmY/IVHSajU4vH9XUCXTNasKUFldj6aWdgDAwOCw9F5TSzss1lEAgNFowMZ1RVCrVcjJysDS3Gwp8NjY0oYtm9ZCq5nZsvMAYLGOSscGgKKV+chITwEA7NmxCR2dPXA4nVK74qIVUZ273PnLN9DW3oXYWBO0Gi0GBiNX+pTfS/LrH83cRNNHfs8CwJEDe7C2KPpKtCqVEls2rsWeHZugVCoBAHq9DisKlqKyph4ez8xDox2d3RgcGgEQ/PkcHrGisaU9qLJqxH109aC1vQu5OZno6u5D24RqvA8jBliJiIiIiIiIiIiIiIiIiIiIiIgeYT6fD7UNzRBFEQCwdvUKNLW0YXBoBC63Gw3NrdNapnwqZy9ex6275dJxRFFE/8DMlzBPiDfjmSf3B20TBAF1Dc0YGbECAHRaLZbl5QS1CQQjHU4XXnvrgwcSdN29fdOM2vf2DUjzYTIaYDDopfcyM9Jwv6IGADAyYoXN5oA23h9gncm5+HxCUKXNeLNZ+jk2NgaxsSY4nE6Iojgnc3L7XgVu36uAVqPB4f17cOtu2aQB1kiimZto53Mya4sKpUDr6fNXUXKnbNL2q8OESZ1OF6pqGuD1+gAASYkJSEtNnvLYATV1TdI1zFuSBYfThbb2rrH7vmXSAKtep4XPJ8Dj8eLu/Srk5mSirLIWLrc7KAz7MGKAlYiIiIiIiIiIiIiIiIiIiIiI6BHW1d2H3l5/cFGv02LVimXw+XxSxceaumZsWlcEo9EQ9THqG1tw934VRFGEQqFAYX4ennh8F7RaDT45cxn3yqqi2u/E5d0VCgWSEhNw5OAeZGakRj3euTQwOBQU1E1KjJd+Hhq2SD+bjAYY9DrptVqjhlKphCAI8Hi9sFhHkRA/Hj6NltPliviefDzR6OsfxNWbdyGKIoqLCrE0Nwu37k4e+JzOWKY7Nwsxn5ORV5cFAKVSiYLluTj0+K6gsU1meMSK5tYOqX9h/lLYbHa0d3RDFEW0tXeit28AKclJYfvHxsYgxmREU0s72to7UV3biIamVgDAivylaGxuk6rPPmwYYCUiIiIiIiIiIvqMEQYHYfnBX0Ho7wcAKBctgvkHfwNlYuICj4yIiIiIiIiIiB5G1XWNcLndAIDk5CSkpSyCY6kT5VV18Hq9GLFY0dndG1LRdCYam9ukCpKxMSbs3bkF+rEAn0YzdzE1URQxNDyCW3fLsCgxXjrGQvF6fTh36SasozYAgMGgD1uhE/CHb+WMBj1UKn/gUhSjr5JpMhkQFxcrhRRv3ilDWsoi5GQvhsvlhs83vt/AkvfRsNsd+ODjcxgdtWH50iXYvWPztPoFqslOJpq5mW6fhHgzvvutr01rrLMlCAKaWztQUVWHTeuLptWnubVdun/i42KxJCsDNrsDBr0OdocTDqcLza0dEQOsCoUCq1csR1tHN+wOJ06du4JRmx1Ggx4Fy3ODArYPGwZYiYiIiIiIiIho3njr62D9ux9CtNsBRA5eMqBJREREREREREQ0N+x2Bxqb26XXy/NyoFKpkJGWgjhzLAYGh+D1elFWWTurAKu8MmZSYjzi42JnNe4A+fLu7Z09ePfEKVitNlTVNAAAnnly/5wcJ1rnL99AfWMLAH84dNe2jUhLWRS2rSiKQa/tDqcULlUoFFGHS7UaDXZu3Yj3TpyGy+3G6KgNrx3/MGzbaCuS+nw+fHT6Inp6+5GUEI9Dj++EWq2Kal/hRDM3D2o+ZyIQzvV6fbhdWoHzl27A6XTh7MXrMBr0WLVi+aT9fT4fqmoapHPJzEiDyWSEXq9DSnISmls7IIoiqmobULxmBbQaTdj9ZGWmI3lRArq6+zBqs49ty0BSYsIcnu3cY4CVZu30+asoueMvA523JGtaifnPGnmp55TkJLz8wtMw6HVoamnH79//BB6PFyajAV/94jMPvOw0ERERERERERHRo2b0J/8I97Wr0uuYP/8LaDdvXcARERERERERET062ju7MTwyHi49e/E6zl68HtKus6sXwyPWOQmeTqyMOVcyM1JRuDxPyioNDA7D4XRNe6n2uSQIAs5cuIbb9yogiiIUCgU2FK/ChuJVQe2SEuOl3JHN7ggar9fjlaqEatRqmGNjoh7P0twsPPPUfpy7dAP9A0MQBAFGgx75y/wVOC3WUSiVSqSnpUS1f4vVho7OHgDAwNAw/vnn/xG2XWNzG/72R69g0/oi7N+7fdJ9RjM38zWfM6VWq7BmVQHKK2vR2zcAQRDQ1dM3ZYB1YHAYPb0D0uv7FTW4X1ET2m5gGL29A8hcnBZ2P1qtFisLlqG7px+iKEKtVmPNqvwH9lmcK3MaYJWH+TQaNZ4/egi5OZnS+0PDFrz6+rtSqeLp3KQPs9Kyapw8dQEAQsKLXq8P7544jbqGZgCATqvFF57cj6W5WQs2Xors8xDCJSIiIiIiIiIiIiIiIiIiIqLPn/Kqevh8vinbWUdtaG5tR3HRipD3XC73lP1jTMagfTmcThj0+pkNdsy5SzcAAHt2bAqpojmdsTxobrcHH52+KFXOVCqV2L19I7ZtXhfSdlFSAhQKBURRhNVqg9U6KgUu2zu7pXZxcbEwmQyzGlfekizkLQnOp92+VyEFIhPi45CbvXhWx5hL0czNfM5nOA6nC++fPINN64tC5lrw+eD1eme0v6raBjiczinbudxuVNc1RgywAkD+slyU3CmDxTqK5EUJyM7MkLKac+39998HABw9enRW+2EF1gdkYmnoPTs3M7z6GcZAKxERERERParkD2dGwhUnPvvk11m+sggRERERERERERE92oZHrOjq7gXgr4q6b/dWbN6wRnrf4XThtbc+QG/fgH+Z8poGFK3Mh0qlCgqktnd2Y2jYgtgYE1rbO+H2eEKOlZ2VgfKqOgiCgIHBYdwprcS2TcWw2R3o6RsIaT8Zn8+HW3fL0dzagX27tiArMx2CIKKyug41dU1Su4y0lFl911lb34R3T5yBz+eD0aDHl449hZTkpEn7jI7a8e6J02jr6AIAGI0GHNq3E4X5eWHb5+ZkwhwbgxGLFQ6nEyV3ynDgsR3o6ulDQ1MrAP+1ycvJirg8fDTsdgfu3K/E9ZJ7EAQBSqUSG4pXwWgcD3XO5PwT4s347re+FvY9+erW4YoHRno/mrmJps/EwptHDuzB2qLCmU/qmFGbHb9//xMULM/D7u2bEB8XC7vdgQtXSjA07K92rFarsWSKsLDb7UFTS7v0urhoBQ4f2B3U5s13TqKhyT93jc3tsNsdQddQLj4uFn/6x18O2vYgAqyB8Grg59mEWBlgfQBu36uYsjQ0ERERERERERFFz33zOkZ//A/Sa8Nzx6DKWAzniQ/gbW8DPB4ojCZot++A8YtfhsJoDNmHaLfD+clJuM6cgjA4CCiVUKWnQ7f3cbiuXIKv2f9FuHLRIph/8DdQJiYCCF7qXGE0IvY//1cotFrYf/vv8FRXQRkXJ7X3NTfBee4MvNVVEAYGINpt/oMrFFCazVDnF0D/5NNQLy8AwizlJLpccJ36BM5PP4Yw0A8AUKWmQbtjJxDmjwRhz/HUx3BfvgRfb4+/j1IJ5aJk6Pbshf7QkbBzE7ojEbZfvgLXuTPSJuPXvg79E8FfRLsunoftlZ8CoggA0D32OEzf/BPp3CYbj3bTZugPPyXNs3RohwPWv/8f8NZWAwi9HsDky8+H3CvHXoL+iSNwHH8DrsuXII5ap71cvae8DO7LF+GtrYEwNAjR5fK/oVRCmZgIzarV0D95FKrMCA+ye71w37kF16lP4G1qku4HhdEEdW4udHsfh2bjJih0uln1iWaevfV1sP7dDyHa7QAA7bbtiPmz/1d6XxgchOUHfwWhvz/sdQg3z7q9++B8/x24rl6BOGqFQqeDZk0xjF/9AygXJYc9boB8X+r8QsR+/y+hMMx9xQwiIiIiIiKiR11tfROso/7vEwx6XUigzqDXYVleNnrHAqbdPX3o7u3H4vRUrCxchqraBng8XgwOjeBffv07AP5ifuLY9z9yBctyUVpWjbaOLgiCgItXSnDxSknUYxdFEd09fXjt+Idh309PS8aeHZuCtsmDknIld8qk1Znl4cXW9i6pOm1O9uIpw6sulxvH3/8YXd190ja73YF3PjwV0jZwnDhzLLZuWoszF67B6/WFXSI+LXVRSL5spucyMaQpp1arsGvbxpBjzPT851o0cxPtfE4mUrGP3r4B/PinvwEQGsz1en2oqKpDRVVdSD+FQoENa1diWV7OpMdtbe9EX/8QAH/gdfnS0PYrCpahqaUDgiBgaHgETa0dWFW4bNrnNtfk4VX5tmhDrA9VgLWhqRVXrt9BX/+glNLXajRISorHxnVFWL1iudS2s6sXl6/fQlt7N9weDxQKBWJjTNhQvAob1xVBrVYBCP5gajRqHD38ODq7e3H3fiV8Ph+eP3oIuTmZQUvIz6YSSXNrBy5cvglBEAAAy/JysHfnlqA29ytqcOtuOUYsVrhcbinoatDrkJebjcf3bIPRMF4+W/6P0cZ1q5GdmY4Ll0swODyCjetWY//e7bPeZ2ZGGs5dugGLdRQKhQI5WRl46tBjiIkJ/gNGTV0jLly5hcGhYQBAYkI8dNrJk/+B69rT1w+v1weFQoHEhHhs21yMopX5UbeXX7OszHRkZqShtKwKdocTSqUSWYvTcOTgHsTHRa4QJH+KJKCxuQ1/+6NXAIz/wyM/VrinBAIGh0Zw5vxVNLW2w+cTYI6NwWO7tmBFwdJJ54iIiIiIiOhhwEqr9FnmeO8dYMIyaKLdBtfpT+GtqkDs//dfoExJld4Tentg/dsfwtczvqQUBAG+jg7Yf/vv0z+wKML54ftw370dNlDqvnMbrlOfhO0njIzAXXIT7lslMBx7EYZnng8KsQr9/bD+6H9KQdoAX3cXHL9/a8qhee7fg+2n/wzBMhL8hiBA6O2B46034Dp/DrHf+z5UWdmT70yhgHbDRrgunpfm2XO7BLrHHh8PTvp88Ny+JYVXFToddLv2SOc01XicJz6A6/SnMH3zT6DdvjNsoHcueBvqMPL9/wRhYGZVPwDAde50UFBWIggQ+vvhunAerqtXEPMn3/afg4yvrRWjP/7f8HV1hXQX7TZ4KsrhqSgPCtNG0+dhmWfPnVtwnvwgKJgqulxwl9yAr70Vsf/lv0G5aNEDOTYRERERERER+fl8PjQ0tUph0/S05LABxaVLsnH7bgVcbjecLjfqG1uwOD0VuTmZOLhvJy5cKcHoqA1qtQrLly7B5vVrcPy9j0OCklqtBse+cAinz19FbX0zXG631EetUqGssnbaY9+ycS0MBj0qquphtY5KWTKlUomEeDM2FK/GujUroFQqZzU/3b3+h3V1Wi02Fq+eso8givD5hBkfa/3aVUhJXoSzF64FZaKMRgPWrCrA9s3roJ0igzUVpVIBtXo8DqhQKGAyGZGXk4ntW9aHfPcfzfk/CNHMzXzMZyQGvQ5HDuzBrXvlaGntgM3ukLKCWo0G6ekp2L19EzIzUqfYE1DX0AKv1wsASEyIw+KMtJA2WYvTEWMywmIdhSAIqKlrWrAAa7jwqvy9aEKsD02A9eyFa7h5pywkne/2eNDV3YeKqjopwHqntEJKUAeIogiLdRTnLt1Ae2cPnnlyvxRiDfD5BJz45BycLjcAQKOZ29O3Oxw4e/E6XG7//lNTFuHIgd0h4+jtG0DP2IdfPn67w4nyylq0tXfhyy8+jThzbMgxyqvqpOquc7XPu/crg/YpiiKaWtrx3kdn8NKzR6Txh7tGA4NDk85JuD6iKGJgcAgnPjmPnt5+7N+7Per2AW3tXWhrH/8iXxAEtLR14rW3Pox43nPN7nDi+HsfS/8gAcCIxYr3PzoLQRCwShbAJiIiIiIi+qyazkOWgP93pKs37qCypgF2uwOiKEKn1WJZXjb27toCc2xM0H5n2j6cmT7cCfiX57lTWoG79ythsdqkZZTMsSZsKF6NDcWroFKNPyR76WoJmlra4XC6IIoitBoNkhclYs/OzcjJypD2efXmXdyvqJHORavRICszDTu3bkRGeop0/KaWdvz+/U/g8XhDAsSRHqac2OfYF57AzTv3UdfQDK/Xv8zT3l1bsHZ1Ycg1A4KfGJ/OQ7yTLf00Vw8Ez4kJ4dWgtzo64PjwfZi+/k1AoYDocMD2858Fh1ejJDoccN+8PsudiHCe+ACaorVQL/N/fyC6XLD98pWQ8Op0eWtrMPrP/wRx1DppO6GvF/Z/+zVi/uL7U1a3VBeugDpnCb&quot;
08-31-2019 13:00:17 LoggingManagedHttpClientConnection.java DEBUG [Forwarding screenshot on session 57f77c2899285a2b963db09b270c4ab3 to remote] http.headers 122 - http-outgoing-5 &lt;&lt; HTTP/1.1 200 OK
08-31-2019 13:00:17 LoggingManagedHttpClientConnection.java DEBUG [Forwarding screenshot on session 57f77c2899285a2b963db09b270c4ab3 to remote] http.headers 125 - http-outgoing-5 &lt;&lt; Content-Length:442800
08-31-2019 13:00:17 LoggingManagedHttpClientConnection.java DEBUG [Forwarding screenshot on session 57f77c2899285a2b963db09b270c4ab3 to remote] http.headers 125 - http-outgoing-5 &lt;&lt; Content-Type:application/json; charset=utf-8
08-31-2019 13:00:17 LoggingManagedHttpClientConnection.java DEBUG [Forwarding screenshot on session 57f77c2899285a2b963db09b270c4ab3 to remote] http.headers 125 - http-outgoing-5 &lt;&lt; cache-control:no-cache
08-31-2019 13:00:17 MainClientExec.java DEBUG [Forwarding screenshot on session 57f77c2899285a2b963db09b270c4ab3 to remote] execchain.MainClientExec 285 - Connection can be kept alive indefinitely
08-31-2019 13:00:17 Wire.java DEBUG [Forwarding screenshot on session 57f77c2899285a2b963db09b270c4ab3 to remote] http.wire 87 - http-outgoing-5 &lt;&lt; &quot;yNDf5jNDXC19YqjdnX1wtv3fgfIdTLlkOV6182zdfSHD5UOYHocsH2r7+EMjkZ6vzol/CajOfunQey3/EDeGB//TWoC1ZAmeT/g5DQ24PRH/2vGd1z0fR5mOY5cJ+E4+vqguvieRieO/ZAjk1EREREREREfiqVCl869tSU7TIXp+E/fefrYd9bs6oAa1YVhGyPtJS8Xq/DU088FrL9zXdOSj/HmKZeESg2xoQdW9Zjx5b1U7aVi1SULpwRyygGh/zfo6SnJSM9LXnKPga9Dt/4anTfaWRmpOJrX3pm2u1nci6AvzLpt7/58rTbR3P+kUw11qnen+nczLRPQrw54j0LAGuLCqVKttORnpaMp8Pc5zN1+MBuHD6we9I28XGx+NM//nLI9umOeapzn67JwqvyNjMNsT4UAdbBoRGUV9dLocWdWzdg2+Z1UKtV6OsfxK275XA4/ctxtXd248KVEni9PhgMejx5aC+W5+Wgpa0T7504DZvdgaaWdjS3toeU4FUoFNi5bSPWFhVCq5nbhLVPEHDq3BUpRBoba8LTTzwGozH0i3+lQoHcnEzs2LIeizNSIQgiKqvrcPr8NbjcboxYrGhoasX6taFljLMzM3DwsR2IjTXN2T4z0lJx+MAuJCUm4Obt+zh36QYEQUBvbz96+vwlwds7u1FaUSP98a8wPw9PPL4LWq0Gn5y5jHtlVSH7raiqQ8ndcoiiiIR4M555cj/SUpNRVlmLT85cgsfjRUVVHdasKkBKctKM28slJSbgmScfR0pyEsora/Hp2SvSed+vqMGubRvDXrfA/1SmW2F1Mmq1Cgcf24HVK/NhHbXhrXc/Rl//IARBwK175Vi+bMmc33dEREREREQLKdJDln39g3jr3Y8xYgkOzrncblRU16O1owsvPXsEyYsSo2ofyUwf7ox0XEEQMDxiRVllLYpWFcCgUoV9mBbwP3jb0dWDuoZm5GRlYGBoGMff/Vj60k/erqGpDS1tnXh8z7awv59Hw+5w4tU33gt6mNLucOLTs1eg1+lQsDx3To7zWaBZtwGmr30dypQUiA47bP/6K7ivXJLe91ZWQLBaoDTHwXO/FJ6qyvHOSiX0Tx2F4egzUBhN8LW3wfp3P4QwODjlcRVaLQwvvQzdjl1QmMNUL1YpoV6xEvqDT0CzptgfEhVFCEODsL/6G7hv+MOvot0OX3ubFAb1VlXCU1EWeYxdXbD+zQ/Cj9Hng/PEB+PhVY0GhqPPQP/k01Do9P6qnv/4v6VgpLe+Dt6mBmhWTl5hQWE0QbtthxRMFO12uEtuSmP23LsLYXjsYWeFAtpde/zVWUURzk8/DgpVqpbkIuY7/w9UGYvh6+mG7ac/kcKvot0Ox7vvIObP/wIKrXbyCxAF7bbtMBz7IlSpqcAMK3Qo1BpoN26G7tBhqJfn+8cnCPB1dcL285+Nn4NlBL6eLinA6jz5YVAQVWE0wvjyV6HduRsKrRai3Qb3rRI43j4utZlxn4dsnjUrV8H4lT+AKjsHotsF269+EfSZ9LW1AKII9bLlSPjlv2H0J/8YVN1WXlWWiIiIiIiIiD473nznI6hUSuzevgnJixLh9fpw6145WscK0ymVSizNnWI1oHnSPzAIp9MFtVqNTeuLpGIGnxef9/On6ZtOeFXediYh1ociwGodtcEjW2KtsaUNiYnxyF6cjuRFiUEp49r6ZjjHwqzL83KwfCykmpOVgazMdFTXNsLr9aK5tSMkwKpUKrAoKSFsiHD/3u1hK3tOl9PpQld3n/TaaDDAFCa8CgD79mybMC5gzepCVNY0oKmlHQBC/tAVEGeOCQmvznafaamLkJSYAABYmpeNazfvwu5wwicIcLv916W6tlGa99gYE/bu3AL9WEWVSJVsK2sapD+grVuzEmmp/pR+wfJc3CmtQGdXL+wOJ7q6+5CSnDTj9hPnJbBtRcFS3CuvliqydnT2hB3fXPNX08mAUqlEnDkWRSvzcfai/49Qw8MWWEdtSEqIn5exEBERERERRcNmd+Bffv27kO2RHvQL95Cl2+3BR6cuYsRihVKpxMZ1q7Fnx2a4PR688+EptLZ1wmq14dbdchw+sHvG7Sczk4c75ccFgJgYE44+8RhyshfD6XThdmmFVHVU/jAtAOTmZOLJQ3sRG2PCwOAQzl++CeXYEtyXrt6Sfv9OSkzA80cPIs4ci7MXr+FOaSW8Xh+u3riLnKwM6Xfx2VCrVdizYzPWrVkJp9OF198+gb7+QXi9XlTW1KNgeS5eeu4ISsuqcfLUBQAPQaXUB0S9dBmUqf4lmRRGEwzPvwBvRbkUqBSGhyD09voDrGWl0jL3AKBdtwHGYy8BY8trKYym6Qcb1Wp/kDFceBWA4QvPwfDkUXgqy2F//bfwVldBtNkgWC2A7PswAEFhVE/5/aCqsiFj1OkijnFiJVRNfgH0T33B3weAKjsH+i88C9vPfwYAEN1u+FpbpwywAoBmzVooPjBDtFj84ywrhfj0FwCNBp7bJVI7VVoaNGvW+s/LaoG3pnp8JyoVjMdehCpjsf9lahqMX/1DWP/uh9Jy877WFogWCxQPYIl51eIsqNLTo+pr+r+/A9HpgOd+Key//gW8tTUQXU4IIyOALEguut0QR0f9P4+OwlNbM74ThQLGr/wBdHv3jW8ymqDbvRe63Xuj7iNYRh6qeVavXA3VEn+IXqE3QPfYPnhKbkAcW71KGBqG6HROWfmXiIiIiIiIiD5bRFFEbX0zauubQ95TKBRYlpcdkulaKO2dPfD5fEhPS0Z2ZsZCD2fefd7Pn6ZnJuFVeZ/phlgfigBremoykpMS0dHlDxp2dvXi/a4zAPyp+7wlmTjw2A7Ex5nR1z/+Rf79ihrcr6gJu8+BweEHP/AJFGN/rBJFET29/Th56iKeeXI/1OrQdHpTSztKy6rR0dWxDs5pAAAgAElEQVQDt8cjLW04G3OxT6VCKZ2HnHw+kxLjER8XO+l+HE4XLNZR6fXZi9elMOdEfQODM24/GZVKhZRFiVKA1WZ3wOF0zfsf5hLizVCpVPD5fPB4vbBYRhlgJSIiIiKiR0q4hyy7evqk39vi42KxdeNaqNUqqNUqFBetQHtHNwRBQGd3LxxOF3r7BmbUfrLf7WbycGdHVw96+wfG2imxd+dm5GT7Q156vS5oaSr5Q53m2Bg8sX83YmP85+0PqR6S9h2oIgAAa1cXICnR/3vgxnVFqK5rgs1mh3XUhvrG1jkJsGo1GizLy4FarUJMjBHZmenSdyeBh1Jna7JVSmb7QPCDpIyLhzIlVQqwig4HhJHhsZ/tQW3Vq1ZLwdC55r5dAtsrP5XCjNMlDAV//zGTMYqjoxDdLum1p6IcQ1//yuR97PZJ3w9QZSyGpmAF3CU3AAC+tlZ4a6uhMMfB29QotdNs3AJl/Ng97vUFjUcZa4ZyLFQpbUtMgsJolMYhOh0QhoegfADByqiJIpwfnYDjrdchulxTtw90c7vHq+ECUMTGQr102Zz3edjnWaHV+e/hsQArERERERERET2a0lOT0T8wBLvDIRUFUKtVSIiPw+b1RVi9Mh/KGa6K8yD4fD50dvdCqVRiQ/FqaLWfr1WVP+/nT9MTTXhV3nc6IdYFDbAG/jHSajU4emQfTn56AW1jf5gKEAQB9Y2tGLU58MXnn1yooU5Jo1Hjicd3oaunD7fulgMA6htbcO3mXezaPr58vdfrw3snT6OuoWXWgdUHuc/JhAu4Pmxsdof0s0KhkCrhzCeP1yddD4VC8VD8z5eIiIiIiGgyJqMBX/3iM0iID19JcjqGhy1ScHJwaAT/9MqrYdvZbHY4na4Zt5/q4cTpPtxpsYzC4/ECAPQ6LTLSUyLuc7oPdY5YrHCPBbM0GnXQ6iEGgx4mowE2mz80Zh21TXoe0XqUfvcUbaNSpcbodiAGVcRUaDQRKz0q9ProjzMJX0sz7L94RQqvKpOSYHj2GDSri6CINfvDkMffmNa+HtQYZ0ylgm7PXrjv3PJXiPX54L59C4qYGCkUqYiJhW77jgUe6NzzlN6F/Y3XpMq5qqxsGJ5/Aeq8ZVCYzbC98n/gvnZ1gUdJRERERERERLSwdu/YhN07Ni&quot;
08-31-2019 13:00:17 Wire.java DEBUG [Forwarding screenshot on session 57f77c2899285a2b963db09b270c4ab3 to remote] http.wire 87 - http-outgoing-5 &lt;&lt; &quot;30MKakUqnwlRenv8z5o+bzfv40PdOtojobcxpgjTPHQqvVwuPxwuPxordvALk5mdL7Ho8HgjAe6FuUNF5pJD7OjJdfeBperw/DIxY0t3bgfnk1evr81VAGh4bR2zeApMR4aQm/guV5eO7pA3N5ClHTajRYnJGGvCVZaOvoRk9vP0RRRMmdMmSkp2JpbhYAoKa+CfWNrRBFEWq1Gju3bsDKwqWIjTHhrXc/ls5tJh7EPieKMRmln62jNjicThgm+cOJQa9DbIwRvWPXb/uWddizY/Okx5hp+0jcbo+0BCTgr4Sq02mj2tds9A8MSmFsg14/qz8AExERERER0eTm++FOip4iJgYKrW68AqTFAl97G5SJiUHtvE2NEK2yCpRaHRBmlZtIhL5e+LrHK+JCr4cydux3c1XwV2K+9tl/dxKO+95dCJYR6bXh+ReDloCf1CzGqNDpgqq1qvOWIvYv/xoKo2mSXtOnzi+EKisbvuYmAID7xjUotOPfvWhWrIQqM0vWQeW/fmMEqwVCZwdUaenSNtFqgegcrx6q0BvGK7hOEKimO/GeedBcV69I4VWFVgvjH3wdmpWrp+444fxFqxXehnqosrIfaJ/ZzrMwNAzR6Xx4wtNERERERERERET0yJnjAGsM0lOTUd/YAgAouVuGxRlpyMxIhXXUhrMXr8PhdALwL7mXk5UBwF8d5dzF61izuhAFy3KxKCkBiQlxcDpdUoBVo9EgNsaEwvw8lFXWwul0oa6hGecv38Dm9WtgNBrg9frQ3NqBayV3sTgtJWTpwMmcPn8VJXfKAAApyUl4+YWno1py3mg0YM+OzXjvxGm43G643G58dPoCXnr2CJIXJcLr8UqhRr1eh9ycxYgzx2J4xAq7wznj4wF4IPucaElOJsqr6iAIAgYGh1FWUYuN61bDZndI12iiVYXL0dTSAUEQcPtuBYwGA9YWFUKr0cDt8aCmrgnXbt7D1o1rsGZ14Yzby/kEAYIgQBBE3LxzHz29/jGp1WqsLJhieTUgKODa2z+I7p4+pKUmz2iORFGEz+cvfV7f2Ip7ZdXSexnpKTDHxsxof0RERERERJ9FZnMMNBo1PB4vzLEx+PKLRyNWLAWA4RHLjNpHMtOHO+XjdLrc6OzqRVJCfNh9yx+mHRgcxvCINewYJz7YOzQ8Ij3Y63A4g1YLiY0JDRIKggjPWDjuUaZMTIIqKwvC8BAA/1Lp9t/+O0wx34Z6SS4AwHP/Hhxvve6vojpGXVA4HkANx+OR2vvaWmH75StBS7Crs7KhTEkFAGhWroL78kXpPdfFC1CvWAntug2AIMDbUCcFbGdl7HsCaYgV5dBu3QaFTg9fdxe81VURu85mjMqUVKizsuGp8K8S5G1qxOhPfgzDi1+COivbH24VBAiDA3DfKoHz45MwvvwVaDdvndZpKWJioClaKwVYRbt9fCxjFVqhGg8bK2PNUBcUwtfZIc2L/fibiElLhypjMYTBAdj+7ddB10uVnQOFeex6KxSArLqwaLPBc/OG/1yUSnhrquFraZnW2GfF5x0fg8cDb0UFNPmF/jE0N0UcQ8j5iyLsr/0HoFJDu2UrFFotRIcDnnt3YH/jd/5rsWnL7PvMdJ5VKv9cB063tRne+jpoVq2G6HLCXXIjKFQ+5yaEtj3lZdCsXecPZBMREREREREREdEjaU4DrCqVCvv2bMXg0DAGh0Zgtdrw6uvvhrTTabXYs3Mz4szjf+wZHB7BqXNXcOrclZD2CoUCqwuXITEhDokJcdizYxPOXLgGr9eHazfv4drNeyF90mcYPpxLS3OzsGl9Ea7cuANRFGG12nDu0nU89/QhZGamwRwbA4t1FKOjNvzrb9+e9fEexD4nKliWi6rcBtQ1NEMQBJy5cA1nLlybtM+qFcvR09uPm3fK4HK7cfr8VZw+H7qMWuBvUTNtL9fS2oG///EvgrYpFAoszc3GsrxJKlOMyc3JxK275XA6XUFzmLckCy89d2TK/gBgdzjxi397M2R7UmJ81NVkiYiIiIiIPmsWp6ciZVESOrp6YLGO4uSn53HgsR1IXuSvlNjXP4hbd8vRPzCIY88cnnH7SA+bzvThTvlxBUHAxSslMMeYkJO9GG6PB3dKK1HX0IxjX3gi6GFa66gNn5y5hCMH9yA2xoThESvOXbqOuNgY7NuzDdmZ6aiqaQAA3CmtRE6Wfxy37pbBPhZgjY0xSb+rmowGqFWBIK0LdY0tWJSUAIvVFvGB0WioNWoolUoIgoCh4RG0tXchf9mSafV94+2TUoB34u/J0TwQrNBqoT/6LLy1NRBd/kqQvrZWWP7rf47YR2mOg/7gE0Hhuokc770Nx3sRvhPRaKB/8mkpCKdesRLKxCQIg/45FketGP2H/znpuKOhXLTIP+axLzPcVy7BfeXStPpqVhVBmZoKoadnxmNU6HQwvPBFeFv+3h9WFEV4Su/BUxr6HVq0dNt3wHXuTFAYEgDUOUugLlwxYUAK6A8+Ac/tW1JFWl9zE0a+9+fhx280wvDMs1JVV4VeD1VGBrzVlVKbSa/3A6JclDL+QhTheOc4HO8cn7qjQgHDF56Ft7ICvp5uf/dRK2w/+wlsP/vJnPaZzTwrk5KgjIuHz2bzH89uh/V//Pepz2+OqBZnBr12nf4UrtOfAvBX/Y39/l9CYTDM23iIiIiIiIiIPo+Ghi149fV3YbM7ZlUAcCZKy6px8tQFaDRqPH/0UNBq3zR98ms3k7zT50Xge+6J91lTSzt+//4n8Hj8D6/nLcnC5g1rpG3zNZcL8dl7WMxpgBUAkhLi8fUvP487pRW4e78SFqsNgiBAoVDAoNchNycTu7ZvClpOPTkpEatWLEdLawesozZ4vf7qFFqNBunpKdi9fRMyM1Kl9uvXrkJO1mJcuHITbe1dcDhdEEURCoUCJpMRS7IXY+2ECp3zbdvmdWjt6EJrWycAoLG5Hecv38D+vdvx3NMHceLT8+gfGIIoilAqlVhZuAwjFiva2rum2HOopIT4Od/nRGq1Ck8d2otPzlxGbUMTvF4ftBoNluZlQ61SoayyNmy/fXu2IX95Hi5eLUF3Tx9cLjcAQKlUwhxrwvKlS5C7JDPq9gGJCXHQ63Xo7umHIAgwGvTYtnkdNq5bDaWsQkckmRlpOLx/N85fvonhEYs0h/oZVHhQq9UwGvSwjtrGKv6osHzpEhzctxNGA5daIyIiIiKizwetVoPDB3bjrXc/xojFipa2Tvzy398KaZeSnBRV+0hm+nDnxONarKN47fiHYY+ZmZEW9DBtY3Mb/vnn/xHUdtP6IgDAru0b0dPbj8GhEfT1D+Lnv3kjqJ1arcL2LeuQlOhfsjspMR6LM1JR39gCURRx8UoJLl4pgUKhgFIZOaw5U5kZqYiNMWHEYoXH48Xv3/9EOseF+CJMs3IVTN/6Dmy/+NmUlU6V5jiYvv0dqHKmF7gN3YEShueOQbN2nbRJlZoG45e/CtvPfyaFaB8E7cZNcJ1fERS8DKJShVRpDVAmJ8P44pcij1GlAgQh/JO+ANT5BYj5zndh++k/S2HGuaTKzII6vwCeO7eCtmu37YDCGFphWJWzBKZvf2fK8Sh0Opi+8X9BnR/83Z7+wCF4bpWE7as0xwE6HYS+3ijPZnr0j++H5+Z1KVAaJFAlNtL1TEmF6c/+HKP/9I8Qenumdbxo+sxmnpXmOOj2H4T91d+Eva9U6RkQRobnpjpxGNrNW+D69CMIQ0MPZP9EREREREREC0n+IPjDHNRsbeuUVpLKycp44N8bOpwu3LrnX0XowN4d4ytaOV147a0P0Ns3AJPRgK9+8ZmgrNlCmBh03LS+CPv3bl/QMcnJr13h8rwFHk1k8oIJEx05sAdri+Y+8zc0bEFPbz8AICE+TlqVW35N5cc+ff6qdJ1nM5fyz30kgX8PLJbRef3sPUzmPMAK+P8ItHVTMbZuKp5W+5gYIw7v3z2jYyQl+kObU0mIN+O73/ralO32790+439U1hYVRvzQqNUqfPmFp8O+l56WjG9+7YVpH2c6Ke652udk86XX6/CFJx8P+95TTzwW8ViZGal4+dhT0x7bTNsDQHycedZp98L8PBTmh/&quot;
08-31-2019 13:00:17 Wire.java DEBUG [Forwarding screenshot on session 57f77c2899285a2b963db09b270c4ab3 to remote] http.wire 87 - http-outgoing-5 &lt;&lt; &quot;9HJ9L9kZuTie/92TdmdVwiIiIiIqJHTfKiRHzzay/gesk9VFTXSQ+3AoBOp0VaajLWrVkhfQEz0/bhRPNwZ/KiRPzRV57HjdulqKyul44beIiyYHkutBr/Vyfr165CZkYaLl+/HfQwrVajQVJSvPTFauDB3qs37+J+RQ3sdofULiszDTu3bkRG+ngVR5VKhcP7d+PjM5fQ0NQKURRhjo3BY7u2oL2zG7fuls/JNYkzx+LZpw7g5KkL6B8Ykh421uu0UE5S1fSBUSig3bIVmpWr4Dx7Cu6rVyD09khBTYVOB9XiTOj2H4R26zYo9FNXXdTt3Qf4vHDfvg3RbgM0GmgKV8Dw/AtQLy8Iqd6q3bYDqsWZsL/2Krw11RBdLih0OqgLCqE/+ARsv/6lVKFVGZ8IhX7mD6cqjCbEfu/7cBx/A67Ll6RqpQqDAfqjzwAuFxzvRg5bB8Zo+/Uv4G1qBDye8TE+cQS2X/8CQn9/xP6aNcWI+/FP4L5+Da7Tn8LX3e2fGwBQKqFMTIR6eQF0O3dDU7RmZienUkG7cVNQgFWZmATNxk2Tj+dH/wTnqY/hvnwRvq4ufwhXqYRyUTK0mzZDf/gpKBMTQw+XswSxf/0D2P/9X+GprvLPRUwsdDt3wXDsJdh+9QrcDzjAqkxJRexf/Tc43nod7ps3pPtVGRcHw8tfg+fubbivh64mFKDOW4q4v/8HuK9fhevCefhaW6TrodDpoF62HLq9+6BZs3ZWfWYzz/pDh6E0m+E4/qYU1FWlpsHw3DGoC1fC8t//+oEFWFXpGYj9y/8Gx5u/g6eiIug8lUlJ/tA2ERERERER0WfQ0LAFldX10muPxwuLZXQBRxTZZFmoB+HK9dvo7RtASnIS8pfnStudThdsNv93ECaTEfqHIMx38/Z9KdQIAAODwws4mlB9A4MA/IFIszlmgUcTnsPpwmjgusqCyYFQ68lTF9A3MDjnweBIebjANZ14/0WTIwxnVeFyaT+BSsNA5PDzfH72HiaKN998U8zPzw/aWFxcDJdl9lU7iR4keUqdpa+JiIiIiIiIPl/cN69j9Mf/IL02HHsJhueOTbu/4+3jcN+4BsPRZ6ApWguF2QyIIoShQTiOvwnXhXNSFUrt9p2I+dPvhoRgP+/sv/stnB+8K73WPfY4TN/8E84TEREREREREZFMuIqTD1v1zoUQWDLd7fGEVKSdTthvPsnHE/CwLfMeuM8etnHJySueyrNe8u3zNf7A/WezO+YldybPuT2oSrMz5RSNCz0EAA+oAisREREREREREdHDztfWitH/80+TtlHodNA99jhDmRMIfX1w37wmvVbodNDt2sN5IiIiIiIiIiKSaWppR1uHv4hgYX4e2tq7YLM7Qqp3ysN0mRlpcHs86O3zrw4UCNdNXMJ+Yghu4vtAcJVLIDiIuW/PNpRX1qK3bwCb1hdhx9YNeO2tD9DbNxAS6Au3bwAh/SaaLKj36dnLsNkd2LS+KCi8CoxXEwWA5KTQVWTkwgWEJx430lLugeXbJx5fzuF04dY9/0pZKclJ0Go0aO/shs1mh9PpkoKW8jlas6oA3b390pyEO064UGzAxPmfKgQ9NGxBT69/paYYkzEo/DlVX4fTFfH6zXWY1GIZle6hpMT4SdtGmp9wY5J/fuQC8xi4/oHPw+175UH3Q2NzG/72R6/gyIE9yM7KkPY1MTwdbi4nfsYiCXzmTUYDsrMygt6TXwP5tQ+MW6NRY0X+UtyvqAEQfD/JxxRubj4LAXoGWImIiIiIiIiIiMLRaGA49hI0K1ct9EgeOu6b1yH09Eiv1cuWQ5Wbt4AjIiIiIiIiIiJ6uDicLpy9eF2qKrl1UzHa2sOviN3a1imF79weD/bt3gqLZRQnT12QwnUpyUn40z/+Ct4/eQaNzW24cOUmsrMygpZgD4Tf5IG4V19/VwrYVdc1Ssc8e2H84eTkpER09/RhaHgEQHC4MFxlz6FhC954+wSW5mbD6XQBAL71R1+SQnyBPqfOX4HZHBMSEA0Ee01GAzYUrw6Zj0DYT6NRw2yOCTtn8sBoILAaCD3Kl6IPjGViiLS0rBq37pUjLTV5kqsIXLl+G719A9Bo1Ni3eytu3r4ftp08nFlV24Dnjx5CfJxZCkPevH1fOna4MckDm4XL84LOEQC++PyTQe0CAcz9e7djeMQCt8cDYPzaTafvhuLV0vgmhh/fePskkhLj57QSaiCYrNGosTQ3W9re0NQqzV1OVgYMeh36BgaDgpaB8+ntG8D7J8+EhDxNRoN0Dwbu/8LleXA4XWhp6wQAmExG6PU6aZ/hKqKWllVLn8VAeDrcvRY49sDg8JThVXnAODAGuXCfPfm4A/78238ofa5f//0JaeybN6yR5ubK9dvYv3f7tK7/zj37Jx33fGGAlT6z9u/d/lClwYmIiIiIiIjos0OzejV8bS3wNjZCtIxAdPm/aIdSCeWiZGiK1kB/6DBUmVkLO9CHkGi3wX3tyvgGhQLaXXug0D18y5IRERERERERES2U2romqarlxuLViI8zw2QywmZ3YNRmh0NWvVMe7Nu3e6sUNgsIV8k0EIQ7ff4qGpvbYDIacHDfTgCAQa9DTlYGevsG4PZ4MDxigV6vw6jNDiB8pcbSsmopRBgI7sn3/dzTB6X2CfFmfOuPviT1/cZXjwWNLSkxPqTqY4A82Htg746Q8J887JcQHxc2YCrfR96SLGlusrMyYDIaYLM70NLWCYfTJY1Fq9EgPm78WGuLCqdcxn1o2ILK6noAQNbidOTmZKKhqRWNzW3SvAbGHwgHyytyDg1bQvZZWlYtzc2BvTukUKv8HjCbYzA0bMEHH52Fx+MNqlIrP8dA0DcQAA0EQ6fbV6/XSffkxMqt8gqwE0WqyDuxcqycPJApvxalZdVSoDJvSZaUBZuYCYuPM0Or0QQdM9BXo1Hj6cP7pGth0Ouke3Jo2ALb2H0vP8dIFVGnug7ye2a6uTV5wHjiPAPB4efAZ8/pdEnjzlqcjicP7YVjLCwOBH+Gm1rape3JSYkzunceBgywEhERERERERHRZ45281YkvvZW1P3V+YWIyZ/8C2oKT2E0wfzDv1voYRARERERERERPbSGhi24cOUmAH/QLH95Lgx6HWJMRvT2DQQtPy8P9skDmxODdIH9ypeKByD1tdkd+Jdf/y5kLIGwoLzKY6DKpZw8gJmdlREU3kxNWTRplclIy71PDI0C4xVNA/My0VRhPyA4HByoVhrJhuLVqKyul+YnXHg3kk/PXobN7oBGo8bmDWsAjAcMPR4vLJZRAP5wZiAcLK+wObEyqsPpwq175f52suBkuHugtq5JqgRacqcsaMn7gEC1zkAYMTDf8oq+k/U16HXYWLw6qNLvdJaXz83JxPf+7BtTzp+cPJA58V6Vh34D5FWEw41dPpeRgs5AcHXjwL0SqSJquOtw5fpt6R6QV42dCXlANdz9OvGzF2nc8jmUfzbkAWazOWba1/9hwQArERERERERERERERERERERERHRHAkEHwGgt28AP/7pb4Lel1fvDBdKixRqnRiIlPedKnjY2tYZUuUxIFwAs7unL2RZ+onkwdVA9U158HBi8DUQig1Umg0XIpUvJx8pnBou3DtxfgJzadDr8N1vfS1oCfof//Q3UwZZ5ZVSPR6vtGR7uHFEChZOrKwpbycPTobrH9h3uHCnXLhrN92+wHgl2tPnr0phx5I7ZdMKss6EPFQ52b7l949Go8YXn39Sqkh88tQFKUgaac4nCnevyO8TeZg73D4nhoOjEQioTrxfA+cbLvwcbtzhQq1AaIC5oanVv78prr9TjOp05hwDrERERERERERERERERERERERERHOgqaUdbR1dAEKXVA+EBOXVO6OttDixGuRUS4KHq/IYMFV11nAmVhM9uG9nyNgnBl8DwV75suYTBc4jXNhvKvL5CVRMDQhUDZUHWa9cvx02SDnx3OQhwEB/j8crjTVSsHCyOZebGEyWk4edw5ns2k3VV27/3u3Yv3e7dI/eK6vC0tzsiNdppgKBTCA0QC0nr65bXLRCOn6g/0yCpJGC4BODxQGRruNsyAOq4cYe7vpFW5V5Ym&quot;
08-31-2019 13:00:17 Wire.java DEBUG [Forwarding screenshot on session 57f77c2899285a2b963db09b270c4ab3 to remote] http.wire 87 - http-outgoing-5 &lt;&lt; &quot;B8utf/3r17sz3NqBQXFwMAlAtydCIiIiIiIiIiIiIiIiIiIiIiokeIw+nC2YvXI4Yo5WG5QBhtNpUWE+LNWFm4DADQ2NyG0rLqoLG8+vp7aGppj1jlMSBcoC8tNRkJ8XEAgMrqegwNW6T273x4Cq1jAbuJ5NVn5ecbCPaajAZsKF4dcf4mC/sFLM3NhkajhsfjlapNNrW0415ZFQDgwN4dyM3JxOnzV/GrV4/D4XSFPddIrly/LYUoVxYuCwoAxseZodVoAACjNjscTlfYaxhuzvV6HUwmIwDAZrPDOTaum7fvhwSTNxSvhslogMfjxdmL14POobSsGm+8fTLkfALzPZ2+DqcLv3r1OE6fvxp07lMFoaM1m2Cy/NoG5jIh3ozUlEUAgLaOLjS1tEvtT5+/itKy6ohB8EjB4nDXMfD5s9kduD0Wag6M6Z0PT005dvkYJgZMgfDXbzZVmYHp3zsPC1ZgJSIiIiIiIiIiIiIiIiIiIiIimiV58FFePXIy4ZYon0mlxf17tyM5KREnT12Q/gtISU5CWmrylMuty5ecDwT6DHodvvHVY1JFzn/59e+C9pudlYF9Wg1+//4nsNkd0vuBc5DvSx7sPbB3x7Sqicr3GRCohpqbk4nnjx7C79//RFryPjCul194Oijw19s3gB//9DchxzpyYA/WFhWGbJeHJVOSk7Bj64awY5ULXEN5sDDSnD/39EG8+vq7Yc9Pfg8kxJvxx3/4El5764Ow53DkwB4A4a/ddPoG5rq3b0Cav4Cplp6fKfm9K5+jcNYWFaK6rhGNzW3StTUaDdL78iqzLz13BKVl1Th56gJe//2JkPHLw52BIOpkYe5w13FtUSGyszLw6uvvBt1rwPg1mIw8jD6xui4Q/vqFC6XOpCrzdO+dh4XizTffFPPz84M2FhcXw2XpWqAhERERERERERERERERERERERER0aMgEIKVB0zJb2jYIgVaN60vwv692xd6SPQ54RT91YDv3bu3IMcvLi4GACgX5OhERERERERERERERERERERERET0SAtUNNVo1Ni3e+vnOrxaWlaNX716PGhJ90/PXobN7ph2tVeiR416oQdAREREREREREREREREREREREREj57cnEx878++sdDDeCj0DQyGXdKdlVfp84wBViIiIiIiIiIiIiIiIiIiIiIiIqIHaP/e7QyqEk2gXOgBEBERERERERERERERERERERERERHR5wsDrERERERERERERERERERERERERERENK8YYCUiIiIiIiIiIiIiIiIiIiIiIiIionnFACsREREREREREREREREREREREREREc0rBliJiIiIiIiIiIiIiIiIiIiIiIiIiGheMcBKRERERERERERERERERERERERERETzigFWIiIiIiIiIiIiIiIiIiIiIiIiIiKaVwywEhERERERERERERERERERERERERHRvGKAlYiIiIiIiIiIiIiIiIiIiIiIiIiI5hUDrERERERERERERERERERERERERERENK8YYCUiIiIiIiIiIiIiIiIiIiIiIiIionnFACsREREREREREREREeY2ng4AACAASURBVBEREREREREREc0rBliJiIiIiIiIiIiIiIiIiIiIiIiIiGheMcBKRERERERERERERERERERERERERETzigFWIiIiIiIiIiIiIiIiIiIiIiIiIiKaVwywEhERERERERERERERERERERERERHRvGKAlYiIiIiIiIiIiIiIiIiIiIiIiIiI5hUDrERERERERERERERERERERERERERENK8YYCUiIiIiIiIiIiIiIiIiIiIiIiIionnFACsREREREREREREREREREREREREREc0rBliJiIiIiIiIiIiIiIiIiIiIiIiIiGheMcBKRERERERERERERERERERERERERETzigFWIiIiIiIiIiIiIiIiIiIiIiIiIiKaVwywEhERERERERERERERERERERERERHRvGKAlYiIiIiIiIiIiIiIiIiIiIiIiIiI5hUDrERERERERERERERERERERERERERENK8YYCUiIiIiIiIiIiIiIiIiIiIiIiIionnFACsREREREREREREREREREREREREREc0rBliJiIiIiIiIiOj/Z+++w9sqzzaA3xqW5CHZ8o5nvONMZ4cEQkJIgAz2aGmhXze031do6YQChUJpoYxCS4FCgdIGCISVkEBC9oDs6ThOvPfQsCVZe3x/uFbixJbf45lx/66L60LnPOe8j6Qjg+3bzyEiIiIiIiIiIiIiIhpWDLASEREREREREREREREREREREREREdGwUo7Eom6PB7V1TaisrkVjUytMbe3werxwezzdm1MqoFKpoFaFIT4uFqOSE5CZnoLkxAQolYqRaJ3oouX3+9HY3Iryiho0NrfCYDTD5XbD5XJ3q5PL5dCoVdBqo5CcFI/szHRkZ6VDFRY2Qp0TERERERERERERERERERERERHRuWbYAqxOpwsHjx7HoSMlMLdZEAgE+jzG6/XB63XAbnfA3GbByfIqAIBMJoM+RofxY/MxcVwBtFGRwn34fD68vfJT1NY19vu5nEmtVkGhUCA2JhqjkhOQlZmO9LTkQQ/stbVb8da7H8Nm6xA+RiaTYfGiyzFxXMGg9LBm3RYcOnpc0jEJ8bH4xq3LEK7R9Fnb0WHHv1d8ApO5vb8tBslkMqjVKsjlcmijIpEQp0dmRiqyMtKg1YpfM6EMZr/AqZ6VSiXi9NFIS0lGdlb6iIW2vV4fjp+swL6DR9HUbIDf7+/zGL/fD7vDCbvDieYWAw4dOQ6ZTIZYfQxmTZuI8WPzIZdz+DMREREREREREREREREREREREdHFbMgDrC2tRmzZsRsVVXVC4TcRgUAAJnM7tu7Yg2079yI5KR6XXTINOVkZfR7bYXfAYrENSh9duiZQ2u0O1DU0Yc/+I8HA3sypEzGuMG9QwocmcxtcTpekYwKBAJqaWwclwFp6shLFx8skHxet0wqFVwGgzWKF3e6QvEZPAoEAnP99vex2B5pbDDhachIAEBGuwbjCPMycNklSAHoo+wVO79kFm60D1bUN2LFrP+RyOZKT4jF7xmTkZGUMeQDU7nBi2849OFJ8Ah6vd8DnCwQCMJrM+HTdFmzevhuzZ07BlEljGWQlIiIiIiIiIiIiIiIiIiIiIiK6SA1ZgNXcZsHGrV/iZHm10LTV/goEAmhsasWKD9ciPk6Pm6+7GvoYXa/1RlMb7I7BCxyG6stoMmPN+i3YuO0rzJk5BdMmjx9QYK++sblfYcIWgwk+nw8KRf9DtFZbB7Zs3w1vP9bPSBslXNtqMMHl9kheQyq7w4k9+4/gwOFjmDxxLObOng6VSvrE3OHq1+/3o6GxBe9//Dl02ihcMXcWCgtyBn0dt9uDrTv34MDhY/B6fYN+fqAzRP7F5p0oOVGOZVfPR0x0759XIiIiIiIiIiIiIiIiIiIiIiIiujAN+vhDv9+Pnbv249V/rcCJsqohDa+eyePxQqEI/ZRaWo3weAY+UVIKp9OFjVu/wjsfrBnQtM6mZkO/jrNYbOgY4JTQbTv3wmhuk3xcmFKJhPhY4fr6huZhvWa8Xh/27D+C1/+zsl/Pb7j7BQCL1YaP12zAqs82DWrItKS0HC+/8S727D8yZOHVLoFAAHX1TXjr3U9Q39g8pGsRERERERERERERERERERERERHRuWdQA6w2mx3L31uNLTv2DHkAric6XRQiI8JD1tTUNQ5TN90FAgFU19T3O8Ta0WGHqR8BSwBwOJ0wt1n6dSwAlJ6sRPHxsn4dGxERjvg4vVCty+VGc6uxX+sMlMncjrffX41Wg0n4mJHsNxAI4OixE/jo0y8G/Flzuz347Itt+HjNBthsHYPUoRibrQPvf/w5qmvqh3VdIiIiIiIiIiIiIiIiIiIiIiIiGlmDFmCtb2zGm29/iNr6kQmIAkBmegoUCkWv+x1OJ9ot1mHs6GzNLQZs3r5b8nFtFmu/p7e63R4YTeZ+HWu1dWDL9t3wevs3tVYkVNzFZrfDarX1a53BYLV2YN2mHcKB0JHuFwDKKqqx9+DRfh9vs9mx4s&quot;
08-31-2019 13:00:17 Wire.java DEBUG [Forwarding screenshot on session 57f77c2899285a2b963db09b270c4ab3 to remote] http.wire 87 - http-outgoing-5 &lt;&lt; &quot;O1OHD42LBPku1itzuw+vPN/ZqAS0REREREREREREREREREREREROenQQmwVlTVYsWHa2EZwTCfQqFAUkJcyBqTuX3EA4cAUFpWibqGJknHtBpMcLk9/V6zsam1X8dt27l3QMHClOTEkKHi0zU1G+B0ufu91mCoq2/C4eLjQrXnQr+BQAD7Dxb3K5jd1m7BOx98OqKh8y4Wqw2btu4akcnNRERERERERERERERERERERERENPyUAz1BdU09Vn22CU6nS/KxGo0audmZmDyhEHp9dLdJnVZrB1oMJhwrLUNZRXWf5w8P1yAxIT5kzUBDoIPF6XTh+IkKpKUkCx9T39A8oAmZBpMZbo8HqrAw4WNKT1ai+HhZv9eUy+VISgz9npyusakFfr+/3+sNBr/fjyPHTmD82Pw+X6tzoV+gM/xZWV2HogmFwsfY7Q58sGo9Wg0myetpNGqMLcjBuDF5SEyMC75OHXYHKqpqse/gUTQ1GyRfr+WVNSg9WYFxhXmSeyIiIiIiIiIiIiIiIiIiIiIiIqLzy4ACrK0GE1Z9vknyre2joiJxxWUzUViQA7m85yGwWm0ktNpI5GSlw+/3o6S0HBu37YLN1tFjvT5GB21URMh1pYRAszLT8LWblvS632rtQFVtPfYeOIrmFulhvfrGZuFAqcvlRnOrUdL5z2SxdsBud0IVLRZgtdo6sGX7bni93n6vqVGrkJwkFmD1+XxoajEIn3tq0TgsuuLSs7b7/X60W2yoqW3AgSPH+hWkNJstaGuzIDHERN/B6vf0nssra7D3wFGY29ol9RsIBCQFWL1eH9as34pmCf0DQEREOObOnoZJ48f0+LmNjAjHhLH5mDA2HzV1jVi1dqOkqcx+vx/7DhYjL2c0VCrxoDURERERERERERERERERERERERGdf/odYPV6fVi3aQes1p4DpT2RyWQomlCIK+bOkhRQk8vlGFeYh7yc0diyYzf2Hzp21uTLvm5V7/Z4YDCZhddMTUkKuV+rjQyG9Q4eKcEXm3fC4xEPe0oJlNrsdlglBAF74nK6YDK3ISZaK1S/bedeGM1tA1pTq41CVEToUHGXDrsDFovYc5TJZEhOSuhxn1wuhz5GB32MDpMmjEFFVS1WfSYtZO10udDUYggZYJXSr1wuR2qIabtdPU+bPB5TJo3Flh17sHvfYUnTXc1tFrhcbqjVqj5rN2/fhbKKauFzA0B66ihcv+RKRPUREu+SkTYKt95wDd79cI2krxHNrUbU1DUgNztTUn9ERERERERERERERERERERERER0ful5/KmArTt2o7auUXwhuRyXz5mOq6+8rN/TFVWqMCycPwdLr54PtepUUE+hUCCtj8Cp1daBtjaL0DoKhQJJIcKLZyqaUIixBbnC9QAQ8PuFJ4M2NRvgdLklnf9MHq9X+HbxpScrUXy8bEDrAUBSQpxQoBIADEazcMhUo1YjOVFssmv26HRcveAyKJXiWe1AIIB2izVkjZR+1SoVEuL0QrVyuRyXXTINaam9B157EggE4Be4nsora3DwSInwtSeTyTCuMA9fu2mJcHi1S0J8LK65ci7CwsRfe6/Xi6qaeknrEBERERERERERERERERERERER0fmnXwHWuoYmHCouFQ7ByeVyXDF3Fi6ZMbk/y51l3Jhc3HTtIkREhAMAwsM1SEwIHWg0Gs1wuT1C5xc535lyszNCToAdiOYWg6RpnL1paGrps8Zq68CW7bvh9YpPk+3NqOSep6T2pNVggkdwTa02ElptlPC5c7MzJPUCAK4+AsNS+tXpohCtE5t8CwBKpQK5WRnC9aLsdgc2bdslaVJwbnYmFi+8HEpl/67tnKwMZI+W9lzqG5vh9oh9VomIiIiIiIiIiIiIiIiIiIiIiOj8JDnA6vX6sGXHHjidLuFjpkwai+lTJkhdKqTMjFQsvapzEqs+RgdtH9Mh6xqa4fP5hM6t00YiIkIjqZ+YaB1UYf2bLBuKz+cTCp6K6LrNfCjbdu6F0dw24LU0ahWSBKekAkCNhGm+sfpohGvUwvUKhQKJ8bHC9SKk9KuP0QlPoj39mMEORO87WAyD0Sxcn5QYj8UL5/Y7vNplfGGupOfS3m5FR4fYdFsiIiIiIiIiIiIiIiIiIiIiIiI6P4nf2/u/yitr0NAoHqhMSozHnJlTpC4jJCcrHT/732/3WSc1BDoqKWFIwqinU6tVUAncWr3D7oDFYhuUNa1WG2x2e69hytKTlSg+XjYoa0VEhCNGcOpoR4cdJgmh2ZTkRMn9yOX9GjbcI6n9ZqanDNravenremprt+KwhKnJapUKV8ydFZxyPBDJSQmIioxAu8UqVO/2eNDWboE+RjfgtYmIiIiIiIiIiIiIiIiIiIiIiOjcJCnV5/P5sP9QsfDt5ZVKJebMnDIoIbiBkBIClclkSE6Sdrt5AGhrt0i67Xm0TovIyNBTYwHAaGqD3SE2jVKnjQoZ1HS63GhqNvS4z2rrwJbtu4Xf277oY3RCzw8A2ixW2O1iz1GlCuvX++P3+yXVx+qje90ntd+4WL2ktYHOabmiE4MBIDE+NuSU00NHS2Cxigehx+RnY3RGqnB9KJER4dDpooTrfT4/7A7noKxNRERERERERERERERERERERERE5yZJAdbK6jrUNTQL14/OSEVudobkpgablBCoRq1GcmK85DXKK2slBQ5TU5KE6lpajfB4xEKlBXlZUKt6v1W93+9Hc0vPAdZtO/fCGGKqqFwul3Qr+VESpqS2GkxwucXCv+EaTb8mc5rM7cK1CoUCUSHCt1L6jYqMQHxsjPDaQGdQvKKqVrheLpcjNSW51/12uwOlJ6uEzxcRrsG0yeOF6/uiUCgQphQf9uz3++EVvOaJiIiIiIiIiIiIiIiIiIiIiIjo/CQpwHrk2AlJ01cnTywMORVyuEgJgWq1kdBqxadFAp2BxrLKGuF6jVqF7NHpQrUNTS3C58xMT0F4uDpkXUur8axtpScrUXy8LORxudkZIcOxp1MoFEhKiBOqBYD6hmbhW9vH6qOhk/j+tLVbYTT1Hs49k0ajRnxcbK/7pfQrZRJtl6qaetQ3igfFtVGRSE/tPcBaXlULc5t4gDc/NwuJEt4/EXESQ7xERERERERERERERERERERERER0YRMOsFqsNjQ2tQqfOCFej4y0lH41Ndhq6hqFa2P10QjXhA6Bns5ud2DVZ5tgs3UIH5OZkYbUUX1PYHU4ncLBy4iIcCQnJSBapw1Z126xoqPDHnxstXVgy/bdIYPJcfoYZI9Oh9PlFuolPFyDxASxKbYulxvNPYRqeyM6ufZ0R4pLYZXw/sTqoxHdyy3vpfYrZRIt0BmGXvvFVuHANQCMK8wNGeo9WV4Nv98vdK6wMCXG5GcLr01ERERERERERERERERERERERETUH8L39a6tb5IUAszKTINKFdavpgaTw+lEu8UqXJ8iIXBYXVOP1Z9vhsVqEz4mPFyD2TMnC9WazO2wCp5bH6ODNioS8XF6VFbX9VpntzvQZrEGp4Ju27kXRnPvIVmlUonLL52B+sZm+Hw+Cb2ITR212e3Cz1HqZFcAKK+sxZ79R4QnpspkMuTnjO51cvBQ9ev3+1F8vAxfbN4Jp9MldAzQGS6eMmlcr/stVhuamsWD5/qYaCQnJQjXDwW5XA5lmPCXJiIiIiIiIiIiIiIiIiIiIiIiIjoPCafEqqrrJE1xPFemr0oJgapUYSHDew6nC23tFpRVVKO4pAxt7RbhYCTQGcy77JJpSE4Um05qNLXB5fYI1XZN+kxMiINMJuu1L5fbA6OpDamjklB6shLFx8tCnjcvJxN5OZk4cPiYUB8AkBgf22sA9ExNzQbhya4ajRrxcbHCfdQ3NmPN+i1wucXODwCxMdEoLMjpdb+UfvuaRNthd8Bsbsex0nKUllVKmuILAGqVCgvmzYY2KjJEv62wnTZxty/pqcmSJhCLEp0kDAAKhRwR4ZpB74GIiIiIiIiIiIiIiIiIiIiIiIjOHUIBVrfHA4PJLHzSiPBwxMXG9LupwdRqMAmHQN1uD5a/t2pI+pDJZJhaNA5Ti3qflnmm2rpGoYBsmFKJ1FFJAIC42B&quot;
08-31-2019 13:00:17 Wire.java DEBUG [Forwarding screenshot on session 57f77c2899285a2b963db09b270c4ab3 to remote] http.wire 87 - http-outgoing-5 &lt;&lt; &quot;ioVWG9hiwDgQCamluRlZmGLdt3w+vt/Vb1Om0ULps9DbYOO0zmdqGe5XI5UlOShWoBoLGpRTgYHa2LQpTAZFen04VtX+7FwSMl8HrFpsYCnb3PmDYxZCBUSr82Wwf+/tpy4fWlkMvluPzSGcjJSg9ZV9cgPjlX6ns3VJQKJSIjwke6DSIiIiIiIiIiIiIiIiIiIiIiIhpCQgFWu90Ji1V8OqROF3XOBNDqG5olTUkdCnK5HLOmT8Llc2YIHyMlNKzWqBGr7wwMa6MioVarQ04JbWk1YfP23TCae5+KKZfLMWfWFMTpY1BZXQe7wyHWi0qFhDi9UK3P50NTi0GoFgDiY/VQhYWdtd3t8aC93Yrq2gacKKtEbX2TcMj0dDlZGRhfmD9o/Q6VsDAlFs2fg4njx/RZ29JqFD6vlPdOCofTJWkKbHi4+pz5+kFERERERERERERERERERERERERDQyjAam5rh8vlEj6pPlonfAv5oSR1cuxQ0GjUuHrBZSFvS98Tm82OdotNqFYfo4P2v5NJIyPCodNFod1i7bW+rqEJdQ1NIc95epizpdUIj6f3Sa2n02ojodVGCdV22B2wCD5HADhcXIrDxaXC9VIkJcZj8cK5UCp7v26l9jsUdNooXL/0yuDE3VAcThc67GLBYwBQqcKg0agH0l6PXC437A6ncH1kZMSQ9EFERERERERERERERERERERERETnDqEAq9XWIelW7Gq1qt8NDSarrQNtbZYRWVsmk6EgLwtXLbgMEeEayccbjCY4nWKh4cT42GBgWKFQIDE+FrV1jb3W9zWRNioqEpfPmR4MczY0tQh2DcTqoxEuGD40GM2wSwhYDpVYfTSuW7IAEX1M/RzJfpVKBSZPHIu5s6dDpTp7Cm1PnE4XOiRMPlWrVQjrYcLtQJnMbXAJXstA9+uZiIiIiIiIiIiIiIiIiIiIiIiILkxCAVaHw9ln6PF0CXGx/W5oMBmNZrjcnmFdUyaTIXt0GuZdOhOJCXH9Pk9zqxE+X9+hYblcjtSU5G7b4gdwG3iZTIbpUyYgIb7zPXQ4nTCa2oSPT0lOFK5tNZjg8YpNdh0q6amjcP2SKxH13wm2oYxEv0qlAgV52Zh/2UxooyIlHWt3OISuoS5RkRHC4WMp6hubhV+3nq5nIiIiIiIiIiIiIiIiIiIiIiIiuvAIT2A9H9U1NEsK8A1U54TMaX1O8hRR39AsVKdWqZBwRmA1LlYPlSoM7n6Ed9PTRmFa0fjgY6u1Azab2BRPlSoMyUkJwmvVhJgSO9TkcjmmFo3DvEtnBifN9mU4+1Uo5Jg9cwpmTJ0IVT+norrdHvj8/kHuTBqfz4fq2gbh+vBwDUZJuIaIiIiIiIiIiIiIiIiIiIiIiIjo/CQUYD0f+Xw+NDS1DOuaLa1GKJUDf0k7Ouxot1iFanW6KETrtN22Reu0UKlUkgOsGo0al8+Z3i3Q2dRigNMldvv3cI0G+hidUG1Hhx0ms/hk18Eik8mQlBiPhfPnIC0lSfi44e7X5/PDYDT3O7x6rjCa2mAwmIXrE+L0iNZFDWFHREREREREREREREREREREREREdC64YAOsHXYHLBbbsK7Z2NyKoyUnMGXSuAGdx2Bqg61DbOqpPkYHtVrVbVtEhAY6bSRsEibnymQyTCsaj7Qzbt9eW9eIQCAgdI5YfTR0WrHwYZvFCrvdIdzfQMlkMiQnxeOKuZcgI22U5OOHu18AKKuoRmV1HbIy04Z13cFUcqIcDqdTqFYmk6GwIAcKhdhEXCIiIiIiIiIiIiIiIiIiIiIiIjp/DUmA1ef3DcVpJTGa2mB3iAUOwzUa3H7LUiQmxJ21r7K6Dis/+Rwej7fP8/j9fhw4XILCglyEa9SSe+7S1NwqPD01Mz3lrG2qsDDEx+rR0Cg+gTYpMR7Tpkzots3t8cBgEp+e2dPr15tWgwkuiRNipZLL5UhKiMP4sfkYX5gHzQDeEyn9xuqj8c1br0VkZMRZ+/YfKsb6TTvh9/v7PI/H48XeA0eRkTZqWEKdokFlUe0WK4pLyoTrtVGRGJ1x/oZ1iYiIiIiIiIiIiIiIiIiIiIiISNyQBFhN5vahOK0kLa1GodApAGi1kdD2Mjk0KzMN2aMzUHqyQuhcrQYTDh09jlnTJgn3eqaGJrHgqUatQlJifI/74uP0wuupVSrMnT39rNCtzWZHu+AUW4VCgbSUJOE16xuaByUwKZPJoFarIJfLERsTjZhoLVJTkpGZngJ9jA5yuXzAawDS+tXH6HoMrwLA+MJ8HC4uRWNTq9C5qmrqUVZRg4K8LOFe+8vWYYfD6US4RjMo5zt8tBQWq/gU5OzR6YiJ1g7K2kRERERERERERERERERERERERHRuEwqwnnmL+r4YjOJTO4dKTV2jcG2sPjrkxNQZUyagqroOLre7z3MFAgHsP1iMwvxsROukh/EcTpdwADgiIhwxvayREB+LMKUSHm/fId4J4/KRk5V+1naD0QSn0yXUi1oVhjjB0KzL5UZzq1GoFgAuvWQqLrtkmnD9YJPa76jkxF73qVRhmFo0HmvWbRGawur1erFr7yFkZaZBpQoT7gEAdLqozmtAMMhts9lhtXYMSoC1qcWAfYeKhUO/EeEaTC0aN+B1iYiIiIiIiIiIiIiIiIiIiIiI6PwgNJ4yWqeFTCYTPqnR1Ia2dmu/m+qNzWbHv9/9BC+//g46Ouy91jmcTrRbxNdPCRE4BIC01GRk9xDw7E27xYo9+48I15/OarXBau0Qqg016TNWHwN1iFBulzh9DGZNL+pxX11DM3w+n1AvMTE6aKMihWptdjusgpM5FQoFkhLihGqHymD3W5CbhVFJCcLrNza34mjJCeH6LhqVChqBa6CL0+USnv4bitvtwboN2+FwOIWPyc/NQuIIv89EREREREREREREREREREREREQ0fIQDrGFhQsNaAXTeiryiqqbfTfWkoqoWry//ALX1jUhMiOs1uAkAJnO7cOBQpQpDskCYcNrk8ZLCgEdLTqKpxSBc36XVaBaa9AqEnvQZrlEjMiI85PFKpRKXXzqj1+Bpi4Spo/GxeqjCxCaENjUb4HSJPUeNRo34uFjhPoaClH7DwzVITIgPWdM5hXUc5HKhjx/8fj/27j8Kq00s2NwlMjIC+hidcH0gEEDx8TJ4vWKh5d5s3blHUhA2WqfF7JmTB7QmERERERERERERERERERERERERnV+EEnTxsTGIChEYPZPf78f+Q8dgtzv63VgXu8OJD1evx4oP18L23wBfXxNTWw0muNweofOHazRCIb+0lGRkZaYJnRMAHA4n9h8sFq7vUt/QJHRr+b4mfarVqj6fV15OJgrysnrcZ7HaYDK399kHAMhkMqSnjRKqBYDGphah5wgA0booREWJX3tDQUq/Om0kIiI0fdbl5YyWNIXV1NaO4uNlwvVdMtNTJdXX1Teh9GSF5HWAzs/9+k07sPfAUQQCAaFj5HI5Zs+cjGidtl9rEhERERHRxaOpvhYH9nyJQCAAh8OO7ZvWwdJmHum2iIiIiIiIiIiIiIiIqJ+ExqpGRkYgMSFOONAIdIZI16zfiuuXXAmlUiG5Mb/fj70HjmLbl3vhPi2MKjIxtb6hWThAF6uPhk4bJVQ7a3oRqmrqhW+NXlpWiYnjC5CWkixU7/P50GIwCdWKTPq8YelCoXP1xGhqg90hFkBWq8IQFxsjVOvz+SRNph2VlCA82XUoDFW/KlUYZk6bhE/WboTX6+2zPhAIYP/BYhTmZ0sKe2ZlpiEiXAO74DXr9/uxafsuxMXpkZwY+vo6ndvtwdovtqKktFz4swcAudkZmDA2X7ieiIiIiIguTtUVZXjwp9+Hw27HfQ89gdLiI3jnjZcwbdZl+PVjTyMyin8Ud6EJBAKw22zw+fr+nrknEZFRUI7gzxOIiIiIiIiIiIiIiKhvQgFWAJgwNh9lFTVCYbsuJ8ur8Pb7q7B40TzhgKPT6cKBw8ewZ/8RdPQwwTUqMgLxIc7l9nhgMIlPYElNSRKuTU6MR37OaBw6elyo3ul04cvdB3HjsoVQKPoO8VptdpjbLELn1sfooB3CyaQtrUZ4PGLvtVYbhV&quot;
08-31-2019 13:00:17 Wire.java DEBUG [Forwarding screenshot on session 57f77c2899285a2b963db09b270c4ab3 to remote] http.wire 87 - http-outgoing-5 &lt;&lt; &quot;h9tFBth90Bi8UmVCuTyfoMKw81Kf3K5XKkCoaVASAnKwMpoxJRU9sgVN9usWLP/iO4ct5s4TUSE+KQnpYiaaqq1dqBdz9Yg0Xz56CwICdkrd/vR0lpOTZu2xWckCwqKTEe11w5V+izQUREREREF7fEUSnIL5yAHZvX45Ff/Di4fcKU6YiIFPujVDq/NNRW48Gf/hCN9TX9Ov6nDzyGRctuGuSuzi0upxN/zgcGOAAAIABJREFUeeJBbPp8NQCgYNxEPPr0S9DF6Ee4MyIiIiIiIiIiIiIiMcIB1oy0FCTE69HY1CppgbqGZrz6r/cwOiMV48fmIyN1FLTayOB+h9OFtnYLqqrrUXqyAs2txpC3a4/VxyAysvfgptXWgTbBEKhCoUBSQpz4kwEwpWgcTpRXCU9hraqpR1lFDQrysvqsNZnb4HK6hM6bGB87pMG/hqYW4dponRbhGo1QrcFohr2HYHJPNGq1pCmgQ0FKv2qVCglx4r8kUioVmFY0Hg2NLcLB8KMlJzF+bL6k12XyxEJUVNUIB5IBwG534OM1G/DV3kOYNnk8RqenBj+3Xq8PBqMJR0tOouREheTgKgBotZFYdvV8RESESz6WiIiIiIguLOtWrcSaD1dAoVTih/f+GvljJ3Tb32G1oqy0GGaTEWMnTsH/3H0vTIZWvPzcE2hpakBNZTmSU9KgFvy+dKDMRgO2bliLHZvWobLsBGzWzp9BJKekIX10NqbMnINZl12BpOQUyOTyYenpQuT3+3qcvhqjj8P9f3gWmVm5cLtd+MfzT2LrF2tHoEPgn397Gu+99WrwcW+h2XWrVuLZx38bfHzLHd/Dd35837D0OFIsbWZs+WIt9uzcAktbW3D7pGkzccf3/w/KsDAEAgE0N9YjRh8HTfjI/XzA0mbGQ/fdhdLiwwCAxOQUPPbcK0gfHfqPeomIiIiIiIiIiIho4IQDrCpVGKZPnoDVn28OGTDtid/vR0VVLSqqaiU3eKaMtFEh9xuNZrjcHqFzaTRqxMfFSlo/OTEeBblZOHikRKje6/Vi195DyMpMg0oV+tZ19Y3N8AgEGaVO+pTK4XTCaGrru/C/+npPTtdqMAk9RwCIioroFnYeCVL61WojodVKm/yTm52BtJQkVNXUC9U7HE58tecgrl9ypfAaWZlpGFuQKzw5uEsgEEBTcytWf7ZJ0nF90WojcdsNi5EQL+2zR0REREREF4aA3w9DawviE5PgdrlwcO9XKD3WGRyrKj+B/LET4PG44XI6ERamwt/+/GhwwuQTL7yOCZOnIxAIoLKsFO+++Qo+/eCdYZm26fP58MmKf+ONvz8Lt/vsPz5taqhDU0Md9uzcipeffQJf//bduPOHPxnwumeGHy+GyaKhqNRqxOhjg1NGk0aljnBHdKaaynL84YF7UV9ThbTMbKjVp8LlHo8b/kDnzxVtVgue+t2vEB2jx09+8whi9NL+yJxGxpnB7Sf//i9MmDx9BDsiIiIiIiIiIiKi85lwgBUAxhXm4WRFNUpKy4eqn5BUqrA+bylf19AMn88ndL5oXRSionqf5tqbqUXjcKKsEnbBKayNza04WnICUyaNC10nOPVU6qRPqUzmdlitNqHaMKVSUhCxpq5RuDYuNkZ4sutQkdJvrD4a4Rq1pPMrFApMnzIBdQ3NwlNYyyqqUVldh6zMNOF15l06A00tBjS3GCT1N9hi9dG4+fqrEaePGdE+iIiIiIhoZPh8Pnz0zpt46x8v4NY7f4CJU2agsuxEcP9X2zYhMzsP7775Co4XH8I9v/k9VOpT32c5HJ13gPD7/eiwWQEASqUSYSpp34v1p+9333gZb/3jBeFjvF6xP64lupB4PR6sev8/8Hq9eP6N95GVW9BrbcDvh8/nxZdbNwAAQ6xEREREREREREREFyFJAVYAWDR/Dkzm9hEJwkVFRiA+tvfgm8/nQ4NgCBQARiUlQBUWeipqTxIT4pAvYQqr3+/HgcMlKCzI7TXg2NFhh7nNInQ+nS4K0TqtcL9SGU1twlNsIyLCES8Ypu3osMNkFp/smpKcKFw7FKT2m5me0q91sjLTJE1h9Xi82HvgKDLSRkGhUAgdExERjmVXz8e7H66B1drRrz4HQiaTISM9BdcvXoCIiJG7LSAREREREY2srV+sxRt/fxZerxdvvfL8Wfu/3LohGGYDgNdeeAoPP/U33P2z3+IvTzyIF/70OxzauwtmkwE7N6/HPb95FFdfd8uQ991QW4XPV60MPk5MTsGPfv5bFE27BGqNBgG/H21tZuzZuQUfvv0mqspPhDgb9cbpcGDzutVobWmCpc0Mq6UdQOfr/e0f/QzR+lgoFArEJSQFj7ni6msxecZsAMAXn36EjZ99MiK9Uyd7hw0njxfjysXXhwyvnokhViIiIiIiIiIiIqKLk+QAa0REOG69/hq8//FnaGxuHYqeehWrj0FkZO8TUzvsDlgsYpNDZTJZn9NcQ5kxdQLKK2tgtYmFAVsNJhw6ehyzpk3qcX+bxQq73SF0Ln2MDmq1SrhXqWrrGhEIBIRqdbooRAoGEqU8R5Fpu0NNar9xsf2biqtQKDBrehHqG5vh8YhNYa2qqUdZRQ0K8rKE10mIj8VtNyzGB6vWwWRu71ev/aFUKjBn5hTMml4EuVw+bOsSEREREdG5JztvDJJS0lBfUyVUnz9uAmITEuF2u2AyGmA2GvDxireC+2urKuDz+YT/uK+/2swmtDQ1BB/PmHM5pl0yN7iuTC6HPjYOi5beiPlXLcWmz1ah+bT6Lk6HAzs2rcOmdatRWnwYNqsFKpUa+WPHY+HSGzF3wTXQhHd+j21pM+Oh++5CafHhbud49vHf4tnHfwsAKBg3EY8+/RJ0Mfput/VOTE7BY8+9gvTROcHj1q1aGTwOAH76wGNYtOwmAEBtVTl+e+8Pgs/xlju+i7lXLsaq95djz84tMBsN0MfFY/6ipbj5ju9BHzv4AUOToRVP//432L9rx1n79HHxmDJjNnQxZ3/fPTonD6Nz8gAArU0N53WAtbmxHl98+hF2bd+EyrJSeL1e6OPiMWHydCy7+RsYN3EyZBK+rz5yYA9+efedwcf33P97JI9Kw6qV/8Hhfbths1qQnJKGa66/Fdfe8s3gtTcYYuPiJR9zvoZYQ32uL73iKsxftLTHaxfofM/XfrQC61Z/EPyczbrsCkycMgP//Nuf0drcBAC45Y7v4Ts/vq/bsYFAANUVZVi3eiX27tyG2uoKAEByShomTp2JhUtu6PGa6e/XijO/TnQ5/Rqbf9VS3POb30M9wndUIiIiIiIiIiIiovOH5AArAERFReD2W5Zh7RdbUVJaLhx27K/OsGk8ZkydGLLOaGqD3SEWONSo1UhOlP7D9C5xsXqMyc/Gnv1HhOoDgQD2HyxGYX52j9NTm1sMcLrcQufq76RPEW6PBwaTWbg+OTFe+BeFrQaT8GTXcI0G+hidcB9DQUq/fU0H7ktG2ihkpqeirKJaqN7r9WLX3kPIykyDSiU+RTghPhZ3fO16rFq7EZXVdUP62ZXJZEhNScLihZcjbgCvDRERERERXTgys3Nxw9fuxF+ffBQAUDB2Iu762f0oGDsBHo8bmz7/FK++8CRsVgt00TG47tY7EB4egZqmcljazMjMzsXDT/0NzQ0NePz+e2A2GeF2OREeETmsz2Pzuk+RkDQK869ahtj4hG7fF4eFqYLB0NOdOHYEzzx2P6oryrptd7tdOHpwH44e3IfPP1mJX/zuT0hOSRvy5xDKJ+/9Bx++/Sa83lN/ZGk2GvDB229g367tuP/x55CRlRPiDNJ0hVfrqivx1Ev/xviiqb2G5S5EPp8Pn3/yPl5+9gm43a5u+8xGA7Z+sRZbv1iLm7/5Xdzx/f+FSt2/cOArz/0RDnv3P8RuaqjD6y8+g0P7duG+B59AbPzg/zFxVfkJPHzf3ULv5fkWYhX5XL/75iv4+cN/wuTpl0AmkwVrDu75Co/ffw9s1lN3ZDIbDVj70Qqs/WhFyHXdLieW//PvWPmff3b7nAKd72lTQx3WrVqJRUtvxA9/+htEREYNwrMlIiIiIiIiIiIiGnz9CrACnRMnr1u8APk5o7&quot;
08-31-2019 13:00:17 Wire.java DEBUG [Forwarding screenshot on session 57f77c2899285a2b963db09b270c4ab3 to remote] http.wire 87 - http-outgoing-5 &lt;&lt; &quot;Fx61ewWMUmn0qh0agxYWw+Zk6bBG1U37+Mamk1Ck+wjIqKgFY7sF9wTZ5YiOMnKoSnsLZbrNiz/wiunDf7rH2NTWLTbAcy6VOEzWZHu+AUW7lcjlHJicLnrm9oFg5MxuqjodOO7A/XpfQbrdOGnA7cF4VCgWmTx6O6tl74Gm5sbsXRkhOYMmmcpLUiwjW47cbFKCktxxdbvoRN8PoV1RU4v3LeHKSlJPV9ABERERERXfB8Ph9OHDuCowf3YfP61QA6J//d+8BjwemZKrUGi5bdCJlchhf++DAs7W34z6t/wxVXL0PumHH4y+srYG1vR2x8ApJT0vHivz9GfEKipImU/RWfmITUjNHBybE2qwWvv/gMXn/xGSiVSmTlFmDmpfMxffZc5BSMPesPPasryvDk737Z5+TZY4f3Y/lrL+LHv3hoyJ6LCJfT2eu+6ooyfLziLdz1s/sRFjbwu8O0mY149rEHUFddiV/87kmML5p6Vo3ZaMD+3TsRrY+FQqFAbsHYYCCvqvwkzCYDAODQvt0D7mcgTp+OKyoQCGDD2o/x96cfOyuIeKaP3nkTo7PzsGDxdf3q78zw6un279qBL9Z8hFvu+F63kOVgsFraJQWRz5cQa2N9TY/h1TOZjQb85Q8P4pGnXwp+vautrsBfn3qkW3hVVCAQwEfvvoV333ylz9p1qz+APi4ed/zgJ0M+qZqIiIiIiIiIiIioP/odYO1SWJCDgrwslFfWYMeu/WhqNgxoqqNapUJGegomTyxEVmaapFuO19Q1CtfGxcYgfIC3s4qL1WPCuHzs3HVA+JijJScxfmx+t+mvLpcbza1GoeMHOumzLwajCU6nq+9CdL5XCXFiYVopzxEAEhNG9hcUUvtNHYSgZlZmGrJHZ6D0ZIVQvd/vx979R5GXM1oo4H2mwfzsymQyaKMiUZifjelTJ/arHyIiIiIiunB1WC14+bknUFp8OLhtysw5SMsY3a1OJpNh6sw5yMjORcWJ49i1fRN2bd8UvH1213RImUyGhKTkYes/OSUdt975fbzwx4fPChl6vV6cPF6Mk8eL8e9X/4qUtAzcfd8DmDrzUsjkcvh8PqxbtTIYXo3S6vC9//sl5l+1BGEqNZob6vDMYw/gyIE9AIA9O7eirqYSOfmFeO61d3u9nfdQumTuAnzvJ7/EqJQ0+Hw+rP/0Q7z4598Hn/uRA3thbG0ZlEmxJ44dRfHh/XjgD8/1GF4FgJamBvzpoZ8DOHXL864A68bPPgneDv18ZDK2YvXKt4Ov7elTif2BAPbv2oEnH/4FbFYLvF4vdmxej9nzruzX1OFrb/kGbv3WDxAblwCn04EVb/4D77zxUnD/ob1fYckNX0Ok9uw7Bw23L7dugEwuwz2/fhS6mKH7Q+7+CgQC2LJ+Tbfw6iVzF+Du+36LhKRkGA0t+Mdf/oQt69cA6LyGP/3gbfzw3t9AoVRiw5qPuwXaM7Nz8X+/+h3GjC+CXCbDni+34eH77upx7aaGWqxb/UHwcZRWh7t+9gDmLVoCoPO1+8sfHgyGYz/94B3MmbcQeYXjB/Sc00fn4M2PNuCff3u622fuyb//CxMmTx/QuYmIiIiIiIiIiOjiNeAAK9A5iTMvZzTyckbD7fGgtq4JpWUVaGo2wGrrgNvthtfr63aMTCaDWq1CuEaNxIQ45IzOQPbo9AFNRb3l+qsH+lQku3zODFw+Z8aAzqFWq/Cdbw7tL59E5edm4Zf3fG/Qz3suPUcRI9XvjcsWDut6/fnsqsLCoAxTIjYmGnFxMcjOTEdmRirCNeph7Z2IiIiIiM5vKpW6x+mpCqUSCsWg/Lhi0MhkMixcfD1i4+Lx96cfR0NdTa+1DXU1eOQXP8b//foRLFxyA9pMBhzc91Vw/+x5C3HFNcuC00uTU9Nx8ze/GwywtpmNaKyrQU5+4dA+qRDSMrOQkpYBAFDK5Zi3aAn27NwanIxZW1WO1ubGQQmwtpkM8LhdePWFp/DWKy8Et7tcTpgMLQM+/7muvLQEJ0uOBh/f8PVvYcz4SQAABTqD3ldcfS0+ee/fAIC6miq0t5n7FWDNyS9EXHznnXTCwyOw9KavYffOzag4cTx4bpOx5ZwIsAJAbWUFrJb2czLAarfZcGT/nuDj8IhI3HzHd4PB+rj4RHzjuz9CyZGDwemzpceOwGazIEyp6vaeK5VKfOfHP8e4SVNPO1/vd/kpLy3pFn6dPW8h5l55dXDC6px5C1F2vDg4odVmtaD8RMmAA6xEREREREREREREQ2HQfyOkCgtDTlY6crLSB/vURDSE+NklIiIiIqKhotaEY868RVDIFaipKofNakHxoX0wGVrPmqTaUFeDuupKAJ2TBTNG5yAzO28k2u5GJpdj2iVz8cq7c1BbVY49O7fh0L6vUFp8+KzbgHu9Xnz28XuYeek82DtssFlO7V+3aiXWrVoZci17h21InkN/hUdEIi0zq9u2libxu+D0xev1oqr8hFCt2+VCm9mE6JhYuN0uNDfWD1ofA9XbdNwzp+iers1k6Pb4jw/ehz8+eF+va7icDnjcYnfO6UuUNhqZWbnBAKvJ0AJLe9ugnHugUjNG4zePP4PUM6Y0nyt8Pi86TvucjkpLR1JySrea6JhY6OPigwHWdrMJ1vY2RMfEnnFsJjKycoTXPvPrQ1ZufjAQD3QG7rsC6F1Che6JiIiIiIiIiIiIRtK5NdKEiIiIiIiIiC44ao0Gt9zxXdz8ze/g3Tdfxpsv/QXlJ0rw/r9fxbfuujd4O/j62mq89sKf4bB3IDwiEo888xLGTpgMS3sbXn72Cdg7bLjrvgfQ0tiAp3//Gyy7+XZccfW1wcmDw0GhUGB0Tj5G5+Tjlju+i0AgAJOxFWs+fBcr3nwleCt4Y2sLLG3mYetrKAUCAfj9/m7btLroEemlzWzEL+++c0TWvtAEAgH4fKfuuhKljYYmvPfJn/0ll8uhVCqDn42+pGaMxgN/eA5ZuQWD3su5KEwVhrCwsJFug4iIiIiIiIiIiGhEMMBKRERERERERMPC6XSg7rRbX3/y3n+w8bNVGJWWAb/Ph9qqCrj/O13SYe/A0QN7UTi+CPYOG/bt2oHaqnLUVlegqaEOZqMBRw/uw7xFS4Y8wLphzcdobWnC9bfdCU14eLd9MpkMcfGJuO6Wb2LfV9tRWny42/4wlRpqzalj5sxbiPse/iPChyAo2GWwJ2narBaUlR4LPg6PiET0OXhb9/NRV3i7y49/8RCW3vT1YVnbbGpF+YmS4GNtdAwio7SDvs7YCZOxfM12BM4IQVst7fjTQz/HyePFwW3nS3hVoVAi8rT3rrGuFs1NDYhLSApu6+iwdpvOHK2PhTY6BjK5HArFqR/Jmlpb0WY2dTs2lDOvmcqyE/B43MEprF2h+tOdOZE1uPY5NHWXiIiIiIiIiIiILk7ykW6AiIiIiIiIiC4Ou7ZtwoY1H3fbZrNacLLkKMpPlATDq10+fPtNlJ8oQVxCIsZOLAIAGFqa4HG7AQBF02Z2u3X2UPH5vHjzpedwx7Xz8M+/PY3S4sNw2DuC+zusVny5dSPqTwvn5o0Zh/ikUYhLSEThhKLg9l3bN+G1F55CfU1VcPplwO+H2WTE9o2f4xd3fRNHDuwJ1iuU3Sczlhw9BKfDcVaPytPqvF4vdm3fBLfLiUAggKb6Whw9uE/4+Xq9nmDY0Gw0YPk/X8ShvV8F9+ePnYCU9Ezh84Vy5mRXlUqNUak9h+3OJKX2XJVTUIjUjNHBx8v/+SI+/eBttLeZEAgEAABejweN9TVY8a9/4MF7f9Dvyb4ejweBQCB4Tbz+4rPdrtnCCUWIS0gc2BP6L/tpnw+ZXA6tLhq6GH23f7S6aMhPC5+fL+FVAIiIisKEKdODjx32Drz/1mtobW4CALS3mfDvf/yt2+tbMHYCoqJ0iIiMQm7B2OD2NrMR7731KoyGls5zOewoLz0VLD7TmdfMzs3rsfWLz+Dz+eDz+bD3y21Y+Z/Xg/ujtDrk5BcGHw/0a4XyzK9JRw7C43GHPIaIiIiIiIiIiIioN5zASkRERERERETDYuZl87Fg8XXYsOZjTJo2Czl5Y7B65dvB4GpKWgbmXr&quot;
08-31-2019 13:00:17 Wire.java DEBUG [Forwarding screenshot on session 57f77c2899285a2b963db09b270c4ab3 to remote] http.wire 87 - http-outgoing-5 &lt;&lt; &quot;kYGz/7BCZDC5bd8g0cO3wALz/7B5w4dhS3f/dHuP07P4LD3oFnfn8//vH8k9ixaT1u+Pq3MG7S1CHv32a14L23XsV7b70asi5Kq8PSm24PTlm98ev/g+JD+1BfUwWv14tPP3gHn37wjtCaySmp3W6//tnH7+Gzj98DABSMm4hHn34Juhg9svO6h/7ee+s1vPfWa1KfIoDO4PCHb7/Z4z6lUoklN9wGrS66X+c+XX1NFVb869RrOXbiFPz6908jPjEJ6z/9EC/88eFebzsvpfZclpySjlvv/H6wf7PRgL8++Sj++uSjPdYXjJvY77X++uQj+OuTj/S4L0qrwzXX3TLgQLhaE46UtAwc3r8bC5fcIDzR9VwKr7Y0NeAHX1va6/6fPvAYFi27CZcvXIzN6z5FdUUZAODLrRvw5dYNPR6TmJyCJTd+HcqwzvDn9DlzsebDd4LX7Jb1a7Bl/Rqh/pJT0rFo6Y14/cVnAHR+XfrzI7/Cnx/5VY/1S278GrJPC7AO9GvF6eFZAHj9xWeCvcy/ainu+c3vodZohM9HREREREREREREFzcGWImIiIiIiIhoWISHR+BH9/0Wl8xdgKkzL4VMJoPZZMCmz1cDAJbd8g1cf9uduOb6W1BZdgLji6bib089GpwIWDRtFhQKBaK0Oowrmoovt27Ajs3rMWPO5UMaYA1TqbuFSENJScvATx94HOOKTvWTmZ2LX/7uSTzz2P3BsJuo0Tn5mD7ncny5pedgXJdJ02Zhysw52L9rx1n79HHxyMkrxN6vtkla+0xKpRJf//bdmD1v4YDO0yU5NR2/+v1TaDeb8cHy15GdPwbxCYmQyWQoHD8JsfGJuPq6mzFm/KkJth63u89auVyOrJz8QelxqMlkMiy45jp4PR68/OwTZ00hHg4qlRp3/fT+AYVju6g1GixaehMev/8ePHDP9zB5+mzIFaduAJWWkYW5V14DxXk6efV0o1Iz8LPf/qHPz7U+Lh4/feBxjM7JC26bPH02vv7tu/H263+XHLyWyWS4/rY7YO+wYeV//hny+KuuvQm3/c8Pu73eA/1aMXHKDOTkF6L8RO9TYomIiIiIiIiIiIhEMcBKRERERERERMMmIjIKc04LQCanpAf/PT4hCUDntMLE5BT4fD4suOY6xCcmYcv6tdi5+QvkjRkPq6Udu7ZtwtgJkzF9iMOrQOdUwaJps1B8aB++2r4JJ4qPoLa64rTnkIZxRVMxd8E1KJo2Eyr12dMH88dOwPOvv4eDe3dh3aqVKD9RgqaGOgCdAcKsvAJMmjoTl8xdgLzC8cHjIqO0uPf+x5A3Zhy2bfgclWWlADonZqZlZkGh7PzRjlYXjV89+md8/O6/sPbj92A2GqCPi8c1192CpTd/A3t2bBYOsC6+4TakZWRh/acforKsFCqVGjPmXI7rbrsT4yZOhkwu7/skAhQKBQrGTkQgEMCxw/uxfdM6LFxyA9Iys7B/9074vF7MuuyKbsFGKbXnC4VCgcU33IZL5i7A1g1rsWPTOlSWnYDNagHQGSrMLRiLKTPnYPblV0IbHdOvde74wU/g83qw8bNVaGqoQ5RWh0uvuArX3XoHMrNzIZPJBuX5TJo2E7/784t44+/P4p03Xuq2b8Hi6zBn/kIoFApEanW4/rY7kTE657x834DOz/Vzr63Ajk3rsPHzVTh6YC/cbhdUKjXyx47HpVdchfmLlkIXo+92nEKhwNe/fRfGjJ+ElctfDx6XlVuAhUtuQHJqGh795f8G61PSMrodr1Jr8K277sW8RUuxbvVKfLllQ/DrSXJKGiZOnYmFS27o8fM60K8VCUnJeOjJv+Kjd//VbV19XDwSkkZ1C8sSERERERERERER9UW2YsWKQH5+96kURUVFcFkaR6glIiIiIiIiIqJTfD4fXnrmcaxe+Xa37T9/+E9YcM21I9TVhaO2qhy/vfcHaGlqAADccsf38J0f3zesPbQ0NeBPD/4cx44cAHBq2uuZ0yOl1l7MjhzYg1/efWfw8U8feAyLlt00gh1RF5fTiRee/B1i4+Ix/6plSM/MhjIsDD6fDw111Xj1+Sexe8cWAJ3X9x9e+CcmTJ4+wl0TERERERERERHRhcQZiAAAHDx4cETWLyrqvPsaJ7ASERERERER0TmtpakeB/Z8CaVSiQWLr0NTfR0O7duFL7d8gdnzrkR4eMRIt0gDlJicgseffw1fbv0CzY0NmDz9EuQXju9x2quUWqJzld/nw3tvvYb33notZN30OZcjO2/MMHVFRERERERERERENLwYYCUiIiIiIiKic1p8YjJuvfP7aKitxte/fTc6bFb8+9W/Yt6iJdCoNSPdHg0STXg45l+1bNBric5XBWMn4js/ug+RUdqRboWIiIiIiIiIiIhoSDDASkRERERERETntLAwFRYtvTH4WK3R4Ce/fmQEOyIi6j9lWBguu+JqyBUKVJWdQG1VBdxuFwBAHxePsRMmY878hbhk7pXQhIePcLdEREREREREREREQ0e2YsWKQH5+freNRUVFcFkaR6glIiIiIiIiIiIiIiIiIiIiIiIiIiIaCs5ABADg4MGDI7J+UVERAMEJrK80VmC1qQHH7VZ4Av4hbexCFSaTY0yEFktjU/CDUdkha98y78Z663GUuVrhCfiGqUM634TJFMhVJ2Chdgzu0M8IWbu8xI0N1V6Utfnh5UeYBkApB3Jj5FiQqcTthaqQtUfXtaBirxnmOgf8vsAwdUjnC7lCBn1aOLKn6TF+UWLI2uWrtmDDzsMoq2mE18v/Lg4FpVKB3IxRWDB7Im5fdnnIWm/ra/C3rYHfeQIIeIapw4uILAxyTT7kMYuhTPhuyFLHnuVwH98Ar6EM8HmHqcGLlEIJZXwuVGMWIHz67SFLnas/gfvLHfDW1gBevi+9UiqhTM+A6pI50Cy9NmTp4fIaVNS3wGS1we/n/1MMhFwuQ6w2CtmpiZiYkxGydtVcEDF0AAAgAElEQVTG3fjqQClqGlrh9fG/vxcDpUKBjJQEzJpcgGVXhP4ek9fHwPH1ppEi5dp7o3orPms+jJO2Jnj8vPZEhckVyItKxtVJE/E/mXND1h74qB4ndxhhrO6A38v/zxlOcqUMcZmRyJsTh8nXp4as/dfK9Vi3bS/Kqurh4c8lLkhhSgVyR6di0WXTcOdNC0e6HSIiIiIiIqKLSsgJrDUuO/63bD+OdLSPUHsXpgmR0fhr7hRkqCO6ba/ztOH+xk9Q4mwaoc7ofFWoScYfRl2LtLCYbtvrbX48tN2J4yamVmnwjYmV49FLNUiNknfbbm11YdM/qmCsto9QZ3S+icuMwPzvj4Y2Qd1te32zEQ89txzHK+pGqLOL05jsNDx67+1ITYrrtj3groWn+l74HcUj1NnFRx4+DmGZz0GmSu+23ddWD9uqh+BtPj5CnV3clEljELXsUShiuv+S29/cDNvzz8BbWTFCnZ2/lFnZiPrJzyBPSuq23WJ3YOPeYhjarSPU2YUtPlqLK6aNgy6i+62pmw1teP7NVaio5felF7Ps9GT85FvLkBTf/XtMXh9Dg683jZTerr1ahwm/OLIcxyz1I9TZhWOsLhVPTbgd6eGx3ba3Nznx+dMn0FpuG6HO6HQJOVG46r58RCdrum2va2rFr//4KkrKakaoMxoJhbkZ+OOvv4e05ISRboWIiIiIiIhoSJ0rE1jloYoYXh0aRzra8b9l+8/azvAq9VeJswn3N35y1naGV2koHTd1BqTPxPAqSWWstmPTP6rO2s7w6sg4XlGHh55bftZ2hleHn99RDE/1vWdtZ3h1ZHmbj8O26qGztjO82n/eygrYnn/mrO0Mrw4tQ7sVG/ee/XWdYTkCgIraJjz/5qqztvP6GBp8vWmk9HbtMbw6eI5Z6vGLI2d/f8Xw6rmltdyGz58+cdZ2hlcvTiVlNfj1H18d6TaIiIiIiIiILhq9BlhfaaxgeHUIHeloxyuNp37B/ZZ5N8OrNCAlzia8Zd4dfLy8xM3wKg254yY/lpe4g4+PrmtheJX6xVhtx9F1LcHHy1dtYXh1BB2vqMPyVVuCj72trzG8OkL8jmJ4W18LPnbsWc7w6jnA23wcjj&quot;
08-31-2019 13:00:17 Wire.java DEBUG [Forwarding screenshot on session 57f77c2899285a2b963db09b270c4ab3 to remote] http.wire 87 - http-outgoing-5 &lt;&lt; &quot;2nggjO1Z8wvDpA3soKOFef+oOsw+U1DK8OA0O7FYfLT4UyVm3czbAcBVXUNmHVxlPfY/L6GFp8vWmknHntvVG9leHVQXbMUo83qrcGHx/4qJ7h1XNQa/n/s3efgXFU58LH/zOzvWq16r1ZzZKLXOTeuzGYYtMhJFwg5AZSCMkNNy/JvSE3JKSHEEgCgRASIDbNmOJCcQFX3KtcVSxZvW7ffT+MvNaialsuSc7vk7Qzc+bMzNnZmTPPPKeNz14/2/ZfWLZKBK/+G9tfdpIXlq263NUQBEEQBEEQBEEQhH8LvQawrmioupT1+LfUdR+vahWBCMKF69qO1pzwX8aaCP9Oura1o1sbL2NNhH92XdvPmo27LmNNBIg8BsGmlZexJkLX/e89sOYy1kToquux8H6y4TLW5F9H1/14tPJ0H3MKg6nrvv70s4OXsSbClahrmxDt4+IT+1u4XLq2t3drxL3YxdB1vx7eUH8ZayL0peuxeX/d1stYE+FKINqAIAiCIAiCIAiCIFwavQawHugQ2W4utq77uMxTexlrIvyr6NqOyppE9lXh0uja1horXJexJsI/u67tp+zkqctYEwEij0HQ3X0oReHS6br//XVll7EmQlddj4W/XGRmGgxd92NDq8hKdql03dcnq8R9qRCpa5sQ7ePiE/tbuFy6trfDbSLz78XQdb/Wn2i/jDUR+tL12JQdF5mI/92JNiAIgiAIgiAIgiAIl0avAay+kAh+u9i67mNfKHAZayL8q+jajvziKyxcIl3bWjAQunwVEf7pdW0/fr/4XbzcIo5ByHf5KiJE7v+AyLB+xeh6LPziuAyKLvsxGBTXFJdK133tD4jfXyFS1zYh2sfFJ/a3cLl0bW++oGh7F0PX/Rr0i+ucK1XXY+MT/RL/9kQbEARBEARBEARBEIRLo9cAVkEQBEEQBEEQBEEQBEEQBEEQBEEQBEEQBEEQBEEQBEG4GEQAqyAIgiAIgiAIgiAIgiAIgiAIgiAIgiAIgiAIgiAIgnBJiQBWQRAEQRAEQRAEQRAEQRAEQRAEQRAEQRAEQRAEQRAE4ZISAayCIAiCIAiCIAiCIAiCIAiCIAiCIAiCIAiCIAiCIAjCJSUCWAVBEARBEARBEARBEARBEARBEARBEARBEARBEARBEIRLSgSwCoIgCIIgCIIgCIIgCIIgCIIgCIIgCIIgCIIgCIIgCJeUCGAVBEEQBEEQBEEQBEEQBEEQBEEQBEEQBEEQBEEQBEEQLikRwCoIgiAIgiAIgiAIgiAIgiAIgiAIgiAIgiAIgiAIgiBcUiKAVRAEQRAEQRAEQRAEQRAEQRAEQRAEQRAEQRAEQRAEQbikNINZ2BMFk7k5KReAQ+1NTP90Wbd5JjqS+PXQqSToTfiCQZ48sZOfHt3ebb75sencmVLICFsMFo0OCQgBbX4vO1rqeL5iH+/Unui23AfjrifXHBXx2fqGKm787J2Iz66Ky+Tx/IlEafXhz9oCPh45sJF/VJdxQ0IOj+VPwKJoB7TtvW3vpTIjqpg74qcxxJiIWdEjIREIBWnyt7OltYy/nv6YXe3d91dXP0i/kWtixiIhAVDlbeChoy+wt/1kj/M/k/tlSq1DADjqruHavY/3W8+rnKP5bur1mBV9v/N+vtzvp9/ItTGlAHiCPn5/6n2erV4TMf9XkuZxV8JMtJLCaV8zjxx7ic2th7vVtyeeoI8KTz2v12/mhZoP+63b58vb31HBTft/3uO8Y61DeCzzFuK09l7LCxGiPeDhsOsUz5xaxcaWA/3W4WKKM2u4Y4SDKelmnCYFnSIRAly+IJUtPlYeauXFXU29Lp/p0HHrsCgmpplwGBQUWW1XHn+IylZ1+Vf3NtPhC0Ysd++YaO4c4UDbOT9AuzfIExvrWHGwJWLen81NZEqGOeKzLZUu7l9RCcDvrkpmTLKx1zp6AyFaPAHeL2vj6a0N3erSUxkH6jzcvqy81zK7zt/iCfD4+lreL2uLmOe/p8ZxTb4NgGONXpa+on7HFuRa+fakWExamQ5fkMfX17LyUOuAtqUrXzDE8zsaeXpLQ/iz4ngDd410MCzegFWvIEvqObXdG2RfrZsXdzbxSXnHgMq/mDLHxDNsQSbRqVZ0Rg1IEAyE8LR5qdzXwJ53jlNT1ke7GxPP0NnpxGbZw8sTAq/LT+3RZvauOsGxLTXdlpt6TzH501IA8HsDbFtexo43j0bMM2bJEEYsykLWyLQ3uPngqV1U7q0HYOlPJ+NItgx4Oxsr23jlW+vC/1/13bEkFznD/9cda2HZIxsGVNbQ2WnkT0/FnmBGq1dAgoAvSEezh8rddWxdVkZ7g7vH7RiIoD/IjreOsuVV9Vw6YlEWedNSsDgNaHQK0Lm+Jg9lG6v47I2j+Nz+AZU92H73o28zZkRhr9M9Xi+Vp2p5a9U6XlweeV0wZnghP3joHmKdjgGtq7a+kUefeIYtO/d1m3bV7Mk8dO+tmE3G8HqfefE1XvjHyh7L+u8Hv8g1c6f2W25PivOzueumqxmWn4PVYkKWZUKhEO0dbvYdOsqLy9/hk227B1TWYDPm/AZt/O0Dnj8UaMN99CF8p//eufxv0cbfCp3XJUHPSVwHvkCgrft1Y1f6lK+hjbsVWZ8KsoHOhQl6q/HVLcNb8XNCgbPnZY19Csbcp5F0iRDy4qn4JZ6TP4ooU7GOwZjzK2TTmfYVwt/0Ea4Dt4XLUqxj0Kd8E8U2Fkmxg6QAIUKBVgKt2/FW/gZ/U+R1y+Wgic3BMvk+9NmTkU0OkBUIhQh52vDVHqZjy0u4dr7WZxn2a36MaeQNIKnHJtBUQeMrX8VXuavP5SyT7sU48gYUexKSVj02Ib+XYGsNrj0raFv3FCFPe3h+XeZ4oq77GYotfkDbFmipoWn5N/Ee+yT8mT5nCpapX0Ebl4ekt6h1DgYIulvxHttI28Zn8VV8NqDyLybD+CmYFt+INj0byWRS6xkIEGxtxrvrM9rffBXfwb19lhH9w1+iGz4q/L/vyCHqv/alAc3vLz9O3f39f1+N0+di+/I3kIwmQn4f7f/4K21//dMAt/LiSo6PZ9b48eFzb3/aO1ys/uQTKmtqmF46loLs7F6nd7Vk3jxioyN/K/YfOcIHmzb3W6dQKMTew2V8vHVrj3XKy8xgyujRaLVafD4fH2/dysFjx7uV09v6Lpdf/e/DpCQN7HsKUFFVwx9fWs4DX7qFaEfv90ddNTQ28+s/vURjcysPffkOUpMSADhVU8ePf/ssFVVnj1NKUjzf+c8vkhgfA0Bbh4vnX36T2vqGc1onwO79h/n+E78HICczlW/edwexTgfvfrCRP/51OQC5Welcf9Us8rLTMZuM4d9il9tD2bGTvPHeh+zYczCi3J72Wdd1nTFh9HDuveMGLGZT+DOX28MfXlzGR59sC392PnW4VO7/wlJmTi7tdXogGKS9w8WO3Qd4cdnb1Dc2h6d9/6H7KC7o/R4ewOv1UdfQyNr1W3jtnbUR07ru5zXrNvG7P7/Srdy29g7+8OJy1m+O/C3oWu+Kqhoe/N5PACguyLmgdnQplZYUs2jOVNJTEjEa9EiSRCAYpLWtnT0Hynh71ToOHe27n+grd93I9IljkDp/80/XNfCz379A2bHu98Q97ZtQKMQHG7bw5HMvR8y7eP50brx6Ljrd2T63M9/z3fvLmDp+FP9x2/UYDT33HYVCIdweL+VV1bz8xns9tu/pE8fwxZsXYzKq1xxer4+X33yP19/5oMcyu7aL3o6Z0aDnuoUzGVdSTEy0I1z/YDCIy+2hoqqG9z7cGPH9BCK2JxQKsW3XPv7v18/2uv/8/gCvvbOWv7/+bsQ8I4ryuOGq2RHHNNj5Hdp9oIy33vuo32N6sfyw5C5uSJ/S63Rv0M9pdyNvV2zmmYMraPe7e513acZUlmRMJduahFGjC/dxtvo62Fx3gBePrGFzXd99ZrOTRvGFnLnk2lKwaA1n+0m9bXxau58XjqxiZ8ORbsuZNQa+WnAtc5JGEWOwo5PVrnN3wEtFey3LTq7nucPvdlvuUkgdEcu8b4/GEtP/tU5bnYt3H99K+Y7aiM9zJiYx/Oos4vMc6E3acJ+Jp8&quot;
08-31-2019 13:00:17 Wire.java DEBUG [Forwarding screenshot on session 57f77c2899285a2b963db09b270c4ab3 to remote] http.wire 87 - http-outgoing-5 &lt;&lt; &quot;NHzcFGdr55lLINVd3Km/2NEormZ/S5zoAvSHuDm7L1VXzywj68HWf7Be744yyc6baI+U9+dpplD6+P+Cx3SjIzvzYSg1UX/szb4Wftb3awf/XZ/un00fGU3ppPTKYtvB2hYAhPm4+TO2rZ/o/DnNrfwOXwg4e/wnULZ/U5j9fno66hidUffcLvnvs77R2u8LQ//vwHlI4aNqB1+Xx+nn1pOb999m+UlhTzo0ceJC7G2eO8oVAIT+d588V/rGD526t7nC87I5U7ll7N5HGjiI6yoShqv8+ZZd96/yNefv2diDoDLJozjUe+fk+f1+LBYJCWtnZ27jnIM395lV37DoWnDWS/ddXe4eKxXzzDW+9/yLDCXO65fQnDi/KwWcxd+kVc7DlwmD///Q02bL7893yCIAiCIAiCIAiCIPTuisvAalG0/KxgMk8VzWBydBLWzuBVUPvUrBodk6OT+H3xDJ4unjGgANN0k40RttiIz4ZaozEPMDj1SmZW9Pwg/UZ+knUHIy2ZWBRDOABVkWScWivzokfy5JB7uCthRq/lpBtiGWHJDC8L4NTYGNdHwOflpJe1LIguId0Q2//M51BmtjGBrydfxW9z7u4zyHaSvYAcQ0LEZ8l6JwuiS857/RISFsXASEsmP8m6nSWxE867rAs1NcPM7xclc2ORnUSrBp0iddYRTFqZIU49D4yP4emrk8l06Lotf0Ohnd8vSuaafBsxJk04eBVAr5HIcuj4SqmT565NYVRS/x3vRq1MYWzk8TBpZdKiLuw7rFMkYkwabiqO4uFJ3dvShFQT2dGR25dk1TIvxzqg8m16hcX5A3+webFcnW/jibmJTE43YzeowaugHk+LTmZssonHZiVwfeHlq6vWoGHqPcXM+uoIEvIc6EyaMzFryIqE0a4nZ3wi8789mhGLsvpcPrnIGbE8EuhMGpKLnMx6YCSzHxyJ1tD7+xsancKQiUnYE829zjOYUkfEEp0aGfxqjTOSMzGpz+XM0QYWPDyaiXcWEpNhQ2tQwtusaGWsMUbyp6dy7f+MZ8ikvssaCK1Bw/xvjWbsjblEJZrDwavh9cUaGXl1NnO/UdLn/r2c9DodWenJfPWLS/nF978Rfpg92MaNLIooW6/TMbIof9DXc/WcKTzx/77G5LEjsNssyLJ6WSdJEhazkbEjh/LYd+7n+gW9//5fqWRjDoqtFLpcl8jaODRR03pdRlIsmApfRp/2PWTjkLPBqwCyHtmQjj7l6xjzX0RSBh5wLpvyMWT/MjJ4tXkd7sP3h4NXtfG3YSp4CU30PCRNdGfwKoCEpNjQRE3DmPcsuoQvDni9F4NpzK0473oJ4/BrkS0xavAqgCQhGazoUkuIWvw4jqW/QdL3fA7UODPRpY0KB68CyJZY9FkTe12vpDcTfesfsc78JpqYrHDwKoCk0aE4UrFMug/HTU/1ut7zYZn2AI6lv0WXNhrJYD1bZ1lBNkVhGLoAx42/RT9k6qCt81xJRhP2B76D/eHvoyschmQ2n62noiBHRWOYMhPH93+K+fpbei1HP2ocmvTMiM+U+EQMU2dfzOr/S9PrdcQ5oyM+S01IwHwOvx1piQkRwVeSJJEQG4NW+89/H3q5VFTV8M7aDXS41MCnhDgn138u2OH6hbNIiFODN0KhENt37Wft+gsP+E1LTsRmNeP1+qg8dRqAGZPG8p2vfpHRwwuxdgZMgHqsTUYDwwpz+ca9tzN3Wv/3dvGxTnIyUyM+y0hNwqDv++XPwazD5aDIMjaLmcnjSvjPL97Ua8Bib3Q6LUkJcdxy3Xy++qWbz3n9FrOJWVN6D7D9Z2Q06PnKXTfyjXtvp2BIJiajIRyAqsgyUTYrk8aO5JGv/weL50/vtZyk+FjyczLCywI47DaGFeQOuC6SJJGR2v1eJDUpPiJ49VxJkoTRoCc3K537v3AjJcXdr7VHDM2LaE86nZbC3Oxu8w3UlPGjeOLRb3Lt/BkkJcRF1F+WZcwmI3k5GXzlizfx4N239NqWJUmiYEgWs6eMO6f1L716Dg99+c5ux1SWZawWMxNGD+eh++/scV9cCXSyhhRTLPfkLuC5Sd8ix9q9XSQYHTwz4es8OuIOih2ZmDT6iD7OKJ2FOUmjeWbC1/nvYbf2uB6zxsBjJV/k52PuY5RzCFatMbKfVG9jYUopf5jwde4esiBi2RxrEs9N+hZ35swmyeQMB68CGBQdObZkHhq6hB+PunuwdsslozNpmPPNEhb891jSSuLQm7URfSZ6s5a0kjgWfq+Uhd8rVftUzpGilbHFmyi5LodFj47rt4yoJAvxeZEvBcVk29Ea+15u3O0FXPW9UpKLnBHbIckSBpuO3CnJXPW9UjLGDvzlmktNp9WSFB/L7UsW8csffnvAL2BdCEmSMBj0DMlK56H7v8DSa+Z2m+fGa+bx7C//l+sWziLW6QgHr4J6bZyTmcbX7rmNF3/3Y8aMKDrnOsidv0FTJ4zm5//zMJNKz78f/YxrF8zkNz/6LlMnjCbKZv1cv4iJcaOG89NHv9nj9gqCIAiCIAiCIAiCcOW44gJYH8ubwJLEIWjlvqumkWQWxmXyzLCZ/QaxRmv15FsiO8TyLdH9ruOfwX+lXs/VzjFoJaXP+WyKkbviZzAvemSP08dZc4nTRQav6WUNpbaBP5i41DINcSyJGfyHcLIkM9GWz8Mpi3udZ5QlG7vGFPGZVTH0meH1XFgV4wUFw16ICakmHp4US6q97++VBIxMNPLV0sg3+68vtHN/qZNoY99tUgKyHDoenRbPhFRTn/PKEt0CZSekmvpdx0DJEszKsvCFEZHniZIkIzZ95HnCqpcHnAkVoChez01FUf3PeJGYtDJLh9r73VdWncwdI6Iojr84AX39mXRXIXlTkvvNCqo3axmxKIuc8YnntbysSGSNTWDO1/oOYo1KslA4M7XX6YMpqSAavSWyfetNWpKH9pw1A9Rg0un3DSN1eCxSlwDxnpijDYxZkkt8zoW1w6K56SQXOftenwRJhdGU3nTl/naA+tBkwuhivnlvzw89L0RacgL5OekRD/oB8rLTGDO89+yw58pkNLB00Syio2x9zmc1m7jjhgUU55//w/rLQRM1DUn3uYfasgHF3nugoS7xHjT2qV2CR3siobFPRp/+6IDqISkWDJk/RjGfDV4NtG3HffRhgt6q8Dy6xHuQtH2/VCNp7OiSH0SxjhnQugebacwtWGc9hGzu/dwCgKxgKJiLbda3epysy56IYot8iUfS6NFl9X5NZh57hzpd7uPYSBL6jHG9rvdcaVNGYhp5Q78BsYotAeuMrw9q4Oy5sN33dYwz5yNp+r7uki1WzNffimHKzB6n64pGIFsizwey2YK+S0ZW4dxoFIVoW+T9kZptr/vLW71JiIkNP0Q/w2axkJ16aa4x/lW998FGtu7cRygUQpIkRg8vZO509Rw0d9oERg0rCP8OV5+uZ1kvGcbOVVZ6CnqdjrYOF8crqjAa9CyYOQm7re+XIswmI4vnTyc3K73P+WxWM2nJkde4aSmJaDS9nzsHuw6XkyRJFOXncOv1C89reVmWGVGUd17Be7lZ6SycNfm81nsluvvW65g2YXSfbQfAYjJy7fwZTBrbcz/RsMLcbplmtVoNwwrPrd/DEWVjeGHk/cHn2/qFcDrs3LR4XkTAaFJ8LFnpyd2uyTNTkyguyDnndZQU53Pb9QtJiHN2K/PzFFlm4tgR3NhHsJTZZGTaxNEDDtjOzUpnxqSx/c7f07640khIFDsy+a9hkQHnZo2BH5XczeT4YhSp7/t6g6Lj5qwZPQaSfm/4bSxOm4hW7jsI0qY18x+5C1iYcjaA/bbsWRRFRb7c/3mKJDMveQz35J7fuepymf6fIyick44ygD6T3MnJXPX/zi+IFQAJEguiKZiV1udsRpuOmMzPXWtl2vusY2JBNEPnpvdbN0uskQl3Fp7/NlwikiQxrDCPRXN6f1HzYrBazHzx5msZ1uXcvPSauTx4z239ZhiXJImczDR++N0HLigANS4mmkVzL2y79TodN1+3oN8697S9giAIgiAIgiAIgiBcWa6oXpxbk/OYE5uG0tkZ3Bbw8c7p4/y5Yj&quot;
08-31-2019 13:00:17 Wire.java DEBUG [Forwarding screenshot on session 57f77c2899285a2b963db09b270c4ab3 to remote] http.wire 87 - http-outgoing-5 &lt;&lt; &quot;87WmqZ4UzhluR8ZjhT0MsKElAalcAXUgv57fGdvZZrlDUUW538vfP/LJOdXLMayBMMhZD76XxuC/h45MBG/lFdNhibOWiujxnHtKihyJ0du03+dt6o38zrdZup8TWxMHoUS2InMMSYiISEXWPiquhRvNvQfcicCbZ8TLLawX3cfZoUvRONpJBjSGCSvYD1zfsHvf7tAQ8/Kl/Givqeh9Dsj0ZSmBs9go+b97G59fA5Lbup9TD3HHoq/P8kewHXx4xjoq0AvaxBlmQm2wt73fbxtlw0kkKQEMfdp8k0xCEhMcKSSbohlhPu2m7LnOELBXiueg1PVkUOOTbJXsA9ibMZblaH5ErTxzDelssnLYd6KuaiuW24gzizemoIhmBntYvl+1p4t6yVwlg9S4qimJFpxqSVkYDhCUbm5Vh5t6yVNLuWG4baserkHpfPdOi4Os/GglxrOKAywarhhqF2NvYzfH2yVUNhrJ59tR4AhsYbMGtlgiE1UVnf32LYUuni/hWV4f8LY/XcPsLB1AwzWllCr5G6BW+WppjQyBLBEJxo8pLh0HVus4E0u5aTzb5+96dRI3NNgY2N5e0Dmn8gPr8tfZmSbibZpgbFhIBd1W6e3d7AxvIORiUZ+VJJNKOSjMgSxJk1TM0ws7um96H8LoaCGalkjIoLB0a6W70c/KiSgx9V0FbvZsikJApnpeFMtaqZQSxahkxKpuyTUz0u73P7Oba5hj2rTlB7pJnUEbEUTE8lbUQsilYGCRLyHQydk8aON4/2WCdZkcgel8jJz2qp3Fvf7za88q11Ef/nTk5m0l2FaA0afG4/65/bx6F1PR+zlKIYZEUiFArRVNWOI8mi1jHPgT3RTPOp9m7LjFiUSWK+I9zwW2td7F9bHl5H7uRkCmakYo1Vg60tMQZypyRTU9bEllcPs+XVyHPmVd8dS3KRGtRWuaeeFT/qnqVs4XfGqPsPdQi/Pe8dZ9+acrwdfornp1M8LwODVYckSyQXx/Ra90tly4593P/dx8P/Txg9jGvnTWPC6GHodFpkWWbS2OFMGD2MjVsjhz33+f08/+rbPP2X5ee83mnjS8JZ3xqamlFkBbvNgsNuo7SkiC07913YhnWaUjqS5IQ4QM0ut2t/Gc/+/U02bt3FqGH5fOnmaxhVnI8sy8TFRDN1/Ch2H+g+RObF5Cr7Kq6yr0Z8Zhn5KbJJDSzx1fyl2/QzNFEzkRQ1oDDoOoxsyABJi2IuQOOYjb9xVbdlFPukcNbVUKAFb9XT+KqfIxRoQZf0ZXSJ9yFpnSApaKKmIRtzCLp6v7aTFAvG/BfQRE3lzJct0L4P1+GvEOw4O2SpJnq+Wj91zQRaNuGp+Bn+xlVo7JPQpT6MxjYRJAVZn4QmeiGB1i0D2oeDRePMxDzmNmSDGuAYCvjwHP6Qjq1/w3P4I/RDpmIafTP6IdOQFC3ICvrcGWh3voGvIvK6UZ8zGUmnvnjirzuKxpEGigZtXC76IVPxHP6o2/p1maVIGvU6M+RupX3TC3RsfYmgpxXzuC9gHncXsskBsoIuayIaZyb++mMRZYQCPtrXP03r2l8MaJv1OZOQLZ1BxcEA7sMf0PbRk/gqd2EomINl2lfRxheAJKGJyczjzTUAACAASURBVMY4/Fo6Nr94Tvv1QpnmLkJfOgk6AxyDLc241qzEtWolgbrTGKfPwTR/MZr0LJAkZKsN47S5uD9e060s3cgxoNFAKIi/ohxNShpIEtrCYjTJqfgruw/1/K8sGAyyfd8+Nu/afUHlREdFvvwR64hGoyjhwMm+ZKelER2lPkz3eL34/QHMJiM6rZbUxAQOHO35GuSf0Zmh1c/oOlR2T8PdAxEBZL0Nld2XZW+vZkhmGonxMZiMBubPmMiJ8lPMmTY+nMXM4/Hyztr1VFTVALB7fxn/8dD/RJRz0+J5XDt/BhqNEjF8eU9SEuOQJIm6+kb2HzrK5NIS4mPPZno9eOQ4y1asZvvuAwzNy2bJojkMzctClmWcDjtjS4r6HNpbzRSfEs4WmxQfS2pSfLj8ntrc6OFDB7UOF1tFVU1Ee0lJimfBjElMGT8Ko0GPLMvkZfccZNvTkO4pSfEsmj01HKxpMZnIz8lk++6+hxb/PL1ex8zJpXy2+wBVNb3fy6v1uLB2dLHNnjKOMSOGhoPnW9ra+WDDFtau30x9QxNTxo9i7rQJpCUnhLPTTRk/ivU9DK08oigvnAG4qvo08bFOFEUhNTmBkuL8Ae9ns9FIZnoyOzuHih49fChORxShUAig3/Pp588jRoOeGZPGsnDW5HD7j491MrIon41b1b7BsSVFxESrL6g2tbSidGYptdssDB+ad07Hx2jQc9PieTg7A6RCoRAnKk6xZt0mNm3fTX1jM5NLS5g7bTx5ORnIsoyiKIwaVsD7H37Sa5vKyUjjmnnTB3TuG16UR5RdHQkmGAyybdd+/rFiFWXHyiktKWbJotlkpCYhSRLJiXFMHT+adz/YMOBtHGxlrVVctfqR8P/FjkxuzZrJzMSScEbUkdFDuCVrBi8dXQvAl4bMZ0xMbjh4tNHbxmsn1rP8xDq1vNRx3JgxjRLnEBRJRpFkpieMYGFKKW9XbAJgacZUZiSODAfAdi3jlKuBq1PHc1PmdHLtKWo/qc7MotTx4eVLnEPCfcSn3U384dBKlp9Yh1Vr5D9yF7I4bSJmjQGDomNKwjCeOfT2JdunnxfwB9n690NsfL7/+8viBRlkj08M95l4O/yUra9kx5tHqTnYSMbYeIoXZJIxJl4daUWC5KIYhl+dzZa/H+xWXv2JFl64O/LlEEuskWFXZTJycQ46kwatUUNCnoPee+tBY1CIHxLF3s6vgCPFgjNdbee9/e6lj4rHHN15zxcMcXRTNZv+eoCag43kTExi3O0FxGbZQYLoVCsFs9LY2Uu/z6Vw5Hg5i+98IOKz+FgnS6+Zx63XL8RsMmIyGigqGAKvv9Nt+U3bdnH3Nwb28mVXPp+fZ19azm+f/Vv4swWzpnDXzYvJy1Yza8dEOxg9fCi79h0iPTWJmxbPx2rpvAcPBtmx5wAvv/EeK1d/THZGKovnz+DqudPDwaKJcTHcuHge6zdt77b+9g4Xj/3iGd56/8OIzxfMmsL9d91EekpiOBu12WSkvcPFoz95kkd/8mTE/K8//2uyM9QXv5a/vbrb9AWzppCapL5cGQqF2LHnIM/85VXWb9rOmBFF3Hvn0vBvYnxsDDMnl7Jr36XtZxcEQRAEQRAEQRAEYWCuqBSkV8dlYdOoGW1a/F5+eHgzX9v3MTta1M7etfUV3L1rNU+f3IMnGADAICtcFZfZY3mNPg9NPg+yJFFkPZttarQ9DqfWSDAUos7rushbdfFMjyrCqqgP52p9LTxy/CV+XvEWR901tAc8vFK7kW8f/QuHXKc45W3k9frNPHXq/W7lDDOnk2dSs5y5gl7ea9xBs18NJnRoLUy2F1y6jTpHsVobS2LHX3A565v38/Ujz/Fa/acEQ0Gg921fEF1Csl5tT03+dlY17sQV9AKQqHMwI6r4vOuwqeUQvtCZtq3DoRn4EMeDYV6OlbwY9QFVMATvl7Vyz5uVvFvWCsC+Wg8/+KCGV/Y00+wOsKvGzVOb6/n4hBqkNj/XSnqUNrz8O4cjlz/W6OVXn9bxgw9qON3uBwgHhM7K6nlbTzSp+zbKqFDUJcA0z6lHkSXavAG8/tA5b+u+Wg//taqa/Z0BsQBG7dlT4rwcK0lWdVua3AHWHG3D5VPbRoJFy7TMgR+bjCgt1xX2nQ3gYpFlNcMsgMsX5M2DLeFg4W1VLp7aUk9Nm3osNLIU3uZLKWNUPDqTut72Rg9rn9rFpy8doLGyDZ/bz77VJ1nzmx3Un2ylrc7FwY8q2Lr8bABm9rjE8PLeDh+fvnSQD36/i9ojzQCU76jl/V9sZ9fKYwQ6j6FGp5Bd2nfWH7PDQMFFzsKaMzEJa5x6Hne3+ji6qRqfRz0HWJwGMkd3H/JOa9CQNjIunG22saKNd36ylc/eOEJ7g5v2BjefvXGEdc/tpbXORdOpdna9fZw9711YsELXzKt1x5vZ8uph2hvc+Nx+tr92hKObqsMPofVmLV&quot;
08-31-2019 13:00:17 Wire.java DEBUG [Forwarding screenshot on session 57f77c2899285a2b963db09b270c4ab3 to remote] http.wire 87 - http-outgoing-5 &lt;&lt; &quot;GJlyebYW82bt3Ft374a954/yOCQbUdRNltTBo7fFDXM7IoH31ndr5tuw5w9KQaVKzRKJSOHDpo65FlGbnzmLjcHt58/+NwIO62XQd46vl/UFPXEF53UnzMoK37YlOsY5DN6nCEoUAHvrrlhPyNAEjaGDSOOb0tGf4r0LYTz8nHCHqrCAXa8JT/FF/9G4B67CVNFLKx7+xbhqwn1Iyu4eDVvbgOfSkieFUtTOHMJXUo0IH39IvhAFt/83o8J/43nK0VSYts6DsT0cVgKJyH4szorKOP9o1/pPFv94WDTT2HP6Lxb/fh3vM2wY4mPEfW0brmiW7Bq9qUkWrQJxDydqjzu5oAkM3RGHJ7GYa4S1Zc36m9tK79OYGWakKedto+ehL33neg8/pLNtrRxGRd8DZLskZ9wwUIttfTsekv+CrV74h7//u0b/gDQXeLOq9Gj8Zx6TNi6ksnI5vV64lgQx3NP/8hrc/+Dn/5cUKuDjpWvk7TT76P//gRArU1uFavpO1vz3UrxzB1Nkq8+psWbGnGveEDQh71ZRQlNh79uH+drIKXQjAYpLVdvba1mIxkJCcDoNVqIwJSz/yW9CYlPh6dVr0+aWxpoar2dHhaQkwMcc7oi1H9fxsVVTW8s3Y9Ho96r5CSGM+9d9xAWvLZIIbdBw7z9up1fRUzYEnxscQ6HYRCISqr1WMpy1I4uMbj9bJm3eZwQN/eg0d4aflK6hvV61FFUXo95q1t7bS1dyBJEllpyeHP83IysFkt6ktOLa09LjtYdbhcKqpqeObFZWzfdfal0TPfm4Euv37zdlpa2wBQFBmb9fzuoVMS45gz7cL7Fi63MSOLwkHcDU0t/OaPL/HCK29RUVWDy+3hvQ828vOn/8KJilPUNTSydv1mXnnzvW7l5Galk5Gq9hN5PF42bN5Ba7t6H2m3WigZ1v/IAo3NLbg9HnQ6LVlpKeHPczJTMZuM+Hx+2jvOvU/O5fbw9up1vPX+x+FzgKIoaLVn39EvzM1Gp1Pb0t4DR8KB7IqidMsG25+50yeEA6SCwSDrNn3Gf//4t6xcsz78/Vq3aTv//fiTbNu1n7YOF1t27OWVN1f1GRCt0ShMGjuSlKT+hzlXZDkc2Nnc2sY7a9ZTdkx9OWXT9t288e6HtLvU336tVkt87JX1Xd/deIzvbPsjfzj0Nu6AesxMGj2T4tRrfrPGwJykUeGsqdWuRr699Q/8ZM/LlLWq19Eryj/l9nU/5q3yTwh0XjfadeaIDKozEkdi06ovWp12N0WU0e5387djH/DNLb/nYHMFpzrqWX5iPU8eeCO8vNwl8+vG03v5y5FVtPvdVLsa+d+dL7Kl7mwwZ6whigxL5KgEV6rcaSnoLer3wdPmY90fdvPeT7dRc1C9xzq+uYa3vv8p25eV4feq/REavULulORey/y8tloXG5/bR2vt2ZfTzc6eR/hxt3hxt3qRJInY7LN9ZUmFTkxRekKhEB2Nnh6XlZWzb7B3NHnY+caR8HaUbahi6yuHcLerL48rOgX7FdYvAVBTW89v/vhXqk/XhT+LdTr6WGJwrFz9MU/+6W80Nqn3QLIsYzKqx2jR7KlkpKrHOxgMsmLVR9z51UdYufpjQA3E/dlTz/PI//2amlr1JW9JkhhZVMCcaQMfHW3l6o/ZtnNv+H+T0UBeTs/PdQZCkeXwdZDL7eG1lavDAbVbduzh1394kerO+mo0CkmdLwELgiAIgiAIgiAIgnDluWIysI6wxZJuOjvs5bqGKv5S2XM2h8ePbKU0Kp7SKLWjMFFvYnZMGqvqTkbM5wkGcAX8RGn1JBsslEYlsKmpmuG2GMyKBlfQz0l3K3H6vocvvxINNaeRbex8OEeIDc37e8wUetRdw9J9T/RZ1hhrDtEa9Q33Wl8LbzdsY4QlE6fWiozECHMmZkVPe6DnzsPLIUgICXXosVJrLvOiR/aYWfZcrWnczYyoYuK0dmQksg3dO6NLLFlYFLWD76S7judrPmBW1DCyjQnoZS2jLFk8x9pzXveC6BKmRRWh7QzyaAl0cMJT189Sg2tYggFLZ/bU+g4/bx5s6XG+JzfX8+Tm7lkpc6P1aDsDqqpafTy/o7HH5TeWd/DO4VZuHRaFRpYwa2WGxhtYfbSt27wNrgCJ1hAGjUxOtBpcWxirJ8Wm6VyPnySrBn0/wyOeqxGJZ/dFRYuPv+xsYkaWhSyHDr1GYmSigRd29F1GMKQGj2pkiemZZtYcbbvk2U1r2/20e4OYtDImrcxXxjopjNXz5oEW9tV62F3j5uqXjl/SOnUVm23HkdL5kDkE5TtrKd/R/SFfY2Ub//iv9T0ub4s/ew6v2FPPvtUnu80HsPnlQyTkRauZS1EfpqSXxHFi++mI+UKhkPpwUFKzo+aMTwxnex1siXmO8JB2LdXt7FxxjKyxCThSLGh0Con50ex4KzJbSOrwGKwx6kPpoD/IsS3VNFZ2/+6U76jlpQc+7Pb5+Wqtc6lpfCVIyIvmmkfHcXhDFYfXV+Fz+1n37F7WPbu333Iutw82bGPa+FHEOh3IkkRm2sAfyvWnOD+b7Ay1PJfbw469h3BE2SjKz0ar0ZCUEMu8aeN598NPLnhdtfWNtHe4MBkNmIwGvvKFJRTmZvLm+x+z79Axdh84wtVf+OYFr+dy0NgnI2vVzJkhXzW+2ldRrOPQRMUBMoqtFEmxEApEtvuQp5wzjVRjG4+5+F18ta/iq32ZUKAN95Fv4D7yjQHVwZjza7Sx14UDL4Oug3iOfbt78CoQ8lRBoBUUC5JixpD+KIqlBF/NiwTathNo3ULb1vN7uWWwaFNHhDOgBuqP07buqR7na1red5vRZ45DtqjB0IG2Wly73kCbNgq9JQYkGW3qKCS9mZAnMvtyoKkSQmrKdF36GJxfehnXrjdx7XqdkKed5hXfo3nF9wZhS8/yN54EvwcULbIlFvuiH+La8zauna/hry3rXP+bg7rOc6EdUoAmvfNhbSiEZ9smPNs+7Tafv/w4dQ/c1WdZuqHDkM3qw/lAVSXty/+GYcJUNGmZSDo9uqEjaF/20qBvw7+ytvYOrGYzOp2OGIeD45WVpCUmYjZ2BoU1NxPndPb6NqhWqyU+Rh1mOhgKUV1bR0NzM+lJSei0WkwGAykJCZyub7h0G/Uv6O3V68jPyWD86OFIkhQOXgWob2xmxaqPB21dGalJWMwmfD5/OIC1oakZl8uN0aDHoNdz2/ULyclMZe36zZQdK+fQ0RPc9/AP+y3b5/Pj8fqwmE3EOB0U5Gax/9BRsjNSMRr0eLxeTtc24LDbui07WHX4Z5WTmcrcaROx29T7CZ/PT3Xtud1Dn8nypygKpSXFbNyy87Jmqb0QOZmpEVl7d+w50GOW1IqqGr75/Z/1WVZRfg5RNrWfqLG5hY8/3U7+kEyibFYkSSI/JyOcZbk3Ho+PYDCEQa+PCNLMSE1Co1FobG6nvd2FxTy4fXK5Wenh84HH42X/4WPYbRaGZKWj0SjExTqZXFrCuh6yBvYkPyczHAx7uq6RZW+v7nW7f/ybZ/str2vm2fjYaOZNn8gf/9r3yA81tfV4fT40GoUom5V777iBjVt28uEnW6moqmHdpu0D3p7L6a9H13B16nhybOo9U4YlAbPGwOT4YmINatbzQCjIqqqtfFyzq8cyfn9wBcOjs8nsDB7NtiWTYUnAqjUypLPcECHW1ezusYyy1ioWr/1/PZZd624ix6oGbs9PHkuUzsKKik9ZUa5eo933yS8vYOsvj/g8B1FJZwP7T352ml0rjvU474Zn95Jc5CS5WL3et8QayRqXyNFP++8PcabbGLE4O9w/EwqFaKrseUQWvzeA3xPAYNVhizORXBxD5e464vMcaI0a/O4Azafaw5lWu2o+1U7AG0DRyJgdBmY+OJJDH1Wwf3U59SdaOLC2nANrr+yRB7IzUrnluoUkJaj3vMGgmtX5csrNyQi/BFBZfZpnX3qtx/nWb9rO26s+4o6l16iZz81GhhXm8v6HG/tdh9lkZPH8GYwbNSz8WUNjM9t3nf8oNafr6mnv6Ahnsv3aPbdTlD+E11auZs+BMnbtO8Tcpfecd/mCIAiCIAiCIAiCIF&quot;
08-31-2019 13:00:17 Wire.java DEBUG [Forwarding screenshot on session 57f77c2899285a2b963db09b270c4ab3 to remote] http.wire 87 - http-outgoing-5 &lt;&lt; &quot;w6Fy2ANdccReXMLw14/kyTjajO7KveYID9bX0/zNvRUssoexwaScai0THEHNUtgBWgwt1GpsmGXaOn0BLNpqZqiqxOZEmiwefhhKuV0fa+sx1YFC2/GjqVXw2d2uP0toCPRw5s5B/Vl26IuHR9DDZF7RT0Bv0c9/Q9zF1fJtkL0MsaQoTY236SE+5aNrUcYoQ5E72sIVXvZFbUMN6oH9zhbs2KnscybuGxjFt6nN4e8PCj8mWsqN/abVqVpwGdrCFOa8euMXF9zDjWNV/4sMybWw/T7O8gTqtmAHBqrRHT0w2xjLHmICPhDwXY3naU9oCH7W1HyTTGIyORZ0pmrHUIm1sP97QKtJLCPYlzuCextwxyamf7nvaT7G3vORDvYkm1a8PZOutdAbZUnls2lCTb2Ww5FS0+jjV6e513Z7WbRXlBoo0KiiyRZus5006zO4jbH0SnKGRHq+eIongDUUaFYAjK6j04jQroz6mqjEk2cl2hnYLYsws2udVME2l2LaOTjMgS+IMhPjvlosMX5LNTLjKidMiSmgF2TLKxz310pMFDglWLVSeTYNGydKh9UAJYxyQb2XJv75kDt1S6uH9FZfjvT8o7uCrPhixBtFHh+kI71xXacfmCVLb42FDewcpDrX0er4vFnmBGb1aPvd8XOOch57suH/AFaTjZc3aqM2qPNBE/JApZkdAaFBzJlm4BrK21LvVhSLQBvUVL/oxUTnx2/ufYXuueaCZpaGdwSyDEqYON+Nx+Th1oICrZjCRJONOtJA91Urn3bMC4I9mCRq8G1fncAer72ebBUrahipTiGCxOA7IikZDnICHPwcQ7C/G0eak+1MTRzdWUbai6JPU5X1t27qO5tT2c4cQZ1T0YRKvRcPfN13D3zdf0WIbP7+f5V9/m6b9EPmieOn4UsZ1DlZ6ua+DT7XuwW80snDmRxLgYrGYTY0YUDkoA65ad+/hk226umjUJWZaJjrJx/YIZXDd/Oi63h8pTp9mwdRcr127kWGcW2H8WGsdskA1AiEDrdoKuMgLNH6GxlYJsQDZkonFeje90ZECer/YVlKjpyPpkkDQotnEotnEYsh4n5G8g0LIZX/0b+Gpf7XP9imW4mnlVUn9zCHrw1S7H39w9iB7A3/wx/sY1aONuBklB0saiS/giuoS7CAU6CLqP4W9cha/25R4DYC8FTdTZ7KL+xhPdAkwHSj9kqhoIGwrhq9yFv/4Y3qMb0aWNUrOYRqdhKJyH67NlEcu5dr2BPnsSij0RZAVd2mh0aaOxL3iUYEcj3vLtuPe902dAqaRosUz9TyxT/7PH6aGAj/b1T9O69hfqOj9bhrF4EfqsSSBJKI5ULJPvwzLpXkKeNvx1Zbj3v49r15sEWqrPa39cCCUpBdncOUSqz4u/8vyu+TTJqeiGlYAkg9+Pd+9OQq4OvHt3oklNB0lGk5WDblgJ3l1XfmDLYJFlmdFFRYwuKupxejAYZPu+fWzetbvH6R1uF/5AAI2iEG1X7wvinU60Wi3+QID6piZiHQ5Qen6BKi8jA7tVPb5uj4eKmmpO1dYxLC+XGIcDRVFIiU9g+94Lv3/5V6DRKCxZNJsli2b3ON3vD/DaO2t7HGb7rfc/JiczjbiY6Ij5P/5026AO4Z6RmoRBr6e9w0VFlXrtuHt/GTv2HmTahNHIsozdZmHutAnMmToej9dL9el6Ptt9IBxg1pfa+gYS42PUrL8pSew/dJSstGQkSaKltZ2a2nrycjK6LTeYdbgccjJTmTFpLCXDzo580ltGzuKCISz7U99Bl/WNzWzdeW7fqxMVp4h1OjCbjMQ6HcyfOemfNoA1MS42HAzaNdj6fJQU56PVagiFQpQdK6eqppZd+w6Tn5OJVqshPtbJuFHD+GBD7/1Efr+fDpcLp8NOlM3K6OFDqao+HQ6ybWxqob3DNaAMpF05HXYmjBnB/BkT0es7+xG9Pto71HvtsSVFRHde49c3NrFz70EsZhPTJoxWj7XRwLDCIQMO+Ox6fimvqr7g75Lb4+VUTS1Z6SnIskxpSTHbd+3D5/f3uswHG7YwuXQkwwpzOwNfnVy7YAaLO6/9K07VsGn7btZ9uj2cFfZK1O53U+NuDAewmjUGih2ZZFuTMHa+bNXh97Czsfch34+3VbO/6WQ4gDVKaybfnopGVrBp1Rd6PAEfx1rP/fpuRfmnDI1Kx6Y1o1e0TEsYzrSE4fyo5EvUuZvZWn+IFeWf9hpceykpGpnS2/IpvS2/27S2OhfvPr6V8h21OJIt4eyrAV+QuqM9v6h+RvXBRhILnciKhM6oITrd2i2A1Zlu4+urruuzHFezl5Pbez8HtdR0EJVsQW/VEptlp3J3HbHZdiRJwtXipbm6naShzm7L7X3/BHkzUkgviQdJ7VcZc1MeY27Mw9Pho+FkK2Ubqjiwtpy22ss/6lp2Riq7P+o5GPSMpuYWNm3ruU2VjhrW5/Kbtu3i7m882m89zCYjs6aM47Yli3B0nh/9AT/1Ter5IiXx7Hm4vLKaI8d7DwL+bPcBFs+fSbTDjqIopKV0H93IbDLyo0ce5EePPNhrOX5/gC079vRb975s2r6bDZt3cM286Wq/iMPO0mvmsuTqObjcHsorq1m/aTtvvf9hn9skCIIgCIIgCIIgCMLld8VkYFU4O/SdNxSk3NV3QI4r4CfUmQlOQcKs9LwpJ1wtjA8lYFQ0FFmdTHQkkWJQHybWeNrx9jP045VKls4OH+YPBan19d0B2ZtJ9gLS9eob366gl8/a1Lfwt7SWsSR2Aok6ByZFz3hb3qAHsF4Ib8jP+qb9LI2ZgCzJDDdncGPspEEpu8F/NqObWdZTYslie5vaeT7OmkucTn2I3ezvYFvbEQC2tx1lbvRIbIqRaI2F8ba8XgNY+xMIBfmk5SBPVFz6rGCKdHaI8FbPuX83lLOLh4el743bHyQQDIX/N2p7zmHV5gvS7A5i0yskWjSMSTaS59Rj0Mi4/UEqW/pezxn9BX22eoNsrlSHOhubYiLW3JkV0xNke5Xa6b3jlJvZ2VZsehmHUaE0xdRnAGuTO0h1m4tJ6WZkCSakmZiTc35DWl6In22sIwjMy7Fi0KgHSQJMWpkhTj1DnHqWDrXz1sFWntgw+IGafZFliTOj9IWCITqazi3Tc9flg4Egrf08oPB7A5z58ZBlNYj18wK+IOU7aimclYYkS8QPiWLonMEf8julyInZoWYU8bR5qdqvvrhx6mAj2eMT0Zu1GO16UobFRASwyop0ZlRs/N4AnjbfoNetJ5V769nw532U3pJHVII5PGyfrEgY7Xoyx8STOTqekVdnseH5fVTtu3Kzyp0ZMg/UBysji/IGpdxhBTloNAqhUIgDZSc4Wak+ND1yvJLEuBgkSWJ44RDSkhPC0y7Ez57+K8FQiHnTxmPofHgvSRImo4EhWWkMyUpj6aJZvLVqHU/8/sULXt+loHHMRjZmAxAKdBBoVbMd+ZvXoU24C1mfiqRY0ETN6BbA6m/+GPfRb2HI+AGyMYdwI5U0SNo4NM6r0DgXok/5Ou6jD/cckCpp1QDarnkVZT3auFvwN60l0NrztZD72HeAIJrYJUiy8UxhSIoZxVyEYi5Cl3gPvtMv4j767fPfQedLPnuuC7af33dTP2QqGqeaMTTkc+E9qb5g5Dn2KabRN6NEJSPpzOizJ3cLYPUe+4SWld/HOvvbahlS+ASCbInBUDAHQ/5sLJPuo3nlD/Ae33Redfy85te/g33RD9FlT0JSOl+UkSQkgxVtyki0KSMxT7yX9g1P07b+mUFZ50BJskz4raFAgGBD98z2A6EbPhrF2Zm9qa0F7x41Pbx37y4Mk2ciW6wodgf6kWP/rQJYL5TL7cHn86kBrFF2tFotMQ41c7fH56OtnyGvE+Ni0WrUa8nmllZOVqmBHzV19TijopAkiegoO2lJieFpwvk5dPQE23btY860CSiyeu4+Xl7F8rfXDOp60lIS0WgUmlpa2dpl6Ntn//Y6wWCIyeNGoted/S026PVkpCaRkZrE/JkTWbt+C3/qJZsZQE1tA4FgUB1qPT2Z4oKc8Ms2jU0tfQa2DVYdLoWUpPg+g1D9/gC79p&quot;
08-31-2019 13:00:17 Wire.java DEBUG [Forwarding screenshot on session 57f77c2899285a2b963db09b270c4ab3 to remote] http.wire 87 - http-outgoing-5 &lt;&lt; &quot;/7fXQoFKL6dD0vvPrWOQcXtra1U9fQyKhhhUiSRElxPpPGjjznOlwJZPlsv1ogGIy45j0XJcX5JHZmBvR41QymAHsOlDFn2nhinQ6MBj0jhub1GcAKcKqmjqz0FMwmIzmZqVgtJmxWS3iazdr/8N5Gg54H7r6FB+7u+eVngJOVp8LfzfzsDBRFvSY/eqKSqpraznmqiXU6whlkk+Jjw9P6cubcAtDSGjkCQHFBDg986RaiHfbPL4bL7eEPLy7jo0+2dZu2ecde4mKisZhNmGtqeQAAIABJREFUOOxW5k6f0G/W6Cefe5l771jC8MJcNJ0j0Jy59s/NSic3K53F86bz+rsf8Po7H/S7XZfLKdfZa1GTxkCMwY4iyWeu3Onwu6lz9x2E2xE4+2KwRlbQd17nyWfafyhIrafpnOu27MQ6dLKGL+dfTazBHu531ckakkxOrjaNZ2FKKdvqD/E/O/5CWeuV/fImgNT1vOAL0lzd94tsfnegM0uwhKRI6Azn/uigvcHNphcP9Plya/OpdoKBEFq9hrgcO6kjYsPZW9vqXAS8vfdJvv+z7cx6cCRpo+JQNJ3fTwn0Zi2JBdEkFkQzZmkuW145xNaXD51z/S+luoYmfv/nl1mzrvtIDBdCq9Vw751LuffOpb3OU1FVw8Yt6r2D3OU8V32670zmLrcbf+DsdYnJ0D1Tbn88Xh8r3v+Q3z3393Ne9vMe/82fCAaDLJw1BYNBDYQ/c27My8kgLyeDm69bwOsr1/B/v/7jBa9PEARBEARBEARBEISLo7dRD/8ltPm97GqtwxMMIAFDrU6G22KI0uoJAWXtV25Wgktlsr0Ah1Z9eHDa28ynrWrH3q72ExzsUDsaJSSGWzIYah78AK4L8fLpDRxzq2/z62UtC6JL0EiDO4y8JEkRZU6w5WOS1c6wE55a1jfvB2Blw3YqPWrggUZSGG/LPed1+UMB1jXv46Gjz/OVsj9Q4z33zvZ/Nb5giNNtfmra1Y5Rm16hINZAboweCWjzBKkahOA9XzDEmqNtvL5ffcA3PsWEqTOg9kSTl43lamDru2WtVLWq69PIEqUp/Q91+I+9zdR1qf/i/O4Pti62Dl+Qxz46zR3Ly/nzjkb213po9wYJdZnHpJVZMtTOw5NiL3n9rkR7V52kqUp9sKPRKQyZmISsDO5PZsqw2HAAbdOpDsp3qA9PyzZU0XpaDYyRFYmUophBXe+FOL6thpe/+TFrfreTY1tqaG9wEwx0aUkSRKdamXbvMOJzoi5fRc+BJEloesmgdy5mTR5LdnoKoD6s3rHv7IOyz/YcwONVMxwnxDmZNr7kgtcH0OFy89ivnuWOB7/Pn19Zwf6y47R3uMLDkgKYjAaWXDWTh++/fVDWebFpHHOQtGqbD3mr8Dd9CECgdQvB9jPZWSQU21gUS/f96G9YSdv2MbgO3YO/fgVBbxWEugb9SMimQgw5T6JYx/RQA4nw5XHQDSE1M7dsSEOXdH+v9Q4F2nCVPUD7zul4Kn5BoG0HoUArdDnTSooZXcLdGLJ+OsC9cWUx5E5HNqsZyAIt1XiPbADAV/EZvhr1eghJQpc6Em3ysG7Luw+spvY3s2la/g3c+99Xs54GA2dnkCQ08XlELX4cbcrgBA4FWqpp+Ovd1P9pKR1bXsJfW0bIFxl4KJuisEx7EMvk+wZlnZeavmQskkENmvZXluPZpj78dn+0ikBNZ2CkRoNuZE/tXehJIBikrqkRd+d522w0kpOWhr0z4Mrl8eBy955RP84ZTUKMeh4LBoNU150NjqqoqcHrU68ljXo9GUnJF2sz/m2UFOdTWjIsIsAsMT6GKeNGDdo6jAY9CXFqFrjPB0e63B6eev4VHv7fX/LayrUcOVFBh8sd8Vts0OuZN30Cd9/ac7Y6l9vDkePl+Hw+JEkiIzWJ7IxULGYToVCo3yyag1GHK0EwGGTnvkO88e65Bd6VV1Xz/Ctv8a3/+TmbPzu/TG7vfbCRxmb1JWqL2cSsKf+fvfsOjKO888f/nrJ91XuzuqziIrnJvWIbmw6hBxIIJclxhLRvQvLLJeGSXC65BHIJqSQkgOEophswtjHuvcqWZVmWLKtLVt/V9p3fH2OtJLQrybasFfb79Ze0O+XZmWdnZ2ff83mKL2o5V4ppU/J9x7y29k4cPX9eW15ZjTM1568TCQJyMlORlZ4ScDkdXd1obD4Ht9sDWZZ8fdug18Ht9owoPDoSDU3n8O569Zxx7oypSElSK3P2D98CQGn5aTid6jE4OjICs6b5r9I9FppbWnGwpAyKokAQBORlZyArbehrbq3tnfjF757DD3/5e6z/dCdq65t83zF6hZhNuPPGlbhl9dLL2fxRIwoCJGF8XZp+pWozVm14Ek8dfhE7mo+h1dEFj9IXppQEEbOic/HL6Q/DJF94cO9K1t1iw541ZXj5sc048l7gKrpOmxtN5e3wOD2AAMRkhiNuYgT0IVpAAdprhi5qYWmx4e3/bydefWILjr5fhdbqLrgdngHT6EO1mHNfHmbeNTo3q462xuZz+MsLr+OuR76DV98ZXGH+cmtr78SLr7+H6pqxDWHb7Has27AVX/vuU/jJr/8YsOr6hbD22PCTX/8Rdz36Xfx9zZsoPXkaFmvPoOsid92yCj944pFLXh8RERERERERXR6XrQJrubUDS3avHfT4vIhE/G/BIsTrAge/tIKIFENIwOcBIFyj81WL9ECB1TO4IokXaki1y+2ESdIgRmvArPA46EUJdq8Hp3s6kWoIwflCrgFZPC78sGwn3mgcvSEIR5NGlJCkjRx+ws8wSToUmtLRW+cgTR+Ldwue9DttlByK2SHZozqkvdXjwC9q1uL91v0XNX+lvQnvtx3AVxNWQCdqkK6PxTnXpQ+lHSn3Vci0eOy+SqpTTKmYaEz0PTfNnIEj03/rdxlJuiisjpyGD9oGV7pyKR4837gJ/2zajPtiF+O+uEUwS3rIgoQicwYOWAJf5B1LEYZLC3TFmYc+vITpJOjkvneezeW/uoIXCmo6XZieaIBWFjApVofY89VRW20eNHS7BwQxR0oBfBVc/6+kA++UqeHVyXF6ZEfpfNMVJQSu3JoYosG1WSH4qCJwv9tZ04NPz1hxW34YRAGYFKeDV7mYFvfZV2fD19+/8CHBq9qdeHZPK56FGrbOj9FhRVYIVmWHINIgQRSA+ROMeD9Gh9KWC6uEOhpESURIjGH4CS9hfp1JA+F8qWCvV4HL7vE7XXudBeXb6zD91izIWgnhieYLrg47lLiscESl9n3OJeRG4NGXV/mdNiTWgKx5iX6rl2j0MgzhOj9zXV4VO+p97dHoZaTPikPu4mTEZUdAlASYo/XInp+IporxGcTvHTIPACzWHuw7UoqZU/N9j7ncbvzr9XX4y4tvjniZM6bmwWxWz22MBj2+9/X78b2v3z9oOp1Wi6JJuXjhjQ8u4RUMVHW2Ds/+83U8+8/XAQD5OelYsWg2Vi2Zi8jwUIiiiPkzC/F+znaUllcNs7TgESQzpNBi9AZIRUM2zNP8nyOImljI4YvhsfivKOlqeR2ultd9y5WjboA27j5IIbMAQYaoT4Em5o6AFVUVZyMcNb+ENuGrEI25AATIESuhTfgqnA1/DvgavD1lcFT/FI7qnwIAJPM0aGJugybmDgiaGECQIEeuhNT8SsC2X25S2OAhHocj6EzQpExHb8lrOToDMY9v9DutaI6BLmMeXHX+h8G0HX0XtqPv+parz1sJ47TboU2ZDogSpPAkGKfehM7aQwPmUzwuWLf/Bd2fPH3B7XfVHUVnv/Zo0+fAWHgr9LnLIehDIGj00BeshmVb4H17WckaSHEXvl80Ewsgp/edo2gLpiL+vW1+p5XiEqBftBz2LRsuupmfJ16vFwdLS7H3aMmFz6wo8Hg8sFh7EBEaCo0sIykuFnqd+nnb1W2Bx+sJeP6ZHB/vq0QliiKK8vNRlJ8/aDpBEBAfEw2NRgOXa2yqqY9XbrcHb334Cf7v7QsPcFy/fCEiwgZeOzAZDVi5ZC6Ol5++5KG+AaBgYhZCzeYhA3e19U14ae06YO06AEBWegrmzyrCwtnTERZqhiiKmD4lD5&quot;
08-31-2019 13:00:17 Wire.java DEBUG [Forwarding screenshot on session 57f77c2899285a2b963db09b270c4ab3 to remote] http.wire 87 - http-outgoing-5 &lt;&lt; &quot;/uTEFF1cAhbBVFQW1jM6w9duh1OoSHhiAvOx1arQZOpwt1jc2Ij4n2Bd0CuZQ2BIuiKHC6XOjssuDjT3fhrQ8/CThtyYlT+Mn//BnF0ybj3ltXIykhFgCQFB+L3Kw0bNx68dXrDpaUYc/BEqxcPAeiKCInI/WSv7MFmyxLiI0ZPPz2cAx6HXKz0nx9LTE+Fr//xff9ThsRFoopeTkB+5OiKKipV4P7siwhPjYKoSEmCIIAu8OBs7UNyMm4uBulXW63etNYSRleWrsOre3qDeqT8rJgMqrfCfU6HR7+4q14+IuDg9tarQb5OZkjqlTq7HeMjruIbRrIh5u2IzcrDbHRkTAZDZg7c2pflfohVFTVDNjmk/OysHjuDMwqmgyjQQ+tVoO5M6birQ8Cv5+CKcHQd/3S4rKhydaOVFPf8OW9VVmHEqntO+67vR44PC5fFVYA0Igyko0Xf3Ou1W3HK1Wb8UqV2j/iDRG4JnE6vpC6EBPDkiFAQFZoIu5OX4rnTo3e97oL4XF7sf//yrHzX6UjnkfSiAiLH7rqsT5UC/H8NRPFo8BpH3y9vbW6Cy88tBHJU2Mw74F8JOZHAQIQEm1A8pRonNxcCwsCBxMVr4K2GgscFhc0BhnGCB2SJkVB1klwOzxoq7UgPMGE4S7YN51sR9PJdt//KYUxyF8+AZnzEqEzaSDrJOQsTMK+/zs59Ia5jE6fqcHNX3ocMwsn4d8fuheFkyZCEATExURhZmEBPty0DU0tgUdi2HPgKB761o9HpS0ejwfWHhuOHD+JP//rNd/NCZ8VHzv0TdRhoSHQafuuQ/X4ubHL2mPDz5/+K/YeKsFXv3QHbli5BDqtBga9HjOLJmH73tH/Lnz6TA2e+euLeOavLwIAJuVmYdWyBbh++SJERoRBFEUsmjMd736UhWNl4/M3HiIiIiIiIqKr2WULsF6oGrsF3W4nzJIGWlFCUWjgC41mSYMpIdG+oaHsHjfO2vwHyPZ0NOKc044EnQkRGh1mhKkXRS1uJ05ZO2CSZLi9XmjE8XXH/3DqHW2weGwwSTpoBAnp+tgLXsaisAIk6kYWfNWJMopDc/D3xtEdivFSvdqyHYvC8lFoTocsSJgVkjXkj3rDKTBNgEnquwjX5e674DozJAuR8tDB6l4hkh7FIdl+A6y9rB4H/tywHhpRwn2xi6ETZZglPR6IW4oGZzs+ajsUcN7LpbbLhRlJBggAIg0S5qYYfdVHR6LJ6kZ6hDpsZWqYFpPj9Chp8l+hamqCHqbzVU69CnxVVgO1y+lWoJMFFCUYYNKq89V0unCowQar0wsMM/LgSEOf0xMNiDKOLLwbohMxM8kwZIAVAF4/3onZyUakhGlgkEUUJVx8SPNCvXL7BGRFqvvks9ugtMWB0hYH6rtdeKw4CgZZRJheQlqEdswCrN0tPXD2uKHRy5BkEeGJ5uFnCjS/RkRsZuCqnxq9jOiMsL7h85xedDUH7t/HPz6L1GmxiM9RQ5mJ+VEYreIwiQVRMIaNLHiqM2qQVBDlC4y211vhdnqhlUXIOglRE0JQsWN02hXI9FuzUHRTJiSNCKfNjZ3/KsXJrWpfctndKN9ah/Ktdbj5J7MRl6MOy3mh+3Ks5Oekw2Toq5TTbR35MS4Qo0GPSRMzfeclw5mYOQEzp+Zj35GR/9j4Wa/88efISlMrvu47XIqv/+C/fc+VllehtLwK9Y0teOyBO2DQ6xAWakZacuK4DrDKkasg6kYYYhD1kMIWAbXqjSS6lO9Bl/wtQNRB8XTDXvk9uJpfBqBWR3U1vwJX8yswTVkPKUQNyYoG/9XSFXc7HDW/grPxnxDkCOhSvgeIegiSEdr4L8Pd+Sm8PWW+6c1FOyEa1XCau2MLeo7f5HvOYzkIj+UgvPZq6FJ/AkEyQpAjIRpzxjTA6ulqgByjBh2lsCTIUelwt468L+gnLoMUPrJKkYKsgzZjLrDtTwAA8+J/h3nB1yHIWigOCzo/fAq2Q+pNborDCtvhN2E7/CaiHnod2pRpgCBCis68wFc4kDZ1JsK/8Ayk0HhAUdBz6A10vtMXvnFW7YKzahdCVz4J0+wHAFGCaIqGNn0OnFW7LmndI+VpboTXaoVkMEKQZcgpqRe8DO2UaRDDR3YuL5rM0E2dftUEWEdDZ3c3kuPjIIoikmLjoJFleBUFHd3d6LHZ4XK5odVoBs2XEBMDaYSVvUPNZmSmpKCscnzcwPZ5c8vqpcjLzvCd23V0dcNkMECjkZGSGIebVi7Gs8+/esnrSU9NgtGo9wXuev32p99BarIaPu8NV/bqDZg1tbThvi9cB51OixCzCUnxsX7DfifKK9HZ1Y2oiDCEmE2YmJkGQK2uWlvfDL1OB4/H6xs2/HK0YSzU1jfhGz/61SUtY8/BErhcLnz1S3cg6nwgZVbRJNx723V4bs3Ibz76rI8270BhwUQkxEVDp9MiPyfjktoZDM2t7eix2WHQ6yBLEpLjL/w60YypBYiJHtlni0YjY0p+Nt78IPB1oobmFlisPTAa9IiNioTbo95AaLH24ExNPc61DX/Dm83uwN9eWostuw4MOZ1Br0NORuqIrwmlpyRicl4WSk4MHWRqaDqHjPMjLcTFRCEnIxXlldUAgJITFXj4O0/5pl00Zzoe/uJtMOiH/65XXlmNPQdLsHrZfEiShPQJSX6D03k5GfjmI19EVEQYFEXB5h37BhzbSk5UoOREBb50hxXXLV8ISRQRHhoyotcWDBH9wqd2rwuNtnZUWhpg97igEWWYZD1mROXg/Rr/ofSskERkhfadl1rcNtT1nINO1KDbZYNJ1kMjSsgIubCbg54q+hJuT1sEAQKabO343oG/YXeLOspAo60dL53eiO1Nx/CXud9EqikWekmLtJC4YZYafF1NPXBaXdAa1Wsm8bkRAafVGmXEZof73kNupwddDdaA09ceacHGpw9h9Q9mIjojDBCApEnRmP9QAd750dDn1HUl59DT4YA5xgB9qFYNwUKtztpW3Q2tXobH44Uk912ESZocjdVPzoQ5xgAowPH1Z/Dxb/q+U9UcbkHN4RYs7HKi6JYsiJIAY4QOKYUxvhFvgmXf4WP46f/8Eb/6j28hJ1O9SaBoch6eePQ+/PuTvxj19blcbvzj5Tfxh3+8MqLpm1pakZmmVtROm5CEKfk5AQOu06bkw2xSr2t6vQoamwMHcJtaWvHT//kTtFoNrl++CKIoIjY6Eo89eDfO1jYEXMdIvfn8M8jOUL9HfTbse6ysAsfKKlDb0IRvPnofDHo9wkJDkD4hmQFWIiIiIiIionFo3KQ293Q04rS10/f/rPA4PJxS4Hfaf0ubioKQvqoHtXYLPm2tDbjsqh51uTpRQoRGvYh8zmnHhnOjV010rB20VKLO2QYAECBgRkgW5oflDZrOJOnw/MTHsGnKT/GL9HsHTLMwLB8h0siHu8rSx/tdRzBZPQ681boXXR41aCoJoq+i7MVYFj4ZMRq10oMXCk7Z+ioezg/Lg04cWeZbgIBCczpS9cNXfPhH4yYcsfaFSMJkI+6PWzwgSDtWylsdvkqo4XoJq7L9B3bvmhSODV9Kxwu3puD+wghfRdRjzXa4vOoPLnFmGXdNCodRM/gwMzfFiKXpZkiiuq8sTi+ONgYeirWq3Qlrv3ZpRAFOj4LKdmfAeS7W3BQjtNLI+pAAYGq8HhPCBocX+qtqd+Kjim44zw+1PtLlj4b6rr5qMZmRWixOH5z0NWpEX0XrsdZQ1o6u5vNBcQFIyItESuHg941GL+PG/5iN+/64FEu/PtU3TUNZOzrq+35QiZ8Ygcmr0vyuq+imDESn9lXe7D5nQ82RcwHb5rK7cfLTWjis6jYUJeGSAvL9pUyNgeTnveGXoL6usAR137VUdqKn0+FrU2pRLCKSBodFI5LMuOPXC3DP7xZjwYMFiMkcuorNUNrrLL4h+bR6OeA+krSXVrl5LCyZOwPRUWrQ2asoODUKAY7Vy+YhJXHkP15GhIWi+BKHLK1v7PsBLjMtGYvnDh4q2WjQDxhSebyTI1ZCkEfeTyVTHuSI5QAAr+0kFK8aRhYks+/x/gTJDIjD3ECgOOFs/Ducjf8AADhqn4&quot;
08-31-2019 13:00:17 Wire.java DEBUG [Forwarding screenshot on session 57f77c2899285a2b963db09b270c4ab3 to remote] http.wire 87 - http-outgoing-5 &lt;&lt; &quot;a7a4/vadGYowZl+/Haq/u1KR9y1PV+1y0EcXhUV0MpcH60AikiBYai2/xOF7ryB4j7/kFEfXkNjDPvhaBTjzu6nKUQ9aF+5/FHE5sDXfYiAIC75TQU1/l9ozVBn7Vo0PSCzgRhFIdgdVbvg9d6/odUQYA2daYvwDtgvRrjiCqdXQ7O40fgaTp/nikI0E4qhG767EHTCQYjIn/5B8S+8A7CvvWjAdPophdD0GpHtkJBgCZ/MuSkwEM900DtXV2+oFVvNT+3242W9raA80xITEBM5MhHxtBqNEhJiL+0hl6lcjJSsWLRHGi16nm4tceG1979GCdOVUJRFDXUOG0yls6fdcnrSklQA8ydXRYcOtZ3A0Pzub6+MCEpAcXTJg+a16DXQRzhZ3FDk3peqtHICDGrx9+Orm7sP3I84Dyj3YbPi4MlZdiyaz/cbvU9KooiFhQXYf6sooteZm19E7btOQiXS/281Mjj5n7vETtRXonm85X8BEFA/sRMTJucO2g6g16Hn33v3/D33/4E33jongHTzJiaP+Bmr+GkJMX7XUeviqoatHeoo53odFrf8bSppTVgReOLtWjODCTEDV05sL+wUDOmFgw/vHhpeSXsDvX7V3RkOO6+5dqAAVVJki7o1OLjT3eh5nylaEEQ/J679wbce6fJy85Asp/vHjqddsQ31AXL3elLkGLqC1ZXdTfgjKURmxsOo8mmHs9EQcCyhCIsS/D/fn4oZzWSjH37+VRXHUraq7C/tRy1PWqfEiBgZvRELIybMmh+k6zHSwufxPZVz+BXMx7xTXPW0gKHR/3uH6ULxaL4qYPmDdOaoBHG/3fe/upKzqGttu+m68RJUZh2q/9RhmbeNXHAdYOuph6c2T90JfPW6i4cfb/Kd90EAjChKBYz7xr+vdVeZwEAyFoJ+lD1nLan3YHK3Q1+p+8NvfauJ2lyNKJSB39H0ejlUbv5eDSdPlOD195ZD8v5m2gFQcCc6VPxlXsHV4keayWl5b7Pv/iYaHzxCzf4jtf9zS+ehmsWzvbdrGWxWnG437lRIP94+S1UVvf9dpMYH4uH7/vCJbe7tqGvf2ZnpGLZgsHfp0xGA0Tx8/W+JSIiIiIiIroajasr8h+0nEFRWAxMkgYhshZPZs3E9LA4vFhXhh3t9VgalYx7k3KxLCrFVzHV4fXg43NnYfEMHnaxy61e1Dpj64LrM1VWz9ovfaj5YNvQfgR5xmQYRC1iNKH4z7S78WrzDrzVugcWjw3XRU7HF2LmIseQAAECroucjgRtBLZ3nkCqPgZ5RnXYKwUK3jm3Fz+uHlyd5oH4pfhawkroRA0iNGYsCMvD9s4TQXi1gb19bg/mhU7E8oipEC4yvFpgmoBbomZhdeR038XoDrcVO7vUYabmh+UhVacGtlyKB883bsKz9YOHuHxywq24I2YeRAhI0EZgafhkPN849LBtVo8DrzRvR5YhAZGyGkLLMSTiK/HX4H/r1l3U67lYH5R349qsEEyN10MUgOWZZkQZZbx0pB07a3qQH6PD7ZPCsTjNBLNWRLheQmq4Bj0uL9443okPy7uxPMOM1HCtOn+WGRPCNXi1pAOfVFkRZ5Zx48RQXD8xBOF6dTsrAEpb7H6rmLq9CtptHhyot6HL4UGkoe+Co93txZlRDrDOTTEiNVy9aO7yKvjX4Xb8Zd/gkML/mx+D2/LDIApAvFmDxelmvHC4fdB0/b10pAOzkoyYGj96AZ2RONRgw6xkI/SygEiDhCdmRyPepMG7J7tg1oq4KTcUd0wK84Vq7W4FHTbPmLaxcm8DYtJDIeskmCJ0WPLVKTi+oRplm2vh7HEje34i8pdNQNSEEEAAsucnwhxt8FXQqNrXiNiscGj0ErRGGcV3TURcdjhObKpB3fFWdRi5pSmYUBgD8Xz1Do/Li+oDzXD5GQ6vv7JPa5E8JRqZxQlDDl13IVIKYxCeoA4173V7cfi9Sux7/dSg6eZ/OR/5yydAEASYo/RInxGHw+9VorPBirOHmhEamwZREhCRZMa135mOkvVncPLTOmiNMnIWJCF3STJCY4yAAOQvmwCtUYNNfzh8UW2u3NOIwuszEGNWq6qkz4jD8m8U4fD7lWg53YmUwhhMvS5d3UcAoAC2rtEPmF+K/Jx03LhiIVYtmesLJHR0dmP3wWOXvOzC/Bzfj9iV1XV44FtPocc2MJSfn5OOXz75GBLioiHLEoqLCvCH5y9+nYeOncSsogLodVpEhofiiYfuRnxMJN79eBvMJiNuWrkQd9xwjS/YY3c40NE1fs99REMWJPNUqG80Ba6mNbBVPDZoOm3SN6Cf8KRaEVUTDTliBdztG+A69za0SY9DMkcAEKCJug6Y+E846/4XHstByBHLoU36d0jG3pujFCiuAKEJxTvgX2fj3yCZ8iFoYgCIkCNWQhv/oC/k6u7aASl8MQTRAEETA33az+DUJsPV/BIEKRSauPuhTXgYEM8f/709UFyBq9RcDrbDb0KftxJyVBoESQPTnAchR0yAZedzcNUdhS57EYzT74Iue5FaQTV9NuSYLHg6auFpOwtNQoEa9PRTzbSXef4jMC/+BgSNHqIpEvqcJXCc2gL78Q9gnvcwxKRwQBCgy1uBiDt+D8uOv/nWbZ73MDRx53/kVpS+8OklcFbvgyYuFxAlyJGpCP/C07Du+BtsR9+FHJMFU/H9MEy5Cb2/bitOK7xdjZe83gth3/EpNJkTIej1ECOjEfbNH6Bn3VuwbXgfXqsVhiUrYLz2JshpmYAgwLBkBaTYODgO7IZu+mxfGFVxu2B9Yw0sa/4+aB2hX/0mjKtvVivbxsRBN3sB3GtfHtPX+Xnj9njgcLrOV1l1DQixOZxOdHZ3QyP7v3kpKTYW+vOhYmuPDRt37UJd0+Dgx+3XXouYSLUCWnx0NGKjItHcGjgYS4PdsGIhYqLUbagoCg4cPYH1m3ei5VwbkhLiEBURBrPRgOuuWYCyU1WXFJTrDcSda2uHzd43SkFpeSWm5GdDp9UiLNSML91xA6L9kuVpAAAgAElEQVQjw/HJ9r0wGvRYtqAYq5bNh0aj9iGH04luy+BKdtYe9WauxuZzcLs9A6qs9g+o+jNabfg8enPdJuTnZCA3Kx0AYDYZcc3C2ThwtHTAfroQ767/FFPys33L/DzadeAoMlKToTt/jvjYg3fjo807sGnbHvTY7Fg4ZzpWLJqD1OQECIKAhXOmIyYqAgdLypAYF4OM1CQIguC30mevm1ctwZ03roRWq0FYiBnTpuTjYMngAFNXt9rXGppbMDGr7yZDRVFQ3xT4RsKLlZedDt35Y3BNfSOe/Pn/DuoLWekp+PZX70dsdCQkScLU/By8hKGvu2zZtR8LZhchNysdgiBgcl42fv7kv2Pj1t3Yc7AEPTY7iqdNwaI50zAxK83XhpGob2rBJ9v34t5bV0OnCzzfiVNVSEtJhCiKiI+NwhMP34t3PvoU2/YcRHJiHFYvnY+Fs6f7bri0OxxobesMuLyxlhWSiFXJs3BPxjKEaNRQnM3jwI5mNaBvdduxufEI0szxkEUJMfpw/HL6w1hXuxtrq7ehpL0K16fMxl3pS1AUmQXp/Plbl8uKDfV9lXnX1+1HQXgqDJIOsfpw/Nf0r+CVyk/wRvVWdLtsuDFlDu5MX4KJYer10BtT5iDRGIWtTUex59wJ3GFfhAmmWMiihDvSFkEvabHm9EZUdNfj+pTZ+Er2KiQY1RtV3F4P2h2WMd6SF6diez0SciOhMcjQmTSY95UCJORH4uj7Vag53IK0WXGYsjodacXxvoqnbqcHlbsa4OwZ+poJABx5rxLJU6ORszAZEABZJyFvWQoqdzWgtbpr0PQOi3oNv6PeAo97YJXVzsahP6Pqjp1DTGYYBFEd9WXVkzOx/7VylH1Sg6jUUEy9KQO5S1N87wWXzQ3LOduQyxxLr77zEWYWTcKKxXMhCAJ0Oi2uX74In+7Yh9NnglMdHQDe27AFK5fMQ9qEJIiigGuXzkNaSiLWrH0fG7fuRnxsNG5etRQ3rVqKiDA1NKwoCo6VVeCDjVuHXf7pMzV4472P8Y1HvgiDXg9BEDBjagHuvOlavPrO4OvrI3&quot;
08-31-2019 13:00:17 Wire.java DEBUG [Forwarding screenshot on session 57f77c2899285a2b963db09b270c4ab3 to remote] http.wire 87 - http-outgoing-5 &lt;&lt; &quot;XgSCnmTJ8KvV6HyIgwfOfrX0Z8bBTe/vATmE1G3HrdNbj71tXQ9bsu0t45uE8SERERERERUfCNqwDrv2pPYFpoLG6Jz4QkCNCJEm6IS8cNcf5/PFAA7O1owl+qS/w+bz9fMafc2gG71w2N2BtM86LMMvIfCM2SBr8rWITfFQyuGNWr0dGDx49vwY72+oDTjLaXm7ch35iC6yKnQRRERMpmfC1xJb6WuNLv9F0eG95p3QcAWBo+GQla9Qe/Ho8DBy3+h638pKMEt0bPxgRdNEQIKDSlwyTpYPUM/BEgQx+HI9N/G7CtlfYm3HL8vwc8ZpJ0+HnaPfh52j0B52t2deKHVS9jb/fgcFd/r7fsQqE5HbGakVVuKw7JHrK9XsWLHZ1l+KRD7VsLwvIQoVHDpe1uC/Z1n/Y7387Ok1gRUYhI2QydqMF0cwaex9ABVkDdztPMGbg7dj5kQYJGkHBtRBE+7TiGo9bqYecfLT0uL/5xsA0/XBSLWJMMSRQwM8mAmUn+K9YpAI422fHGcfWHkbOdLrxS0ol/K45CiFathZsbrcOPl8Thx0v8r7PF6sYrR/0PG6goanXWHpcXjRY30sL7ftBps3mws+bSh/7ub36qyRes7bB5cLDe/0XuXTU9WJZhRqRBgk4WUJSgxwvD5AJ7XF68X96FjEgtQrSXVgpiZpIB+x71XzGj1ztlXfjZlma8eaILi9PNvuBsUqgG354XjW/PG1yZRgFwvNk+6tt1OMc+qkZMehiy5yVCEAUYQrWYcVs2ZtyW7Xd6h9WF8q19lRuObziL2Kxw3/ySRkTm7ARkzg4wZKACNJ5sx5F1Ixs++8SmGsTnRMAUOTrh49TCGF91EVuXE/Wl/j+Pao6eQ8bsBBhCtZC1EhJyI3H4PfVYvf+NCkRNCEVSQRQgAKFxRsy7Px/z7s/3uyxLmx1lmy/tx5DyHXWISDZD1kkQZREZxfHIKPZfNc5hdaH6wNCVWi63mYX52PfBvwI+7/V6setACT7dOXgoUo0s46G7b8JDd9/kZ05Vj82O/372BZyprceUvCzfD/3HTp4eFF4FgNLyKhw7edoXgkmMj8G1i+fgo08HDq0YExWBP/7X9wKut6W1HT/+n7/izQ83Y/Hc6Ziar75PkuJj8O1Hv4hvP/rFQfMoioLjJyuxc//RgMsNNjnyOoi682E8jwXurp1+p3O3rYM3/ksQ9RkAREihxRAkMxSPBa7m1yAaciFIRkDQQhN9MzTRN/tdjuLugLvtwxG1zd36PtwR10ITezcgSBDkMGjiH4S7cyu8tgq4Gv8JTeT1kELVai+iPg36jF9Cn/FLf2uGp/sg3O1jO4y7u6UC1l1/R8g134WoD4Ug66CfdB30k67zP4PXA3v5ZjhObYF5/iOQwhIBqCFP59l9fmexn9gAw/S7IEemAoIITcp0CDoTFIcVtqNvQ47JgqA1QpA00Beshr5gtf9V2zvhOLlx0OOCpIF50WMwLxocbO6lOKzoXPdj2I68hZ79r0CXvRhyVJpafTQ+H+G3PY3w2572+3qdlTvgbh3Z58Jo6XnvDWiyJsKweAUgihDDImC+50GY73nQ7/ReSzdsm9R+q5s5B2LY+WrSnR1wlhzyO4/j4F7o5y+BGBYBQauDtqAQVj8BVjklDfHvbQvYVnfNGZz7+n0DHhNkDcx3fRnmu77sd56hgrWXmyiKmDFpEmZMClzt2uVyYev+/ThZdWbA416vApfbjbqmJtgcDhgNfefBXRYLmlvbkBTnv+p2cnyCr9Jle1eX3/AqANQ1NSEqIhyiIMCo1yM5Pv6CAqx5mZnIy8wM+PyJ06exec/eES8v2GRZwu03LMftNwyunt2r/xDiK5fMReGkXF84pbG5FWvXqceN3sqcN65YDFmWMCEpHquvWXDRQ8tPzstCeGgIPF4vqmsHVoTbsGUXiqdN8oUd42Ki8ODdN+PBuwd/9iiKgoqqs35Dfk6XGuSpqW+C0+XyBVjdbg/O1vqvQjfabfg8stkdeHf9FiTExiAsVP2uPjEzFdcunYe3Phj+O3igZX66Yz9SEuP9Vp77PFi3cRsyUpOxcPY0iKKIsFAz7rxpJe68yf91IkuPDZ/sUD/bZ02bhOjz4Xqb3YHScv/XifYePIblC2cjPjYagiAgNyvNb0XS3qqljS1tcLndvhsCHE7ngEp8oyErPQU5mam+c/JTlWf9BpkrqmpwqvIsYqPVEGJsTBQWFE/Dtj0HB03by2Z3YO37G/HVL92BqIgwCIKA1OQEfOWeW/CVe24JOF+3xYq2juFDpOs2bsPMwgJMzvP//RcAPt6yC9Mm5yEhTt3m6ROS8MQj9+KJR+4dNK3X68WR0lOjXuH2QmSFJKLslsB36ylQcKj1NN6s7jv3+PPJ91AQnoY5sXkQICBEY8Bd6UtwV7r/i0kexYtPGg5jbb9lvHh6AwrCU3FDyhxIgogoXSgey7sZj+X5/07Q5bLirertAICS9ipsajiE+zKugSxKMMl63J2+BHcHWH+jvQ0bGwL3m/HkyLuViM+NRN6yFAiiAFkrIWdRMnIWJfufQQHqj7XiwBtDX4vtb/eLZYjNCkf4+dFhIieEYOqNGfjk94Mvlrmd6vX6tupuuB0eX4DV4/biXNXQ75mSdWeQPiteXY8AxGSGYdWTM7HqyZmDX4ZXwdlDLWivHV9B4z/981XkZmcgNVm9ZpWRmow7b16FXzzz10HTFk+fgpItbw25vDfXbcSPf/XsJbWpuqYeL77xHp545D6EmE1qteecDPzsycfxsycf9ztP87k2vPj6eyNex5q161A0Oc8X3jWbjLjlumV4f8MW3808F+qN9z7GsgWzUXS+EnhyYhy+//hD+P7jDw2aVlEUlJw4he1DHO+JiIiIiIiIKHjG3YA6Pzy5E682lMPhHboCoFvxYl1zFR46utFv9dX+qnq60OHuqwRn97pRbu3wPedQxrba4Gj6r5q12NhRAs9nqoV9lsVjx5qmrXj7nDoM7nRzBnSievdxo7MDGzv8h1qq7S04bj0LBerQ5ym6KFwTPngIrmDb230Kn3SUwDvMdhgJr+LFjq4y/FfNWgBq0LbQlA7xfPnFKntzwEDtls7jOGNv9v0/0ZiEWSGBf4To708NH+GY9azv/0RdBO6LCxyavlx21vTgD3ta0WwdusqCAuBYkx2/3Tmwcsra0k78cU8rWnuGfl8pACrbnfiPT5pGFJis6XTBq/T932hxo8el7u9zw6xrJIwaEVPi1MqzAHCmw4V9df4voG6rtqK6o++YMjFKFzDk29/bJ7pwuMEGZdgpR0+Py4s/7WtF1TDVahUAFa0O/H7P2FYF7LX9+VJU7WuC1zP01nH2uFHy0RmUfTrwB8/tz5fi5JZaeFxDHwO8HgWVexux/rcHh62+2qvueCvO7G+C4r30PafRy4jLifAFLjrqrag77n+bVx9sRkd9X/WRqNQQNbAKwGV3Y8e/StFQ1obhOlRPhwMH1p4KuJ6ROvZR9Yi2sdvpwfEN1ajYNXTgIpi8Xi927i/Br/74wiUva1ZhAaIi1Jsnemx2HDpeHnDag8dO+sKtISYjZhb6DxyPRI/Njj+98Aaqaoa+cUYNq9Tg98+/ftHrGgty2FxfhVLFUQd367t+p/PaKuDpPojeji/q0yFH3QgAcDb8Ga7mNYB3cIB44ELscDY8B9e5tSNun6P+D/Da+0JukjEPuqQn1PZ6LHCc/Rm8tpPDLEWBx3oc9uqfjHi9o6ln38uwbvsTvLZhghReDxwVW9D10X8CALSpsyBo1H3j6WyAvdR/hRx3axVcdUfVu08AyJEToM+/FgBg3f0v2A6vheIeuiKe4rKjZ+8a2Erev5CX5r89LRWwbPk9PN3DhOkVBY6qneja+OtLXufF6Prz07Dv3AJ4hjlvslrR8+7rsG1YB8FghCZvsq96rKf2LJxH/f8Q69i7A+7avvNLOSML2inTRu8FXOE+W6mys1utZF3X1ASna+C5VXZaKkLPD/vu9XrReC5wcKi2qdEX7JIkCclx/m8IocGSE+Owauk8GM8Pce50urBp+x7U1ve9199ctwknTqmB9EsdWj45QQ0yOhxOnK0bWK&quot;
08-31-2019 13:00:17 Wire.java DEBUG [Forwarding screenshot on session 57f77c2899285a2b963db09b270c4ab3 to remote] http.wire 87 - http-outgoing-5 &lt;&lt; &quot;XZZnfg5Tc/HDB8rT+KoqC6tgEvvjF0lceG5hbfsMKAGmztHVq8oakFLvfgc9fRbsPnzZ6DJdi6+wA854+hWq0Gy+YX+x1efaQ2bN2NE6cqoShj+a1tdD235k3sPlgCj3fo8/Yemx3rNmzFJ9vVwHt+Tqaven9rewd2H/B/nai+qQUVVTW+bRQXE4XZ0wNfJ6qrb4LD0XfMtPbY0dCsXkdo6+iC233p3+en5OX4qgIOFb4F1MrFvcdgk0GPKfnDX7M5WFKG59a8iYamc8P2Dbfbg6Ol5Xj6Ly+h5ETFiNq/ceueAe//z6qtb8Jr732Mto6hKwf2BrTWrB2/73UFCkraq/CLo2tgdfedt1vddvzg4HPY1jT8NU67x4lXKj/B9w88N+i5/zzyEjbUHxh2Gd0uG16o2DAgAPuHE2/jk8ZDw87b6bTiufIPcaTN/83t49HmPxzG8fXVvvBoIF6PgvJtdXjvp7tHVH21V2t1Fw6/c9p3nUUQBWQvTELWvMSA87TXWXzVWAHA7fCgrbrb95zHOXg/tFZ3YfeLZbC0DvOdTwHOHmrG9r9f+ogro+30mRq88uY62OzqaxBFESsXz8WyBbOD2q7X3lmP3/31JZxr819koFfvDTFP/uyZCw6D/umfrw44n5qYmY6vP3DXRbUXUKvY//65NcPeFKEoCspPV+OZv7x40esiIiIiIiIiostrXFVgBQCLx4XvntiOdc1n8MiESZgSEo1QWQtJEKAAsLidOGltx4u1ZXijcWQXgg93taDJYUWKXr0LvNVlx5Gu0R+uLBisHge+W/kvXB81A7dHz0W2IR5GSQcBAjyKFx1uK/Z1V2BN81ZfJc8pplRkGdS7vBUoKLFWD6qo2t8hSxUWhRfAKOpglHSYEzrRV8l1PHm1eQdmmrOQabjwH4AVKLB5nThrP4c3z+3Gqy07fM8tCitAok6tzuFSPDhiGbo612HLGUwxpUIWJETKZswJnYhdXcOFWtR9+bfGjfhJ6p2I0YRCgIDikBxcG1mEj9r8V9W6XD481Y0D9TY8PCMSxUlGxJokSKL6HrS5vKjrcuGD8m68FKBy6hulndhabfXNH2WUfEPUO9wKGi0ubK6y4vlD7b4Q6nDOdDjh8HhhkEV4vAoq2kZ3ePKFqSYkhKg/1rm8Co40DX33/9EmOybH6SGLAiIMEoqTjQEDr/29cbwTudE6xJjG7vB7oN6Gx9bVD9qfwMXvj9Hmsrux4XeHkLMgCfnLUhCREgKtXgYE9QcUh8WJutI2HPvwDJoqBvc7l92NLX87hso9jZiyOh3RGWHQGWUIogAogNPmRnttN0o31aB8W90Ft+/4hrNIzI9CRLL5kl5n6vRYhMSoYWev24umU+1DTt90qh1x2eEQJQGGMB2Sp0T7gqjtdRa8+597MOW6dOTMT0JYvBGyTq3Y5XF50dPpQF3JOexfWwFr2zA/7ozQ9n+Wovl056B9pHgVOHrcOFfZiaMfVKHm6Pj7jFUUBTa7AzX1TXh7/Ra88f6mUVnu1Pwc3w/9TS1t+GR74M/HvYeOo+XGdt+QrVPzszEh6eJDSweOluGxH/4aD997M4qLChAbFQFJUvuAw+lEY3MrNu88gOdffc9vVdjxQgqZCdHYG+ZV4OneD8UTuEqOp3s35MhVECQTBMkMOXwpXM1qRUl75XfhsRyANv4BiMZ8CJIZaif1QPF0wmM5DGfds3B3XNj+9/aUwdX8EnQp31ODtoIEOep6aLp3w9X0Etyd29Fz7BboJnwfUvgSiNoEQDh/nPfa4XXUwNX6Hpy1vx3ytV1ulu1/hePMPphmfxm69NkQjRGAKAGKAsVhgavlFHr2vQzbEbXKjya5CHJsjjqzosBZexiKI/Cwns6z+6GfuEyttKo1QZe5ALZDalC4c91P4Kw9AuPMe6CJzYGgNQGCAHg98Nq74WoogXXnP+CoGH4IypGyHXkb7tZq/6/XZYO7rRq2I2/DunNw+GGsKLYedPz3f8CwZCWMq26GnJoOwWBUt43HA293J5xHD8H67utwnVSH2dXNmgcpVj12KG4XnCf8j0bRy3XiGLQTCwBZhhQWAV3RrICBVxqoo7sbXkWBKAhwud1oHaKSXmJMLLQa9fPAZnegrqk54LRn6xvQ2dUNo14NYUaGh2FCYoDK8TTATSsXIyk+FoD62X7iVOWgaptqZc7NSEqIRWR4KMwmI25cueiihpZPTU6AVqtBS2s7auobBz1//ORpPPWbv+COG1diakEOIiPCIJ2vwut0unCurR27D5bgzXWbhl13RVUN2ju6fJUhu7otIxpOeDTb8Hn06jvrkZaShMl56ggVcTGRuHbJvIuuugsA6zfvREZqCiLDQ0ermWPKZnfgN396AYvmTMfKxXORkhQPg14HQRDg8XrRbbHiWFkF1m3YhvJK9TpRTkaq77x0qAqmvU6cqsKMwnzodToY9DoUFkzExm27/U57pqYeFmsPzCYjAOBcaztODBEwvRi52enQaNRzr6HCtwBwtLQcbe3zkRgf66sgmxgXM+w69h46hpITp3DtknmYX1yE+Ngo6LTaAdu19ORpfLR5J46fvLBg4/a9hzB9aj4WFBf5bnb8rK27DqCx6RyuW74Ak3KzEGo2QRRFKIriO/ffsusA3l3/6QWte6zYPU402Nrw7tmdeOH0hgHh1V6NtnY8svNp3DRhLu5KX4KskCSYNXrfNc5uVw+Od5zB8xXrsb3JfzDR6rbjib1/9C0jOzQJJrlvGR1OC3a3nMALpzcMCqBa3XY8vudZPJB9LW5KmYs0cxz0kjp6ynDzjnfOHjc2/PYgyrfWYfoXshCXHQGdWeO7ZuLocaH1TBeOvl+FExvPDr9APw69dRrxEyMxcWkyBEGAMUyHgmtTUbHD/02XTSfbYTlnQ2icemywdTrQVD70NRIAOLHpLDrqLSi6JQsphTEwhGl9r8Nld6OjwYoTG85eUAXZsbZm7TpMzsvBqmULIIoCIsJDcfPqpdgU4Dg6Vl595yN8unMfvvblOzFnZiGiI8N957cOhxMNTS3YuHU3nluz9qKqpp4+U4MXX3sXTzx6H8wmI2RZwrIFxVi/eQeOlga+GXgo+w4fwyPf/omvzXHRkX3XRUahzUREREREREQ0NoTXXntNycnJGfBgYWEhEjcG74fcq0nVLHXo1pnlvwpyS+hKsS/n/wEA5r08vobIoivbjnvUYOfzj45t2JquPA/8Ra2QNu/O7wW5JQQAO179bwCA/WhukFtC+inqkM+t/zMvyC2h/qK+o9701HbP7UFuyZUj8mW1YvRz720OckuuLg/doA6RfPcTwalGTOPbK898FwD7x1jh9qZg6e17UzY+GeSWXLmOXvNfAIBnb90Z5JbQUP7tzbkAgOnXfy3ILaHx4MD7fwp2E4iIiIiIiIguG7ui3lx8+PDhoKy/sLAQACAGZe1ERERERERERERERERERERERERERHTVYoCViIiIiIiIiIiIiIiIiIiIiIiIiIjGFAOsREREREREREREREREREREREREREQ0phhgJSIiIiIiIiIiIiIiIiIiIiIiIiKiMcUAKxERERERERERERERERERERERERERjSkGWImIiIiIiIiIiIiIiIiIiIiIiIiIaEwxwEpERERERERERERERERERERERERERGOKAVYiIiIiIiIiIiIiIiIiIiIiIiIiIhpTDLASEREREREREREREREREREREREREdGYYoCViIiIiIiIiIiIiIiIiIiIiIiIiIjGFAOsREREREREREREREREREREREREREQ0pgIGWDUCs62XW/9trBGkILaErhT9+5HMtzCNkf59TZSE4DWEPvf69x9Z5udisA3YB4ImeA2hgdtfkoPXDhqo/76QuV9GRb/tKIo8pxgr/be1LPHzlwbq3yfYPy4/bm8Klv79TSOy710O/berKPM8Z7zqv280vC5x1WMfICIiIiIiIhobASNuucaQsWzHVan/Ns7SxQSxJXSl6N+PssKZYKWx0b+vRSQbgtgS+rzr33+yJiQEsSUEDNwHoj4niC2h/ttfjs4KYkuov/77Qk6ZEMSWXDn6b8fIEHMQW3J16b+tJy&quot;
08-31-2019 13:00:17 Wire.java DEBUG [Forwarding screenshot on session 57f77c2899285a2b963db09b270c4ab3 to remote] http.wire 87 - http-outgoing-5 &lt;&lt; &quot;TyeykN1L9PsH9cftzeFCz9+1u2OT6ILbly9d+uUammILaEhtJ/32SlJQWxJTQesA8QERERERERjY2ACbfrIxPHsh1Xpf7beHlIbhBbQleK/v1oWSorgdHY6N/XMmZEBLEl9HnXv/8smzsliC0hYOA+EMNXB7El1H/7a3OXBbEl1F//faGdMy+ILbly9N+OGUmxQWzJ1aX/tp5dNDGILaHxqH+fYP+4/Li9KVj697dr4/hd7HLov12z50UFsSU0lP77ZsWCGUFsCY0H7ANEREREREREYyNggPWRhAxMNoWNZVuuKpNNYXgkIcP3/30Rs5CnZ4UDunh5+njcFzHL9/89eVrkRrIKK11euZEi7snT+v6ftCIWUanGILaIPq+iUo2YtKIvQHPPDYuQm5EcxBZd3XIzknHPDYt8/8sxX4FoKAhii65eoqEAcsxXfP8bZt4DOY43PgWbHJcLw8x7fP/rr78RcnrGEHPQcOT0DOivv9H3/5TMCYgO46ggl1t0WAimZPZVvr1h6SxkpPB7KakyUuJxw9K+75jsH5cXtzcFy2f73pdTFyI/lFUHR1N+aBK+nLrQ93/RzUmIyWS1+fEmJtOMopv7+v79ty1HXhZHWrha5WVNwP23LQ92M4iIiIiIiIiuCkOm2/6QNY0h1stgsikMf8iaNujxXyTcyBArXZQ8fTx+kXDjoMefmq9niJUum9xIEU/N1w96fMnDaQyx0gWJSjViycNpgx5/6ol7GGINgtyMZDz1xD2DHtekPsMQ6xgTDQXQpD4z6HHzDU8xxBpEclwuzDc8Nehx8+PfYoj1IsnpGTA//q1Bjy+dUcAQ62UUHRaCpTMGH9cf/9INDM0RMlLi8fiXbhj0OPvH5cHtTcESqO/9evI9DLGOkvzQJPx68uDvVyu/ncMQ6zgSk2nGym/nDHr8l99/iCHWq1Be1gT88vsPBbsZRERERERERFcN4bXXXlNycgZenCksLISjq8H3/18bKvF+Wz3KerrhUrxj3cYrgkYQkWsMwfWRiQMqr/rzYvtebOguQ4WjBS7FM0YtpM8bjSAhSxeD5SG5Ayqv+vPyCSc2VbtR0eGFm29hugSyCGSFi1iWKg+ovOrPsY+bUbm/He21Nng9yhi1kD4vRElARLIBGTMiBlRe9efl97Zg086jqDjbALebn4uXgyxLyJqQgGVzpwyovOqPu+Xv8HZ8AK+9HFBcY9TCq4iggajPgRi+ekDlVX9s+16Gs2wT3OcqAI97jBp4lZJkyNFZ0OYuG1B51R/7++/CuWsH3DVnATf3S0CyDDllArRz5g2ovOrP0dNnUVnXjLZuC7xenlNcClEUEBliRkZS7IDKq/6898le7D50EmfrW+D28PP3aiBLEiYkxmB20cQB1Rj9Yf+4dNzeFCwX0vf+Wb0VHzUdxSlLI1xe9r2R0ogSss3xuDZuyoDKq/4cersOp3a0orXaCq+b5zljSZQFRKWakD0vakDlVX9eWLsBH2/bj4ozdXDxusQVSSNLyEpLwooFM1h5lYiIiIiIiK4adkUtTnf48OGgrL+wsBDACAOsRERERERERERERERERERERERERET0+TdeAqwcW5yIiIiIiIiIiIiIiIiIiIiIiIiIiMaUHOiJ5x89NJbtICIiIiIiIiIiIiIiIiIiIiIiIiKiy/SZtkMAACAASURBVOzuP88LdhMAsAIrERERERERERERERERERERERERERGNMQZYiYiIiIiIiIiIiIiIiIiIiIiIiIhoTDHASkREREREREREREREREREREREREREY4oBViIiIiIiIiIiIiIiIiIiIiIiIiIiGlMMsBIRERERERERERERERERERERERER0ZhigJWIiIiIiIiIiIiIiIiIiIiIiIiIiMYUA6xERERERERERERERERERERERERERDSm5GA3gIiIiIiIiIiIiIiIiIj8i7i5O9hNILritb8dEuwmEBER0VVsymNh5/8SgtoOGj+cTiesVitOlJZhw/oNqDxdiW/PeSbYzbosGGAlIiIiIiIiIiIiIiIiGsfuuOOOYDeB6Ir12muvBbsJREREdJWTJOn8XwywkkqSJIiSCEkSIQhXdr9ggJWIiIiIiIiIiIiIrjhZd5vQZm8KdjOIiIYUqY9DxSvWYDeDiMYRnsOMLR6HiYhoPNBotcFuAo0zChRonVrIsgxRZICViIiIiIiIiIiIiOhzpc3ehNtvvz3YzSAiGtLrr78OwBzsZhDROMJzmLHF4zAREY0HGo0m2E2gcUZRFMgaGZIksQIrEREREREREREREREREREREREREY0+Bljps7xeL2RJhiiKABhgJSIiIiIiIiIiIiIiIiIiIiIiIqJRJklSsJtA44wkSRAlEaIosgIrEREREREREREREREREREREREREY2+Kz2gSBdOFHvDq2Kwm3LZMcBKREREREREREREREREREREREREFATCFT5EPF0cAQIEAbjS880MsBIREREREREREREREREREREREREFgaIowW4CjTcKoODq6BcMsBIREREREREREREREREREREREREFgdfrvWzL9ng8cDgcsFqt6OrqQk9PD1wuF7xeLwRRgFajhcFggNlsRnh4ODRaDVxOFywWC9rb22Gz2fwuV6fTISwsDCaTCQaDAbI8MIZot9vR0dEBq9UKh8MBjUaDqKgomEwmaDQaiKI4YHqr1YqmpiZYLBa/65MkCVqtFiaTCeHh4dAb9BCFvmW43W7Y7Xb09PSgu7t7yNcZGhYKvV6dv3e9TqcTZrMZJpMJZrMZGo0GAOByqdvCarXCYrFAq9UiLi4OJpPpUnbLsLxeLxSvAkVRcKXnmxlgJSIiIiIiIiIiIiK6gp08eRJ33nknbrvtNvzoRz8KdnPGBW4TorG1Y8cOzJ8/Hy+99BLuvffeYDdnXLPZbPjmN7+JM2fOYM2aNYiKigp2kwiAy+PEawf/im0VH+DBOd/FrLQlwW4SERERXUE8Hs9lW7a1x4qW5hZUV1fjeOlx1JytQXtHO5xOJzQaDcLDw5GUmIScnBwUFhYiLDwM7W3tOH36NPYf2I/6+nq/y42NiUVBQQEyMjOQlJiEkJCQAc+3trbi8OHDOH36NFpaWhAREYHi4mJkZGYgLDQMOp1uwPR19XXY8PEGnK487Xd9BoMBERERSE9PR2FhIRITEyHLsi/EarVa0djYiDPVZ3Cy7CRqa2v9vs6srCxMmjwJ8fHxkGXZt9729nZkZmUiMyMTGRkZiIiIAAB0dnaisrISpytP43TFaURERGD5iuXIzMi81F0zJI/Xo4ZYr/T0KhhgJSIiIiIiIiIiIiKCoigoKyvDc889h3Xr1uHkyZMAgKKiIkydOhUrV67E0qVLERsbG+SWjh2Hw4HNmzfjH//4BzZt2oS2tjaEhISgsLAQ8+fPx4oVK1BcXAyDwRDsphJdtfy9TydOnIgFCxbgwQcfRHFx8aDKRhejN4D66KOP4umnnw76+57HbKLBWltbsXbtWrz11lvYsWMHuru7UVRUhAULFuCOO+5AcXGxrzJaa2sr7r33Xqxfv37AMlJTU7F48WI88MADWLBgwaDjR+8NIEeOHMFvfvMbfPOb34QgCIPacvz4cdx+++04ceLEuDluEBERjWduj/uyLbujowNlJ8twovQETpafRHNzs68yqSiIsHRb4PV4ERoWCmuPFXqDHt3d3WhoaEBJSQnOnj2LkJAQ6PV6NTB6/vxAFEV0d3fDbrfD6XL6XoNaMVRBW1sbSktLceToETQ3NyM2NlatnKrXQ5IkSLI0oJ3t7e04Xvr/s3fn4VGV9/vH71kyWSYLySSEJEAiEJKAIKAiCChINCBuVKWltiroD1xqVeiX1gWtRhGBQrUqaC2IiFgpQhEsWAMCggQXZDEYiEBYErInJJnJMsvvjzQjkQBhSYL4fl3XXK3nPPOczzkz8xDIPZ/zrXbu3ClfX19ZLBZZLBYZjUa53W6ZTCb5+vqqrKxMwcHB8vHxUUhIiHx8fFRTU6Pc3Fx9++23yszM1N69e1VYWKjq6mpvODg/P1+FBYVyVDkUHBIsi8WioKAg73Hz8vLkkUeB1kC1a9&quot;
08-31-2019 13:00:17 Wire.java DEBUG [Forwarding screenshot on session 57f77c2899285a2b963db09b270c4ab3 to remote] http.wire 87 - http-outgoing-5 &lt;&lt; &quot;dOQcF1gVy73a68vDxlZWXpm2++UWRkpC67/LJmfc0kyeV0yeWqe1zoIVYCrAAAAAAAAACAnzWn06k5c+bo8ccfV3l5eYN9W7du1datW/XWW2/9rAIYBQUFmjhxohYsWNBge3l5uTZs2KANGzbohRdeoJsiLngpKSn6+OOPmzT2uuuuOy4M1pz27NmjCRMmaMWKFQ22Z2ZmKjMzU2+++aYef/xxPf74481+e8uWxJqN1uBjsuiOy3+nOy7/XWuXchyPx6Nly5bpscce84a569V/Jl5++WVdf/31mjNnjjp06HDCubKzszV//nx98MEHmjx5sh599NHjbgdc74MPPtAvfvELxcXFHVfP6tWrtWvXrrM/OZ3f6zAAAOeKs7b5wpAFBQVKT0/Xd999J5fLpdDQUMXExCjAP0BV1VWSR7L4WuTj4yOPxyNnrVO1tbWqqq5SRUWFPB6PIiMjFRUVJavVKovFIkkKbVM3T1BgkIwGo/cc3G63nC6nSkpKtD97v/bt2yeHwyFJ2r1ntwIDAxUSEiJrQMO/o9RU16iyslLV1dUKCgqSzWZTaGioLBaLamtqVVpaqpzcHNXW1soWZpPZZFaXLl3k7++v4uJiZWZmav369crOzpbRaFRISIjatWsni49F5RXlKistU3FJsbKyshQZGSk/Pz916NDBe9zy8nJVVFTI7rCrpqbGez41NTWyO+yqqKhQeXm5AgMDVVNd06yvmSTV1taqtqZWzlqnPG53sx6rtZ39Vy4BAAAAAAAAAPgJ27Rpk6ZMmaLExEStXr1adrvd2zGkvLxcGRkZeu211xQeHt7apbYIl8ulN998UwsWLNCdd96pzMxM1dbWyuPxyOVyqbCwUJ999pmeeOIJ7y+ugAvVxIkTm2Xs2SooKNAf//hHrVixQrfffru++OILVVdXy+PxqKKiQitWrNDll1+uKVOmaMqUKXI6z+6XqwMGDJDH49GcOXNaPRDKmg00tH79ej366KPKycnRM888owMHDng7dZWWluqjjz5SSkqKDh8+LLvd3uC5KSkpKiws9H6GKioqtHjxYoWFhWnevHnHBWLrDRo0SMXFxUpLSztuX3Z2tj744AP95je/UY8ePc76/M7XdRgAgHOpvtNmczwcdofyjuTpyJEjstvt8vHxUWRkpDp36axuSd2UlJSkiy66SBHhEfIx+8jlqrt1vcvpUk1NjSSpTZs2io6KVmzHWHXu3FmJCYnq3LmzIiIiFBAQIIPB4D1eVVWVSopLlJ+fr4L8ApWWlqq2tlYOh0OHDh3SwYMHVVFRcVydTqdTNTU18ng8Cgys64IaHx+v7t26KykpSTExMZKnrpP8ocOHlJubK7vdrsrKSh3OOazvs75XVlaWCgoKFBwUrC6du6hnj57q3bu3el3SS926dVNsx1jZbDZZLBZ5PB65XW7vcauqquRwOOSwO2S32xs8HHaHHA5HXbfZmho5nc5mfc2Ofbjdbl3Y/VfpwAoAAAAAAAAA+Jlbt26dcnNzNX/+fF177bUN9gUGBiopKUlJSUmtVF3LKy0t1bp16zR48GC98MILio6O9u4zGo2y2WwaMGCABgwY0IpVAi3juuuu03XXXXfK7n/141rK8uXLtXTpUj3wwAOaNm1agw6rVqtVI0aMUKdOnTRmzBjNmzdPN998s/r27dti9TUn1my0lpU7F+nDHQv0f8kz1DmiW6PbQ60R2rzvE6XvX6u8o4d0kS1BQxNuUZ+OA2U0mE4y+5nJz8/XzJkzVVxcrDlz5mj06NEyGAze/SEhIRo+fLiuueYa/fvf/5bJdPIarFarbr31Vh04cEATJ07Uzp071b179+PGDRw4UJWVlXrvvfd0/fXXKyoqyrsvLS1NTqdTo0eP1o4dO876HM/XdRgAgHPJ3YwdNg0Gg3x9fWXxscjlcnm/oGq1WhVuC5fVapXRZJSfr5+sVqucTmeDW9abTCb5+/krMDBQgYGBatOmjYKDg2W1WuXv7y8fHx8ZDAbvOdjtdh06dEiHDh1SRWWFjEajAgICZDabVVRUpLy8PDkcjuPO2e1xy+PxyGKxKDQ0VB07dtTF3S+WzWZTbW2tgoKCtH//fhUUFqiyslJHjx6tC5O6nMrOzlb2gWxVVFQoJDhEPXr2UM8ePdW2bVv5+/t7A7RlZWUymUwKjwhXSHCIfH19vcd1u92qramV3W5XeXm5AgICJNXdicZut6u2prYuTOrxyO1xN+trJkket6fB63AhowMrAAAAAAAAAACSfH19T2v8pk2bNHr0aCUmJspgMMhgMKhPnz6aOHGi9u/f7x1XWVmpMWPGqFevXifsZPaPf/xDwcHBDTqZeTwebdu2Tffee6/i4uJkMBjUr18/zZ49W5WVlcfNUT9+7NixstlsCg4O1siRI/XRRx8d13GtKcxms3x8fE7rOadTc0VFhaZMmaKrrrpKwcHBMhgMstlsuvHGG7VkyRJVV1c3GJ+ZmalevXopNTVVlZWVeumll7zX/oUXXvCOq6ys1OzZszV48GDvnKNGjdJ//vMf720Lj1VQUKCpU6d650pOTtaaNWsa/UWR2+3W2rVrNWrUKNlsNu/4xuqtrq7WkiVLNHz4cO/5DR48WNOmTdOBAwdO67qidTWlo19Ldv0rKyvTqlWrlJSUpAceeKBBePVYSUlJmjRpknJzc7VixQq5XC5JdR2Lhg0bpvvuu6/Rz0Rqaupx69Wxn78fO93P3LE8Ho/ee+892Ww2vfDCC8d9jk7mdNfsE9U6duxYbdu27bjP/NKlS3XzzTd71zKDwaD+/ftr6tSpKigoaDDW4XDovvvu07Bhw1RQUKBPPvlEycnJMhgMuuGGG1RSUiKp8TVk8ODBeuWVV5Sfn39cvfXrSP1ciYmJevnll095XdE6Nu9P04xP/k/Lty9Q3tFDkqR9RZl6c9OL+nT3CnmaoXfW5s2btXz5co0bN0633nprg/DqsXx9fTVq1Ch16dLllHMaDAZFRkZK0gm7N/v7++vWW2/Vt99+q88//9y7vaSkRCtXrtR1112nuLi4Mzijxp1v6zAAAOde8wUVAwICFBsb6+2YajabVVZWptzcXOXm5qqwsFAOu8Pbwf3HampqVFRcpMOHDyv7QLb359aAgAD5+vrKx8dHRuMPEUSHw6GcnBzlHsmV0+lUUFCQOnTooIiICFVXV6uwqFClZaWqtFc2+rOG2+1WdXW1KioqVFpaquLiYhUXF+to+VHVOmtlNBplsVjkY/GRwWhQTXWNigqLVFhYqOrqavkH+Ktjh47q3LmzoqKiFBkZqfbt26tTp07q3r27EhMTFR0VreDg4Ab/5lFTU6OioiJlZ2drx84d+uqrr/TVV19px84dys7OVlFRkbcjLc4tOrACAAAAAAAAAH7WOnXqJEl65513lJSUpIiIiCY9b9++fXrvvfcabNu6dau2bt2qjRs3asGCBYqPj5fVatWNN96ot956S5999pkSEhIaPKc+7JGcnKw+ffpIqgt1/fOf/9SDDz6o4uJi79j09HSlp6dr586dDbouejweLVq0SPfdd5/Ky8u945ctW6Zly5ad1vUICAhQXFyc3n33XS1fvly/+c1vmhQUO92aq6urtX79em3YsME7tri4WCtWrNCKFSs0bdo0TZgw4bhucenp6UpJSdHGjRu92+p/6ZWXl6eHHnpIixcvbjDn4sWLtXjxYn322WcNOscuXbpUCxcubBDUS0tLU1ZWlhYuXNhgrNPp1KxZs5SamtrgGqelpSktLU1Tp07VxIkTZTab5XA4NGnSJL3yyisNal+3bp3WrVun6upqTZ48+ZTXFOeHU3X/a+muf7m5ucrMzNSAAQN00UUXnXTspZdeqiuvvFK7du2q60YUEnJOazndz9yxPB6Pli5dqj/96U/6wx/+oAkTJjRprTnTNftEtc6bN09r1qzR/PnzdfXVV3v37dy5U8uXL28wx+bNm7V582Zt2bJFr7/++nHHPnLkiO677z598MEH3m1Op1Nut/uEa0j9ulBSUtJgXfjuu+906623avPmzd5tmZmZevjhh1VdXd3o+ojW9fWBzzSwyzAN6jxcNmukPHLr6wOfafHWv+&quot;
08-31-2019 13:00:17 Wire.java DEBUG [Forwarding screenshot on session 57f77c2899285a2b963db09b270c4ab3 to remote] http.wire 87 - http-outgoing-5 &lt;&lt; &quot;ubQ5/r0o4DFeJvO2fH83g8+vrrryVJKSkpZxTqbozT6dT27dsVFBSkzp07n3DcpZdeqpSUFL333nsaMmSIQkND9cUXXygrK0upqann9P15vq3DAACca3VfQmn8iyhny2azqd8V/RQdHa3s7GzlF+Tr0KFD+j7re7ncLgUHBSs2Nlbx8fHq0aOHrFZrgy/FlJWVafv27crKypLZbFZ8fLz8/f0VHBwss9kss7lh/LCqqko5uTnKz8+XyWRSdHS0evbsKafTqfT0dJWVlSk/P19FRUWKCI/whkjrvzRWWVmpffv2qaysTFlZWbJYLKqurlZpSakO5xxWaGioIiMjFR0drQD/AJVUlaiqukpVVVVyu93yMfsoODjYW1/9uZhMJu/PS0aj0bv92OPuz67r8Pptxrey+FgkSTW1NaqsrPQ+6sef6ItD50pLHON8QQdWAAAAAAAAAMDPWnJysm6++Wb9/e9/V+fOnTV8+HBNmTJFK1eu1P79+0/YfeyOO+6Qx+Np8CguLtaLL76o9PR0rVixwju2f//+Sk5O1qpVq1RWVtZgnj179mjz5s1KSUlRaGioJGnHjh169tlnddlll2nLli3eW/wVFxdr+vTpWrBggVavXu2dIyMjQ88995zCwsK0ePFi2e12eTweVVRUaOnSpYqPj2/y9fD399fo0aMVFhame++9VwkJCbr77rv12muvacOGDSoqKmq0K8vp1myz2bRq1aoG16+2tlbp6ekaMmSIli1bpkOHDh13nPXr16t///76/vvvvR1iJk+erOrqak2fPl2LFy/W6NGj9f3339fdArC2VllZWXrmmWeOC9NkZWXpxhtv9M5lt9v1xhtvqLi4WEuWLGnQXWXNmjVKTU3VDTfcoN27d8vlcsntduvQoUP6wx/+oJdeeskbJMrIyNCSJUt0991369ChQ3K7624vWFhYqIULFyosLKzJrwfODyfr7NfSXf+Kioq0Y8cOdezY0XtbyxNp06aNoqOjlZOTo9LS0nNax5l85up5PB6tWrVKEyZM0Pjx45scXpXObM12Op16+eWXtWrVKk2fPl3FxcXeNWfLli1KSEjQSy+95O2UKkmTJ09usD7Vf94feeQRLV26tEHXyXrbtm1TTU2NN6hef542m00rV65UamqqOnXqpNWrV6u2trbBuhAcHNxgruzsbIWHh3vncrlc+vzzz3XFFVeccH1E67q7/0TdcsndCg9sJ4PBIKPBpJ7t+6lH9OU6ULJHxZUFp57kNFRVVenIkSO65JJL1LFjx7Oez+PxqKioSH/96181e/ZsjRw5Ut26dTvh+Pov6KxatUpff/21KisrtWjRIg0ZMqRJnV5P1/m0DgMAcK4ZjcZmewQFBemiThfp4osv1sU9LlZCQoKio6NltVpVXV2tI3lHlLErQ99lfqeioiLvz57H1maxWOTv76/AwEBZrVZZLBaZTCaZTCbvcQwGgzwejxwOh/Ly8lRQUCCXyyU/Pz8FBATIYrHI7XaroqLCu7+mtuaHWg11MUaXyyWHw+ENumZnZysjI0P7s+vudBMREaEOHTrUBVgDAhqEUaW64Ke3NtMP18FkMsnHx0c+Pj4N6q4/bj2P2yOX06VaZ61qnbVyOV3yuBv+G4jR0Hyvl/d6GlsmKHs+oAMrAAAAAAAAAOBnLTIyUvPnz9ebb76pv/3tb1q1apVWrVrl3R8bG6tHH31U48aNk7+//0nnCg0N1W9+8xv95z//UVlZmTwejwwGg9q1a6fhw4drxowZyszMVN++fSXV/WJmxYoVatOmjQYOHCipLkDyySefSJKmT5+unj17Npj/nnvu0aZNm5SWlqbrr79evr6+Wr16tXbt2qUFCxY0uIWw1WpVUlLSKUNuP3b11Vdr9erVevHFF/Wvf/1L8+fP1/z58737Bw0apD//+c8aMmSI95dUp1Ozn59fo8c1m83q27evfvnLX+rVV19t9DbZDz/8sJ555pkGtyiUpP379+uTTz7RiBEjNHPmTLVr1847Z+fOnfXUU08dN9eECRP09NNPe6+Xv7+/brnlFr3//vs6ePCgHA6Ht9vLypUrddlll2n69OmKiYnxzhETE6MHHnhAGzZsUFpamvr27auqqirl5uaqbdu2ioyM9M5vs9n061//ukmvAc4vJ+r+d753/bNYLLLZbNqzZ4+qqqrO6dxn8pmT6ta4tWvX6v777z/t8Kp0Zmv2wYMHlZaWpoceekiPPPKIt0uU2WzW5ZdfrvHjx+vuu+9WZmam+vXr1+hxDQaDYmJiNGbMGK1cubLRQPDQoUP15ptvem+/Xs/hcOg///mPAgMDNXPmTF1zzTXefSdaF5KTkzV37twGXV6vuOIKDRs2TG+88YYKCwsVGxvb5OuG5hfgEyjDjzqnWUy+Cg1oq6pah9wedytVdmKrV69WeHj4cdtHjhypZ5999rhg9Y8NGTJEycnJeueddyRJn3/+ud5+++1z1g32WD/VdRgAgKao++JX8wQVDUaDjCajfCw+Cg4JVpcuXeRwOFRYWKh9+/YpKytLmZmZysrKUlJSkvz9/Rt8Kcxms2nAgAFKTEiULdymiIgItY1oq8CgQJnN5gbBU6fTqcrKShUWFKqoqEgWi0V2u105OTmqrq5WVVWVjEajjuQeUd6RPHXs2NH7pTejqS6I6uPjozZt2ig8PFw2m012u11Hjx6Vx+NRbMdYJSYkqnPnzoqKipKfn5/MPmb5+fnJz89PRqPRG4CtqqpSgDVAJvPJu8LXH9dqtSouNk4dOnRQTEyM9+ego0eP6vDhwzp48KD2Z++v+6KSydjsd0PwBnBNxgs+xEqAFQAAAAAAAADwsxcSEqKJEyfq0UcfVUlJifbu3auvv/5aq1atUlpamh555BEdPHhQzz//fINQRn5+vj766COtW7dOOTk5ys7O9t6OPiEhQVVVVfL395fBYNDVV1+tGTNmaMWKFbr00ktlMpmUl5enDRs26Nprr/V2K6uqqtLu3bu1a9cuXXLJJSes+bbbbvN2+Nu9e7d69Oihyy677Jz9YiMhIUFz587VnDlzlJ+fr8zMTG3atEkrV67Uhg0bdMstt2jBggW6+eabT7vm+gBr/S0E//vf/+rLL7/U0aNH9c0333hvr11UVHTcHBaL5bjwqiQVFhZq27ZtuvXWW71BulMxmUzHXS+r1aq4uDgdPHjQ+0u7iooKZWZmau3atWrfvv0J57vyyitVU1OjTp06KTk5WdOmTdO+ffs0evRoJSYmKi4u7pQhaJy/Jk6ceFxw6nzv+ldTU6OioiJZrdYTBsfP1Jl85qS6Lspjx449o/BqvdNds3NycpSenq709HRNmTLlhPPm5+d7/7/H41F2drY+/PBDbdq0SYWFhdqzZ4+ys7Mlyfu/x2rsFqqSZLfbtX//fvXs2fOka+Sx6rtCHctgMKhTp07Kzc0954FkoN748eP1l7/8RVar9ZRjQ0NDNWLECE2ePFnbtm1T//791b1792ar7ae4DgMA0BTNGWB11dbdbaS2tlZGo1HBwcEKCwuT1WpVTU2N8vPzZbfbZTQaVeWoktvtrgtp/q+zqb+/v2JiYtS1a1dFRUUpMChQ0g+3uK/vFFpTU6OjR4+quLhYpWWlqq6ultVqlY+Pj+x2uze86na7dSTviHJyc1RVVeV9fv3xLBaLQkND1bFDR8XGxupo+VEVFhbq6NGj8vf3l9VqVZuQNgoODpZBBgX4B6ht27ZqG9FWhw8flt1h14EDB2Sz2RQVFaUAa4BcLpdqa2tVXV0tk8mk4OBg+fv71wVw/3dcX4uvwsPD1alTJyUmJnq/SFZQUCBfX185HA7l5uZ6a22JAGv93wku8PwqAVYAAAAAAAAAAOoZjUbZbDbZbDZvV76dO3fq3nvv1fLly3XnnXeqZ8+e8ng8+uc//6kHH3xQxcXFTZo7MTFRKSkp2rBhg/Ly8hQdHa3Nmzfrq6++0pNPPukNcdUHnU6lvLxcTqdTTqdT+/fvV3R0dINOfeeKxWJR+/bt1b59ew0dOlRPPPGE3n33XT3wwANasmSJrrnmGtXU1JxWzZKUl5enhx56SIsXLz4nddYfv1OnTmc1T/3tBo&quot;
08-31-2019 13:00:17 Wire.java DEBUG [Forwarding screenshot on session 57f77c2899285a2b963db09b270c4ab3 to remote] http.wire 87 - http-outgoing-5 &lt;&lt; &quot;9VWFioI0eOnPK5drtdLpdLUVFReu211/Tcc89p6dKl3nMMCgrSr371Kz377LOnFfjD+eHH3f9aq+ufzWZTjx49dODAAdnt9pN2WC4tLVVOTo6io6PVpk2bc1rHmXzmli9frvT0dBUXFys2NlYWi+Wsamjqmt2U9UmSNzzvdDo1a9Yspaameredjfo1pF+/fqfdEfvHmvsX5fjp8PPzU7t27bRt2zYdOHBACQkJpz1HSkqKFi5cKJvNpry8PI0fP17vvvuurrrqKo0ePbpJX4oZOnSo5s2bp+3bt+vpp59uUvD1TJ0v6zAAAOdacwZYq45W97WVdwAAIABJREFUKXt/tkpLS2Uym+Tn56fgoGDZHXYdLTsqh90hl8slo9EoX19f7xffTGaT944rtbW1qqqqUqW90vvzgclskp+vX92XTE1G1dTUKDc3V4dzDsthd8hsNissLEyhoaGyWCxyuVwKDgpWZWWl8vPzdfjwYTkcjrq/gxtNMhlNMqguwFofJL3kkkt0tPyo8vLy9P3336u8vFxFRUWqra2tG28wKDg4WF06d1FJcYmysrJUUlqir77+So4qh3r26KkwW5jsdrvKyspUUFCggIAAdUvqpuiYaAVaA73HNZqM8vPzU0hIiKKiohQVFSWp7ktqubm5dR1eTUYZ9L96WzDA2lzvjfPF8V9RBgAAAAAAAAAAXt27d9ewYcO0Z88eb5ApIyNDzz77rCIiIjRnzhzt3btXxcXFcrlcKiwsVEpKynHzWK1W3Xjjjfr000+1efNmORwOffzxx0pOTlafPn284/z9/dWhQwddeeWV2r9/vzweT6OPVatWyWazeccXFhaqpKSk2a+H0WhUSkqKrrjiCuXn56umpua0a3a5XHr11Ve1ePFi3Xnnnfrss8+8XV88Ho/3VsSno0OHDpKkvXv3nutTVlhYmCIiInTbbbeptLT0hOc3Z84cb4fV+Ph4zZ8/X3l5ecrIyNDbb7+tq6++Wn//+9/12GOPqbKy8pzXieZ3bKe/1ur6FxUVpYSEBG3cuFH79u076divvvpKmzZtUlJSkgIDAxvss9vtDW4NerrO5DOXnp6up556Stdcc40ef/xxLV26VB6P54xraExja3Z9rTNnzjzh59fj8eiOO+6QJK1bt06pqalKTEzU4sWLdfDgQZWWlsrtduu7775rchfVevVryP79+2W328/p+eLny2AweH9+WLFihaqrq89qvsjISL3wwgvq1q2bHn/8ca1fv75Jz4uNjdUvfvELJScn66qrrjqrGprifFiHAQA41+o6+Zu8Hf3P5aOmpkZHjhzR7t27tW3bNn315Vf68ssvtW3bNm/gMygoSFHtohQWFqbAwED5+vrKbDLLYDDIbq/raPptxrfaunWrvvjyC33x5Rf6due3ys3NVUVFhTxujzfAeiT3iGqdtQptE6qu8V3Vs2dPJSYmKj4+XvFd4xUZGanq6moVFRWptLTU++8ARpNRMtRdC2uAVTabTTExMbrooosUHx+vdu3aqaamRoVFhSopLVGlvVIej0eBgYFq37694uPj1TWhq8LDw1VUVKSMbzO0detWffnFl/ryyy+1detWZWRk6ODBg3V/H/fU/ftG/XGNRqN8fHwUEBCgkJAQhYaGKjQ0VCEhIQoICJCPj09dmNQgGU3GZnmtGnsYjcffOeZCQwdWAAAAAAAAAMDPlsPh0FtvvaWRI0eesCNmTU2NSkpKFB8fr6CgIEnS999/r127dmnOnDkaP358k4/Xv39/JScn6+OPP1aHDh20fv16PfzwwwoNDfWO8ff3V2xsrN5880199dVXio2NPemcvr6+ioiI0O7du5Wdna0uXbo0uZ7GZGVlaePGjfrVr351wlt7V1RUqLy8XF27dpXFYjntmisqKrRr1y4NHjxYL7zwgqKjo8+qZqkueHPJJZfoyy+/VH5+vtq2bXvWc9YLDAxU586dtXz5cmVmZqpv375Nfq6/v7+SkpKUlJSkG264Qffcc4927Nih3Nzcs36t0PKO7fbXWl3/QkJCNGzYMP3rX//Sa6+9pmnTpjXa8XDXrl2aNm2aYmNjddNNN3k7BAUEBCguLk7ff/+9qqqqvOuaJHk8HrlcribVcSafuT//+c+66667NHToUD344IOaMGGCbDabrr766iYd80zX7PpaN2zYoLvvvrvBmtuY7du3q7y8XM8//7yuvfbaJtV2MseuId9++22LhPzw83D55ZcrOTlZ8+bN0xVXXHHCrqnV1dX697//rT59+pz0z56kpCS9+OKLuuuuu/THP/5R8+bNU1JS0klrMBgMmjBhgiZMmHDW59MU58M6DADAuWY210f4zn1Q0eVyqaSkRHv37VVuTq4qKitkMpm8nVUDAgLUsUNH9ezZU+3bt1dISIhqampkMtUFJ4uLi/XFF18oIyOjrtuqsa5fZof2HdSvXz9dfPHF8vf39wZY8/LzJEkx7WM0YMAAdevWTZJUUlqiffv2afv27SouKVZ5ebmOHDmi/Px8+Xbw9R7PIIOMRqO3A2mbkDZKTEhU+dFyHT58WIUFhTp06JCioqLUoX0HWa1Wmc1muVwu1dbWKjw8XDt27NDhw4eVn58vg8Egp8spHx8fBQcHKzQ0VCazSb6+vvLx8Tnhcetfk2M7oRpk8N615YfXrHm43e7/Hdt4wQdY6cAKAAAAAAAAAPhZ27Ztm7p3765nn31WO3fuVE1NjaS6W0h///33evLJJzVv3jylpKQoPj5eUt0tvIOCgrR582bl5uY2GD99+nR98cUXjR6rXbt2Gj58uNavX68XXnhBkjRw4MAGYwwGg4YNG6bY2FhNmDBBc+fO9XZWdbvdKigo0HvvvafU1FQ5HA6ZTCYNGDBAkjRr1izt2bNHHk9d95P169frD3/4g7Zt29bk6+FyuTRr1iwNGjRICxYsUE5Ojtxut6S68Nj69ev1+9//XhkZGbr++usVFBR02jVbLBbZbDZlZmbqiy++8HaBLCsr08qVK/X66683ud56cXFxSk5O1vLly/XYY495O8HWvy7PPvusNm/efNrzSnUh1OHDh6uiokLjxo3Thx9+6O2g6nQ6dejQIb3xxht66aWXJEmLFy9Wamrqce+n7777Tjk5OYqIiDjnt3NHy5k4cWKrd/276aabNHLkSL322mv61a9+pS1btnjfa5WVlVq5cqXuuusupaen6/7771evXr28z7VYLAoLC1N6erqWLVsmh8Mht9utvXv3atKkSZo5c2aTajiTz5yPj48MBoNiY2M1ffp0tWvXTuPHj29yp0fpzNbs+lqXLl2qBx98UDt27PCuOw6HQ9u3b9cTTzzhrbc+jPvpp5/q6NGjkuqCsdu3b9eLL7542p2ej11DJk2apE8//VROp1Mej0dFRUV69913vesHcDqioqJ0zz33SJLuu+8+TZo0SXv37vX+uV1WVqa0tDTddtttmjJlSpMC6ldddZWmTJmijIwMPfbYY8rLy2vWczgT58M6DADAuVQXVDR7w5Ln8uEf4K/wiHBFR0crsl2kbDabAgMDFRQUpMjISHXp0kV9+vRRjx491LZt27p9wUFqG9lWSUlJSkxMVNu2bWW1Wr2BT5PJJJP5f4///X9fP1+FtAlRTEyMLr74YvXu1VtJ3ZLUtWtXde3aVUmJSerRo4cuueQS9ezZU507d1ZgYKA3NBoSEqKuXbuq+8XdFXdRnMIjwuUf4K/g4GB16tRJ3bt3V7du3dQxtqMCAgIk1XVNtVgsCgwMVHR0tC655BL1vbyvevfurfiu8bKF2xQYFKiwsDBFR0erU6dOio2NVVhomPz9/eXj43PC4/74+sVdFKfuF3dX165dFRIS0iyvVWMPo9GoCzy/SgdWAAAAAAAAAMDPl8FgkJ+fn4qLi/X000/r6aefbnTc7bffrieffNJ7e/hu3bpp2LBheuutt/TWW281GNuvX78GHQ1/fLyBAwdqxowZWrp0qX7/+9832gnt0ksv1dSpU/Xggw/qnnvu8YZTjnVs59fBgwfrt7/9rV577TWtXLmywbjevXsrKirq5BfiGGazWf7+/tq8ebPuvPPORscEBQVp8uTJuu2228&quot;
08-31-2019 13:00:17 Wire.java DEBUG [Forwarding screenshot on session 57f77c2899285a2b963db09b270c4ab3 to remote] http.wire 87 - http-outgoing-5 &lt;&lt; &quot;6o5vow17vvvqtbbrmlwZiwsDB17969yfXW8/X11fjx47Vjxw7NnTtXc+fOPW7M0KFDT3veeiNGjNDkyZOVmpqqm266qdExzz77rKS6oNtTTz2lp5566rgxQUFBmjNnjmw22xnXgtZ1PnT8i4iI0KxZsyRJS5cu1YoVK44bExQUpCeffFK/+93vGnQHMplMGjFihN59912NGzdO48aN8+5LSEhQly5dvOG3kznbz1xSUpJeffVVPfjgg5o0aVKTOz2eyZrt6+ur//u//9OBAwe0aNEiLVq0qNHnXX/99ZKkAQMGaMCAAZoyZYqmTJnSYMyVV16pwMDAk9bZmOTkZD300EOaMmWKhgwZctz++vUDOF2jRo2S2+3WQw89pBkzZmjGjBmNjvvFL35xwp9PjmUwGDRq1CgdPHhQf/rTnxQTE3PCTs+t5XxYhwEAOJfq7pbQPCnFiIgIDRgwQBdffLEqKipkt9tlt9sl1d2dISgoSG3atFFIcIiCg4NlNBllC7Ope/fuCgwMVGlpaaPzBgUFKTo6ui4Qa60Lovbt21ddu3aVx+NRaGiooqKivHeCsAZa1aFDBwUEBCgqKkput1vt2rVTeHi4AgICFBMToxEjRshutys8PFzh4eEKCQmRxceimPYx8vXzVXhEuJxOpyIjIxUe/kPQVJKsVqti2scoJCREXeK7qLS0VEePHlVtba0sFosCAgIUGBiokJAQ2Ww2WQOsMpqMJzxu/bwhISFKSEiQzVZ3Teprrd/fXIwmY93DaFRzvTfOFwRYAQAAAAAAAAA/W35+fpo5c6bGjx+vDz/8UB9//LG2bNmi8vJyhYWFaejQoRo7dqyGDBkiX19f7/NCQ0M1Z84cde3aVe+8846Ki4s1YMAA3Xvvverfv7/Gjh17wmN2795dKSkpWrJkiW666aYG89YzGAz65S9/qb59++rVV1/V2rVrtXXrVoWFhenKK6/UjTfeqFtuucUbzrJarZo2bZq6du2q2bNnKzMzU0OHDtX999+vrl276re//W2Tr0nnzp21Zs0apaena+nSpdqwYYO2bt0qqS7cNmLECN17771KTExscBu70635pptu0rJlyzRlyhSlpaV5537ooYe0ceNGbdiwock114uPj9f777+vBQsW6F//+pfWrVunsLAwjRgxQr/97W912WWXnfac9cxmsyZOnKihQ4dq9uzZ2rBhgzIzMxUbG6srrrhCI0eO9IbfbrnlFv373//WwoULlZ6eruzsbMXGxnoDbD179rzgbwGI5hcbG6tFixZp7dq1mjt3rtLS0lRcXCyp7rPw5ptvatCgQY2+16688krNnz9fM2bM0IoVK5SQkKC7775b99xzj+bMmaMlS5Y0qYaz/cxdeuml3tuVjxkz5pQh1jNdsyUpMjJS8+fP1+233663335bmzZtUnFxsXr37q1BgwZp1KhRuuKKKyTVdWxdtGiRUlNTvdeifk1t166dRo8e3aTrcyyr1apnnnlGV111lf7xj394X6+hQ4dq1KhRuvXWW097TkCq6zz261//WgMHDtR7773X4HPRu3dvjRgxQrfccot69+7tveXvqZjNZv3ud7/TgQMH9Nprr6ljx450PAUAoBkZmzEMGRgYqMDAQHk8HrlcLtXU1MjhcEiq+3KpxWKRyWTy/r3B4/HIZDLJx+KjNm3aeO9c8GMmk0l+fn6yWCwym80ymU3q3LmzamtrZTabZbFY5OfnJ6Op7ucPX6OvLBaLrFarwsPD5Xa7ZbFYZLFY5OPjI7PZrB49esjlcjXYbjKZZPG1yN/fX2FhYXI6nd75fX19vfNbTBZZfC0KCQlRTPsY1dTUqLKystH5jtWmTZtGj1s/r7+/v9q1a6ewsDDFxcXJZDLJarV69zcXo7EuvGowGi74DqyG999/39O1a9cGG3v16qU5oz9qpZIAAAAAAAAAADg7YSMrdPvtt7d2GQBwUosXL1bx0pN38wy9pVyjRo1q8pypqamaPXu2PvzwQ1166aVnWyJwwXv//fdVsuzUnUlbCj/DtKymrMMAADS3W2b1aZHjeDweud1uuVwuSTrmFvWGE4470d0ZDAZDg+d7PB45nU55PB4ZDAYZjcYGwdgfz+vxeLwhTaPR2OD5x26vf77b7T7l/Mc6dnxj8zV1XH3N9Q+DwSCz2dzkLwadqerqapUfLdfWr7fqX+8vUca3GZrY/6/n9Bij5wyQJH3zzTfndN6m6tWrlyQ6sAIAAAAAAAAAAAAXjO7duys3N1f/+Mc/1KlTJ4WGhrZ2SQAAAABOornDkMcymUzy8fE5Z+OOZTafOop4snlP9nyj0dik+U93fFPG/bhra0v4IUjbcu+N1kKAFQAAAAAAAAAAALhADBo0SCNHjtTs2bM1e/Zs7/Z33nlHd9xxRytWBgAAAKAxLRlgxU/DD91gDSfsMnuhIMAKAAAAAAAAAAAAXCAiIiL0+uuvq1u3bnrnnXeUnZ2t3r17KzCQW2QDAAAA56PT6SyKnweXyyWT2SSTyUSAFQAAAAAAAAAAAMBPR0REhJ577jk999xzrV0KAAAAgFPw8fFp7RJwnnG73fLx8ZHJZCbACgAAAAAAAAAAAAAAAAAAzj06sOLHXE6XzCazTCYjAVYAAAAAAAAAAAAAAAAAAHDuXegBRZw+g9Hwv/fFhf/eIMAKAAAAAAAAALjghPlFavHixa1dBgCcVJhfpIpV2dplADiP8DNMy2IdBgCcDzau3yBJ8hBkxf/U1tSqsrJSuzN3q7y8vLXLaVYEWAEAAAAAAAAAF5ysRZWSAlu7DAA4KUJTAH6Mn2FaFuswAOB88ELqc5IM8hiM+jl03MSpud0eOV1OVVVVqaK8orXLaVYEWAEAAAAAAAAAAIDz2Pvvv9/aJQAAAABoJp+tWy+PDPIYTJLB2Nrl4Dzi6+urkJAQ+fr5tnYpzYYAKwAAAAAAAAAAAHCeKlkW1NolAAAAAGhGM0d/2NolAK2GyDYAAAAAAAAAAAAAAAAAAABaFAFWAAAAAAAAAAAAAAAAAAAAtCgCrAAAAAAAAAAAAAAAAAAAAGhRBFgBAAAAAAAAAAAAAAAAAADQogiwAgAAAAAAAAAAAAAAAAAAoEURYAUAAAAAAAAAAAAAAAAAAECLIsAKAAAAAAAAAAAAAAAAAACAFmU+0Y7x7w5vyToAAAAAAAAAAAAAAAAAAADQzI4ePdraJUiiAysAAAAAAAAAAAAAAAAAAABaGAFWAAAAAAAAAAAAAAAAAAAAtCgCrAAAAAAAAAAAAAAAAAAAAGhRBFgBAAAAAAAAAAAAAAAAAADQogiwAgAAAAAAAAAAAAAAAAAAoEURYAUAAAAAAAAAAAAAAAAAAECLIsAKAAAAAAAAAAAAAAAAAACAFkWAFQAAAAAAAAAAAAAAAAAAAC2KACsAAAAAAAAAAAAAAAAAAABaFAFWAAAAAAAAAAAAAAAAAAAAtCgCrAAAAAAAAAAAAAAAAAAAAGhRBFgBAAAAAAAAAAAAAAAAAADQogiwAgAAAAAAAAAAAAAAAAAAoEURYAUAAAAAAAAAAAAAAAAAAECLIsAKAAAAAAAAAAAAAAAAAACAFkWAFQAAAAAAAAAAAAAAAAAAAC2KACsAAAAAAAAAAAAAAAAAAABaFAFWAAAAAAAAAAAAAAAAAAAAtCgCrAAAAAAAAAAAAAAAAAAAAGhRBFgBAAAAAAAAAAAAAAAAAADQogiwAgAAAAAAAAAAAAAAAAAAoEURYAUAAAAAAAAAAAAAAAAAAECLIsAKAAAAAAAAAAAAAAAAAACAFkWAFQAAAAAAAAAAAAAAAAAAAC2KACsAAAAAAAAAAAAAAAAAAABaFAFWAAAAAAAAAAAAAAAAAAAAtChzaxcA4NwzGAytXQIAAAAAAAAAAAAAAAAA4DxUVlbW2iVIogMrAAAAAAAAAAAAAAAAAAAAWhgdWIELmMfjae0SAAAAAAAAAAAAAAAAAADngfPtzt50YAUAAAAAAAAAAAAAAAAAAECLIsAKAAAAAAAAAAAAAAAAAACAFkWAFQAAAAAAAAAAAAAAAAAAAC3KfK4ntE3+57meEkATFaX+srVLAAAAAAAAAAAAAA&quot;
08-31-2019 13:00:17 Wire.java DEBUG [Forwarding screenshot on session 57f77c2899285a2b963db09b270c4ab3 to remote] http.wire 87 - http-outgoing-5 &lt;&lt; &quot;AAAADglOjACgAAAAAAAAAAAAAAAAAAgBZ1zjuw1qMTJNBy6HwMAAAAAAAAAAAAAAAAAPgpoQMrAAAAAAAAAAAAAAAAAAAAWlSzdWAFcP57/df/ae0SAAAAAAAAAAAAAAA474x/d3ij2/k9OwDgfHaiP7/OV3RgBQAAAAAAAAAAAAAAAAAAQIsiwAoAAAAAAAAAAAAAAAAAAIAWRYAVAAAAAAAAAAAAAAAAAAAALcrc2gUAOH8MfLxja5dwxj6bcqC1SwAAAAAAAAAAAAAAAPjZ+ynnT4Cfmp96ZooOrAAAAAAAAAAAAAAAAAAAAGhRdGAFcJyJD/2ptUtosr/8bWprlwAAAAAAAAAAAAAAAIAf+SnlT4CfmgslM0UHVgAAAAAAAAAAAAAAAAAAALQoAqxoNRs3bpTBYNDChQtbuxRJksPh0H333adhw4apqKioWY5xvp0zAAAAAAAAAAAAAAAAAACtgQArAAAAAAAAAAAAAAAAAAAAWpS5tQsAgJ+Dy2+PV68bO8lo/uF7A4d3FmnFlC2tWBXqjZo+SKExgd7/rq1y6rN5Gdq94XArVvXzE9PdpiH395Q1zM+7rbK4Smtnb9fhb5unMzYAAAAAAAAAAAAAAABaBwFWAD97HXpFaMj4HvIP8W2w3VntUvqiTO38OLuVKsNPlTXMTz2Gxalj7wgF2vzk42uWDHX73C6PaqucqiiqUsHeMu3dckQHvylo3YIBAAAAAAAAAAAAAACAFkaAFcDPXmyvCPkFW47bbvY1qcMlEQRYcVqu/G2SEq5uL0tA43/EGk0G+Vp95Gv1ka1jkBKvbq+8PSVa9ufNLVwpAAAAAAAAAAAAAAAA0HqMpx5y7mVmZqpXr15KTU1VQUGBpk6dqsTERBkMBiUnJ2vNmjXyeDzHPa+6ulpLlizR8OHDFRwcLJvNpl//+tf6/PPPGx1/Mm63W2vXrtWoUaNks9lkMBg0ePBgvfLKK8rPz28wdv/+/Zo4caK3xj59+mjmzJkqKys7bt7U1FT16tVLX3/9tebPn6/BgwfLYDAoMTFRL7/8shwOh6qrq7Vy5UrvecTFxWnatGkqLy9vMNfGjRtlMBj0zjvvaNu2bRo7dqxsNptsNpvGjh2rPXv2HHf8pUuX6uabb1ZcXJwMBoMMBoP69++vqVOnqqCgYYc/h8Oh++67T8OGDVNOTo6WLFmi5OTk4+qtt2XLFkVHR+upp56Sy+U67ti5ubm69tprNWbMGFVWVp7W6/Fjp3PNT+ec6/34fdevXz/97W9/U15eXqPjG3u/JCcna8mSJaqurj7h+JEjR3rfq2PHjtXGjRvP6rrg3PPxMyuya6gMBkOj+0M7BCqyS5sWrgo/VUPu76mLU2JPGF5tlEGyWH2aryg0SYdeEfrNK0M0/t3hdY+Fw3X9Hy87qzkvvz1e/+/tFO+co6YP8u6L6W5reLx3h+vqcT3O6nijpg/yzvX/3k7R5bfHn9V8uHD8+P324/fHlb9N0r3zf3ivjnkzWd2SO7ZixQAAAAAAAAAAAMCZuXPMHVrx36VatfZDrVr7od5467XWLumC9Oj//d57jVet/VBT//Kcd1+v3j21cPFb3n1LV76vodcNacVqcT5r1Q6sS5cu1cKFC5WZmendlpaWpqysLC1cuFADBgzwbq+srNQTTzyhl156qcEcixYt0ooVKzRnzhyNHj36hCG0YzmdTs2aNUupqakNQqPr1q3TunXrVFJSosmTJ0uS1q9fr3HjxjWocevWrdq6davWr1+v119/XZGRkQ3m37t3r4YPH94gCJuZmamHH35Y+/fvV1FRkd5++23vvvLycv3xj3+Uy+XSpEmTZDKZGsz39NNPq6CgoEGt8+bNU0ZGhubNm6ekpCTv9p07d2r58uUNnr9582Zt3rxZW7Zs0euvv66IiIgG+7/77jvdeuut2rz5h+5/9fVWV1drwoQJMplM6t69u1JSUvTxxx9rzJgxuuiiixrM8/nnn+uTTz7RkiVLZLVaT3D1T+10r/npnvOuXbs0ZswYpaene7elp6d7/zslJaXBXCd6v6SlpSktLU1Tp07VxIkTZTabveP/8pe/6E9/+lODeebNm3emlwTNKPbStgqK8D/hfmuon+Iuj1ReVmkLVoWfostujVfnflEyGE/95xDOLz5+Zl0y4iJZw/zqNnikw98W6b8vfdO6hQEtZNOCXTKaDEoc0kEmH6MsAT7qc0tnlRc6dPCbxr8MBAAAAAAAAAAAADS34Tek6NphQ9UxtqMCAvxlNNb1aqytrZXD7tChQ4f1+WfpWpu2ToUFha1cbeu4c8wdGvXr27y5pVNZ/dF/NWv6y81c1dl5463X1DG2Q5PGFhUWafqUmfpm6/ZmrgrNpVUDrFlZWRo/frw++ugjxcXFqbq6Wu+8844mTpyoJUuW6PLLL5fFUndb708++URz587Vddddp+eff159+vSR2+3WmjVrNGnSJD3++OPq2rWrLrvs1N3SVq5cqdTUVHXq1EnTpk3TNddcI5PJpOLiYq1evdrbtbOkpESvvPKKcnJyNH36dI0bN07BwcHKzc3VzJkzNWPGDHXp0kXPP/+8fH19vfOXl5crMTFRc+fO1TXXXCM/Pz99+eWXeuihhzRr1iwlJCRowYIFGjlypAICArRjxw6NGzdOH3/8se666y5FR0c3qNdqteqpp57STTfdpNDQUB09elQzZ87UM888ozlz5mjatGne40+ePNkbvpUkj8ejnJwczZgxQ3/96191991366abbmowf3Z2tnr06KF169apX79+MpvN2rJlix555BEtW7ZMo0aNUmxsrKxWq2688Ua99dZbWrNmje655x7vHJWVlfrwww+VnJys/v37n+Y74Qdncs1P55wrKys1bdo0paen64knntDvf/97tW3bVk6nUxkZGXr66acbdJ2VpDVr1ig1NVU33HCDnnnmGXXu3FkGg0E5OTn661//qpdeeklDhgxR3759JdUFoZ9//nldccUVmjp1qgYOHCiz2aySkhJ98MEHuvfee8/4+vwUDb1uiH738P3yD/CXw+7QKy/NVtrHa1vzmgIDAAAgAElEQVS7LK/Y3m3lG3Di7pdGk0GR8aFNmiuySxv1HHGRYrrb5Gv1kQySq9ato3l2lRyuOOHzet/cWZf+ootMPj80xS45VKGlT32u2ipng7EJV8Xoyru6yeL/w/JduP+olj+brtoqpxKuilH8wBgFtfWXf7CvzBZjg0Cls8alWodTR3aXalfaAR3cfvwPcFeP66HEwe0bbPvu00P6bs3BuvO72Oa9ZjVVTh3JLNHXH2SdNORrDfNTj2Fx6tg7QoE2f/n4miSDJI9UW+3U0TyHsjbl6Nv/HjjunCWp66AYdRvaQaHtA+XjZ647J49UW+3S0Ty7dn92WNtX7jvh8SWp54iLlHh1ewVHBtRda49UXVmrwxlFMpnPviF5+x62Bq+hPFLRwXJlrjukQ9sLve+Bjr0jFNu7rWK62xQcGXDKwGvPERep68AYBUf6y8fX7L1uNQ6nSg6VKyPtoHZvOHzc8+IujVTC1TEKjQmUf4ivzL4mGU0/HMtV61ZtlVNF2eXaveFwo3N0HRSjgWO6ycfvh/dbyeEKLZ38uXrf3EldroyWNcxPRpNB3316SOve2NHg+aExgeo54iJFJYXJGuors6XuCxoet0e1VU6VHKpQ5vrD2rXm4Cmvb/3rFxJlldFkkNvlUWVxlTI+OaBvPtx7yuefzGW3dVFUYliDc9w4P6PR9+LP0Q2P91XMxTbvfx/eWaQVU7a0YkVoDp+9laGQdla17xEuGeq+wNFzWBwBVgAAAAAAAPx/9u48PKr63h/4+8yWTPbMZJ/s+waEQNgCqOyILFUUvdRW7LVarXup1t9Fa6mWXqu1tte9rnUBKxUEZRERAYFEIIEkZCMheyDJZN8ms/z+GHKSk5nsgSC+X8/j4zNzvud7PmeZGfLMez6HiIiI6LILDgnCI799EDFx0XabGSqVSijdlYh3d0N8QhzmL7wW9/zi/nGolIhGa1wDrI888gieeuop8Y1GrVZj1apV2LJlC8rKytDe3g6VSoX29nZ8+eWXcHFxwc&quot;
08-31-2019 13:00:17 Wire.java DEBUG [Forwarding screenshot on session 57f77c2899285a2b963db09b270c4ab3 to remote] http.wire 87 - http-outgoing-5 &lt;&lt; &quot;aNG8WQqkwmw6JFi1BTU4Of/vSnOHjw4KAB1t5zvfDCC5g3b564TKvV4r/+67/Exzk5Odi1axfWrVuH+++/XwxM+vv7Y/369cjPz8eRI0dQXV2NkJAQcb0JEybgvffeQ2xsrPhccnIy5s2bh7a2Nnz44YdITEyUjF+yZAk+++wzSYfPbo899hjWrl0rPnZzc8Pdd9+Nw4cP49SpU6irq7MJvXYTBAE6nQ7r1q3Dzp070dBgGzBbsGAB3nrrLUmX0unTp2PJkiV4/fXXUVtbK+7fzJkzsWDBAuzatQurV6+Gu7s7ACA7Oxu7d+/Gb37zG/j5+fVz9Ac30mM+1H3urvOuu+7C7373O7FTrEKhQFRUFHx9fXHu3DlxfGdnJ3bu3ImpU6fiueeeg06nE5fpdDrce++9OHjwIPbt24dp06ahs7MT27dvh4uLC5599llce+214nhPT0/JNUHjz93fGV5hbtZA4EUdTQZYLBao3XtC6R4BzghJ9kHJiQt2ZrFKWh6OpBXh1uBqL3KlDJ6BLvAMdOl33aK0asRcGwh3XyfxOWetI8Kn+SLvW2mo0C9WA1WvMKHFYsGFwgYxaOcXq5EEzfpSqORQqOQIS/FFcJI38g9W4Ns3s/od383dzwlLH5tqs38qtQLBSd5w93PCwX9moyK7zmbdideHIWlFONRuKtuJBWv3S22IK7QhMdAlaLFzU7q42FPngjl3JljDhX3/TSoASkc5tCGumBEUA128Fl/9PcMmdNjvHALg4KJE+LSRv2f1pupzbMwmM0pOXMDpL89Jni89WYPSk9ZAWFiKL5JXScPL3QLiNZh9RwI8dS52913lpIBvtCe8w93hH+uJA29Iz6N3uBuCk7wh6yecK1fKIFeqoEvUwj9Og/AZftj398xBQ5tyhQw/+cNM+3X1Muv2OMRcEwiVk+0/NQSZAJWTEr7RnvCNsu5Df9ehTCHD9Ftj4B3uLtmeTC7A1VuNlJuj4OqtxsG3sgesuz++kR4IS/ETw73GThNyvi4dMHQ+Fiqy6/CvX185YX4iAPj+3wVw93e2diYXAN9oTyQsDEb23tLxLo2IiIiIiIiIiIiIiIh+JHSBOjy+YT3CI8IGH3yRrM/dronoh2NcA6xyudwmJe/s7IzQ0FCUlZXBaLSGaFpaWnD27FlMnDgRERERNvNMmTIFEyZMQF5eHtrb26FW93878La2Npw7dw4TJ07EpEmTBqzv7NmzaG5uxrRp0yQdVgHA29sbkydPxtNPP43y8nJJmFImk9nsl1wuh1qtRm1tLTo7OyXLBEGAv78/MjMzUVtbi5iYmAHrAqxhyOjoaBw8eBBNTU1igNVisaCkpASff/45vvvuO9TW1qKgoAAlJSUAIP6/b23dLbZ71xQeHo6qqip0dHSIz/v5+WHp0qX4y1/+gry8PEybNg0mkwk7duyAh4cHFi9ebPeXD0M1kmM+nH0uKChAVVUVZs+eLYZXB9LS0oK8vDzs378fgYGB/Y6bNWsWDAaDOD4hIQETJkwYySGgyyhsqi9ctI6S5+pKm2HqMiN4ck+g29FVieAk734DrPELgjF5ZThUA3RyHUhjVStqzjbC3cdJDOgpHeXwifSQBFiVjgp4hUoDt4ZWo93Q6FDIlTJEpQZAX96MrF227w299e5OaY+7rzNirwuyqWXammhMvD7MbkDTnt7dSD11Lph/fxK0wa5DWi9okhdmr4vH/ld62sIrHRVI/Xm8/QDsJSZTyJC4KAQuGkfkH6ywe56K08+jOP28zfNBSd645r8Te25pP8h2ombr0N5kQNrm/JHVKhcQNNEbU1dH4si/cgcc69YraN2f6341EVGpAYN2lwUACBhwnNpNZT/8fJFMIUNYii/Onbgwok6RUbMDJO8DNcVNg74eiK5W5wsbUHryAuIXBEOQCVA6yhExM4ABViIiIiIiIiIiIiIiIrps5i+8VnL7eKPRiCOHjmLn9i+RcfIUvLy9MCVlMq6dNxfxiXE2+aIfuyvx7sijlXEiE48/+j/jXQZdIuMaYLVHEATI+6Ti9Xo9ampqMGPGDDg52QZnBEGwCWD2p7a2FtXV1f3O1Vt38DE0NHRIdQ5F30BoNxeX/rsz2uPo6Ag/Pz+cPn0adXXWUJTRaMRf//pXbNy40W4n1+Gyt3+CIGDx4sV48803sWPHDkyZMgWlpaXYs2cPrr/+ekRGRo5qm8M95sPd56Ii622m7QWh7em+XgbT1tYGk8kkub6Ge07p8vOP1Yi3NAcAs9GM8wX1MBrM0CX23A5eEAT4RHpA6aiw6U6pdFQg9tpAm/Bqa30nsnadQ/beUrhoHTHx+lBEzw2U3MK9t+o8PUKSfaB0lPe7zaBJXnD1kgb09eUtKDomvUa7OkzQlzfj3PfnUXL8AuorWuCscURYii9irwuCNshVDHMqHOTQJXiNPrAnAN4R7nD3d0ZjVSsAiNuThFctQF1pEzJ2FKPwcCW8I9yRuDAEoVN9bTp1Ji0Phyao53VkMVtQeUaPE/8pRE1RE2Ku1SFpeQScPa3/GBVkAkIm+yBypj8Kj1QBABIWBcM32kMSXjWbLCg/VYvMnUWozNEjfJofZqyNtXYcHIXmC+3WrqS9qJwUiJ6rQ/RcHUxdZnQ0G1Bf3oKSkxdQnH4erXrbzwMAmHR9mCS8ajaaUfz9eRz/tBCGdiPi5wchcXGoeMzkShkiZwWg5PgFnC/s6TptNJjRXNGKslM1KEqrRs3ZRigdFQib5ovYa4PgF+0hhkdlcgEBcf137x2qxCUhCJ/mJwmldp+7zJ3FKMuoQVCSN+KuC0JwkveQw80DcXBRITBBO+wAq9LR2sW2u1ZjpwlFR6sGXSdhYTAiZwXAzdcJSgc5IFj3sbPNiLpzTcg/WIH8gxUDzgMAtzw3R7xmzEYzMj4vQvonBZIxAfEaxC8IRkCcBg4uqp5OsQYTWuo6UHG6Fie3F/V7LXVLXBKC6WtioHCwvsdYzBYUHK6UBL77ip6jw+x18VA6Sl+bukQt7v5wKQCgq8OIQ2/niPvrrHHE1JsioZvgBSd3B/H8dtdbnFaNk9uKBu30a0/QRC9MvD4MXuHucHBSWM+bBTC0G1FT1IjMHUUoO1ULwBqen7QsTOxAbG9/+watDW1dOPZxPnK+KrU5Nzn7yuAV6gZNsKvYBdvQYURpRg2OfpArOf6hU3wRvzAYmkAXODgrrZ8zF18Opi4zDG1dqMjRI+vLc5LXa8rNUUhaHi7WXF/RgiPvn8GkG8Ivfh7IYTFb0NZoQNauc8j4vMjmGDlrHDH91hgEJ3lbO2YL1s+EutKmIb/WCg5VIjjZR/y8GUoXciIiIiIiIiIiIiIiIqKxovXSQqHo+Y6y5kIN3n/nQ5SWlAEAamtqsfuLvdj9xV7Exsfgjv/+Gdzd3Qacc0pKMlav+Qli42OhVjvCbDajvr4B2z79HFs++rfddeYvug7LVixFSGgwnJycIAgCzGYzWlpaUZBfiK1bPsPx9BPi+E3P/xFJyT3NFDNPnsJjj/w/8fGatTdj7c9uhUplbeBUWHAWv/7lQ+Lyu351J1bdtELMRlVWVGHD40+jonzw755HImnyRKx/4hFovaw5AXvB19ffeVkSJt79xV789bmXLkk9Y2m45w4AHl7/ABZfv1B8nHEiE598vBW33/FfCI8Mg0qlEvff3ti9u/fhxtWrEBwaBKVSCYPBgOzTOXj3rX8hNycPU1KSJXMZDAbk5xbgzdfeRm5O3mU7NleiKy7Aao9Go4G3tzfOnTuHtrY2mw6rFosFZrN5TObqrbvD57lz55CammqzTZPJNMw9GTttbW0oLS3FpEmT4OXlBQA4cOAANm7ciNjYWPz2t7/FjBkz4OrqCjc3N+Tn52PNmjVjsu3IyEgsXLgQe/bswbp16/D111+jtLQUt9xyy6h/1TDcYz7cfe6ev7y8fEj1dF8vq1evxptvvgl3d/chjS8vL0dHR8eA1xeNL12CFtoQaWfP1oZOlJ6sgdliQdy8IEmg0d3PGdFzbLvQRc8JgEeANLTY2dKFo/86I4Yo6yta0NbQCVgs6K8NaP7BSsReF2TtsHqRq5caQZO8xIBqQJwGKueet2&quot;
08-31-2019 13:00:17 Wire.java DEBUG [Forwarding screenshot on session 57f77c2899285a2b963db09b270c4ab3 to remote] http.wire 87 - http-outgoing-5 &lt;&lt; &quot;2zyYLzBfWSeQ68fhoHXj9tM3+rvgNZu0vQ1tCJub9IhINLT+DWzWfw67S5ph1nvi5D/sEKqNQKTFsTjZBkH0lIUekgh6uXWgywhk/3h9pV2jmzvqIF+/6RKd6eveZsI/afPYWAeA1mr0sQxwUleSNokpeko/OFokbsfv6EGHzL2lUCZ09HTLw+TAz1qZwV8IvxFI99cJKPJKQMC1CWWYNdfzkuPlWUVo2pN0cNegwGU5xeDd9oD2tozA65UgZnjSOcNY4InOiF6bfGWAO5WwslIbaEhcHwifSQrHvuxAV89VKG+Dj9kwK4+Tojcqa/eEmp3VXwj9OIc6V/UmAThgSsgcP8bytQX9GChQ9MllznancV/GM9UZVbb7Net/YmA/IOlKP8VK3drrLh0/zFkGS3yjN6ybkry6hBWUYNomYHYPptsf1uC7CGB0szapDzdRnKMmqQsDAYk1dFisFlwBq+dXTtv0trf/qGwlsbOlF2urbf8QHxGsy+I8EabOzzUhZkAhxdlNAlauHk6TCkAOtgUn8ej9jrAqXX8EUKlRwe/s5w81ajs7XL7rnuFpTkjaQbwnvOiwWozNHj0Ns5o66xt6jZAZh+a4zdzsHd9U5eEYHgJB8c/GeW5LofTL/HQrAGxXWJWniHu+PktrPI+LwIJ7cVwSfCA7oErdjlN3SKD+IXBCPnq1LELwhG6BRf8T3M1GVG9t5S5Hxl22lUJpchYVGwTYd5lVqByBn+8Axwwb5/ZIjva97hbtDFa8Qgam9ypQxqdwdEzvSHf4wnDryZ1W/w2tnTAQsfmiwJEAsyAc6eDpi6OgoKlRzff9pz3oOSvJH6szi4+0k7zCsd5fCL9hzg6EqdL2xAXUmz+NpwcFYiIE7DACsRERERERERERERERGNC18/X/zmdw9j/1cHcDz9hBhkBYDcnDw83iskao9Gq8H//P5xqJ16vhuWyWTQajX46R23QeWgwr/e+VBcpnZS45H1D2DWnJk2jfZkMhnc3FwxZepkTJiQgM+2bsdbr78LAMjPK0DixAQxfOvn74fo2Cjk51q/04uLjxHDqwDg5e2FGbOm4eh3aQAAXWCAZHulJaWXLLx6tRrpubPH18/H5rrpT0hYCB5e/4AkeK1SqTB5ShI8PT1QWFiEudfOlpx/lUqFxIkJeOCR+/DM7//8oz7XP4gAq4uLCyIiIrB9+3acPXsWWq20Q9zx48dx+vRprFu3btDAYO+5srOzMXfu3H7HRkREwNXVFWlpaVi9erUknFlTU4OTJ09i1qxZA95a/lIpKytDeno6oqKi4OfnBwA4deoUmpub8cwzz2DhwoWDzDByDg4OWLFiBd5++21s3rwZaWlpWLx4MRISEgZfeRDDPebD3Wd/f38AQHZ2Nkwm06BddHtfL3l5eZg2bdqA4x0dHeHv74/vv/8elZWV8PQcemCELq/AiV5Qu0sD1/VlLWKgqq60WRLsUzrI4RejsQmwakPcrB0Ye6k91yQGKIeqq8OIC4UN0Ia4iiEplbMCAXEaMcDqFeomCVC11nfgnJ3bzwOAp84FkbP8ERBvDdOp3VQQZILdINxQbvNekV2Hk9vOWrcLIPebcvhGe0pu7a50lMPJo+eYaoKkIT+z0Yzi9Gox5NVbZY4eW9YfFB/7hLtLu9paAH1ps03XxvryFpi6TJDJrR9ngiCIgWL/WE+bcK6hw4jitMG7Ko9E7jflcNY6YtKyMJuOlfYoHOQITvKGb6QH0rbki8G5vteUqcsMfalth+mm860wm8xiSE6hksPd39lmnLPGEVGpAQic4AUXrSPU7g6QyQVJV8jeZPKBuzR2NBtw7CP7v/6xe8zbjSg4WGG342bBoUoUHKoccHvtTQZk7S4Rw7LZe0vhH6tBxEx/yTh7ocnBaINdxa7HgPV66g5g9+Wpc8Gsn8XDM/DydNeetiYacfOCRt2h1lPnYhMqrStrxuF3c0bUBbU/vpEeSLk5evDzIADaEFekrImWhJoHMtRjoXJSIGFRCGqKGlGRXYfD7+Zg/v1J0Aa7XlyuxMTrQ9He2InJKyN6uj5bgOq8epzcZtvRtLtmoZ8fH0CwvtclLAzGoXeGFwh21jhi0vVh/QZY+3b27k2ulCF8uh8ydxajq8MIpaMCKaujbMKrI6Uva0bwJC/IFDLI5ALcxmheIiIiIiIiIiIiIiIiosFUVlbBYDCIYT+ZTIbomChEx0TBYrGgo6MTVZVVOJ2ZhZ3bv5QEWu1xcen/uy6VSoU516Ti0y3/QXtbOwDgzrt+jtS5swa9G7jKQYVlK5biwvka7Nj2BXKyzmDR0oXw8LA2x3Nzd0NYWCjycwsQHRuFsPAwm7qiY6Jw9Ls06AJ1CA4JFpcZOg3IPn1mwO33R+2kxvrfPYL1v3vEZlldbR2ee/YFZJzs/06dV6Kk5EnYtf9zu8t6d4Ud6bmzxz/A3+7z9nh6evS7LDQ8FKHhtnci7xYYqMOs2TPwycefDnl7V5sfRIBVrVZj6dKl+PDDD7FhwwY888wzSE5Ohtlsxu7du7Fx40aEhIRgzpw5w5rrt7/9LTZt2oTZs2dDLpdDr9dj9+7dqKmpwYMPPoj4+HgsWbIEb7/9NoKCgvDLX/4Sbm5uqKqqwh//+Eds374djz76qBggvVSKiopQXV0NX19fWCwWZGVl4YknnkBmZibuv/9+sSuoj48PAOCbb77B9OnT4ebmBoPBgNzcXLz44osoKuonmDECycnJWLBgAX73u98BAD799FM4O48+3DDcYz7cfY6JicE111yD9957DykpKVi6dClkMhnOnTuHV155BR9++CFmzZolju99vfzyl7/Exo0bMW/ePDg7O8NoNKK6uhpffPEF2tvb8eCDD8LV1RXTpk3D+++/j7/97W94+umn4e/vj9bWVnzzzTd4+umnR32MrmR9W4f31d+HZGlJGX55x72XujwJ3yhPsWsnYA0JVuf3dJ08n1+PwAnansCnAPhGecA7wh01ZxvFcW4+TtIQoAVoutA2opoqsusQMcNf7I4qCAJ8o6wh6JBkH5sAUe/AbTdPnQtm3R6HgH66/42VhqpWGNqNkgBrb7oErU0nUqPBjPpK++HAvly81NKwmgDEzQtC3Lz+r69uandrTa7eTj0BtYu62o0jPj9DcfzTQlwoaMDklRHwifQYUvjQwUWJySsj0FjViorsOptrSq6UYerqKExdPXiXWJde4UGlowJzfpGAsKm+Nh1RL5XLdcxb9R0wmyyS1/BIOHk69txi3mJBa117v2Pj5gdB0zu8agHqSpuQsaMYhYcr4alzQfQcHcJn+AGWUZUF7wh3RMzwl1w/XR1GFByqRNbuEtRXtCAyNQBRswLgFzvwDyVSfx4PbVBPt+lWfQeOfZxnN0jeV/7BCuQfrMANT0yDLrHnx0MVWXXY8WyaZOycOxPg4tVz/ZmNZhR8V4X0Lflw93NCyi3R8IvyFK9t30gPxM0PwqmdxQPW4O7vjLBpfuKxsJgt1s7F/ylETVGTtSPvynAx7Onk4YDgJG9UZNehvqIFxz7OwzV3TRA79rr7OuOaX06AQ69w6GCBXovFgvJTtTi9uwTVufU22xRkPe/V3TrbjKg714SC7ypRnHYeXR1G6BK0SFwSipDJ3uIPB1y81XD3d7YbnO5s6ULuN+XIO2DtGj97XTwC4rTiMXRwUcI3ygPlp2uRsDBYGq62APWVLTjx2VkUHq5E+DQ/pN4RL/mRwUAaq1phMvYE5F1GEBAnIiIiIiIiIiIiIiIiGont/9mBpMkTkZQ8yeYuiYIgQK12RHhEGMIjwrD0hsX47tBRvPnq26itsX+3zebmZuz+4ivs+XIvAOC+B+/BxKQJ4tyuri6Ii4/Bie8zEBsfg+kzUyQByMqKKrz71r+QdjQdN928Cj+5eaWYkXJ2dsaiJQuwY9sXOPpdGmprasUAq6ODAyKjI7D7y72IjYuBu4ebpC6FQoHI6AgAQHhkGFzder7va2howOlTWaM5jD86ozl39pSWlGHn9i9x+OCRfq+tbjUXavH5Zzvx+badmDYjBXff+wtotBq7y+cvvA4/W7cWbu7W60HloEJgkG60u/+DdunSTWNswY&quot;
08-31-2019 13:00:17 Wire.java DEBUG [Forwarding screenshot on session 57f77c2899285a2b963db09b270c4ab3 to remote] http.wire 87 - http-outgoing-5 &lt;&lt; &quot;IFuP/++7Fnzx6kpKRALpdDqVTihhtuQGVlJZ599llMmTJlWHMdO3YM1113HZRKJWQyGby8vLB27Vo0NTUBADw9PfHwww8jPDwc69evh7u7OwRBQEBAAF5++WWsXLkS69evl3QJvRSefPJJ+Pv7QyaTQS6XY9KkSdi5cyfuvfde3HrrreK41NRUpKam4tlnnxVrdXBwwKRJk5CXlwcXl7HrGufp6Ylly5YBsB7PmTNnjtm8wznmw93n7lCsXq/HihUroFQqIZfLERERgW3btiE4ONimpmXLlmHDhg0oKirCihUr4OLiAkEQoFQqERQUhLvvvlu8ZgDg5ptvxsqVK/HGG28gICAAgiDAxcUFN9xwA5TK/rup0eUTPt1PGkQD0NbYicpet0Mv/v48Wus7JWOcPBwQmOg14NxmkxntjZ0DjulP0bFqNFRKQ2XOWkeEJPsgIE4jCYQaDSZU5eolY939nTHvvkkInOB1ScOrgDXcZDaah7VOV4cR7Q0jOzbDMVBHWUO7EVW59f0uHwtlp2qxfeMxfPTwARx+Nwfnjl9AY1UrujpM/QYbu0N3o9V73xc+mISoWQGXLbzan0txzI0GE2AZZUoUkHS6tZgs6Gzt6nesT7i75Pg2nm/Fvn9kovCwtYNsd1jyo4cOYMtvD/Y3zZD4RnhIgoZmkwVnvi7DwbeyxeBp4eFKfPnc93j7F3uR/kmB3Xl8Ij3gH6cRA4+Gti6c+Oxsvx0/R8MnwkPyx6O+vAWH38lBq74DlTl6fP9JAVrrO8TlCge5JFjbn6AJXpLwZIu+A+mb81GZo0dXhxEZnxehLLPnj4W+3ULLMmqQ/205TF0X368EWN9LL5Y6lECvxWRBTVEjyjJq7G4TsAbndQnWkG/6JwX46KEDKDtVi+jZOqz5yxzc+dZCLP3tVIRO8ZFcRwqlrN9waFtjJ45+mIv6ihbUV7SgOO289dq/qHfXa69QN0mH7fZmA9K35IvXZ2drFyzmob9m2ho6re9ZF8lVP5g/GYiIiIiIiIiIiIiIiOgHrr2tHc//+W84sP8gDAbDgGNVKhWuuW4OHn3swX5v9V6vb8Cbr76F0pIylJaU4fDBI+js7MkuqNVqeGqsDWsmTEyEh0dPN02DwYDdX+7Fga+/RXtbO/717kc49O13sPT6vtrLW4vkqUkAgDPZueL3coJMEJvAJUyIh6Oj9XvBivJKmEzW7+JCQkMQHRuF8IgwyV3HKyuqkJtj/86oZN9oz11f+jo9tm39fNDwKgBUlFdgy0f/RntbOw58/a1NV+Dey3ds+wLFRedGuJdXpx9EB1bAmnp+8sknkZycjDfffBOHDx+GUqnE4sWLcf/992PGjBk2qfuB5nr66acxd+5c/POf/8S+ffug1+sxf/583HLLLbjpppvEsTNnzsRnn32Gv//979i5cyfy8vIwefJk/PSnP8UvfvELsfvppfT444+js7MTW7duRUlJCebPn49f/epXuOGGGyTh2dDQUHz00UfYuHEjPv3U2la4e6yfnx9uu+22Ma1rypQpCA8Px9KlS8e0C+1wjvlw91kQBNx6663w8fHBpk2bsG/fPsTExOCOO+7Abbfdhj/96U84d076JqFQKPDoo49i/vz5eOWVV3Dw4EHk5eUhJCQE06dPx09+8hNcf/314nhfX1+88cYbSExMxL/+9S/x2nrggQegUCgwd+7cMTtWNDK6BC1UztK3P8aFL8MAACAASURBVFcvNVb9YeAgtlwpg1/0wN0OIQiSENFwVeXVwzvCQ+ws6eCsRECcRvIcALTUdaD4+/OSdWOvDYQmyFXSvdPUZcaFwgZU59dDX9oMhYMcs34WN6Rb3I81hUoudpcdLzKFrN9uh2OtVd+BrN0lyNpdIj7nHeGOpBvCETrFRxIylskFqJzH7tgkLAyGX4xGci2YTRboS5tRlafHhbONMHaYMHtd/OC3fB8lhUpu07n4SuHoar+DsD19z099ReuQupiOhNpdJXm9d7Ubcb6gYYA1bMnkMugStZJ/G7XqO1F1Rj/AWiPXN+BoDW33dDStyK6Dod2I3n2kh3Lt9T0WQ3mvVvYJbadtzoezxhFRqQGS8KihzTjiQG9jtTXE3/06VjoqoL4YJo29NhApt0QPudvpUBnajZI/pnrrey231nWgOP283bFDYTFbhhV4JSIiIiIiIiIiIiIiIhpLtTW12LTxOQSHBGH+onmYnDwJfgF+cHFxtrk9vCAIiImLxuy5s7B3175B525tbe33uzC12hEyec/8bW3tKCkukYypq6mDyWSCQqG4uE5PADYn6wyum38NXFytTdX8/P0QGx+D0LAQAICh04BjR9KxcMk8uLq6wt3DDbFxMQgLDxHnMxqNyMk6M5TDZFd7Wzv+8bdXsG/P/hHPcaXJOJGJxx/9nwHHjPbcXU79fe/7YzUuAdaYmBhkZGTYXaZWq/Hqq6/aXebg4ICbbrpJEjAdKYVCgcWLF2Px4sWDjg0NDcXzzz+P559/ftCxGzZswIYNG4a9bO3atVi7dq3dZYmJiVi7di1eeOGFQbcfFBSE119/Ha+//rrNsr7HfKBjPVhNJpMJW7duhYODAxYvXjzk8HBvqamp/b4gh3PMh7PPACCTybBgwQIsWLDAZll/x0MmkyE5ORlvvPHGoPUAgLe3N/74xz/ij3/8o82yq/lN6Jd33Gvz3PxF1+HXD/4Kaif1FfEhqXRUwD9WM6JrFgC8w90QlOQtBp46mqW/9pHJhWGF4voqP1WLqNQAMdglkwvwj9NIg1AWoLa4ySaE6RXiJgl6mU0WnNlXhsPv5YjPRc+5PG3HL5xtlHTvA6wdF939nPtZQ6qtoVMSDgOA/G8rsP/VU0OuobO1C0aDGcpeGTmlgxyuXuoxD7DqErS45pcT0FLXjtNfnus3OFZzthF7/3YSy/9nGgLitXbHtOo7JI/NRjMydhQjfUv+kOvRhrjZhPjOHT+PvS+elNQ81rq7NvYOSKucFHD3c74iA6x9X79XFQEQLAIsFov4fuehc8bkVRH4+v8yx7m4K4NcKYOLdoQB7j6fISajGV3tRvhGeiD5J5Hie7bFbMGFs40oOWHtxKwNcUXS8vBL3iXb1GUafBARERERERERERERERHRFa60pAxvv/Eu3r74WO2kxvyF12HZiqUIDQsRvwtVqVTw9x+75nsjdfRIGm796S1igNXN3Q0zZ02Ht4/1br/Nzc1IO5KGiUmJcHV1hYODA+IT46AL7MlyNDe34ExO7rjUTzQefjAdWOnKUlpaij179mDhwoWIjIwc73KIhix6TgBcvOy3jR8KBxcVAuI0YoC1bxc+APCJ8hhxl8+K7DrUlTRLOhN6hbpJAredbV0oOXnBZt3enQUBABYLDO393xL9UurqMKL2XBM8/J3FLqBypQxhKb7I2l0i6cwIAL6RHph7VyLaGw3Y8WwaqvPr0dkaCLV7T3DXP04DXYIWFdl1drcZNNELM2+Pw/n8ehx4IwuVOXp0NBmgdusJFDu6qqBL1KL89OAt3odLJhfgH6uBf4wGLfoOnC+oR0VWHarz6sVOnboELYIne1s75fZiNprRdvH26hfONiBsmh+UjtYAqkwhQ/Akb+R8VWoTbu0We20gklZG4Ox3lUj/pMB6LfS5HAxtRrvrjqXy07VorG6TBK4dnJSInOkv3sq8t9Apvpi9Lh5lp2px4PXTl7y+vro6e0J+glyw3lq+HyaDWfLYU+cMT53LJenC2tVhgtlsQfe7ilKtgG+UB4qOVQ9rnrqyZtRXtCBiuh8EmQBBEBA21ReJS0KQtatk8AmGoe/xcfd3htJRIb7WfSM9oOgTqu7veu6t77Fob+zE/tdOD6tratKKcIRfPAa9yZUyJCwMRktdB3K+Kh3yfMDFHwz0et83dprQ1tiJ4Enekuu/qaYd+189JX4eaENcbeYaC31/Iero7jCqbtPOGkeonHr+TOh7fomIiIiIiIiIiIiIiIgulWee+wPc3d3w9hvv4Xj6Ccmy7luwt7e3i83UxlJ7ewfMJrOYqHNyUiMkLARHv0sTx7h7uEMuk/dapx31+nqxvtwzeQgOCYIgCHB0cEByymSoHa11Vl&quot;
08-31-2019 13:00:17 Wire.java DEBUG [Forwarding screenshot on session 57f77c2899285a2b963db09b270c4ab3 to remote] http.wire 87 - http-outgoing-5 &lt;&lt; &quot;VWI+PkKZwtLEJEZDgEQUB8QiycnJzE+aoqq5B+7PiY7tdQKJQK+Pn5XvbtjpXRnjsaPwyw0oh8/fXXyMnJwTPPPAMHh7G9RS7RpeQfqxGDgSMhkwsITPTCMeQBAKoLGtDZ2iUJWrr7OmHOnQk48Z9C1BQ1IeZaHSJnBUhalQ+kOr8eukQt5Err+L6hq+aadpQctw2w9g7jWWuVISBBi4DsOlTm6BE3LwgJC0OgdLg8b/0lx88jaKIXHFx6QoHeYe5Y+dR0ZOwoRuHhSnjqXBBzTSCi5+qgdlOhotEaTi3LqMGFs40ImewjBjFdvdWYf38SCg5VoPRkDSqy6+CscURYii/Cp/vDN9IdMoVMvNV6V4cRdaXN8NS5iHPI5AJirw1EV4cRp78sgYfOGZOWhcHNxwljRgBctI5w0fojYob/kFZprm1H4XdVAID8g5WIuSYQ3uHu4nKvUDeseHI68r+tQGlmDWrONsJT54KQKT6InBUATaCLJMBmMpgknTcBwC/aE2EpvihOP4+wFF9MWBoquW7HSmnGBXiHu0Ghuvg6E4DgJG/c8P+mIXNnMcoyauAd4Y7EhSEIneorCcldbm31HWIAXRAEOGv7/+PmwtkGaENdxWPq7uuMa++egNO7S8RrOWyaH2Ku0cFkMGPLbw+OuK6qM3q0NxngejFsb71urX/gnPm6DPUVLQif5ofI1ADoErXI2nUO6Z8USOYwG80oOX4ehd9VQRvkCs9A6y/8FA5yJC4KQcXpuiGHb/uGI918nRA00Qtlp3qC4H2PjybQBal3xCN9Sz6cPB0w7dYYuPY6vsZOE+rKmod9LNRuDph9RzzyDlSgOK0a9RUtcNY4ImiiF0Km+CIgToOitGoxEB2U5I3ERSHi9WgxW9DVYYTKyfq+pHJSInlVBJpr2wcMxXaHVT11Lpi8MgK6RGkH4/ryFtScbURoso+kOavaVYmQZB+c2lmMoCRv+MVoIMhH1gF8IPqyZgQkaMUu3G7easy4LQZpm/NhaDciIEE7rNeau78z5L0Cui1DCBsTERERERERERERERERjQW5TIbIqAhs3PQUyssqkHnyFNKPHUfa0XQAwOy5s7BwyQI4OPZ83z1WXUtPn8pCQ0MDfHx9AFg7uy5euhDVVeeRdjQdy1cuwzXz5kpyHLU1dTjxfc8dos8WFKHzuk44OjpCkAmIirY2BjSZTMjLtd55NetUNuZckwonJyd4e3uLmQaL2YKzBUWj3o+hMJpMkrtIK5VKJCVPwsEDh9HW1o5VNy6Hp8bjstQyFsbi3NH4YICVhq2qqgoff/wxFixYgOTk5PEuh2jIvCPc4RMp/XA1dppw7KM8ZO2x340wYWEwpt8WKwm9uvqoEZkagMLDlSjLqEHJyRrEzNWJH3KCTIAuQTviW7QXpVUj5tpAuPvahiotFgvO59fbdDAFgPMF9QicoJUEB/2iPbH8f6aPqI7RKjxSBU2wKyZeHyaGcSFYb28//75JmH/fpAHXP/ZRHly81NAG93QsVLupMPH6MEy8PmxINeTuL4NfjKfkNuGOriqk3ByNlJujh79Tl0BnSxdOfXFODBN2dRiR/u8CXPPfiT2deAXAzccJU1dHYerqKLvz9A4ZVufVI3JWgCQ87BHgjEUPX/r37IztRfDUuSAqNWDMXhOXSl1pM7o6THBwuRhODHTpt2tl1u4S+EZ79lyPAuAT6YH5kR421/Jou7KeL2xA4eFKyWtH5aTAhKWhmLA0VDLWbBy4M2Z9RQuy9pRg+q0xYoDR3dcZ02+Lwa6/DO1Xe8217YAFkjD59Y+nALBer4fezkH+txUImuQNV++LoVuFDDFzdYiZq7M75/nCBpzZVzbotm2OxcXXQsrNUUi52f5roZunzgXTb42RdLSuPKPH6S/PYc6dCeLzzp6OmHR9GKpz7b+3yhQyJC0PR9LycLvb6WzpQsGhCgBAW0MnTEYLZBf/ha1yUmLm2ljMXBs76L6ORmlGDSJm+ov7JMgEhE71RejUkf1CUhPkKoZ2zSYLmqpH1smViIiIiIiIiIiIiIiIaKRkMhmCQ4IQHBKE5auW9TvObDbjePqJMelampuTh2NH0rFsxVLIZNbvywJ0/vjdhvV2x7e2tmLPrq8kzx1PP4lVN61AgE7a8KqtrQ25Z6wB1pysXDTUN8LJyUkSqGxpbcGpzKxR78dQZJ3KRkNDI7y8vcTnJkxKxOvvvHxZtj/WxuLc0fgYWjtAGhepqamwWCxYu3bteJci4e/vj71792Lr1q3w9PQc73KIhiww0Utya2cAaG3oRNkAt5Mvz6pDa72085yDk1ISxPvuvTOoyKqzBrz6YTRIf7kykMaqVtScbbQ7X0eTASX9dAnM2F6EomPVNt0SbeoYYPlYS9ucjxOfFaKztWvY69ZXtGDf3zNQkVUHs2mINVukgb6K7Dqc3HYWnS39b99sssDUNbrbYxs6jOho7hresbUAtcVN2PePDJvbl5dl1ODrlzNRW9w04HXVm9lsgcloHVx4pAo5+0oH3C+zyTJo+HGkDr2dg5yvSmE0mAYfPI7KMmut4cyLnD0cEDTBy+7Y+ooWHPs4Dw1VrUM+J6ORtjkf+QcrRn1tAkDOV6UoO1XTU7cA6BK1SFphP5DZV1lmDdqbDQOOOV/YgPRP8tE6WKdOC1BX0ozD7+TYDYvak7Y5H2e+LhvW9aR0VCD15/HQBvUE4Fv1HcjcWYySExekx1YAAuI1mL0ufsjzdzMaTMjeW4LCIz0dlC8UNvR7jVgslkty/VRk1yHvQHn/x8iCIX8G+UZ6QBvSc9w6W7tQeUY/FmUSERERERERERERERERDaqryzjk77YMBgP2fPkV/u9vr47Z9t96410c/vY7mEwDfz9p6DRg+9Yd2LHtC8nzFeUVKC0ptRl/oboG36cdF8cU5BcOOOZyOPjNIRg67X8XbOg0oLX1h9XoZrTnjsYHO7AS0Y+GLkHb0wn0otqiRrvdFrs1VrWitrgJHn7OYvdBCIBfjKfYqbGrw4g9L57E1NVRiJzlD7WbCoJMgMVsQWebEeWZNWjRd2Di0lAIiqHdOro6T4+QZB9J51cAaKhqG/A21/tfOYWW2nbEXBsEJ3eV+Esds8mCupImFB6pwtSbIqF0vHxv/yf+cxZ5ByowYUkoQqb4wEXjaO0SKwCwAF2dJjSdb0NpxgVk75X+I66+ogU7nk1DWIovombr4BftAaVa0dNlFtYAWWdLFy6cbUTBoQoUp5+XzJHzVSmaL7RhyuooaINcoXCQi+s1nW9DzlelSFgUAk+dy4j3seZsI/79u0PwjnBHzBwdfKI84ObjBKWjQrylNwCYuswwtHWhrqQZRWnVOPN1/x0oK3P0+PT/HUbcvCBEzPCHNsQVSkdFzzVsse5Da0MnLhQ0IPebMlTm9ITM0jbno62hE4mLQ+Dq7STWYTFb0HS+DbnflCNxcYikO+VY6eow4tA7OcjeW4qJy8KgS9RC7abqOW8WwNBuRH1lC4qODnwcLqWuDiPO59dDG+wKQSZA4SBH+Az/fjsyl2XUYGtuPSavDEfoVF+4aNVQOvRcy52tXag914SzR6vGpL5v38xCcVo1JiwJhVeYGxxcVOJ5NHWZ0VzbjoqsOhR+N/j2jn9aCK9QN7j7OQMAFCo5EhaGoOZsIyqy6wZctzj9PBQOcky8Pgwe/s7ia8hitsDQZhSDqAWHKlGZo8fUmyKhm+AFZ09HsV6jwYSWug4Up1Xj5LaiIYdXux1+NwfF6dWIXxCMgDgNVE5KyWuhq9OIlroOVObokb2nBLPXxSMgXiO+bxs7TcjYUSS+f6ZtzocmyBUhk30AwdqxNGKGP1r1HUjbnC/ZttloRlVuPTwDXcT3d1OXGfrSZmTtKUH+wQpxbFeHEftfPYXpt8YgeLI3HJyU4vXReL4VVWf0iJ6jE7ubjqX0TwrQXNOOScvD4eZjfc1bzBa0NxlQevICgpJ84OzpMOg8UbMD4NLrfaGhshUlJy6Meb1ERERERERERERERERE9mx4/PdYesNiTJ+ZgsioCLi5uUHloBKXd3V1obGhETnZudix7Qucyjg9pttvb2vHM0//GfMXXYdlK5&quot;
08-31-2019 13:00:17 Wire.java DEBUG [Forwarding screenshot on session 57f77c2899285a2b963db09b270c4ab3 to remote] http.wire 87 - http-outgoing-5 &lt;&lt; &quot;YiNCwEarUagiDAbDajpaUVBfmF2LrlMxxPP2F3juzTZ5A8ZbJYt8ViQWHhWbS39TRYKsw/i5mzpg845lLb/OG/0dVlxMobl8PbxwsymQwGgwFFhcV4/50Pcfd9/w1nZ+fLVs9ojcW5o8tP2LJliyU6Wnob5aSkpCEn2fvSbtgMAKjbuGbUxRHR0PR93QnCxaDaIK/j1/7rS8nj2U8EAwAevf/xsS7xknn+75sAAIeetf31ChHRYHwjPTD//iS4eqsBWIOOxzbnIWuX/RAr/Tjc8twcMdRuNpqR8XkR0j8pGOeqLr2+r4euDhOOfZRr8+MCIiIiIiIiIiIiIqIfg7s/XGr3+b7fsxORrR9i/oToh6a/zFR/n1/dunNljY2NAICMjIxLUN3gkpKSAABj3/6JiIiI6AfifGEDitOrYTZZA/8KBzni5wWPqiMv0Q/V5FURcPWyhldhAc7n1zO8SkRERERERERERERERERElwwDrERERPSj9v2/C1GVqxcfe+pckPrzeCgdFeNYFdHlNf22GARO8AKsP7ZDa30HTu06N75FERERERERERERERERERHRVY0BViIiIvpR6+owInNnMVr1HdYnBECXoMXCB5PGtzCiy2TW7XGYsCQUcqX1TwNDWxdOfHYWZRk141wZERERERERERERERERERFdzS5ZazHths2XamoiIiKiMVWWUYN//Xr/eJdBV4gt6w+OdwmX1Xfvn8F3758Z7zKIiIiIiIiIiIiIiIiIiOhHhh1YiYiIiIiIiIiIiIiIiIiIiIiIiIjoshrzDqx1G9eM9ZRERERERERERERERERERERERERERHQVGfMAKxH98D3/903jXQIRERERERERERERERERERER/YAxf0JEg5GNdwFERERERERERERERERERERERERERPTjwg6sRCQ69GzpeJdARERERERERERERERERERERD9gzJ8Q0VCNeYBVu2HzWE9JRENUt3HNeJdARERERERERERERERERERERERENCjZeBdAREREREREREREREREREREREREREQ/LmPegbUbO0ESXT7sfExEREREREREREREREREREREREQ/JJcswEpEV767P1w63iUQERERERERERERERERERH9YPB7diIiorEjG+8CiIiIiIiIiIiIiIiIiIiIiIiIiIjox4UBViIiIiIiIiIiIiIiIiIiIiIiIiIiuqwYYCUiIiIiIiIiIiIiIiIiIiIiIiIiosuKAVYiIiIiIiIiIiIiIiIiIiIiIiIiIrqsGGAlIiIiIiIiIiIiIiIiIiIiIiIiIqLLigFWIiIiIiIiIiIiIiIiIiIiIiIiIiK6rBhgJSIiIiIiIiIiIiIiIiIiIiIiIiKiy4oBViIiIiIiIiIiIiIiIiIiIiIiIiIiuqwYYCUiIiIiIiIiIiIiIiIiIiIiIiIiostKMd4FjKf29nY8/PDDeO211wAAixcvxgcffACtVjvOlY1MXl4e1qxZg8zMTADAH/7wB2zYsAGA7b4CwKFDh5CamjoutdKVSRCE8S6BiIiIiIiIiIiIiIiIiIiIiIiIhsBisYx3CaNy1QRYjUYjjh07hi1btiAtLQ1Hjx4FAGg0GkyaNAkzZszAokWLkJKSAmdn53GuloiIiIiIiIiIiIiIiIiIiIiIiIjox+uqCLAWFBTgkUcewY4dO2yW6fV67N+/H/v378ef/vQnTJkyBR9//DEiIyPHodKRqaurw9q1a7F7924AV1an2I0bN+LJJ58UH7Or69Xhh57MJyIiIiIiIiIiIiIiIiIiIiIiulpdLXfalo13AaNVUFCA22+/3W541R6j0QiTyXSJq7ryqNVqvPrqq7BYLOJ/DJoSERERERERERERERERERERERER0Xj4QQdYLRYLNm/ejGPHjonP/eY3v0FpaSlMJhMsFgva2tqQmZmJBx98EBqNZhyrJSIiIiIiIiIiIiIiIiIiIiIiIiIi4AoLsOr1evzzn/9Ee3u7zbLc3Fx8/fXXkuc6OjpQXl4uPg4PD8fatWsRFBQEmcy6a2q1GhMnTsSLL76I48ePY+bMmQPWYDabceTIEdx5553QarVwc3PD0qVL8dVXX8FsNttdp7W1FR9//DHWrFmD0NBQCIIArVaL5cuX4/XXX0ddXZ3NOnl5eUhKSoIgCBAEARs3bkRnZyc+/fRTLFiwAIIg4IMPPsAHH3wALy8v7N69W1x39+7d8PLyEtf94IMPBtynbhs3bhTXSUpKQl5ent19f/DBBzFz5kxxbGhoKNasWYPXXnsNZWVlsFgsYv1PPvmkZI7Zs2eL691zzz12zyURERERERERERERERERERERERER/bhdEQFWi8WC77//HitWrEB6erpkmdlsxieffIIlS5agqqpqwHmKiorw7LPP4tChQ2hpabFZHhoaildeeQUxMTF216+ursb69esxa9YsvP3229Dr9WhubsauXbtw4403YsuWLTbrnDhxAosXL8Ztt92GLVu2oKSkBIA1jLtjxw7cfffdSE1NxTfffAOLxdJv7aWlpbjrrruwevVq7Nu3b8D9vBRaW1vxyCOPYNasWXjppZdw9OhRcVlJSQm2bNmCe+65B8888ww6Ojoue31EREREREREREREREREREREREREdPUY9wBrZ2cn3nnnHSxevBiHDx+WLNPr9Xjsscdwyy23iMHQ3hwdHREdHS157pNPPsGcOXPg6uqK2NhYrFu3Dtu3b8eFCxcGrSUzMxPvvvuu3WXNzc149913UVtbKz537tw5PPDAAzZ195WXl4eHHnoIubm5/Y5588038f777w9a46VgsVjw5ptv4m9/+9u4bJ+IiIiIiIiIiIiIiIiIiIiIiIiIflzGNcBaXV2Ne++9F3feeSf0ej1iYmKwatUqODo6IiMjA7fddhv+8pe/AABuuOEGTJs2TbK+IAhYu3YtVq5caXf+vLw8vPPOO1i5ciUiIyPx+OOPo6ampt964uLisG3bNrS0tMBsNiMzMxPTp08Xl1dUVIgBVovFgq1bt0rCq7fffjvKyspgsVhQWVmJu+66S1yWmZmJd955BwaDwe6277rrLhQXF6OrqwsWiwUWiwVr167F2rVrUVtbi8WLF4tjFy9ejNraWsm40WhqasKhQ4fEx9deey2Ki4vF+dva2nD69Gls2rQJTk5OAICYmBhkZGTgD3/4g2SuQ4cOieu9+uqrUKvVo6qNiIiIiIiIiIiIiIiIiIiIiIiIiK4+ivHa8NGjR/HAAw8gPT0dAHDnnXfimWeegZeXF9577z088sgj0Ov1cHV1xfr16/HII4/A2dnZZh5fX1+88cYbiI2Nxcsvv4zm5ma722tubsaf//xn5Obm4rXXXoOvr6/NmODgYKSmporbSUhIwLx583Ds2DEAwOnTp1FXVwfAGvo8cuSIuK6/vz9+/etfIzAwUHz86KOPIi0tDZmZmQCAEydOoLGxEd7e3jbbDgoKQmho6JCP31hSKpXw8PAQH3/zzTe49dZbsWTJEqSkpCA8PBzR0dFITEwcl/qIiIiIiIiIiIiIiIiIiIiIiIiI6OoybgHWvXv3iuHVhx9+GE8//TRcXV1RV1eHjz76CHq9HgDwf//3f1i7di1ksv6bxXp7e2PTpk147LHH8N133+HAgQM4ePAgjh49ajN227ZtuPnmm4fUtVQul/fbQdRoNErCsjExMWJ4tZuXlxf8/PzEAGtNTQ30er3dAOt4cnJywvz587F582Zxn44dOyYGdwFAo9HgnnvuwaOPPgqNRjNepdIVIjsre7xLICIiIiIiIiIiIiIiIiIiIiIiuiolJCaMdwmXRf+p0Ets4cKFSElJAQD89a9/xUMPPYTq6mq4u7vjZz/7GUJCQgAA9913H5555hm0trYOOqenpyeWLVuG//3f/8WRI0fQ2dmJAwcOYNGiRZJxRUVFY79DP3C33HIL3nnnHUyYMMHucr1ej2effRYPP/wwmpqaLnN1RERERERERERERERERERERERERHQ1GbcOrDNmzMDOnTvx+9//Hi+//DLeeustHD58GC+++CJuu+02xMfH47HHHsOePXvw5JNPIi0tDS+88A&quot;
08-31-2019 13:00:17 Wire.java DEBUG [Forwarding screenshot on session 57f77c2899285a2b963db09b270c4ab3 to remote] http.wire 87 - http-outgoing-5 &lt;&lt; &quot;KioqLEOerq6vDUU0/hzjvvxOTJkyEIgmQbKpUKc+fORVlZGfbs2TOm9SsUCri6uoqP8/LyUF5ejoCAAPG5pqYmNDQ0iI+9vb2v2O6lMpkMN954I1atWoWysjJkZWUhMzMTBw8exOHDh8XOrHv37kVBQQGmTJkyzhXTlUAG1XiXQEREREREREREREREREREREREdFUwwzDeJVxW49aBFbAGOl944QW89dZb0Gg0yMvLw2effYaOjg4kJSXho48+wm9+8xsAwI4dO5CWlmYzR2FhIaZMmYIVK1bgP//5D8rLy2E0GgEARqMR+fn52Llzpzje1dUVs2bNGnXtbm5umDlzpvi4qqoK//jHP1BeXg7AGq597rnn+tpHtAAAIABJREFUcOzYMXFMcnIy3N3dh70tmUwGhaIna1xaWoozZ87AYrGMYg961NXV4ac//SleeeUV5OXlwcfHB8uWLcMTTzyB7du347777hPHtrS0oKurS3zcuy4A+P7779HZ2TkmdRERERERERERERERERERERERERHR1WlcA6wA4ODggDvuuAO7d+9GamqqZJlGo8Gf//xnbNmyBSEhIQPOs2PHDtx4440ICgqCUqmEIAhQKpWIiYnBRx99JI67/fbbMWPGjFHXLQgCbrzxRknN77//PoKCgiAIAry8vPDKK6+IyyZNmoQ77rgDKtXwO1aq1WrJ/p85cwZz5syBTCaDIAj44IMPRrczAGpra3HvvfciPj4eTk5OEAQBgiBApVJh06ZN4rglS5YgJiZGfBweHi6Z56GHHoKjoyMEQcA999yD9vb2UddGRERERERERERERERERERERERERFeXcQ+wAtYw6NSpU7F9+3akpKRIlslkMtx8883YtWsX/P39bZY5OjoOaRuurq544oknsGnTJjg7O49J3aGhoXjppZdsgrd9xcTE4KWXXkJcXNyItuPo6IiVK1fC1dV1ROuPldTUVDz11FPw9PQUn5s9ezauu+66cayKiIiIiIiIiIiIiIiIiIiIiIiIiH5oFIMPuXw0Gg1+8Ytf2F0WGxuL2NhYyXOenp7497//jVOnTuHbb7/F/v37kZmZiZKSEnG+WbNmYf78+Vi1ahVCQkIgCMKY1pycnIzdu3fj888/x9atW7Fv3z7o9Xpx28uXL8dNN90ErVY7qu0sXLgQO3fuxD//+U9888034j7OmDEDXl5eo5pbo9HgjTfewI4dO7Br1y7JMYyJicHkyZOxcuVKLF++3Cb8q9Pp8O677+L111/Hzp07cfLkSXE9nU4HuVw+qtqIiIiIiIiIiIiIiIiIiIiIiIiI6OojbNmyxRIdHS15MikpCRaLZUQTajdsBgDUbVwz6uKIaGj6vu66g9rDfR0Pdb3srGwAgAyqYc1PRERERERERERERERERERERERE9plhAAAkJCYMOG60+bDGxkYAQEZGxnBLHBNJSUkAANm4bP3/s3fnYVVV+x/H3wdQRAQFNGdBHAAnUJw1tZynNM3SbLJfg9fKNNMy0lJzIs2pHMospzTNTHPCIUcUREVwQBQRHABFEURElMP5/eH1XE+gAqlkfV7Pw3Pde6+91netfeDpnv3d3y0iIiIiIiIiIiIiIiIiIiIiIiIiIv9aSmAVERGRPDsVc4pnn3uGz0eP5HrG9Vyft2btamrUrs6atasfYnQPz+Mev4iIiIiIiIiIiIiIiIiIiMjfhRJYReQvMWYZmffDXGrUrs7U6V9hNBrv2vZc3DleeqU3Xbp1JPJ45COMUv6OsrKyCN4bxOAh79OkeQNq1K5Oz+e78933c0i6nJTjOSaTiR8X/ECN2tVp0/4pDh85/Iij/vc5EHqAGrWr81b//yM5ObmgwxERERERERERERERERERERGRfwglsIrIX2JtZc0zXbvRskUrVv62gn37QnJsZzQaWf7LzxwIPcALvXpTvVr1Rxyp/J2YTCZW/raCdwf+h4CN60lJSQEgIuIoU6ZOZsC7bxMdfTLbeTGxMaxavRKALp274uXp9UjjFhERERERERERERERERERERGRB0MJrCLyl5UsWYqX+r7CtWvXWLxkYY7VM0MPHmDlbyto07otnTt3xWAwFECk8ndx8mQUP8yfR1paGr716rNuzUYOHYxg7BcTAAgPD2PtujUYs/5X0deYZWTT5o1ERh7D3b0KHTt0xtrauqCm8K9Rr249jh46zrezv6dEiRIFHY6IiIiIiIiIiIiIiIiIiIiI/EMogVVEHogG9Rvy/HMvsHnLJrZs2YzJZDIfu3IlhcU/LaJQocK89ur/4ezkXICRyt/BiagT5gqrjRs1wbWSK9bW1vh418XDwxOAQ4fDSb2Saj7nVHQ0q3//DYD2bTtQtWrVRx+4iIiIiIiIiIiIiIiIiIiIiIg8EDYFHYCI/DMULlyY53v1Zn/ofn5augjfer64u1fBZDIRsDGAgI3rGfjuILzreFucd+PGDbZt38ovvy4nNHQ/AHXr+tKta3dat25DEdsiFu3XrF3NsI8/xH/CJLp0fiZbHPc7fi9ZWVmE7NvL0p+XEBS8m5SUFLy8auBbrz4d2nfCu4431tbWXLp0kbXr1hAcEkxk5DHi4s5hb29P7Vp1aN26Lc907YZDMQeLvk/FnOKDD9/Hu44PQwZ/SFjYQX5evpSg4D3Y2NjQrm17/vP2O5QpUzZPMed3PUwmE6dORfPLimVs37GNUzGnKF68OHV96tGq1dO0eboNzs4uFn0lXU5i1erfCNi4nvDwMIoXL07zZk/S98WX8a7jk6equhcunDf/28raynyuUwknSpUsRWTkMRIvJnI5+TIlSpTAaDSyZt3vREefxMPDky5dnsHa6sFVX83PNQVITk5m7fo1bNy4gZB9ewHwruNDkyZN6dihE1Xcq2Jldf9nRW7cuMH2HdvYtu0Pjh0/RkTEUQC8vGrQqEEjevXqTWW3yrmeT1zcOYZ+NIQnnniC0aPGWsR++1jFipUY4fcZ9vb25mNHjh5mwLtv06ljFz4Y9CGFChWy+Ox+/NEn2X4n7+Zc3DkWL15g/nx5edWgbet291wPk8nE8eORLPppIXuCdhMXd47KbpXx8a5Lp05d8PWtTxHbIhizjOwLCWHj5gCOHj1CWPhBACq7VcbXtz7P9Xie2rXrZPtMzprzDTO+nsaiBUtxc3Njxa/L+e23XzkVc4o+vfsy7MOPsbW1zXf8IiIiIiIiIiIiIiIiIiIiIpJ7SmAVkQemUiVX+vZ5iY+GD2XJ0sUMGTKM+Ph4flq6iJYtWvFcz14Wr3xPupyE/5cTzFU1b9u1awe7du2gfbuOfPrJCFxcSj702NPT05k6/SsWLppvsT8i4igREUcJ2beXryZNo7JbZWJPn2aC/ziLdmlpaQQF7yEoeA979uxm1Gejc4w7Lu4cw/0+5o+tmy32L/9lGSdPRjFxwmTKlyv/4Cd4B5PJxPoN6xgz9nNSUlLM+1NSUti2fSvbtm/l0qWL/Oftd8zHDoaFMmrMZ0RGHrNov3bdGrZt38pnI0fTuWOXPCWx5kXUySg2b9kEQMcOnalUqdID7T8/1/RUzClGjBzOgdADFueFhR8kLPwghw8fwn/CZEqUKHHf8a9du8byX35mV+BOi/23P38bN29k/NiJNKjfMFfzcXZxoVq16hw8eIDExESLBNaY2BhCDx4g6XISZ8+dxaO6x//mdCqaxMREataoSaFChXI1Vk727Q/hs88/5VTMqWxzuRuj0cj8BT8wa843pKWl/S+mmFOcijnFylW/smjBUurVrcfNmzdZH7COZcuXWvRxu+36Devu+ZncsXMbY8Zus/g8G41GTJjyHb+IiIiIiIiIiIiIiIiIiIiI5I0SWEXkgTEYDDzVqjXdnunOb6tXUreuL0eOHOLs2TN8+MEwSpYsZW5rzDLyy4rlrP79Nzp36sK7AwZSseKtpMQzZ07z9czprF23BldXV957532LxNcHzZhlZMnSxSxcNJ9mTZvz/nuD8fKqgbW1NdeuXePYsQjWb1iL1X8T4aytrXj5pVfp0qkr1apXp4htEbKysrhw4TwLFy/ghx+/p0H9Brz6Sr9sY+0K3IlvvfrM+uZbGjZohJ&quot;
08-31-2019 13:00:17 Wire.java DEBUG [Forwarding screenshot on session 57f77c2899285a2b963db09b270c4ab3 to remote] http.wire 87 - http-outgoing-5 &lt;&lt; &quot;2dHefPJ/Dl5ImsW7+WwMCdPN+r90ObK8DFixdZ8etyXF3d+GjocGrVrE2hQoW4efMm5y+cZ+vWLRizssztz8WdY9LkiSQkxPPZiFF07NAJR8fi3Lx5k+DgPUyeOonZc2biWd2TqlWr5SqGJ54obf53ljELk8mEwWDgcvJlEi8mAlCqZCmcSjhx48YNVq9eSXT0SerVrUfnTl2wMlgRGXnMolJnuXLladumHc/nsVop5P2aGrOMrFmzmsjjkYz67As6dOiIQzEHsrKySE5JJuxgKLv3BOYpBtdKrvR54UXq1vWlePHiGAwGUq+msm3bH0ybMZWflizC09Mrx0qwf1bEtgg1vGqwbPlSYmNO4V7Z3Rz33r1BAMTGxnD4cLg5gdWYZSQq6gSurm5Uq+Zx177v51zcOaZOm0zS5SQ+GjqcZ7v3wNGxOEajkYTzCfy0ZBE//Ph9tvMCNm5g1pxvqFChIkMGfUijRk0oVKgQ1zOuExsby68rf8Ha+n/VT52cnJgwzp/GjZpSsmRJrKysuJ5xnX0he5k8dRJLliymnk89yuWQEL74p4U836s3X0+fRbmy5SySXPMbv4iIiIiIiIiIiIiIiIiIiIjkjRJYReSBKlasGH1ffIWQfSF8OGwwAP1efT1b5cjTp0+zfsNaWrZoxUdDh1skt95OrLx69Sqbt2yiS6euuU6MzI/4+Hg2bg6gUcPGfDFmPKXvSK4sWrQo9er5Uq+er3mfdx0fvOv4WPRhZWVFmTJl6dmjF4GBOzl95jQZGRnm15Hf1rlTF0b4fYajY3HzvtKly9D7hRdZt34tkccjczzvQUpOucz5C+ep79sAL68a5kqbhQoVokL5Crz80qsW7Tdv3siB0ANMHP8lXTo/Y072K1SoEM2bt8BgZcWgD94jcPeuXF+nalWr4e5ehejokwQF76Fz565UrFCRg2Gh5qqYtWvVwcHRgYiICAI2BQDQvl1HypUtx779IQz3+4i4uHPmPuPizjF/wQ9symO1Usj7Nc24nkF8QhwVKlSkfv0G5qRSKysrnJ2ceeqp1jz1VOtcj1+iRAn8PhmZbb9DMQfatmlHyL69REREcDkpKVcJrAAeHp7Y29sTeTySVq2exmAwcOniJQ6GHeStN/sTGxvDgQP76dSxC3Z2dly7do3Y07FUrFiJJ0o9kevY/+z252X4R3681PcV8+fF2tqa8uXK4+Xple2cK1dS2BCwjtKlyzBh3JcWVWGL2BbBo7oHwz/ys9j3/nuDs/VTxLYIzZo9SVh4GD8umEfixcQcE1gn+U+hxZMtc6zOmp/4RURERERERERERERERERERCTvHloCq8uInx9W1yLyN+fl5cWLvfsy6St/6tTx5vlevSlcuLBFm5hT0URGHqP7M89aJK/eVrJkKZ5q9TSfjx7JiagTDzWB9fTpWMLDwxj47qBcJ+4ZjUYiIo4Ssj+EI0cOcfnyZWJPx5oTKn186plfR34ne/tiFM4hOdXFpSQeHp4WrzF/WOyL2lPcsTi7Aneybt0a2rRua5FQe6e0tDQijkXQsEEjGjVskmPCX7ly5alQoeJdk3ZzUqVKVfr07svUaZPZf2Afnbq0szhep443nTt1wZhpZPXvvxEXd45GDRvTrl0HUlOvsHDRfHPV1bGjx9OgQUOC9wbx8SdDiYs7x9Kff8LLswbFihXL9brk5ZoWKlSI4sVLEBl5jGXLl/Jin5coX648VlZW9xrinkwmE+fPJxC4exdHI45y+nQsSZeTzK+t9/DwtKiMez9ly5SjZo1axMTGcO3aNezt7Yk6eYJTMdEM/fAj9u0LYfmKZZw7d5aqVatxOSmJs2fP0qxpMxyLO+ZrDrc/Lx4enreSm3P4vOQkPiGBE1EnaNSwMa6urrkeLynpEkHBQRyNOEJk5DGuXr1KWPhB83GjMef1cnBwzDG2/MYvIiIiIiIiIiIiIiIiIiIiInmnCqwi8sBZW1nTqtXTrP79Nzw9vChdpky2NmnX0gBwcXG5az9FixYFwGjMfDiB/ldS0iUAKlSokKuEtdjYGCZ+OZ5t27c+1LgelrJly9H3xZcZM/ZzPh35CZ+O/IRy5cpTp7Y3zZo246lWT+PsfOu63Lx5k6SkS+wNCaZV6+b37Ne7jk+uk28NBgN9XniRqlWqsvTnJQQF7yYlJQUvrxp0aN+Rnj164ezkzL79IQRsXA9Ap45deKLUExyNOGJOUmzapCne3t5YWVlRs0ZNanjVZHviNk6ejOJC4oVcJ7Dm9ZoWKlSI53v15tChMOYv+IH5C37A3t6e2rXq0KBBQ9q0bksV96q5TmhNT0/nu+/nsHDRfNLS0nJ1zv04OTnh5VWDoOA9XEi8QCW7Suzfv496dX2pVOlWkui8H+cSFn6QqlWrcfbcWY4cPcyA/u9gbWWdrzFvf15KlSyFUwmnXJ+XlpZGbGwMz3TtRhHbIvdtbzQaWf7Lz0ybMYWUlJR8xZqT/MYvIiIiIiIiIiIiIiIiIiIiInn3wBNYL4154UF3KSKPIYPBgOEvVKP8u0q6nMTkKV+ybftWOnfqQvduPfD08KRQoULY2xfj9JnTfPDh+wUd5j0ZDAY6dexM40aN2brtD/YE7SYi4igbAtaxIWAd5cqVZ/zYiTSo3/ChxmFlZUWjho1p1LBxjsfT09NZuXIFiYmJNGnclFYtn8JgMJCRcYPExMT/9mEN/006LmxrS+nSt5Klj584TnJycq7iyO81rexWmbnf/cj+/fv4Y+sWjh49QlDwHoKC9zDj62l8MPhD+r36f1hb3zsZ1JhlZMnSxcyeM5NatWrzYu+XqF+/AcXsi1HE7lYy54SJ4ywqi+ZGoUKFqFmjJvMX/EB8fBzF7ItxMCyUFk+2xKGYA5UquVKvri8HDuynU8cunDhxHFdXN8qVr5CncQpCwMYNTJ7yJU+UeoL+bw3gyeYtcHZ2oXDhwhQtWpRZc75hxtfTCjpMEREREREREREREREREREREbkHVWAVkQJhX9QegIuXLmEymXKsfHrp0q3KqNbWD/dP1e1Yzp49e9dYbjtz5jR7gnbT67nn+XiYH3Z2dg81tofJ2dmFnj160bNHLwCuXElhzdo1TJk2iZ+WLMLT0wtrG2vs7e1p0rgpX/p/hbOT8yOL70DofjZuDgDg2e49KFWq1EMZ569c0yK2RWjWtDnNmt6qTnvz5k0OHNjPlOmTWbhoPk0aN6VmjVr37CPt6lVC9u3Fw8OTCWP9cXevYnH8esb1vE/qvypXdqdUqVIcPnIYKysrYk/HUr9+AwAcijng412X5SuWcTL6JKfPnMbTw5Ny5crlezwrKwPW1takp6dz48aNXJ9na1uYUqVKcf78ea5nXL9nFdaMjAz2H9hH0aJFGfnpKBo1yjkBOj/yG7+IiIiIiIiIiIiIiIiIiIiI5N0/rzyiiDwW3Cq74+HhyfbtW7mQeCHb8YsXEwkK3oO7exWqVa2W/fh/E1/vlJWVRcqVK/mOJXhvUI6x3MlozCItLY0yZcrmmOhoMpkwZWXlOYa/6kGsh6NjcTp17Exdn3qkpaVhzDRSzL4Y3t51CT8URkTE0Qcd9l1dvXqVNWtXk5aWxlNPtaZpk2bmY7eTHQGysozw33nfyMjg/PkEAKpXq06JEiVyNdaDvKaFChWiUaPGtGzRisTERDIy7p8EmZVlwmg0UqpkKZydXbI3MJluzTMfypUtj4eHF1FRJ9ixYxu1a9WmUiVX8/H69RuQmnqFnbu2ExNzCo/qnhSzL5avsQDsixXDo7oHR44e5kTU8RzbGI3Z1/J2nPv2hxAbG3vPMUzcWi9nZxeeKF06+3GTiawcxniY8YuIiIiIiIiIiIiIiIiIiIhI3imBVUQKRKVKlejYoTPBe4OYNHkiJ6KOk5WVRVZWFrGxMUz8cjzbd2yjTeu2VK7sbj7vdkXJDQHrCD8URlZWFkajkeMnjuM34mPGjhud91gqVqJli1YE7w1i1OiRHD58CKPxVsLgtWvXOHBgP2PHjSY2NgZHBwfc3auwfcc2DoaFmttduZLCmnW/8/EnQzl+IufEt4chP+sRFn6QL8aNYm9IMFeupJgTX69nXCc0dD/Rp6IpVb&quot;
08-31-2019 13:00:17 Wire.java DEBUG [Forwarding screenshot on session 57f77c2899285a2b963db09b270c4ab3 to remote] http.wire 87 - http-outgoing-5 &lt;&lt; &quot;IUtra2GAwGnmr5FFWqVOXDYYOZ98NcLly4QNZ/Ezpv3rzJ2XNnWbhoPj8u+OGBzWtvSBCbt2wCoPszz1okdlasUBHvOj4A7N6zm7CwW/M+cvQIRyOOAFCzRi3Klimbq7Hyc02Tk5MZO240a9b9zvnzCeZzjEYj0aeiCQ8Pw929Co4ODvcd39bWllIlSxF68ACbNm8kPT0d+F811xGf+fHLiuW5mku2uRV3pIanF1u3bWH1mtX4eNfFodj/YqpUyZV6dX1Z/NMiwg+F4VHd454ViO/H2sqaxo2bAjDjm2nm9czKyuLM2TPMnP01E/zHZjuvRIkStG3djujok4z47BMCd+/i5s2bwK3PZeTxSMZPHEtY+EEKFSqEi7MLkZHHWLduDVeupACYP/fjxo/hxwXzHmn8IiIiIiIiIiIiIiIiIiIiIpJ3D/y93C4jfn7QXYpILl0a80JBh5Br1lbWPNezF9HRJ1n9+2+sXbcmW5v27Tryct9XsLa2Nu+rUqUq7dq0Z/GSRfTp+7xF+1q1avNs956s/G1F3mKxtuaVl18jISGB1b//xrbtW7O18fDw5MUXX6ZyZXe6d3uWr6ZM4sWXLNfb3t6eFk+2JDU1NU/j/xX5WQ+jMYuflizmpyWLc+zTw8OTPr37mquRurq68fGwTxg15jMmfeXPpK/8czzvvXfffwAzupU4+vua30lLS6N9u440atjI4rijY3FefulVjkYcJS7uHP3eeMXieLly5enevUeO1VRzkt9rGns6lsVLFuXYp729PUMGD6Wyu3uOx+9kZ2dH9+49CA4J5rNRn/LZqE8tjjdr2pxGDRuTnJKcq/ncydrKGu86Pnw7dw5Fixalfv0GFscdijng412XgI0b8PDwxK3y/eO9nwb1G/L2W//JcT2LFy9O1SrV2H9gn8V+g8FAl85dORd3lm+/m82bb7+eY9/t23XE2sqazp26ELhnF9/MmsE3s2ZYtKlXtx71fRuwfce2Rxa/iIiIiIiIiIiIiIiIiIiIiOTdA09gFRHJLWcnZ0Z//gVPP9WaX35dTmjofgDq1vWlW9futG7dhiK2RSzOKWJbhA8GD6VSJVeW/vwTp2JOUaeON92feZZuzzzLlj825TmB9c5YunTqwoqVKwgK3k1KSgpeXjVo2aIVHTt0wrWSK1ZWVrzy0muULVOOhYvnEx4eRmW3yrRs0Yrnej6PwcqKDz58MImcuZGf9ahRowY/zlvI5i2b2H9gHxERRwHwruPD00+3pmePXjg7OVuc4+Ndlx/mLmDj5gA2b9lEaOh+0tLSqOxWGR/vurRr1wHfevUfyJyC9wYTsHE99vb2dO3SFUfH4tna1PdtwDfTZ7Hop4XsCdpNXNw583Xo1as3ld0q53o8a2vrPF9TR0dHPh72CVu3/UHg7l0cOhxuXg9f3/r07fMy1fNQzbS+bwOmT/2a7+Z+y67AHdjY2NC4UVN6PtsTb28fJk+ZRHL4wVzP6U7lylfA1dUNTw9PKlVyzT52/QaUKlUKj+qePFHqiXyNcafb61mp4q3PZFDwHvN69u37CqGh+3NMALWzs2Pgu4No1fIpVvz6i8V1bdbsSTq074R3HW8A3N2rMPnLqXz73Sw2bgogMzOTunV9eaZrN1o/1YYfF8zLdwJrfuMXERERERERERERERERERERkbwxLFu2zFS9enWLnT4+PuZXSufV7Qqsj1MlSJHH3Z9/724nzeX19zi35x05fOs17VYUzlP/IiIiIiIiIiIiIiIiIiIiIiIikrMsbgBQs1bNe7b7q/lhKSkpABw8mL+Can+Vj48PAFYFMrqIiIiIiIiIiIiIiIiIiIiIiIiIiPxrKYFVREREREREREREREREREREREREREQeKSWwioiIiIiIiIiIiIiIiIiIiIiIiIjII6UEVhEREREREREREREREREREREREREReaSUwCoiIiIiIiIiIiIiIiIiIiIiIiIiIo+UElhFREREREREREREREREREREREREROSRsinoAETk8ZXFjYIOQURERERERERERERERERERERERB5DqsAqIiIiIiIiIiIiIiIiIiIiIiIiIiKPlCqwikie1axVs6BDEBERERERERERERERERERERERkceYKrCKiIiIiIiIiIiIiIiIiIiIiIiIiMgj9a9OYE1PT6d///4YDAbzT2Bg4F/qMzAw0KK/xYsXP6BoRURERERERERERERERERERERERET+GQo8gTUrK4vDhw8zYsQIWrRogaOjIwaDATc3N7p168a3337LhQsXCjrMv5U716xJkybmZFkXFxc6dOiAv78/ERERZGVlFXSoIiIiIiIiIiIiIiIiIiIiIiIiIiLZFGgCa1JSEu+99x61a9fmiy++YOfOnaSmpgIQGxvL6tWrefvtt/Hy8uKbb74hIyOjIMP9W0hISODNN980r1lQUJD5WFJSEgEBAXz00UfUqFGDjz76iOvXrxdgtHkzZsyYB1oNV0RERERERERERERERERERERERET+ngosgfX8+fO8/vrrzJw5875tk5KSePfdd5k6dSqZmZkPLAY7Oztmz56NyWQy/zRr1uyB9f+gnT9/nv79+zNv3rxctU9NTcVkMj3kqERERERERERERERERERERERERERE8samIAbNzMxk+vTprFq1yrzPw8ODcePG0b59e4oWLcr58+eZNWsWU6ZMMVdlHTt2LJ6ennTr1q0gwi5QOa2Zg4MDfn5+vPrqq5QuXRqj0UhERATffvst8+fPL8Bo5Z/OYDAAt5LLRURERERERERE/o6cnJxy3K/vtkRERERERERE5O/ubt9t/dMUSAXWyMhIVq5cad4uW7YsM2fOpEePHtjb22MwGChTpgwjRoxg2LBh5napqanMnz+fy5cvm/cFBgZavHZ+8eLF2cby8fExH+/fvz/p6enm43e+tt7Hx4fIyMhs8WZmZhIYGMj7779PvXr1zO3r1avH+++/z7Zt28jIyLjvvDMzM/Hz87OId+LEibmqKvvnNXNwcGD27NkMGzaMMmXKYDAYsLGxoXbt2kyfPp3169fj4OBw13UYM2YMGRkZrFixgjZt2uS4dhkZGWzatIl+/frh6emJwWDA0dEA36dmAAAgAElEQVSRNm3a8PXXX3Pp0qVscUZHRzNjxgz69OljsVaOjo60aNGCESNGEBERYVEZ9nZsI0eOtOirefPmd71uJpOJiIgIRowYQZMmTSyuyZAhQ7KNcVt6ejrff/99jl9OX758mV9++SVX11JERERERERERERERERERERERERE8q9AKrDu2rWLiIgI83b79u1p1KhRtnY2Njb07duXNWvWEBwcDEBQUBDR0dH4+vo+klhjY2MZPHiwRfLobaGhoYSGhjJ9+nR27dpFs2bN7tqPyWRi2bJlzJgxw7xvwIABvPvuu9jY3P8y/HnNnn32Wbp06WKuFnAng8FAs2bN7hnP6dOnefPNN1m4cGGOx+8279TUVLZs2cKWLVtYtGgR33zzjcW12LNnDwMHDszWX2pqKjt37mTnzp1MmzaN2bNn06dPnxzjv5/09HQmT56Mv7+/uTrvbbevyXfffceUKVN49dVXs61vSEgIP/zwA1OnTsXX19ccQ1ZWFnPnzmX16tX4+/tTpkyZPMcmIiIi/zxx5+IKOoT7Kle+XEGHICIiIiIiIiJAVFQUMTExBR2GiIiI5JObmxtVq1Yt6DBERET+NR55AuuNGzeyVTlt3Lgx9vb2ObYvXbo0tWvXNiewxsfHExUV9UgSWM+fP8/777/PqlWr/nJfO3bs4JNPPjEnXHbr1o2RI0fedd53ymnNmjZtiqOjY77jmTt37l2P5XbewcHBjB07ljlz5lCqVKlcj52amoq/vz++vr54eHjk+jy4VcV2+vTpjBgx4r5jjBkzBk9PzxwTeQMDA2nfvj2TJk3ixRdfxNbW1nxs4cKFhIeHM3nyZJ5++ul8JdmKiIiIiIiIiIiIiMi/T0xMDL169SroMERERCSfli9frgRWERGRR+iRJ7AajUauXbtmsa9YsWJ3bW8wGLC2trbYl5mZ+VBi+7Ply5dbJHF6e3szYcIEnn76aQoXLk&quot;
08-31-2019 13:00:17 Wire.java DEBUG [Forwarding screenshot on session 57f77c2899285a2b963db09b270c4ab3 to remote] http.wire 87 - http-outgoing-5 &lt;&lt; &quot;xaWhpBQUFMnTr1nv1ERETw0UcfERsbC0CjRo0YP348pUuXzlUceV2z3HjzzTf55JNPqFChQrYKpWvWrDHP28HBgZEjR/LWW2/h6OjIpUuXGDFiBLNmzQJg5cqV/Oc//6Ft27YAWFtb884779C7d298fX2xs7PDZDKRlJTEjBkzGDVqFABhYWGcPn0aDw8PPDw8OHjwIGPGjGHkyJHmOHKqanvkyBHmz59v3u7Tpw9ffPEFlStX5ubNmyxZsoT33nuP1NRUYmNjWbt2LY0bNzZ/hooUKUL37t3Ztm0bkZGRvP766+zatYuxY8dSsmRJunXrRkhICGFhYTz77LN89tlnDBgwADs7u7+03iIicneqSiEFKS9PUg957+OHHE3eTZ4xoaBDEBERERERERERERERERERyZdHnsD6uEhNTWXv3r3mbQcHB/z9/WnXrp15n729Pa1bt6Z169Z37Sc5OZkJEyaYK8i6uroyceJEvLy8Hl7wuVCxYkXc3Nyy7U9NTWX79u3m7TZt2vB///d/5mqvLi4u9O/fn82bN3PixAkADh8+bE5g7d27N8899xzh4eHMnTuX3bt3c/HiRU6cOGFO4L3twoULeY57165dREREAFC2bFkGDRqEu7s7AIULF6ZHjx5s2bKFhQsXAnDixAmuXr1K8eLFgVsJ0R06dGDbtm34+fkxb9485s2bx6FDh5g+fTr9+/enQYMGDBo0iMDAQD788EMCAwOZMmUKrq6ueY5XRETuT1UppCDpSWoREREREREREREREREREZGC8cgTWHOqqHr16tW7tjeZTBiNRot9f64Y+jDcuHHDIsGydu3aeX7dPcDYsWOJj483b9eqVSvP/eR1zf6KP8975cqVrFy58p7n3BlLUFAQAwcOJCQk5KHEd2ds8fHxNGrU6J7tU1NTc6zYW6ZMGaZOnUrx4sWZMmUKISEhbNq0icaNG1O/fn2WL1/O66+/zoYNG1i5ciU9e/ZUAquIiIiIiIiIiIiIiIiIiIiIiIjIA2L1qAcsUqRItipXoaGhpKen59j+/PnzHDp0yLxdtmzZx6pKVnx8PGXLljVvr127lrlz5+aYVHk3Oa1ZUFAQaWlpDyzOByEmJoYPP/zQnLzarl071q9fT0JCAteuXWPRokUFHOH/JCQkMGjQIKZMmQJAgwYNaNu2LSaTiX379tGrVy82bNgAQJ8+fWjRokVBhisiIiIiIiIiIiIiIiIiIiIiIiLyj/LIE1gBWrRoYZHUuXr1avbs2ZOtXWZmJosXLyY4ONi8r1mzZvdMYD19+vQDidHGxgYHBwfz9qFDh4iMjMxzP926dWPdunV069bNvM/f358//vgjT/00a9bMYs1WrFjBqlWrMJlM2dreTsL08/O7a2Lw3fx53m3atCEuLg6TyXTXnxEjRgAQHBxMYGCg+dwPP/yQDh06ULp0aezs7PIUx90UK1bM/G8HBwc2b958z9g2bNiAi4uL+Zzb+1q1asW8efMAGDBgAGvXrqV+/frMnj2b9u3bExgYiIODA5MmTeL777+nYsWKDyR+ERERERERERERERERERERERERESmgBNZatWrx4osvmrfj4+MZMGAAv/76K2lpaZhMJhISEhgzZgz+/v7mdg4ODrz00ksUL17cvM/a2toi4TIwMJDY2FgArly5wo4dOyxeO59bjo6ONGnSxLydmprKyJEj+eOPP7hx4wYA6enp7Nixg65du1okbt6pV69e+Pj4MHDgQHMCampqKhMmTODcuXO5jsfb29tizVJTU3nvvfeYNGkSCQkJmEwmMjMzOXnyJMOGDePpp5/m0qVLf3nemzdv5uOPPyY8PNw8b5PJxOXLl9m2bRuvvvoqS5YsAchWVTYkJIT09HRMJhPnzp1j37599xzbxsbGYnvfvn1kZGRY7LszkTc1NZXhw4ezdu1aUlJSzG3S09M5fPgwY8aMYeDAgRZJvNevX+e3334jMjISZ2dn5s2bx1dffUWpUqVISUlh1apVJCUl4e3tzcqVK/nggw8eWPKtiIiIiIiIiIiIiIiIiIiIiIiIiNxSIAmstra2DB061KIqaWRkJD179qRYsWJYWVlRtmxZRo8eTWpqqrmNn58fnTt3tuirbNmy1K5d27y9du1a3NzcMBgMFC9enLfeeov4+Pg8x2gwGOjbt69FjMHBwbRu3RpbW1sMBgNFixalZcuWrFmz5r79tWjRggEDBpi3t27dypQpU7IlaN6Nra0tAwYMoF27duZ9SUlJDBs2jLJly2JlZUWhQoWoWrUqkyZNsli3vMhp3gsWLMDb29s8bysrK5ydnXnqqadYsGABWVlZAJQpU8YimdjPz4+iRYtiZWVFhQoVmDp16j3Hdnd3t9geNGgQRYoUwWAw0L9/f9LT06lXrx7vv/++uU1ISAhdunShRIkSGAwG83WpXbs2I0eONCfd/lmzZs0ICAjgtddew9bW1uLYyy+/zIYNG2jdujUGgyF3CyciIiIiIiIiIiL/CBkZGWzbto13332Xhg0b4uzsTJUqVejTpw/z588nKSmpoEMUEfnHSE9Pp3///nTo0CFfhVkeV//WeYuIiIiIiPxZgSSwApQuXZrZs2fz+uuv37ets7MzX3/9NYMGDcpWpbNSpUo8//zzOZ7n4ODACy+8QLVq1fId45dffkmXLl3ydf6dbGxs6NevH0899ZR537fffsuGDRty3Ye7uztz587llVdeyVV7FxcXrK2t8xxr6dKlmTZtGs8++2yezmvcuDEvv/zyXY/frpx6N82bN7dYn5zY2NgwcOBAxowZY5EsmxcNGjRg9erV1K9f3yJB1crKijfeeIPvvvuOMmXK5KtvEREREREREREReXydPHmS1157jR49evDTTz8RFRUFwOXLlwkICGDw4MF06NCBLVu2YDKZCjhaEXncXbp0iQ4dOtw1idFkMrF06VJcXFx45513SEtLK4Ao5a9avHgxBoOBMWPGFHQoIiIiIiIifzsFlsAKtyp2fvfddxw6dIhPP/2Uxo0bZ2szZMgQIiIieOedd7JVyoRbFUPfeecdVqxYQevWrYFbCa/9+vVj586djBo1iqJFi+Y7xmrVqvHLL7+wceNGBgwYQN26dc3HPDw8GDhwIFu3bqVevXr37at8+fJ8/PHH5sTL1NRUxo8fz4kTJ3IdT8WKFfnhhx9yXDNnZ2e6dOnCzJkzOX36NF988QWFCxfOw2z/x9XVlWXLlrFr1y4GDhxoMY6DgwNPPvkkw4cPZ+vWrfTo0QMAe3t7/P39mTlzJo0aNTK3r127NkuWLGH8+PH3HLN8+fLMnz+fTz/9NNs6ly9f3pyMa2dnh5+fH+Hh4UycOJH27dvj7Oxsbl+3bl1ee+01lixZwujRo7GzszMfs7Oz4//+7/8s2t/m5OTEc889l+PnTHIvIyODLVu28Prrr+Pt7Y2zszPOzs60a9eO4cOHs2vXLq5fv17QYYqIiDwSHbu05/Oxn7Jo2Q+s3rCCDVt/Z8PW31m3ZRXLVv3EqHEj8azhUdBhioiIiIgIcPr0ad59910CAgJo3rw5K1euJC4ujqSkJC5cuMCuXbvo3bs3UVFRfPDBB+zevbugQxaRf7gdO3bw8ccf07p1a0aOHIm9vX1BhyQ5iIyMxMfHRwmqIiKPSPv27c1vZ73fT/v27Qs6XBEREbkPw7Jly0zVq1e32Onj45Pvp8ddRvwMwKUxL+Tr/P3799O1a1fi4+MB6NatG1OnTsXV1VWvcxe5iz//3t3+Xcnr73Fuz7vd7s+vSztz5gx+fn6sWbPmnufXr1+fOXPmULlyZXM/b731FnCrMnFOCcb58bD6FZEHa/PmzfTq1augw5B/qeXLl9OmTZt7tok7FwfAkPc+znP/3/44k0quFe/ZJjU1lR/nLmTt6vV57n/yjAkAlCtfLs/nioiIiIj80zk5OeW4P6fvtjIzM5kwYQJfffUVnTp1YsqUKZQqVSrbuZmZmXzzzTeMGjWKJ598ktmzZ9/3zVMi8u+Sl++6Ll26RN++fYFbVTpdXFzMxw4fPswbb7xBmTJlmDNnDqVLl34o8Ra09PR0Bg8eTExMTLY1eFxERkbywgsv0L&quot;
08-31-2019 13:00:17 Wire.java DEBUG [Forwarding screenshot on session 57f77c2899285a2b963db09b270c4ab3 to remote] http.wire 87 - http-outgoing-5 &lt;&lt; &quot;NnT0aMGJGrc/4J8xYRKSgbN27MdWJqQEAA7dq1y1P/ublvICIi8ijc7but2/5qflhKSgoABw8ezEd0f52Pjw9QwBVYc+Lu7m5R7XPVqlVUrlwZKysr81MygYGBBRihiOQkOTmZkSNHsmbNGnr27MnOnTtJSEgwV6g4fPgwEydOpEaNGly/fh2j0VjQIYuIyGPg3/AktYODA71691QlVhERERGRAhQVFcWaNWuoXr06w4cPzzF5FcDGxoZXX32Vbt26sXPnTnbt2mU+NmvWLJydnVm/PvvDabePbdu2zWL/jRs38PPzw8vLy+JmwZdffomzszPBwcGcPXuWSZMm0bBhQ5ydnWnbti2//vormZmZOcaYlZVFYGAg//nPf6hSpQrOzs60atWKmTNncuXKlWzt7xzr4sWLTJ061TzW0KFDycjIyNUaisiDExERwRtvvEHx4sX58ssv/7HJqyIiIvnRrl27XCWl5radiIiIFKy/XQKrk5MT77//Pq6urgUdiojkQVRUFFu2bKFjx46MGzeOmjVrUrhwYeDWF/vlypXjzTffZOPGjfTr108VlUVEJFeGDBnyUNo+KiaTiQvnL/Dr8t8Y+J8P6PBUV0Z8/DlHDkdYPAnnUtIZ3/p1CzBSEREREZF/t4iICI4fP07Tpk2pUqXKPduWKFGC1q1bA7B3715zgme9evUoVqwY4eHhFv+9f/XqVcLDwwHYuXOnxYPdqampHD9+nFq1alGxYva3NyxdupTOnTszbtw4oqKigFtvMXvjjTeYO3dutgob165dY9y4cXTt2pWff/6Zy5cvAxAeHs6nn37KgAEDSExMzHFemzZtokePHowePdo8ltFozPfb2kQkf86fP8/w4cMBmDp1KtWqVcvWZuXKlXTr1g03Nzfzg71NmjRhwoQJ2X7H09PT6d+/Px06dCAxMZHNmzfTpk0bDAYDXbp04fLly+zevZs+ffrg6elp7q9evXoMGTKEmJiYbOOPGTMGHx8fIiIi2Lp1K88++yyOjo64ubnx6aefZnt7222JiYlMmDDBPE7jxo2ZMWMG58+fz7F9Wloas2bNolWrVhgMBlxcXHj99dcJCwvL8W9TXtrfnsOhQ4dYsWKFeU08PT3x9/cnNTU15wv0J4sXL8bT05OwsDBGjhxp8bD14sWLAQgMDLTYvlvcjRs3Nq/LvHnz9ACBiMg95OZ+wN/xnoGIiIhkZ1PQAeSkZcuWbNu2jRkzZrB161ZCQ0MBcHZ2pkGDBjg4OBRwhCLyZ2fOnOHq1auULl36nr+jRYsWpV+/fubt4OBgOnbsaN6uWrWqRfv169fTqFEjMjIy2LhxIwEBARw+fNj8pX+dOnVo3rw5r732msW5ue13+fLlvP3228yZMyfH1zrd7bjJZOLEiRMsWLCAjRs3EhUVhZOTEw0bNqRDhw506tTprpU6REQk924/Ib1x48Zctfu7ebvfO9n2hQTvx7G4I+7ubtgVtQNuvabB2tr6UYcnIiIiIiL/dTths1q1ahQpUuS+7T09PSlWrBinTp0iLS0NW1tbXF1dzQldqampODo6AhAbG8u+ffsAOHDgABcvXjRXU0xISCAmJoZnnnmGEiVKZBtn9erVvPLKK7z66qtUqlSJrKwsVq9ejZ+fH+vWraN79+6UKVMGuPV91YIFC/jqq6/o0qULQ4cOxcvLC2traxISEpg1axZff/01NWvWZNiwYdn+P8i3337La6+9xqJFi6hYsaIeQBcpAImJiQwdOpSYmBhmzZqFl5dXju0OHz7M6tWrLfYFBQURFBTE3r17mTNnTrbvpxMSEujfvz+//vqreV9mZiZZWVmcOnWKpUuXWrQPDQ0lNDSUwMBAFi5cmC2R9sKFC7zxxhvs3r3bvC81NZWxY8eSkpKCv78/dnZ25mMRERH069eP4OBg877g4GDz9p/frHP+/Hnee+89li9fbt6XlJTEDz/8wB9//MH8+fNp2bJlvtsDREdH0717d6Kjo837IiMj+eijj4iNjcXf3x97e3seppCQEJo3b86ZM2fM+26vS2JiIkOGDMHG5m95O1dEpEDd797B3/WegYiIiGT3t6vAepubmxuTJ0/mwIEDmEwmTCYTly5dYsOGDdSpU6egwxORP6lYsSLFihVj3759nD59+oH3n5aWxvz58/npp5/Myatwq3rEzJkz6dmzJ4GBgQ983JyYTCZWrlxJx44dmTlzpvkGx+XLlwkICGDw4MH8+OOPjyQWEZF/g3/ik9Q21jZwx83gzMxMkpNTCjAiEREREREBKFmyZK7alShRAjc3N4t9Tk5OeHh4EB0dzYULF8z7Q0JCcHFxYcyYMezfv59jx46Zj50+fZqTJ0/i6emZ40Nts2bNYuTIkbi5uWFlZYWNjQ0dO3akXbt2HDx4kLNnz5rbnj17lt9++4127doxadIkateujY2NDQaDgbJlyzJ06FB69+7N9u3biYuLyzbW3LlzGTVqFJUqVVLyqkgBSEtL4/PPP2fHjh1MmzaNJk2a3LXtiBEjzPfOTCYTWVlZnD17lkGDBrFy5Ur27NmT7ZywsDBu3LjB9u3bycjIwGQysWHDBlxcXOjbt69FfyaTiaSkJCZOnEhwcDBr1qzJ1l98fDw3b95kzZo1XL16laysLI4fP07nzp1ZsWIFR48etZibv78/wcHB+Pn5cf78eUwmEzdv3iQsLIzu3btb9J2Zmcn06dPZsGEDX375JUlJSeb2e/fuxcPDg2nTppmrTOe1/W2pqal4e3ub1+TOOcycOZOAgID7Xre+ffty7NgxvL29GT16tMUa9u3b977n37x5k27duhEeHs7NmzcxGo3s2bOHRo0aMW3aNA4cOHDfPkRE/q3udV/gcbtnICIi8m/2t01gFZHHS9WqVWndujWHDx/mpZdeYtq0aezbt4/k5OR7vmasUaNGREVF8fTTT/P0008TFRVFUlKS+adRo0bmtlWqVGHx4sVERUVx6dIlkpKSiImJYfbs2QB89913XLlyJc/95tWFCxdYuHAh7u7ubNiwgYSEBJKSkkhISCA0NJRx48Y99KeyRUT+Te73pPTj9iS1XVE7WrVuQZEituZ9FxMvsT8ktACjEhERERGRv8rW1paaNWty+PBhc2Lp1atXCQ4OxtfXlw4dOlCjRg12796N0WgE4NixY1SpUoUaNWrk2Gfx4sWzJZPa2dlRoUIFrl69au4H4OTJk+zdu5cOHTrwxBNPZOvLwcGBypUrc/To0Rxf153TWCLyaFy7do3Jkyczc+ZMypQpk+Pv8L0YDAbKly9Pv379qFatGsnJydnatG7dmrlz59KiRQsKFy583z6dnJx46aWXaNWqFSkpKdm+569duzYLFiygc+fO2NvbYzAYqFatGs8//zzx8fGcO3fO3PbIkSMEBATw5ptvMnz4cPP8bGxsqFatmrkq9W1nzpxhy5YtvPfeewwaNAgnJydz+wYNGvD222+zefNmIiMj89X+Nm9vb8aPH29ek9tzGDx4MA4ODuzbt8/i7+zD0LRpUz7//HPzQwdWVlY0btyYN998k/j4ePNbKkVEJLu73Rt43O4ZiIiI/NvpnRMi8kCUKFGC0aNHYzQaWbNmDaNGjTIfc3JyomHDhrRt25aOHTtStmzZPPfv7OzMxIkTs+13dHSka9euBAYGcujQIS5evGh+PdvDkpSURHx8PE2bNqVOnTrmL/sKFy6Mq6sr/fv3f6jji4j8Gw0ZMuSurwJ6nJ6kbvpkE158+QWqVHU33xi+ejWNlb+s4tzZc/c5W0REREREHraLFy/mql1ycjIxMTGUK1cOK6v/1Ynw8fGhdOnS7Nu3j5YtW3L27FlCQ0P57LPPqFixIr6+vuzdu5eLFy9ib2/P8ePHqVmzJhUrVvzLsScmJgLwwQcf8MEHH9yz7cNOyBKRvNm5cyc3btzgk08+YcaMGQwdOpRvvvkGV1fXHNubTCZiY2P5/fff2b17NxcvXuTEiRPExsYCmP/3TjY2Nvd8Ff2FCxdYt26duUpzbGysOeHTw8OD69evY2dnZ25vZWWVY9L77erUqamp5n0nTpwgPj6e5s2b56r4Q1xcHMHBwQQHBzNu3Lh7xp&quot;
08-31-2019 13:00:17 Wire.java DEBUG [Forwarding screenshot on session 57f77c2899285a2b963db09b270c4ab3 to remote] http.wire 87 - http-outgoing-5 &lt;&lt; &quot;yf9vfj6upK9erVSUxMJCMjg6JFi+bqvAepZs2aODg4EB8fj8lk0gMGIiJ3kdO9g8fpnoGIiIgogVVEHqCKFSvy448/EhkZyaZNmwgODubw4cOcOXOGgIAAAgICGDt2LH5+frzyyiv3/LIsJyaTibi4OLZu3UpYWBjR0dFcunSJ8PBwAGrVqkVWVtbDmJqFYsWKUaJECbZs2cKKFSvo3LkzJUqUeOjjioj8m91+YvrPX0Q9Lk9SN2zcgHcH9afUE6XMNxxMJhMJ8QksXbycgHWbCjhCEREREZF/t6pVqwK3kqyuX79OkSJF7tn+1KlTXL16lSpVqlgkNlWsWJFatWpx8uRJ0tLS2LdvHyVKlKBWrVoULlyY5s2bs3DhQo4dO4a7uzunTp2iWbNmepuPyL+cq6srEydOpFmzZjg6OvLxxx9jY2PDnDlzslUnzczMZMqUKYwZM8YiSTS/TCYTP//8M++88w5JSUl/uT9ra+ts+6Kjo4Fbb1nLjZiYmFy1uz3/vLa/HycnJ0qWLMmZM2dIT08vkARWJycn3N3dSUhIyJY8LCIi//PnewePyz0DERER+R+r+zcREck9KysrvLy8GDhwIIsXLyYsLIwzZ86wefNm3nzzTW7evMnnn39OYGBgnvq9du0a48ePp0mTJgwcOJDvv/+erVu3mpNXH6UKFSrw1ltvcfXqVd577z3c3d3x9vbm9ddfZ9GiReZqFyIi8mDl9NT04/IktYNjMRwcHMzJq8nJKfzw3QIGvPm+kldFRERERP4GvLy8qF69Ort37+bkyZP3bJucnMy6deuAWxVX73wVt4ODA9WrVycyMpJTp04RFBSEr6+vOQGtVq1a1KhRg927dxMXF8fRo0epX79+jglfeVWsWDEAZs6cSVJS0j1/GjVq9JfHE5EHx9PTk1q1amFjY8OgQYMYN24cq1atYvTo0aSlpVm03b59O2PGjMHT05Ply5dz5swZkpOTycrK4tixY3h7e+dp7KNHjzJ69GhKlSrF7NmziY6OJikpCaPRyMWLF2nfvv1fnt/tSrJnz57NVfvbVam/+uorTCbTXX/69u2br/b3k5iYSFxcHG5ubgWSvAq3KoKHhYVRvnx5Ja+KiNzHnfcJHpd7BiIiIvI/SmAVkYfO3t6eevXqMXbsWAYOHMjVq1fZu3dvrs83Go18//33TJo0iWrVqvHNN98QGhpKVFQUcXFxxMXF8dprrz3EGVgyGAz06NGDoKAgpk+fTo8ePbC1teW3335j4MCBtGnTJs8JuiIicn9/fnL6cX6S+krKFZYt+YX0a+kFHYqIiIiIiACVK1embdu2HD9+nPHjx9/1AeXMzEzmz5/PqlWrePLJJ2nevLnF8cKFC+Pj48PBgwfZuXMn4eHhNG/e3JzkWrp0aXx9fdm7dy87duzAzc2NatWqPZA51KhRA19fX3bs2PFAqjKKSMGwtbVl4MCBDBgwgJkzZ/L111+TmZlpPh4eHk5qaipjx47lueeeo0KFChQvXjzfr5g/efIkERERDB48mLfffpvKlSvj5OSEldWDu4VYtmxZAI4cOYLRaLxv+9KlS+Pt7c3OnTu5fPnyA29/P/v37+fQoUN4eHjkKXnUaDRiMpn+8vhGo5EdO3YAULNmzb/cn4jIP93tewWP8z0DERGRfzMlsIrII2NjY2N+0jovUlNTCQwMpFatWsyaNYs+ffrg6uqKs7PzfV/n9jCVKlWKl156iblz57J3716io6Px9/fn8uXLfPfdd1y5cqXAYq6G7U4AACAASURBVBMR+afSk9QiIiIiIvIw2Nra8tprr+Hr68u6devo3bs3Gzdu5Nq1a8CtxNWjR48ycOBARo0aRcWKFRk2bJg5KetONWrUoEqVKsyYMYOiRYtSq1Yt87HChQvTvHlz9u/fz9y5c3F3d+eJJ554IHOoUKECzzzzDEuXLuWtt95i9+7dXL9+Hbj1ivDk5GR27drFRx99dN8qsyJSsOzt7Rk5ciTdunVj7NixLFu2zJwYeftvxrZt28zfQd+4cYPw8HAmTpxIdHR0nsZycXHBwcGBoKAg4uPjgVt/806ePMmXX35JSEjIX56Ph4cHLVu2ZMGCBaxbt47MzEyysrKIjo5m5MiR/PTTTxbt3dzcaNOmDStXruSdd97h0KFD5iTe9PR0wsPD8fPzIygoKF/tb7t27RoRERHmKrfp6en88ssv+Pn54eXlleskqCJFimBvb8+GDRs4cuRIntYmOTmZo0ePcuPGDQDS0tKYP38+kyZNok2bNjRp0iRP/YmI/FsNGTJE9wxEREQeUzYPq2OXET8/rK5F5G9o/fr1FC1alCeffPKuT2ZnZmYSGxsLkOOX+zdu3DB/SXOnrKwsMjMzeeKJJyhZsmS24yaT6Z5Pbd+t3zslJiZiMpksnlLPysoiOTn5nufdqUSJEvTo0YMNGzZw9epVi6fiRUTkwbjzCer/Z+/e43q+//+P39/VKpTxtqQ5NcWwpghJzhG2MIfM+NhmPiZmsfa1jc3HNouZ485OszGGktOaicUamXKcj7My+7U1ipySWPX+/eHr/V0qS6q3uF0vl/cf7+fp9Xi9XTp49Xg+nuVpJ3XMxi2K2bjF0mEAAAAAuAU3NzfNmTNHb731lqKjozVgwIACx7m7u2vKlClq3bp1gf21a9fWY489pnXr1qlPnz5ydnbO0+/h4aHGjRsrISFBHh4ecnR0LJH4ra2tNXToUF24cEEzZ85UdHR0geM8PDw0bNiwErkmgNLj7OysKVOmaMiQIRo/frxq1qyp9u3by8/PT35+fpo8ebImT56cZ07r1q3l4OBwW9dp3LixunXrpq+++kpfffVVnr5WrVqVyPeo2rVr68UXX1RwcLB69uyZp69+/fqqU6dOnjY7OzuNHTtW/+///T8tW7ZMy5YtK3DdJ554oljjbzh+/Lh69+6db5yjo6MmT56sxo0bF+n+atSoIV9fX82YMUOPP/64uX3JkiUaNGjQLefGx8erXbt2+drr1q2rt956q8C/pQAA8itPfy8AAAB5UYEVQInIyMhQ79691b9/f61cuVIpKSnmBM7s7Gz9+uuvevfdd/XRRx/Jx8cnzwOZihUrqk6dOtq2bZs2bNhgrgxxg729vWrUqKGEhARFRUWZK19cu3ZNO3bsUEhIiL7++ut8Mf3TutL1h2POzs5avXq1du/ebU6WPXTokEaNGqXXX38935xdu3bptdde07Zt23T+/HnzzvesrCzFx8fr+PHjqlGjhkWrwwLAvaw87qR+ZWyINmz51vyK2rRazw659R8wAAAAAJQ9Nzc3ffXVV1q1apUGDhwod3d3SZKDg4P8/f01a9YsbdiwQf7+/oUe112pUiW5ublJktq0aSNbW9s8/c7OzvL29pYkNW/evNjHfhekYsWKGj9+vKKjozV8+PA88bdv315vv/22ufIrgLtfo0aNNHXqVEnS66+/rsOHD8vV1VXLli3TsGHDZDQaZTQaFRQUpM2bN2vBggW3XdW5atWqmjNnjt58803VrVtXjo6O6tatm1auXKnIyEg1bNjwju/DYDBowIABWrVqlfz9/SVdr8o6ZcoUbdq0SW3atMk3x9nZWYsWLVJ4eLgCAwNlNBolSU2bNlVISIi2bdsmHx+fYo+Xrv99YObMmXrqqafk6Ogoo9GoIUOGaOvWrXrmmWeK/P3Zzs5O48ePN3+G0vXk34IKctzsySef1Pz589WtWzdzDMOGDVN0dLTat29fpOsDAAAAQHlmCA8PNzVo0CBPo5eXlzkhC0D5c+Ohyu1+HRd13o1x6enp5rZ169Zp1KhRysjIuOVcHx8fvf/++/L09MzTvn79egUHB+eb//3338vHx0dxcXEaOXKkkpOT863ZsWNHZWdn69y5c1q4cKH5wXxR1s3KytLEiRM1f/78fOs2bdpUjRs31tKlSzV37lwFBQVJur4junv37oXeo4eHhz788EM1bdr0lp8FgOt++OEH89cXUNYiIiLUuXPnW45J+SNFkvTqy28U+zqvjA1R1ye6mN9nZ2cr/JuVWvzl0mKvKUkzPn5fkvRwzYfvaB0AAADgXlS1atUC2wt6tgUAJYVnXe&quot;
08-31-2019 13:00:17 Wire.java DEBUG [Forwarding screenshot on session 57f77c2899285a2b963db09b270c4ab3 to remote] http.wire 87 - http-outgoing-5 &lt;&lt; &quot;XDpEmTFBkZqRUrVujRRx+1dDgAgLtIUf5uAABAWSjs2dYNd5ofduHCBUnSvn37ihHdnfPy8pJEBVYAJaRnz57av3+/li9froEDB6pJkybmvtq1a+upp57SggULFBkZmS95Vbp+rMOnn35q3lF8oyrEjeOOWrdurcWLF6tXr15ycHBQ1apV1atXL0VERGjhwoXmqha3u669vb0mTpyoyZMnmxNfvb29NX36dH377bcFHt3j6empdevWafjw4Xnus3nz5vrPf/6jVatWkbwKAAAAAAAAAAAAAAAAALdgY+kAANw7qlSpooCAAAUEBNz2XBsbG/Xo0UM9evQosN9gMMjT01Nffvllgf0zZ84s1rrS9aPVgoODFRwcnK8vKCgo3255e3t7tWnTpsBjjQAAKMisaR9p1rSPLB0GAAAAAAAAAAAAAAB3DSqwAgAAAAAAAAAAAAAAAAAAoEyVeAXWahNWlPSSAIro7KSnLR0CAAAAAAAAAADAXW3ChAmaMGGCpcMAAAAAgPseFVgBAAAAAAAAAAAAAAAAAABQpkq8AusNVIIEyg6VjwEAAAAAAAAAAAAAAAAA5UmpJbACAAAAAAAAAAAA9xNXV1dFRERYOgwAAFBMrq6ulg4BAID7CgmsAAAAAAAAAAAAQAn49ddfLR0CAAC4A7/++is/z0tJly5dLB0CAOAuRAIrAACwKKpSwJJuZyf1jI/fL8VIAAAAAADAvaJ///6WDgEAAOCuEh4ebukQAAB3KRJYAQCARbm7u8vd3d3SYQAAAAAAAAAAAAAAAKAMkcAKAAAA3MLDNR++ZX/KHyllFEnxY/inewAAAAAAAAAAAAAAoKxZWToAAAAAAAAAAAAAAAAAAAAA3F+owAoAACwqMTFRJ0+etHQYQIFcXV3l7u5epLGvvvxGKUdz+2Z8/L6lQwAAAAAAAAAAAAAAoEAksAIAAIs6efKkgoKCLB0GUKCIiIgiJ7ACAAAAAAAAAAAAAICis7J0AAAAAAAAAAAAAAAAAAAAALi/kMAKAAAAAAAAAAAAAAAAAACAMlUuE1jj4uJkMBjMr+DgYF25csXSYeWLa+nSpea+s2fPqlu3buY+Ly8vHT161ILRAgAAAAAAAAAAAAAAAAAAWIZFElhvTuYs6NWsWTONHj1aP//8s3Jzcy0RJgAAAAAAAAAAAAAAAAAAAErBXVuBde/evfroo4/UunVrTZgwQZcvX7Z0SAAAAAAAAAAAAAAAAAAAACgBNpYOoCgmT56s6tWrKyQkRAaDQX5+fjKZTJYO67ZUq1ZNGzZssHQYAAAAAAAAAAAAAAAAAAAAFndXJLB6enpqxYoVevTRR2UymZSSkqLZs2dr+vTp5jFRUVHq37+/XFxcLBgpgKLIzc3V0aNHtXr1av3444/atWuXJKlJkyZq0aKFnnjiCfn6+sre3t7CkQIAYFndA7vKx7eF3Ou7qXLlyrK1s5V0/WdpRsZlHT54RMuWrNCRQ0ctHCkAAAAAAAAAAAAAACXLytIB3MxgMKhmzZoKDQ1V586dze1paWm6ePGiJOno0aPy8vKSwWCQwWDQpEmT8qwRFxdn7jMYDPr6668VGxur559/Xq6urjIYDGrWrJk+/PBDXb58ucA4rl69qk2bNmnIkCFq2LChDAaDKleurM6dO+uTTz7R2bNnb+u+rly5ouDgYHNM3bp1y7PGzTEvXbpUZ8+e1SeffKJWrVrJYDCoYcOG+s9//qO0tLQCr2EymXT48GFNmDBBvr6+5rWaNWumV199VYcPHy53lWtR/pw5c0ajR4+Wn5+fpk+fbk5elaT9+/friy++UN++fdWuXTvFxsbe0bUiIiJkNBoVERFxp2EDAGARvfv1UqvWPnrI6SFz8qokWVlZqXJlR/n4ttCk9yfqyZ7dLRglAAAAcO9KT09Xv379ZDQab+vF8ygAAAAAAADgzt0VFVgL8uCDD8rV1bVE1nr99df1559/5mnbu3ev9u7dq7i4OH388cdydnY29/3222965ZVXtHr16jxzLl26pJiYGMXExGjJkiX69NNP5e3tXSIx3uyHH37QtGnT9Msvv5jbjh49qkmTJunAgQOaO3eunJyczH1XrlzRjBkz9MEHH+jSpUsF3uv8+fM1a9YsPffcc7KxuWv/6VGOpaWl6ZVXXtH69evl4eGhUaNGqXPnzqpataoMBoMuXryo/fv3a9GiRYqMjFRqaqqlQwYAlHNdu3bVxo0bizQ2ICBA0dHRpRxRyXN0dFTQgL5KSjxBJVYAAAAAAAAAAAAAwD3jrqvAekN6erqOHv2/P9BXqlSp2MeN35y8+ncRERFavny5uTLp6dOnNXr06HzJqzeLj49XWFhYodVQ79RXX32VJ3n171avXp0nUSM7O1sfffSRJkyYkC959e8uXbqkSZMmKT4+vsTjBXJycrRkyRKtX79eAQEBWrp0qfr37y+j0SiDwSBJqly5stq0aaO5c+dq1apVqlixooWjBgCUd6+++mqpjC0rJpNJqadTtSpijUJGhKpbxx6a8MbbOnggb+X8ag8Z5d28qQUjBQAAAO5NRqNRK1euVHp6ep7X999/L0l6/vnnlZKSkq8/KCjIwpEDAAAAAAAA5d9dl8Cam5urEydOaOLEidq6dau5vXnz5qpRo0ax1nzjjTf0559/Kjc3VxkZGQoLC8vTv23bNl28eFGSFBUVpbVr10q6Xu1q2rRpunDhgkwmk86cOaMRI0aY561evVr79u0rVkz/ZNSoUUpKSlJOTo4yMzPzxXz8+HFzUsPRo0e1aNEic98zzzyjpKQk5ebm6urVq/rqq6/k6Ogo6Xp12e+++045OTmlEjfuX7///rvWr18vZ2dnhYSEqHbt2oWOtbKyUocOHfTkk0+a206cOKFp06apX79+cnNzk9FolJubm5555hlFRkYqKyvLPDYrK0uhoaEaPny4JGn48OF5jnALDQ3NMz43N1dxcXEaMWKEee0OHTros88+M3/t3+zq1auKiYnR4MGDVadOHbm5uWnIkCH69ttvNXjwYPXr10/p6en55p05c0azZ89Whw4dZDQa5enpqZCQEO3evTtPItINERER5mPnMjMztXDhQnXp0kVGo1EDBgxQbGysGjVqpFGjRikzM7PAWI8cOaJWrVrp2Wef1fnz5wv93AHgXhQQEKCAgIASG1fWhg95Sc8OGKp5n32hY0eOS5J2xu/W+m+/V9aV//tZZjAYZG1tbakwAQAAAAAAAAAAAAAocXdFAusvv/yihg0bmv8w7+bmpoULF5r769atq8GDB8vOzq5Y63t4eKhGjRoyGAyqVKmSnn/+eXXo0MHcf/z4cZ06dUqXLl1SbGysub1z584aOnSoKleuLEmqVq2agoODVb9+ffOYAwcOFCumf9KqVSvVq1dPVlZWqlChggIDA/Nc99SpU+YEvW3btunw4cOSJBcXF40ZM0b16tWTwWCQra2t+vTpo6eeeirP/WZkZJRK3Lh/7dmzR7t371aHDh3UpEmT256/e/duTZkyRZs3b9a5c+ckSefOnVN0dLSGDRumCRMmFJrAeSuZmZmaPHmyevTooRUrVpjX3r9/v9566y2NHDkyXyXlzMxMvfPOOwoKCtJ3332njIwMnTt3TmvXrtVzzz2n7777rsBr7dy5U3369NG7776r/fv3S5KSk5O1ZMkS9e7dW5988omys7MLvf/Bgwfrf/7nf7R7925J16sru7u7y9/fXzExMTpy5Ei+eSaTSZs3b9axY8cUFBSkKlWq3PZnBADlXVEqq96N1VdvxcbaRvrfCubS9Z8J589fsGBEAAAAAG7IycnRTz/9pLFjxyogIMC8qbply5YaPXp0oRuZpeJtms7MzNTKlSsVFBSkOnXqmDdnjxs3TvHx8YU+bwIAAAAAAADudndFAuuteHp6atmyZWrevHmJrVm1alU9+uij5vcnTpzQuXPndO3aNaWmpprbV69ebT7+/MbL09NTx48fN48pq0RQOzu7Qo9b/3vMf/75p3x8fPLEXLlyZX399dfmMZcuXeKhJkpcYmKiJKlBgwZycHC47fm2trYaN26c4uLidOrUKaWnpys1NVU7d+5U37599c&quot;
08-31-2019 13:00:17 Wire.java DEBUG [Forwarding screenshot on session 57f77c2899285a2b963db09b270c4ab3 to remote] http.wire 87 - http-outgoing-5 &lt;&lt; &quot;UXX5gTzO3t7TVz5kzNnTtXkjR37tw8R7jNnDlT9vb2MplMWrx4sWbOnKnAwEDFxsYqNTVVZ8+e1cGDBzVq1CitX79eCxYsMFclvjFnzpw56tq1q2JiYsxzTpw4oaVLl6pBgwb54k9LS9Ps2bN18uRJvfvuuzpx4oTS09N16tQpRUREyNXVVdOmTctTWfrv5s2bJ2dnZ8XFxenMmTNKT0/XypUrVbNmTQUFBeny5cuKjo7OVz05NTVVmzZtUvv27dWyZcvb/twB4F7wT9VV79bqq4WpULGCOvi3k739/23eOpN2Vrt37rVgVAAAAABu+Ouvv7RmzRp98cUX2rVrl7k9MTFRX3/9tXr37q3IyMh8SazF2TSdlpaml156SS+++KJiYmLMz6P379+vuXPnauzYsTp58mTp3jAAAAAAAABQSu7KBFZHR0f5+/vr448/VkxMjHx9fUt0fZPJlCcJrEaNGoUmhwK4PbVq1SrWvF69emns2LFq1KiRbG1tJUk2NjbmKhSSCqxAeiu///671qxZo4CAAE2fPl2PP/64bGxsZDAY5OLiorFjx2rAgAGKjY1VSkpKnjk+Pj6aOnWqmjZtap5TpUoV+fj4FHiPP/74o77//nuFhIQoODjYXAnV1tZW/v7+eu+991SpUiVFRkYWWEl26tSp+uSTT9SoUSNZWeX91uzp6akOHTpo8+bN+v333/P0JSQkKDY2Vl26dFH16tVv6/MBgHvJrSqslqfqq63b+mra7CnyauYpw/9WYM3IuKzVK9fqj9//sHB0AAAAAG6oVq2aPv/8cx06dMi8GTklJcW8kXnBggV5nuMUd9N0dHS01q5dq9dff12JiYk6e/asec66devk6+tr/r8DAAAAAAAAUN7YWDoA6Xpy1ooVK/JURS1Np0+f1n//+1/zeycnJz344IOysbGRo6Ojub1z585avHixXFxcyiSu4vp7tUtHR0etXr1a/v7+FowIKJ6srCzt2rVLCQkJ2rt3ry5evKgDBw7o3LlzknTblYOTkpKUkJCgmTNnFpjc6ejoqEceeURRUVE6ffq0ateubZ4zfvx41a5du0jXuXbtmvbt2ydnZ2d17txZNjb5v7U2a9ZMHTp00KFDh3Tq1CnVq1cvT3+VKlXyJa7+vS8gIEAhISHaunWr6tatK+l61Y7o6Gg1aNBAnTp14o8VAO5rN6qsbty4scD2u13LVi00akywnKo7mb+fm0wmnfrzlJYvjVD0+k0WjhAAAADADfb29nrzzTcLbO/UqZN27dqlTz/91Py8Scq/abpOnTrmeYVtms7JyTFXV+3QoYOMRmOeOW3atFGbNm1K4xYBAAAAAACAMnFXJLCWtr/++st8XNNvv/2m9957T/Hx8eb+5s2bq0aNGrK1tZWvr69WrlwpSfrhhx/0xhtv6NVXX1XDhg1la2srk8mk8+fP65dfftGXX36pbt266ZlnnrHIfd3g5+cnFxcX/fnnn7p06ZLGjRuniRMnqk2bNnrwwQclSVeuXFFSUpJWr16ttLQ0TZ06VRUqVLBo3Lg33VwhtKh27dql119/XXv3ltzxyGlpaZKk0NBQhYaG3nLsjarMN+bUrVu3yAmhubm5unLlipycnPIklP+djY2NKlSooOzsbOXm5hb1Fszatm0rb29vbdy4UYGBgapSpYqOHDmimJgY9evXT4888shtrwkA95pXX301XwJream+6ljZQY6OjuafPefPX9Cq8DX6du13upJ5xcLRAQAAAChIWlqatm7dql9++UUHDhzQpUuXtGvXLnP/308BK86maWtra1WrVk2StGDBAjk6OqpBgwYFbp4GAAAAAAAAyqP74knXkCFDzEeQ36xu3boaPHiw7OzsJEmDBg3STz/9pLVr10qSFi9erMWLFxe69t1Q0atZs2YaPXq03njjDUnSzp07FRgYWOj44cOHl1VouI+4u7tLuv4wPjMzUxUrVizy3KSkJI0bN07Hjx/XsGHD1KdPH7m5ucnGxkaVK1fWzp071b1799IKvVyoVauWOnXqpM8//1y//PKL2rRpo+joaElS7969zd/DAOB+dnMV1vJSfbUgFy9cVPiylZYOAwAAAEABsrOztXjxYoWFhZlPDvonxdk0LUn9+vVTQkKCIiMjFRkZKel6QYa2bdsqICBA3t7eJLQCAAAAAACg3Cr4vOr7hNFo1Pvvvy9vb29zm7Ozsz788EP17t3bgpHdHhsbG4WEhGjSpElydHS0dDi4TzVq1EgNGjRQTEyM9u3bd1tz9+/fr927dyskJERhYWHy8fHRQw89pCpVqsjKqvjfpm5UQ/3ss8+Unp5+y5ePj48kmR/4X758ucjXsbKyUoUKFZSWlqaLFy8WOObatWtKT0+XjY1Nse7J2tpaXbt2VaVKlbRhwwb9+uuvio2Nlb+/vxo2bHjb6wHAvervFVfLS/VVAAAAAOXLunXr9Pbbb6tatWoKCwvTjh07lJiYqOTkZKWnp2vcuHEldi0nJyfNnz9f33//vV555RX5+vrqyJEjmjVrlrp3765x48YpMzOzxK4HAAAAAAAAlKX7Ymv2tGnTlJ2drfDwcO3du1d169ZVnz59NGzYMDVs2DDfjve6desqPDxc8fHxCg8PV0JCgnbs2CFJcnR0lJeXl9q0aaOAgABz0pulVahQQW+++ab+9a9/KTw8XJs3b9bOnTuVnp4uSWratKk8PT3VtWtXderUSRUqVLBwxLjXuLu7KzAwUDNnztRHH32k2rVrF3ocmslkUkJCgs6cOaMnn3xS2dnZkq5/7RVUMeLvx60VpLBk08aNG8vb21s//fSTnnzyySIleD/yyCNydnZWQkKC+vbtW6Q5tra28vLy0ueff67169erSZMm+e5j3759io+Pl7+/v2rUqPGPaxakYcOG8vf315YtW1SxYkUlJCTopZdeuq1qtwBwr/t71dXyVH01ZuMWxWzcYukwAAAAAPyDq1ev6ueff1alSpU0ffp0tWvXrkjzirNp+u9zfXx8zM+is7OzdfjwYYWFhemLL75Qp06d7vvTiwAAAAAAAFA+WSSBtVq1atqwYUOx5z/66KO3VeHRxcVFgwYN0htvvFHkOTY2NvLz85Ofn1+R5/j5+clkMhXYV6FCBc2ZM0dz5sy57blS0e7ZYDDI1dVVr732ml577bUixw2UBBsbGw0fPlxHjhzR+vXrdeLECY0ePVrdu3dX1apVZTAYdPHiRe3fv1+LFi1SZGSk5s6dK0mqXr26HBwcFBkZqaZNm6pevXoyGAxKS0vTmjVrtGDBggKvWadOHTk4OCgqKkpt27Y1z7uhVq1a6tmzpyZOnKhz587p5ZdfVrNmzWRvby+TyaQLFy7owIED+vbbb/Xiiy/Kzc1NDRo0kL+/v9atW6dHHnlEw4YNU5UqVZSVlaU9e/Zozpw52rx5szp16pQnlg4dOqh79+6aN2+eHB0dNXDgQDk5OenatWvaunWr3nnnHV2+fFl9+/YtdsJpxYoV1bVrV33zzTc6duyY2rdvr5YtWxZrLQC4l5XHyquvjA1R1ye6mN9nZ2cr/JuVWvzlUgtGBQAAAOBmJpNJOTk5cnJy0sMPP1xgf25ubr724myaLoyNjY0ef/xx9e3bVxs3blRGRkax1wIAAAAAAAAs6b6owAqgbDg5OWnKlCmysrJSVFSUXn755ULHNm7cWM7OzpKkFi1a6Omnn9YXX3yhjRs35hlXtWpVdevWTYmJifnWePTRR+Xv76+1a9eqRYsW5vbnn39ekydPlr29vYYOHaoLFy5o5syZio6OLjAWDw8PDRs2TNL1JNGQkBAdPXpUU6ZM0ZQpU/KMbd68eYGVZZ2cnDRmzBglJyfrnXfe0TvvvJOn38HBQWPHjlXbtm0L/UyKom3btgoMDFRUVJR69+6t6tWr39F6AHAvKk+VVwEAAACULw888ICcnJx04MABRUZGavjw4apSpYqys7N17NgxLVq0SMuWLcs3rzibprOysjRjxgy5uLjI399fLi4usrW1VW5urv7880/FxcXJwcGB50MAAAAAAAAot0hgBVCiateurYULF2r37t1as2aNfv75Z+3fv1+S1KRJE/n6+u&quot;
08-31-2019 13:00:17 Wire.java DEBUG [Forwarding screenshot on session 57f77c2899285a2b963db09b270c4ab3 to remote] http.wire 87 - http-outgoing-5 &lt;&lt; &quot;rJJ59U8+bNZW9vL+l60ug777wjNzc3LVy4UImJiWrSpIkCAwM1YMAA/fHHHwU++K9SpYree+89Pfzww4qKilJycrLc3d3l4uIiKysr89rjx49X165dtWrVKsXExCgxMVEODg7y9vZWx44d1a1bN9WrV8+8boMGDfTFF19o1qxZ2rx5s5KTk+Xn56eBAweqbdu2GjNmjGxsbMzXuKFFixZatWqVlixZojVr1mj//v2qXbu22rdvr+eee07NmjXLUyG2OKytrc2xt2/f/o7XAwAAAAAAQNFZW1urb9++2rx5s6ZOnaqpU6fm6ffx8VHr1q3zbdIu7qbps2fPasaMGYXGExoaKh8fnzu4IwAAAAAAAMBySGAFUOJsbGzk4+NzWw/PK1asqODgYAUHB+frq1WrltLT0wucV7NmEr4UNwAAIABJREFUTYWFhSksLKzQta2srNSiRYs8VVr/SZ06dTRr1qx87YmJiUpNTVXbtm1VsWLFfP0PPfSQxowZozFjxhTpOkFBQQoKCipyXHv27FFUVJRGjBihWrVqFXkeAODuNmvaR5o17SNLhwEAAACgCG5sfp45c6a+/fZb/fXXX/Lx8dHTTz+tJ554Qp9++mm+BNa/zyvqpmk7Ozu9+uqr8vDw0KZNm5SQkKBz586pdu3a8vb21pAhQ+Tn55dvkzUAAAAAAABQXtyTCax+fn4ymUyWDgNAObVr1y6tWrVK/fr1U+PGjWVvb28+Bm7WrFk6efKk3nnnHdna2pZpXJmZmYqIiFClSpXUtWtXWVtbl+n1AQAAAAAA7hc+Pj6FbqiWrm9+nj17tmbPnp2vb+zYsRo7dmyh84q6adpgMKhmzZp64YUX9MILLxTzTgAAAAAAAIC71z2ZwAoAdyInJ0dz5szRnDlzCuyfOHGi2rZtW8ZRSUeOHFFMTIz8/f3VsGHDMr8+AAAAAAAAiu9u3TQNAAAAAAAAWAoJrABwk7p162rcuHHavn27du/erYyMDNWuXVtt2rTRwIED5evrW+ZHs129elURERG6fPmy+vbta67EAQAAAAAAgPLhbt00DQAAAAAAAFgKCawAcJMaNWoUesybpdjZ2WnKlCmaMmWKpUMBAAAAAABAMdyNm6YBAAAAAAAASyKBFQAAAAAAAACAUnY3bpoGAAAAAAAALInt3AAAAAAAAAAAAAAAAAAAAChTVGAFAAAW5erqqoiICEuHARTI1dW1yGNnfPx+KUYCAAAAAAAAAAAAAMC9pdQSWKtNWFFaSwMAgHvI9rOPKy7NW1l/GSwdCpBfiqTt/zSoShkEAgC4n9g/YJJfvWt61ueKpUMBAAAAAAAAAAAoNVRgBQAAFrM4voJijtpZOgwAAIC7StZfBvPvSCSxAgAAAAAAAACAe1WJJ7CenfR0SS8JAADuUXEnbCVJMwYYVN/ZwsEAAADcJY6fll5dblLcCVsSWAEAAAAAAAAAwD3LytIBAACA+1fWXwZJInkVAADgb278bnTjdyUAAAAAAAAAAIB7EQmsAAAAAAAAAAAAAAAAAAAAKFM2lg4AAAAAAAAAAAAAuFeEh4dbOgQAAAAAAMqFEk9grTZhRUkvCaCIzk562tIhAAAAAAAAAAAAAAAAAADwj6jACgAAAAAAAAAAAJSQ/v37WzoEAACAuwoV6gEAhSm1BFYqQQJlh8rHAAAAAAAAAAAAAAAAAIDyxMrSAQAAAAAAAAAAAAAAAAAAAOD+QgIrAAAAAAAAAAAAAAAAAAAAyhQJrAAAAAAAAAAAAAAAAAAAAChTJLACAAAAAAAAAAAAAAAAAACgTJHACgAAAAAAAAAAAAAAAAAAgDJFAisAAAAAAAAAAAAAAAAAAADKFAmsAEpEVlaWQkNDZTQaZTQa9d577yk7O/uW4+Lj4y0QKQAAAAAAAAAAAAAAAADA0khgBVCiHBwc5OTkpKioKB09etTS4QAAAAAAAAAAAAAAAAAA7kIksAIoUa6urgoJCVFKSoqWL1+uq1evWjokAAAAAAAAAAAAAAAAAMBdhgRWACXOz89PPXv21Lp163To0CFLhwMAAAAAAAAAAAAAAAAAuMuUuwTWuLg4GQwG8ys4OFhXrlyxdFj/aNKkSeaYvby88hytXl7vCSiMg4ODBg4cqGvXrik8PLzIVVjT0tL0+eefa9CgQfL09JTRaFSdOnXUu3dvzZ8/XxcvXsw3JzExUe3atVNoaKjS0tK0cOFC9ejRQ0ajUZ6ennrzzTf1xx9/yGQy6dixY3rrrbfUsmVLGY1GdenSRV9++aWysrIKjCczM1NLlixR7969zbEEBQXphx9+UHZ29h19RgAAAAAAALg/RUREyGg0KiIiokjtlpKVlaXQ0FC1a9dOiYmJRZ4XHx8vo9GoadOmlWJ0AAAAAAAAuBfYlPUFly5dqn/961+3PW/JkiUaNGhQKUQEoDQ0a9ZM3bt315o1a9SjRw+1bt36H+ecOHFCb775Zp62jIwMxcbGml+zZs2Sk5NTvrnff/+9vv/+e50+fdrclpycrM8//1xHjhzRI488ovDwcGVkZJj7d+/erd27dysjI0MjR46UtbW1uS8pKUmvvfaatmzZkieWmJgYxcTEaOLEiXrppZdkY1Pm30YBAAAAAABQwrKysjR+/Hh99dVX/zj2+++/l4+PTxlEdftycnL0wQcfmJNHFy1apB49elg4KgAAAAAAAKBg5a4CK4Dywd7e3pysvnLlykKrnP6dtbW1goOD9cMPPyglJUXp6ek6c+aM/vvf/2rUqFFav369Vq5cWeDc06dP67HHHtPq1at16tQpnT17Vjt37lSnTp20ZcsWLVy4UIGBgYqLi9OZM2eUmpqqb775RrVr19amTZuUlpZmXuv8+fN67733tHPnTr322ms6cuSIzp49q9TUVMXExKhjx46aMWOG4uLiSubDAgAAAAAAAEpASkqKYmNj5eTkJAcHB23fvr3IpyMBAAAAAAAAZa3clQ708/OTyWSydBgl6l68J0CSHnvsMT311FNaunSpevXqpfbt299yfPPmzdW8efM8bVZWVqpZs6YGDx6szZs368SJE7p69ars7OzyjAsKCtK0adNUuXJlc5ubm5sCAwO1efNmTZ06VUOHDpWVlZV53Q4dOsjf318rV67U77//rho1akiSfv75Z61du1bjx4/XmDFjzFVWbWxs1LRpU7377rsaOnSoNm7cKF9fX9na2t7xZwUAAAAAAADL8/Dw0MKFC+Xu7m7pUIpl3759SkhI0HvvvafExERt2bJFzz33nBo2bGjp0AAAAAAAAIB8yrwC66BBg2QymfK8lixZkmfMkiVL8o0ZNGhQWYcK4A7Z2dmpf//+qlq1qlasWKFLly7945zs7Gzt3btXn376qf7973+rd+/e8vT0lI+Pjw4dOqScnJwCE74rVapUYCJppUqVJEkPPPCAOXn1Bnt7e7m4uCgjI0M5OTmSrh+ztmvXLrm5ual79+7m5NW/c3FxUa1atZSUlKTMzMwifRYAAAAAAABAabp69aq2b9+uBg0aqFOnTurYsaOOHTumXbt2WTo0AAAAAAAAoEBlnsB6p44ePSovLy8ZDAYZDAZNmjQpT/+kSZPMfV5eXjp69KgOHz6s4cOHy9XVVZUrV1b//v21Z88ecxLcyZMnFRoaau7v3bu3duzYUWhV1MuXL2v58uV6+umn5erqKoPBoGrVqqlHjx765ptvdPny5TK5pxsxGwwGdejQQcuWLSv0OKirV69q06ZNGjJkiBo2bCiDwaDKlSurc+fO+uSTT3T27NnbihkoqsaNG6tnz56Kior6x4flSUlJGjx4sPz9/TVhwgStWrVKsbGxSk5OvuM40tLSijTur7/+0rlz55SUlKS2bdvKaDTme7m7u2vz5s3Kzs5Wbm7uHccGAAAAAACA8icxMVHt2rVTaGiosrKybru/pCUnJysuLk7NmzdXnTp11KRJE3l7eysuLk4ZGRmFzsvNzdXWrVs1ZMgQubm5qU6dOgoKClJERMQtN6SfOXNGs2fPVocOHWQ0GtWyZUu99dZbOnz4cIHj//55ZGZmauvWrRo8eLDq1KmjOnXq5Hl2mJubq7i4OI0YMUJubm&quot;
08-31-2019 13:00:17 Wire.java DEBUG [Forwarding screenshot on session 57f77c2899285a2b963db09b270c4ab3 to remote] http.wire 87 - http-outgoing-5 &lt;&lt; &quot;4yGo3q0KGDPvvsM128eLHAe9i5c6dCQkLk6ekpo9EoT09PvfDCC1q1alW++0hPT9f8+fPVo0cP8zO/gIAATZ48WYcPH+aZHwAAAAAAQBnJX1rwHpKZmakPPvgg34O2iIgIJSQkaN68eTp+/Lj+85//KD093dy/Zs0a7d27V0uXLpWfn1+eNffs2aOQkBDFxcXlaU9PT1dUVJSioqL05JNP6tNPP1XdunXL7J5iY2MVGxurDz74QKGhobK2tjb3/fbbb3rllVe0evXqPGtdunRJMTExiomJ0ZIlS/Tpp5/K29u7xGPG/c3Ozk4DBgzQpk2btHjxYjVq1KjAcWfOnNE777yj6Oho9e3bVwMHDpSHh4ceeOABOTg46OTJk3rhhRfKOHoAAAAAAACgfNixY4cOHDigl19+WRUrVpSLi4tatmypVatWKTExUV5eXvnmZGdn6/PPP9e0adPyJLneeG4sSR4eHvnmJSYm6uWXX1Z8fHyetsTExH+M888//9SECRP05Zdf5mm/cUJSZmamZs6cqZkzZ+bp379/v/bv36/t27dr1qxZcnJyuuU9JCcnKzk5WWvWrNHcuXMVFBRUaOyStGvXLu3atUt79uzRvHnzZDQa//FeAAAAAAAAcGfKXQXW23H8+HEtXLiwwF3iv/32m7p27apRo0blSV79e39kZKSuXbtmbjt8+LBGjhyZL3n1Zt99952mT5+uK1eu3PlN3ORW9yRJS5cuzfOQ8PTp0xo9enS+5NWbxcfHKywsrMhVKoHb8eijjyowMFAxMTHatm1bgWNOnjypH3/8Uc8++6w+/PBDdezYUU5OTqpSpYpsbMou197KykoVKlRQ48aNFR8fr/T09EJfK1eu5EE2AAAAAADAPeTAgQNq2bJlgafytGvXrkgJmpaQkZGhuLg4eXt7q2XLlpIkW1tbdenSRadPn9b27dsLPHFs48aNmjZtmurXr6/IyEidOnVK6enpSklJ0YYNG9SpU6d8c86fP6+wsDAdPHhQo0eP1sGDB3X27FmdOXNGhw4dUlhY2C1jjY6O1r59+7R8+XKlpKSYn7X5+PjIZDJp8eLFmjlzpgIDAxUbG6vU1FSdPXtWBw8e1KhRo7R+/XotWLDAnPCamJiopUuXqnXr1oqPj1dqaqr5HuLi4jRu3DjZ2tpKup4kGxERoYMHD2r27Nk6efKk0tPTdebMGR07dkxLly6Vm5vbnf5zAAAAAAAAoIju6QRWFxcXzZs3TxcuXFBubq727dsnT0/PQvu3bt2apzrkoUOHzImiOTk5WrZsmXlXdt26dfX1118rMzNTubm5+vXXX9WrVy/z3OjoaB0/frzU7ik9PV0mk0m//fZbnuv+8ssvOn36tPl9VFSU1q5dK0lydHTUtGnTdOHCBZlMJp05c0YjRowwj129erX27dtX4jEDNjY26tevnx5++GEtWrRIf/zxR74xOTk5ysjIUM2aNVWxYsV8/SaTqUyO7rK1tVWrVq106NAh/fzzzwU+2AcAAAAAAADuJomJifrxxx/VvHlz1ahRw9zeqFEjtW/fXlu2bMlXyOHixYsKDw9X1apVNX36dHXs2NGc6Glvb68mTZqoTp06+a71888/a+3atXruuef0xhtvyMXFRQaDQVZWVqpRo4aaNWt2y1j79u2ryMhIBQQEyN7ePk/f77//rjVr1iggIEDTp0/X448/LhsbGxkMBrm4uGjs2LEaMGCAYmNjlZKSIul6EYdjx47J29tb9evXN2+Gt7e3V6NGjTR27FjzM/SsrCz9/vvvcnV1VevWrVW5cmVJ1ze1P/TQQ+revbumTp3KpnUAAAAAAIAyck8nsFavXl3t2rVT5cqVZTAY1KBBA7Vq1arQ/mbNmsnPz6/AtU6fPq2tW7ea3/fq1UtBQUGqUKGCDAaDXF1d9dJLL5n7jx8/rpMnT5baPVWtWlWSVKdOHXXv3j3PmOTkZEnSpUuXFBsba27v3Lmzhg4dan4oV61aNQUHB6t+/frmMQcOHCjxmAFJql+/vp5++mnFxcVp06ZN+foffPBBNWjQQBs3btTOnTuVnZ0t6XpFh5UrVyo4OFiHDh0qk1h9fX0VGBiot956SxMnTtSvv/5qjic7O1spKSlasWKFwsLClJWVVSYxAQAAAAAAoPR5eHgoISGhwNN4fvrpJ7m7u1s6xHxMJpO2b9+u06dPq127drKzszP3PfTQQ2rZsqXi4+PzPftNTk7WwYMH5e/vn6eww63k5ORo165dcnBwUGBgYJ5rFZWjo2O+xNUbkpKSlJCQoG7duql69eoFzn3kkUd06NAhcyGHBx98UM7Ozvr222+1YcMGZWZmFnrtBx54QFWqVNGBAwf05Zdf6uTJk2WyaR4AAAAAAAAFu6cTWG+XwWCQtbV1gX2XLl3SuXPnzO8/+ugj2dvby2AwmF8BAQH55pQFBweHAtuvXbum1NRU8/vVq1fLaDTmidnT0zNPpdiMjIxSjxf3J2tra/Xo0UMeHh4F9ru7u+uZZ57R7t271bVrV1WvXl1Go1H16tVTaGioXF1dy+z4roceekgTJ05UixYt9Mknn8jb29scT/Xq1eXh4aERI0bo7NmzZRIPAAAAAAAAUJj09HRt2bJFbdq0UdOmTfP0WVtbq1OnTpKk7du3Kycnx9yXkZGhpKQkubi4FJpQerO//vpL586dk6urq6pVq1ZyN/G/0tLSJEmhoaEyGo0FvqZMmaKMjAzzvXh4eGjkyJE6efKkBg4cqFq1aqlly5YaNWqU1q5dm+c5va2trYYMGSIfHx99/vnnatasmVxdXdW7d29NmzZNhw8fJqEVAAAAAACgDJHACqDMuLm5acCAAQX22djYKDg4WPPnz5e3t7ek60mtI0eO1A8//KBx48apQoUKZRrr119/rQULFqhXr17mqse1a9fWU089pXnz5mncuHFFfrgPAAAAAAAAlIYDBw4oPj5e27ZtU+PGjfMlfHbv3l0ZGRmKjY1VSkqKpcMtcTY2Nho1apS2bdumsLAwde/eXVevXtU333yjIUOGqE+fPjp27Jh5vLu7u1avXq3IyEgNHTpUDRs2VGxsrKZMmSI/Pz99/PHH5tOYAAAAAAAAULpsLB1AeWFvb69KlSqZ3z///PP65JNP8rTdbWxsbOTo6Gh+37lzZy1evFguLi4WjAr3Knt7e82cOfOWYwwGg0aOHKmRI0cW2G9nZ6e+ffuqb9++Bfb/9NNP+drc3d0LbL8hKChIQUFBhfaPHTtWY8eOLbCvYsWK6tOnj/r06VPofAAAAAAAAMBScnJytH379iKdrJWQkKB9+/apdu3akq5XZ3VwcFBWVpZycnIKPZ3s726cYnblyhVdvXr1juO/2Y3Txj777LNCN8IXFledOnU0YsQIjRgxQiaTSWlpaZo/f75mzJihRYsWaeLEibK1tZV0/Vlmx44d1bFjR0nXTzPbsWOHJk2apDlz5qh9+/by8vIq8fsDAAAAAABAXlRgLaIaNWqoefPm5veRkZF6++23lZSUZN6NnZubq7S0NK1bt049evRQXFycpcKVJFWuXFm+vr7m9z/88IPeeOMN7d+/X9euXZMkmUwmnTt3Tj/++KOee+45LVu2zFLhAgAAAAAAAEC5c+bMGWVlZeVrv3Tpkq5cuVKq105LS9PPP/8sf39/HT9+XOnp6QW+Nm/eLGdnZ23fvt2ceFqrVi15eXlp165dSk1Nzbe2yWRSTk5OnjY7Ozs99thjSkpK0u7du2UymfLNu3nO7WjcuLG8vb31008/6dKlS8Vex2AwqHr16nr66afl4eGhK1euKDc3t9Dxtra2ateunQICAnT69OlSSc4FAAAAAABAfiSwFpGdnZ2Cg4Pl4+Mj6frDx+nTp8vd3V0PPPCAeed59erV1atXL0VFRVk44usP6QYNGqRevXqZ2xYvXixPT0/Z2dnJYDDIyspKRqNRHTt21OLFi2/5EA8AAAAAAAAAcF316tVVr149/fjjj1q3bp2ysrJkMpmUmpqqjz/+WP369VNSUlKpxrBz505t27ZNHTt2lNFoLHRcvXr15OPjo7i4OCUnJ0uSnJyc5Ovrq61bt2rq1Kn6888/ZT&quot;
08-31-2019 13:00:17 Wire.java DEBUG [Forwarding screenshot on session 57f77c2899285a2b963db09b270c4ab3 to remote] http.wire 87 - http-outgoing-5 &lt;&lt; &quot;KZzNVIQ0JC9PXXX+dbq1WrVmrQoIFmzJihDRs26Nq1a+b7njdvnsaMGVPs+6lVq5Z69uyp5cuX68UXX9T27dvNycEmk0nnz5/Xtm3b9Prrr5s/27Vr1yosLEx79uzR5cuXzWtdvHhR27dv18mTJ+Xk5KQHHnhA6enpev3117Vy5UqlpKSYi1NkZ2fr+PHj2r17txo0aKAHH3yw2PcAAAAAAACAorOxdADlSaNGjfTZZ58pJCTE4tVVi8rZ2VkffvihrKystHr1akuHAwAAAAAAAAD3hMqVK6tnz57avHmzxowZkydxs2rVqqV+StfVq1e1fft2OTs7q1WrVjIYDLeMtUOHDlq3bp127Nghd3d3WVtb69///rcOHjyoxYsXa/HixXnmNGzYUB4eHvnWevTRR/U///M/Cg0N1aBBg/L0OTg4yMvLS4mJicW6J2traw0dOlQXLlzQzJkzFR0dXeA4Dw8PDRs2TJJ07do1zZgxQzNmzChwbMeOHfXMM8/I2tpakpSUlKT58+cXONbBwUFvv/226tevX6z4AQAAAAAAcHtIYL1NzZo106ZNm7R161YtW7ZMv/zyi/bu3StJMhqNatGihfz8/NStWzc1bdrUwtFeV7duXYWHhys+Pl7h4eFKSEjQjh07JEmOjo7y8vJSmzZtFBAQYK4wCwAAAAAAAAC4taeeekrVqlXT7NmzFRsbq9q1ayswMFDDhw/XtWvXtGfPnlK7dnJysuLi4tSiRQvVq1fvH8ffqJwaFxenp556Sg4ODnJyctLs2bPVvHlzffPNN0pMTJSfn5969+6tXr16KSwsTLt27cqzjsFgUJ8+feTs7Kx58+YpNjZWVatWVfv27fXiiy/q8uXL6t69e7Hvq2LFiho/fry6du2qVatWKSYmRomJiXJwcJC3t7c6duyobt26me+5W7duWr58udatW6eEhIQ8Y3v06KEBAwaoYsWKkqQqVapo8uTJ2rBhg7Zs2aLdu3crIyND7u7u8vX11bBhw/TYY4/dMhkYAAAAAAAAJccQHh5uatCgQZ5GLy8vmUymYi1YbcIKSdLZSU/fcXAAiubmr7sbD1hv9+u4qPNujEtPT7+t9QHgZs8triJJWjeaPwwBAAD8Xc8Pr/+/bNGz5y0cCQCUX1WrVi2wnWdbAErTpk2b1L9/f0uHAQAAcFcJDw9Xly5dLB0GAJQrhT3buuFO88MuXLggSdq3b18xortzXl5ekiQri1wdAAAAAAAAAAAAAAAAAAAA9y0SWAEAAAAAAAAAAAAAAAAAAFCmSGAFAAAAAAAAAAAAAAAAAABAmSKBFQAAAAAAAAAAAAAAAAAAAGWKBFYAAAAAAAAAAAAAAAAAAACUKRJYAQCAxdg/YJIkHT9t4UAAAADuIjd+N7rxuxIAAAAAAAAAAMC9yMbSAQAAgPuXX71rijlqp1eXk5wBAABwM7961ywdAgAAAAAAAAAAQKkhgRUAAFjMsz5X5HJxnaXDAAAAuCt18eli6RAAAAAAAAAAAABKDQmsAADA4vr372/pEAAAAO4q4eHhlg4BAAAAAAAAAACgVFlZOgAAAAAAAAAAAAAAAAAAAADcX0qtAmu1CStKa2kAAAAAAAAAAAAAAAAAAACUY6WWwAoAAAAAAAAAAADcb8LDwy0dAgAAAAAA5UKJJ7CenfR0SS8JAAAAAAAAAAAA3PW6dOli6RAAAAAAACg3rCwdAAAAAAAAAAAAAAAAAAAAAO4vJLACAAAAAAAAAAAAAAAAAACgTJHACgAAAAAAAAAAAAAAAAAAgDJlU9ILVpuwoqSXBFBEZyc9bekQAAAAAAAAAAAAAAAAAAD4R1RgBQAAAAAAAAAAAAAAAAAAQJkq8QqsN1AJEig7VD4GAAAAAAAAAAC4P6SmpurUqVO6dOmSTCZTsdYwGAxydHRUjRo1VL169RKOEAAAAACKptQSWAEAAAAAAAAAAAAAJefEiRNKSUm543VMJpMuXryoixcvKiMjQ/Xq1SuB6AAAAADg9pDACgAAAAAAAAAAAJSAxMREnTx50tJh4C7k6uoqd3f3O1ojNTXVnLxar149Va9eXdbW1sVaKycnR6mpqeaEWAcHByqxAgAAAChzJLACKHG5ubk6evT/s3f3cT3f/f//b+9qOYvlHTUbiZLQZItIUUrFFuakndv5MJvNYbPjsGGfreHYYdixHRuGnRybHaM5zNmoKUIo5aSZTlTOQtKJUTlZ9f794ev9W0ehiGL36+Xyvlz0ep68Hq9XOnu9H8/HM43ly5ezceNGEhMTAejatSs9evTggQcewNvbm4YNG9ZxpCIiIiIiIiIiIiIitefgwYOEhYXVdRhSD0VERFx3AmtOTg5wMXm1VatW1zWXpaWleY6srCxycnKUwCoiIiIiIjedElhFpFbl5eXx7rvvsnjx4kptycnJJCcns2jRIlxcXJg5cyZ+fn51EKWIiIiIiIiIiIiIiMit5cyZMwC1mmhqb29PVlaWeW4REREREZGbyaKuAxCR28fJkycZP348ixcvxt3dnXnz5pGRkUF+fj4FBQUcPHiQlStXMnz4cDIyMsjNza3rkEVERERERERERG6o+Ph4jEYjM2fOrNG4iIgIjEYjERERNygyERG51ZSWllJWVgZAWVlZrbwuzVVaWlqXlyYiIiIiIn9SqsAqIrWirKyMb7/9lp9++ong4GBmzpxJmzZtKvRp1qwZvr6+9O7dmyeeeILi4uI6ilZEREREREREROTyTpw4wZgxY4iNjcXT05OFCxfStm3bug7rthMREcHo0aNrNCYgIIDPP/8co9F4g6ISEam/ysvLAcyJp7U9r4iIiIiIyM2mCqwiUiuys7P56aefcHBw4NVXX62UvPpHFhYW+Pv78+CDD1Y4fv78eVatWkVYWBiOjo44OjoSFhbGsmXLOHfuXKV5MjIy6Nu3LxMmTODkyZN88cUXDBo0CKPRiIeHB2+//TZHjx7FZDKRnp7O5MmT8fLywmg0EhQUxJdffllp3oKCAkaMGMGIESM4efIksbGxjBw5EkdHR5ydnRk3bhz79u2rFMul2F955RX8/f0xGo0YjUb8/f2ZPHkyGRkZlcb88Vx5eXns2LGDcePG4ezsjKOjI88++yy//PJLhTE7d+6kU6dOvPLKK5SUlFR5f1NTU+nVqxdU0WUVAAAgAElEQVRPPfUUp06duuznQUREREREREREqrZz505iY2NxcHAgKSmJ5OTkug5JRETEXDW1tLS0Vl9/rMYqIiIiIiJyM6kCq4jUip07d5KUlMQjjzxC165dazw+Ly+PKVOmsGTJkgrHo6OjiY6OZsiQIfzjH/+gZcuWlcauXbuWtWvXcuLECfOxI0eOMHfuXFJTU2nXrh1Lly6lqKjI3J6UlERSUhJFRUWMHTsWS0vLCnNmZ2fzwgsvsHnz5grHFy9ezKZNm/jss8/w8fExHy8uLubrr78mJiamQv/k5GSSk5NZtWpVpTGX5Obm8s477/Cf//ynwvEVK1awc+dOvvrqK+677z4A3NzcCAwMJDo6mtTUVO6///4KY0wmEzExMaSnp/P2229ja2tb6XwiIiIiIiIiInJ558+fZ9OmTTg7O/PWW28xZ84cIiMjCQwMpHHjxnUd3m0lLCyMsLCwCsfOnTvHW2+9xVdffcXatWvp2bNnHUUnIlL/qAKriIiIiIjcblSBVURqxaUKo66urtjY2NRobFlZGd988w1Llixh+PDh7Nixg7y8PHNV0uHDh7NixQrmz59PaWlppfEnTpygS5cuLF++nJycHPLz89mxYwcBAQFs2LCBL774gtDQUOLi4sjLyyM3N5fvvvuONm3a8PPPP3Py5MlKc6anp3PHHXewdOlSsrOzKSgo4NChQ0yaNInCwkIWLlxYqbqps7MzixcvJiMjg/z8fAoKCjh48CDz5s0DYMGCBZw+fbrSufbu3cuePXv49NNPycrKoqCggKysLF5++WWOHDnC6tWrzQ+jGjduTFhYGMXFxURGRlZ6SJWbm8vPP/+Mn58fXl5eNfo8iIiIiIiIiIgI5OTkkJiYSM+ePfHz88PHx4fExEQOHz5c16GJiMifXHl5+Q193epKS0&quot;
08-31-2019 13:00:17 Wire.java DEBUG [Forwarding screenshot on session 57f77c2899285a2b963db09b270c4ab3 to remote] http.wire 87 - http-outgoing-5 &lt;&lt; &quot;tZtWoVQ4cOxWg04ujoyNixY2/6bnUREREYjUYiIiJu6nlr0x93ESwoKKjrcERERETkNqYEVhGpVa1bt67xmAMHDrB8+XKCg4OZNm0azs7OWFhYYGFhgbOzM9OmTSM4OJjVq1ebE2X/KCwsjC+++AI/Pz+sra0xGAw4OzsTGhoKwAcffMC//vUvOnXqhIWFBVZWVvj7+xMYGMju3bvJzs6uNKefnx/z5s2jf//+5soaTZs2ZcyYMYSGhrJ9+3YOHjxo7m80Gvnggw8YOHAgRqMRg8EAQLNmzRg0aBD+/v4cPnyYvLy8Sufy9vbmP//5D4899pi5YqqtrS1PPfUUnTt35tdff+XMmTPm/h4eHvj7+xMTE1Mp9oSEBGJjYwkKCsLe3r6mnwoRERERERERkT+9hIQEkpKS6NWrF0ajkd69e5Oens727duvOC4vL4+PPvoIf39/jEYjXl5eTJ48mZSUlCuOO3z4MJMnT8bLywuj0Yi/vz8ffvghR44cqbL/H5NiSkpK+OKLLwgKCsJoNPLoo49WSNLJy8vj008/Nbc7Ozvz4osvsmPHDkwmU6W5S0pK+OGHHwgLC8PR0dEcz6RJk4iPj6+wuNxkMpGenl4hdmdnZx577DG+/vrrKheNX69Dhw4RFBTE0KFDK+zG9EcnTpxg6NChBAUFcejQIaBiEs7JkyeJjY1l5MiRODo64uzszLhx49i3b99lz1vT+yhyo8XFxWEwGFi8eLH52NmzZxkzZgwDBgwgPz+/DqOTP7v4+HiMRmOll7OzMyNGjGDmzJmkpKTUesKsyWRi4cKFPP3008TGxgJQVFREbm7ubZGcKyIiIiJyu7plE1jT0tLo1q0bBoMBg8FAeHh4XYckItdo//797N27Fz8/vyqTLu3t7RkwYADp6elVPvBv0qQJ1tbWVR4HuOOOO7CwqPjtrmHDhrRq1YqioqIqt9qxtLSsNAYuJrF6eXlx4sQJDhw4UKHNZDJx9OhRvv32WyZOnMjw4cPx9/fnnnvu4ZtvvqG0tLTKhySNGjUyx/pHdnZ23HXXXZXG2draEhwcTFJSEps3bzYfLykpITIyEldXVwICAsxJtCIiIiIiIiIiUj0lJSXExsbi7u5Or169AOjWrRteXl5s3Lixyt114OLuRCNHjuS9994jOTnZfOyzzz5jwoQJlz3f1q1bGTFiBJ999pl54XZycjLTp0/n/fffv2KsSUlJjBw5kjfeeIOkpCSACs+RduzYwbBhw5gyZYq5vbCwkGXLljF8+HCWLVtWIfny5MmTvPzyy4waNYro6GiKiorM8cyfP5+JEyeaF3SbTCaWL1/OwIEDK8ReWFhIZGQkf/nLX/jqq6+uGP+1aN26NQEBAcTGxpKQkFBln0sLvIcOHYqjo2OFtuzsbF544QWGDh3KmjVrKCoqorCwkMWLF/PYY48RFxdXab6a3keRa2UymZg9ezYGg4G77777sv/HRW5VhYWFxMTEMGPGDHx8fHjllVc4evRorc2fnZ3Njz/+iKenJ1FRUeTl5VFQUMAPP/yA0WistfNcj9uhMquIiIiISG2rFwmsx48fJygoyJyMajAY8PHxMa+OFpFbR1XVTK/m0sPwFi1aXLbPpQTPP1Z5qK7arvZQVSwlJSXMmDEDb29vXn31VRYtWsSGDRvMb1jUtj59+pgfwlyqqpGamkp0dDRBQUG0a9fuhpxXREREREREROR2duDAAeLj4/Hx8aFNmzYA3H333fj4+BAfH1/l7kCnTp1i2rRp/Prrr7z22mv8+uuv5Ofnk5eXx759+5g2bVqV5zp8+DDh4eHk5+czbdo0srKyKCgoIDc3l927d/PKK69cMdbPP/8cBwcH4uLiKiXpHD58mKlTp3L06FFmzZplnjsnJ4eIiAicnJz48MMPSUtLM88XGRnJihUr+Otf/0pGRgb5+fnk5+eTlZXFypUr8fb2Ni+Yzs3N5ZtvvqF9+/asW7eOnJwc8/y7du1i+vTpVS7Yvl6WlpYMHToUV1dXIiMjKSkpqdB+tQXe6enp3HHHHSxdupTs7GwKCgo4dOgQkyZNorCwkIULF1aoYHst91HkWp06dYotW7YAF983i4qKUnL0TRYSElLhvcorvUJCQuo63Hpv0qRJFBQUmF/Hjh1j165dTJs2DRcXF77//nueeeYZ0tPTa+V8x44dIyEhgWHDhtG9e/cqi5SIiIiIiEj9Uy9+c9+3bx/x8fEVjm3dutW8mrk+Cw8Pr/AHa1UrtEX+DFxcXADIzMys9OD4dldWVsaiRYv48MMP6dChA59++im7du0iIyODY8eOcezYMZ555plaPeelahMbN25kz549lJWVERkZCcDQoUNp0KBBrZ5PREREREREROTPYNOmTWRmZtK7d2/z8xVLS0v69u1LcXExMTExlRLKtm3bxooVK3j66af529/+RqtWrTAYDFhYWHDXXXdx//33V3muNWvWEB8fz8SJExkzZgy2trYAWFlZ4ejoyL333nvFWD/44AP+9a9/0alTp0pJOpfmnjFjBs8884x5bmtrawIDA3n33Xc5duwYGzZsAC4+37pUXdXf3x+j0Wh+5m1ra4uvry8ffPABzs7OABQUFHD8+HHuvfdeunbtat4dydramrZt2zJmzBjGjh1b7fteE+3ataNfv35ER0eTmppaoe3SAu9+/fpVucDbz8+PefPm0b9/fxo3bgxc3HFpzJgxhIaGsn37dvN9gJrfR5HrsW/fPtavX094eDgDBgwgNjaWnJycug7rT+X111+/IX3looYNG9K2bVteeuklfvrpJ5566imSkpKYMWNGhcUD1+rw4cPAlYuliIiIiIhI/VPnCawXLlxgzZo1nDlzplJbVFQUZ8+erYOoRKSmOnXqhKurK9HR0ezevbtGY21sbICLlVIvt6I8Ly8PuPgAvy6ZTCZzRdeWLVsCcObMGeLi4nB3d2fu3Lk89thjtG3bFqPRSMOGDW9IHJaWloSEhNCkSRPWrVvHgQMHiI2NJTAwEDc3txtyThERERERERGR29mpU6fYtm0bXl5edOvWrUKbm5sbnp6exMXFkZubaz5eVlZGYmIiNjY2hIaGVntRcVFREcnJybi7u9O/f/9KlUKrw9bWtsrqcpfm9vX1pW/fvlXO3aZNG5ycnMjKyuL8+fNYWlpiZ2cHwMKFC9m3b98Vd0KysbHB1taW6Oholi1bViuJR9XVoEEDBgwYQHFxMZGRkZSVlQGYF3gXFxczYMCAKj8XlpaWVd6zpk2b4uXlxYkTJzhw4ABwbfdR5Fpd+v/bunVrHnroIYKCgoiPj2ffvn11HdqfSnBwMMHBwbXWTy6vRYsWvPXWWwQHB7NixQo2b95cqY/JZGLv3r387W9/w8PDA6PRiJeXF++//36F5O5z584xYcIERo8eDcDo0aMxGo0YjUb69u1rrp6elZXFzJkzGTFiBM7OzhiNRpydnXnsscdYtmwZ586dqxRDREQERqORiIiIKq/jau3VidFoNDJhwoQqz385hw8fZvLkyXh5eZnvy+TJk6usFA8wc+ZMjEYj8fHxZGdn8+GHH5rHBgUF8d///rdaOyCeP3+eSZMm4ejoSGxsbJV9ysrKmDFjBkajkVWrVlX7mkRERETkz6vOE1iPHj3K1q1bq2zbtGkTWVlZNzkiEbkWLi4uhIaGcuLECT7++GOOHDly2b4mk4n4+HjWrFkDQIcOHXB3dycyMrLKFeW5ubnExsbi6upKp06dbtg1VEdOTg6RkZF4enqaqziUl5dTWlqKvb19lSt7TSaT+UF6bXJzcyMwMJANGzbwn//8h4SEBEJCQszVI0REREREREREpPrS0tLYuHEjPj4+3H333RXa7O3t8fHxISkpqULVz99//53CwkKcnJzMCaDVceHCBU6ePIm9vT1Go7HWruGPc2/ZsoXOnTtXSJC59PLy8mLv3r2UlZWZF5SPGDGCIUOGsGzZMnx9fbG3tyc4OJjw8HDi4+MrJLa0bt2aUaNGUVRUxLhx42jfvj0eHh4899xzfPvtt+YF4DeKh4cH/v7+xMTEkJ2dDUB2djYxMTEEBgbi4eFR4zmbNGkCYL7Oa72PItciNz&quot;
08-31-2019 13:00:17 Wire.java DEBUG [Forwarding screenshot on session 57f77c2899285a2b963db09b270c4ab3 to remote] http.wire 87 - http-outgoing-5 &lt;&lt; &quot;eXbdu20bNnT9q1a4evry82NjZER0ffkGfLcnnVqayq6qu1w97entDQUODie8J/XAhQWlrKwoULeeCBB/j888/N7zllZGQwe/ZsRo4cSXp6eo3Od6naa0xMDIWFhQAUFhYSGRnJiy++yJQpU+r9DoMmk4lVq1YxaNAgPvvsM3PCakZGBp999hkhISH897//vezPpO+//54HH3yQ6dOnm8cmJSXxwgsvsHDhwqv+LLu0iARg3bp1VS7euPTzODQ0lD59+lzP5YqIiIjIn0SdJ7Bu3bqV+Ph44OIq54ceesjclpKSwpYtW65r/sOHD/OPf/yD/v3706xZMwwGA25ubrz44ots27aN8vLyCv3Pnj3LmDFjzNsjDRgwgLy8PPbs2cNzzz2HnZ0dY8aMYc+ePXTr1o2pU6dWGO/r62seO2bMmAoVZC/FMmDAAOzs7DAYDDRr1oz+/fsTHh7Ojh07qrW6TaQ+srKyYvTo0TzwwANERUUxfPhwFi9eTEFBgfkP3tOnT7NlyxZGjRrFwIEDzQ8C2rVrx9ChQ9m8eTNTp04lJSWF8vJyysvLyczM5O233yYqKorQ0FBcXFxuyvVkZ2cTHx/P6dOngYtJqr/++it//etf2bx5M4MHD6Z169bAxW1v7rrrLhISEli9erX5ui5cuMD27dt59dVX+eabb2o9xsaNGxMSEkJ6ejpz5szBz88PLy+vWj+PiIiIiIiIiMjtrqysjJiYGIqKipgzZw4tW7askKhoZ2fH9OnTKSoqIioqigsXLtR1yLWuZcuWLFiwgLVr1/KXv/wFb29vUlNTmTNnDgMHDmTSpEnm514Gg4Fhw4axfft2Pv74Y4YNG0aDBg348ccfefXVV+nfvz9xcXE3LFZbW1uCg4NJSkoyV+3bvHkzSUlJDBs2DFtb2xt2bpEbYe/evaxfv57+/fvTpEkTOnToQK9evdi2bRsnTpyo6/D+VK5WXVXVV2vXfffdh7OzMwcOHKC4uNh8PCoqivDwcLp06cKKFSvIycmhoKCArKws3nvvPdLS0vj4448pKSmhYcOGzJ49m/nz5wMwf/58CgoKKCgoYNOmTeb3laytrZk0aRJxcXHm+XJzc9mxYwfDhw9n0aJFl60qer2uFGNBQQGzZ8+u1o5+mZmZzJw5E4B58+aRnZ1NQUEB2dnZzJs3DxsbG/7xj39ctnrzypUrGTZsGDt37iQvL4/c3FwWLlyIg4MDP/30U7W+3/To0YPBgwezYcMGc9XyP7r08zg4OFg/j0VERESkWup0L+7i4mLWr19v/rhnz56MHTuWtLQ0UlJSAIiMjOThhx+mefPmNZq7tLSUxYsXM2HCBAoKCiq0paWlkZaWxsKFC/m///s/3nzzTRo1alTlPCUlJcyZM4dPPvmEM2fO1PAKLzKZTCxZsoSXX365UixnzpwhOjravNXSkiVL6Nix4zWdR6SutWzZkhkzZmBhYcHq1asZN27cZft27twZBwcH4OLWXZdWyy5ZsoRly5ZV6j9kyBBGjx6NldXN+baVnp7OE088UWXb888/z/PPP4+lpSVwMZH0scceY/PmzYwfP57x48dX6N+vXz/69OljXtFbm/r06UNoaCirV69m6NCh2Nvb1/o5RERERERERERud3l5eSQkJFSrb0JCAsePH6dt27YYDAYsLS05e/ZsjbaQt7CwwMrKipKSklpPhrWyssLGxgY/Pz8WLFhQ5Y5BVxrbs2dPevbsCVx8zp6SksK0adNYtGgRAQEBDBw40Ny/ZcuWPPnkkzz55JMAnDp1ih9++IH33nuPBQsWcO+999KsWbNavb5L+vTpg6enJ1FRUfTp04f169df8wJvk8lkrhrbsmVL4Pruo0hNlJWVsWHDBjw8POjevTtwMUnb19eX119/ncTERAYPHlzHUf65vP7660RFRV22TWpPgwYNaNSoEbm5uRQUFGA0Gjl9+jRLly7FycmJf/7zn7i6upr729raMmbMGE6dOsXixYtJT0+nW7du1TrXkCFDKh2zsrLC2dmZZ599lmXLlpGamlrh51x9YjKZ+PHHH9m7dy/z5s0jLCwMg8EAXHyfKiwsDIAxY8awcuVK3NzczO9jXTJ37lyCgoLM4ywsLBg4cCCxsbEsX76c7Oxs7rrrrivGcam4ynfffUdMTAwdO3Y0z3fq1CmioqLw9PRU9VURERERqbY6rcCamZlZYRW2t7c3vXr1om/fvuZj27dvZ//+/TWa12QysXTpUsaNG1cpYfR/zZo1ixUrVly2ffPmzUyfPv2ak1fh4tYLf/vb364ai8jtoE2bNnzxxResXbuW0aNH07VrV3Nb165dGT16NCtXrmT9+vUVvtZbtGjBRx99xNdff01gYCA2NjbY2NgQGBjIggULmDt3rvnh8c3g7e3NvHnzGDJkiDmB3s/Pj6+//pr333+fxo0bV+jfu3dv/v3vfzNkyBBsbGxo3rw5Q4YMISIigi+++AJnZ+cbEqelpSU2NjZ4enri5+dnfkggIiIiIiIiIiLVl5KSQmxsLG+99Rb5+fkVqqL98TVt2jSSkpJITk4GLibedOnShczMTJKSkqrcereq7b+bNm1Kly5d2L17t7mYQ3XGVUfTpk3x8vIiKSmJX3755ZrmuMTKyop7772X4cOHA1BUVHTF/ra2tgwbNgwvLy+Kiopu6I5jrVu3JiAggI0bN7J48WLi4+MJCgq6pgXeOTk5REZG4unpSbt27YDavY8iV5KdnU1sbCx+fn44OTkBF6sc+/n50apVK6Kjo2uUIC/X73JVVlV99eY4cuQIv/76K0FBQVW+t2JlZUXHjh05ceJElRVAr+TcuXNs2bKF2bNnM3LkSIYMGYKzszOhoaEA9XqnzDNnzrB37168vLzw9vau9H6QwWCgb9+++Pr6smfPnirf277zzjsrjWvUqBGtW7emqKio2r97eHl54efnx88//0xubq75+J49e9i4cSMBAQHmXQxFRERERK6mziqwmkwm1q9fb05Obdq0KSEhITRt2pQ+ffqYt1A4fvw4UVFR9OjRo9qJWTk5OXz55ZfmX8yDg4OZNm0a999/P+Xl5WzYsIEXX3yRQ4cOcebMGX766ScefPBBmjZtWmmunj17MnPmTLp3716pSuvu3bsJDw9n6tSp5mNbtmzBx8enQr/Nmzdz6NAh88c//fQTISEhWFhYUFpaSk5ODps2bWLVqlXVuj6R+u5/KzVUV4MGDRg0aBCDBg2qVn8XFxc2bdp02fawsDDzitOqTJw4kYkTJ1bZ1qhRI/r378/DDz9crVgMBgMeHh58+eWXVbbPnj270jGj0cgPP/xw2Tmv1g6wc+dOVq9ezUsvvaSHASIiIiIiIiIi1+D8+fNERkbi4OBAQEDAFZ9De3t74+DgwIYNGwgKCqJhw4b06tULV1dXZs2aRcuWLQkMDOSOO+7g5MmT/PjjjyxcuLDSPJaWlvTt25cFCxYwffp0bGxsuO+++7CwsODw4cMsXbrU/Iy8pgwGAyEhISxfvpwXXniB8ePHExYWhr29PRYWFly4cIHjx4+zdu1aysvLGTt2LOfOnWPWrFm0atWKwMBAWrVqhbW1NeXl5Rw/fpy4uDhsbGzMyaGJiYksXbqUwYMH4+7ubk6IOXfuHPHx8ezfv58+ffpUazvka2VpaUlISAj//ve/+fDDD3F1db3q5y87O5v4+Hh8fHxo1qwZ5eXlpKSk8MEHH7B582beffdd8zO2a7mPItciKSmJrVu38vrrr9OgQQPzcRcXF3x8fIiPj+fYsWPm5Gq5Oaqqwlofqq9aWFhQXl5OWVlZpeqa1+pS0qKFxc2ve3T+/HnOnj1L27ZtMRqNwMXFEpmZmcyZM4c5c+ZccXxNEk4TExP561//yq5du64r5rpSWlpKUVERNjY2NGnSpMo+1tbWWFtbU1paSnl5+Q2Lxd7enqCgICZPnkxCQgKDBg3i/PnzrFu3jubNmzNgwIBa+/8pIiIiIre/OktgPXXqFFu2bDF/7OPjQ8eOHQHo3r07Hh4e7NmzB4DY2Fief/55WrVqVa259+7dy/r1680fjx492rztioWFBQEBATz++OPMmDEDuFgJtqCgoM&quot;
08-31-2019 13:00:17 Wire.java DEBUG [Forwarding screenshot on session 57f77c2899285a2b963db09b270c4ab3 to remote] http.wire 87 - http-outgoing-5 &lt;&lt; &quot;oEVltbWzp37lwpebUm7OzsKnz80ksv8cADD+Dr60uHDh1wdXXl8ccf5/HHH7/mc4jIn09JSQkRERE0adKEkJAQPQwQEREREREREbkGOTk5JCYm0qNHD9q3b3/Fvi4uLvj7+7N161YOHjyIm5sbHTt25I033mDChAk88cQTFfrb2NjQrVs3MjIyKs3l4+PD66+/zrvvvktISEiFtubNm+Pm5sa2bduu6ZqcnZ2ZPn06r7/+Ou+88w7vvPNOlf0mTZpk/nd+fj6zZs267JwTJkwwL1gvKytj4cKFVSbnAri7u/P8889X2sWotnXp0oWHHnqI+fPnExoaiouLyxX7p6enV/ocXfL888/z/PPPV3jGdi33UaQmzp8/T2xsLIC50nFVtm7dqgTWm+xStdVLSaz1pfqqjY0Np0+fJi8vDwcHh1qZMy8vzzz3zbZr1y4yMzMJDg6+oefPzMxk0qRJ7N+/nxdffJFhw4bh7OyMlZUVzZo1Y8eOHQwcOPCGnf92YzAYCAgIwNXVlcjISAIDAzl8+DAbNmzggQceoHPnznUdooiIiIjcQuosgXXnzp0Vkkx9fHzMiZ5OTk74+fmZE1jXr1/P3r17q53A+setCuDKf/QDFBcXc+7cuZqEXyPe3t707NmT+Ph4AA4dOsTcuXOZO3euuc/QoUOZOnUq3bp1u2FxiMjtJTU1lejoaAIDA3Fzc6vrcEREREREREREbkkJCQkkJSXx/vvvc+edd16xr42NDT4+PixZsoTt27fj5uaGwWBg2LBhODg48PnnnxMbG0vz5s3x8/Nj1KhRFBcXV5kUY2VlxZgxY2jfvj1ffPEFsbGxuLi4EBwczKhRo4iPj7/mBFaAHj168OOPP7Jq1SpWr15NfHw8RUVFuLi44OXlxeDBg/H29gYu7oz0+uuv4+7uzs8//0xCQgKFhYW0adMGT09Pnn32WXx8fMzV+Tw8PFi5ciVr1qxh27ZtJCcnAxeLUzzwwAM8+eSTtGjR4ppjry5LS0uaNGmCg4MDDzzwAFZWV37Lw9vbm6effpq1a9eyadMmCgsL8fPz47nnniM4OLhC9ctLanIfRWrq4MGD5gTWK1m/fj0PPfTQZasuyo3xxyqs9aH6KkDLli05ffo0Bw4cAKBFixbXXNyirKyMvLw881wtW7astTirIzc3l9WrV2NjY0NwcDDW1tbAxZ9JDg4OPPPMM7z55pvV3qHzSpKTk0lKSuKtt95i/PjxV/15UR9ZWVlhY2PD0aNHOXPmjLli7R8VFxdTVFSEra3tDa+o265dO/r168ePP/5IamqquVr0gAEDqvx5KiIiIiJyOXXy23lZWRmxsbGcOXPGfGzKlClMmTLlsmNWr15N3759b8lfeDt06MBXX33FW2+9xfLly6vss3z5clJTU/n+++/p2rXrTY5QRG4158+fJyIiguLiYoYPH37Dq1mIiIiIiIiIiNyuwsLCCAsLq3b/J598kieffLLCMQsLC/r06UOfPn2qHFNQUFDl8QYNGjBo0CAGDRpUqc3R0bHKuGoSr9Fo5Omnn+bpp5++Yj+DwcA999zDc889x3PPPXfVeRs2bIivry++vr7ViqMmGjZsyOzZs5k9e/ZV+2ZkZLB69epqL/Bu1KgR/fv35+GHH65RTNW9jyI1tWXLFvbs2cOKFSsYPHhwpfbi4mJeeeUV4uPjOXjwIF26dKmDKP+8/lh1tT5UX4WLuz6WlJRw/PhxDhw4YE4+vV6tWrWqtKPkjVRYWMj06dOJioriqaeeokePHuY2JycnevTowdatW8nJyal2gaMrKS0tBaBt27ZVJrmdK8AAACAASURBVK+WlZVdcfzJkycxmUwVkmnLy8s5derUNcVTXFxc4zFNmzbF3d2dlStXEhsby8iRIyvEYzKZ2LZtGwkJCUycOLHKnUdrU4MGDRgwYACLFy/m66+/5sSJE/j7++Ph4XFDzysiIiIit58bu/TqMrKzs4mOjq7RmEurtqrjf38hX7hwISaT6bKv3bt307FjxxrFU1Nubm7897//paCggE2bNvHpp5/y9NNP07ZtW3OflJSUGt8XEaldRqORH374gR9++KHK1av1RYMGDZgxYwaHDx+mX79+dR2OiIiIiIiIiIjITVVWVsby5ctJT08nJCREC7zlllNcXMyWLVvo3bv3ZRO+mjRpgq+vLykpKWzfvv0mRyhwsfJqfam+ChercLZu3RpnZ2eaNWt2XVU2LSwsaNasGc7OzrRu3fqGVyW9cOECx44dY8GCBQwaNIh///vf9OzZk1deeaXC93BbW1seeughdu3axZNPPklUVBSnT582txcXF7Nz507eeustEhMTq3Vue3t7bGxsWLZsGRkZGZSXl2MymcjNzeXzzz9n/PjxVY7r0KEDDg4OLF++nKSkJMrLyyktLWXfvn288sor/PWvf63RPXB0dMTGxobVq1eTmZmJyWSq9liDwcBDDz2Eu7s7s2bN4rvvvjMXiyopKSEiIoJp06bh6urK4MGDr7kyb014eHjg7+/PN998Q1RUFMHBwdja2t7w84qIiIjI7aVOKrAmJSWxdevWGo2Jj48nJiaG559//qp97733Xnr27El8fDwAM2fOxMLCgsGDB2M0GjEYDFy4cIGjR4+ycuVKtm3bxqeffnpNKwv/94+5xMREunfvXqFS7LRp0ygpKeGBBx6gc+fO+Pr60qdPH1566SWioqIYMGCAue+5c+dqHIOIiIiIiIiIiIiIyJ9JdnY2MTEx+Pn54eXlVdfhiNTYwYMHiY+P56GHHqJ169aX7derVy86depEbGwsDz/88A2vqigV1ZfKq5c0btyY3377jebNm9O8efNan7s2zZgxgxkzZly2/dFHH+Xtt9/mnnvuqdQ2ePBg8vPzCQ8P59FHH73sHEOGDKlWLD169OCRRx5h0aJFREVFVWhr3rw5AwYMICMjo9I4Nzc3Bg8ezIIFCyr9X7jvvvt44oknWLx4cbViAOjYsSOBgYGsWLGiQtXZZ555hunTp9OwYcMrjnd2dmbixIlMnjyZcePGMW7cuErX8s4779C5c+dqx3Q9bG1tCQsLY/Xq1fTp04fAwMCbcl4RERERub3c9AqsZ8+erfCHQatWrYiPj6+yMuqKFSsqjN2yZUu1tlRwcnLi1VdfNf8Rn5aWxnPPPUeLFi2wsLDAYDDQoEED2rdvz/jx4695eweA9u3bV/h4/PjxNGzYEIPBwJgxYzh79izl5eVMnz4dX19fjEajOQYLC4sKyatt27YlKCjommMREREREREREREREbndmUwm1qxZQ1JSEkOHDsXe3r6uQxKpsS1btpCSkkK/fv2uWCnRycmJnj17sn79etLT029ihFIfWVlZceedd2JtbV1h+/hrZTAYsLa25s4777zhFVibN29OQEAAkyZNIi4ujn/9619VJq/Cxet84YUXWL9+PW+88QZdu3Y1t3Xv3p033niD6OhoPD09q3Xuxo0b8+677zJ9+nRcXFwA6Nq1K2+99RaxsbE89dRTVY5r2LAh77zzToVxnp6efPjhh6xatYq+ffvW5BZga2vL+++/z0svvUSbNm0AcHFxoVWrVtWqpmswGBg0aBCrVq1i7Nix5phcXFwYO3YskZGRDBs2rFb+b1SXjY0NNjY2hISEcNddd92084qIiIjI7cOwdOlSk6ura4WD3bp1q9GWBX9kN2UJAPnhj1TZ/uuvvxIWFkZKSgoAI0aMYOHChdx5552V+h46dIjHH3/cXK21VatWrFq1Ck9PT9LS0njkkUfYs2cPAO+99x5Tpkwxjy0tLWXx4sVMmDCBgoKCK8YcEhLC4sWLsbOz4+zZs/zlL39h/vz5ldqqcvToUUaOHMmGDRsqtY0ePZo5c+bw4YcfMnXq1CvGYDQa+eSTT3j00Ueva7sP+XP636+7S3+Y1vTruLrjLvW72teWiEh1/Pzzzzz88MN1HYaIiIhIvbJ06VItchURuU6Xq0ynZ1siciOtX7+esLCwug5D6qGIiAj69+9f12GI1JqSkhLefPNNEhMT+eqrr3Bzc6vrkERERERuK1fbdeF688N+++03AHbv3n0N0V2/bt26AXVQgfXSit&quot;
08-31-2019 13:00:17 Wire.java DEBUG [Forwarding screenshot on session 57f77c2899285a2b963db09b270c4ab3 to remote] http.wire 87 - http-outgoing-5 &lt;&lt; &quot;JLevfuXWXyKlxMWO3Zs6f54+PHjxMbG1utm25lZcXTTz9NSkoK8+fPZ/DgwbRt29bc3rFjRx599FHmzZvHggULMBqN13Q999xzD19//TWTJ0/mvvvuqzD/Pffcg6WlJa+99hqrV6/mmWeeqdDHaDQSEhLCBx98wK5du3j88ceVvCoiIiIiIiIiIiIiIiIiIvXajh07WLlyJf369aNdu3Z1HY6IiIiI3KJu7F4QVRg9ejSjR4+uVl9ra2tmz57N7NmzK7V17NixWtm/9vb2jBo1ilGjRlXrnI0aNWLevHnMmzevWv0B2rRpQ3h4OOHh4VW2W1tb8+CDD/Lggw9We04REREREREREREREREREZH65vz586xbtw6AAQMG0KBBgzqOSERERERuVSr3KSIiIiIiIiIiIiIiIiIiItXy66+/8uOPPxIaGsr9999f1+GIiIiIyC3spldgFRERERERERERERERERERkVvT/fffT0pKSl2HISIiIiK3ASWwioiISJ1bunRpXYcgIiIiIiIiIiIiIiIiIiIiIjeRRV0HICIiIiIiIiIiIiIiIiIiIiIiIiIify6qwCoiIiJ17uGHH67rEERERETqFVWoFxEREbk1OTk5ERERUddhSD3k5ORU1yGIiIiIiIjUO0pgFREREREREREREREREakFLi4uuLi41HUYIrXq2NFjdR3CVd19z911HYKIiIiIiFwDi7oOQERERERERERERERERERERERERERE/lxUgVVERERERERERERERESkFmRkZHDw4MG6DkOk2pycnKpdNfj1cX+7wdHU3KxP/l7XIYiIiIiIyHVQAquIiIiIiIiIiIiIiIhILTh48CBhYWF1HYZItUVERFQ7gVVERERERKS2WdR1ACIiIiIiIiIiIiIiIiIiIiIiIiIi8udywyqw2k1ZcqOmFhERERERERERERERERERERERERGRW5gqsIqIiIiIiIiIiIiIiIiIiIiIiIiIyE1V6xVY88Mfqe0pRURERERERERERERERERERERERETkNqIKrCIiIiIiIiIiIiIiIiIiIiIiIiIiclMpgVVERERERERERERERERERERERERERG4qJbCKiIiIiIiIiIiIyJ9WREQERqORt99+mwsXLly1/7fffovRaOSrr74CICMjg759+9K3b18yMjJudLgiItflyJEjjBo1Cjs7OwwGA48//jiFhYU3/LxpaWl069aN8PDwG34uqV8Ghobwf9Mm8+3SL1m5bhnrNqxi3YZV/BS9gqUrvuPd6VNx69yxrsMUEREREZE6YlXbE9pNWVLbU4pINeWHP1LXIdyWIiIiGD16NPPnzycsLKyuwxERERERERERkVrk5eWFp6cnCQkJHD9+nLZt2162b1FREXFxcbi6utKrV6+bGKWI3I7y8/N54okniIyMrHC8Y8eO3HffffTv359BgwZhb29fK+fLycnhpZdeYs2aNeZjBQUFlJeX18r89dmle52Tk8OSJUvo2FEJkzfL0BFDcGzbptJxCwsLmjVrSk/vHnR2d+Orhd+wZuXaOohQRERERETqkiqwikitOHfuHBMmTMBoNF71NXPmzLoOt0ozZ86s1/GJiIiIiIiIiEjtu+uuu+jevTtJSUkkJydfsW9GRgYbN26kd+/eODk5AeDi4sKmTZvYtGkTLi4uNyNkEbnNpaWl8f333/PCCy/QqVMnvv76a0pLS6973ujoaNasWcO8efMoKSnBZDKxbt067OzsaiHqaxMeHk63bt1IS0ursxjqu5CQEAwGQ7VeISEhdR3uNWnatClhjw5XJVYRERERkT+hWq/AeokqQYrcPKp8LCIiIiIiIiIicm0aNGhASEgI8+fPZ8OGDQQFBdGwYcNK/UwmE1u3buXEiRP069evyj4iItciJCSExYsXmxNJz549S2ZmJt9++y0LFixg3Lhx5Ofn89prr2FpaXlN5zCZTOzfvx9/f38GDRpEo0aNavMS6j07OzvWrVtX12Fck9dff52oqKhq961vTCYTuSdy2bJpKxtjNpGeup8ePT159MlH6NzFDYPBAIBdCyOe3e8jdZ+SmUVERERE/kxUgVVEapW7uzsJCQkUFBRc9jVx4sS6DrNKEydOrNfxiYiIiIiIiIjIjdGpUyf8/PzYunUrBw8erLLPb7/9xvbt2/H09KRr167m4wUFBYwYMYIRI0ZQUFBQaVxJSQnffvstQ4cOxWg04ujoSFhYGOvXr69UUXHu3LkYjUbWrq28hfKlto0bN1Y4fuHCBd5++206derE7t27r+XyRaSeadSoEe7u7vz9738nKiqKzp078/HHH7Nr165rnvPcuXPk5OTQoEEDGjRoUIvRyo0WHBxMcHBwrfW72UY/+zJPPfo8n3+2iPTU/QDsiE/ip1VrOXf2nLmfwWC45gRtERERERG5dSmBVURERERERERERET+1Fq0aIGXlxfp6ekkJiZW2SctLY2NGzfi5eVFq1atqjVvZmYmI0eO5NVXXyU2NhaAoqIioqOjefjhh/n0008rJLHef//92NjYkJycjMlkMh8vKioiOTkZgM2bN1NWVmZuO3PmDOnp6bi7u9OmTZsaX7uI1G+enp5MmjSJgoICvvvuOy5cuFChvbi4mLlz5+Lv74/BYMDOzo7nnnuOPXv2mL+P5OfnM3ToUObPn09kZCQtWrQwbzkfFxcHwPLlyxkyZAhOTk7mNm9vb/7+979z8uTJCufMz89nwIABjBkzhrNnz1aKOTw8nG7dupGWdvlKmpfmmDp1Knv27MHNzc183gEDBpCfn3/ZsWVlZUydOpVmzZqZ4/9f0dHRNGvWjEWLFgEXq9qOGTOmyrnLy8vZsGEDDz/8MHZ2dhgMBvr378+yZcs4f/68uV9aWhrdunVjwoQJFT4P58+f57XXXiMoKIjjx49XmHvOnDncfffdJCUlXfZ6qqM6lVXrY/XVK7GytIL/V30VoLS0lFOnfqvDiEREREREpC4ogVVE6tQfK1QcO3aMFStWEBYWhqOjI87OzowbN459+/YBkJ2dzYcffoi/vz9GoxEvLy8++ugjCgsLK82blZXFzJkzGTFiBM7OzhiNRpydnXnsscdYtmwZ586dqzQmIiICo9FIRETEDb9uERERERERERGpPywtLQkICMDGxoa4uDiKiooqtJeVlRETEwNcrHBnbW191TlPnTrF+++/z44dO3jzzTdJTU0lPz+f3NxcoqOj6devH7NmzaqQfNW2bVu6detGSkoKZ86cMR8/dOiQObF2586d5OXlmdtycnI4ePAgXbt2xdbW9rrug4jUTz4+Pvj4+LBr164KX/8nTpzg2WefZezYseYk+YKCAr788kuGDBnCpk2bqn2OvXv3snLlSg4dOmQ+tn37diZNmsTo0aMrJbHWJUtLS0JDQ7GxsSEyMrJCUj9cTChduXIlnTt3JiAg4IpzlZaWMmvWLIYMGUJERIS5knZ0dDQjRozgo48+Mi80uPvuu+natSspKSmcPn3aPMexY8eIj48nPj7e/H4GXKx6m5GRgYeHB23btr2ua75addX6Wn31cho1boR/YF8aNvz/qwHnncwnace1VxkWEREREZFbkxJYRaRe2LVrFyEhITz77LNER0dTVFREYWEhixcv5rXXXuPtt9/Gz8+P6dOnm6tNZGRk8N577/H3v/+9UkJqUlISM2bMICYmxpzgWlhYSGRkJC+++CJTpkyhpKTkpl+niIiIiIiIiIjUTx07dsTf35+NGzeSkZFRoS0vL4+EhAQ8PT1xc3Or1nzbtm1jxYoVvPrqq7zxxhvY29tjMBiwsrLivvvu47333uPuu+8mKirKXMmvefPmdOzYkaysLHJzc81z7dixAzs7O8LDw0lKSiI1NdXcdvjwYTIzM3Fzc9PWyyK3qSZNmtC2bVsKCwvNye2lpaV8/PHHrFu3jpkzZ1JQUIDJZOL3338nISGBjh078s9//pPCwkLs7OxYvnw5o0ePJiQkhLy8PEwmEyaTCR8fHwCmTJliPmYymSgvLyc7O5vx48ezfPlytm3bVqvXZGdnx7p163jvvffw8PAgNTXVfO5169ZhZ2d3xfFdunQhJC&quot;
08-31-2019 13:00:17 Wire.java DEBUG [Forwarding screenshot on session 57f77c2899285a2b963db09b270c4ab3 to remote] http.wire 87 - http-outgoing-5 &lt;&lt; &quot;SE6OhosrOzK7RdSigNCAjA0dHxivPExMQQHh5OaGgo6enplJWVma/9jTfe4J///Cc7d+4EoGnTpnTq1InMzEyOHTtmnuOXX37h8OHD3H333cTGxpoTai9VyL7vvvto3rz5tdymCq5UYfVWqr7au483Mz+aQbf7PTD8vwqsRUXFLP9hBUezj9ZxdCIiIiIicrMpgVVEatXevXvx8vLCaDRe9jVz5sxK4woLC7G3t+fLL78kOzubgoICUlJSePzxx0lKSmLu3Ll4eXmxZs0acnNzycvLIyoqCk9PT2JiYsjMzKwwn7W1NZMmTSIuLo6cnBwKCgrIzc1lx44dDB8+nEWLFplXpIuIiIiIiIiIiNja2uLt7c2JEyfYunWreettgJSUFGJjY/Hx8cHe3v6qc5WVlZGYmIizszMDBw7EysqqUp9WrVrRunVrMjMzzQutGzRoQJcuXdi7d685IauoqIj4+Hg8PT0ZMGAAnTt3ZuvWreYEqdTUVJydnencuXNt3AYRuUUcOXKE6Ohoxo0bx/jx480JklZWVvTo0YPRo0ezfv160tLSrml+g8HAPffcw7PPPkuHDh04depUbYZ/3Zo0acKgQYPYunUrSUlJFdpiYmLYt28fgYGBV0zsP3/+PGvWrKF79+7MnDmTDh06YGFhYb72sWPH4ujoSHR0tHlM9+7d2b9/PwcPHgTgwoULbNy4kaeffppnn32WHTt2mItqHD9+nEOHDtGlS5daWWBwuSqrt0r1Va9ePfj394uY8u4kXDo4YzAYMJlMHD92nAVzF7Fm5dq6DlFEREREROqAElhFpF7w9vbmm2++YciQITRu3BgABwcHRowYAcArr7zCV199hbe3N1ZWVlhYWODp6UlISAiZmZmkp6dXmG/IkCFMnDiRTp06mbd0s7KywtnZmWeffRagQqUKERERERERERGRvn374uzszPbt2/ntt9+Ai8lJP//8Mw4ODgQEBJirxV3J77//TmFhIZmZmfTp06fKRd4uLi7ExMRQWlpKeXm5eWy3bt1wcHAgMTERk8lEdnY2u3btwtfXlzZt2uDp6UlCQgJ5eXkUFRWRnp5Oly5daNOmzQ27LyJS/1yqMjp9+nTuuOMODAZDhdfw4cM5c+ZMhWrOV2IymTh48CCffPIJjz32GEFBQTg5OeHh4cH+/fs5dOjQDb6imvP09KR3796sWrWK4uJi4GLV09jYWPr378/9999/xfFFRUWkpaWxYcMGWrduXeketm/fnvj4eE6ePGmulO3q6krv3r3ZuXPnxeTL48fN1V779etHSkqKOWk4JSUFgHvvvbfWrrmqSqu3SvXVps1saNq0qfnn6KlTv/Hlgn8z9sXXiPzp5zqOTkRERERE6krlZd8iItfB3d2dL774AhcXlxqNa9SoEQ0bNqzyOMAdd9xRqVKFwWCgbdu2wMXtkv7XuXPnSExMJCEhgV27dnH69Gn27t1rXv1c1RgREREREREREfnzateuHT179mTlypWkpaXRs2dPjh8/TkJCAj179qzxM69r0aZNG9zd3cnMzKS4uJjExERsbW1xd3fH2toaX19fvvnmG1JTU2nfvj0HDhzAx8eHJk2a3PDYRKRuFBcXc+jQIVq2bInRaAQwVwC9mjNnzly1T2lpKXPmzCE8PLxa/euL1q1bExgYyPfff09mZiZdu3YlJSWF9evXEx4ebq5Kezl5eXnk5ORc9TwlJSXmqtf29vbce++9/Prrr5w+fZr09HSsra3p0qULjRo14v7772fDhg14e3uTkpKCq6trrS4wuFRtNSoqqsLHt6LTv51m6X9+qOswRERERESkjqkCq4jcEgoLC/n999+r3T8xMZEHH3yQwYMH8/7777NmzRo2b95sTl4VERERERERERH5X40bN8bPz4+ioiJiYmIoKysjOTmZpKQk/P39adasWbXmsbCwoFGjRnTu3Jn4+HgKCgou+/rhhx/MCWkATZs2xdXVlbS0NA4cOMD27dvx9PTEwcEBuLiAvHPnzmzdupVjx46xb98+unfvXivbU4tI/bRz507i4uLw9vY2f7+4lBQ5e/ZsTCbTZV9PPPHEVeePjY0lPDwcNzc3IiIiOHLkCKdOnaK8vJzU1FQ8PDyqHFdSUlKnhSIsLS0JDQ2lqKiI9evXU15eTlRUFI6OjgQEBFx1vNFopGXLlowYMYJTp05d9h7OmzfPXGyjUaNGdOzYkf3793P06FFzsqqDgwO2trb4+voSFxfHoUOHyMrKomvXrtX+2VFdf6y4eqtUXxUREREREbkcJbCKyG0nMzOTSZMmsX//fl588UXWrl1Leno6WVlZ5OXlsXbt2roOUURERERERERE6ikvLy88PT1JSEjgyJEjbNiwAVdXV3r16lXtOaytrenVqxf79u1j27ZtmEymGo3t1q0bu3fvZvPmzSQnJ+Pr64u1tTUADg4O5vg2bdqEk5MTHTp0qPF1isitISkpialTp9K6dWtGjBhhTlZ3cHDAw8OjVgo3JCcnc+bMGaZNm8aIESNo3bo1d955p3mr9//VuHFjnJycOH78OOfOnavQZjKZzNVKq6u8vLxG3yf/qEuXLoSEhPDzzz+zd+9eYmNjCQgIwNHR8apjbWxscHZ2Ji4ujrS0tGqf08vLi6ysLLZt28a2bdvo1asXlpaWGAwGfH19SUlJYdOmTWRmZprbatOlqqu3WvXV6KgNDH3wYQb0G8SAfoMY9czYug5JRERERETqASWwisht51JVjFdffZVp06bRs2dPWrRoga2tLRYW+rYnIiIiIiIiIiKXd9ddd9G9e3diY2NZsWIFW7dupXv37tVKhvojb29vQkNDmTx5Mu+88w4HDhwwVyosLS3l2LFjLFmyhGnTplVKAOvcuTPOzs588sknNG7cGHd3d3ObtbU1vr6+JCUlsXDhQtq3b4+9vf31X7iI1Btnz54lIyOD9957j+DgYPbt28fkyZO59957zX2cnJzo378/y5cv5+WXX+aXX34xf485e/YsycnJvP3222zfvv2q57v0PWTjxo2cPn0agAsXLpCcnMwHH3xAVlZWhf7W1tYYjUbi4+P58ccfOXv2LOXl5WRlZfHmm28ye/bsal+rjY0Nv/zyC8uXL+f8+fPVHndJkyZNGDRoEHFxccycOZP4+HgCAwOrlTTaqFEjBg4cSFFREaNGjWLVqlUUFxcDF79PZ2dn8/nnn/PPf/6zwrh27drh6enJwoUL+f333ytUqP3/2Lv3uJzv/4/jj0vppNLBmZQ5zZminJlDDjmMjc1m5mubw4zvvswODmMObcPY9p2vw5zGNmfGYtXELCHCEL5R5DCHKFFKqa7fH35d312rqJiY5/1263bT5/M+vN7vz6eLLq/r9alevTqenp5MnjyZa9eu4eHhUeA15cfo0aMfu+qr/xozksDtP5q+An7ewIB/3LtCsIiIiIiI/L0pk0tE/nay36Rzd3fH0tIyx/mCfvpbRERERERERESeHNbW1rRu3RqAjz76iBMnTtCpUyfs7OwKNE6pUqWYOHEiTZo04auvvsLLy4syZcrg4uJCmTJlqFu3LsOGDSM+Pj5HXzc3N+rUqcPly5fx8vKibNmyZufr1q1L7dq1uXLlCnXr1sXBwaHwCxaRIhcUFESpUqUwGAwYDAbs7OyoXr06EydOpHTp0syfP5++ffuaVUS1trZmzJgx9OnThxUrVlC/fn2KFy9u6t+gQQP8/f3z9X54ixYtaNGiBf7+/qbKq9bW1jRo0ICoqCjs7e3N2ltYWODn54eLiwuDBw/Gzs4OCwsLqlatyo8//ki1atXyvfZWrVrh7u7O2LFjsbGxwWAw0Llz51xfG/PSqFEjateuzbfffkuHDh3w9PTMd18/Pz8mTJjAqVOn6NGjB/b29hgMBooXL46bmxtDhgwxJfVmc3FxoXbt2uzZswdvb2/Kly9vOufk5ETLli05deoUderUwd3dPd+xFMTjVn1VREREREQkL0WSwBofH0/nzp1Nv4gbDAbatWvH77//nmv7o0ePUrt2bbP2Q4cOJTU19SFHLiKPgzJlymBvb8+6deuIjo42PX4oLi6OBQsW8Pbbbxd1iCIiIi&quot;
08-31-2019 13:00:17 Wire.java DEBUG [Forwarding screenshot on session 57f77c2899285a2b963db09b270c4ab3 to remote] http.wire 87 - http-outgoing-5 &lt;&lt; &quot;IiIiIi8gjz9PSkTZs2AHh5eVG/fv1CjVO1alWWL1/OwoUL6dmzJ87OzsCdBNVnn32WBQsW8MEHH2BjY2PWr0SJElStWhWAli1bYmVlZXa+bNmyeHl5AdC4ceM8H/MtIo+nmjVr8uyzzzJ//nzCwsLo169frsUaypYtyzfffMPq1avp1q0bLi4uwJ2EzpEjR7Jz5058fHzuOZ+HhwcrVqzgjTfewMXFBRcXF/r06cO2bdtYuHBhrlWemzdvzjfffEO3bt1MMX/88ceEhobSq1evfK/Vy8uLxYsX0759e+BOYYqqVatSvHjxfI9RuXJlUzKnn5+f6bU2PywtLRk9ejS//PILr7/+OjVr1jTF0bdvX1asWME///lPsz42Njamvxfatm1r9hptMBho2bIl5cuXp0GDBjg6OuY7FhERERERkSdRzt92i8j27dsJDAzktddeMzuemZnJqlWrOH78seNwgAAAIABJREFUeBFFJiIFERkZibe3913bfPDBB4wZM+Yvi6FJkya88MILLFq0iODgYLNzzs7OdO7cmejo6L9sfhERERERERERebyVLVuWDRs25Kuti4sLa9euzfO8nZ0dvXv3pnfv3vme38LCggkTJjBhwoRcz1tZWTFt2jSmTZuW7zFF5NHj6upKYGDgfY1ha2tLnz596NOnzz3bzZs3L8/zbm5uLFiwgAULFuQ499tvv+U4ZjAYaNOmjSnZ/49ye/2qWbNmnuO0a9eOdu3a3TX+u7GwsGDy5MlMnjw5zzZ3W3+xYsXw9PTk66+/zvecQ4YMYciQIbme8/b25sKFC/ke60kxe8aXzJ7xZVGHISIiIiIij5giqcCal82bN3Pt2jWzY2fPns2RgCYicjd2dnZ89NFH+Pv7mx5VVL9+fcaOHcuOHTsYMGBAEUcoIiIiIiIiIiIiIiIiIiIiIiLyZHtkKrACbNiwgf79+5s+iW40Gtm0aRPh4eFFHJmI3IuNjQ2zZs1i1qxZBep3rwoVPj4+JCQk5Hk+r0+W29nZMXToUIYOHZrjXKVKlXIdM6+x8vPpdREREREREREREREREREREREREcm/R6oCK8CPP/7IzZs3Abh06RIBAQEF6n/z5k1WrlzJCy+8gIeHBwaDAVdXV7p37873339vGvvP4uPjWbBgAT179jT1MxgMNGvWjLFjx/LLL7+Qmpp6X31OnTrFv//9b/r164enp6epvaOjI61bt2bChAkcP34co9GY59q+//57OnToYFpX3759Wb9+PQMGDDCN17lzZ+Lj4x/Y3pw9e5bp06fTuXNnXF1dTTF36NCBKVOmsG/fPjIyMvJ7iURERERERERERERERERERERERETkCfdIVGAtX748jo6OREVFsW7dOvr370/79u3Ztm0bW7duBcDPz4/NmzffdZwDBw4wcuRIwsLCzI4nJCQQEBBAQEAAfn5+zJkzB3d3d9P5X3/9lcGDBxMVFZVjzD179rBnzx4+/vhjdu7cSYsWLQrdZ/fu3YwcOTJH+6SkJEJDQwkNDeWLL75g3rx59OvXD4PBYGpz+fJlhgwZwsaNG83WtWbNGtasWXPXfSns3hiNRlatWsXw4cNzVKtMSkoiJCSEkJAQ1q1bx6pVq6hZs+Y94xAREREREREREREREREREREREREReSQqsNavX5+3334buJMYuWnTJi5evMi6deuAO48Qv9fju48fP86bb76ZI0HzzzZv3szMmTNNlVFjY2MZO3ZsromoeSlMn/xKSkpi+vTpnDhxwnQsNTWVqVOnmiWvFkRh92b//v28//77d318u4iIiIiIiIiIiIiIiIiIiIiIiIhIQT0SCawALVu2pEOHDgBs3LiR+fPnm6qv+vr6UqVKlTz7ZmZmsmLFCsLDwwFwd3dn+fLlpKSkkJWVxenTp+nZs6epfVBQECdPngTg8OHDZomd8+bN4/bt2xiNRjIzM4mLiyMgIMAsgbYwfQAsLCwYPnw4oaGhpKSkYDQaycrK4urVq0ycONHU7tChQ5w9e9b0/YEDB/jmm29M37u4uLBo0SKSk5MxGo2cOXOG9u3bP/C9CQ0N5cyZM6ZzW7ZsITMzE6PRyO3btzl37hzfffcdtWrVyvPaiIiIiIiIiIiIiIiIiIiIiIiIiIj8mWVRB5CtXLlydOnSha1bt3LmzBk++ugj4E7CZY8ePUhLS8uz7+XLlwkNDTV937NnT/r06YO1tTUAHh4eDB8+3FTB9OTJk8TGxlK/fn2cnJzMxho7dixhYWG0adOGp59+mqeffpquXbvi5+dnalOYPgAvvvgizz//PIcPH2bhwoXs2rWLq1evcvLkSbNEUYC4uDjTn/fu3UtSUpLp+6FDhzJgwAAsLe9cvhIlSpj+/CD3xtXV1WysYcOG0bVrV1q2bEn16tWpUaMGL730Ei+99FKuc4uIiIiIiIiIiIiIiDxJPDw8WLNmTVGHIZJvHh4e+W772b8/+QsjERERERGRJ9Ejk8BqMBjo1KkTCxcu5Pjx46bjPXv2pF69ekREROTZNykpiWvXrpm+//LLL/nyyy/vOl92QmitWrXo1asXGzZsACAhIYHly5ezfPlyU9tWrVoxadIknnnmGQwGQ6H6AOzZs4eRI0eyb9++/G4LAMnJyWbf+/j45Jmwmts6C7s3zZo1w8fHx1S99cyZM8ydO5e5c+ea2vbq1YsPP/yQhg0b5iseERERERERERERERGRv6tq1apRrVq1og5DRERERERE5LHwyCSwwp1f6jt27GhKYHVwcKBHjx6maqF/hdKlS/Of//yHUqVKsXLlSrNKp9lCQ0N59tlnWbt2Lb6+voXqExsbyzvvvGNKXvX19eVf//oXjRo1wtHRkfXr19O/f/98xWxra3t/i86n6tWrs3TpUsaOHWtK1v2zDRs28N///peVK1dSv379hxKXiIiIiIiIiIiIiIjIoyg6OprY2NiiDkPkiXPs+LEim9vDw0OJ6yIiIiIihfRIJbBaW1vz8ssvs2bNGi5evEiHDh3w9PS8Zz8bGxtKlChh+n7gwIF89dVXZsfuply5cixYsIDZs2dz7NgxDh8+zIEDBwgJCSEqKgq4U5U0MDCQtm3bYmVlVeA+4eHhhIWFmeZ855136NixY77i+3O11VOnTuWrH9z/3jz99NOsX7+ea9euERkZyZEjR9i7dy+//PILZ86cAeD48eOEhIQogVVERERERERERERERJ5osbGx9OnTp6jDEJGHaM2aNUpgFREREREppGJFHcCfeXt7c+HCBYxGI+vXr8fZ2fmefcqVK0fjxo1N369bt45JkyYRExNDRkYGAFlZWVy5coVNmzbRvXt3UzLpihUrGDZsGMHBwaSkpODl5cVrr73GnDlzWLFiBbVq1TKNm5aWRlZWVqH6ZMeRbd++faSmpmI0Gvn999+JiIjIc31/XBvAkiVL2LNnj2ncqKgoLl269MD3Ztq0aYwbN870fcuWLXnzzTdZsmQJ8+fPN5vn1q1becYvIiIiIiIiIiIiIiIiIiIiIiIiIvJHj1QF1sKytrZm6NChhIeHEx4eTlJSEjNnzmTmzJl59nn//feBO8mb8+bNY968eXedw8HBAV9fX2xsbArVp1y5cjg4OJCUlATAuHHjGDduXL7WV7duXTp06MDWrVsBCA8Pp1mzZvnqe7974+/vj7+//13ncHd3z3c1WRERERERERERERERERERERERERGRR64Ca2HVqlWL//znP7Ro0eKBj+3g4MD48ePp3Llzofs0bdqUV155Jc/25cuXv+u5CRMmULNmzfwH/Qd/5d64uLjg7++Pp6fnAx9bRERERERERERERERERERERERERP6e/hYVWLN5enry888/ExoayooVKzh06BAHDx4E7iRaNmnShBYtWtC5c2caNWoEQO/evdm+fTsbNmxg79697NmzB7iTgNqwYUPatGnDSy+9xNNPP43BYCh0nxIlSjB9+nTq1q3LN998Q3h4OAD16tVj7NixpKWlMXDgwDzX1rp1awIDA/n3v//N5s2biYqKombNmvj5+fHCCy8wbtw4U4VWNzc3bG1t73tv/vnPf+Lp6cnatWtzbd+uXTtefPFFKl&quot;
08-31-2019 13:00:17 Wire.java DEBUG [Forwarding screenshot on session 57f77c2899285a2b963db09b270c4ab3 to remote] http.wire 87 - http-outgoing-5 &lt;&lt; &quot;eufJ9XTkREnnSrV68u6hBERERERERERERERERERERE5CEqkgRWV1dXAgMDC9SnRYsWGI3Ge7aztbXF19cXX1/ffI1ra2tL27Ztadu2bb5jKUwfuJPEOmzYMIYNG5br+VdffTXPvt999x2bN29m8ODBfPjhh5QsWRKj0UhCQgJLliwxJcQCuLu750hgzY67IHvj6OiIn58ffn5++WovIiIiIiIiIiIiIiIiIiIiIiIiIpIff6sKrH93K1asYMWKFXdtU6tWLXr06GGq/CoiIvI46Nu3b1GHICIiIvJIUYV6ERERERGRJ8v169c5e/YsAJUrV6ZkyZKF6n/jxg3gTrGiwowjIiIiIvIwFSvqAOTBcXd3Z+rUqdSrV6+oQxERERERERERERGRR1x4eDguLi7MmDGjqEN5LERHR9O6dWtGjRrFrVu3ijockXybMmUKDRs2JCoqqqhDeeLpWuSkPfmfs2fPmgoaZSeyFqb/p59+yqefflrocUREREREHiZVYH1MeHp6MnHiRCIiIoiOjjb9Eufi4kLz5s1p3749vXv3pnLlykUcqYiIiIiIiIiIiMjjKS0tjZ07d/Ldd9+xf/9+zp07B0Djxo3x8vLCz8+Pxo0bY2NjU8SRPhrOnz/PypUrCQ4OJiIiAgA3Nzfq1q1L+/bt6dSpExUqVNATw0Tu4ezZsyxbtoz169dz8OBBAGrWrEmjRo1o27YtXbt2pVKlSk/Mz9LNmzfZuHEjy5cvJywsjKSkJFxcXGjSpAktWrSgc+fONGrUCEvLJ+e/OXWPPBlu3LhBZGQk6ZnXadGhMo5XbhB/ASwsSlLBw4OSJUtimZVFMaPRrF925dUDh8M4cyWMM3FHiL/4vzFFRERERB5lT85vdo+5WrVqMWnSpKIOQ0RERERERERERORv6dy5c4wbN46AgIAc5yIiIoiIiGD+/Pk0btyY+fPnU6VKlSKI8tGQkZHBmjVrGD9+PNeuXTM7d+7cOc6dO8dPP/3EO++8w6RJkxg5cmQRRSryaDMajWzYsIFRo0Zx5swZs3NRUVFERUWxcuVKOnXqxHfffYerq2sRRVowU6ZMYd26daxatYqaNWsWqO/Jkyd56623CA4ONjuekJBAUFAQQUFBfPjhh+zcuZMWLVo8yLAfSX/Xe+Rh69SpU457Ki++vr4EBQX9xRHdXUrGWWKTVnDt6BZ2BYCdbQO6DRxIvTJlcEhLwyoz06x9duXVM1fCqNTgLA4esPvHIgpeRERERKSAlMAqIiIiIiIiIiIiIk+0xMREPvzwQwICAnjuued4++23qV69OlZWVmRkZBAXF8fmzZv55ptvuHXrFpl/Shx50gQHB/Pee+/h7OzM5MmT6dKlC87OzhgMBm7evMmRI0dYtmwZAQEBpKWlFXW4Io+sEydOMHnyZGxsbFi+fDndu3enZMmSAKSmpnLp0iV27tzJ3r17izjShyM1NZXPPvuM3bt389577zF8+HAqVqxIsWLFyMjIID4+nkOHDrFp0yYsLCyKOtyHQvfIgzF69Oh8J7COHj36L47m3jKzUklLv0DyrcskpKZzJTmTA4ee5vr16zikp2NtYQEODncaJyURdWw//z0TRpp1FA2rOOCY4spvDklFuwgRERERkXxSAquIiIiIiIiIiIiIPNGio6MJCQmhS5cu+Pv7U7p0adM5S0tLKlSowBtvvMHLL7/MqlWrnuhHNKelpbF9+3aSk5P57LPP6NOnj9n5EiVK0LRpU3x8fBgyZAi//fZbEUUq8uiLiIjg0KFDzJs3j/79+5uds7W1pUqVKlSpUoVXXnmliCJ8uM6ePcuePXt49tlnGTduHA7ZCXrceS0uW7Ysvr6++Pr6FmGUD5fukQcj+765VxLro3J/WeOAKzVwK28H3eOJiUlmd/D3BF22wjIrCwsXF6hR407jEyewTD+FTaWzeFRzwMG1BvEpACeKcgkiIiIiIvlWrKgDEBEREREREREREREpSufOnSM5OZmyZcuaJUz9mZ2dHf/4xz+oWrWq6VhmZia//vorY8aMwdfXFxcXF1xcXPD29uaf//wn+/fvx2g0mtqfOXOGjh070qtXLy5fvpzrPJcvX6ZXr1507NgxxyOjU1JS+Pbbb+nVqxcuLi5UrlyZPn36sHXrVjIyMnId7+rVq3z++ee0bdvWFNv48eM5fvx4QbYJuFPx79y5cwBUrlw5z3YGg4EGDRrw6quv5jhnNBqJjIzk/fffp0GDBqaYpk6dyqVLl3K0v3LlCnPnzuXll182ta9cuTK9evXi66+/5saNGzn6REdH07p1a0aNGkVKSgqhoaG88sorVK5cmcqVKxMREWFqm5WVRWhoqOnauri40LZtWz744APCw8Nz3de0tDRCQkJMY1atWpW3336b33//Pdf9KOia4c4j07/++mu6d+9uuq98fX3x9/fn+PHjZGVl5bn/8nixtbUtcJ+srCy2b99O3759cXV1xWAw0KFDB9atW5fvysdGo5FDhw7x+uuv4+HhgcFgoGnTpsydO5ebN2/mq72npydTp04lNjaWq1ev0rlzZz788EMOHTrE008/jcFgwGAw0LlzZ+Lj4/MVl7W1dYEqrCYnJ+Pv70/r1q1xdHTEYDDg6upK9+7dc+xHSEgIjo6OTJ061ey1OdvFixfp2LEj//jHP8z24ObNm8ydO5e2bduaxh80aBCHDh3KdZzs9k2bNsVgMPD0008zdepUTp8+ne91/VFh7pGCxLxr1y769etnds08PT0ZPXo0sbGxOcaeMmUKDRs2JCoqigMHDtC3b18cHR1p3Lgx0dHRwL3vlz/HkH1P9+rVC0dHRzw8PBg/fjwJCQkFXntu8lNZ9WFVX03OyiImPZ0DV66w59AhwsLCCAsL48iRI1y/fh2wAlxxcHKjRsOqeNRyIj3zPFfi9pGctIvk1L3Epx4nPvU4yal7sbA+RsVqt6lUwwlb+7KA6/+PISIiIiLy6FMFVhERERERERERERF5orm5uWFvb09ERARnz56lRnZVs3y4ffs2P/zwA0uXLjU7Hh0dTXR0NBs2bGDWrFk899xzGAwGKlWqRLt27ZgxYwYHDhygS5cuOcY8fvw4O3bsYMyYMVSqVMl0PCYmhnfffZft27ebjiUnJxMSEkJISAgTJ05k+PDhWFr+763/6OhoRowYQXh4eI7YCsPW1hY3NzcAQkND8fLyMpvvXjIyMliyZAlTpkwhOTnZLKZZs2axY8cO5syZY3YNTp06xbhx48zGSU5OZseOHaav2bNnm1XOzXbx4kUmTJjAkiVLzI5nZmYCdxKCp06dyrx588zOHz58mMOHDxMWFsbixYupVq2a6dzZs2cZPnw4W7ZsMeuzbNkyoqKimD9/vllyb2HWnNt1gzvVGCMiIjhw4AALFizAxcUlx5rl8eHh4YGDgwOrV6+mZcuWPPXUU/nql5GRwezZs5kyZQpJSf97THj2a8Enn3zC6NGj7/qzaTQaWbVqFcOHDzdLEAwPDyc8PJzIyEimT59OiRIl7tr+4MGDHDx4kPPnzzNhwoSCboEZV1dXypcvz88//8z27dvp0qULxYrduxZPWloav/76K6GhoaZjCQkJBAQEEBAQwPTp0xk1ahQWFhZ4enrSoUMHduzYwWuvvUb58uXNxtq9ezdbt25l3bp1prVfvnyZESNGsGbNGrPxlyxZwrZt2/jmm29o06aN6dzly5cZMmQIGzduNB2Liooy7U+DBg3yvSeFvUcKGvPp06dZuXKl2RjZ1zYsLIzly5dTvXp1s/MpKSlMnDiRLVu2mO7DjIwMMjMz83W/zJ4925SYGxcXx+uvv86uXbtMbZOSkpg2bRrXr19n+vTphUri/aN7VWF9mNVXL2dkEJyUxJGjR4kPCCD1xJ1qqdevX+fs2bNUqGZHPJBkbY+Da3k8apShbluoWgtquMZj6wTx//95G1cvsLa0Js3VFexdsba2AnL/QIuIiIiIyKNIFVhFRERERERERERE5IlWrVo12rdvT2RkJP379+eLL74gIiKCxMTEXCvr/Zmrqytz587l2LFjXL16lYSEBC5cuMCaNWvw8PBg4cKFnD9/HgALCws6depE2b&quot;
08-31-2019 13:00:17 Wire.java DEBUG [Forwarding screenshot on session 57f77c2899285a2b963db09b270c4ab3 to remote] http.wire 87 - http-outgoing-5 &lt;&lt; &quot;Jl+fXXX3NUSkxLSyMoKIiyZcvSqVMnUxXCxMREpk6dyr59+3j33Xf573//S3x8PHFxcYSEhPDMM8/w2WefERYWZhorMTGRadOmcfToUf75z39y9OhR4uPjuXr1KseOHWPatGkF3itra2ueeeYZ7O3t8ff354033iAgIIAzZ86Qnp5+z/7BwcFMmTKFOnXqsHHjRi5dukRCQgKnTp1i8uTJREVF8eWXX5KSkmLqY2FhwdChQ9m6dSsXLlwgISGBq1evcuTIEd566y22bNnC2rVrc50vKCiI3377jZUrV5r6JiQk4OPjQ2ZmJosWLWLevHk888wzhISEEBcXR0JCAufOnWPLli00a9YMg8FgNua2bdu4du0aK1eu5Pz58yQkJBAZGUnv3r0JDw9n27Zt97XmzMxM1qxZw9GjR/n888+JjY01rfnEiRN89913ZlWA5fHVsGFDXnnlFTZv3kzVqlVp27Yt48ePZ8OGDRw/fjzPn6lt27YxZcoUunXrxokTJ8jMzCQrK4vz58/zzjvv8MUXX3DgwIG7zn3kyBEmT55M48aN2bt3L7dv38ZoNJKQkMCMGTNYvnw5QUFBpvb79+/n/fffx8HBgeXLl5OSkoLRaCQxMZEtW7ZQsWJFXFxcCAwMZPLkyTRo0ID//ve/GI1GjEYjgYGBuLq63jUmV1dXXnnlFRISEujWrRu1a9dm+PDhLFq0iH379v1/Zcrc+wUGBprmMhqN3L59m/DwcJ555hl++OEH02uws7Mzfn5+bN26lX379pmNk5aWxo4dO2jbti1NmzYF7iRkfvnllwQGBjJjxgwSEhJM4+/du5eaNWvyxRdfcO3aNeDOz++cOXPYuHEjgwYN4vTp02RlZZGZmUlsbCxvvPHGXffgzwpzjxQ0ZoCXX37ZbP+y74VPP/2U8PBwAgICcsxz8uRJTp06xYoVK0hOTsZoNPLbb79Rs2bNfN0vf3Tx4kVu375NQEAAycnJZGVlceLECfz8/Fi3bh3Hjh0r0L7l5W4VVv/q6qthV64QduYMYQcOcCgykivJydy2tMTw/1/plpakWViQZTCAhTXYlcLCtgK2FhVwdfLAo0FdarVtQMO2tfDy8cCraim8qpbFy6c2Nbwa4FC+FtYOVXF1cMPVoSzWDk5gawsFqGYsIiIiIlIUVIFVRERERERERERERJ5oTk5OTJ48mczMTAICAvjoo49M55ydnfH29qZjx4506dIlR7U+GxubHNVBs4+3a9eOiIgI5syZw+XLl02VS6tVq4aPjw/bt2/n1Vdf5emnnzb1O3fuHGFhYbRv397s+O7du9m4cSNjx47l7bffNlVWtLS0pFGjRkyePJnXXnuN4OBgmjVrhpWVlanP8OHDef/997G2tgbAYDBQrlw5PD09C7Vfvr6+fPrpp4wfP56NGzeaVRmsX78+zZo1w8/PjyZNmpjmBLhx4warV6/Gw8ODL774wqziqJOTE0OHDiUxMZHvvvuOEydO0LBhQwAaN25M48aNzWIoVqwYFStW5JVXXmHbtm2cOnWKtLQ0s/kAnnvuOWbMmIGTk1OOdZw/f55NmzbRqlUrvvrqK7NrW6JECZo2bWpKYrvXmBUqVGDQoEGsX7+eo0ePmmIpzJpv3brF+fPn8fDwoHnz5jg6OprWXKpUKbp06ZJr5V55/JQoUYKZM2fi7e3NZ599ZqoonM3FxYWhQ4cyevRoU7XdtLQ0Nm/eTOPGjZkxY4ZZImDFihV58803CQ0NJSQkBG9v71znNRqNbN26FYAZM2ZQv3590zlnZ2dee+01du3aRUhICF27dsXa2prAwEDOnDnD8uXLefnll02J3SVLlnxg96TBYKBfv35UqVKFGTNmsGHDBqKiosza9OrViw8//ND0+pAXS0tLvL29eeGFF5gzZw6pqammc+3atcPHx4eQkBA6depket2Ijo7m559/5vnnn6ds2bLAndfkkJAQRowYkeO1t0mTJgwZMoSBAwcSFRVF06ZNOXv2LMHBwfj5+TFt2jTKlStnWpu7uztubm7s3bs333tSmHukoDHnxdnZmf79+/PTTz9x/fp1jEajWUJ/vXr1WLx4MXXr1jXrl52wXJD7pV69eixbtszs773q1avTt29fNm/ezO+//46Xl1e+9y0veVVhfRjVVz89ehTOn4ddu6jg7EyT/v1p6eWFQ4UKZCYlEQ/89ttv/PjNN1hbZ+LqWgNXhxpYJyWRnmmLq0cFsE7Byuoi1ulpuMY7ALZYu3qRTCbx8UlYYYWHawUsyl/GvvwFMJYEK6u/dF0iIiIiIvfrL0tgdZ2w6q8aWkRERERERERERETkgXJzc2Pp0qVERUXx888/mx6hfe7cOYKCgggKCmLatGmMGzeOAQMG5Hg095UrVwgNDeXQoUNERkaSlJRERESE6Xz2I+sBHB0d6dChA5s2bWL79u1mCTt79uwhMjKSESNGYGdnZ+obERFB1apV6dKlS66PBS9fvjyVKlUiJiaGlJQULCwsiIiIwN7enm7duuVI7LwflpaW9OvXj27durFt2zZ27tzJoUOHiIiI4PDhwxw+fJj58+fTqVMnpk6daqoWeu7cOY4ePUqPHj1yrSBqaWlJzZo1uXz5MqdPnzZLUMvIyODIkSPs2rWLgwcPEh8fz6lTpzh37hwA3t7euVbLdXBwwMbGJtd1nD59mv379zN27FhTkll+5DVmmTJlqFu3runx2YVdc/HixXFyciIyMpIlS5bwxhtvULly5Xw9Sl0eP7a2trz66qsMGDCAGzducPr0aY4dO0ZgYCCbN2/G39+fkydPMn/+fJydnUlOTiYqKort27dTqVKlPMdt3rw56enpWOWSvHbr1i1OnDjB8ePH7/o4++eff560tDSMRiPnz5+nQYMGNGnSJEdV4gfJYDDQrFkz1q9fT2pqKpcuXeLYsWOEhYWxfv16NmzYwIEDB1i7dq1ZYntGRgbh4eH8/PPPREREcOPGDX777TfTo+3j4+NNbStWrEjz5s0JDAwkOjqaOnXqALBz504SExPp1q2bqfr1hQsXCA8PJzw8HH9//zzjjouLM2s/ceJEUxLs/SroPVLQmP/4/ZYtW9ixYwcXLlzgzJkzpgTimjVrcuvWLWxtbU3tixUrRvHixXOMm52EX5D7pVixYrm28/DwADBdxwdh9OjRORJY/+rqq3+WmZlJakoKqamp2P3h3wc526WSknqelIwupH1CAAAgAElEQVRMMi3Kk5kB8RmQkpoOSfFYWtiSXtKVJCApJQU70sksmQSkAnmPKyIiIiLyKFEFVhERERERERERERER7iTQ1KpVi1q1apmO3bx5k6ioKFatWsWKFSuYNGkSVatWpU2bNsCdpKlly5Yxbdo0s8cx30urVq3w8vJi9+7d9OvXDycnJ27cuMHWrVvx8vIyq5x4+/Ztrl27RkxMDK1atbrruO3atSMrK8vUx8PD456P7S4sBwcHevbsSc+ePYE7exEXF0doaCgLFiwgKCgIV1dXpk+fjp2dHcnJycTExDB79mxmz55917EzMjJMf46JiWH8+PFmjzN/EK5cuQKAu7v7X5aQV5g1W1lZ8Y9//IMDBw4wd+5c5s6di729PV5eXjRv3pxu3bpRs2ZNJbT+zRgMBkqWLEnDhg1p2LAhL730Er///jvDhw9nzZo1vPHGG3Ts2JGrV69y6dKle46XkpJiljj/53OxsbH3HCMpKYmMjAwyMjKIjY2lXLlylCpVqsBrKyxbW1uqVKlClSpV8PPzY+LEicyaNYuxY8eyfv16GjVqhIWFBZcvX2bEiBGsWbMmX+NaWVnh5+fHwoUL2blzJ3Xq1OHatWsEBQXRqVMnU0IrkK99gv8lWGa3r169+gN/XcnvPVLQmI1GI6tWrWL48OEkJCTcd5zZ99eDuF+yE4kfpD9XYX0Y1VcB3qtTB6pUgdq1iU1N5ZdbtwgIDsZ61y44f540IDExkYuxsVSq4UR8/Akuxp+DtEiSUlO4eLE8KWlwgYtYZiZBOtjaWuCKNelA+oU0MrEjivJcvJhO8sUTlCxeHdLT//K1iYiIiIjcjweewBo/5YUHPaSIyGNtzZo1DBkyhPnz59OnT5&quot;
08-31-2019 13:00:17 Wire.java DEBUG [Forwarding screenshot on session 57f77c2899285a2b963db09b270c4ab3 to remote] http.wire 87 - http-outgoing-5 &lt;&lt; &quot;+/bJ5bt24xduxYIiIiWLx4MdWqVfvL5nqQoqOjGTRoEI0bN8bf3z/Pihh/9rD2VURERERERESebCVKlMDT05P69etTunRp/P392bt3rymBddOmTUyaNIly5crxzjvv0L59e0qVKoW1tTUlSpRgxowZfPzxxznGrVSpEu3atWPu3LkcOnSINm3aEB0dTXh4OAMGDLhrZcVHlaWlJRUqVOCFF16gUaNGvP766xw+fJgLFy4U+r2qq1ev8tFHHxEUFMRzzz3HSy+9RN26dSlevDj29vbExsYyaNCgB7ySoletWjU2bNjA7t272bJlC4cOHTI9Ovzjjz9m4sSJDB8+PNdqvPL3UbFiRXr37s3GjRtN1TJdXFwoXbo0zz//PAsXLqRkyZIFHtfW1hY3NzeaN2/O999/j7u7+13bp6Sk4Obmxr59+7h69epflhR/L9bW1vTq1YsVK1aQkJBgqjA7Z84c1qxZw4ABAxg8eDA1atTA3t4eW1tbvvvuO/r3759jLE9PTzp06EBQUBB9+/bl2LFjbN26laVLl1KiRAlTOzc3NwBmzZrFv/71r3vGmN3+7NmzD2jVd5fbPVLQmI8dO8bkyZNNf8f5+vri5OREyZIluXbtGi+//HKBYsq+v4r6frmbP1ZhfVjVV1uULn3nD+7uOCYmcjQ2lssZGRgzMiAjAyvAOjOTYkYjmZkppKacIzEJ0tKiiI9LJvZEHInxAPFACgB2tuDqChZ2FiRjjZWdLWcs47l8OZOUxHhK2leCu1R4FRERERF5FOidDRF5ILKTJ5cuXXrPth988AFjxox5CFFJfhTk2v3000/4+PiY/uNF11JEREREREREnhSWlpY5krzS0tLYvXs3JUqUYObMmbRu3Trf41lYWNCpUyeWLVtGcHAwPj4+pgqjnTp1Mqs6V6xYMWxtbalduzZLliyhevXq9xw/LS0NCwsLUlNTSUtLy3dcD0qpUqUoU6aM2SOqra2tKVu2LAMHDuTdd9/NV3XC2NhYfvnlFwYMGIC/vz92dnYPLEZ7e3sAzpw5g9Fo/EuqsBZmzdlsbGx45plneOaZZwBIT09nz549TJkyhXnz5tGmTRsaNmz4wGOWh2fx4sU0b96cp59+OtfzRqORq1evAlCmTBngzn1btWpVNm3aRFRUlFm15vyytbXF3d2dhQsXsn///nsmsP6xfUREBDVr1rznHFlZWRiNxgLFtX//fk6fPk3v3r3zrDB848YNrl69iouLC1ZWViQnJ3P8+HHatm3Lxx9/TIUKFfI1l7OzM35+fvzrX//i8OHDhISE4OXlRdOmTc3alS1blgYNGhAaGsrAgQNxdna+67hOTk5Ur16dEydOcPPmTbNk2MIozD1S0JhjYmI4fvw48+bNY8iQIfcVLxTufnnY/lh19WFUX/2zyiVK0M/DgxvOzlC7NqSmAnDkyBFWrFhBGueAeNLSID4+ndgTaUT+Es/lWID//Z1uaQFW1mBXyRr7xq64VrKA+CQS41NJT0sD+4e+NBERERGRAtPzZUTksZOQkMDzzz/P888//0AeZyMiIiIiIiIiIk+2n376iR07dpCVlZVnm4yMDM6cOQNA+fLlgTuJQ5mZmZQuXTrXpCmj0XjXMZ966imaNGnC3r17OXToEHv37qV9+/Y5EpWsrKxo2rQpx44dY/fu3flKCrO2tqZOnTrExMSwf//+XPvk9Xjxu0lMTGTevHmmhKm8XL16lbi4OFxdXXFwcADAw8ODJk2asGvXrnw9Aj07xuTkZCpWrJhr8uq99vhuqlevTt26dQkNDc13PAVVmDXnxcrKitatW+Pr68vly5eLJDFZHqzff/8db29vRowYwd69e0n9/yS2rKwsLly4wMyZM5k2bRq9evUyJSvb2trSpUsXkpOTGTx4MD/++CM3b94E7rxOnT9/ngULFvDFF1/kOa/BYKBz5864u7szatQoFi9ezLVr10xzX7lyhZUrVzJlyhRSU1PN2o8bN461a9eaYr1+/To//fSTqS3cSbI9cuQIGzZsKNB9euvWLfr06UPXrl3ZtGkT8fHxpteu69evs3nzZt566y2srKzw8/PDwsICKysrXF1diYqKYt++fWRkZJi1nz9/fp7ztWvXjtq1azNz5kw2bdpEq1atKFu2rFkbDw8POnTowIYNGxg+fDhHjhwxzZGamsrhw4cZN24ce/bsMbX39PRk3bp1fP/996SmpmI0Grl06RIzZszg888/z/d+QOHukYLGnP06vWfPHi5evAjcuZdiYmKYMWMG+/btK1DMBb1fisro0aMfWvXVPytZvDj1nJxo4e5OC09PWrRoQYsWLahXrx4lS5YkMzOdlJR44uPiiT2ezsVYB7CqgWv5JriVbU7VMi2pWqYl7q4tKW/fEtvMuiT9XpK42EwSr6aSkppChiqvioiIiMhjQgmsIvJA1a1bl71795KQkJDnlyp2Ppryc+18fHwAGDNmjK6liIiIiIiIiPxtJCcn06tXL/r27cvatWu5cOGCKdknIyOD06dPM3nyZL788kt8fHxMlVaLFy9O6dKliYyMZN26dSQmJpr6HDt2jPfff585c+bkOa+TkxO+vr7s37+fiRMnsmPHDjp16pRromazZs3o1q0b48ePZ+LEiZw+fdosxgsXLrBq1SqmTZvGrVu3AGjatCk1atTgs88+IzAwkPT0dIxGI3FxcSxYsIC33367wHuVlZXF1q1b8fHxYerUqRw4cMCUPAd3qiMGBwczbNgwIiMj6dSpk6kqoJOTE88++ywHDx6kf//+BAcHc+PGDVPfmzdvcuDAAcaOHUtERAQAJUuWpEaNGgQHB5slpyUmJrJ27VqGDh3KsWPHCrwOuJPk5evrS2hoKKNGjeLgwYOm8W/evMmePXt47733iImJKdT4hV1zQkIC7733Xq734smTJ9m/fz81atQo1KPj5dFibW1NUlISX331FT4+PtjZ2WEwGLCwsKBixYq8++671KpVi48//pjS2Y8fB/z8/JgwYQKnTp2iR48e2NvbYzAYKF68OG5ubgwZMsTsPsuNl5cXn3zyCUlJSbz22mu4uLiY5i5Tpgz9+vXj999/N7Vv2LAh77zzDgkJCfTp08cUq5OTE127djVr26pVK9zd3Rk7diw2NjamhMb4+Pi7xlS8eHFcXFwICgqiZ8+elCpVimLFipnm6datGzExMXzyySc0b94cME/offbZZylevLip/YABA+46X4UKFfDx8SEgIIC4uDi6detmVv06+xqNGTOGPn36sGLFCurXr2+aw87OjgYNGuDv72/6QICjoyPDhg3DxcWFwYMHY2dnR7FixShfvjxz5szBzc3trjH9WWHukYLGXLt2bTp37szSpUupUKGC6V6qVq0aO3bsMH0IoSAKcr8UlT9WYX3UpKelER8fT+yJeCJ/SSP+ggd1u7/KCxMmMOKDD3jvvffMvp7zfQ6783bE744nPV4fbhARERGRx4vlgx7QdcKqBz2kiORT/JQXijoEERERERERERGRx461tTX29vZs27aNbdu25dnOx8eHTz75hMqVKwNgYWHBc889x7Zt2/j000/59NNPc7Rv3rw5wcHBeY7ZqlUrvLy82Lt3L97e3nk+Er5UqVJMnDiRmzdv8tVXX/HVV1/l2m7gwIGmP9esWZN33nmHUaNG8fLLL5u1s7e3p2HDhkRHR+cZW26KFSuGjY0N165dY9asWcyaNSvXdvb29owdO5aBAwdiMBhMx3v06EF8fDxTpkzhxRdfzHOenj17AlCtWjX69evHRx99RKdOnXLM0bFjx3sm6uXF0tKSoUOH8vvvv7Nq1SqCgoJytKlbty5vvPFGocbPVtA1w51Hen/99de5trO3t2fSpElUr179vuKSojdmzBj69etHQEAAW7ZsYdeuXSQkJODg4ECLFi145ZVX6NmzZ47H0FtaWjJ69Gjat2/P3LlzCQ0NJSoqCnd3d3x8fOjVqxddu3a969wGg4EXXngBb29v5syZw/bt2zl48CAuLi40b96c7t278+yzz2Jra2uac/jw4TRp0oSvv/6arVu3cubMGXx8fOjduzcvvviiqa2XlxeLFy/G39+fkJAQ3N&quot;
08-31-2019 13:00:17 Wire.java DEBUG [Forwarding screenshot on session 57f77c2899285a2b963db09b270c4ab3 to remote] http.wire 87 - http-outgoing-5 &lt;&lt; &quot;3dqVq1KsWLF79rTN7e3pw+fZrQ0FDWrl3L7t27iYqKAqBRo0b07t2bAQMGmF6Ds/Xo0YMffvjBNF/NmjXx8/NjxIgRhIWFERoamut81tbW9OjRgyVLltCpUyfq1KmTa7uyZcvyzTff0KdPH5YtW2a6To0aNaJVq1b07dvXVPwBoHXr1qxfv55PPvmEwMBAXFxc6N27NyNHjmT58uWsW7furvvwR4W9RwoSs7OzM/PmzaNGjRp8++23JCQk0KJFC15//XWaNWvGoEGD8h1vtoLcL5JTSnIm506kULJkSZwsqlLOvQXeni2pW68eHmlpOP2puqqjoyOno07z3zOp3Lp8luvXr5NetAVuRURERETy7YEnsIqI5FdKSgoTJ05k0aJFTJw4keHDh2Npaf6ytH79et5++23at2/P7NmziYqKokuXLqbz1apVM2v/008/md50MRqNHD16lG+//ZaffvqJc+fOUa1aNXr06MHrr79OuXLlzPpGR0czaNAgGjduzMSJE4mIiGDp0qXs2LGD4sWL0717d8aMGUPFihVzXc/Zs2dZsGABwcHBREdHU79+fbp160axYnkXu87KymL37t18++23BAcHc+3aNerXr0/fvn3p378/jo6OufYJCwtj8eLF/Prrr9y+fRsfHx969OhBUlLS3Tf9AVmzZg1Dhgxh/vz59OnTx+xcQff9Xgq6r0ajkZMnT7Js2TJTH2dnZ7y9vencuTNdu3Y1q1YgIiIiIiIiItKjRw9at27N3r172bRpE5GRkRw+fBgANzc3vLy86NatG507d85RHbVGjRosWrSIWbNm8eOPP5req3nhhRfo2rUrc+bMuWsCa6VKlWjXrh379++nTZs2VKhQIc+2VatWZfny5QQGBvLjjz/y66+/cu3aNVOMXbt2pU2bNtjY2AB3EtR69+5N2bJlWbBgATt27MDZ2Zk2bdowePBgbt68afZeW344OTmxdOlSYmJiCAoK4tdff+XgwYOmx483btyYtm3b8vzzz1O9enWz5FW4k9T0+uuv06ZNG9auXUtwcLBpr7P7dunShXr16pnaDx06lEqVKjFv3jz2799PtWrV8PX1ZcCAARQrVqxQyVXZSpUqxeeff87zzz/Pt99+a9rT+vXr4+vrS69evXjqqacKPX5h1uzk5IS/vz+BgYFs376d/fv3k5ycTLVq1WjWrBlvvPEGderUybG38vgxGAy4ubkxbNgwhg0bVqC+xYoVw9PTM89E5z+aMGECEyZMyHX+p556is8++yzf8fr4+Jgla+bVrl27drRr1y5f4/6Ro6Mjfn5++Pn55bvP3ebz8PDIkcD/R+3bt89XErytrS19+vTJ8X54XvF4enqyevXqHOfyuhZ3G6uw90hBYnZxcWHq1KlMnTo1x7nAwMAcx/KzjvzeL3cbq0WLFhiNxrv2/ztKiocTu6Fe3cp08+1HQ6+WuJYtS8m0NEpkZeVoX7lyZfr168e+A5UJCF7BicgjJMUD7g8/dhERERGRgjKsXr3aWKNGDbODDRs2LPQvA9kVWFUJUuTh+fPPXfYblwX9Oc5vv+x2CQkJpmO3bt0yPeZq8eLFORJL8xITE8PQoUOJi4vjP//5Dy1atDCdO3HiBMOHDwdgzpw51KhRg/Dw8Lu+qZ6dwJqRkcGSJUuYMmUKycnJOdp5eXmZxsyWncBapkwZbGxs2LJlS45+Pj4+zJ8/P8cnvHft2sXbb79914oVf072TElJuWuViq5duzJ79myzZMuMjAzmzp3LjBkzcl0X3KkKUZBrUJhrl1cC6/3se+PGjfH39zf9BwsUfF+NRiMbNmxgzJgxpv80+bMPPviAMWPG3HON8vD8/PPP9O3bt6jDEBEREXmkrF69mo4dOxZ1GCIijzVnZ+dcj+f23paIyIOydevWfCUMisjfx5o1a+jQocN9j3PkyBFWrFhBZGQkcOf/e/r162f6gMNf3V9EREREHi15vbeV7X7zw65fvw7Ab7/9Vojo7l/2U4jyLgsoIlIIkZGReHt74+LikufXjBkzTO2rVq3KpEmTAJg0aRIxMTEAJCUl8fnnnxMXF8ekSZNMCY8+Pj5ER0ebPk0dHR1NQkKC6Sv7k7zBwcFMmTKFOnXqsHHjRi5dukRCQgKnTp1i8uTJREVF8eWXX5KSkpJjDdu2bePatWusXLmS8+fPk5CQQGRkJL179yY8PDzHY+TOnj3LlClTiI+PZ9q0aZw6dYqEhATi4uL47bffeOutt3LMYTQaWbZsGbNmzaJbt27s2LGDuLg44uPjOXr0KG+99RZbtmxh4cKFZP7hUTDBwcHMmDGD6tWrs27dOtO6Lly4QGBgYKE+0Z6fa9e6det8PU7ufvb9zwqzr3FxcSxfvpynnnqKwMBA0/yXLl3i4MGD+Pv753iUkoiIiIiIiIiIiIiISFHLrqT63nvv8d5779GvX78cBVX+yv4iIiIiIkXB8t5NRET+Ws2bN2fYsGGMHTuWefPmMX78eJYuXUpAQACzZs2iefPmBRrvxo0brF69Gg8PD7744guzap9OTk4MHTqUxMREvvvuO06cOGHK6M/23HPPMWPGDJycnEzHKlSowKBBg1i/fj1Hjx4lLS0Na2trADZv3kx4eDj+/v4MGTLE9EkFS0tLKleunOsnW8+fP88PP/yAr68vM2fOpEyZMqZz5cuXZ8yYMVy9epUdO3bQv39/3NzcTOtydnZm5syZNGrUyNTHxsaG+vXrU7lyZeLi4gq0Xw/K/e77nxVmXxMSErh48SLNmzenfv36WFlZAWBlZYW7uztDhw59gCsWERERERERERERERF5MEqWLHlf1VLvt7+IiIiISFFQAquIPFAFfXw93ClNPWDAAGJiYli0aBEXLlwgMjKSV199le7du5sSF/Pr3LlzHD16lB49elC1atUc5y0tLalZsyaXL1/m9OnTORIpHRwczB5jn61MmTLUrVuXzMxMU/nt5ORkDh8+TN26denQoUO+Y42JiWHv3r3MmjXLLHn1jzFUqVKFgIAALl++jJubm2ld7du3p1atWvmapyAKc+3+6H73/Y8Ku6/29vY4OTkREhLCunXr8PPzM0tEFhERERERERERERERERERERGRR4MSWEXkkWBnZ8eYMWM4d+4cP/30E127dmXkyJGmKqcFkZycTExMDLNnz2b27Nl3bZuRkVHYkAFIT0/nypUrlClTBhcXl3z3u3LlCgCjRo1i1KhRd22bmZkJ/G9dffv2zTXBtqg9yH0v7L5WqlSJwYMHM2bMGEaMGMGIESNwc3PDy8uLdu3a0alTJ0qXLp3v8URERERERERERERERERERERE5K9RrKgDEBHJZjAYsLS8k1cfHx9PampqEUckjxuDwUDv3r3Zs2cPX375Jb1798ba2poffviBkSNH0qFDB8LCwoo6TBERERERERERERERERERERGRJ54qsIrIIyElJYXp06dz5MgRBg0axOrVq/n3v//NRx99hJ2dXYHGsra2pmzZsgwcOJB3330334+fL4xixYphaWlJSkoK6enp+e5nb28PwH/+8x9efPHFfPWxsLDA3t6eW7dukZmZiYWFRaFi/qs8yH0v7L5mK126NP3796d///4AJCYmsnbtWiZPnszXX39NvXr1cHR0LHR8IiIiIiIiIiIiIrnx8PBgzZo1RR2GiDxEHh4eRR2CiIiIiMhjSwmsIlLkMjMzWbRoEYsWLeKjjz7i9ddfx9bWljlz5lCpUiWGDx9uqsz6R+np6bkmN3p4eNCkSRN27drFpUuXKF++/F8Wu4ODA3Xq1OHrr7/m+PHjlCtXLkebzMzMHMdq166Nl5cXv/76K35+fjg4ONxzrkqVKtGwYUMiIiKIi4vLsS6j0ZjrXA/Lg9z3wu5rXpycnOjduzeBgYEkJyeTkZFR6NhERERERERERERE8lKtWjWqVatW1GGIiIiIiIiIPBaKFXUAIiJ79uxh4cKFDBgwgNdeew1bW1tGjhxJ165dmTdvHrt27TJrb2dnR+XKldm5cyeBgYHcunXL7LyTkxPPPvssBw8epH///gQHB3Pjxg3T+Zs3b3LgwAHGjh1LRETEfcVuYWFB69atAf&quot;
08-31-2019 13:00:17 Wire.java DEBUG [Forwarding screenshot on session 57f77c2899285a2b963db09b270c4ab3 to remote] http.wire 87 - http-outgoing-5 &lt;&lt; &quot;D392ffvn1kZGSQlZVFbGws06dPZ9y4cTn6VapUiR49erBy5UoGDx7Mrl27TOswGo0kJiayc+dO3nvvPWJiYoA7VUWbNWtGaGgon376KRcvXsRoNJKens6ePXsYOXIky5cvv6/13I8Hue+F3deIiAjeffdddu7cSWJiIkajEYBbt24RHh7OyZMnKVeuHDY2Ng9w5SIiIiIiIiIiIiIiIiIiIiIiUlCqwCoiD1RkZCTe3t53bfPBBx8wZswYAE6cOMGkSZMoU6YMb775JnZ2dsCdZM1hw4bx5ptvMuX/2LvvsKrr///j9wNHlhwSURRNxb1QVFRU3Ns0R+XMhuWgZWVW5qhMv1aaNPxkOCq1/GhkjtQUtwIqKU7MwC0lDoYCiihwfn/w4/3pBCROrB636/K6Pu/3az3f7yP6ubwePc+kSXz++efUqFEDACcnJzp27MiSJUsYNWoUo0aNMvZes2YN/v7+9OzZk8TERCZNmsSAAQMKrKVXr163+8gEBATw2muvMXHiRLp06WIz5u7uTq1atdixY4fNfXt7e5599lkuXbpEUFAQoaGh+e7t4+PDsGHDjDVDhw7l0KFDLFiwgAULFtjMrVWrFj4+Prf9PLfjTr73W3mvWVlZzJ07l7lz5+a7p4+PD88++6zx+0xERERERERERERERERERERERIqGOrCKSJG5ePEi77//PjExMbz66qtGQDVXixYteO2114iKiuL999/n4sWLxljnzp35/PPPadOmDQCurq60adMGV1dXAMxmM0OHDmXDhg2MHj2a+vXrG2sbN27M6NGj2bhxI35+frf9HGazmcDAQObPn2/UU61aNZ5//nk2b97M008/ne86FxcXxo4dS2hoKCNGjDC+Vir3Wd59913mzp1LlSpVjDWlS5fmk08+4e233zbmBwQE8NFHH7Fy5UoaN258289zO+7ke7+V9+rr68uPP/7IiBEj8pz99ttvs3TpUho2bHgHnlRERERERERERERERERERERERG6HKSQkxPrn0FiDBg2Mr12+WR4TvgMgcVL/2y5O/j4SExN5/PHHjS6Svr6+fPfdd9SsWbOIK/t3+PPPnclkArjpn+PCrsudl5SUdFP7i4jkZ/369fTr16+oyxARERG5r4SEhNCpU6eiLkNE5G/N3d093/v6ty0REREREREREbnfFfRvW7luNx926dIlAPbt23cL1d2+Bg0aAPdBB9bs7Gyio6OZMGECzZs3x2QyYTKZ8PDwoGvXrkydOpXDhw+TnZ1d1KX+I505c4Z27doZ771cuXJERUUVOD8iIgI3Nzdj/pAhQ7h8+fI9rFhERERERERERERERERERERERERE/u6KNMB69uxZhg0bRr169Zg8eTI7d+40xpKSkggNDeXNN9+kTp06vPnmm1y9erXIao2JiaFBgwZGcDMwMJD09PQiq+dOKVOmDK1atTKu4+Pj2bZtW75zs7KyCA0NJTU11bjXsmVLihcvftfrFBEREREREREREREREREREREREZF/jiILsJ47d47AwEC++uqrQs1PTU296Xa3cmP29vZ06dIFi8Vi3AsLCyM5OTnP3PPnz7Njxw7j2t/fn/bt2wPg4eHB2rVrsVqtWK1W9u3bR82aNe/+A4iIiIiIiIiIiIiIiIiIiIiIiIjI3465KA7NzMzks88+Y8WKFcY9i8XCuHHjeOqppyhTpgxZWVkcPnyY2bNnM3/+/KIo81+jTp06dOzYkWXLlgGwc+dOjhw5QtOmTW3m/fLLL0RGRhrX/v7+lCtX7p7WKiIiIiIiIiIiIiIiIiIiIiJyJ50/f56zZ8/eVoM9k8mExWKhbNmyeHp63uEKRQrvzO9niroEuQ3lyukxYhEAACAASURBVP+78nhF0oE1JibGCEtCTng1ODiYN954g7Jly2IymTCbzdSrV4/PPvuMNWvW2HQIjYmJoUGDBphMJkwmE5MmTbLZPzExka5duxrjXbt2JTExMc+c2bNn06tXL7y9vY25zZs3Z+zYsWzZsoX09HQAJk2aRK1atdi/f7+xftasWbi4uBjrIiIi8t3/4YcfxsPDA5PJhLe3N/3792fx4sVcvnw5z3uJiIgw9jOZTCxcuJDExESCgoJo1KgRJpOJZs2asWjRIjIyMgC4fPkyX3zxBc2aNTPGv/rqK2O8MEqUKEHLli2N6/j4eMLDw23+Qs7KymLjxo2kpqYa9zp06ICjoyMA6enpBAYG/uU7B8jIyGD9+vUMGTKEWrVqYTKZcHNzo2PHjvznP/+xWfPnPevXr8+vv/5qs9/SpUuN8XLlyhEVFWUzPmvWLJt3un79emMsOzubHTt28PLLL9O8eXNjTu7nNGvWLOLi4tT5V0REREREREREREREREREROQf6vjx48TGxpKSknJbGRGr1UpKSgqxsbEcP378DlYoIvLPVSQdWMPDwzl8+LBx3adPH3r06IHJZMoz12QyERAQQEBAwB07f9u2bQwfPpyYmJg8Yzt37mTnzp28//77hIeH3/S5VquV0NBQXnnllTz7nzp1ilOnThESEkJAQACzZs2ibt26Be61YcMGpk2bZhOcjYyMZNCgQUyZMoUWLVrw+uuvs2vXLpvxyMhIEhMTGTVqFPb29jes2WQy0bFjR6pXr86RI0eAnM9oyJAhuLu7A3Du3Dl27NhhrOnYsSNNmjQp3Ev5w/O/+uqrNuFlgNTUVDZu3MjGjRv59ttv+fzzz/Hz88PZ2ZkmTZowa9YsAA4ePEhsbCy1atUC4Nq1a4SHhxv7xMfHs3v3bvz8/IzxP34GLVq0oEaNGkBO8HfcuHF8+umn+daZ+zmNGDGCjz/+GGdn55t6VhERERERERERERERERERERG5v50/f54zZ3K6VVapUgVPT89CZW3yk5WVxfnz5zl+/DhnzpzB1dVVnVilSL320piiLkFuwvQZHxR1CUXinndg/XOoEHKChW5ubvfk/JMnTzJ27Nh8w6t3QlRUFIGBgTfcPyIigjfffJOzZ88WOGfevHk24dU/Gjt2LG3btrUJr/7R8uXL+e233wpdd9WqVW3Cuhs2bOCXX34xrg8dOsSWLVuM6+bNm9/UX7Lnzp3j5ZdfzhNe/bPIyEj+7//+jwsXLgDQpEkTqlevbozv2bPH+K9d4uPjiYyMtFm/d+9eo3NuQkICe/fuNcb8/f3x8vLCarUyd+7cfMOrIiIiIiIiIiIiIiIiIiIiIvLvkJvbqVKlCl5eXrccXgWwt7fHy8uLKlWq2OwtIiIFu+cB1qysLK5cuWJzz9XV9Z6df+DAASIiIozr4OBgrl+/jtVqNf5LiFWrVtG3b19jzoQJE/j111/x9fU17o0YMYIrV65gtVqxWq0EBASQkZHBN998w6lTp4x5Y8aMISkpiezsbGJjY+nevbsxtnr1apYsWVJgrS+++CInTpwgOzubpKQkhg4dWuB4fHw8AwYMMMa2b99+UwHW4sWL07JlS+M6NTWVzZs3Y7VauXbtGmvWrDHGLBYLXbp0uam/tFetWsWKFSuM9dOmTePSpUtYrVYSEhJ47rnnjLnLli1j3759AFSqVMnmvR86dIiUlBQAYmNj2b59u805+/btM/4PQHx8vE2QuGXLljg4OJCSkmLTubVt27acOHHC+CyvXLnCwYMH+eCDD3BxcSn0M4qIiIiIiIiIiIiIiIiIiIjI30dqairAHe2UmrtX7t4iIlKwex5gLWolSpSwuR47dizPPPMMX375JTt27MDOzo6HHnqIkJAQm46khXH27Fl2795tXPv7+zN8+HDc3d0xmUxUr16dt956C4vFYszZv39/nkBvrmbNmuHt7Y3JZMLd3Z22bdsWOF62bFm6det2U/X+Wfv27fH39zeuIyIiSExMzNPptGPHjtSpU6fQ+6amprJ161ab9c8++6zRddfDw4PAwECbTqvR0dEAPPDAA7Ro0cK4HxMTQ3x8PFlZWWzevBnI6eD7yiuvADkdXA8ePAjkhF3j4+MB8PX1pW7dugAUK1bM5vfBli1bGDBgAO+++y6rV6/m5MmT1KhRgzfffJOgoCCcnZ0L/awiIiIiIiIiIiIiIiIiIiIi8veQmZlJVlYWkN&quot;
08-31-2019 13:00:17 Wire.java DEBUG [Forwarding screenshot on session 57f77c2899285a2b963db09b270c4ab3 to remote] http.wire 87 - http-outgoing-5 &lt;&lt; &quot;OU7078yt0rMzOzKB9NRORv4Z4HWE0mU57OnWlpaffs/Nq1a9OnTx/jOikpiW+++YahQ4fSsmVLSpUqRZs2bdi0aZPxVfWFdfXqVS5fvmxc16hRg1KlStnMKVWqlNEqHCAuLs74yvvbdTttzAHKlSuXJ8C6f/9+oqKibDqdtmrVCnd390Lve+3aNc6fP29cL1u2jJIlS2IymYxfvr6+HDlyxJjzx98TAQEBeHl5AXDw4EFiY2NJTk5m7969QE5QuG/fvsacnTt3kp6ebnRxhZywb8WKFQFwcXGhQ4cONkHiyMhIJk6cSI8ePahTpw5eXl6MGzeOpKSkQj+niIiIiIiIiIiIiIiIiIiIiPx9ZGdnk52dfcfCq7m/cvcVEZG/ds8DrE5OTlSrVs3m3s6dO22Cn3dT6dKlmTlzJsOGDbMJMP5RWFgYvXv3Zv369fekpvuFo6MjPXr0MK5TU1NZs2YNGzZsMO7Vrl2bzp0739O6qlSpgq+vr3G9Z88eDh8+TEREBAB+fn7UrVvX6Ji7a9cujhw5YnRiBWjSpIlNJ9V+/foxb9486tWrl++ZSUlJTJkyhVdffZWUlJS78VgiIiIiIiIiIiIiIiIiIiIiUoRyA6eZmZl39Ncfu7GKiEjBzEVxaG5Hzdyvd//hhx/o1KkTAwcOxGQy2cy1Wq1ERUWxbNkyxo8fn+/XuZ89e5arV6/i5ORUqPPLli3L7Nmz+fjjj/nll184cOAAe/bsYePGjcTExAA54c21a9fStm1bHBwcCrWvk5MTxYsXN65jY2NJSEiwCcpeunTJphtphQoV7quvqPfx8aFjx45GaPWbb76x6RDr7++Pt7f3Te1pNptt3kHHjh1ZsGCB0TH1Rjw8PAgICGDt2rUAHDhwgIyMDFJTU6lduzYNGjTAzc0NX19flixZQmRkJGvXruXQoUMAVK9enSZNmtjsaWdnxyOPPELv3r2Ji4sjOjqa/fv3ExYWRkREBKmpqQCsX7+eI0eO4Ofnd1PPLCIiNyckJKSoSxARERERERERERERERGRf5ncLql3Omyq7qsiIoVzzzuwAvj6+jJo0CDjOjU1lZdeeomPPvqIs2fPYrVayczM5NixY7zxxhu0b9+exMREY769vT1m8/+ytxEREcTExGC1WklPTyciIoLTp0/ne/aiRYt47rnnWLduHVeuXMHPz49nn32Wzz//nEWLFlG7dm1jbkZGhvEXyp/P/OWXX4iLi7PZu2zZsjRu3Ni4joyMZPbs2SQnJ2O1Wjl58iRTpkwxgru578LFxeVmX+Fd4+npSfPmzY3r8+fPG2FOyAmf/jGkWxhubm42e27YsIExY8Zw4MABrl27BuQElZOTk9myZQtPPfUUixYtMuabTCb8/f2N62XLlvHBBx8A0LhxYypWrIjJZKJdu3ZYLBZSU1P55JNPjPfs6+tLpUqVjPWJiYkMHjyYL774gpiYGDw9PenevTtjx47lxx9/5IUXXjDmpqWlcf369Zt6XhERERERERERERERERERERG5/2VnZ9/VXyI3cvToUVq3bs2oUaO4evVqUZcjf9KgYX0Wfj+PtZtXsnbzSpatDqFD53ZFXdY/SpF0YHV0dOT555/n4MGDrFu3Dsj5yvY33niDN95444brS5cuTeXKlYmKigJg//79NGjQoFBnZ2dnExwcTHBw8F/Os1gsdO7c2ejq6uHhQdmyZY3xsLAwatasaVyHh4cTEBDAE088wYoVKzh16hQAH3zwgRG2/LPu3bvz2GOPFarue8Xe3p4ePXowd+5cm6At5HRfbdGixU3vaTKZePzxx9m2bRsrVqwAYMGCBSxYsKDANZ07d7a5rlu3Lm3btmXLli029xs2bGh0d61cuTJ+fn5s2bLFpvYWLVrwwAMP2KxLSEjg+eefv2HtXbt2tfmcRUTk7ujXr19RlyAiIiJyX1GHehEREREREREREfmj3377jcWLF7Nu3Tp2794N5Hzzs4+PDx06dKBLly6UK1cuz7dfi9yKFq2a071nN6pXr0px1+LY29sDOd2K06+kEx9/lj2797Fx3SZOn4q7wW4iBSuSDqwAVapUYe7cuTz55JOFmu/h4WH8IDzwwAMMHjzY5mvp/+iRRx7B19f3lmuzWCyMHz+erl27GvdKlChBr169brjWz8+P4ODgG4YeAwICmD59uk0o9n5RvXp1mjVrlud+ixYtKF++/C3tWaZMGT799FP69OlzS+tLlSpFw4YNbe55eXkREBBgc8YfO73mN+dmBAQE8M477+Du7n5L60VEREREREREREREREREREREbkdmZiaLFi2iTZs2TJkyxQivAsTFxbFmzRpGjx5NvXr1mDFjRhFWKv8Ezi7OTJzyNuPeeRO/xg1xe8DNyOxBTnNEV4sr1WtUo/+gx5gy7T186tctworl767IAqyQ818BfP311xw8eJDx48fbhCZLlixJjx49mDlzJqdPn2by5Mk4ODgY4z179mTlypX07t0bi8WCxWKhd+/ebNq0ieDg4AKDoY888gibN29m5MiRNudZLBZatWrF+PHjiYyM5PXXX8fR0dEYN5lMDBkyhGXLltG3b19KlixprOvQoYMRpjWZTHTt2pWIiAhmzZpF165djbFKlSrRr18/Fi1aRGho6H3b2dPd3Z1WrVrlud+tWzebz+BmVapUiZCQEMLDwwt8/2+99RabN2/mkUcesVnr4OBA27Ztbe75+vpSpUoV49re3j5P8PbPcyDn99acOXOYOXMmPXv2pFKlSsZYzZo1GTBggPEZ1a2rP2BFREREREREREREREREREREpGisW7eON998E1dXV2bMmMHRo0dJTEwkKSmJuLg4fvrpJwYMGICrqysZGRlFXa78zY2f+BZNmzW2Ca3+FZPJhLmQc0XyYy7qAuzs7PDx8cHHx4dJkyYVep3JZKJNmza0adMm3/G1a9fme9/Z2Zm2bdvmCUMWhtlspnfv3vTu3fuGcz08PBg+fDjDhw8v9P4BAQFYrdYCxx9//HEef/zxWx6/Ga+++iqvvvpqoec7OzsTHBxMcHDwX84zm80EBATcUlfUnj17/uX7Kewck8lEhQoVeO6553juueduug4RERERERERERERERERERERkbstIyODzZs3k5aWxvTp0+nbt6/NePHixWnWrBn+/v6MGDGCffv2FVGl8k/QqWsHatepiclkAiA7O5sD+6NZtXw14du24+ziTNNmTWjVJoCGfr4UL168iCuWf4IiD7CKiIiIiIiIiIiIiIiIiIiIiIiIrfT0dOLi4gCoWLFigfNMJhO+vr74+vra3L9w4QJLliwhPDyc6Oho4uLicHV1xc/Pj4ceeoj+/fvj5uYGgNVq5YsvvmD8+PF89tlnDB48ON+zvv32W0aOHMnkyZN57rnnbMKOO3bs4Ntvv2XdunUkJydTv359+vXrx+DBg41zCis7O5uoqCi++eYbtm7dSlxcHBUqVMDPz48ePXrQqVMn41uxcyUkJPDdd9+xfPlyoqKicHd3p3379gwfPpzGjRsbtUJOOHjdunWEhoYSHR3NgQMHAKhfvz4tW7bk6aefplq1ajb7JyUlGc0MZ82aRXx8PLNmzeKnn34iOTmZL7/8kj59+hj1R0RE8NVXX7Ft2zbjfTRv3pzevXvj5+eH2Wwb3cvIyCAiIoJ58+axdetWihUrxsMPP8zrr79O+fLlb+r93Qovr7I2386dlprGj8tWsT1sBwDpV9LZumkbWzdto1TpUgwNHELN2jXy7OPs4syAQX0JaN0CT8/SODjm7Hn9+nUSE5LYumkbi//7PelX0o01zQP86dHrISp5V8TiZsHBwcH4vK5fv05a2mX27z3A8h9+5NdfYmzOmz1vJhUrVQAgMzOTkP8u4erVDLr37EZpz1JkXM3gP59+wcZ1m436Hu7VnbYdWuNVzgsnJ0dMJhPZ2dmkpV3m2JFjbFi3yZj/Z2Z7M6+Mfgn/5k0o4V4i592kp/Pzzt3MDf6ahAsJt/T+/60UYBUREREREREREREREREREREREbnPODs7U6FCTjAvLCws39DjXzl+/Djjxo2zuZeWlsbWrVuNXx9//DGlS5fGZDLRvn&quot;
08-31-2019 13:00:17 Wire.java DEBUG [Forwarding screenshot on session 57f77c2899285a2b963db09b270c4ab3 to remote] http.wire 87 - http-outgoing-5 &lt;&lt; &quot;17atSowYYNG+jZs2ee0GlaWhoRERHUqFGD9u3bGwHDK1euEBQURFBQkM38AwcOcODAAbZv326cUxiZmZl88cUXTJs2jbS0NON+XFwccXFxLF++nFmzZtl0pN21axevvfYa0dHRxr3k5GR++OEHQkNDCQoK4tFHHzVqvnz5MvPnz2fTpk351rxy5UpmzpyZ77dMX7p0iU8//ZR58+bZ1JeZmWm8j8mTJ+f5JuvcvXODrX8MyJ4+fZoXXniBn376yWbNggULiImJYdasWX8ZYr4bLG4Wnhn2FJUrV2LXz1HE/nrEGEu4kMAHk6blWVO/QT1eeDmQipUq2ASGAYoVK0ZZrzL0G/QYdevV4bOgzzl9KiegXb1GNXwb1s/393exYsVwdy9B2/at8alXh0+n/4ddkVEF1t2qbUvKP1gOOzu7m6rPzs4ONzcLDf0a4FHKI98AazGHYjw97Enc/39wNZeLiwtt2rXC4mZh3OtvF1ib5JX3UxIREREREREREREREREREREREZEi5ejoSLt27XB1dWXKlCkMGzaMVatWcerUKa5du3bD9fb29gQGBrJhwwbOnDlDUlISCQkJHDx4kBdffJGffvqJJUuWGPMrV65Mu3btiIyM5OjRo3n2i42NZcuWLbRr147KlSsDOZ1bFyxYQFBQED169GDr1q2cP3+exMREDh06ZJwzd+5csrKyCvXcR48eZeHChbRo0YLIyEjOnz9PUlISZ86cISIigrfeesumU+jp06d5++23+f3335k+fTrHjx8nKSmJs2fP8v333+Pt7c1HH31ETIxt586qVauycOFCjh49SmJiIklJSZw8edIIns6ZM4eUlJQ89UVFRbF27Vref/99Tp06RVJSEklJSfTt25esrCy+/PJLgoODadeuHRs3bjTqj4uL46effqJ58+Z5wpObNm0iOTmZxYsX89tvv5GUlER0dDSPPPIIkZGReYK2d0Pc6d+4mn7VuDaZTDxYoTxPDHmcz74I4se1PzB3QTCvvj6S+g3q5VlfsVIFnntpOJW8K+Z5vj8ymUzU8anNo/373HSNpUqX4tF+Ba8zm81UqPhgvuHVwtb3V8xmc57wai6TyUTtOjXp1LXDLe39b6UOrCIiIiIiIiIiIiIiIiIiIiIiIvehzp078+GHHzJ+/HhWrFjBihUrjLHcr6Tv3r07TZo0wdHR0WZt48aNady4sc09Ozs7ypcvzxNPPMGmTZs4fvw4GRkZODo64ujoSOvWrZk1axahoaH4+vpib28P5ARVN23axOXLl+natatx1m+//cby5cvp3LkzH330EZ6ensZZXl5evP766yQkJLB161YGDx5sdJT9K+fOnSM2NpZHH32U6tWrG/ednJyoXbs2tWvXtpm/evVqIiMjCQ4Opm/fvkY40cHBgQ4dOmBnZ8dTTz3F5s2bqVWrFgAlS5bkww8/zHO2m5sbDz/8MBERERw8eJCEhIQ8nWibN29OcHBwvs/y22+/8eOPP9KqVSv+85//4OXlZYwVL16cZs2a0axZszzrHn30UaZNm0aJEv8LR5YrV45nnnmGpUuXcujQIeNzuls2b9yKX9NGtO/YNt8AqIOjAw9WKM+DFcrTsUt7Duw7yPyvvuXXX3KCwR27tKdCxQeN+SmXUlj2w48s/+FHKlR8kKEjhlDP1weTyYSdnR316vtQ/sHy/P7b7wCkpV3m2NHjbNmwlfCw7aRfSadBw/r0fqwnTZs1MWryLONps+6PsrKy2BUZxYbQjYRv224zFvjiMCp5/6+LrdVq5fixEyxZvJTNG7dSsVIFOnRuT+t2LbFarfm+o8zMTHZFRvHTyjVEH/yFwU8N5OHe3Y1AtYODA+XKl7uZ1/6vpwCriIiIiIiIiIiIiIiIiIiIiIjIfchsNjNw4EB69OjBpk2bCA8PZ//+/ezevdv4SvpZs2bRpUsXJk+eTNWqVW3WZ2ZmcvDgQbZv387evXtJTEzk+PHjxMXlfHV706ZNbcJ6jRo1ok2bNnkCp+fPnyciIgJ/f398fHyM+ceOHePnn38mKCjIJryay2KxULlyZVatWsW5c+cKFWB94IEHKFOmDCtXrqRevXq0bt0aFxeXfOempaVx4MABWrZsSevWrfPtrFmhQgW8vb1twrqQE2A8c+YMmzdvZv/+/Rw/fpzExEQOHDgAgI+PD9nZ2Xn2c3Z2pnjx4vnWc+LECaKiohg7dixly5a94bPmslgsODk55bnv6emJj48PWVlZBYYq76TPPw3mctplOnZpX+AzQk5334Z+DSjhXoL335vK6VNx+NSvi9mcE0e0ZlsJ2xrBom++AyD21yMs/X45Fb0rUqLEAwBY3FypUq0yv//2Owu+Xsj33y2lW/cutO/UlqeeHUzx4sUxFzNTrFgxm7MdHR0oXdoj3wCr1Wrl+NHjecKrADVqVbcJ5p75PZ4PJ3/E6VM5PwunT8Xx9Zz5fD1nfoHPff3adcK3RbArMgqAn1aG0jygGeXK5wSVzWYzJUu6F7he8lKAVURERERERERERERERERERERE/nXs7OzIzs4mKyvL6DR6u7Kysoy97ySLxUKvXr3o1asXkBNMPX/+PGFhYcyePZvQ0FA8PDyYOnWqEfY8duwY48ePJzQ0tNDneHp60qlTJ8aPH8++ffuMwOmePXvYunUrkydPpmTJksb8CxcuADBq1ChGjRr1l3vnvpsb8fHx4fnnn2fatGkMGjQIgGrVqtG0aVM6depE+/btsVgsAFy7do0LFy4QHh5OnTp1/nLfxo0bGyHQK1eu8MknnxAcHExaWlqh6iqM3PdRqVKlW/6a+qKUfiWdL2bM5vvFS2nXoQ3NWjSl3IPlcHOz5PszUqHig7Rt35oFXy/E1dXVuG+yM9G9Zze69+xW4FlmezMODjnh1C7dOvH00Cdwv4vhzz/WBxB3Os4Ir96q33/7nczMzNva499OAVYREREREREREREREREREREREfnXcXV1JSUlhYSEBMqUKXNH9kxISDD2vpvMZjPlypWjf//+NGzYkKFDh3LgwAHOnDlDtWrVSEhIYOLEiYSGhvLoo48yaNAgfHx8KFasGK6urpw8eZJnnnkmz74mk4n27dtTo0YNQkND6dChA/b29mzbto0aNWrQvn37ux7MNJvNvPjii/Tq1YvVq1cTHh5OdHQ0//3vf/nvf/+Ln58fn3/+OTVq1Lil/bOysvjyyy/56KOPjHfXokULLBaLEf4dO3Ysu3fvvpOP9beScCGB7xf/wPeLfzDutevQhu49u1HHp7YR0DabzXiU8rits2rVqcnAJ/ob4dXs7GxiDseyc8fP/B73O1WrVaHvwEeN7q7yz6JPVURERERERERERERERERERERE/nVKly5NSkoKJ06cAKBUqVK33Ik1KyuLhIQEY6/SpUvfsTpvpFSpUnh6enL+/Hnj3smTJ9myZQtPPvkkU6ZMMYKZhVG5cmXatWvH8uXLiY2NxcnJic2bN9OuXTsqV65sMzc3qDtz5kwGDBhwZx6InCBtxYoVee6553juueewWq1cuHCBOXPmMH36dObPn88777yD2WzG1dWVNm3aMGfOHEqVKnXDvS9evEhERAQ+Pj588cUXeYKwV69eveW6c9/HqVOnsFqtf6surK+MfgnfhvVYvPB7Qn9an2d888atJCcl8/rYUfmGVq9du2b8b6vVytZNYXwwedoNz338yQF4lPpfV9+z8ef46INP+P233wGoUrVyQUtvyh/rA6hQsQIVK1W47S6scnsUYBURERERERERERERERERERERkX8dDw8Prly5Qnx8PCdOnDDCp7fLy8sLD4/b60oJOUHLxYsX89hjj/1lMDMhIYHz58/j4eGBxWIBcgK1aWlplC9fPt/wqtVqJTs7O9/9HB0dadGiBbNmzWL79u24ublx5swZunbtiqOjo83cOnXq4Ofnx7Zt2+jevbtx/p1mMpnw9PSkf//+hIaGkp6eTnZ2NhaLhaZNm/LBBx9w8OBB2rVrd8O9srOzyczMxNPTM9/3arVaycrKuqU6q1evjo+PD2FhYTz++ON4eXnd0j5FwWQy4VXOi1dGv8TjTw5gb9R+9kTt4+edu0&quot;
08-31-2019 13:00:17 Wire.java DEBUG [Forwarding screenshot on session 57f77c2899285a2b963db09b270c4ab3 to remote] http.wire 87 - http-outgoing-5 &lt;&lt; &quot;i/kk6DhvXp3rMbD5R4wFiTnn6VI7FHAYg5HEvVqlUw2ZkwmUy0aNWMt98by6YNWwjfth2ABg3r49e0Ef7Nm+Lk7ETQB59gb29vE/R1e8CNZi2a8kPIMpr4++FTvy72drcWLP+jP9YHUK68F6PefJkVP6xk88atVKxUgZZtAujUtQPXMq4xYsgLt32m3JgCrCJyR1y9epWxY8cyb948AEaNGsWYMWPytO/+47w1a9bg7+9fFOWKiIiIiIiIiIiIiIiIiIjIv5zZbObBBx/ExcWFCxcukJaWVmCo80bs7OxwdXWldOnSlCxZ8o583Xl2djYbNmxg2rRpDBkyhIceeoiaNWtSvHhxAFJSUti5cycffvgh0dHRTJkyBU9PTwAeeOABatSowbp162jbti0NGzbEbDZz8eJFNmzYwBdffMEvv/xC06ZN8z27adOmtGnThq+//ppixYrRtm1bfH1988x78MEH6dmzJ++88w7Jycm89NJLNGrUCCcnJ6xWK5cuXSI6uIJq7AAAIABJREFUOpqVK1cyfPhwqlatesPnXrFiBdHR0XTr1i3P827fvp2TJ0/SrVs3ihUrhslkokuXLixbtoyhQ4fyyiuv0LdvXzw9PbGzs+PatWvEx8ezZs0asrOzef7553FycqJs2bL8+OOPrFq1isceewwXFxeuXbvGnj17+PLLL/nhhx/w8fG56c/M29ubzp07ExQUxKhRo3jjjTeoV68eZrOZy5cvc/DgQZYtW1bod1EUTCYTnmU86fJQJ7o81KnAeVarlV9/+ZWN6zcDsGLpSur41KZyFW8AHBwcaNGqOS1aNc93fWJCIgBJSclcv55p/My4uhZn2HPPMOy5Z+7kY+Wpz2QyUat2TWqNr8mb40fbzFVX1nvnrgVYPSZ8d7e2FpH7mKurK87OzqxatYo+ffpQt27du3re0aNHeeaZZ2jcuDFTpkzBycnprp4nIiIiIiIiIiIiIiIiIiIi/wwuLi5cunQJd3d33N3d7/jet8vOzg4nJyeSk5MJCgoiKCgo33murq6MHTuWp59+2uhkWa1aNQYOHMjEiRPp0qVLnvmdOnUiJSWlwLM9PT3p1KkT48ePB+CJJ56gRIkSeebZ29vz7LPPcunSJYKCgggNDc13Px8fH4YNG1ao57527RrTp09n+vTp+Y63a9eOgQMHYm+f05WzatWqTJkyhddee4133nmHd955J991b731FpDz2QwcOJCwsDBeeeUVXnnllTz7t2rViuTk5ELV+0dms5nAwEB+//13vvvuu3zfx828i3spMzMTq9Vq0w21IFlZWezZvY9Pp/+H9CvpQE7o84sZs3nh5UAqVqpQqH0ANq7fTECr5jRo5JvvGmu2FUwUer+CnD4Vx1ez5zHihWGUf7Dcbe8nd4Y6sIrIHeXt7U3//v358MMPWbx4MePHj8/TPl5ERERERERERERERERERESkqJnNZh544AGuXLnC9evXsVqtt7WfyWSiWLFiuLi43JEOrCVKlGDevHkcO3aM0NBQtm3bxt69e41gZePGjWnbti2PPfYY1atXtwnk5QYpH3zwQYKDg4mKiqJatWp07tyZJ598Ejs7O555puAOlyaTifbt21OjRg0gJ9RZEBcXF8aOHUuXLl1YunQpGzdu5OjRo7i6uuLn50e7du3o2rUrVapUKdRzd+3alcWLF/Pjjz/y888/2+z18MMPM2DAgDwB4SZNmrB8+XJWrlzJqlWriIyMJC0tjWrVqtG0aVN69uxJ8+b/6wTaokULFixYwCeffMLGjRspVqwYrVu3ZvDgwTRu3JiJEyeye/fuQtX7Z6VKleKTTz7hscce49tvv2Xbtm0kJydTv359OnfuTJ8+fQr9Lu6lGR/PJGr3Xtq2b0216lXxKFUSBwcH4/dVVlYWKSmpHI09xprVoWwP25FnjwP7DvLKC6N5uFd32nZojZdXWZycnYw9rl+/TlraZY4fO0H41gj27T0AwPQPP+WZYU/StFkTirsWx2QyYbVaOfN7PAf3R9OxS/s78jO1KzKK6IO/MGBQX5q3bEZpz9I4OTka56WlpXE09hjbtoTf9llSOKaQkBBr7h80uRo0aHDbfyCLSNHJ/UP/Zn+OC7sud15SUpJx7+rVq4wdO5bdu3fz2WefMXfuXMLCwpg3bx4NGzbMM2/evHmsWbMGf3//m6rxz9SBVeTvb/369fTr16+oyxARERG5r4SEhNCpU8FfzSQiIjdWUOec/P5tS0RERERERETkn+LM72cAeO2lMUVcidyM6TM+AKBc+XJAwf+2let282GXLl0CYN++fTe1/k5p0KABAHZFcrqI/KO5uroyaNAgrl27RkhICBkZGYVem52dTVhYGEOGDKFq1aqULFmShx9+mDlz5uRpXf/999/TtGlToqOjmTdvHuXKlaNkyZKULFmS1q1bc/ToUWOu1WolOjqaMWPG4OvrS8mSJWnatCmTJ0/m7NmzeeqwWq3ExsYyfvx4mjZtSsmSJalatSoDBw5k/vz5XLhw4dZfkIiIiIiIiIiIiIiIiIiIiIiIyL/c7ffVFRHJR6NGjejWrRvLly/n4YcfpkWLFjdcc+XKFYKCgggKCrK5HxERQUREBEuXLmXGjBlUq1btpmrJzMzk66+/ZtKkSaSlpRn3jx49SlBQEFu3buXzzz832t5brVaWLVvG66+/brTdB0hOTiY0NJTQ0FDOnz/P66+/flN1iIiIiIiIiIiIiIiIiIiIiIiISA51YBWRu8LJyYnBgwcDsGTJEq5evXrDNatXryYoKIh27dqxceNGzp8/T2JiIocOHeLFF18kMjKSoKAgUlNTAejbty8///wzPj4+PP3005w5c4akpCSSkpLYtm2bEXRdt24dkyZNom7duqxYsYKzZ8+SlJTE8ePHee+994iJieGzzz7jypUrAJw/f55vvvmGKlWqsHbtWmP+2bNn2bt3L1OmTKF48eJ36c2JiIiIiIiIiIiIiIiIiIiIiIj8893xDqweE76701uKSCElTupf1CXYqFu3Lr1792bhwoX06tWLNm3aFDg3MTGRkJAQfHx8eP/9941uqABeXl6MGTOGlJQUli5dSv/+/f9yrz9KSUkhJCQEb29vPv30U5t9S5QoQWBgIBcvXmThwoXExsbSoEEDkpKSiI+Pp0WLFtSvXx8HBwcAHBwcqFSpEoGBgbf4RkRERERERERERERERERERERERATUgVVE7iJHR0f69euHu7s73333ndE5NT9xcXFER0fTqlUrvL2984y7uLjQu3dv0tLS2LNnT6FriIuL49ChQ3Tq1ImqVavmGTebzdSsWZNz585x4sQJAFxdXSlRogQbN27khx9+4OLFi4U+T0RERERERERERERERERERERERG7sjndgzXW/dYIU+Se7nzsf16lTh549ezJ//nz69u1L8+bN852XkZHBuXPnKFGihNHx9M+cnZ0ByMzMLPT5aWlpHDt2jI8//piPP/74L+fm7vvggw8yfPhwXn/9dV566SVeeuklKlSogJ+fH+3bt6dLly6ULl260DWIiIiIiIiIiIiIiIiIiIiIiIiIrbsWYBURgZwurAMGDGD9+vUsWLCA2rVrF3VJN2QymXjkkUdo1aoVoaGhbNmyhQMHDrB8+XKWL19OhQoVmDlzJgEBAUVdqoiIiIiIiIiIiIiIiIiIiIhIHtNnfFDUJYjckAKsInLX1axZkx49ejB79mzCw8PznePo6EiZMmVISkoiIyMDR0fHPHOSkpIAMJsL/0dX7r5PP/00b7zxBiaTqdBrS5cuzeDBgxk8eDAAFy9eZMmSJbz33nvMmTOHevXq4ebmVuj9REREREREREREREREREREREREJIcCrCJy15nNZh577DFWrVrF/PnzcXFxyTOnQoUK+Pj4sHnzZgYPHkzdunVtxq9cuUJoaCiurq40atQoz/r09HQyMzPz3Pf29qZJkyZs376ds2fP4uXldcvPUaJECR555BHWrl1LWlpavueJiIiIiIiIiIiIiIiIiIiIiBSVcuXLFXUJIoVmV9QFiMi/Q/Xq1enfvz8RERGsX78+z7iHhwf9+vUjNjaWt99+mx07dp&quot;
08-31-2019 13:00:17 Wire.java DEBUG [Forwarding screenshot on session 57f77c2899285a2b963db09b270c4ab3 to remote] http.wire 87 - http-outgoing-5 &lt;&lt; &quot;CZmYnVaiU+Pp4PPviABQsW0KNHD5sAq7u7O2XKlGHLli1s27YtT6i0RIkS9O7dm7179zJ48GDWrVtHSkqKMX758mX27NnD2LFj2b17NwC7d+/mjTfeIDw8nIsXL2K1WgG4evUqkZGRHDlyhLJly+Lk5HQ3XpWIiIiIiIiIiIiIiIiIiIiIiMg/njqwisg9YW9vz8MPP8yyZcuIjo7Od0737t0ZNWoUQUFBbN68Oc+4v78/o0aNwmKxGPdKlixJhw4d2LhxI4MHDzbu+/j48NVXX1GtWjV69uxJYmIikyZNYsCAAQXW2KtXLwCysrKYO3cuc+fOzXeej48Pzz77bL6dZEVEREREREREREREREREREREROTG1IFVRO6ZqlWr/mWA1MXFhbFjx7JixQp69eqFu7s7AAEBAXz44Yd89913VKtWzWaNyWTi6aefZvr06fj5+QE5XVmrV6+Os7MzAGazmaFDh7JhwwZGjx5N/fr1jfWNGzdm9OjRbNy40Vjv6+vLjz/+yIgRI/LMffvtt1m6dCkNGza8My9FRERERERERERERERERERERETkX8gUEhJirVGjhs3NBg0aGF+ZfbM8JnwHQOKk/rddnIgUzp9/7kwmE8BN/xwXdl3uvKSkpJvaX0QkP+vXr6dfv35FXYaIiIjIfSUkJIROnToVdRkiIn9ruf9x9J/p37ZEREREREREROR+V9C/beW63XzYpUuXANi3b98tVHf7GjRoAKgDq4iIiIiIiIiIiIiIiIiIiIiIiIiI3GMKsIqIiIiIiIiIiIiIiIiIiIiIiIiIyD2lAKuIiIiIiIiIiIiIiIiIiIiIiIiIiNxT/5oA66RJkzCZTJhMJho0aEBMTExRlwTAwoULjbpMJhMLFy68Y3vHxMTQoEEDY+9Jkybdsb3vR+np6QQGBhrP27VrVxITE43xiIiIu/auRURERERERERERERERERERERERKTwijTAmp2dTXR0NBMmTKB169a4ublhMplwc3OjdevWvPDCC6xevZrk5OSiLFNuQ0pKCosXL6Z///54e3sb4dFGjRoxZMgQVq9eTUpKSlGXKSIiIiIiIiIiIiIiIiIiIiIiIiL3kLmoDr5w4QJjxozhq6++yjOWmppKWFgYYWFhzJw5E4vFwrp162jWrFkRVCq3Ijs7m6VLlzJ+/Ph8u93u3buXvXv3Mm/ePCpVqsT3339PkyZNiqBSEREREREREREREREREREREREREbnXiiTAeuHCBUaMGMGyZcsKNT81NZWsrKy7XJXcKVarlcWLFxMYGEhqauoN5586dYpr167dg8pERERERERERERERERERERERERE5H5gVxSHrlu3zia8OnDgQGJiYrh+/TpWq5WMjAyOHDnCe++9R6VKlYqiRLkNBw8eZPLkyTbh1c6dO7N161YyMjKwWq0kJSWxcOFCdV0VERERERERERERERERERERERER+RcqkgDr8ePHba6feOIJatSogdmc0xDWwcGBatWqMWHCBHbt2sXo0aPz3Sc9PZ1169YxZMgQatWqhclkwmQy0bx5cyZMmEBUVBTZ2dkF1nH48GFGjRqFt7c3JpOJtm3bsmjRIjIyMvKdb7VaOXz4MBMmTKB58+bGeY0aNeK1117j8OHDWK3WfNeePHmS1157zaizVq1aTJ48mVOnThVYX3p6OoGBgcY5Xbt2JTEx0WbOpEmTjHGTyURERESB+xXk9OnTTJ06lY4dO+Lm5mbUN2zYMHbs2PGX7/DPsrKyWLJkCYcPHzbu9erViwULFtC6dWscHBwAcHd3Z9CgQWzcuJExY8bY7HH8+HFmzJjBwIEDadSokfFsbm5utG7dmgkTJvzluxYRERERERERERERERERERERERGR+5u5qAsAmDp1KgDNmjWjRIkSmEwmY6x06dJMmzYtz5o9e/YwcuTIfAObO3fuZOfOnaxcuZLvvvuOmjVr2oxfuXKFqVOn8v3339t0Cd26dStbt25l6tSpjBo1Cnt7e2MsPT2d6dOnM3XqVJs1AHv37mXv3r3MmTOHjz/+mKeeesoI41qtVpYtW8aoUaNswqoxMTFMmDDhZl7THZeZmcnChQsZNWoUSUlJNmMxMTHExMQwd+5c3n33Xd544w2cnZ1vuOe5c+cICwszri0WC88//zxlypTJd77FYuH999+3ubdjxw5GjhyZZ25qaiphYWGEhYXx6aefEhwczMCBA21+v4iIiIiIiIiIiIiIiIiIiIiIiIjI/a9IOrDWrVvX5nrLli089NBDlCxZksqVK9O/f3+++eYb4uLi8u2yefjwYZ5//vlb6jYKcOTIEb766qs8QdRcCxcu5OjRo8Z1ZmYmn332GRMmTChwDeQELCdNmkRkZKRxLyoqKk949X5gtVoJCQnhpZdeyhNe/bPp06ezYsWKQu0bHx9PTEyMce3n54ePj89t1Zqf1NRUpk6dSmxs7B3fW0RERERERERERERERERERERERETuriLpwNqlSxeef/55Zs6cmWfs1KlTnDp1ipCQEACefPJJJk6ciLe3NwDXrl1j3rx5NiHRzp07M3nyZBo2bIjZbCY5OZktW7Ywd+7cfM/38vJi4sSJPPbYY7i7u3P69GlGjhxphDT379/PuXPnjM6tMTExzJ8/31g/cOBAJk+eTOXKlbl+/TqLFi3ipZdeIjU1lVOnTrF69WqaNWtGVlYW//3vf23Cq3369OH999+nevXqAHz99dcMHTr0dl7nLTl79ixff/21Ecjt3Lkz//d//0ejRo3Izs5m8+bNDBs2jFOnTpGamspPP/1E9+7dsVgsf7nv1atXiY+PN64dHR1xdHS8qdrs7e154YUXGDBgAH5+fjg7O2O1WklKSmLGjBlMnDgRyPmcTp8+nafDroiI/P3k/r0vIiIiIiIiIiIiIiIiIiIiIv8ORdKBtXjx4kydOpWgoCBKliz5l3MXLFjAgAEDOHz4MAAJCQn8/PPPxnjt2rWZNm0aTZo0wWzOyeO6u7vTp08fVq9enW+40dPTk9atW+Pu7g5AxYoV6datm82cuLg443+Hh4cb53t5efHKK69QpUoVTCYTDg4OPPLII/Tu3duYf+TIEdLS0khISGDv3r02tb777rvUrFkTOzs77OzscHJyKtQ7u9Oio6PZsGGDcT1ixAgaN26MnZ0dZrOZ9u3bM2jQIGP82LFjN+zUeqcMGDCATz75BBcXF+bOncvAgQPp3Lkzfn5+Rng11/nz5+9JTSIiIiIiIiIiIiIiIiIiIiIiIiJy5xRJB1bICbG++uqrDB8+nF27drFlyxbCw8P5+eefja6guSIjI/nhhx8YN24cqampJCcnG2N169alUqVKt12Pq6trgWN/DEnGx8fj7+//l3ulpqaSmZl512q9E/4c/Hz00Uf/cv7ly5e5evXqDfe1t7fHYrEYn2FGRgYZGRk3VdvOnTsZOXIku3btuql1IiLy99WvX7+iLkFERETkvqIO9SIiIiIiIiIiIiIi8k9XJB1Y/6h48eK0bduWd999lw0bNpCUlMSBAwcYOHCgzbzffvutUAHK+5mzszN2dkX+yu8qLy8v6tWrZ1xHRUUZ3WsL4+TJk4wePdoIr3bu3Jk1a9Zw9uxZrly5wrfffnvHaxYRERERERERERERERERERERERGRe+uepynT09MZM2YMGzZsIDs7O8+42WymXr16vPDCC/mud3Jyonjx4sb1oUOHOHXq1F2rF2y7s1osFjZs2IDVai3w19q1a/Hw8MDe3h6z+X9NbuPi4vJ0l70ZCQkJNh1db4fFYrG5njt37l8+0759+6hZs+YN9y1btiyNGzc2rlNTU5kxYwbnzp3Ld/7ly5eZNGkSO3bsAHK67UZERBjjo0ePpmvXrpQpUwZnZ+dbeVQRERERERERERERERERERERERERuc8USTvQixcv0qlTJ9q2bcv8+fM5ceIE165dAyA7O5u4uDiWL19us6ZJkyY4OzvnCUgePnyYsWPHsm/fPjIzMwG4dOkSq1evpnv37sTExNx2vQEBAXh5eQE5gcy33nqL1atXc+nSJWNOeno60dHRTJo0iZEjR5Kenk6ZMmWoU6eOMW&quot;
08-31-2019 13:00:17 Wire.java DEBUG [Forwarding screenshot on session 57f77c2899285a2b963db09b270c4ab3 to remote] http.wire 87 - http-outgoing-5 &lt;&lt; &quot;fLli3Mnj2blJQUAJKTk/nll18KPNdkMmFvb29cR0VFER4eTmZmJtnZ2URHR3PgwIFbeqZ69erh7+9vXE+bNo2vv/6axMRErFYrANeuXePEiRN8+umnDBgwgMTExBvu6+joyBNPPEGlSpWMeytWrGDo0KFs27bN+JxzP6N27drx9ttvG2Hm3M8w165du0hPT8dqtfL777+ze/fuW3peEREREREREREREREREREREREREbl/mG885e4JCwsjLCzshvN69epFjx49gJyAZGBgIJGRkURGRgKwevVqVq9enWedr6/vHamzUaNGvPzyy4wZMwbICVXm1pOfESNGADldTrt06cI333xjjE2cOJGJEycW6lwnJyeqVatmc2/IkCEMGTLkZh8hD29vb0aOHElgYCCpqanExMTwzDPPFDi/S5cuhd67YcOGvPnmm7z55ptGx9lVq1axatWqG64tW7YsFovFWDdu3DjGjRtX6LNFRERERERERERERERERERERERE5P53zzuwmkwmnJycCj3/mWeeITg4mDJlyhj3ateuzSeffEKTJk3uRol5mM1mRo4cyaRJk7BYLDe1tnfv3rz88ssFjud2di1Inz59CAgIyHcsICCA7t2731Q9uUwmE/369WPGjBmULFnylvYoiL29PcOGDWPWrFnUrFnzhvNr1qxJ8eLFAWjWrBlPPPFEgXNv9L5ERERERERERERERERERERERERE5P53zwOsTk5OBAUF8euvvxIcHMyAAQNsQo4Wi4UOHTrw3nvvcfDgQebMmUPZsmXz7NOsWTM2b95MSEgITz/9tM0eDRs2ZPz48cyZM4eqVavekbqdnZ0ZN24c/4+9u4/Puf7//38/bDZjWxzTIrEhxorNqGFFiE2JlJOQtHKWEL3fdIL3952RmN5FYtOZ09Eo5l29zfkyMkWtMBM5STnJjmKNpm3H74/9vD5eNmxsx7Fxu14uu1w8X2fH43h5HcfxOnk8H8/vv/9eU6dOVXh4uCnxs1mzZnr66ae1ZMkSTZw4UR4eHpKkKlWqaOrUqYqLi1Pbtm2N9xgREaHly5dr0qRJV3xdf39/LVmyRKNHj5afn58kKTQ0VLNnz1ZiYqJCQ0Ov+T25urpqwIABSktLU2xsrLp27Wq8hpSfWPrEE08oJiZG7733XrESXV1dXdWnTx9t375dS5YsUa9evUzbbtasmUaOHKmNGzfq22+/VXBwsKT8/TVt2jTNnj3b9N6aNGmiJUuWaMqUKdf8fgEAAAAAAAAAAAAAAAAAQNlgiY+Ptzds2NA0MTg4WHa7/Zo26DPhY0lSRlTv6w4OQNFc+rmzWCySVOzPcVHXu7CczWYr1vYBoDBr165Vr169nB0GAABAmRIfH6+OHTs6OwwAKNeqVatW6HTubQEAAAAAAKCsu9y9rQuuNz/s9OnTkqTvvvvuGqK7fhcKXjq8AisAAAAAAAAAAAAAAAAAAABubiSwAgAAAAAAAAAAAAAAAAAAwKFIYAUAAAAAAAAAAAAAAAAAAIBDkcAKAAAAAAAAAAAAAAAAAAAAhyKBFUC5Z7PZ1KNHD/Xo0UM2m83Z4QAAAAAAAAAAAAAAAAAAroIEVgAlYtmyZbJarQX+oqOjnR0aAAAAAAAAAAAAAAAAAKCMIYEVAK5TdHS0rFarUlJSnB0KAAAAAAAAAAAAAAAAAJQLJLACKBE9e/aUzWZTbGysJCk2NlY2m01jxoxxcmQAAAAAAAAAAAAAAAAAgLKGBFYAAAAAAAAAAAAAAAAAAAA4FAmsABwqOjpaVqtVKSkpOnr0qKZPn657771XVqtVHTt21KeffqqcnJxC183OztZ///tf9ezZU3Xq1FH9+vUVGRmpdevW6dy5cwWWt9ls6tGjh3r06CGbzVas+TabTe+9954eeeQRWa1WWa1WderUSa+//rrS0tKUl5dnrD9lyhRJUufOnY1lrVaroqOjC7xORkaGdu3apREjRqh+/fqyWq1atmyZXnnlFdWpU0dJSUmFvvfc3FxNmTJFVqtV//3vf4u1zwEAAAAAAAAAAAAAAACgrHEtrQ37TPi4tDYN4AawdOlSbdiwQT///LMxbceOHRo4cKBef/11DRkyRBaLxZh39uxZTZo0STExMabtJCQkKCEhQZLUvn37Eolt//79GjFihFJSUkzTv/nmG33zzTfauXOn5s6dW+ztnj59WjNmzNC8efP0559/muZFRERo8eLFWr16tVq2bCl3d3fT/KNHj2rDhg3q0qWL7r///uK/KQAAAAAAAAAAAAAAAAAoQ6jACsApVq1apccee0w7d+7UqVOndPLkSb3//vu67bbb9MUXX+jEiRPGsna7XQsWLFBMTIzCw8O1fv16nTx5UjabTYcOHdKyZct09913l0hcubm5WrZsmXbv3q23335bhw4dks1m06lTp7Rv3z4tXrxY9evXlyRZrVYtX75cr7zyiiTpf//7n2w2m/E3ZswY07Z37Nih1atXa8qUKTp8+LCxXM+ePXXPPfeoa9eu2rhxow4ePFggrs2bN2vHjh3q1KmTqlatWiLvFQAAAAAAAAAAAAAAAACcpcQrsGZE9S7pTQK4Ac2ZM0cdO3Y0qqxWqFBBnTt3VlJSklasWKGjR4+qRo0akvKrj65cuVKhoaGaOnWq6tSpY2zH29tbzZo1k6+vb4nE9ddff+no0aPy9/dX69at5e3tbcRXvXp1de7cWZ07d76mbbdq1UoxMTGqXbt2gXmVK1dWeHi44uLitGHDBgUEBBj75o8//tCaNWvUvHlzqq8CAAAAAAAAAAAAAAAAuCFQgRWAU9xyyy1GguYFHh4euuOOO/Tnn38qNzfXmH7gwAFt375dHTp0KDT5syRVrFhRVatW1a5du/TRRx/p0KFDysvLK5Fte3h4qEqVKpedf++996pt27Zau3atTp48aUxPTU3Vpk2b1L59e91xxx0lEgsAAAAAAAAAAAAAAAAAOBMJrADKvN9++02S5OfnVyDptaS5ubkpMjJSoaGhmjNnjkJCQuTv76/u3bsrOjpaaWlpJZbQeilfX1917NhRSUlJ2r59uyQpOztbq1evVrVq1RQRESEXF5dSeW0AAAAAAAAAAAAAAAAAcCQSWAHgEnfeeadWrFihTz75RM8++6waNWqkpKQkTZkyRWFhYXrnnXeUk5NT4q9rsVjUvn17NWzYUImJiTp79qwOHjyojRs36qGHHlJgYGCJvyYAAAAAAAAAAAAAAAAAOINrSW/QZ8LHJb1JAEUIvkTVAAAgAElEQVSUEdXb2SGUClfX/K+qrKwsh71mpUqV1K5dO7Vr106SdP78eW3btk1RUVGKiYlR27ZtFRwcXOKvW7duXbVr104rV67U3r17lZKSol9//VURERFyd3cv8dcDAAAAAAAAAAAAAAAAAGegAiuAMq9hw4aqX7++tm/frszMzALz8/LylJube9n1T58+Xeh6WVlZOnfuXJFicHNzU5s2bdSpUyedOHFC2dnZBZYp6rauxN3dXREREcrKytL8+fOVlJSkBx54QEFBQde9bQAAAAAAAAAAAAAAAAAoK0q8AusFN2olSKAsutErH9etW1ehoaGKi4uTn5+fhgwZoqpVq+rs2bPaunWrYmJilJSUpPbt25vW8/T0VEBAgObMmaOlS5dq2LBh8vLy0h9//KHPP/9cM2bM0P79+03r2Ww2TZ06Vffcc49at24tX19fubq6KicnRwcPHtSOHTvUsGFD3XLLLcY6/v7+kqTly5ercePGuu22267r/QYFBemBBx7QwoULJUkzZ85U1apVr2ubAAAAAAAAAAAAAAAAAFCWUIEVQIlYtmyZrFarhgwZIkkaMmSIrFaroqOjr3vblStX1siRI9W8eXNNnTpV9erVk9Vq1R133KFevXrpzJkzql27doH13Nzc1LVrV9WuXVtTp06Vn5+frFar6tWrp1deeUWhoaG6++67C6x34MABDR48WHfffbd8fX1ltVrl6+ur0NBQbd26VYMHD1aDBg2M5UNDQ40E28aNG8tqtV7Xe69atap69uwpSbr//vvVoUOHa9oOAAAAAAAAAAAAAAAAAJRVJLACKBcaNmyoDz&quot;
08-31-2019 13:00:17 Wire.java DEBUG [Forwarding screenshot on session 57f77c2899285a2b963db09b270c4ab3 to remote] http.wire 87 - http-outgoing-5 &lt;&lt; &quot;74QM8995xq164tT09PdejQQfPnz9eCBQtMCaUXu/fee7VgwQJ169ZNnp6eqlatmvr166cvvvhC//73v+Xr62tavmrVqnr99df173//W23btpWnp6ck6c4771T//v31xRdfKDIyUi4uLsY6derU0Ztvvql+/fqpWrVqkqSmTZuqRo0a1/x+PT095enpqfDw8OvaDgAAAAAAAAAAAAAAAACURZb4+Hh7w4YNTRODg4Nlt9uvaYMXhjLPiOp93cEBKJpLP3cWi0WSiv05Lup6F5az2WzF2j6K5uzZsxo7dqy++eYbzZs3T40aNXJ2SECpWrt2rXr16uXsMAAAAMqU+Ph4dezY0dlhAEC5dqGj8aW4twUAAAAAAICy7nL3ti643vyw06dPS5K+++67a4ju+gUHB0uiAisAlDlff/21Vq1apXbt2qlu3brODgcAAAAAAAAAAAAAAAAAShwJrABQhmRnZ2v16tWSpIiICLm7uzs5IgAAAAAAAAAAAAAAAAAoeSSwAkAZsnv3bq1cuVJdunRRSEiIs8MBAAAAAAAAAAAAAAAAgFLh6uwAAAD/JyQkRGlpac4OAwAAAAAAAAAAAAAAAABKFRVYAQAAAAAAAAAAAAAAAAAA4FAksAIAAAAAAAAAAAAAAAAAAMChSGAFAAAAAAAAAAAAAAAAAACAQ910CaxRUVGyWCyyWCwKDg5Wenq6Me/cuXMaOnSoMT8iIkIZGRmlGk9GRoYiIiIuGxMAAAAAAAAAAAAAAAAAAMCNxukJrHl5edq1a5cmTJigVq1aGYmcPj4+ioiI0LRp05SWlqa8vDxnh3pVFyfHWiwWLV682NkhAQAAAAAAAAAAAAAAAAAAlDlOTWA9fvy4Bg0apCZNmmjSpEnatm2bMc9msykxMVEvvfSSAgMD9dJLL+mvv/5yYrTlR3p6uoKDg41E2qFDh+rcuXPODgsAAAAAAAAAAAAAAAAAAECS5OqsFz5x4oSGDh2qhISEIi2fmZkpu91eylE5no+Pj1avXu3sMAAAAAAAAAAAAAAAAAAAABzGKQmsOTk5mjlzpil51cvLS+PGjdOAAQN02223KTc3V2lpaZo7d67mz5/vjDABAICDxMfHOzsEAAAAAAAAAAAAAAAAOJBTEljT09O1YsUKo+3l5aWYmBj16dNHFoslPzBXVzVp0kQzZ87UE088oZUrVxrLZ2dna8OGDdq4caO++eYbpaamymazSZICAgLUrFkzdevWTY888oiqVKni2DdXTOfOndPo0aMVGxsrSQoPD9fixYvl4+NjLJOdna0vv/xScXFxSk1N1bfffisp/722atVK4eHhat++vXx9fRUVFaV//etfpteIjY01ti9JycnJCgsLc8C7AwDg6jp27OjsEAAAAAAAAAAAAAAAAOBgTklgTU5OVlpamtHu3r27unTpYiSvXsxisSgsLMyUcPnnn39qxowZSkxMLLB8enq60tPTtXTpUnXr1k2xsbG67bbbSueNOMCJEyc0YsQILVu2rMC8C+913rx5mjhxoiZMmOCECAEAAAAAAAAAAAAAAAAAAIrH4Qms58+fV3p6umla69at5e3tXeKvlZCQoBYtWmjcuHGFJseWddnZ2YqOji40eRUoC6xWq7NDAAAAAAAAAAplt9uvOJ97WwAAAAAAACirrnZv60ZRwdEvmJubq7Nnz5qmeXp6Fns7NWvWVGxsrH755Rfl5ubKbrcrOztbW7ZsUWhoqLHcvn379Oeff1533M5w/PhxffXVV0b7qaee0qlTp2S322W325WZmamUlBS9+uqrqlAh/79ywoQJ2rt3r4KCgoz1hgwZorNnzxrrXVzNFgAAAAAAAAAAAAAAAAAAwNEcXoG1JPj4+Oijjz7SyZMntW3bNiUnJys1NVVnzpzRtm3bTMuePHlS58+fd1Kk16dy5cqqXLmy0V6wYIF++eUXderUSc2aNVODBg0UEhKie++914lR4mZ0s2T4AwAAAAAA4MbDvS0AAAAAAACgbHB4AqvFYpGLi4tpWnErpGZlZemNN97QjBkzlJmZWZLhlSlWq1WdOnXSunXrjGnr16/X+vXrjbafn59Gjx6twYMHy8PDwxlhAgAAAAAAAAAAAAAAAAAAFEsFR79gpUqVdOedd5qmbdu2TVlZWUVa32636/3339ekSZOUmZkpLy8vTZo0SXv27JHNZtPJkycVHh5eGqE7nIuLi0aOHKnZs2fLz8+v0GUOHz6sUaNGadKkScrJyXFwhAAAAAAAAAAAAAAAAAAAAMXn8ARWSQoLC1PNmjWN9ieffKKEhIRCh26y2+365ptvNG7cOJ07d05//PGH1q5da8x/9NFHNXLkSDVu3FjVqlVThQpOeUulxt3dXc8995z279+vvXv36tNPP9W4cePUtm1b03KbNm3SL7/84qQoAQAAAAAAAAAAAAAAAAAAis4p2Z5BQUHq27ev0c7MzNSIESM0ffp0HT9+XHa7XTk5OTpw4IDGjh2r9u3bKyMjQ5KUl5dnqjS6b98+HTx4UHa7XefPn9fXX3+tI0eOOPw9lYb09HT16dNHCxcu1M8//6y6deuqe/fumjRpkhISEvTUU08Zy2ZnZ+vvv/+WlF+51dXV1Zi3Z88e/fzzzw6PHwAAAAAAAAAAAAAAAAAAoDCuV1+k5Lm7u2vYsGH64YcftGbNGkmSzWbT2LFjNXbs2CuuW6lSJVP11pSUFAUFBZVqvNfqySef1JNPPlnovCFDhuitt9666jbS0tK0dOnSqy73wAMPqHbt2pIkHx8f1ahRw5i3efNmBQQEGO3k5GSFhYVddZsAAAAAAAAAAAAAAAAAAAClwSkVWCWpXr16ev/9901VRK/Ex8dHLi4uqlKlip5++mn5+fkVupyvr6+8vLxKMtQyr2fPnho9erTc3d0lSVWrVlW3bt2cHBUAAAAAAAAAAAAAAAAAAEDhnJbAKkm1a9fWRx99pB9++EHjx49Xy5YtjXlWq1VdunTR7NmzdeTIEU2aNElubm6SpDZt2ighIUGRkZGyWq2SJC8vL0VGRioxMVGtW7d2yvspaQ0aNNCSJUs0depUhYeHG+9Vkpo1a6ann35aa9as0cKFC1WrVi1jnsViUWRkpFasWKGePXua9lGHDh1uugRfAAAAAAAAAAAAAAAAAABQtlji4+PtDRs2NE0MDg6W3W6/pg36TPhYkpQR1fu6gwNQNJd+7iwWiyQV+3N8YT0AAAAAAAAAAAAAAAAAQNl2rflhp0+fliR99913JR5TUQQHB0tycgVWAAAAAAAAAAAAAAAAAAAA3HxcnR0AgLLjWisvAwAAAAAAAAAAAAAAAABQHFRgBQAAAAAAAAAAAAAAAAAAgEORwAoAAAAAAAAAAAAAAAAAAACHIoEVAAAAAAAAAAAAAAAAAAAADkUCKwAAAAAAAAAAAAAAAAAAAByKBFYAAAAAAAAAAAAAAAAAAAA4FAmsAAAAAAAAAAAAAAAAAAAAcCgSWAEAAAAAAAAAAAAAAAAAAOBQJLACAAAAAAAAAAAAAAAAAADAoVxLa8M+Ez4urU0DAAAAAAAAAAAAAAAAAACgHKMCKwAAAAAAAAAAAAAAAAAAAByqxCuwZkT1LulNAgAAAAAAAAAAAAAAAAAA4AZS4gmsAMoOi8Xi7BAAAAAAAAAAAAAAAAAAACiggrMDAAAAAAAAAAAAAAAAAAAAwM2FCqzADchutzs7BAAAAAAAAAAAAAAAAABAGXTmzBlnhyCpFBJYfSZ8XNKbBFBEGVG9nR0CAAAAAAAAAAAAAAAAAABXVcHZAQAAAAAAAAAAAAAAAAAAAODmUuIVWC+gEiTgOFQ+BgAAAAAAAAAAAAAAAACUJ1RgBW4CSUlJGjFihH7//Xf+ysHf5f7/gBsJx3XJYD+WDPZjyWA/lgz2Y8lgP5YM9mPJYD+WDPZjyWA/lgz2Y8lhX5Yc9mXJYV+WHPZlyWFflhz2ZclhX5Yc9mXJYV+WHPZlyWFflhz2pWOxv0sO+7LksC9vTCSwAgAAAAAAAAAAAAAAAAAAwKFIYAUAAAAAAAAAAAAAAAAAAIBDkcAKAAAAAAAAAAAAAAAAAAAAhyKBFQAAAAAAAA&quot;
08-31-2019 13:00:17 Wire.java DEBUG [Forwarding screenshot on session 57f77c2899285a2b963db09b270c4ab3 to remote] http.wire 87 - http-outgoing-5 &lt;&lt; &quot;AAAAAAAAAAAA5FAisAAAAAAAAAAAAAAAAAAAAcigRWADeElJQUWa1WWa1WtWnTRvv37zfmLVu2zJjXo0cP2Ww2J0YKAAAAAAAAAAAAAAAAACCBFUCZdOLECXXv3t1IPLVarZo9e7bsdruzQ4MTbNmyRRaLxfS3ePHiAsstXrzYmD906FCdO3fOCdGivNq9e7cCAwNNx9mnn37q7LDKhaioqAKf0Yv/WrVqpTfeeEO//fabs0MtN44cOaJp06bpwQcflLe3tywWi/z9/dW7d2/FxcUpIyPD2SGWSYX9Xlz48/f3V7du3fT222/ryJEjzg61zDt37pyGDh16xc82v7lFc7XvSPZj0Z07d05r1qxRZGSkQkJCjH3XqFEjde/eXXPnztXJkyedHWaZdOn3Y2Hn0hkZGYqIiDCWiYqKckKk5cOVfm8u/G3ZssXZYZYL6enpCg4OLnQfRkREcM5zFVf7bOfk5Gjq1KmmZaZOnaqcnBwnRVy2XXr+wzFYPIV9ni93Tf3BBx/web+KwvbnlClTlJuba1ru4u8B9uPVZWRkaO7cuXrkkUfk4+Mji8UiHx8fPfLII5o7dy77rwiudq14YX/GxcUpKyvL2eGWCxyX1+9q5+cX9ucnn3yi7OxsZ4dbLuTl5WnXrl2aMGGCWrVqZdqXERER+ve//61NmzbxOb+M4txXu/AXHBys9PR0Z4de5hT1HP3i+2/sy4Jyc3P16quvGvsoMDBQu3fvLnTZw4cPKywszFj2X//6V4FzUEhr1641fYY//vhj0/xLj93CjstLz/mnTJniyLdQbixdutR4TmaxWDR48OACvz+5ubmKjo42lvH29lZcXBy5JZf45ptv5O/vb+yn9u3b65dffimw3Jdffqnbb7/dWO6f//wn51CFKO7vPc+ArowEVgBlUlpampKSkkzTtm3bptOnTzspIpQ1H3zwQaEnVMC1Sk5OVlpammlaUlISJ+QlYNu2bXrllVf0yCOPFNjHMMvJydGcOXPUrFkzvfTSS1q/fr0yMzMl5d84io+PV79+/dSwYUNt377dydGWL4cPH9aqVas0evRo3X333Zo0aRIXikA5snPnTnXs2FHh4eGaN2+evv32W2Neenq6Vq5cqSFDhujOO+/UnDlznBgpAJQdy5cv1+TJk432sGHDNHz4cLm6ujoxKtxMli5dqt9//9007ffff9fnn3/upIjKt4ULF1420QBXZrfbtWLFCoWFhWnIkCH67LPPjFG6bDabPvvsMw0ZMkRhYWFasWIFD7qvw4X92a9fP0VGRurEiRPODqnMKs5xuXr1ao7L63Bhf/bo0UMvvvgiSZdXkZmZqXHjxqlJkyaaNGmStm3bZsyz2WxKTEzUa6+9pnbt2mnlypVOjBRAUbm4uKhDhw7y8vKSlP8c/uLP9sVSU1O1detWSZKXl5fatm0rFxcXh8VaXtSpU0dBQUFGOy0tzfRbffLkSf3www9GOzU1tUAC65EjR5Sammq0W7RoUYoRl1/du3fX4MGDjfbSpUuVkJBg2t/Jycl69913jfaAAQPUvXt3WSwWh8Za1jVr1kxDhgwx2hs3btTy5ctN+/LcuXOKi4vTsWPHJElBQUF69tln5e7u7vB4cXMhgRVAmXP+/HmtXbu2wPRNmzbRYw6GjRs3Ki4ujl5/KBGnT5/WunXrCkxPSkrSoUOHnBDRjSklJUWffPIJN9wvw263KyYmRi+99JLxwOJybDab/v77bwdFduPJzMzUhAkTFB0dTZI6UA4kJSXpscceK1JFy8zMTJ06dcoBUQFA2ZaWlqa3337b6AzVrVs3/etf/1KVKlWcHBluJqtXr9bOnTtN077++utCr79xdWlpaXrvvffoiHcNPv74Yw0YMOCq95bT09M1YMCAAhW0cG2WLVvGdfcVFOe47Nevn5YvX+6gyG5ss2fP1tKlS50dRpmVnZ2t1157TW+88YazQwFQwgIDAxUaGmq0k5OTCyT0nz9/Xps2bTLaYWFhpiRN/J/bb79dTZs2Ndq7d+/WmTNnjPbRo0dNCayS9P3335uej+3atcv4d+vWrdWwYcNSjLj8cnd31/DhwxUWFiYp//7vzJkztX//fkn5I/u+9dZbOnz4sCSpXbt2evnll+Xh4eG0mMsqFxcX9enTx9iXkvTRRx9p3759Rnvz5s2Ki4sz2pGRkWrUqJFD48TN6aZPYC2spO/FD8UuLdvNEHpA6Tt27FihVeX+/PNPbdiwgYRFGD766CMqT6BEpKenF5oUk5qaquTkZCdEVH4FBQVp7969stvtys3N1dq1a+Xn52fMP3r0qP766y8nRlh27dixQ9OnTzeSDLy8vPTSSy/p6NGjysvLU3Z2tpKSktSlSxcnR1p+LFq0SHa7XXa7XTabTR9++KECAgKM+dOnT9fq1audGGH5ER4erlOnThn78+K/mJgYbgYV0cXfkezHojl58qT+85//GDcgJalLly5GlXS73a7s7Gxt3rxZffr0cWKkuJmEhYXJbrfr7NmzpqoFQ4YM0dmzZ2W32003gnF5AQEB+u677wrdn7h2J06c0CuvvKKUlBRJUmhoqKZMmaLbbrvNyZHhZpOZmalVq1YZyWtZWVlasmSJcc2D4ps/f742b97s7DDKlUOHDmnWrFmma+3o6GjZbDbjWjE6OtqoSJaZmalZs2bRobmILr5W/Pvvv7Vx40ZTcsxXX32l48ePOzHCsqm4x6XNZtOMGTM4Lovo4vtB2dnZSkhIMN2f3L17t86fP+/ECMuu9PR0rVq1ymiPGzdOx44dU15envE5//nnn5WQkKA+ffqoQoWbPtWgUB4eHoqJiTHd99m7d68pEfDi49Rut+u7774z3bcESlqNGjXUtm1bo52SklLgd+XYsWPGdaSUf//Dx8fHYTGWJ15eXmrWrJnRPnjwoH777TejvX379gLXPfv27dOff/4pSTp79qz27NljzAsMDNStt95aylGXX/7+/hozZoxxbpSSkqKZM2fqzJkzmjdvnhISEiRJNWvW1Pjx41WrVi1nhlum+fv767nnnjPaqampWrx4sXJzc/X777/r/fffN47dhx9+WL1796aS7WUU9nt/4W/Pnj2m6yI/Pz/16dOHZ0BX4JSzyoyMDEVERJiSRtu3b3/ZoaB3796twMBA0/JDhw4tdz2Njx07po4dO5reR1hYmOlBHID83kc7duyQJLVv317Dhg0z5m3fvp2KSje5Bg0aGMlbaWlpWrBgQZF68S9evNj47g0ODjb1bL/0d2nx4sXGvC1btpjWS0tL08aNG9W9e3d5e3urUaNGmjZtmnEid+jQIb344ovy9/eXj4+PnnnmGf34448lvBdQkux2u5KTk42hEJ588kk9/fTTxvzCeqGiaCpUqKBmzZqZeuZZrVa5ubk5MaqyKTc3V6tWrTKdF44bN06TJk1SrVq1ZLFY5ObmpjZt2ig+Pl5RUVHcIC6matWqKTIyUitWrDAuGjMzM7Vo0SKdPn3aydEBuJzk5GTTw7OBAwcqLi5Obdq0MX5P3NzcdN9992nRokX67LPPVKlSJWeFCwBOl5OTo5kzZxoPb/z8/DR16lQ1btzYyZHhZrVs2TJjWMzdu3crMTFRXl5e8vX1dXJk5Uvv3r0l5V/DvP/++/r999+dHFH5sX79elOn5bFjx2rUqFGqVq2apPxrxVGjRmns2LHGMlu2bNH69esdHmt55+rqqgceeECRkZHGtKysLDoyF4Lj0nHc3NwUFhZmuj9ZqVIlhsO+jMzMTNPzjJCQENWoUcNIXHF1ddUdd9yhrl27Ki4ujo6kQDlisVjUrl07IwEwLS1N27ZtMy2zY8cObd26VVJ+ImCnTp1IXLuCu+++2/j3jh079Ouvv0rK/y799ttvCyz//fffG8v88ccfRgVRKT+BtXLlyqUccfn28MMPa8SIEUZ7/vz5evnllzVnzhxj2gsvvKA2bdo4I7xy5aGHHlLPnj2N9vLly7V79259+eWXRtEXLy8vDRo0SDVq1HBWmOXWpR3Lvby89Prrr3NsXkWZeeq9cePGQqsf5ebm6uOPP1ZaWpoToipZe/bsMfVYkaStW7caiXq4NhcnpV2aeI&quot;
08-31-2019 13:00:17 Wire.java DEBUG [Forwarding screenshot on session 57f77c2899285a2b963db09b270c4ab3 to remote] http.wire 87 - http-outgoing-5 &lt;&lt; &quot;by5+zZs0pMTDTazZs3V+fOneXp6Skpf/jQG+H7ANeucuXKev75542KRnPnzlVSUpJDXvvkyZN68cUX1b59e61cuVKZmZlKT0/XSy+9pH/84x9699131bx5c2OYApvNpo8++kiRkZH0ji/Djh8/rv/9739G+4EHHtCDDz5otLds2aIDBw44I7RyLycnR1u3btXevXsl5T88f+yxx7hBXIgzZ86YhtYMDQ1Vr1695OrqWmBZDw8PjR8/Xq1atXJkiDeMRo0aqVevXkY7NTWVDmVAGXX+/HlTJfSaNWtq0KBBxo32S1WoUEEPP/ywxowZ46gQAaBMsdvtio+P1zvvvCOJG+RwrpEjR6px48Y6duyYPvvsM6MC3rFjx/Tggw/q8ccfd3aI5Uq/fv2MB4zLli3T8uXLTcOPonB//fWX6Vq7QYMG6tq1a4FrbVdXV3Xt2lUNGjQwpu3cuZPEy2tgt9tNHcFdXV25D3QJjkvHOn36tD799FMjIUuS6tevz3F5GZUqVVLNmjWN9qBBg/TUU08pLi5OBw8epHItUM4FBgaann9dXMDlwghwF7Rs2dL0G4SCGjZsqNatWxvtCzkMNpvNeK4YGhqqiIgISfnPIo4cOSJJOnLkiJEn5OXlpXvvvdeRoZdLrq6uGjZsmNq1aycpP1F4zpw5xvOdbt266emnny70uRrMqlWrpqFDhxq/+WlpaYqKitKMGTOMol19+/ZVp06dnBlmuZSVlaWJEycaHcul/IJFvXr1okPAVZSZBFZJ+vzzzwv0HD5y5IjWrFlTaq9ZWEnf0hjm7fz58/r8888LHR5pzZo15a6aLFBajhw5om+++UaS5OnpqdatW6tRo0am8tpr167lIvkmV7duXQ0YMECS4ytPPPHEEzp79qz+/vtvffTRR8b09957T/v379euXbuUl5enzZs3GxVutmzZUujw9CgbLu5g0rhxY7Vs2VItWrQwhvP58ccfqW5QDKmpqWrUqJEsFosqVqyorl276vDhw7rnnnv04Ycfqnnz5s4OsUzKyMgwDakXHBxMr8ZSYrFY1KJFC6P9448/6sSJE06MqHxITExU9erVTR3HLvzxG1d0F39Hsh+vLisrS/v27TPad911l+rWrevEiG4cTz75ZIFjsHr16qbOhADKn//+97969dVXjfuP3CCHMzVt2lQdO3aUJK1atUqrVq3SihUrJOVXzrk4OQZXZ7VaNXDgQKMjz/z58+mIVwTnzp0z7ad69epddjjRWrVqqV69ekb78OHDPLcppvPnzysxMVELFiwwpgUGBuq2225zYlRlD8dl6bv4eqdq1aoaPHiwcX7UrVs3Y4Q3FFSvXj3dd999Rttms2nhwoXq16+f6tWrp+rVq6t79+5avXp1kUbGA1C2VK1a1fQZT0lJMQrw/Prrr6ZibPfff79RGRyF8/X1VZMmTYx2enq6zp8/r3379hkdJ1q3bq3OnTsby6SkpMhut2vfvn3Gb1Pz5s2551lEtWrV0vjx4wtcT/r5+Wn8+PGcdxZDWFiY+vbta7SXL1+ujRs3Ssp/Xj5s2DCGuy+mnJwczZo1S7NnzzamDRs2TMOHDyexugjKVALrihUrjA+ElN9Tc9WqVQWqlpZHv/zyi6l338W+/PJL/fTTTw6OCCibtm3bZjykbt68uRo1aiSr1WpKYN2+fbsx1DduXt26dVPXrl0lOa7yhK+vr1q2bCkPDw+5urqqVatWRpKjJLVo0UI1a9aUxWJRkyZNdNdddxnz+J4vm3Jzc7V+/XrjIjE0NFT+/v6qU6eOWrZsaSy3efNmhue7Tnv37tX8+fNNQ6Lg/+Tm5ionJ8fZYdw0Lq2ycfLkSSdFAuBK8vLyTN+NLi4uqlAh/zZGRkaGIiIiCk0GHjp0KA91AdyU4uPjTQkxZ86ccV7BpaEAACAASURBVGI0uNlVqlRJXbt2lZeXl1JTU9WrVy+lpaUpNDRU7du3d3Z45dL9999vPGDcsmWL3nvvPa4jr+LS88niyMnJUV5eXglHdOO5uLOju7u7OnfurNTUVEn51cQef/zxy46gcLPiuHSeZ555RjExMSS3XEG1atUUFRV12WJPmZmZWrlypTp37qxBgwbpt99+c3CEAK6HxWJR27ZtTVUXt23bJkn69ttvjbycBg0aqEOHDk6Ls7zw8PBQs2bNjHZaWppOnz5tym9q3ry5mjdvbpwP7du3TzabTd99952xTGBgoKxWq+MCL+datGihtm3bmqZ16NBBAQEBToqofHJ3d9ezzz5rynW4IDIy0pTngKu7MCrS5MmTjWkPP/ywJkyYoCpVqjgxsvKjTCWwSvmVAi6UKT9+/Lg+++yzIq2XmZmp+Ph4Pf/882rTpo28vb2Nh1chISGKjIzU2rVrC+0NFhUVZSwbHBys9PT0En1PkrR161bjh8rLy0uPPvqoMS8tLc00LGJh7Ha7Dh06pGnTpunBBx803p+/v7969+6tuLg4ZWRkXPc6WVlZWrp0qXr37i1/f39ZLBb5+PjokUce0dy5cwssL+X3Fh06dKixDyMiIgosd/E+vrS60JYtW0zzFi9erIyMDM2aNUstW7aUxWJRo0aN9K9//ct0IXThgeWTTz5peq2Le1ZeGktGRobmzp2rbt26Ge/PYrGoVatWevXVV7Vp0yYedDrRmTNntGnTJqN97733Gje/7r//fnl6ekqSduzYoe+//95ZYaKM8PX11fPPP2+qPHFxhS5nc3Nzk4+Pj7PDwFUcPXrUNCTKfffdpypVqsjDw0P333+/MX3btm368ccfnRHiDSMzM1MLFixQ//79jWFU8H9cXFzofedAubm5pravr6+TIgFwJRUqVDB9N+bm5vKwFgCK4Z133lF8fDzDjMNpQkJCTEOUSlKnTp1Up04dJ0VUvnl4eGjYsGHGiD+LFy++IYp/lKZLzyeLw9XV1eg8heLz8vLS66+/rocfftjZoZQ5HJfOERoaqpdffpkRj4ogICBAiYmJWrJkiR599NHLJqEvXLhQ77//foH7bADKtoYNG5rO0ZOTk5WRkWF6VhYWFqb69es7I7xy5+677za+Jw8cOKB9+/YZz6sbNGigJk2aqG7dusbohHv27NH+/ftNz7SbNm2qSpUqOT74cuqLL77Q559/bpr24YcfKiEhgfsfxdSoUSNFRkaaprVr1059+/YtUAgGV/bll1+aRkXy8/PTmDFjOPcshjJxlVOzZk0jG/6TTz4xenls2LBB69atk6SrXuT++uuvev311zV79mxt3rzZOCik/N4i8+bNU6dOnfTiiy8aCbKOkpWVZbwPKf8i6eIbTVJ+L9XLVXY7d+6cJk+erKZNm+qll14yVYo7fPiw4uPj1a9fP1MZ4mtZZ+fOnQoPD1efPn1MFRtsNps+++wzDRkyRGFhYdq0aVOpfvGvW7dOHTp00IgRI4wbcOnp6YqKitKQIUOuuTffl19+qbCwMA0ZMkSrVq0yVaTYtm2bpkyZonbt2mnnzp0l8j5QfPv37zfddI2Ojtatt94qq9Wqzp07688//zTmbdy4UX/99ZczwkQZcmnliaioKCdHhPJmx44dpgrpAwcONDo3XNxB4tixY1qzZg0XPkUQFBSkvXv3ym63y263Kzs7W59++qnRozclJUWrV692cpRlj4+Pj+kiZs+ePYV2HML1s9vt+uabb4x2gwYNqLxRBOHh4Tp16pTx2b7473JVOVDQpd+R7Mcr8/DwkJ+fn9HevXu3Dh486MSIbhyLFi0qcAyeOnVK4eHhzg4NwHXo1q2btm7davymZGZmaubMmdq7d6+TI8PNqlq1aqb7+jVr1lSXLl14EHYd7rrrLvXv319S/n3+l156yckRlW2Xnk/+9NNP+uWXXwpd9pdffjGNoOTn58eQmdcgICBAL774olJSUvT888/TWbcQHJelb9GiRcrLy9Pbb79tTEtJSdHbb7/t8GfE5VWVKlX0xBNPaMWKFTp16pR++uknLViwQF26dDEtt2XLFqr+A+WMl5eXqXplSkqKkpOTTc/oLxR7wdVdnJz6448/asOGDUYhroYNG6p27dqqXr26Ual1x44dWrdunZHAWrNmTbVo0cI5wZdDaW&quot;
08-31-2019 13:00:17 Wire.java DEBUG [Forwarding screenshot on session 57f77c2899285a2b963db09b270c4ab3 to remote] http.wire 87 - http-outgoing-5 &lt;&lt; &quot;lpevvtt035YBdMnz6d+x/FZLFYFB4eriZNmhjT2rVrp1q1ajkxqvLn0KFDGjdunJGDdqEzX5s2bZwcWflSJhJYmzZtqlGjRknKv7G6atUqHTt2TJ988omk/ITPnj17lshrzZ49WytXriyRbRXVgQMHTBVHW7VqpZYtW5oO1stVdsvJydHMmTM1YcKEQr+EC3Mt6xw6dEgjR440xVmY9PR0jRo1qlS/+OfNm2cMMXOpFStWaM2aNcXe5qFDh/Tqq6+WSnVdlAy73a5t27bpxIkTRVp+69atOnToUClHhbLOw8NDAwcONN3wA4oqOzvb1KP0apKSknT8+PFSjOjG5ObmpjZt2qhp06bGtIs7JCCft7e3QkJCjPbmzZu1ePHiQoeUy87O1jvvvKOvvvrKkSHeMPbu3av4+HijTW9yoOyqVKmS6bvx2LFjev3113XixAn5+Pho9erVJF4CN5Dz58/Tgec69ezZU61atdKYMWOMCjApKSkaN24cw7vCadq3b6/Q0FBJ+Z2iGIbw+ri4uKhPnz50fiqiS88nf/zxR61atarAtXZOTo5WrVplekYTEhJCJawiuLSz4969e/Xmm2+qcePGslgszg6vTOK4dAyLxaKnnnrK9Hx54cKFVGe7iqVLl2rWrFmm0Srd3NxUt25d9e/fX4sWLVK/fv2MeTk5OYyUglLl5uZmGlr9+PHjOnXqlGmZc+fOmToCXCiOhMtr2bKlUWwtLS1N06ZNMxJYg4KCdN999zkzvHLl4uRUSZozZ46R69K0aVN5e3vLzc3NSHKVpHfffdf4fb/rrrsYoaKIsrKyNGvWLONYDQ0NVWxsrJEnkJqaqrfeeovOKsVksVio8H8dsrKyFB0dbcq1GzdunHr16sX1UDGVmaPwvvvuM0qVJyQkKDY21qha2qlTJ9WtW/eq2wgKCtKSJUt06tQp5eXlyW636+zZs0pISChQtcVRwxnY7XatW7fO+AHy8vJSeHi4vLy8TEMTX66y265duzRnzhyj7eXlpejoaNlsNtntdv3999/avXu3/vnPfxoHf3HXsdvt+vTTT00fqP79++vnn3+W3W7Xr7/+qkGDBhnzUlNTNW/ePJ0/f75kd9b/b/jw4Tpw4IByc3N19uxZTZ482TT/xx9/lN1uNx5YLlq0yDT/4koyq1evlo+Pj77//nvT+4uJidHff/8tu92u3NxcnTx5Up999lmJJUqj+Gw2mzZu3Fjk5fft22eqnoabV3BwsOmGCVBUhw4dKlYCa0pKivbs2VOKEd2YsrKy9Omnn5oq3VJ9oyAXFxd17drVdM46efJkRUVF6fjx47Lb7crJydGOHTvUv39/jRw5kpvDxXT69GktWrRI3bt3N25weHl5qU+fPvQmB8qwiIgItWvXzmgnJCRowIAB+t///qfTp087MTIAJencuXOKj49XYmKiMa1+/fr8Rl+jiIgIDR482GivWLFCH374YaGdo4DSVrduXW3btk12u10fffQRn+sS4OfnpwEDBjg7jHKjQ4cOpoTfadOm6e233zZGxPv999/19ttva9q0acYyYWFh6tChg8Njxc2D49IxqlWrpvHjxxtJWpmZmZo0aZJ++OEHJ0dWduXm5mrEiBEKDQ3VjBkzdOjQIeMcMicnRwcPHjQlDwYGBhodp4DS4OLiYuoAlZqaqjfffFPHjh2TlH8tuWjRIsXFxRnLBAYGytvb2+Gxlif16tUzFVu7+PlNy5YtSagsBjc3N2O0aUnGsSnl78sLo080adJEDRo0KLBMkyZNdMsttzgo2vLLbrcrISFBCxculJT/bGfkyJF65pln9PzzzxvLvffee4qLi6OzChwiJydHs2bNMo18PmzYMA0fPpxn4degzCSw1qhRQ507d5aUP/TNa6+9pszMTPn5+alr165XHVYoICBA8+bNU1hYmBITEzV8+HCFh4crLCxM3bp1Mw0Xb7PZSi358lJ//PGHkpOTjXZYWJjxA9aiRQsFBQUZ8wqr7JaSkmKKfcSIERo1apSqVasmKT8BJDAwUNHR0Ro/fvw1rXPmzBlTBa+aNWtq+PDhuuOOO4z2P/7xD1OsO3fuLLWHhS1btlS9evVUoUIFeXh4qEuXLsaPuZTfs6q4Q8dXrVrV1H711Vf1zDPP6IMPPtBXX32lChUq6KGHHlJ8fDy9151k165dRjKJp6enVqxYIZvNZvr78ccfTTdo1q1bx9AkkKurqwYNGnTVz26jRo2MIcxTU1P11VdfKScnR+fPn9fXX3+tI0eOOCJclCHJyclGL8jGjRtr165dBYbS3bt3r/H7l5mZqc8//9xh5xDlVWpqqho1aiSLxSKLxSJPT08NHjzYqArv5+enjh07OjnKsik4OFjPPfec0c7MzNTEiRNVs2ZNVahQQRUrVlSLFi20bNkyJ0ZZvjz55JPGsVi1alX179/fVJF/3Lhxat++vRMjLD8SExNVvXp1Y39e/Dd06FBTZQ6gJNWqVUv/7//9P1OCf2Jioh566CFVrVpVFotF1atXNyW9AaVty5Ytslgsqly5smJjY43psbGxqly5siwWy1VHuLnZZWRkKCIiwvgtqVy5sumcUcpP7KDC2LVxd3fX6NGjTR0AJk+erM8//9yJUZU/Vzr/iYqKcnZ4uIlZLBb16NGDYgxF5O/vrxdeeMGoxJaZmakxY8bIarXKYrHIarVqzJgxxm+Q1WrVCy+8IH9/f2eGjRucn5+fhg0bZiT+Xe249PLy0vDhwzkur0GTJk00evRoo52WlqZJkyYZycIo3A8//KBRo0apbt26qlixoiwWiypWrKhmzZoZ199+fn56/PHH5ebm5uRocaN74IEHTNc27733nm6//fZCryVr1qypxx9/XO7u7s4Kt1zw8PAwFVu7WKdOneTh4eHgiMq3Fi1aGM+gL2jSpIkaNmxotGvXrm1qX9C8eXO+R4tg7969mjZtmvFZ79+/v7p16yZXV1f1799fDz/8sLHsW2+9RWcVOMSBAwe0ZMkS07TZs2fL09Oz0HtJwcHBjBp+BWUmgdVisSg8PNzoBXdBt27d1KRJk6uu/9tvv2ngwIGqU6eO+vXrp9mzZ2vNmjX69ttvSyvkItm5c6dRSVbKT2D18fGRlH/jpG3btsa8devWadeuXab1T548aWqHhoZeNVO7uOvk5OSYHhAEBAQYyasXVK9eXTVq1DDav/32m2w22xXjKCnu7u6qXLnydW2jcePG6t69u9G22WxauHChBg4cqPvuu0/Vq1dX27ZttWHDBnpjOEFubq62bt1qDCndvHlzNWrUqMByVqvVGHJMyk/W3r9/v8PiRNlVlMoTgYGBevzxx412ZGSkKlasKHd3d7322ms6e/ZsaYeJMiQrK8vUwSQ0NLTQG8B16tRRy5YtjfbWrVtNQ9GgeKxWq9544w3TUCn4P66urho1apRmzZp11SGO/Pz8uKlxHaxWq2bNmqVRo0bRCxIoB9q0aaO4uDjdc889zg4FgIO8+uqrCg8Pd3YY5VqtWrX08ssvmxJjpkyZorS0NCdHBqAkVKtWTQMHDqTqXRH16NFD77//vqk6VmECAgL0/vvvq0ePHg6KDDcri8WiPn36aP78+UU6LufPn6/evXs7KLobi8ViUe/evfXUU08Z05YtW6a5c+dSnb4Q7u7uRfptCQgIUExMjFq3bu2AqHCzq1WrlqZPn37VQjZWq1XTp0/Xfffd56DIyrfWrVubnrtL+c/KmjVr5qSIyi8/Pz9TMTgp/3vy4qRWb29vNW3a1LRMgwYNipQLdbM7c+aM3njjDaMoUVBQkIYPH26M7lGjRg2NHDnS+P1KS0vTm2++SSE0oJwpMwmsknTnnXeaKnJ5eXmpa9euV+0hk52dralTp+rDDz+UlP8DERMTo59++kl//PGHqXqaI+Xm5iopKcmUHDphwgRVqFBBFotFlSpV0syZM03rfPbZZ8rOznZ0qDe8W2+9VbNnz9agQYMue+G1efNmPfroo1q7dq2Do8Nvv/1mqgJ87733qnr16gWWs1gsuv/+++Xp6SlJOnHihDEEGW5uFotF3bp1U9euXS+7jIeHh1577TVNmDDBuCnYoUMHLV++XJ988k&quot;
08-31-2019 13:00:17 Wire.java DEBUG [Forwarding screenshot on session 57f77c2899285a2b963db09b270c4ab3 to remote] http.wire 87 - http-outgoing-5 &lt;&lt; &quot;mhSdO4cR04cMBUFeu+++4rdBjDS3uhpqSkOL1zTHnUsmVLjR8/Xjt27NATTzwhi8Xi7JDKLHd3dz3//PP69ttvNXXqVHXo0ME4d7mQrB8fH6/vv/+eRK5iujCyQ2xsrNLS0vT888/TEx8oJywWi1q3bq2kpCQlJibq6aefNj3kDQgI0BNPPKGZM2dq9+7dmjVrFpUigDKuQoUKqlWrlqm68oVznU2bNikqKophxktA+/btNWLECKOdkpKiN954g4c4wA3i/vvvV9++fZ0dRrlgsVjUvXt3bdmyRbGxserSpYvRcdRqtapLly6KjY3Vli1b1L17d+5bwCGudFxe8PLLL3NclgBvb2/94x//MBVRmjNnDqMmFKJHjx7av3+/Fi9erCeeeMJ07e3n56devXppyZIl2r59uzGiAuAIISEhSkxM1OLFi9W1a1fjWtLLy0sdOnTQ1KlT9e2336pv376qUKFMpcCUWbfffnuBBNbWrVurVq1aToqo/PL29i5QqC8oKEje3t5G28XFxVQwR5Lq16+v22+/3SExlld2u10ff/yxFixYYEz75z//WeC5ftu2bTV48GCjvWDBAn388cfkkQDlSJkqN+Tu7q5+/fpp2bJlOnbsmB588EGFhIRcdb2ff/5ZmzZtMtp9+/bVwIED5eLiIil/yHlnOHr0qNavX1+sdVJSUvTrr7+qbt26kmQk6l08/6GHHrpipajiruPq6mpK6kxPT9fRo0dNP5ZnzpzRH3/8YbRvvfXWy1YGO3XqlH7//Xej0mxZUaNGDc2dO1dvvfWW9uzZo++//147d+7U+vXrjTLNmZmZWr16tR544AGqmjlQjRo1tGrVqiItGxoaWuhQ76GhoZetCtyzZ0+G1CrnwsLCrnqC6evrq4SEhCsuY7VaNXHiRE2cOLHAvNWrVxf7tQMCAvTdd98VOs/Dw0MxMTGKiYm5YkxwjqZNm2rfvn1FWrZfv37q169fKUdUvk2YMEETJkxwdhg3lDp16mjs2LEaO3ass0MpV4rye4Gi4Xes5PAdWXI8PDzUqVMnderUydmhlDtF+X708fG57DkxzPi9uX7VqlXTBx984Owwyr2rHYuurq6aPHmyJk+e7MCoyi/Of67Ple6RFIZzpCsryv7kmC0+Hx8fDR482PRwG8XDcVfyLj4uMzIy1K9fP2OI9tOnT5OIVQRFOT9v2rSp9uzZ46CIyjdfX1/17duXThIlrLjnSiioSpUqHJslyN3dXTNmzNCMGTOcHUq55+bmpv/85z/6z3/+c8Xlunbtyv2kYrJYLBo0aJAGDRp0xeXc3d01ffp0TZ8+3UGR3Tj4fbp27LuSVeaueu699179+uuvstvt+vTTT1WtWrWrrpObm2sa5mHPnj3G8L5ZWVnatm2bTp48WWoxX86OHTu0devWYq2TkpKiDRs2GO2wsDBTafF33nlHsbGx+v333yVJOTk5OnDggMaMGaNJkyZd0zre3t5q1aqVsfyxY8c0a9YsHT16VJKUkZGh6OhopaSkGMuEhITolltukZT/o3EhWfjC+05OTlZOTo7y8vK0a9cuff/998XaD8VxaWLujh07lJWVZZq2ZMkSPffcc1qzZo3Onj2r5s2b69lnn9W7776rJUuWmHrEZGdnKy8vr9TiBQAAAAAAAAAAAC7m5eWlwMBAoz1nzhxZrVZZLBZZLBZFRUU5MToAAAAAKB1lLoH1Wnh7e+vWW2812gkJCfLz85PFYpGnp6eefvppHTt2zKExnTt3TmvWrDHaNWvWVEpKiux2e4G/SysGJicnGwmYISEheuGFF4x5mZmZGj58uHHBWrFiRd15552aPn260VujuOtYLBY99thjCgsLM9ZZuHChateuLYvFourVq2vOnDnGvKCgID399NNGhdJKlSrpzjvvNL2HyMhIVaxYUS4uLmrSpImWL19+vbv0svz8/EwVZN966y15enrKYrEoIiJCGRkZysvLU0xMjMLDw+Xr6ysXFxfjgj8kJERpaWmS8m8OdOrUSZUqVSq1eAEAAAAAAAAAAICLubm5adCgQQWGdAYAAACAG9kNkcBao0YNRUZGmpIYL+br63vZeaXlp59+0pdffmm0w8LCFBAQUOiyQUFBat26tdFOTEzU3r17JeVXFx0+fLjGjx9f5PdwLev4+/tr5syZpiTWwgQEBGjmzJmmiqWS1L1798uuGxYWpocffrhIcVyLwMBAde/e/bq34+XlpfHjxysiIqIEogIAAAAAAAAAAACKrnHjxlq6dKlefPFF03PFZs2amUZfBAAAAIAbxQ2RwGqxWPTEE08oISFBjz76qJG0abVa9eqrr2rFihWqV6+eQ2NKTk42qnpKUuvWrXXLLbcUumzNmjVNvSmPHTumpKQko6JqlSpVNHHiRKWkpGjixInq0KGD6T327NlTixcv1pAhQ4xtXMs6ISEhSkxM1JIlS9SzZ09ZrVZj+S5duig2NlZbtmxRmzZtCrwHf39/LVmyRKNHj5afn58kKTQ0VLNnz1ZiYmKp9hb19vbWW2+9penTp6tt27bGdD8/P9WvX18V/z/27js6qjr///hrJpMyKaTT0ggthRZC7yBdBAvSLdg7uLLs13UFf1/Zxf2ubdXdFduCBQVUUEAQkQUERHrohJ5AaCGhpWeS+f2R5YYhhQSGJMDzcY7nOHfu/dz3/cydO8PJa97X1VX33HOPli9frnHjxqljx47GOj4+PurWrZtefvllrVu3ThMnTpS7u/t1qxUAAAAAAAAAAAAoS4MGDfTmm29qz549xt0cN2/erEcffbS6SwMAAAAAp7NUx04DAwP1448/VmqbLl26GIHO0pjNZvXq1Uu9evUq9fmEhIQyt500aZImTZpU6nNRUVHlbluWJ554wiEcWh43Nze99dZbeuutt8pcx2QyKSYmptxanbGNl5eXRo4cqZEjR1Zo/UuFhYWVeRzl1XCl17Yir0FAQIAmTJigCRMmlLlOz5491bNnz3LHAQAAAAAAAAAAAAAAAAAA11+1BFgBVL3Y2Fht27atustABVzaSfii2NhYrVy5shqqAZyD89o5mEfnYB6dg3l0DubROZhH52AenYN5dA7m0TmYR+dgHp2HuXQe5tJ5mEvnYS6dh7l0HubSeZhL52EunYe5dB7m0nmYS+dhLqsW8+08zKXzMJfOVdp81gQEWIFbwK5du4z/UPNd/oHB64ebAee1czCPzsE8Ogfz6BzMo3Mwj87BPDoH8+gczKNzMI/OwTw6D3PpPMyl8zCXzsNcOg9z6TzMpfMwl87DXDoPc+k8zKXzMJfOw1xWLebbeZhL52EunaumBlhNc+bMsTdt2tRhYVxcXLm3dC9P4KTZkqS0KSOuuTgAFcP7DgAAAAAAAAAAAAAAAABQEefPn5ckJSQkVMv+4+LiJEnmatk7AAAAAAAAAAAAAAAAAAAAblkEWAEAAAAAAAAAAAAAAAAAAFClCLACAAAAAAAAAAAAAAAAAACgSlmquwAAzmcymaq7BAAAAAAAAAAAAAAAAABADXTu3LnqLkESHVgBAAAAAAAAAAAAAAAAAABQxejACtzE7HZ7dZcAAAAAAAAAAAAAAAAAAKgBatqdvenACgAAAAAAAAAAAAAAAAAAgCp13TqwBk6afb2GBgAAAAAAAAAAAAAAAAAAwA2MDqwAAAAAAAAAAAAAAAAAAACoUk7vwJo2ZYSzhwQAAAAAAAAAAAAAAAAAAMBNhA6sAAAAAAAAAAAAAAAAAAAAqFIEWAEAAAAAAAAAAAAAAAAAAFClCLACAAAAAAAAAAAAAAAAAACgSlmcPWDgpNnOHhJABaVNGVGp9T8Yvfg6VQIAAAAAAAAAAAAAAAAAqEpPfDmwukuoFDqwAgAAAAAAAAAAAAAAAAAAoEo5vQPrRZXtBAng6tH5GAAAAAAAAAAAAAAAAABwI6EDKwAAAAAAAAAAAAAAAAAAAKrUdevACgAAAAAAAAAAAAAAaqauL4VXdwmopNVTk6t1/5wzAK4G1y7g+qru99i1ogMrAAAAAAAAAAAAAAAAAAAAqhQdWAEAAAAAAAAAAAAAuEVNeO7F6i4BV/Dme3+t7hIccM4AqAiuXc&quot;
08-31-2019 13:00:17 Wire.java DEBUG [Forwarding screenshot on session 57f77c2899285a2b963db09b270c4ab3 to remote] http.wire 87 - http-outgoing-5 &lt;&lt; &quot;D1VdPeY1eLDqwAAAAAAAAAAAAAAAAAAACoUgRYAQAAAAAAAAAAAAAAAAAAUKUIsAIAAAAAAAAAAAAAAAAAAKBKWaq7AAAAAAAAAAAAAAAAADhfj8dbKLpnqPE4ZUeaFk5dX40VAUDF3PFSe4U0DzQe71lxVCs/3F6NFQG4HgiwAriimNvC1KhjPQVG+MjN01VmF5MkyV5oV36OTedOZunottPauTRZmek51Vxt+doNa6K4wQ1lthQ3oK7pX3KGv95N/iHexuPM9Bwtf3+bUnamVWNVAAAAAAAAAAAAAAAAAHD1CLACKFODNnXUYXSU/Op6SaaSz5vMJrl5uio40lfBkb5qMaCBDqw7oRXTtlV9sQAAAAAAAAAAAAAAAACAGwYB1muQlpamMWPGaMmSJZKk/v37a+bMmQoMDLzClkDNF9snXB1GNpWbp2uFt7G4u8g7wOM6VgUAAAAAAAAAAAAAuJXEtW6piS+9oMCgoixGdla2/vHO+1r20/JqruzqPPDQGA0ffa8slqLITnLSET0+9mlJJY9VkpYsWqq3X3+3Wmp1tt9NuAfKRAAAIABJREFUHKf+t/c1Hids3qoXJ7ws6eZ7na+38uYSAG4k1RJgvTz4WZrWrVurW7duGjlypDp06CCz2VzmugCcK7JdHbW9t0mlwqsAAAAAAAAAAAAAbg1/ffPPiotvVaF1bTab5nz5jT6bPvM6V4UbQXhEmIYOv1ut27SSn5+f3NzdJEl2u125ublKTzujPbv2aPmyldqwblM1V4vyvPHOX9W8ZTOHZfv3HdCzjz9fLfV8OONfCo8IK3edvNw8nTqVqp8W/6w5X31TRZXhRlfaubU3cZ/+54U/KTsr21jWu18vPTv+KVk9rZKktNNpen3qW0rYcuPfxbhzt04aNGSgmjRtLG9vLyPHl5+fr4yMTO3esVs/L12uX1etreZKcSOqsR1Yt2zZoi1btujdd9/VSy+9pJdeekleXl7VXVaNN2XKFE2ePNl4vHr1anXp0qUaK8KNqMXASFlruZVYnpdl0+GNJ7V3VYpSdqbJP8Rbke3rqnHnevKr5yWT2VTmmJHt6ii2d7iCGvrK3dNirGvLK1BGWo5Stp/WlvkHlZmeU2Lbpt1C1PWhWLl6FF+yzqRkaN6ktWp9Z0M17lxf3oEeMplNKsgv1LkTmdq++LD2rDhqrN9uWBPFDW4os6VkGD66Z6iie4Y6jD1n4ipJUsfR0aoX7S+fYKtcPSyyuLlIFw/T/t/608uv//J5iOkVpqDIWnL3dpPZpWiwgvxC5WXl69judO36OVnHdqVr+Ovd5B/iXWIMrwAP3fGn9sbjQluhEhYc1Iav95Wc78hacvN0NfZTWGBXXla+zh3P1OFNp7RvzbEr1gwAAAAAAAAAAACgYi7vrnkzBZiu1X0PjtLdw+4sNfthMpnk4eGh+iH1VD+knrr17KpZX8zRzM9mVUOlV+fy8FpN6SB6Pepq16GNQsJCSiyvW7eOevXuoeXLVl712NeTm7ubQsNC9NBjD6hVfEv9+ZXXHAKIN5PLQ5c3UyffmqBho0jdP3a0PvzXJ9VdynUVFByk8ROeVXzbOLm4uJR43tXVVf7+furcrZM6dumgRQt+1D/+/n41VOqoJp7/NfUzoiaosQHWS02dOlW1a9fWuHHjZDKVHZADcO0ad6mvgLCSocnM9Byt/HiHjiSkGsvOpGTozLz92jxvv6J7hqr1nY1KbOfqYVHPJ1qoQds6RojyUhY3F/nV85JfPS9Ftq+rTXP3a9fPyVes0+LmorundJJ/fe/iQKkkF1ezAsJ81PmBGFl93bXl+wMVPPLShbcOLjVEKkkySRZ3x/o3zNnrEJy9yD/EW10ejFW9mIBS58HF1Syrr7sadaynsJbBWjV951XV6xXgoR6PNldIi6BS92N2McnDx00ePm6q09RfoS2CtHDq+qvaFwAAAAAAAAAAAABUxH1jR2v4qKFycyvZSKk0JpOp1LDUzS5hyzaNGTa2usu4ovYd28nP17fEci9vL8W1aVVjA6wXmUwmtYproVH3Dde/P/y0usvBDchisahbj65av3bDTfsDBaunVRP+Z7zi4ltVKK9nNpvl6sqdnlF5NSLA2qpVK82ePVtRUVGy2+06duyY/v73v+uNN94w1lm4cKGGDx+uevXqVWOlwM2vfkyA3D0dP1BsuQVKWHjQIbx6uT0rjpYIbrp6WNTv+dYKbRHkEDIti6efuzqMbCpJVwyx+gRby33e1cOipt1DdHD9CZ07nnnlnTuBp5+74oY01Ml9Z3UmJcNY7h/ird7PxSkw3KdC45jMkrmcbrZlcfWwqNeTLRXSLLBC8w0AAAAAAAAAAAA4Q3LSET0+9unqLgM1lNXTqm49ujiEV48fP6EF837QLytW63TqacW1bqn2ndqpa/fOCq4dXI3V4kqsnlbFNosp9Q6tJpNJzZrHKiQ0RClHU6qhumIJm7fqxQkvS5LCI8J05z2D1btfL3l4eEgqCiA2jWpSnSXiBhcUHKjbhwy8aQOs948drRatmjuEV7OzsrV61a9a8N0P2rtnn3r17qF+A/uoWYvYCv9AAbhcjQiwXspkMikkJEQvvPCCEhIS9PPPP0uSUlNTdf78edWrV0+JiYkaMWKEtm7dKkl69dVX9Yc//EELFy7U+++/r2XLlumLL77QmDFjjHEzMzO1YMECzZs3T+vWrVNSUpICAgLUuXNnDR48WEOHDlVgYGCpNeXm5mrhwoX6+OOPtWbNGklS7969NXToUGVlZZV5LFOmTNHkyZMlOYZ0L5o5c6buu+8+4/HlNUuS3W5XUlKS5syZo59++knr16/XhQsXFBERoQ4dOujOO+9U//79dfr0aYc5uahr167G/z/xxBN6++23ZbUWBf+Sk5M1a9Ys/ec//9GGDRuUnp4uHx8ftW/fXj169NCAAQPUunVr49YGuDX41vUsEX48ezxTiSsq/+WyWb9w1Y32dxgvP8emnT8la/N3B1Q32l/xdzVS3SbF67h5uqpZ33Cl7Ey75uCpd4CHwloE6dzxTG34ep82fL1P7YY1UdzghjJbzMZ6e1Yc1coPt5c+iF3KPp+nE4lndHjTSR1af1L5OTYFN/JV40711LRbiDx8ij+EvQI8FBFf2yHA2mZoYwWGOYZX83Ns2rf6mHYsSVJGWo6adK2v2N7hDiHXORNXSZKGv97NoQtsZnqOlr+/TSk70xzGbNY3XLUb+znMd+aZXG374ZAO/HZceVk2Rbavo6ZdQ1SniZ8s7rfeLxYBAAAAAAAAAABQPcIjwvSn//eiIhqEG8tOp57WO2/+QxvWbZJUdFvy8ROeVVBwkKSiv5cnbN6qVydPVVRUE0186QUFBhX9XT87K1vfz1ugdu3bKjQ8RO7u7rLb7bpw/oKWL1upGZ98XuqtwXv366VBQwYqokG4PD09ZTKZVFhYqIyMTO3bu19z53ynTRs2O2zzu4nj1P/2vsbjhM1b9fWsubp/7Gg1bBwpNzc3LVm0VDHNoh1uWSxJgUGB+utbfzEe14TbGFe1qKgm8vb2Mh4XFBTotzXrNPfr74xlCVu2KWHLNn34r080fNS9uvOeO8od0+Ji0fO/f04dOrWTn7+fJCk7O1vrf9uoj6dN1+nU0yW2adMuXvcMv0tNmjaWt7eXzGaz7Ha7srKylHQ4WT/MX1ziVs4PPDRGw0ffa+QmkpOO6K2/vaMxD4xU85bNZbV6KGFzUU4jLr6Vw7ZWT6sm/vEFTfzjC0XHeEmgsjyX3vraZrNpzpff6LPpM43ng4KDdN+DoxTfNk5+fn5ycy/6e/XF8/jokaNavfJXLf5hiV6Z8ien1XVR1+6dVS+krvE4NzdXLi4uxhwFBQeqTbvW1R5gvVRy0hG99/a/FNmogWKbxVxx/aHD71bvfr1Ur349eXi4y2QyqaCgQOfOntP63zbqi0+/KnGOVeZ1yc7KVlzrliWuaZffTvxqboN++Tl7Uf/b+xrXsbTTaXp96ltG8NI43np15WH1kMlkkt1uV05OrlJPpWpbwnbNn7dQyUlHrjh3Nzt7oV22AptcXV1lMpkU37a1Bt7RX4sXLqnwGNGxUbpr6B&quot;
08-31-2019 13:00:17 Wire.java DEBUG [Forwarding screenshot on session 57f77c2899285a2b963db09b270c4ab3 to remote] http.wire 87 - http-outgoing-5 &lt;&lt; &quot;C1at1StWr5yMXFxZjvI0lH9P28BcZ5cPl5YrPZ9PWsufr0k8+N8V59bbLad2xn1Ldw/iL9851pxvNv/eNvDuf9yuWr9Nqrfyu3xpDQELXv2M7hPMrIyNT0jz7VD/MXG8uWL1up5ctWqlOXDnrsqUdKjGP1tGrk6GHq0r2zatcONt4X+fn5OpN+Rps3JpT6firtc3fpkmW68+7BatAwQm5ubiooKNDxYyf09axvtWTRUkmVP/8ff/pRtW7TSsHBQbJ6Wo3O33a7XTnZOTp+/ISW/bRc386ZV+o8hUeEaejwu9W6TSv5B/gbHWgvHt/2rTu14PsfNPaR+51+Lb6Z1Nhkoq+vrxo0aFChdZOTk/XYY4/p888/L/X5zZs3a9y4cUb49KL09HQtXLhQCxcu1FtvvaVp06apR48eDsnx1NRUTZgwocTY3333nb777jtdT9nZ2XrzzTf1t7/9TRcuXHB4LikpyQi2vvrqqxo+fHiFx7Xb7Zo9e7aeeeYZpaenOzx34cIFLVu2TMuWLdO3335bInSLm5/V173Esoy0HOXn2Co9VnhcbVncLglJ2qWkzalaNytRknQkIVV5GfnqPS5OPkHFHVVr1fFUZNs6SlhwsMyx83NsOrT+pHYsTdLZlEy1HNRALQdGys2z+LJmdjHJ6lfyeCpjzh9Wlbo89cA5pR44JxeLWbF9w43rhsXVRbXqeBrrhcUFq35MgEOotNBWqB1LkrR+9l5j2a6fk7Xr52R1HRurRh2vrtO0p5+7XCyO6eNzxzO0bdEh4/HeX1K095cU1Wnsp84PxMheaL+qfQEAAAAAAAAAAACVkZx0RPPnLdRDjz1ohBkDgwJ1z7C7tGP7LknS0BH3GOFVSTp8KEnvv/dhqUFUD6uHRowa5tAF0mQyqZZvLQ25+w6Fhofqz6+8Zmxr9bTqhYnj1LlbpxK3pjebzapVy0dt2rZWixbN9N3c+eXeVrxO3dp6+f+9KKtn+XeNROlcXFzUp/9t8vLy0upfftX63zY4PD/nq28056tvytze1c1VYx97QP7/Da5e5OnpqR69usmnlo/+NHGyw3NPPfe4Bg7qb4SnLjKZTPLy8lJssxhFRTdVm7at9d7f3y/1nJMkb28v/b+/TJKfn29lDtlp2nVoo+d+97Rq16ld4rmL53FssxjVqVNbB/eX/ff2a9GmbbzROE2SDuw/qFq1aik0LESS5OHhobbt4zV/3sLrsv+rZfW0yt3NMT9QUFjo8Dg8IkzP/e5pNW/ZrMQt011cXBQQGKABg/optnmM/vH397UtoahRVmVfl5rSsdPqadXL//tHxbeJK3G8JpNJVquHwiPCVD+kns6fO+8QpL5VFRQWaPvWnWoZ11wWi0Xe3l4aeEd/rfjPLxXaftjIoRox+l55+3g7LL84302jm2j8hGcVHROlf74zTQlbtun4sRNGgNVisSiyYYSxXdPoJopoUPzYZDapUZOGDs9f2tAxLzdP+/ceuGKdbdq1VlBw8XZ2u12bN25xCK9eau2adVq7Zp3DspZxLfTM+CcVHhFW4vxydXVV7Tq1NWBQP8W3a6333/2gxPaXioiM0O8mjnMIprq4uCg0LESPPfmwZJeWLF56xeO6XNv28SV+eCL99/XwtKpho0g1eCJCkY0a6I3X3nZYp6zX8tLj692vtmy2yuetbjU1NsCanp6uxMRE47GXl5fRxvtyH3/8cZnjHD58uNTw6uUSExP1/PPP66uvvlJMTFHqPDc3V//3f/9XZjD2erLZbHr33Xc1adIkp4+9adMmvfjiiyXCq0BZci7kVXqb0BZBRd1cL5GfW6CUHY6/mji5/6zOn8hyCLBa3FwU1KBWueNnpOVo+bTiL3Wbvt2vsBZBqtPU31hmtpjleY0B1ovC4oLVsH1dBUXUkleAuyzuLnJxdZHZ5bJ2tSY5/CO5dkNfuXm6Oqxy7kSWtnxf+j8WVs/YpdUzdjmlZkmqHxOo+/7RS6eTzis9+YJO7D2j5C2pOrn/rOZNXuu0/QAAAAAAAAAAAODWFR4Rph+XLyj1ueSkI3p87NOSpB/mL1Zw7SDdM+wuubm5yWQyqUWr5rp/7Gh5eXupZavmxnYZGZla+P2iMjv+mUymEneWvPS5Fi2aachdgzT7y6Ig5MOPPagu3TvLbDaXvtF/ubm7adCQgTp1MlULv19U6jr16l9dQ5pbVWLiPp09c84IYEmSj4+P+g3so34D+6igoEDnz19Q4u5ErVu74YqdDC0WS4nw6kUmk0kxsVHqO6C3lv64TJI0YvS9pYZXL+fi4qLuvbop9dRpTf/4s1LXCQgMKHeM68nqadX9D40pNSRZVUJCQ9Q0uokRRrPZbNqxbad8/XwVElrfWN4gMkLRsVHasyuxvOGqTFzrlrrr3iGKbFTcSM9msynxkvqsnlY99dzjpYZXLxcWHqoRY4ZpW8L2GvG6XK2HH3tQreNbXfF44Wjf3v3y8/dVw0aRkqSGjSI1cvQwJSeX36F20JCBGjFmmENH6tK4ubmpV+8e2r/3gJYsXqrEPXsV0yza+PFFSGiIrJ5WZWdlq1VcyxLXwzp1aiuudUslbNmm6Jgo+foV52/OnDmrrQlXDlCHhYc6BL5zc3O1Y9vOK253kdXTqkeffMih63pZatcO1thHH1DK0WNlfuaXdc2XJG8fb/Xq0+OqAqwVYTab1blrR4fPlYq+lqiYGhdgLSws1OHDh/WXv/xFq1YVdz5s27at6tatW+o2jz32mF566SWFhoY6JK3tdrvmzp3rEF69//77NXXqVIWGhur48eN65ZVX9NFHH0mStm7dqhkzZmjKlClyc3PTjh079OWXXxrbBgQE6PXXX9eIESPk5eWlY8eO6YEHHtCyZcucPQ3asWOH3n//feOxj4+PJk+erEceeUT+/v6y2Wzau3evpk+fLpPJpKioKCUkJGjKlCmaPLn4l0SrV69Wly5dHMZetWqVkpKSjMeLFi1S//79ZTabZbPZdOLECf3yyy9asKD0f2Dg1uPhU/4X+dJ4+rnL1cPxl4t5Wfm6kFryl2oXTpfyi8mr2GdGWo7qVHqr8jXpWl9t7mks3zpeZf4DuDzeQVa5uDr+Izgz/eo62l7JiX1nlZuZ79hF1yR5BXjIK8BDEa2LvjAX5BfqdNJ5bfpmn45sK3nrDAAAAAAAAAAAAOB6mfHx56pdp7Z63dZDJrNJFotFdwy5XZKMcGleXp4Wfv9DmZ3epKLw2eqVv2ruN98pPe2Mhg6/S4OGDJSbW9HfGd3c3RTTLFpS0e2aO3Rq5xBePZZyXJ/++wut/22Dhg67S3cPu1NeXkVBFC8vL/Ub0KfMAGty0hH9MH+x1qxaW+K2x5ffvvjyW3XfirKzsrVo4Y8O3Xcv5eLiIn9/P3Xs3EEdOrXX8FFDNWvm18YtoS9ns9m0Yd0mLVqwWDu279J9D47S4LsGFb/2bm6qH1JfUlGIqnvPbg7h1bNnz2n2zK8175vvdcedt2vU/SMU+N9gqsViUfdeXbVm9Vrt3bOvxL7T0tI1f+4CrV2zrkTQqne/Xnp2/FNGZ97Sbgl/Ldq2b6N69YtzMzk5Ofrys9lGt9q41i3Vpn282rZvI0/PomZTL0542al1de3R2aEr47mz57R5wxYF1wlWtx5djP0GBAaofYe21RpgjYtvVWaw3m63a/vWHfp69lxjWe++vRQdG22EObOzsvXzT//R7C+/kaenVaMfGKnuPbvKbDbLZDKpUeOG6ti5vVzd3Cr9ulxPn02fqc+mz9SHM/7l0FlyyaKlevv1dx3WffSphx2ui6t/+VXT/vGRTqeeVnhEmNq0i1f7jm3VqHFDoViBzaYli5bqoccekIeHhywWi3rc1l3zvvm+3O169e5hXAPtdrsOHjikmZ/N0q+r1qpv/9568JH7jC7k3j7eim/XWksWL9We3XuVlZUlHx8fSZKfv6/atm+jVStWq3HTRiXC+T61fBQVG6WELdtKBFGTDieVem27nJubm0PzNnuhXZmZmRWbIElD7r5DDSKLO8MWFhZqy6YEffDPoiaVYx99QB07tzfOv7DwUN0+eICm/eOjUsdLPXVaP8xfrJ9/+o/qh9TT0+&quot;
08-31-2019 13:00:17 Wire.java DEBUG [Forwarding screenshot on session 57f77c2899285a2b963db09b270c4ab3 to remote] http.wire 87 - http-outgoing-5 &lt;&lt; &quot;OecBg/MChQVk9rpc5/SSooKFDK0RStW7tBK/7zi/bu2aeg4CB179lVQ0fcbXw2uLu7O+yv/8C+Dp9nNptNa1f/pq9nz9XePfvUrkMb9e57m9p1bCPJ+dfim02NCLBu3bpV0dHRZT4fERGh+++/X+7upXdSDAsLU4MGDUosP3/+vNauLe4wWK9ePT377LMKDQ01Hk+YMEHr16/X1q1bJUmbN2/WuXPnFBwcrI0bN+r48ePG9k8++aQeeOAB44umu7u7Q2DWmdatW+cQMn3uuef0/PPPG/uzWCyKjY3V66+/XumxL20NLUlPPfWUbr/9dnXt2lVNmjRR06ZNNXr0aI0ePfraDgI3pOxzufIPcWxv7R3oIVcPy3UJXZbl8tBnReTnFji1huieoeowOloe3q5XXrkSMtJznDreRUcSUnVow0lF9wyV2VL2/Lm4mlWnsZ/6vRCvbT8c0oavr/zlBAAAAAAAAAAAAHCWWV/MUWTDBopsWPR3/kvDN4WFhfplxWrN+Lj8O6Xm5+Vrw/qNRhDng39+rKiYpoptFmOsczHE2KJlc/n5FXdvy8vL05LFS7Xyv7d8/uLTrxRcJ1j9BvQxwmtBwYGKbxunzRsTSuw7PS1d38+lIVRl/DB/sWw2m0aOGaa69eqW2fHRZDKpXv16euypR2SxWEoNMefn5Wv1L2u0Yd0mSdKiBUvUqUtH1Q8p6oxrsVgUEFB058627duodt1gY1t7oV1rfvnVCJot/H6RAgL8HULHfv7+ioxsUGrIKzMj0+jqW9UyMzKUn5dvPPbw8NB9Y0ep74DeOpJ0RMnJR7Rq5Rp98sGM61ZDs+YxRlBYko4kH1XClm2yelp174h7jG6LFotFLeNaXLc6rkVeXp5W//Kr3nv7X8rOKm621aJVc1mtxXeG3r5th/75zjTj8efTv1TTqCbGeeZptSosPEwH9h+o9tflamVmOAYSO3ftqOiYpjqSfFQpR48pYfNW/fH3zr9z9M3g+7kL1L5TO8W3iZPJZFKdurXVqWvHMtfv2Lm9QsNDjceZGZn6ZtZc/bqqKNe2dMkyNWgYobuGDrmk02rRZ9iqFas1YvS9RoDVai26tf3B/YfUpGljSVJebp7OnDmrOnVry83NTTGxUZKKOqRfDKLabDbt33vAyTNRupjYKIdrxenU0/p8xpdG8P/1197S3//5hnHNMJvNxneC0qQcTdGsmXOMsTZt2Kyw8FBjrjw9rYqKalLpH4s89chzahnXQr379tLvJo5TcHCQLK4Wubu7O3xOubi4yNu7KEvVsXN71a5b3HHZbrfr19W/aer//p+xbMO6TcZnFK6sRgRYy9OqVSu9//77atu2baW3tdlsunDhgvE4KirKCK9eFBQUpLp16xoB1tTUVKWnpys4OFinTp1yWLdDhw7XLbB6ueu5706dOqlDhw5at26dJCkpKUnvv/++Q8fXu+++W5MnT1ZcXJxT9okbx/lT2aofI4duo371vBTVM0Q7fkwqcztnK8gvrLJ9laVp99AS4dWcC3k6titdJ/ed0dnjmYpsV1fRPUPLGKF0V9NdtqJW/XunUg+eU4uBDeQf4u3wi5jLWdxc1LhzfR3efEqpB85dt5oAAAAAAAAAAABwc0tOOqLHxz5dqfX//eEMjZ/wrNFt7qJtWx1DY5VxJOmoQ4DV09Oq5i2byWr1kNmluAFMVla2kg45/u0zLTVNBQUFxt/lrVar/P8bgoRzLFm0VEsWLVWv3j3UrUcXRTaOVGBAQInugZLk7e2lbj26lNuF96KUoymy2UpvxuTm5iqLS3HWIjcvV0mHkx23Tzmm/Lx847V3dbWoTt2adzv4zRsTdOhQkvwD/I1glZubm8LCQxUWHqrO6qQRo4fpWMpxzfxslv6z1Lld/dp1aKMmUU2MxzabTbt27JZU1Elwx7adCg8vDsuFhoeqY+f2+u3X9U6t41qdP3dey39e4RBelSRf31oOj9t3bFdmB1dJMruYZbV6VPvrci22b9upmGbRRtDQbDYrKDhIQcFBat0mTnfcebsyLmRo6ZJlRudMFPth/mI1atxQfn6+MplMat4i1qGj7aW8vL3kfkmg09vHW//z8u/1Py//vszxLw2AJu7eq0aNGhqdyyMbRii2ebT8/H0lSWfOnNWWTQnqP7CvTGaTwiPCFde6perWK+4OfO7sOW1L2F6hYysoLJDdbjfOaZPZZHQprwgPDw+Hx6dPpzl0ZM7OytaZ9DNGgFVSpT5zc3NyZbfbK7x+aayeVr348kS1bR9vBGEr4vLXMj8vX/sS919TLbe6yrc4rAI+Pj7q3bu33nvvPS1btkydOnWq7pIkFX1BvRk0adJEM2bM0N13313mOvPmzdPo0aO1bdutexuDW9XpQ+dKdDK1uLsotne46scGlLldWMsgDX+9m+54qb0kKetsrvJzHMdx83SVT3DJ91Fpgc6cC3lXU77T1Iv2V63ajrXmnM/Tqk92auk7W7Rt0WElb0m94jhZZ3NVaHMM417saHu97FlxVF//z2rNHLdCKz/crsRfUpR66FyJ10OSrL5u8q/vXcooAAAAAAAAAAAAQNXz9a2l4MtCrRV1aUhVkvLy8nUm/awzyoITLV+2Uq9OnqqHRj+mIQOGatxTL2jpkmUlAoUBgWX/ffpW9fbf3tWGdRvLDOyaTCaFhNbX408/os7dnJu1adGquXx8iv+2bLFYNPqBkfpx+QL9uHyBBg0Z6NBgybdWLbXrUPlmdc6SsHmrBvQarN9+Xe8QdAsKDtLQEfcYt/F2hup8Xa7FFzO+1LdzvlPGhYwy1/H28dbguwbp8acfqcLKbgy/rlqrdWvXq7CwKBNisVjKDLBeqz27E5WdU3yNDAkNUctWLYws2/Fjx7Vp4xZlZBa9lv4B/mrfqZ1qXRLMPn7sRIU7lB5POeHQWdjd3d3hByI3g4cfe1DtOrQxwqvnz53XkkVL9fbf3tW4p14wusXi+qsRHVhbtWql2bNnKyoqyqnjWiwWo32yJCUmJuro0aOqX7++sez8+fM6e7b4C2twcLACAgKM7S918ODBq67l4MGDOnPmTIXXv9h2+KJ169bp9ttvd1oX1ujoaM2dO1dnzpzRjh07tH37dq1fv14rVqxQUlLRL812796tZcuWqWXLlk7ZJ24Me1cdU1SPUAU39HVY7h/irf4vtNHhjSe1d1WKUnamyT/EWxFtaqtRh3oKCPeR2cWkrDO5kqSj20/r3Iksefq5G2NY3M2qFx2gPSuOGsvqNPZTYISPw75seQU6ffj8dTxKR6UFaC//x60kFdgKlZuZX2J5eU5nJCW8AAAgAElEQVTsPaPczFBZfYvnwa++l5r1C1fC/JLXlA6johTdI1RrZ+7R3lUppY5pcXOR+2WdYSWpx2PNVT82UFu+P6A9K44qMz1He1YcNebb1cOie/7cWX71K/6rGAAAAAAAAAAAAMDZrJ5W3f/QmBLdVyWpQWSEnnrucb06eWqJQOOVxmzYMNJhWVZWllKOpig7O0eFBYVGQsLT06qIyAiHzpC+fr5yMRd3YMvOLuoOh2vXu18vjX3kAf26eq1mfPJ5idd17559evOvf1dwcJDi4ls5dd95efmyFRSHCt3d3B06/klFgUYXS/Frn59v08kTjnfNrSlOp57W5D++qqDgIPXq3UMxsVGqH1pftesEy2q1Gt0SfWvVUuv4VsbtyZ0hvm3rSmVWTGaTomOiZPW0Vuq97Gz//nCG6tSt7XB78patmuuZ8U/qjdfeNpbl5OQ4bLdj2079fvyLFdqHM14Xi6tFdevWuZpDvCaffvK5Pv3kc/Xq3UPxbVsrLCJUderWka9vLSOMabFY1DKuRZXXdiP4dvY8NW/RTCGh9ctd7/JrUXZ2jj75YLoWfr+oQvtZ/cuvunfEPcb1y9/fT81axMpkMslms2lv4j5tXL9J6Wln5OPjIw8Pd8XFt5KHe1FWpaCgQIl79lb4uLZv26GzZ8+qdp2ibtQmk0ltO7TRoCEDS+2M3aZdvJ545lHt2rFbf3/jvRLvp6CgQEXHRhldWK2eVodMn6Qq/8xt0bKZcY4XFBRo6ZJl+uj9f19xu8tfS1c3VzWJan&quot;
08-31-2019 13:00:17 Wire.java DEBUG [Forwarding screenshot on session 57f77c2899285a2b963db09b270c4ab3 to remote] http.wire 87 - http-outgoing-5 &lt;&lt; &quot;zd6rwV1MgOrM5Sq1Yth+6tx48f1z/+8Q8dPVoU5kpLS9Prr7+udevWGevEx8fL17couNe2reMvQaZPn67ffvtNhYWFstlsSkxM1IkTJ8rc/6Uf3BcuXNBPP/2k7Oxs2e12HT58WL/99luZ23bp0kX16tUzHr/33nv64IMPjBCszWbTgQMHNHHiRP35z38udZ+StHHjRuXm5jos+8tf/qI//elPWrNmjSSpa9euevrppzV9+nR98MEHDutefkHBzS8/x6Y9K44qL6tkUNPN06Km3UN0x5/a64kvB2r4693UYWSUgiJryexS8lb1yQmnZMsr7vppMpkU2b6Ouo6NlVeAh+rHBqjjfdHyCXT8ZdP5k1k6tPGk8w9OUn5OgQoLHduI12nsq2Z9Hf+RkpdjU2GB43oePm5q1KmevAI85BXgoY6joxURX/6tI44kpOrUgXPSJUNZ3FwUf1cjdXu4mfxDisLqjbvU15DJHdTy9ki5uDlemgvyHDu4unlZ1LRbiLGtwWRSrTqe6v5o86LXZlSUQpoFSpK8AjwUNzjSIVAsSXlZNmWm8z4HAAAAAAAAAABA1Xlm/JNq3KSR8Tg7O8foXGgymdSqdUs9M/7J8gcxmeTuVvS3r5ZxLfTS5P9RZKPigJq90K7E3UVhnYtBnIvc3NzUf2Bf9bitu6yeVg0fda963NbdoXvk6dQ0bd6YUOljKygocOj26O3jrRYEv+Tt7aU77xmsL+ZM1/9Onay7771T4RFhkqTwiDDd/9AYNWxUHEC22+06uP/QNe934/pNOnWi+M6aJrNJXbp31t333ilJ6tu/twbfebvDrbrPnjmjQ4cOV3pfhQWFKrQX/23X1c1VreJaOq3TZ+9+vTR73hf6+z/f0B13DtS+xH16dfJUPfnws/rD8y/p+LFL8ismGaFcZ9TVq3ePqwpX1g+tr959e1V6O2dKTjqihd8vUkZGprHMbDare4+uGjH6XmPZ7l2JyssrvlNsTLNovf7Oa+rbv7cxV02jm2jEmGF6d9pbmvP9l+rdr9dVvy62y64Vrq6uiotvpfCIMAUFB+nRJx6Sf4DfVR93YYHjHVojGzVQdKxjY8EPpv9Tn3z+gX43cZwK7Xb9670P9PzTv9fD9z2uNb/86rCupRK3WL+VJCcd0fJlKx3OndJcfi2yWj1039jRevzpR9Q0uknRMk+retzWXX946QXNmveFXntjirF+dla2Dh9KMh57+3irfkhRriwjI1O7duxWdla29uxOlN1uL8rnRDYwPteysrK0Z3fFA6x7diVq3doNRndZqeg6/vDjD2rCi88bNXft3lmTX31Jr/z5TwqPCDPC2pe/n4KCg3T/2NEKjwhTeESYxk941uEzu7CwUIcOVv66W5aKnP/mS85ps9msxk0aGe+/+x4cVeb7r8Tnismkjp3b6w9/mmDMS1zrlprw4vP6duEs/W7iuP/WdH0/I25kNaID6/ViMpl0zz33aO7cuUZY8/PPP9fnn39e6vqtWrXS2LFjjS8mrVq10pAhQzR//nxJRV1QLw3EXkmzZs0cHr/yyit65ZVXKrRtfHy8xo8frxdfLPo1x4ULF/Tss8/q2WefLbHuq6++avx/w4YNHZ57/vnn9fzzz0uSnnjiCb399tsqLCzU1KlTNXXq1HJriIiIUN++fStUL24uu35Olpe/u1oOipTF7eq/hCTMP6j6MQEKaxks/fffeq4eFjXrF6Fm/SJK3SYvK187lybr3PHMUp+/VqkHzyk3I1+WgOLjsvq6q+tDzdT1oaL37JmUDM2ZuErpRy7IJ8hq1O7ialbMbWGKuS2sUvtc91WivIOsCgwv/vWIq4dFsX3CFdsnvMT6BZdlh08nnVdQg1pGHSaTSRHxtY3wbKGtUAkLiru5mswm+Yd4yz/EW3GDHa8Jl7IX2nVk22ml7Eyr1PEAAAAAAAAAAAAAlwqPCNOPyxeU+pzNZtOcL7/RZ9NnSpLGPnq/uvfsanQ9y8zM1PSPPlN0bJRu69NTZrNZZrNZHTt3KLPTm1QU/hk34RmNm/BMqc+fPHlKS5csk1QcxBk0ZKCx3/oh9fTHSRNL3TYzM1M//fhzxSfgEsdSjisvL0+urkV3VHR3d9eYB0ZqzAMjJano9sSvv3tVY98MvLy81KFTO3Xo1K7c9dJOp2nZ0v9c8/6ys7L1y4pVCgsPlZt7URbEz89XTzzzqJ545tES69tsNv2yfLX27tlX6X2lpp5Wdla2vLyK7ohpsVjUb2Af9RvYR1LRLe1fnPDyNRxNUfg6OjZK0bFRGjlmeJnrZWRkaOuW7U6rK65NK3l5F9/p89TJU5r66t+MbooXdevZVeNeeNrorOjh4a7mLZpVuMvk9fLD/MUKCa2vIXffYTSGc3N30+C7BunggUPasG6T5s9bqLjWLRUX30omk0kuLi5q0bK5WrRsrgkvPl9izEu7yl7N67Jj206dPXvOoRN1i1bN9eGMfznlmNPSz6jBJV1nm0Y10d//+UbRc6fT9PrUt2QymRQSWl8hofXV//ay80GFhYXavm2nU+q6GX07Z55at4lTs+YxZa6TnZWtRQt/1EOPPSjv/76X/Px8dc+wu3TPsLtK3eZiGPSindt3qUOndvLw8HBYfjr1tNFR/MC+g8rtlSsPDw+HH2WcPHFKq1asrtRxffftAjVp2lhRMU2NWry8vNS3f2/17d+73G3nz1uoLt06qWlUUaDTbDarTbv4Ms/vI8lHtWjBj5WqrzwVOf/Pnyu+M/TFH89U5P1X2mvp5uam2/r01G19epa5XVV8RtyobuoOrJLUoEEDvfvuu+rSpUu560VFRendd99VTEzxxaR27dqaMGGCoqKiSt2mdu3aJdoZX6pbt24aNmxYmfsbMWJEmdtaLBY9++yzevnll8vdx+W6du2qXr2u/dcrAQEBmjp1quLj4695LNyYNny9T2tm7NL5k1kO3UPLk5dl05mUDIdlS99J0MH1J0p0My1N1tlcrf1ij3b9nHw1JVdIys40Hdl2ukL1rPsqUWlHLpS9gl2y5RaU/fx/nUnJ0KqPd+j4nvQKz+Wl9q85pgunr3xLBXuhvcLjF+QXKnHlUf362e7KFwQAAAAAAAAAAABchUFDBuqOOwcZTaUKCwu1ds06Lfx+keZ8+Y2SDhf/ndDb20uj7huudh3aVHo/Fy5c0NezvnUI1/37o0+15pdfVVBQ/t/38nLzNH/uwqsO3P22dr0OH7p+f++8EdlsBSooLLzyiirqvJpy9Jj++c40bVi3ySn7n/3lN1r8wxLl5ZbfIbGgoEDLl63U9I8/u6r97Ni2U7t27nHoqlkd8nLztHjhEq38zy9OqSskNETNmsc6hOkOHjhUIrwqSatWrNbJE6eMxyaTSTHNoo2uhNXp8xlfavvWHQ7zEBQcpIcfH6vwiDBlZ2Xr/fc+1I5tO6/La3j56yIVzVdZ52Vebp4yM6++8df6tRucctdlu92urVu2afaX31zzWDer7Kxs/bRoqTIuZJS73g/zF2v2zK+vuF5Z9uxO1Lmz5x2WXdptXJI2bdii9LQz5a5TUSlHU/TW395RwuatV/zslIquoVlZWZKK5uTjadOVdDj5iu+nUydP6eNp/1Zy0pFK11iWipz/y5etdOjMfCm73V6UwSnDD/MX67tvvq/Ue7SmfEbURDd1B9aL4uPjtWTJEi1YsEBz587VsmXLlJ6eroCAAHXu3FmDBw/W0KFDFRgYWGLb7t2768cff9Rrr72mJUuWKCkpSVFRURo0aJBGjRqll19+WUuWLCl1v/7+/po2bZri4+M1Y8YMJSYmKioqSmPHjtUjjzyin376SbNnzy6zbi8vL7366qsaPXq0vvnmG61cuVLr16/XhQsXFBAQoN69e+uuu+5Snz59jG1CQkL06aef6sMPP9QPP/ygLVu2SCoKzIaEhMjFxUXjx49XfHy8vvnmG23dutVYJyAgQO3atdNtt92mkSNHKjy8ZGdI3Fr2rDiqA7+dUMxtYWrYvo5863vL3dNi/ErDXmhXfo5NZ45l6uBvJ7T7P0eUn2NzGCM/x6al72xRZLs6iu0drqCGvg5j2PIKlJGWo6RNp7T9x8NVcj&quot;
08-31-2019 13:00:17 Wire.java DEBUG [Forwarding screenshot on session 57f77c2899285a2b963db09b270c4ab3 to remote] http.wire 87 - http-outgoing-5 &lt;&lt; &quot;v7lR9u15mUDEX3CJVPbWtxl1l7UT25mUUtUM+kZGjZewlqO6yJQlsEyc3DYnRBzc8pUNKWUyrIL1RU95Ar7vPk/rOa/+q64nmIrCU3T1eZXYoGLCywKzcjTyf2ntW+1Sk6tOGksW3KzjQtey9BLQdFqn6zQIf5KyywKy/LptxMmzZ8vU+pB88pvHVtBUfWkru3q0MHXVtegXIz8nVi7xnt+jlZx3alO2M6AQAAAAAAAAAAgCtq16GNRt033OhWJhXdYvif70yTVHQb5lkzv9azzz9pNHm6GC67NBB3UXZ2jnbt3K2mUY3l7e0tk8mk7Owc7dm1R9/MnqdNGzY7rp+Vrb/87/+pd79eGjRkoBpERshqtcpkMqmwsFAZGZnat3e/5s75rsS2lZGdla133nhPDz8+Vs1axBi12e125eTkXlMg7Ua18j+/6NCBQxo0ZKBim8eoXv168vS0Gt1w7Xa7srKydCzluFatWKMF3//g0N3SGd5/70Ot/22j7hl+l8M5c3HfSYeT9cP8xVr20/Jr2s/br7+r3Jxcte3QRr6+tYxjzMvN04Xz5TRPqoBfV/8mX19fde/ZVaHhoQ5zWFBQoMyMTO3bd6DUc/ha6mrTrrWCgovzNHm5edq5vexGSbt37lGjRg2Nv2n7B/ipdZu4q+pq60zZWdmaPfNrhYaFKrh2cdfTiAbhGj76Xr3x2ttKTjqiic//UQPv6K++A3orPCK81Hk+ejRFq1f+ql9X/yZJV/26zP7yG+Xn23TnPYMVXDtIZrNZeXl5Orj/kD6f8aWeeOZRo1tjZX0/d4FcXFx0++ABqlO3ttEVuqCgQJmZWcrKztaMTz5Xn769FNM8Rt7eXsY6drtdOdk5On78hJb9tFzfzpl3VTXcSpYsXqo27ePVrUeXEp1TL/X1rG+1bu16DR1+t1q3aSU/Pz+jO7TdbldeXp7STqdrz649+nHRUodt9+7Zp0MHD6lO3drGsuycbO3ZXRwmTzmaouSkZNUPqVfmOpWRnHREf/z9JHXu1kmDhgxUk6aN5e3tZZzj+fn5OpN+Rju27dSPi5ZqW8J2Y9ttCdv1/DO/18jRw9Sle2eH8/Didps3JuiLT7/S6dTTV1VfWSpy/v8wf7FsNpvuHjpEYRFhcnEpytfk5uZqzaq1atykkcIjyr5D8xeffqWNGzbrrqFD1LxFrHz9fB32k3Y6TTu27dSypcWfK9fzM+JGZpozZ469adOmDgvj4uKuOu0bOKkokJk2pezuogCc6/L33cUPwyu9jz8YXfrtNgAAAAAAAAAAAADc3Lq+VNTQaMJzL1ZzJRUT17qlJr70ggKDioJ02VnZ+sc7719z4PBG8OZ7f5UkrZ5a+c6uPR5voeieocbjlB1pWjh1/VXVcaOdMwCq17VcuyTpjpfaK6R5cXh6z4qjWvnh9nK2KB3XLtysynqPPfHlwHK3u5grO3funCQpISHhOlR3ZXFxcZIkc7XsHQAAAAAAAAAAAAAAAAAAALcsAqwAAAAAAAAAAAAAAAAAAACoUgRYAQAAAAAAAAAAAAAAAAAAUKUs1V0AAAAAAAAAAAAAAABAeRK2bNOYYWOruwwAAAA4EQFWAAAAAAAAAAAAAACAm9DKD7dr5Yfbq7sMAKi0hVPXV3cJAKqAuboLAAAAAAAAAAAAAAAAAAAAwK2FDqwAAAAAAAAAAAAAANyi3nzvr9VdAm4wnDMAbkRcu4CaiQ6sAAAAAAAAAAAAAAAAAAAAqFJ0YAUAAAAAAAAAAAAA4BazempydZeAGwznDIAbEdcuoGajAysAAAAAAAAAAAAAAAAAAACq1HXrwBo4afb1GhoAAAAAAAAAAAAAAAAAAAA3MDqwAgAAAAAAAAAAAAAAAAAAoEo5vQNr2pQRzh4SwHXyxJcDq7sEAAAAAAAAAAAAAAAAAMAtiA6sAAAAAAAAAAAAAAAAAAAAqFIEWAEAAAAAAAAAAAAAAAAAAFClCLACAAAAAAAAAAAAAAAAAACgSlmcPWDgpNnOHhJABaVNGVHdJQAAAAAAAAAAAAAAAAAAcEV0YAUAAAAAAAAAAAAAAAAAAECVcnoH1ovoBAlUHTofAwAAAAAAAAAAAAAAAABuJHRgBQAAAAAAAAAAAAAAAAAAQJUiwAoAAAAAAAAAAAAAAAAAAIAqRYAVAAAAAAAAAAAAAAAAAAAAVcpS3QUAAAAAAAAAAAAAAAAAAABUxs4dO6u7hGrXrHmz6i7hmtCBFQAAAAAAAAAAAAAAAAAAAFWKDqwAAAAAAAAAAAAAAACo0bZs2aL9+/dXdxkAgCrSuHFjtW7dukLrTnjuxetcTc3z5nt/re4SnIIAKwAAAAAAAAAAAAAAAGq0/fv3a9iwYdVdBgCginz99dcVDrDixmWu7gIAAAAAAAAAAAAAAAAAAABwayHACgAAAAAAAAAAAAAAAAAAgCpFgBUAAAAAAAAAAAAAAAAAAABVigDrTSw7O1tPPvmkTCaT8d+aNWuquywAAAAAAAAAAAAAAAAAAHCLq5YAa1pamgYMGOAQrLz8v/j4eI0fP15r165VYWFhdZQJAAAAAAAAAAAAAAAAAACA66DGdmDdsmWL3n33XXXu3FmTJk1SZmZmdZdUo8ycOdMh8Dtz5szqLgkAAAAAAAAAAAAAAAAAAKBCLNVdQEVMnTpVtWvX1rhx42Qymaq7nBuG1WrVtGnTNG3atOouBQAAAAAAAAAAAAAAoEbLzs7W7373Ox0+fFgzZ85UYGDgLVnLmjVr1LVrV33xxRcaM2ZMle33RsDcADeP3v166dnxT8nqaS31+cLCQuXk5OjE8ZPa8NtGLfh+kU6nnr7iuAPv6K++A3orPCJcnp5Wmc1FPUbzcvN06lSqfluzTt/NXVChsW4FNaIDa6tWrbRnzx7Z7XYVFhbq6NGj+v3vf++wzsKFC3XixIlqqhAAAAAAAAAAAAAAAAA3mtzcXC1dulRjx45VgwYNZDKZ1KBBA40YMUKzZs3S+fPnq7tEAEANZDab5enpqYaNIjVizDC9N+0t3XHn7WWuHx0bpb//6w2Ne+EZxTaLkbe3lxFelSQ3dzeFhoXo3pH3XHGsW0mNCLBeymQyKSQkRC+88IL69OljLE9NTTW+NCQmJiouLk4mk0kmk0lTpkxRbm6uvv32W/Xp00cmk0kzZ850GDczM1OzZs3SiBEjjC8kgYGBGjx4sD788EOlpaWVqCU7O1tPPvmksZ8BAwYoNTVVq1ev1ujRoxUYGKjAwEA9/vjjOnz4sCTJbrdr69atevjhh43nH374Ye3bt6/U47Xb7dq9e7cmTZqkTp06GfuKj4/X+PHjtXbtWhUWFhrrp6WlacCAAbrvvvscxrnvvvsc6rx4PFOmTDGWx8XFKTExsUQNzpybtWvXGsdeq1YtDRw4UD///LPDMVx08UviQw89pPj4eGOs6OhoPfTQQ5o1a5ZOnTpV6rwBAAAAAAAAAAAAAACUZ9++fbr33nvVr18/ffrpp0pKSpIkJSUlac6cORo1apRatmypH3/8sZorBYAbT//+/Y2815X+69+/f3WXe838A/z1+FOP6MGH7yvxXHhEmMZPeFbRMVEVusO8f4C/xj76gAYNGXg9Sr2h1LgA60W+vr5q0KBBhdZNTk7WY489pnvvvVfLli0r8fzmzZvVv39/jRo1SnPmzDG+kKSnp2vhwoV64okn1KVLF61YsUJ2u73M/Zw4cUITJ05Ut27d9NVXXyk9PV3p6en66KOPNHLkSK1bt04vv/yyunXrpunTpxvPT58+Xffff3+JEGt29v9n787jY7j/P4C/djf3IZGDJqGbKEJoSKRC3PcVilJUab9VVOusUqoUKXUr2jrrVlfdtKKJO4gjkTiSTYUEOchBxOba7O7vj/wyssluLjn19Xw88niYnc/MfGbs5zOzM+95f9KxYMECeHp64scff8SVK1eEecHBwVi9ejW8vLwwefJkpKamFutYlFRZHxsvLy9h31NTU3Hy5EkMHDgQ+/bt0yj/5MkTjBgxAt27d8fWrVsRHBwszJPJZNi6dSuGDRuG9evXl8t+ExERERERERERERERERER0ZvryZMnmDZtGo4fP4&quot;
08-31-2019 13:00:17 Wire.java DEBUG [Forwarding screenshot on session 57f77c2899285a2b963db09b270c4ab3 to remote] http.wire 87 - http-outgoing-5 &lt;&lt; &quot;7Bgwfj2rVryMzMhFqtRmZmJkJCQjB+/HgkJydrTexFRESFmzp1armUrSzZ2dn4Y/se9OzUFwP6fIjli37GrdDbUCqVQhkDQwP06tsTXu1aayz72ZhP4egkFabVajUePXyMX35eiwF9PsTsGXNx9co1jXWZmZli8NAP0MjFufx3rgqrsgGsycnJGtlCTU1NYWRkpLXspk2bsGPHDq3zoqKiMHHiRAQEBBS6PZlMhsmTJyM8PFxnmZCQEGzbtk3rvMDAQLRq1QoLFy7UGmwaGBiI48ePC9NqtRobNmzA7NmziwxOXbNmDVatWoXs7OxCy5VURR2b1NRUbNu2DYmJiQByMq8uXboU+/fvL33liYiIiIiIiIiIiIiIiIiIiLRQKpXYvHkzjhw5gi+//BJbtmyBh4cHDAwMAAAGBgZwdXXF6tWrcfr0aVhaWlZyjYmIqp/u3buje/fuZVauKklPS8c/vv6YNmkm9u85gKysLGGehUUNdO/5amR5r3at4dK0sUbm1YfRj+AzZyGOH/kL6WnpuBZ4A3Nmzse5MxegVr1KIlm7di1069GlYnaqiqpyAawqlQr379/HDz/8gAsXLgife3h44K233tK6zOjRo/HgwQMoFAqo1Wqo1WoMHz4carUaBw8e1AjQHDFiBB49egS1Wo3Y2FiMHj1amBcSEoKtW7dqfOHyaty4MY4cOYK0tDQolUr4+vrCzs5O5/w///wT5ubmwnyZTIb09HQAOcGju3fvFuZJpVLs3bsXCoUCCoUCR48ehVT6Kip706ZNuH37NqytrXHy5Ens3LlTo247d+4U9v3kyZOwtrYu9DiX17F5+fIlVCoVQkJC4OnpKcyPiYkRAljj4+Nx+fJlYd7IkSORmJgo1D81NRWBgYH47rvvIBZXua8oERERERERERERERERERERVWGPHz/G8ePH0aZNG0ybNg2mpqZay4lEInh4eKBPnz4F5mVmZuLAgQPo2rUrRCIRGjVqhNWrVwtxH3mp1WqEhITg888/h6OjI0QiEVq1aoW1a9dCLpcXKK9SqXDmzBl8+OGHsLa2hkgkQseOHfHLL7/g6dOnRe7fkydP8OGHH6JVq1a4ffv2a9djwIABqFGjBqytrfHZZ58VmQgtv/T0dHzxxRfo2bMnEhIS4OfnJxw3b29vPHv2TOd+d+3aFQcOHEBmZuZrHaeoqChMnToVjRo1gkgkgru7O1asWIGUlJTXqmtxj41cLsfatWvRsWNHiEQi1KhRA7169cKGDRsKZPjNrYNIJMKuXbtKdKyJqpriZFatDtlXC7N10w7cDAoRpkUiEZzqOaJhowYAgCZNG8PU1ESYn52djcDLV/Ew+lGBdR09dBwJCQmv1iUWwblxw3KsfdWnV9kVAHKCIxs1aqRzvlQqxYgRI2BoaKh1ft26deHo6Fjg8xcvXmgEStrZ2WH8+PGoU6eOMD116lRcvXoVISE5X7KgoCCkpKTA1ta2wPrefvtttGnTBsbGxgCAFi1awNXVFXFxcVrnt2/fHp6envDz8yuwrlu3biEwMFCYfv/99/H+++9DTy/nv8Tb2xshISGYPXs2ACA6OhqhoaFo3ry5zuNUEuV1bHIv+po0aYLOnTsL+3jr1i3hhGxiYgITk1eNdvv27YiJiUH37t3h5uaGBg0awN3dHS1btiyTfSUiIiIiIiIiIiIiIiIiIqL/jujoaFy6dAkzZ85E3bp1S7x8eHg4PvjgA1y5ckX4TCaTYdKkScjMzMTXX38NiUQCICdodO/evfjqq6+QnJwslA8MDERgYCBu376NJUuWCPEU2dnZWLlyJXx8fDRG7D137hzOnTuHZ8+eCbEi2iQkJGDatGl4+PAhNm3ahKZNm5a6HsuXL8eMGTM01r9ly5YSH69c8fHx+OKLL3Dw4EHhs+zsbKhUKp377e/vD39/fyxatAhTp04V4mZKcpzOnz+PMWPGaLnjO1YAACAASURBVIz0HBwcjODgYJw/fx7r169H7dq1S1TXkhybhIQEjB07FocOHRI+S01NxcmTJ3Hy5EmYmppi+PDhxT6ORNVJbnbVU6dOFTq/ursXEQl3Dzehj6pRwxx1366DiPB/4VDHXjgnAMDLl3LcvR2mdT3hd2WIi41Hrdq1hM8sLS3Q1LUJbofeKd+dqKKqfHrLZs2aYffu3fDw8CjxstnZ2RonMWdnZyFAM5eNjY1GZteEhASNE/nrEIvFGl/OvPLWCwBcXFw0AnRFIhGcnJw0ykRHR5dJvYDyPzYSiUQI5M3PysqqQMfk7++Pb7/9Ft27d4eTkxPq16+PVatWaX1ziYiIiIiIiIiIiIiIiIiIiEiXR49yst41adJEZ9xGYaKjo2FjY4Nz584hMzMTSqUSly9fhqenJw4fPozHjx8LZW/duoX58+fDw8MDV69eFUYPTk5OxtKlS7Fjxw74+voK5U+cOAEfHx/Uq1cPvr6+UCgUUKlUSExMxK5du1CjRg2d9UpOTsasWbMQERGhEbxamnqcO3cOCxYsgKenJ86cOaNRftOmTSU+ZkBOArusrCzhuOUdRfj06dPw8fGBt7c3IiIioFQqoVKp8PjxY3zzzTdYtWoVgoKCSnycnj17hl9++QWxsbFYunQpUlJShJGHv/nmGxw5cgRLly4tkOG1sLqW9NhcvnwZhw4dwnfffYfk5GSo1WoolUrExMRgzZo1OjMAE70pCsuwWt2zr+aKiYmFIkshTOsb6MPBwR4AYGRkpFFWmZ2NjPQMnetSq9Ua0yKRCHqlOFe9KapEBtb8zM3N0bJlS/Tv3x/Dhg2DtbV1ZVeJypBEIsHEiRNhZmaGxYsXaw3MjY6OxuTJk/H06VPMmzdPiF4nIiIiIiIiIiIiIiIiIiIiKk9du3bF5s2bNUao9fT0RM+ePbFhwwYkJiZCKpVCrVYLo/IuXboUrq6uQvmaNWti1KhRuHTpEvz9/dG7d2+o1Wr8/fffMDMzw4oVK9C5c2ehvLW1NT766COddUpNTcX333+P0NDQAsGrJa2HSCTC0aNHYWZmhoULF6Jjx44a5QsbRbkwXbp0waZNmwpkO83MzMSJEyfg4eGBpUuXwsHBQZjn4OCAL7/8EhcuXIC/vz9atmyJ9PT0Yh+nu3fv4uTJk/jf//6HCRMmCMnj7OzsMG3aNERERODy5cuIj4+HVCotVl1LemxyE8jVqVMHlpaWAHKS3tnb22P8+PEFyhsbG2PdunVYt25d0QeVqBrQlYX1Tcm+qk1uoDq9vioRFdisWTPs3bsXzs7OZbpePT09mJubC9MymQyPHz+Gvb298NmLFy/w/PlzYdrW1hZWVlZlWg9t8tYLyDmhZmZmCidStVqNJ0+eaJTJeyJ9XZV9bAwNDTFu3DiMHj0akZGRuHv3Lm7cuIGLFy/i3LlzQrmzZ88iJiamTPediIiIiIiIiIiIiIiIiIiISBeJRAKxWHNQY5FIhHr16iEuLg4ZGTmZ9TIyMhAREYGwsDA0a9ZM5/oGDRqEzMxMZGdnIyoqCq6uroWWz08ul2POnDkICgoqELxa2nrIZDI0adIE7777brHrURQ9PT2tCcpevnwJmUyGM2fOFBgdOC8vLy9kZWUhLS2t2McpMjISqampaNmypcbIx0BOnIubmxvmzZuHx48fa8SeFFXXkhyb5s2bo3Hjxvj2228RGhoKb29vuLi4wMHBAQYGBsVaB1F1N3Xq1AIBrG9K9lUAeOut2tDTf9VnZCuyER+fE9uXe07IJdHTg5GxZlbWvEQikca0Wq1G9n84GFZcdJHqq0aNGmjdurUwHRcXh19++UVI5Z6UlISlS5ciMDBQKOPu7g4LC4tyr9u7774LT09PYfrIkSM4cuQIsrOzkZ2dDT8/P6xevVqYL5VKNd6QyX8SvXHjBuRyebG3X5nHRiaTYdiwYdixYwcePXoEJycnDBgwAD/++COOHDmCkSNHCmUzMzOhUCgKWRsRERERERERERERERERERHRK3Xr1gUA3Llzp0wz5EnyDfGcG2hZlNTUVGRnZyMxMRHx8fFwdHSEiYlJsbYZHx+Pr776Cr/99hveeustjaywr1uPd955B2ZmZsWqx+vI3V5R0tLSoF&quot;
08-31-2019 13:00:17 Wire.java DEBUG [Forwarding screenshot on session 57f77c2899285a2b963db09b270c4ab3 to remote] http.wire 87 - http-outgoing-5 &lt;&lt; &quot;QqS3Scckf9dXR0LDBPJBIV+D8rbl1LcmxcXFywefNmdOjQAevWrYO3tzfq1asHOzs7zJkzR8jQSvQmy59t9U3LvurcuCH09fWF6RcvUvHoYU6cXczjWI1zjZmZKRo6N9C6nkYuzrCzf0vjs+fPU3A79E451Lp6eKMDWEUiEQYOHIg2bdoIn+3YsQN169aFSCSCjY0N1q5dK8xr1qwZPv300wp5+8HR0RHDhg0TpqOjozFkyBDo6+tDX18f3bt3F06yAPD5559rvEEjlUo1MqiuXLkSZmZmEIlE6NmzJ5KSkgrdfmUfm7CwMIwcORL16tWDoaEhRCIRRCIRLC0tsX37dqFcx44dhQtLIiIiIiIiIiIiIiIiIiIioqJIpVJ4eXnh9OnTePjwYbltx9jYGHXr1oWXlxeioqKgVqu1/p08eRLW1tawsrKCra0toqKikJaWVqxthISEwM7ODqtWrcLp06cxbdo0JCQklEk9Hj9+XCBzYHnI3d6gQYPw/PlznfVbt24djI2NS3SccrOqagvgLc0Q36U5NiKRCK1atcKxY8eQmpqK4OBg/Pbbb2jSpAl8fHywdOlSDjVO/wl5M66+SdlXP/18BJq7v8oGrVarEXYnHBHh/wIAbgaF4MWLV4Hqenp6aNPeC29LC8a89RvgrfEiglqlhiwsohxrX/W90QGsQE6g6OrVqzUCNbVxdnbG6tWr0bhx4wqpl0gkwpgxY+Dj46MRiKrNpEmTMGXKFI2sqy4uLhgwYMBr1aGqHptcgwcPxpQpUwqkeCciIiIiIiIiIiIiIiIiIiLSpU6dOujSpQsCAwOxbNkynSPaqtVqXL9+HSdOnCjVdoyNjSGVSnHp0iXcuHGjyPJmZmZ45513EBoaijt3ipdtr0uXLvDx8cGXX36JlStX4vDhw5g7d67GPpW0HkZGRrCzs8P9+/cRGxtbrHq8jtz9DggIgEwmK3b54hynd955B+bm5rh69SoyMzM15iUkJCA4OBheXl6oU6dOser6usfGzMwMzZs3x7hx47Bt2zZ4enoiKCgIL168KPG6iKqb3Kyrb0L2VWMTY3Tr0QWLVizAoCEDNZI+JiYk4eQJX2H6WuAN3Aq5DbVaLXz2trQuZs//Dt7v94axiTHe82yB+T/NQYdO7SASi4RyT548xT++/hWzU1XUGx/ACgDu7u7w9fXF7t27MXjwYFhZWQHIeWvC29sb69evR0BAANq3b1+h9TI2NsasWbMQGBiI77//Hm5ubsI8Nzc3TJw4EZcuXcKKFStgamqqsWyNGjWwcuVKLFu2DB06dBA+l0qleOeddzRSFhemMo5NgwYNsHv3bixevBg9evQQtgnk7Penn36KU6dOYceOHXBwcCiz7RIREREREREREREREREREdGbTyKRYMSIEfD09MRvv/2GoUOH4vz588jKygIAZGVl4fbt25g+fTo6d+6M58+fl2o7uaPkSqVSfP3119i8eTOePXsGAFCpVEhISMCePXvg4+OD9PR0GBsbo1evXnj58iWmT5+Os2fPIjs7G2q1GklJSfjjjz+watUqjW3o6ekJf5988glmzZqF3377DbNmzRKCWEtaD3Nzc7Rs2RJhYWFYtWoV4uLiAAByuRwnTpzAlClTSnU8dMm732PGjMGxY8eEumdnZ+Px48fYsGGDsO8lOU4uLi7o2bMntmzZgjVr1giBonFxcZg3bx6OHj2K1q1b46233tJeuXxKc2xWrFiBVatWISoqCtnZ2QByvmO3bt1CfHw86tSpAyMjI6F8eno6vvjiC4hEIuzatauUR5Woapo6dWq1zb6qp6eHj0YOxckzx3DoxD5MnTEZzd1cNZJOvnwpx55d+3AzOFRj2Z1b/0DUg1ejrYtEItR9uw7GTx6HQyf2wWfRXLRs9R4kEonGuvbvOYDwu0UH9r/J9IouUvasra1x8uTJUi/v7OyMmzdvlmgZU1NTDB06FEOHDi32MsbGxli3bh3WrVundX5R+1Gc/RSJRGjcuDF8fHzg4+NT7LoBOUGmRTX62bNnY/bs2YWupzyOTWHbFovFaNy4MRo3bozp06cXe5tERERERERERERERERERERExdGgQQP8/vvvGDt2LI4fP47jx49rLefs7Fzs4EZtWrRogUWLFuGrr77CqFGjMGrUqAJlxo4dK/y7a9eumDBhAhYuXIhOnToVKDt//nyd29LT08PEiRORkZGBuXPnws7ODlOnToWenl6J6zF48GD4+flh48aN2Lhxo0Y5Ly+vYu17SfTp0wezZ8+Gj48P+vXrp7VM3n0v7nGqWbMmpkyZgoiICEybNg3Tpk3TKPf+++9j2rRpJRr9t6THRi6XY86cOZg8eXKBeVKpFMOGDYOxsXGxt09UnVX3zKu6qNVqJCQkYuumHTj9z5kC8x9GP8JP85dgwpQv0dS1CUQikZa1vPIs+Rl2bd+DE0f/Lq8qVxuVEsBKRERERERERERERERERERERFSemjRpAl9fXxw7dgyHDh1CYGAgoqOjIZVK0bFjRwwePBgdO3YsMCpuSYhEIgwZMgQtW7bEr7/+ijNnziA4OBhWVlbw8vJC37590b9/fyGA0dTUFPPmzUP79u3x+++/w9/fH8nJyejSpQs+/PBDfPDBB4Vuz9jYGN988w2ePn2KGTNmAIAQxFqSetSuXRsbN25E06ZNsXPnTqEOEydOhJ6eXpmPYqynp4epU6eiS5cuWLt2LS5cuACZTAapVApPT08MGDAAvXv3FsqX5Di1bt0ahw8fxpo1a3DixAnIZDK4ubnh448/xqhRo2BhYVGiupb02Hz55ZdwdHTEvn37cOnSJSQnJ8PZ2Rl9+vTBhAkT4Ojo+HoHj4gqhUqlQlpaOuJi43DhbACOHTmB9LR0neUfRj/CtMkz0cu7B7r17IK3pW/DxMQYYrEYAJCVmYWnTxNwJSAQhw8eQ2JCYkXtSpUm2rdvn7phw4YaHzZv3hxqtbpUK7SevRcAkOQz5LUrR0TFk7/d5Ubxl7YdExERERERERERERERERERVSX79+/H4MGDK7saRERUQYrT79+5fQcAMHXCjIqoUpWyfM0iAECTpk1KtFxuXFlKSgoA4ObNm2VbsWJq3rw5AEBcKVsnIiIiIiIiIiIiIiIiIiIiIiIiIqL/LAawEhERERERERERERERERERERERERFRhWIAKxERERERERERERERERERERERERERVSgGsBIRERERERERERERERERERERERERUYViACsREREREREREREREREREREREREREVUoBrASEREREREREREREREREREREREREVGF0qvsChARERERERERERERERERERERFaZ+/frYv39/ZVeDiIgqSP369YtddvmaReVYEypPDGAlIiIiIiIiIiIiIiIiIiIioirNzc0Nbm5ulV0NIiIiKkPlFsBqPXtvea2aiIiIiIiIiIiIiIiIiIiIiIiIiP7DmjRtUtlVoNckruwKEBERERERERERERERERERERERERHRf0uZZ2BN8hlS1qskIiIiIiIiIiIiIiIiIiIiIiIiIqI3CDOwEhERERERERERERERERERERERERFRhWIAKxERERERERERERERERERERERERERVSgGsBIRERERERERERERERERERERERERUYXSK+sVWs/eW9arJKJiSvIZUtlVICIiIiIiIiIiIiIiIiIiIiIiIioSM7ASEREREREREREREREREREREREREVGFKvMMrLmYCZKo4jDzMREREREREREREREREREREREREVUnzMBKREREREREREREREREREREREREREQVqtwysBJR1Xfn9p3KrsJradK0idbPq/t+EVH1x/6JiHKxPyAqHrYVIvovYx9I9PrYjoiIiKoPnreJiIiIypeu662qihlYiYiIiIiIiIiIiIiIiIiIiIiIiIioQjEDKxFBDIPKrkKJqJBVrHLVbb+IqPpj/0REudgfEBUP2woR/ZexDyR6fWxHRERE1QfP20RERETlq7jXW1UNM7ASEREREREREREREREREREREREREVGFYgArERERERERERERERERERERERERERFVKAawEhERER&quot;
08-31-2019 13:00:17 Wire.java DEBUG [Forwarding screenshot on session 57f77c2899285a2b963db09b270c4ab3 to remote] http.wire 87 - http-outgoing-5 &lt;&lt; &quot;ERERERERERERERERERERFRhWIAKxERERERERERERERERERERERERERVSgGsBIRERERERERERERERERERERERERUYViACsREREREREREREREREREREREREREVUovcquABERVU8KhQJpaXKIJWJYWlhCX18fCoUCSqWq0OUkEjH09fUhlpTuHQqVUlWs7RARVQfsS6ksPYh6gK+/mQSZLBwAMGH8JIwb+1Ul16pqYtsjKh32M8XHfob+K16nX3j+/Dmmz5iKiwEXAADOzo2wYtkqODk6AQCCgoPw8cihQvkli5bBu0+/Mt6D4mO7pqosf3v5cPBQzPj2OxgZGgEA1q7/FWt+WQWgYFsrLbYJIiKigoo6JxMRERFRQZUSwJqUlIThw4fD19dXZxkrKyt4eXmhf//+GDp0KExNTSuwhkSki76+HtIz5UhKTsTLly+hVqtLtR6RSAQzMzNYW9nA2NAUCkV2GddUU/6HIgBgb++An1esQdMmTTXKVrUHJFVVWpoc0dFRMDI2hG0ta1hY1EDKsxdQKjMLXU5fXx8WNWvAyMiwVNvNyMgs1naIqiOVSoXI+/fw98m/cPnyJYSE3gQAWFhY4N2mrvBs2QqdOnaGo6MTxGIm0n8TsC+lvLRdr+TXuLELWrh7oHevPnB9txn7glJi26veigp4ypWRmYFFixdi3/49wmc7t++Bu5t7hda3KmE/U3HYz1B50daOPVu2wqKflqJ2rdoFyt+79y8mT52I+/cjhc/4EL102K7fHMU5H+bFFza0Y5sgIqKKlvf++bVrVxEuC4NcLoeFhQXcmrujY8fO6Nq5K6ysrCu7qkRERERUAlU2A2tycjKOHz+O48ePY8uWLfj999/h7Oxc2dUi+k/T19fD89QkxMXFvfa61Go1UlNTkZqaCjs7O1iaW5d7EGt+sbEx2PXHdsyaOQdmZmYVuu3qLDe7QkLiUyQkPoWlpQXEEhFMTI2hyFIIZXRlQRBLxDAyMoSJqTEAQKlUQqHIgkqp1Lk9eVo6FArF/5dXI1uhvSxRdZaYmICfV6/EwUN/FpiXkpKCiwEXcDHgApavXIr/fToKE8dPhqFh6R72UOVjX0qlFRZ2F2Fhd7Fz13aMGf0Fxo4eB2Nj48quVrXBtkdUNPYzr4f9DFWGwKtXcPHieXwwcLDG50qVEn+f/EsjeJVKju2aSBPbBBERVYai7p+fPXcGZ8+dwcqfl2HCV5Mx6IPBMDAwKLPt538Bpm2bdliyaDksLS3LbBtERERE/1VVNoA1r4CAACxatAi//PILM7ESVaL0TLkQvFqvXj3UqlULEomkVOtSKpV4+vQp7t+/j7i4OBgaGEFPXPGBWH7+/6Bd2w7o3atPhW+7usrNrpCQ+BRpaXJYWloAeJU9Qd9Av0RZEBSKLKQ8S0JGRrrW+SkpLxAdHYPnKS8AAObmNWBv5wBzsxpls0NEVUBSUiLmzv8Bp8/4Fau8XC6HGqXLgE1VA/tSKgsbNq6DtZU1Ph4+EiKRqLKrUy2w7RGVDPuZkmM/Q5Xl3Pmz6Na1O2rUsBA+i4uLQ8Dli5VYq8JZWlpiw7rfK7saRWK7purA3c0dd29FVMi22CaIiKiileT+eUpKCn5cOA9p6XL875NRpX6OWVoVeU4mIiIielNUiQDWZs2aYe/evUKGVblcjj///BMzZ84UguWCg4Px+PFjZmElqkRJyYkAcoJX7ezsXmtdEolEWMf9+/eRlJyI2jYOr13HkpLL5dj/5160aOGhdag9KkihUOB5yjOkpclhYmIMc3NTqJTZUCgyoa9vACMjQ6RKdA8zqlKqkJGRCbFEDH19faiUSmRkpCNN/lJr+efPnyE2NgbPU1JhamIKfT1DnRkciKojpVKJHbu2a9x8MzU1xdgx49C/3wBYW9v8/9BIkdi/fw8OHz1UibWlssK+lIoj77DoarUaTxOeYvuOrdiy9VWgx9lzZ9CzR2/Y2tpWYk2rD7Y9Ik3sZ8oe+xmqLH7+/6Cv9/vo1rU7gJyRb86c8UdoaEgl16z6Y7t+8+U9H1LR2CaIiKgiZWVlYfOWTRr3z50cnTB50lS0bdMORkZGSEpKxJ69u7FtxxbI5XIAwPoNa1HPqR46d+paWVUnIiIiomKqEgGs+ZmammLgwIHw9/fHjh07Ci2rVqsRHh6OP/74A35+frhy5QoAwM3NDZ06dcLnn3+ORo0aFcgUkpmZifPnz+OPP/5ASEgIgoODAQDOzs5o3bo1evTogc6dO6NWrVoayyUlJeHAgQM4duwYLl26hOTkZEilUnh6emLAgAHo27dvgSyxMpkMQ4YMQUhIzg3j+fPnY/bs2RrrHD58OHx9fQEAPXr0wK5du2BtbQ0gJwNt27ZthfI7d+5E//79sX37dmzbtg2BgYG4ePEi2rRpI5R5+vQpDh8+rFFPKysreHl5oXfv3ujXrx8cHDSDBR8+fIg9e/bg1KlTuHr1KlJTU+Hs7Ix27drhs88+g6enJ8Tigjeecpc7ffo0rl27huTkZJibm6Nly5bo0KEDevbsCTc3N+jpVcmvG5XAy5c5NxHzt4vXUatWLdy/fx8vX75EbZsyW22R6tdvAIVCgejoKARevYIjRw9j1GefQyIu+k1MuVyOCxfP4dr1a4iIkCFcFib8IG7c2AWNGjZCnz594dHiPY3hSTIyM7Bo8ULs278HQM7wIot+WoqoBw+we+8uYdiR7t16YMzocXCwd4BarUZEhAzbd24Tfpx37tQVYz4fC6nUUWv94uJi8dffJxBw6SJu3Q6FXC6Hk6MTWrTwwMABg+D6bjOtbbmkTEyMIZXWQe3atlBkpiPlWRIsaloXuZxCoUDKsxdQZClgUbP4mRJMTUwhlTrCxqYWTE2YjZveHA8e3Ief/z/CtKmpKX6YMx99enkL1y8SiQQNGzTEdzNno1cvb/if/qfAetLT03Hm7Gn4+f+D0FshiI2NgYWFBdyau6Njx87o3rVHgeGMHkQ9wNffTIJMFg4AmDB+Ej4d+Rl8T53EocMHcO36VTg5OmHokI8w6IMPYWxsjKysLJw9dwZ79v6BK4GX4eTohIEDBmHokI80roG09Xkzpn+HcxfO4ezZ07h2/SosLCzQtk07/O/TUWjcyEXjeq20fS0ArF3/K9b8sgrAqweRapUK+w/swz9+pxAbG4P3PFriw8FD0a1rd2H5f/xOYdKU8cJ6vp02E5+M/J/Guu/d+xeTp04UhmH9ePhIfPP19FIPR8W+lIpLJBKhdq3a+HTkZwgPD8PlK5cAAMnPkvFS/lJnYFl6ejr8z/jh4ME/cSXwMuztHdDWqy1Gj/4CDvbaXx56/vw5Tvn54uzZ0wi+GYSUlBTY2zvA9d1m6NqlGzp17FxgOHFd/UlJt83rGKoMarUaDx7cx/G/juHy5UsICb0JIOd808LdA7179dH63dN1vtm+YysuXrqIlJTnaNumPUZ/PkY4z8XExmDnru34x+8UUlKeo5Vna3w+agxc322mNcNpYef33r290aVT1wLtsbSqej8TFByEj0cOFaaXLFqGtm3a48Tfx3Hs+BGEhobAydEJPXv0xvDhI2BV00rrttnP0Jvs7NnTaNumHYyNjZGYmIiz586UaPnStE1t0tPTceToIRw+egihoSGwt3dAt67d8cmIT/HWW69eiNb2m6E0w7CyXVNFKs/f0QAgk4XjYsAF3AwJxv37kXgQ9QAAYGFhgXebusKzZSv07tUHdnb2RdZr3NivyvVYsE0QEVFFuH8/Er7/+ArTtra2mPP9PHh6thI+s7GxxbgvvoKenh5W//IzgJz7y4ePHIJHi/eEUQry/65ctHAJ7OzscejwAVy9dhWxsTFo3NgF/fsNEM7jAHD8xFFMn/GNRr0uBlyAV7uWwvSSRcvg3adfsc/JlfW7OHe7586fhUwWjtjYGABAM9fm8GzpCS+vtnB1bQYjQ6PC/luIiIiIylSVjSjMzs4WguUAQE9Pr0CK//T0dCxfvhxLlixBamqqxrzg4GAEBwdj48aNWLlyJT755BMhgPLJkyeYMGEC9u/fX2C7MpkMMpkMW7du1Qg0VavV8PX1xeTJkyGTyTSWiY6ORnR0NPbt24&quot;
08-31-2019 13:00:17 Wire.java DEBUG [Forwarding screenshot on session 57f77c2899285a2b963db09b270c4ab3 to remote] http.wire 87 - http-outgoing-5 &lt;&lt; &quot;c2bdpg/fr1aNKkSZkcB21u3bqF7du349SpUwXmZWdnY9euXfj666+RnJysMS85ORnHjx/H8ePHERISgpUrV8LY2LjQZXKPx6ZNmzB37lxMnz5duFhWq9XYu3cvvvrqqwLLpaamwt/fH/7+/jhw4IBGhl2qvrKzs4V/K5XKMltvWa6ruNyau6Ge0ztYvPQnAMC+/Xvg1boNmjZpWuSyTxOeYv3GdcKPz7zCwu4iLOwuDh05iGFDh+Obr6frfLiTkJiAZcsX4/ARzWyK+//cB1mEDN99+z1On/XHrj92CEFbAHDo8AFE3r+HxQuXagSxKpVKHDt+FIuXLkRKSorGOh9EPcCDqAf488B+fPXlBIz6bHSJf3wqFAqkpcnxPOUZFAoF9PX1YGFhDnMzUyiVCmRkpMNcqYRYog8jI0OolCooFIoCGRGUShWUypwsC+ZKFcQSCYyMjKFSKqFQZAnfB4VCAXlaOlJSUqFQZENf3xAWFjVhaVGyB1lEVV1Q8A0hGBIAunbpho7tO2kNYhGJRHB3c4e7m7vG53fD7mDhTz4ICg7S+DwlJQVnz53B2XNnsG3bZvwwZz7e82ipcwjgO3fuYOLkrxBw6dUw0pFYegAAIABJREFUow+iHuCnxQsQFR2FAe8PxG/rftF4EP4g6gGWr1yK+Pg4TJ06XWffEnwzCCP/9zGSk5M06nfir+O4GHABs2fNRa+evYW6lVVfm5GRgd83b4Tvqb81+tJr16/i2vWr+Obr6fjkk/9BIpagcWMXuLo2E7JU3Qi6jgH9B2oMwxoSelP4/zI1NUXnTl1KFLzKvpRel7m5WYEX0XTR1qZjY2Ow78+9CI8IL3AtoVarERBwAT8tXiA8KM+7XGxsDE76/gV3N3fMneOD+vUblNm2eR1DlSUjMwNbt27G71s2apwngFfnm527tmP4RyMweeLXBYJMhPXoON/4nvobt26HYt4PPoiOjsaaX3/W+I77n/ZDWHgYlixaXqrze4f2HTF71g+w1xEoWhrVpZ+5fPkSft+ySeNa4UHUA6xd/yv+vReBuT/4aDysYz9DbypbW1uYmZrhQdQDnPLzRd++76OVZ2sEXr0sBKJ3aN8R586f1bmOsmyboaEhGD32fxp9V2xsDLZt34Lgm0FY6LMI9eq985p7nYPtmqqCsv4dffqsv/CCTF4pKSm4GHABFwMuYPfeP/DTgsV4z6NlgXLliW2CiIgqQ+7LnLnaerWDq2uzAuUkEgm8vfvh7Pkzwv3dkNCbePT4EZq4WBQoDwDLVy5FQkKCxme59wKCgoPw/XezYW1dttl3KvN38fUb1/DD3O8LbBfIOVYhoTexYdN67Ny+p8A9CiIiIqLy9PqvnpcxtVqNpKQkrFq1CocOvQrq8vDw0HiAkp2djdWrV2P27NkFglfzSk1NhY+PDwIDAwHkZF5dunSp1uDVwty4cQNffPFFgeDV/AICAvDtt98iPj6+ROsvicWLF2sNXlWr1di3bx8mTJhQIKBUl5Iss3z5chw5ckSYvnHjBmbMmFHsbVH1p1KpoFKpoFQqy/Qvd70VSSQSo1vX7ujapRuAnB+F+//cg/T09DLbxu49u7RmScwlk4UXCF7NFRoagqHDB2PDxnUFHqTnzs9741utVuNv37+w4Kf5BR7a5Ld122acPu1fzL14JS1NjujoKERHRyEtrWCdcunr68OiZg1Y1KwBfX39Iterr28Ai5rWsKhpDX39V0Fg8rR0REc/RnT0Y8jTyu7/hagqUSgUBW4WuTV3h5mZWbHXERMbozW4Jb/cB2gPHtzXWeb0GT+Nh2557d6zCx8O+0BnFqdTfr6IjLync91yuVwjeDWvlJQU/LF7B2LjYgvZA+2K6mujo6Nw8NCfWvtSADh24igePnwIALCzs0Ob1q+y3l++cgn3Il8FF8vlcly7fk2Ybt3KCy6NXUpUX/al9LpSUlLw4MGrfsPE2ASGOoKoC2vToaEh+PvkX1Cr1cJnd+7ewVyfH7TexM4rKDgIy1cuRWJigs4yJdk2r2Podclk4ejTtwdc3m2o8efu4Spk9dNGrVZj//69WP3LzzrPE7l2/bEDO3Zu0/nyXWHnm9jYGIwe+xl+XDhP63c8NjYG//j5QqFQCJ/dvx+J+T/OLfL8fu78WWzZ+jsyMjMKLVcS1aWfOXTkoNYXXYCcodQv5akX+xl6kzk3bISRIz4FkHO9evqMPxISEnDq/7NUubo2Q4/uvQpdR1m2zXPnz+rsu0JDQ3Dg4H5kZWUVup3iYLumsqTrWsLl3YYYMKhfoW2jPH9H6xIbG4ONv2/As2fPSrzs62CbICKiiqbt/nmzZs11JjOwsbZGwwYNhemEhATh3q82+YNX8/I99Tf++vuExm/aslBZv4tjYmPw86rlRW6XiIiIqDJUiQDWkJAQNGrUCCKRCGKxGDY2Npg3b54w39PTE5MmTdK4GJXJZNi2bZswPWzYMERGRkKlUiEzMxNbt26Fubk5gJwMqSdOnIBSqUR8fDwuX74sLDdy5EgkJiZCrVZDrVYjNTUVgYGB+O6774ShpTIzM7Fjxw5ER0cLy+UGbqpUKkRERKBPnz7CvBMnTuDPP/8s+wP1/+bPn4+YmBgolUqh3m3atMGjR4+wYcMGjYDeb775Bo8fPxaCDqOiovDTTz8J2Wzj4+OxZcsWYZnu3bvj2rVrUCqVUCgUOHXqFKRSKYCcYOC//vpLKHvhwgWNY/LXX38JdVIoFHj06BF27dqFxo0bl9uxoIqVG3CanZ1dpn+5661oVtbWGPLhMCGL0l9/n8DlKwHFWraRcyMsW7ISly5cxZ1QGe7eikDQ9VD8unqtRvaje/f+hVKlfd/q1XsHv65ei6DrobgdEo6N6zdrDMuZf/7PK9ZoZHx6EPVAeFCdmJiIQ4cOCA/M23i1xb49B3E7JBy3boZh04YtQr3kcjnOXzhX5EP6/BQKBZ6nPENamhwmJsawtKgBgzw3oVVKJTIy0qFQZEJfXw9GRoYQS3SfZlRKFTIyMoUMCkZGxhDnybStUCiQkvIC8rR0mJqYwsKiZrFuehNVJ0qVskDgvImJSbGXV6vV+MfvlMYD4n59++OM33ncvRWBc6cDMHjQh8I8mSwch44c1AiQyatH9544cug4boeEI+h6KMZ/NVHn/BtXQ/DJyP8J8xISEgoNjnV2boTNm7YhJOgOboeE4+D+IxpvygcFByEi3822suhrbW1tMe+HH3El4Bru3oqA/6mz6Nypq8YxSUpKBABIxBJ07NBJ6IvlcjkCAi4I646KfqBxnujQvqNGdtbiYF9KpaVSqfDo8SOs+XU1bgRdFz5v0qQpbGy0D+vdo3tPHD54HLduhuHWzTD8tGCJxrVEbFwMMv//WiIrKwtHjx3WyGgxetRYXAm4hjuhMvx9/BQ6tO8ozDt3/qzG8G2vs21ex1BliYmNwYm/jwvT9vYOWLHsZ+F7++uadRrnmz8P7se//0ZoXVfu+ebq5SDcCZXh0J9H4ezcSOf8ndt2a2QgjIy8J3yvlSolTvx1XMgYY2/vgMU/LUXQ9VDcCZXhH98zGueyi5cuavw2L63q1s8MH/YxfP/2F65bJk/8WmN+dHS08KCR/Qy96dzdW6B1Ky8AwOkz/ti3f4+QfbVN67aoU6eOzmXLum3269tfaJva+oWr164iPj6u1Puai+2aqoqy/h2tr6+PsWPG4dCBYwgJuoO7tyJwOyQcp/85p/H7/tGjh3ia8LR8dy4ftgkiIqpoJb5/LhJBLNYc0VWpzNZROOe69/yZANwJleHG1ZACvyuDgm/gpfwlvPv0w6ULV9G2TTthXts27XDpwlXcvRWBu7ci4N2nX5H7U5m/iyNk4RrPEebOmY9bN8OEa42L569g7a8binz5jYiIiKg8VIkA1sKMHDkS+/fvLxAEefHiRYSFhQHIyZY1efJk1KtXDyKRCAYGBhg4cCD69+8vlP/333/x8uVLmJiYaFzYbt++HUOGDMGSJUvwzz//IDExEe7u7liwYAFmzZoFICfI8/r1Vw9vPD09MWbMGNSsWRMikQgNGjTAzJkzhYBZICcoNy0trVyOSb169WBvby8E2OaSyWQ4d+&quot;
08-31-2019 13:00:17 Wire.java DEBUG [Forwarding screenshot on session 57f77c2899285a2b963db09b270c4ab3 to remote] http.wire 87 - http-outgoing-5 &lt;&lt; &quot;6cMD1y5EjMnj0bDg4OQnCwVCrFjBkz8Ouvv8LY2Bi3b9+Gn5+fsMzYsWPh4eEBsVgMPT09dO7cGR999JEwPzIyUsi4am1trbH9cePGYfz48fjjjz8QHBwMc3NzfPTRR9i9ezecnZ3L41BQBXuTMrDmatHCA/37DQCQ80Bjx87tRT5IcXJ0wsIfF8PdzR0XL13AjwvnY/TYzzB8xFB8NXGcxg/P5ykpOgPF7O3s4ebWAkaGRhCLxWji0hTODRvpnO/h8R5c3y04LAoA/HsvQng4BQAfDh6Kpk2aQiwWQyKRwNOzFbx7ewvzHz16iJSU50UfIC1MTIwhldaBVFoHJiavXixQKLKQ8iwJKc+SoFAUnU1FoVAg5dkLpDx7ofMYAYCpiSmkUkdIpY4wNdE+ZCvRf9VL+UuEhAQL07a2thg+7GPUrv2WMP3pJ6M0Amju3r2D1Jfas9c3bOiMBvUbQiwWw8jQCK08vXTONzY2RpfOXbWuRxtbG1s0cm4MfX19iMViNGrUGAP7f6BRJjziVQBrWfW1VlbW8PB4Twg0tbOzR/t27TXK5O33HZ2c4O7WQpi+EXQdSYlJUKvVuHb9mvBWvqtrM3h6ti72/ufHvpSKI28mqKbNGqFHry44eOjVi3L29g7o17c/DHRkRmzY0BkNGzSERCKBRCJB61ZeaOLSVJgfHx+PjIxMAEBiYgLu3LktzHN1bYbBg4egRg0LiEQiSKWOGP35FxoBKDJZGDIytGdCKsm2eR1DleXfCJkQJAoAnTt1QedOXYXvbccOnTBo4GBhfmxsDGQR2kdlyT3fmJmZ5bQZR0c0c22uc76Li4vO4fiSEpM0Akg7d+qCHt17wcjQCCKRCA72Dvho2HBhfnR0FGJjHpfqGFTnfqZZs+aoW6eucN3SoUMnSKWOwvyExARkZrGfof8GG2tbtGvXAUBOX/Xr2jWQy+Wwt3dAp05dCjzEz6us26ZUKhXapkQiQdcu3dClczdh/p27t5GYpH1khpJgu6aqoqx/R3/+2RiMHTMOcrkc23dsxYRJX2LU6E8xYFA/7P9zn1AuOjqqxEHZZYVtgoiI3hQNGjSAjY0tRCIRjI2N0f/9gWj5nqcwPyo6ComJiWW2vcr8XWxeo4bGsitXLces2TNx4OB+3Ay5CbFIjPbtOmDl8lU671cQERERlRe9yq5AYczNzdGjRw+tWQKePn31dnFcXBw8PT0LlMkrNTUV2dnZsLKyQvfu3TWCNv39/eHv/2oYKalUiilTpmDMmDEwNjZGRkaGxs2ghg0bwsbGRmP9NjY2qFevHkJCch5+PXr0COnp6SXKova68h4TAGjevDlq5LsYLWqZDz74QEfJHHK5HBkZOdlTWrduDU9PTwQGBgLIeYtr7dq1WLt2rVB+wIABmDNnDpo3b651fVS95AaZlnWwaWUFrwKAkaERBg0agsuBl3H/fiQCr14pcii75GfJWLFymcaD3YogFomF7MkF6pRvWO5JU8YXuq609DRkFnPIPoVCgbQ0OZ6nPINCoYC+vh4sLMxhYaHZv+QEJKdDLJHAXKmEWKIPIyNDqJQqKBQKKJWqfOVVUCozIZaIYa5UQSyRwMjIGBkZmUhJeY6UlFQhA4OFRU1YWlgWq75E1YkIogLtuiQvwCizlRrXKE6O9YTg1Vw1LWvC1sZWGEoo+VkyUlJSYFXT6jVqnqOwB+HFUb9+Q43pxMREZGZmwtDQsFz72sKuz8zNzNG2TTv4njoJALh6LRAhoTfh0eI9XLr8Kvtqm9ZtYWdnV+xtsi+lsubs3Ag/zJ6Hpk2aFl34/xkYGOgMQsvMykJa+qv+x1HqhJqWNTXK1KxZE3Xq1BX6k9zANCMj7cO2FXfbvI6h1+Xs3Agrlq2Ck6OTxucZmRlYtHgh9u3fo3U5eb6hb+u/U1/jeyoSiQrcj4iNi0GZ0JIVJm+9Ul68Gg57567t2Llre6Gry78vZaE69jNGRkZa57GfoTedSCRCW6+2+LPeO7h/P1L4vHOnLmjYoCFu53lInl95t01TU1NhdKdcT57EF2u/CsN2TWVJ17VEeSjsd7RarYb/aT+s/HlZlRrel22CiIgqi0Qs0RihFSji/rlaDVW+kbokkuKHQ9SwqAFHRydcvZbz7Pvx40d4kef3+euqzN/F9eq9g65dusHP/x8AQEpKCo4eO4yjxw4LZVq4e2D8lxPRsqUnRCJRifePiIiIqLSqRAbWZs2aITw8HBkZGZg6darweWpqKpYsWYLw8PBCli4ZiUSCiRMn4rfffitw8zRXdHQ0Jk+ejB9//BHZ2bqHFfiva9CgAbZu3YoBAwboLHPo0CF89NFHCA0NrcCaEZVM/fr1NbIABt8M0lk2KysLv/++QQiosrd3wNw583Hq5GkEXr6BE8d8NTIdvgnS0uSIjo5CdHQU0krwYFxfXx8WNWvAomaNYg3vpa9vAIua1tA3NEZsXAKiox9Dnqb9rVKiN4WhoSHervu2xmchITcLDIv0psp/M9HczAx6+nqV3td6eraGq+urjNfXrl9F6K0QBAffAJCT2bZjh06QlCCAl30plQVTU1O08myNWd/NwZZN29G8mVtlV6nKY9sjKhn2MyXHfoaqirfflsKrdRth2tTUFJ07ddEZVF5R1Go1VPmC1iwsLCqpNsXDdk2V5c7dO1i0ZKEQvNqntzd2bt+Di+evICToDiaMn1Qp9WKbICKiyqKvr1/gBZO7YXeRkZmhtXxiUhIi/o0Qpm1tbfH2229rLatVvgBYGxvbYgWOVgdWNa0w5/u5GDzoQ40Mr3ndCLqO8ZPGaSRyICIiIqoIVSoDq6GhIaZNm4Z79+7hyJEjAICQkBDMnDkT69evR+3atYWyZmZmwr/Nzc1x6NAhdOnSpdjbGTduHEaPHo3IyEjcvXsXN27cwMWLF3Hu3Dmh3NmzZxETEwMjIyONC7mIiAgkJibC3Nxc+CwlJUUjm2ndunULvBGWK+dNqQydb0CVVt76AMDNmzfx4sWLQrOw5l9m06ZNGDVqVLG32ahRIxw8eBDPnj3D7du3cevWLVy9ehVnz55FdHQ0ACAsLAz+/v5wdXUtwd4QVRyJWII+ffriwsXzCLx6pdCy8fFxuHrtqjDt3dsbH3wwWAhiKsuhREoi//BZPvMW4IM8w52+DrFEDCNjQ1haWsDS0gIWFjVgaVkTJqZmWssbGRlDLJFAIhFDIsnJspAq0f2+hEqpQkZGTrYFfX1DSCR6SE2VQ56WDlMTU1hY1CzWTW6i6srdrQVsbW2FoelP+fmitVcb9OnlXeAtZ7VajTt378DP/xS+GPslJHoSjWuUB1H38eRJPGrVqiV89lL+Ei9SXwjTVjWtqsQDY7VaXSATVM2aVpCIJYiJf1ypfa2dnR1atWwlDCt96XIAIiPvCdlu23q1Q/36DUq0TvalVBoVmQnK0MAAJsavshNHRT/As+fPNPqYl6mpGtnO3nrrLRgZGb72tnkdQ5Ul/3fvXuQ9ZGVlCcFearW6wDDX9nYO5V6v/O1xwPsD8f2sH3TeY3gd7GdeH/sZqioMDAzQt08/+J76GwkJCWjdygsujV2KXK6822Zq6gvIIl4lJ7C1tS2T3yNs1/QmunQ5ALGxOdnepVJHfD5qLJwbOldyrdgmiIiocrm7tUC9PCMNnDnrj149esPTs5VGOaVSiePHjwr3dAGgmWtz1K1Tt9jbyh8Aa1XTCuZm2s93pVGZv4uBnIDceT/8iBnTZyEy8h5kEeG4G3YXV65cEl6gkcvluBhwAS3f8+T5l4iIiCpMlQpgBYDatWtjypQpuHnzphAAeeTIEdSvXx8LFiyAoWHOBVqbNm1gZ2eHuLg4pKamYubMmfjhhx/Qtm1b4SZoeno6IiMjcejQISQkJGDx4sV4+PAh5s6di969e6Nt27ZwcnKCs7MzBgwYgJSUFEycOBHbt+cMzZeZmQmFQoG6devCw8MDly5dAgAEBgZiw4YNmD59OiwtLREdHY2FCxciLi5O2I9mzZoJw9NKJBLo6b061AEBAZDJZHB1dUVGRgYCAgLw8OHD1z527777Ljw9PREYmDOswfbt21G3bl2MHz8etWvXhlqtRnx8PH&quot;
08-31-2019 13:00:17 Wire.java DEBUG [Forwarding screenshot on session 57f77c2899285a2b963db09b270c4ab3 to remote] http.wire 87 - http-outgoing-5 &lt;&lt; &quot;bt2oWoqCgsW7aswDJLly6FWCxGv379YGVlBZFIhKysLMTExODo0aO4fPkyfv31V1hbW2PBggVIS0tD79694eLigrZt26Jdu3YYN24cTp06hZ49ewp1y8jQ/iYcUVVRu1ZtDB40BLfv3NIYjjs/pUqFbOWrzMz3IiPx9MkT2NnZIz09HSEhNwsMY1cRGjR0hqtrM+GH+eYtmyAWi9GpYxdYWFhAJBJBoVDgydMnOHPGHzdDgjF71lxYWhY99JalhSVsa1lDLMkJpNPX14epibHOH65iiQT6+sXP8KJQKJDy7AUUWQpY1HwVcG9qYgqp1BE2NrUKPJgiepM4OzeCd+++2LJtM4CcG0QLFs7H0ydP0K/v+7C2toFKpUJsbAz27NuNffv3oE/vvgAAM1MzNGvmJgx3n5CQgF27d2JKra9Ru/ZbeP78OTZv2aRx087FpQnMzcwLVqScZWdnQ/n//WdGZgbOnzurMRyyra0t3N1aAKj8vlYilqBVKy/s2r0Tcrkc9+9HagzF2rFj5xIHEbEvparOxsYWTZo0FTLRh4aGYP/+vRj12ecwN6+B2LhYrN+4Tgi2BwBn58ZlkoWC1zFUWfJ/906f8Ye7mzu6de0BAAi8ekXjXGVv71AhQST52+MpP19Y1qyJoR8Og729AyQSCVQqFZ6nPEfIzWDsP7APn48aC3c393Kv2+tgP5OD/QyVp3ffdcW50yXLllTWbTMrKwtKpRISiQTJyUnYsWu7MEwpUPIgAl3YrulNpMzzOzgxMQHh4WGo/059iEQiPHr0EBERskqpF9sEERFVJieneujapRs2/P/92YSEBMz/8QdMnjQVbdu0g5GREZKSErFn725s27FFWM7U1BT93x+AGjV0vzylyM6GWq0GAMTGxWLd+t807qU3adIUNja2AACxWASJ5NWIXLFxsbh/PxJubu4FElHoUpm/i0/8dRzXb1xD1y7d0LixC1xcmqBp03fxAYCwsLuYNmOqcA88KysLKpWq8BUSERERlaEqF8AKAO3bt8esWbMwZswY4bMNGzbA3d0dw4YNg0gkgru7OyZNmoQZM2YAAK5duwZvb2+d6xw7dqzw77CwMOzZs6fIenTs2BF169aFoaEhRowYgSNHjghBtYsWLcKiRYu0LtenTx8MGjRImLa1tYWTkxNu3MgZdjYkJATNmzcvcvsl5ejoiIkTJ+KLL75AamoqAGDBggVYsGBBgbK5xyP/MjKZDJ999pnObfTo0UP4t0qlwsKFC7Fw4cJC6yWVStGtW7fS7BJRhWrfrgO6dumGI0cP6yxjZmoGq5pWwvTpM344fcavIqpXKAd7B3w8fCTmRc6BXC7Hg6gHmDV7ps7ybdu0K/a69fX1YWFRo9hveKqUQKYyS5jOyMgsMFxgXkqlCkplZs62DPShVKphbl4D+nqGsLGpBUuLoh8uEVVnBgYGGDp0OCL+jUDApYsAcjK7L1uxBMtWLCl0WZFIhG5du8PPzxdBwTk3vY4eO4yjx7T3Y87OjTDg/YGV8ub0lcDLaNfRS+d879594ezcCEDV6GtdGrugdSsvjYftANC6lVephlNmX0pVnYGBAfr17Y/TZ/yFrE8bf1+Pjb+v11q+Q/uO6NGth9Z5JcXrGKosDvYO6NPLW3g4FRsbg6+/mayz/KCBg9GgQcNyr5eBgQGGfjgMobdCEBoaArlcji1bf8eWrb/rXObzUWN1zqsq2M/kYD9DVU1Zt831G9Zi/Ya1WueZmpqiZ4/ehQYRFBfbNZUlmSwcffrq/l5PGD8J48Z+Ve71qGX7ajQVuVyOmbOmY+as6eW+3aKwTRARUWWSSCQYMXwk7t27J9wjfhD1AJOmjC90ubFjxqFD+06Flpn1/QzM+n6G1nn29g7o17e/MEqLoaER7O1fjcpy/34kPv5kmDC9ZNEyePfpV+j2KvN3sVqtwt59u7F33+5Cy5mamqKNVxshqRgRERFRRaiSAawikQgfffQRbt68id9++w0AkJqaiu+++w4ODg7o0KED9PT0MHHiRCgUCixZskQI2Pw/9u47LIqrCwP4u+zSWRAQxYIU6YgUCwhWNHZjiTVBo8mnMYmxxRI1aOw9icYYRRNNbMRurNgbKioKoihYEImiCChNpCz7/bFxdAVlqQv6/p6HR2fm3jtndplhy5lzy0qfPn0wZswY4cVZo0aNsGLFCowePRrR0W++09nX1xeLFy+Gubm5sM7IyAj+/v4IDg4uNM5evXrh9u3biIiIKLCtOEQiEfr27YvU1FR8//33SElJUblPbm4uxo4dq1Kf4jAxMcGcOXPg6Vm5K8EQAYCBgQH69O6PCxcvCG8cX1e9enX07PkRrkRGFFqp1cTEFNnZz99axbU8iEQidOrQGXm5eZi/cA5SU1PLbOwXVRDeNtXX2+TL8pGbm6vyfvJyZahdqw5ksnxWV6D3hkVdC8ycPhtLfvnprUn0L1SrVg1iDcXd3nVq18HkSQGYM3emkMRaGGsra0yZFAAbm/plFndZ6dC+Ez4b8j/hw8DKcK01NDRCc98WBRJYW7RoherVqxd7PF5LqSpwcXbBDwHTMXf+bGHasMJ4enhiwvhJQgWK0uLrGFIXkUiEPn36ITMzE7+vWfXWvysD/T/Fp4OGKFVbKU82NvUx9fsfivz7XtXwOlMQrzNUGVTEuamvr48vv/gaHdp3LLqxCnhe07uodas28GvTrtAbOPX19aGtraOWmZ94ThARkbqZmlbH7JlzsXRZTWwK2vDWtkZGRvjm69Ho/VGfEr+HNzIywtjR4+Di7CKs09bWhl+btvhn985SfS6trvfFqtDX18fwYV+huW/LCtsnEREREVBJE1gBxQuk0aNHIywsTJjePi4uDj/99BMcHR1Rs2ZN6OrqYsqUKfD398fmzZtx9OhRXLhwQUjC9PDwgJubGzp06AA/P8VUr3Z2dti0aRN27979xvYff/wxWrZsqXRnkUgkQseOHRESEoJt27Zhx44dCAkJQXp6OiwtLeHl5YWePXuiW7du0Ncv+KHKhx9+iN27d+Pnn3/GkSNHAABt27bFyJEj0aBBAwwcOLDUCawAIJFI8OWXX6JLly7Yvn07jhw5gjNnziAlJQVSqRS+vr748MMP0bVrV+jo6Ah9Pv30U3Tq1Ak7d+7E3r17ERERIVSbdXBwgIeHB1q3bo3OnTvDxERREW3UqFHw9PTE1q1bERERgcuXLwNQJK02adIEfn5+6N+/P+rVq1fq4yKqKG4N3dC1SzcErlpR6HaRSITOHbvArLoZ1m/4C+dCzyIzMxNGRkbo13cAWrVsjRmzfkB09I0KjlxxF2qP7j3RskVLHD56GCdOHkd09A0hGdfayhpOTs5X7GxRAAAgAElEQVRo2sQLLVu0gpGRahVPXq2CUJ5e3Y/UwLCI1kTvHnPzWpg9cx4+G/I/7D+wD2fPnkHElXAAig/MPNw90bJFK7Ru1QY1a5orTUvk7OSCVSvX4Njxozh0+CDOhZ5Bamqq0K91az+0b9dBpekyy4u3VzP06d0PBw8FC/F5ezVDr1690bZNO+jqvpwGqbJca93cPGBpaYW4uLsAFMlEzX2aqzwl1Kt4LaWqQCQSoXnzltjQoCEOHg7G4SOHcPlyGDIzM1G7dh00dHVDu7YfoE1rP6VztizwdQypi462Dr4Y9iXaf9ABe/btxomTx3H9ehQAwMnJGY08G6Nzpy5o6OoGDY2SJW2UlLOTC1avWouwsIvYt28PbsTcEGIzMjKCa4OG8PDwRAvflnBycq7Q2EqK15mS43WGylNZnptdOneFjo4uzp47gwcP7sPISHFj2IB+n8Dd3aNMr6U8r+ldY2paHTOmz4Kbmxt27twuJLU08myMEV+NRNjli1j269IKj4vnBBERVQZGRkaYMikA/fsNwP4D+3DhwnnciL4ufG784nPwdn7tYGJiqtKY47+diDxZHg4E78f161GoXbsOPmjXHn0+6gtra5sCnwP7NPPFiuWrsG37Fpy/cF543enW0B3VqhmrtE91vS9u16491v6xDoePHEJk5BXhuwd9fX04OjihSZOm6Nq5W6HHTURERFTeRJs3b5bb2ytPgefu7g65XF&quot;
08-31-2019 13:00:17 Wire.java DEBUG [Forwarding screenshot on session 57f77c2899285a2b963db09b270c4ab3 to remote] http.wire 87 - http-outgoing-5 &lt;&lt; &quot;6iAU0D/gYAJM/sV+rgiEg1r593L95YFHUeX7t6DQCgAS2V9hMeeREA4O3tXaI43+TcuXMAAHfXxiq1z4diCiqXBi6Fbi/ucRERlRVen156nv0c8+bPweYtQQAUU3YumLdYrUm0xXUu9Cy+GfWVcEe9/yeDMG7sBKFSLNHb8HpApBqeK0T0PuM1kKj0eB4RERFVHer+u33p8iX4D+ovLC+Ytwhdu3xYLvsiIiIiUoeiXm+98CKv7MWsRuHh4eUb2Bu4u7sDACq2fAgRERERURXwPPs5DgTvF5JX9fX14demLZNXiYiIiIiIiIiIiIiIiIiIyggTWImIiIiIXnMzJgbHjh8Rlpt5+8C5ikzPTEREREREREREREREREREVBUwgZWIVKahobhkyGSyMhvzxVgvxiYiIlI3Wb4Mx08cw+PHj4V1rVq2hqGhkRqjIiIiIiIiIiIiIiIiIiIierdI1B0AEVUd+vr6SE9PR1JSEmrWrFkmYyYlJQljExHRu0NHWwc/TJ2BH6bOUHcoxSbWEOObEaPwzYhR6g6FiIiIiIiIiIiIiMqAp4cnoiJj1B0GEREREb2GJQ+JSGXVjIwBALGxsXj06FGpKrHKZDI8evQIsbGxSmMTERERERERERERERERERERERHRu48VWIlIZdpaujA3N8fDhw8RGxsrJJ+Wlrm5ObS1dMtkLCIiIiIiIiIiIiIiIiIiIiIiIqr8mMBKRKqTi6CvZwiLulp4mvoEmZmZyM/PL9FQGhoa0NfXRzUjY2hp6QByURkHS0RERERERERERERERERERERERJUVE1iJSGU6ujpIT0uHCBIYG5nB2MisTMbNy5FBaqhXJmMRERERERERERERERERERERERFR5aeh7gCIqOqQiCWQGkqhpakFEUpfMVUEEbQ0tSA1lEIiZj49ERERERERERERERERERERERHR+4IZY0RULBKxBAYGBuoOg4iIiIiIiIiIiIiIiIiIiIiIiKqwcktgNQ34u7yGJiIiIiIiIiIiIiIiIiIiIiIiIiKiKkxD3QEQEREREREREREREREREREREREREdH7pcwrsCbP7FfWQxIRERERERERERERERERERERERER0TuEFViJiIiIiIiIiIiIiIiIiIiIiIiIiKhCMYGViIiIiIiIiIiIiIiIiIiIiIiIiIgqFBNYiYiIiIiIiIiIiIiIiIiIiIiIiIioQknKekDTgL/LekgiUlHyzH7qDoGIiIiIiIiIiIiIiIiIiIiIiIioSGWewEpEVU8+ctQdQrl4V4+LiKo+Xp+I6AVeD4hUw3OFiN5nvAYSlR7PIyIioqqDf7eJiIiI3i/llsDKSpBEFYeVj4mIiIiIiIiIiIiIiIiIiIiIiKgqYQVWoveYSwMXdYdQLt7V4yKiqo/XJyJ6gdcDItXwXCGi9xmvgUSlx/OIiIio6uDfbSIiIqL3k4a6AyAiIiIiIiIiIiIiIiIiIiIiIiIiovcLE1iJiIiIiIiIiIiIiIiIiIiIiIiIiKhCMYGViIiIiIiIiIiIiIiIiIiIiIiIiIgqFBNYiYiIiIiIiIiIiIiIiIiIiIiIiIioQjGBlYiIiIiIiIiIiIiIiIiIiIiIiIiIKpRE3QEQkfqIRCIAQEpKipojKRljY+NC11f14yKiqo/XJyJ6gdcDItXwXCGi9xmvgUSlx/OIiIio6uDfbSIiIqLy9abXW5UVK7ASEREREREREREREREREREREREREVGFYgIrERERERERERERERERERERERERERFVKCawEhERERERERERERERERERERERERFRhWICayWRlZWF4cOHQyQSQSQSoWPHjkhOTq7w/bq7uyM6Orrc90tERERERERERERERERERERERERE7y+1JLAmJyejY8eOb02alMvl2LhxIwwNDYV2VlZWOHHihDpCpkpm5syZwu9FYT+GhoZo164dli1bViGJwERERERERERERERERERERKWVm5uD7X8tx9pfZiE3J1vd4RARERGVK4m6A3iTkydPYvLkyUhPTwcASKVSzJkzBy1btlRzZFQVpKen48iRIzhy5AjWr1+PNWvWwMnJSd1hERERERERERERERERERFRBch6lom83ByV22uIxdDTl0IkEgn9NTW1INHULK8QC8jNzcHfq3/Gzg0r0OKDD5Gfn19h+y5L2c+zkJuTDX0DQ4g0qs7EwDKZDFmZ6ZDL5cI6kUgEXX0pxGKx2uKSy+VIT0+HWCyGvr6+2uIgIiIqD5UygfX69euYOHEi4uLiACiSV1esWIEBAwYILxaJVBUaGopNmzZh2rRpan1RSUREVFGO7t2C5XMnCss9PhkO/y8nqDGiyk0ulyP66iXs+ft3hJ05JtzR7ujaCCOmLIJ5XUs1R0hEREREREREREREqsrNzcGujYHY9uevxapgqqmljR+WbICDqyciw85g0fdfw7K+I0ZO/RHVa9QqVgy3bt3CZ599hsaNG2POnDnQ0dFRqZ9Eogln96YQiYCkRw+Ktc+ytHDhQsydOxf79++Hl5eXyv1kMhn2bv4DG1YuBACMnvYzmrXpXF5hIiUlBcOGDQMABAYGwsTEpMRjZaQ9xS+zxiHszNEC21p17IWh386Ajq5eiccv6e8EAOzYsQOjR4+Gg4MDVqxYgfr165c4DiIiosqm0iWwpqWlYd68eQgNDRXWTZkyBX379mXyKr3R+vXr8cknnwAAMjMzsWTJEkyZMkXYnpiYiJycHOjq6qorxHdKYmIiHj58iPR05bvPikMkEkEqlcLc3Bw1atQo4wiL9jTlMc4dP4BLZ4/hTvQ1PE15DADQlxqhrpUtnN2awLdtV1jYODDxmYjKVXrqE8wZ/zluRoUL66ztXTBxXmChH4jF3b6B2d8OQUrSI2Fdiw8+xPCJc6Gtw79zxSWXy3F83zasWDgZsrw8pW3Jjx8iLy9XTZERERERERERERERUUkc3bMZW9YsRa+BX6Ft174qfXael5eLzPQ01LGsj2cZ6Ti6dwsy01MRFR6KpTPGliiJtSREIhE8m7XG05THSgmsjx/ex+ofpyH1aXKxx5SIJeg9+Bu4e5X/bLfRkRex7a/lwuft+7f9BSe3JqhmYlbu+y6tm9cjcCMyDBPnBcLRtZGw/trlUPwy61s0/6AbPLxaqSW227dvIyMjA2FhYfj333+FBNacnBxERUUhLCwMN27cAADY2NjA29sbrq6ukEgKpgQlJSVh48aN6NChAxwcHCr0OIiIiApTqWq15+Xl4bfffsNff/0lrPvqq68wYsSIAn9Yo6Oj4e7uDpFIBJFIhJkzZyIzMxMbN25Eu3btIBKJYGVlhS+++AJ379594z6Tk5MRGBiIbt26wdTUVOjXr18/BAUFITMzU6n9hg0bhH2KRCKlWAEgNjYW3t7ewvaffvpJafuVK1dgb28vbJ88eTJkMpnKj1FmZiaCgoLQr18/WFlZQSQSwdTUFN26dcPGjRsLxPtCfn4+jh07hr59+wrH2a5dO2zYsAFpaWlv3adcLsf169cxduxYYZ+enp6YNWsW1q9fr/R4bNiw4Y39AwIC0KxZM6Gtp6cnvv32W1y/fr3ESZCF0dfXR/fu3eHk5CSs09PTU0pCzM7Oxv79+zFhwgT4+fkJj4lIJIKjoyMGDBhQ6PP/av9Dhw5hyJAh8PT0VOo7ZMgQBAUFITExsUC/kj5/lcmdO3cQExODtLS0Uj1vcrkcaWlpiImJwZ07d8owwrfLyX6O7X8tx5e9W2L1j9Nw6exxIXkVADLTUxEdGYYd61dg3JCumDqiPx4/vF9h8RERAUBszDWEhRwpsF4mk+H4/m1KyatUOk+SE3Fgx7oCyauv+vfuLXzZuwV6N7dB7+Y2WDJ9NLKfZ1VglERERERERERERESkisyMNJw/eRAfdOuP3oO/QfWatSE1Mi7yx9i0Bupa2eLqpbO4cPoQhowMgG+7bgCAqPBQbApcXKxqrmUt+3kW7t2Jxq2oiGL/3IgMq5DvFfJyc3Hy4C5kpqcK66LCz+PM0X1lmg9QFuT5+chIe4r01CdIT32CJ8mJCDm8B7ZODWFZ31Gpbb36DrCyc0bI4T14kp&quot;
08-31-2019 13:00:17 Wire.java DEBUG [Forwarding screenshot on session 57f77c2899285a2b963db09b270c4ab3 to remote] http.wire 87 - http-outgoing-5 &lt;&lt; &quot;wo9MnMKN335cXRvXt3NGjQAIMGDUKTJk2QkpKCwMBANG/eHH5+fpg+fTqioqIQERGBKVOmoG3btmjdujX++OMPPH36FHl5eYiNjcWCBQvg5eWFH374AVeuXKmQ2ImIiIpSqSqwbt68GbNnzxaWu3fvjqlTp0JfX7/IvmFhYejVqxcOHjworIuLi0NgYCAiIiKwbt062NnZCdvkcjmCg4MxevRoREdHK40VFxeHuLg4bN68Gb6+vli5ciVcXFwAAO7u7nBycsL169cBAOHh4ejfvz+0tLQAAJGRkUrVYy9fvoz09HRIpVIAwN27d3Hz5k1hu7e3t8rVHS9duoSRI0ciJCREaX1KSgr27NmDPXv2oEuXLvj1119haflyqtvMzEzMmTMHc+bMUep35MgRHDlSMDnmVXK5HJs2bcLw4cORnp6udFyXL18uMuasrCwsXrwYCxYsUOr/6hirVq3CTz/9hE8//bTQO4CKKy0tDVu2bBGeI0tLS3z00UfCcwQAGRkZWLJkCYKDgwv0j46ORnR0NIKCgtC9e3esXLkSNWvWFLY/evQI33zzDbZs2fLGvmvXrsWMGTMQEBAgbCvp81eZJCYm4sEDxZ1+NjY2qFGjRomrk8pkMiQmJuLOnTt48OABDAwMyr0S6/OsZ1i1eCpOHNiucp+Uxw+ZpEREanHu+H74tu0KA8NqwrrHD+8jLKTg1DWv8+vSB35d+pRneO+MxAfxuHvrurDc45Mv0PezUdDSfjl1z793b6kjNCIiIiIiIiIiIiIqpnyZDM8yM2Dj6Frs7zEjw85g5YLJeJ6Vhby8PHw+ehoAIOTwbpjXqQcNcfmnV+TmZGPDyoU4f/IQMjPSsGDycAwdO6Pc91sWsp5lIO7WjQLrdwetRsPGvqhrZauGqAp3/94dzB43pNBCRl/1KbxSbXRkGI7v3yYsm5nXwZRFayrkuKpXr44aNWqgTp06uHDhAsaPH4/k5GT069cPa9euhb29vZBrkZeXh5iYGPz555/44YcfMG7cOGEcCwsLDB48GCdPniz3mImIiFRVaRJYDx8+jIULFwpJjl5eXpg7d65S4uDb7Nq1643bQkND8ffff2PKlCkQiUQAFAmvw4cPR1xc3FvHDQkJwcSJE7F69WqYm5ujXr16aNy4sZAcGRkZidTUVJiZmSEnJwfHjx9X6n/lyhU8ePAADg4OkMlkOHfunLDNx8cHbm5uKh3f9evX8dVXXyklxxZm7969sLa2xoIFC6Crqwu5XI7Vq1cXSF5V1ZkzZzB58uQCyaeqyMvLw9KlS5WSOAuTnp6OmTNnwtHREb6+viWK09/fH/7+/gXWN2nSBPPmzYOPj0+Jxt21axcaN24s/O5kZ2dj4cKFhSavvk1Jn7/K5uHDhwAUyau1apVuigyxWCyMcefOHTx8+LBcE1hlMhl2B60ukLzatEV79B4yAvWsHSDR1ERebi7u37uNQ7s24ciezeUWDxFRUSLDziLi/CnhDm+5XI6zx/bhQXysmiN7t+Tny5Sqr7o1baGUvEpERERERERERERE777IsDNYu3QW+g/9Fgd3bkTgou8BAJ+PnoaGjX3h27ZriQv7FIeGWIIWH3SHZ7M2ABTfqRoZmwIARkxZWKzZXV9lYW1XdKNSEolEhT5GNvYNhGOoLGrUqouRAT/iwI71iI2+io+/GA89A2mR/Z5lpGPjyoVo3LwdmjRvhxq16lZAtMoSExNhZmaGzZs3w8rKqsB2iUQCZ2dnzJ8/H+PGjcPFixeRnJwMFxcXODk54dmzZ4iIiKjwuImIiN6kUiSwRkREYMSIEUrr/P394ejo+IYeBfXu3RtTp04Vpo3fuHEjRowYISRexsXFISsrC3p6esjOzsa6deuUkle/++47TJgwAdWqVcOtW7cwZswY7N27F4AiqXDr1q0YMWIEpFIpPDw8sG7dOgDAtWvXcO/ePZiZmSEpKalAVdKIiAhcu3YNDg4OyMjIUKq+2rhxY5ibmxd5bDKZDJs2bRKSHy0tLTFr1ix89NFH0NHRQVxcHEaPHi0k8QYHB2Po0KFo2LAh7t27h82bXybhSaVSjB8/HiNGjICxsTFSU1MxZswYrFmzpsB+s7KyCjxOPXv2xNy5c2FnZ4f8/HysXbsWQ4cOLTTu6Oho/Pnnn8LygAEDMGvWLFhbWyM3NxebNm3CN998g/T0dMTFxWHv3r3Fqkiritu3byMoKAg2NjYFXrzVqlULK1euRNeuXWFubg4NDQ3k5OTg4sWLGDt2rPB4x8TEICMjA1KpFA8fPsTZs2eFMQYNGoQff/wRpqaKF9wZGRmIiorCrl27oKGhAaB0z19l8+J8KstE0xo1auDOnTslSpIujn/v3sShXZuU1vUZMhK9B3+j9Dsn0dSEZX1H/G/sdHTr/zmCVv+k1CcqPBRTRwwQlr+aNB++bbvg0K4gHNy5AQ/iYzFj2SY4u3sJbbKfP8O54wdw6tA/uBkVgcz0VGhqacPWqSH8OveBT9vO0NbRKxBzbm4OIs6fwp6//8D1KxcAAPUdG+KDbv0RExWOQ7s2AlD97r60pymY990wxFy99N9Yrpi88A/hDaNcLsf2v5Zj06rFAIC6VraYvPB31KhlAUDxu/znL7Owb6vivDYyNsX3i9fC2t4FWZkZOH/6EK5cCEHszWu4H3dbSAirUcsC1vbOaNu1H1wb+0BTU1ENOSPtKRYHfI3IsLOF7u/FPtf/Ng+7g34HAOjq6eP7xX/CwdXzrcdK9K44c2wfGvm2hY6uHp4kJ+Lc8f0q9SvsWvV6RVa5XI7EhHicOLADF0OOIO72Dcjy8qAvNYKdsxt8/bqicfO2kBoZI/t5FlbMn4RTh/4BANg5u2PSgtVISnyA7X8tR9iZY/Bu1QHDJ86Fto7iBgx5fj5uRIbh2L6tuHrpHBIT4gEAdSzrw8O7Ffy69IWFtZ1wc9GrEhP+xfH923D53AncvXUduTnZEEsksKzvCLcmzdGkxQeo79hQ6fotl8sRH3sTR/duxuVzJ3A/7jYAxTWogac32nTuDUfXRhD99/c5PfUJ5oz/HDejwpX2PX3UyxtiZizbhEtnT2DnhhVKbU4d+kd4LF60e/W6T0RERERERERERERVx4vk1Z4Dv8SxfVsRFa74Xjdw0ffQ1dNH2659KywWsViM+o6uhW5z8fCusDhKQldfChuHBrgRGSas6/TRIHw8bBx09Q3UGFlBWto6cHJrgrAzx5D4IB4uHl6QGhkX2S899Qn0pUaoa2ULJ7cmFRBp4XR1dWFoaFhkOzMzM3Tq1Elp3bNnz8orLCIiohKpFAmshVm0aBE8PDxUrsjZsGFDuLq+fCHXrl07NGrUSKiIGh8fLySwPnz4EBcvXhTaenl5YdiwYTA2VrwgsbOzw6RJk3Dy5EkhqS4iIgLPnj2Dnp4eWrZsiVq1aiEhIQEJCQm4du0aGjVqhGvXrgn7mzx5MrZs2YKbN2/i9OnT6Nq1KxISEhAdHS3st2nTptDW1i7y2B49eoRTp04Jy927d0efPn2EvlZWVvj666+FBMibN2/i7t27aNiwIWJiYnDmzBmhb8+ePTFq1CjhxYyWlha0tLQK3W9iYiIiIyOFZScnJ/zwww9wcHAAAGhoaLy1Sujp06eFSrW1atXC6NGjYWNjI+y3V69eOHLkiJAMfPPmTWRkZMDIyKjIx0RVKSkpWLVqFa5cuYI1a9YICc6mpqZYs2YNEhMTce7cOZw+fRoRERFIS0tTqpL74nHIyckBAOjp6UFP72Wi4V9//YX79++jffv28PDwgJ2dHTw9PdG0aVOhTWmev8om75UKdSW9u68wZTnWm1y9dBYpSY+EZddGzdClz+C3JkzXrF0Po6b+9MbtAHAn+ioO7tqIW1GF36V26/oV/DpnPOJjbyqtz83JxvWIC7gecQFH9vyNkVN/VErcfJ71DKsWTy1QMTbm6iUhAbW49KVGcGjgIfR/cO8OEhPihQTWZ5npwhtyQDFldnzsLSGu51mZQkIYAFjZOqFGbcW25McPEbTqx0Kn2UhMiEdiQjxCTwSjVcdeGPrtDOjo6kFfaoQGnj5CAuu/d2/h5rVwpcch9UkSosLPC8&quot;
08-31-2019 13:00:17 Wire.java DEBUG [Forwarding screenshot on session 57f77c2899285a2b963db09b270c4ab3 to remote] http.wire 87 - http-outgoing-5 &lt;&lt; &quot;sNmzSHpa3qNzcQVUW6evrQ1tHD05THuBhyBNevXICHVyuEh57E7RuKv8uOro2UPgAqrpzs59i69hfs2rRKqfooAGSmpyI89CTCQ0+ixyfD4f/lhAL9s7OzsO3PX3Fgx7oC/QHFBzhrf5ld4BoGAPfjbuN+3G3s3/YXPhr0NXoO/FJIbJfL5TgZvAMrFkxBbk62Uj9ZXh7uRF/FneirOH14t1Li/tuOJzEhHkf3xuPo3i1o06U3Phs5tdJ9UEZERERERERERERE6vF68mrE+Zff63bo6S9UQq0oMpkM+7f9iS1rfoGurh4GjZiMZm06F1oMorIRi8XwaNYawTs3QJaXh3r1HdD9ky+qzGfyebm5eJ6VCX0DQ+TL5cjKTIeuvhQaIhEyM9Kgo6uv7hCJiIjeSRrqDuAFExMTIbkQUFRMXbhwIR49evSWXm+mra39xuTQ58+fIzMzU1i2t7dH9erVldpUr15dSLYEXibAAorp0729X97dFB4ejuzsbKHCpo+PD/r27Qs3NzcAwOXLl5GUlISYmBghIdTNzQ2NGzdW6VjS09Px5MkTYXnp0qXQ0dGBSCQSftq3b1+gD6BIvnyVu7u7SnfiAAUfJxcXF1haWqrU9/V9JyQkwMvLSylmQ0NDIXn1Rcx5hSTBqGL9+vWQy+WQy+XIz8/Hv//+q1QZNjQ0FJs2bRISJTMzMxEQEABbW1t0794dCxcuxMGDBwskr77OxMSkwGN95MgRTJw4Ee3bt4e1tTVsbW2xZMkS4felNM9fZZOfn4/8/HzIZLIy/XkxbnnJy80tkEDq2sgXBobVSj32ge3r3pi8Gh97E0tnjCmw79fdiAzDljW/IPu54ndGJpNhd9DqQhO/SkMsFqOBp4+wnPUsE3G3bgjLD+7dQcw15SrS0ZEXIZfLAQCJD+Jx99Z1YZuLhzf0DVS7nrxw4sB2nDmqqG4tEonQuHlbmFSvKWy/GHJEeBwAIDYmSkjYAwCfNp2ho1uwWi3Ru6SulR16+H8BQJG0efboPqQkPcKpgzsBALUtrNGqY88Sjy+TybBj/QpsX/dbocmnqrh3Oxp7t6wptH9ubg42Bi4u8homy8vD5j+W4GTwTuE6czMqHH8smVkgefVt5HI59m5Zq9LxHNu7FTvW/1YhN04QERERERERERERUeX2tuTVzn0G4+Nh4yr8e6lnGWn49+4tfDYqAM4eXti3ZS0y01ORlZmBa5fP4crFkBL9PElOLHrnZaC+gyvqOyoKNd27HY3zJw8K3wFUdicP7sT4z7rh/r07iI68iMGdPREdeRH3793B+M+6IeZayYoMERER0dtVigqsUqkUv/zyCzw8PDBkyBAhEXTXrl2oU6cOFixYAH39ynM3S7Vq1eDp6YkdO3YAACIjI3Hnzh2EhIQAAFxdXWFvbw8fHx9s3boVYWFhuHbtGi5devmCxsPDA3Xr1q3w2F+tHlpcurq60NCoNDnPbyQSiVCnTh306dMHq1atEtZfunQJaWlpqFatGlavXo1Zs2YBUPz+TZw4Eb169YK5uTny8vIwcOBABAcHFxhbLBZj5MiRMDAwwPz58xEXF1egTVxcHEaPHo3ExERMnz69/A5UDV4k/JQ00bioccuLTJaH7CzlqRCqmZoJ///37i3MHjek0OqhwNunhu7xyXB0+mgQTKrXEKalVuxThqN7N+NBfCwARfXTQV9PQosPPoSmljYSE+Lx65yJQsXTS2eP4cG9T2Ft74KE+Fgc3btFGEsskaBbv/+hxyfDYGBYDRlpT7FiwWScO36g2I+FhbUt6lrZ4t+7twAAt25cQetOH0GiqYmYa5eR9SxTqf3NqHBkpqfCwLAaHt6/h9QnyQAUFSJfn6bE2s4F/f83Bh7erSE1MoZIJEL28yxcOnscKxZMRmZ6KgDg7s0oyGQyiMVi1K5nA3evlsLxXrsciof342BZ3xF5ubm4cPqQMH59R1c4uTcF0fuggWcz1Hd0xe0bkQg9eRAGhtUQFXEBANDI10Yg6mcAACAASURBVA/mda1KPPbdm1HYt/VPYVkskaDP4G/QsddAGBhWg0wmw/27t3Bgx3poaBR+R3dtC2sMHTcL9i7u0NZRrsYeHXkJpw/tEpbNzOvgq0kL0MDDC7m5OTi8+2/8uWy2kGy6b8tauDbyQY1adXE17KxwrQCAiXNXorFvW4g0NCCTyfAkORGRF0Jw9vg+oc2jB/E49so1U19qhM9GT0Xzdh8CAC6cOoTf5k8Sxg3euRFerTqivqMr5gZuR1R4KKaOGCD0/2rSfPh16SMsO7t7oXWnXkp/J1p88CGGT5xb4NiJiIiIiIiIiIiIqGqIDDuDJdPHoJGvH47sDhJmDATUl7wKAFIjYwyfMAdZmRmIuHAaunoG0NAQI/nxQyybPf6N32cW5fXPvsuLYTUTtOrQQ5gRcnfQajTwbIZ6Nvblvm8iIiKqmipFNqKNjQ0aNWoEJycnTJo0CVKpVNi2fPly7Nixo0zvytHR0VFKiI2JiUFSUpJSm9TUVKUKohYWFtDVVSQpiEQitGnTRojz2rVrCA4ORkSEogpjkyZNoKuri6ZNm0IqlSI9PR179uzBlStXhPG8vb1VTsp9Pd7BgwcjIyNDqDha2M8nn3wCAJBIlHOU4+LiVE4WFIvFSv3j4+OLVRnUwODlVABSqRSHDx9+a8wHDhyAqampyuMX14sE3KdPn+LQoZdJcT169MDIkSPh5OQEY2PjIpN0tbW18eWXX+LWrVu4ceMGtm/fjilTpqBVq1ZK7Y4fP4779++X6vmrbKpqBdbyVLueNUxrmCslrwJAaspjpTe6Xi3bo2WHHtDSVlTfrVm7Hrp/POxl+yfJeHj/HgBF5dZX33w2auaHXgO/FCrGamppC9NtF5dJdXM4NnxZ/Tk25hoyM9KQ9SwTVy8pKhA7uzdFszadAQC3rl9Bwr93IZfLcTMqXOhnYeOAWhYvE+jqWtli/Jzf4OzuhbCQo1g2ezy+G9YTYwZ2xOKAr5US0tJTnyAvN0dxLJpa8PBuLWxLSXqEq5cUj1tSYgKiLocK25q2aA9j0xolOm6iqsakek00baGozp2Znop/Nq2CLC8P+lIjNGvTGWKxuMRj34i8qHROduw5ED0HfiVcY8RiMerVd8CwcTPx8RfjCx1DX2oEK1vHQhM4r10+p5QM365bfzTw9IZIQwNa2jpo27UvfP67xgBA3O0bePRAcf0zrGaiNNayORPwy+xxOLZ3K27fuAJdPX206dIbkxf+gbpWtgAU17EXNwsAiuutj18XiMViiMVieLXqgA49Pha2Z6anIjbmmsqPFxERERERERERERG9WyLDzmDlwilo2rI9zh0/UGmSV1+Ij72JORM+x+OH9zFkVAD0DKRFd6pEvFt3gmujZgCAxw/vY/WP0yqsAiwRERFVPZUigfVVXbp0wYQJE5TWff/99zh58mSZ7cPc3ByNG79M4AoNDUVgYCCePHkCuVyOu3fvYs6cOUhISBDauLm5KVUvtba2RqNGjQAACQkJGDNmDBISEmBnZ4cmTZoAABwcHODr6wsACAoKwuHDhwEAtWrVUtp/cePdtm0bfvjhB9y+fVuohJmfn4/Hjx/jn3/+Qbdu3YRqsE5OTrCzsxP6bty4Efv27UNeXh7y8/MRFxeHu3fvFrrfmjVrwtnZWVg+fvw4AgMDkZaWBgB48uQJoqKi3hi3r68vatWqBQBIT0/HpEmTsHfvXqSmvkyaycrKwtWrVzFz5kyMHDkSWVlZbxpOZfn5+bhy5QqWLFmitN7Ozg4GBgbIz89XqiAaExOD2NhYyOVy5OTk4MKFC7h3716hY0dHR2PAgAFYt24d4uPjYW1tjZ49e2LWrFnYtWsXBg0aJLTNzs5Gbm5uqZ6/yuZFoml5/ZQXsVgC7dfeZD5Nflxu+wOAZ5kZSgliR/duwYA2jujd3Eb4mTvhc6U+Wc8ylP59wdapYZm9MZVoasLVs5mw/ODeHSQmxCM5MQF3byrOZ/emLeHj1+W/WDIRc+0ynmWmI+7WdaFfAw8vSI2MheXUJ8n4ceo3+LJ3C/w6dwJOHNiOW1ERSEyILzImB1dP1Hd0FZYvnj6MjL&quot;
08-31-2019 13:00:17 Wire.java DEBUG [Forwarding screenshot on session 57f77c2899285a2b963db09b270c4ab3 to remote] http.wire 87 - http-outgoing-5 &lt;&lt; &quot;SniAoPFZLSTKrXROPmbSESFV4NkuhdIxKJ0Lh5W5hUr6m03qtle1jbu5Rq7CdJytc/x4aNS5UQ+7pnmcrXMCs7Z6VzV1tHF6Y1aiu1eZG07+TWBLUtrIX1mempOBm8E7/OnYDJX3yETzu6Y/qoT3An+qrQ5vVrpqWto1KSv0gkKlCx9sUNA0RERERERERERET0fnkQH4t1y+fhi/GzMfTbGRj27QzoS40AvExeFYvF5T6D5Js8TXmMVYsDYO/iga8nL8Slc8eRkvQI2jq6qGfjAFtnt2L/OLo2KvB9Q3kyMjbFgGHjhMc1KjwU65bPQ9Zr3x8AQF5uboEZIkl1crkcKSkpOHbsGJYtW4YlS5bg999/R0xMTJUtIEVERO8fSdFNKpZEIsHQoUNx8eJF7NqlmH42Li4OU6ZMwfr162FlVfIpc1/Q1tbGwIEDsWvXLmEK+Hnz5mHevHmFtu/SpQt69+6ttK5mzZpo1qwZjh8/rrTezc0NlpaWAABjY2N4eHjgwIEDStVcfX19YWtrW6x4hw8fjtDQUISGhiI9PR2LFi3CokWL3tjnu+++A6BI2vTz88PNmzcBKB7LDz/8UKX9SqVStGrVCuvWrRPWTZ8+HdOnT1epv6enJ0aNGiXEcuHCBXTt2vWN7b/44guVxi2Mv78//P3937jd0tISvXr1glgsho6OjpBYCygSmN3c3FTe1/Xr1xEUFFRku9atW8PCwqJUzx+VDYmmJiys7ZTWRYaFoH2Pj2FgWA11rWzx29ZTAIDs51lYMX8STh36Rx2hFkpbt2ynqLa0dYKZeR08fngfWc8yEXfrBjTEYjx+eB9iiQSODRuhes3aqGtli3/v3kJU+HnYObvjftxtAIrpxp3cmwoJabm5OQha/RPOHlNM6a0vNUKfId+gsW87SI2q4UnSI8we99kbpzQxNq2Bpi3a4/aNSACKqq83r0cg7MxRoY27V0vUrmdTpo8DUWVXu54N3L1a4ujeLQAU514zv84lrsBcFdSxrI/xc1bgj59/ULrj/VWRYWcxb+JQfLdgFWzsG1RwhERERERERERERERUleXLZJDL5bh2ORR1LOvDxdMbto6uqGNli4+HjUPWswz8NG0U+v9vNJzdvSo8vgf37iAq/Dyiws9j18ZAmJnXgXvTlqhrZYtJC1ZXeDwlZefsjhGTF2DZnAlCsYonSY8wbPxs1Pqv6MTzrGdYtXgqzhzdiz6Dv0GXvoOhraO+yrdVSVZWFg4fPowdO3YgODi40DbNmjXDsGHD0KFDB+jo6CAnJweXLl3C77//jqNHj1baWWGJiOj9U+kqsAKK5NDx48cLiaAAEBISgoULFyIzs2zuvmnUqBFWrFgBBweHt7bz9fXF4sWLYW5urrReLBbD29u7QPtmzZrB0NBQaNOmTZu3tlGVk5MTli9fLlR0VZWuri7GjBnzxn5SqRQ1arx5Su7+/ftj1KhRxdrnCxKJBCNHjsTMmTMhlapvWgMHBwesWLFCqJirr6+PwYMHK/1+vapGjRqljrdPnz4YM2YMtLW1AZT8+aOy08CzmdKdhZFhZ7Hn7z+Q+99U9mVNS1tbaWptr1YdsP7QVWw9feeNP35d+gBQJKm96tH9e2V6l6eZeR04ujYSlq9dPoeIC6cBAFa2TjCvawUj4+qwtlNUYL4TfRUXTh1CUqKiKrWFtT0sbV5eOx8/vI/Ii6eF5VYdeqDTR5/CvE496BsYAnh71VSRSATPZq1hZGwKQFH1NWjVj7h5LRzA+5G0R1QYTU0ttO3aD7p6+gAAZ7cmsHNS/YaLN9HTN1BavnHlYpleY14f/+7NKMjlcmE5NzcHaU+TldqYmdcR/m9hbYdpSzZg7b5LmLZkAz4dMQVeLTsId2oDQErSI4SfU1Tn19VT3l/crRtK13a5XI4nScpTE5nXqVfCoyMiIiIiIiIiIiKiqi4j7SkO7dqIC6cO47d53wnJqzq6ekiIj0VUeKjaYrN38cSavWHCz8I/dqPWKzOXVRWKmeba4bNRAdDUUnxnHhl2FmMHdcL2v5bjacpjbFmzFCcObEduTjY2Bi7Ct4O74MKpQ2qrfluVnD17FsOHDwcAbNiwAbdu3UJycjJSUlLw8OFD7Nu3D7Vr18aQIUNQu3ZtmJiYwNzcHJ07d8aDBw8QFBSEzp07q/koiIiIFCplAisA+Pj4YMqUKUrrli9fjmXLlilN/15SIpEIHTt2REhICFauXImOHTsKSYuWlpbo27cvNm3ahODg4Dcmubq5ucHHx0dYlkql8PLyUpom197evsg2qvL09MShQ4cQHByMwYMHw8PDQ9hmYmKCDh06YMaMGTh//jy8vF7eDebg4IAdO3YgICBAOBZLS0t8/vnnCA4ORvfu3d+4T319fcyfPx9bt24VHiOpVIqOHTti69atWLlypVJ7CwsLpWVdXV1MmTIFV65cwfz589GhQweYmJgI2z08PDB48GBs2rQJM2bMgG4ZVZp88Xj88ssvCAkJQceOHZUe85YtW2LXrl0YMmSIEI9UKsWQIUMQHBys9Jy9ys7ODps2bXrrsRw8eBDr1q1DnTp1lPqW9PmjslHXyg6tO/VSWrf1z2VYNOVLXLt8rsynpjCuXhP2Li+f44shR/DXr3PxID5WeNMlz8/H05QknD22HwFf9xPeDNeztheSOQHgRPBO4c2aPD8fiQn/lmr6a20dXdg6v0yCO3XoH4Qc3g0AcGjgCSPj6tDW0YVrY0XC9eOH93Fg+8tKzLZODWFY7WV8+TKZ0hvJu7duIPm/ZNfnWc9w/coFZKQ9fWtMtSys4diwsbB8+0YkUpIeASi7pD2iqsjB1RPrDkZi6+k7mLZkAwwMq5V6TBcPbyEpFgAO7FiHvVvWCOepTCbDg/hYBC4KwMaVC0s9/uHdQbh66Rzk+fnIy83F8f3bcCJ4h7Ddsr4jatZWJJRuDFyEP5bMEK6HDTy90a3/5xg3ezlGBixW2k9O9nMAgLW9C2q/8uFd6MmDOHN0L2T/XZsunzuBf4Je3pWuLzWCtb1LsY5JQyyGWCwWluPuRCPp0YNijUFEREREREREREREFSfrWcHp6gFAItFEHcv6MKtVF8f2b4WFtYOQvFoZiDQ0CuQSaIhEkOfnIyPtKdJTn5ToJy83t+KPRSRCyw49MXb6UqFIxYtk1f996IVdGwOV2j/8Nw4/ThuJW1ERFR5rVWJqaoohQ4bg3Llz2LhxIzp16gQTExPh90ZLSwve3t4IDAzEuXPnMHv2bEybNg1Lly7F+fPnsXv3brRv314oxkVERKRukqKblD1TU1McOHDgrW1EIhGGDh2KoUOHFrrdwcEB4eHhpdrHi3bDhg3DsGHDimz7OktLS4SEhJS6DaBI9FyxYgVWrFhRZLv27dujffv2xYrVzMwMM2bMwIwZMwpsa9asGQIDAwvpBSQnJ2P48OHw8fHBb7/9hrp160IikSAnJwfh4eFK/dzc3FCzZs0CY4hEIlhZWWHChAmYMGFCseJ+k4CAAAQEBJS4v0gkgpubG/74449Ct7/pd0dDQwNOTk5wcnIq0bGU9Pmj0hOLxejS9zPE372FC6cOCevDzhxD2JljZb4/TU0tdOv/P9y4clGRtJqXh4M7N+Dgzg1F9n2RzBl6QjHdQ2Z6KhZ9/1WZxufs1hRGxqZIfaJcBdHJramQpGVt5yy0eTXB161JC0g0NYVlPQMpDKuZ4PHD+wCAqPBQfNWnZbHi0dHVg0+bzsIxv8q7dacySdojIgVbZzd07fc5tqxZCgCQ5eXhr2Vz8NeyOQXa9vhkeLHHt3FsgOYfdMehXRsBKJLgp4968zQ0nfsMFiqw5svysW/LWuzbsvat+9CXGsHTR1HlvmZtC7Tp0gcbViwAoLhm/jLzW/wy89tC+3bo8TGs/qswrSpDI2NUMzETbh64dzsaoz75QNg+Y9kmtUwlRURERERERERERETKtLR1YF6nHq5dCkWbTr2hZ6A886Z5XUt8v7jwz6Dlcjnu3rqBula2qF6zdkWEW0BCfCxmjxsifO9m5+yOyQt/R+qTZKX1xfXVpPnCbJAVSSQSoUmLDzDt53UIXBxQZHJqzdoWMK5uVkHRKb&quot;
08-31-2019 13:00:17 Wire.java DEBUG [Forwarding screenshot on session 57f77c2899285a2b963db09b270c4ab3 to remote] http.wire 87 - http-outgoing-5 &lt;&lt; &quot;Oyc0LHXgNhZGwKLW1tfDxsHKrXrA2JphY+6P4xqpmoJ67X+fn5wc/Pr8h2IpEI9vb2sLe3r4CoiIiISk4tCaxUtaSnp2Ps2LEYO3bsW9t16dIF9evXr6CoiIrPyNgUI79fjKDVP+HAjnWQqVDNWV9qBEkJp663sLbDyKk/4dc54xEfe1Plfjq6ehgwdCwe3LtTrH7FUaO2BaxsnRBx4bSwrraFtVJVQvO6VrBv4KmU8Pt6GwAwNq2Bjj0HYsXCyYU+pto6usjLyy3y8XZyawIrO2fcvRmltD+3psVLhiWitxOLxej+8TBkPcvA/m1/qXQtLA5NTS18POxb5GQ/x4kD298ch0SC3p+OQOtOHxWrMr2mljYGj5giVGYWiUTo0mcwsjLTsWvTqrceT9uufdFr0NdK1VRVoS81gk/brrgRGVasfkRERERERERERERUsbR1dOHXtS8Wff81Zo79FA2b+EJDQ7XPhB/cu4NzJw6g96cjYFpDPQmsEokm7F088M33i7BlzVK0bN8TBobVChSlqWpsHBpg+tINOLQrCHv+/h1J/83m+CqxRIJ23fqr7bG3sW8AG/sGAACpkTF6DXpZYKjXwC8BAOmpT9QSGxER0buMCaxUJgYOHIjRo0dDIuGvFFVuuvoGGDIqAN0G/A/nju3H+VMHEXc7GpnpqQCAaiZmsHFwgbO7Fzy8W6FOvfpK1UaLy9apIeav3oXIsLM4unczYmOikJgQD0CRhGVl64QGnt5o0uID1HdsKPSra2WHaUs24MD2dTgZvBOJCfHQlxrBrUlzdOzlj/3b1uHssX0AAMNqJpAaGRcrLn0DQ7h4eCslsNZ3dIWx6cs7B3X19GHn5KaUwPp6G0CRPNa6Uy+YmNXEjvUrcP3KBcjy8qCppY323T+GV6sO+GXWt0XeEWpkYgZntyZKCayNfP2EyoxEVHZ0dPXw6Ygp8OvSF6cO7kTEhdOIu31DOHed3Zuiedtu8GjWqkTjS42MMWLyArTr1g/H9m3FpbPH8TTlMQCgjmV9eHi3gl+XvrCwtlNKXu018EvYubjhZPDOQq+XHt6t0LrTR6hRq67S/rS0dTBg2Dg0/6A7ju7djPMnDwl9a9SyQANPb7Tp3BuOro0g0tAo9vGIRCJ06OmPaibVcWTPZkSFn0duTjbEEgks6ztCR0+/RI8TEREREREREREREZW9Bp7NMGn+KmxYuRDb/vxV5X7Va9TC8Alz0PyDD4tdCKGsmNe1xIgpC7H6x2lIfZqCOlaKAlIaYnGpYhJXgu/xtXX00LXfZ+jU+1NER17Esf3bcP7kIeRkP0cjnzboNegrWNu5FKvoRWkZVzdDbm4OcnOyVWqfmZEufK9MREREZUP9r1KoUjMwMIC/vz9q1aqF27dvIzw8HOnp6QAADw8PNGvWDD169EDLli2hra2t5miJVFe9Ri107fcZuvb7rFj9nN29sPX0nWL10dLWQSOfNmj033TXqogKD8W65fPx4YChmLdqB6RGxhCJRMjMSMO54wdw5WKI0La2hTV0dPWKFRMA9Br0ldKdgyVtAwAiDQ24NW0Bt6YtCt3+29ZTRY6Rm5ON5McPhWVdPX14t+qktg8IiCqK1MgYcwPfXKm0MEVdi1S5VolEItSzsccnwyfgk+ET3tpWW0cXo6b9jFHTflY5RpGGBpzcmsDJrYnKffQMpPBq2QFeLTuo3EfY33/HM/ib7zH4m+9V7qfqdV0sFsPHrwt8/LoUOzYiIiIiIiIiIiIiqjgikQiODRtj5q9/qzuUEpFoaqFDL3+Idmpg5YIpmDgvELUtrLHs7+PqDq1MiMViOLt7wdndC19PUm8sds7u2PzHUgzr6aNyHzPzOrB38SjHqIiIiN4vTGClt9LW1oa/vz/8/f3VHQrRe+dmVDgWB3z91jZiiQTNP+gObR3dCoqq/NyMCseVVyrCNmzSHJa2jmqMiIiIiIiIiIiIiIiIiKjiyGQyXDpzFJa2jqhrZYsbVy4CkKs7rHeWnbM7pi1Zh0tnjkEmkxXZXiwWo7FvW9S1sq2A6F7S19dH3759UbNmzQrdLxERUUVgAisRURUllkjwyRfj4e7VUt2hlFpubg5OHdyFrGeZwjqfNp1LVFmWiIiIiIiIiIiIiIiIqCp6mvwY+7b9iciLZ6CppQ3/LyfAtEZtdYf1zhKJRLCxbwAb+wbqDuWttLW10bdvX3WHQUREVC6YwEpEKtPQ0EB+fj5kMlmZTev+4k42DQ2NMhnvXWFexxJ9PxuFqPDzSEz4F4kJ8QAUSauW9R3h1qQ5WrTvAQtrO4hEIjVHW3oP7t1BeOhJYbm+oyuc3JuqMSIiIiIiIiIiIiIiIiKiimVawxzTfl6PrGeZ0NTUgkRTU90hEREREZUrJrASkcoMDAyQlpaGpKSkMpueICkpSRibXjIxM0ffz0apO4wKY1nfEYE7z6o7DCIiIiIiIiIiIiIiIqJSs7W1xcmTJ4tu+Aa6evplGE3xjR8/HuPHj1drDKowMTHB1q1b1R2GSkr7O0FERPSuYslDIlKZmZkZACA2NhaPHj0SqqeWhEwmw6NHjxAbG6s0NhEREREREREREREREREREREREb37WIGViFRmamqKZ8+eISEhAbGxsULyaWnVqlULpqamZTIWERERERERERERERERERERERERVX5MYCUilUkkEtStWxd6enp4/PgxMjIykJ+fX6KxNDQ0YGBgADMzM5iYmEAi4eWIiIiIiIiIiIiIiIiIiIiIiIjofVFuGWOmAX+X19BEpCZ6enpITU2FsbExjI2Ny3xsIiIiIiIiIiIiIiIiIiIiIiIiej9oqDsAIqo6JBIJjIyMoKWlBZFIVOrxRCIRtLS0YGRkxAqsRERERERERERERERERERERERE75EyzxhLntmvrIckokpEIpHA0NBQ3WEQERERERERERERERERERERERFRFcYKrEREREREREREREREREREREREREREVKGYwEpERERERERERERERERERERERERERBWKCaxERERERERERERERERERERERERERFShJGU9oGnA32U9JBGpKHlmP3WHQERERERERERERERERERERERERFQkVmAlIiIiIiIiIiIiIiIiIiIiIiIiIqIKVeYVWF9gJUiiisPKx0RERERERERERERERERERERERFSVsAIrERERERERERERERERERERERERERFVqHKrwEpEVYeJiYm6QygRuVz+1u1V9biIqOrj9YmIXuD1gEg1PFeI6H3GayBR6fE8IiIiqjr4d5uIiIiofBX1equyYQVWIiIiIiIiIiIiIiIiIiIiIiIiIiKqUKzASvQeq2oZ96p6V4+LiKo+Xp+I6AVeD4hUw3OFiN5nvAYSlR7PIyIioqqDf7eJiIiI3k+swEpE/2fvvsOiuNo2gN/LLl1EQBBsKKKgooANFHsvyRtjLIlGY3mDmBg1xm6IRt/YTWKMRjGJsRuxxq5gFAVEAUEQRRBEFBDpS4dlvz/4GF0p0hf0/l3XXpcz58yZZ5bd2XX2mecQERERERERERERERERERERERER1SomsBIRERERERERERERERERERERERERUa1iAisREREREREREREREREREREREREREdUqJrASEREREREREREREREREREREREREVGtYgIrERERERERERERERERERERERERERHVKomyAyAi5RGJRACApKQkJUdSOXp6eiWur+/HRUT1H89PRFSE5wOi8uF7hYjeZTwHElUd30dERET1Bz+3iYiIiGpWad+36ipWYH0HeHp6QiQSCQ8nJydkZWUpOywiIiIiIiIiIiIiIiIiIiIiIiIiekfVegLrgQMHFJIpy/s4cOBAbYeqdDt37lR4DubPn4/c3NwS+2ZlZcHJyUno27BhQ7i7u9dyxEREREREREREREREREREREREREREb8YKrHVY79690b59e2HZx8cHsbGxJfaNiIiAh4eHsGxnZ4cOHTrUeIxERERERERERERERERERERERERERBUlUXYAVDozMzP07dsX9+/fBwB4eXnBz88PpqamxfrevHlT6AcAI0aMgLGxMQDAwcEBcrm8do&quot;
08-31-2019 13:00:17 Wire.java DEBUG [Forwarding screenshot on session 57f77c2899285a2b963db09b270c4ab3 to remote] http.wire 87 - http-outgoing-5 &lt;&lt; &quot;ImIiIiIiIiIiIiIiIiIiIiIiIiInqDWq/AOmnSJMjlcoXH/v37Ffrs37+/WJ9JkybVdqhKp6mpiaFDhyqsu3btGnJychTWZWRk4MaNG8KyiYkJevfuDZFIVCtxEhERERERERERERERERERUdXl5eXi+N7t+Gvr/5CXm/PmDYiIiIjqsVpPYK0uOTk5uHz5MqZNmwZLS0uIRCI0bNgQgwcPxq+//orExMRi20RERGDr1q345JNP0KVLF4hEImG7vn37wtnZGffv3y9WrTQrKwtOTk5C/+HDh+PFixe4ceMGJk6cCAMDAxgYGMDR0RGPHz8GAMjlcgQGBmL69OlC+/Tp0xEWFlah47S1tYWdnZ2w7OPjg5iYGIU+jx49gqenp7Ds4OAACwsLYTk0NBQ2NjZC/KtXry5xX0+ePMGGDRswePBgNGzYECKRCJaWlvj888/h7e2NgoICoa+np6fQRyQSYeXKlQrPW3JyMsaMGSO0z58/H7m5uUJ7TEwMBgwYILRPmTIFUqm0Qs8NERERERERERERERERERFRSbIyMyBNTS73IyM9TeE376zMDOTn5dVqzHl5ufj7959x0GUTUpMSFH6jr09ysrOQnpYCeT2LXyaTIT0tReF1kZ6WAplMptS45HI50tLSkJGRodQ4MGmGYgAAIABJREFUiIiIaoJE2QFURlRUFL7++mucOHFCYb1UKoW7uzvc3d2xf/9+bNu2DV27dhXavb29MWfOnGLjSaVSXL9+HdevX8eWLVuwY8cOfPLJJ6VWMI2Li8PChQuxZ88ehfW7du3C3bt3sWXLFvzzzz/YunWrQlLm7t27ERISgn379qFt27blOtaWLVti4MCB8PHxAVCYwHrnzh20bt1a4bheTYwdPnw4dHV1yzU+AOTn5+PAgQOYP38+kpKSFNpCQ0MRGhqK33//HStXrsSiRYugqakJMzMz2NnZwc3NDQBw7949pKWlCfuNiIjAzZs3hXHu3LmDhIQENG3aFAAQGxuL0NBQod3W1hY6OjrljpmoLsvJzsKO9Utx/fI/AIC2HWywbOMf0NHVU3JkdVtIgA++m/2JsNxnyH/gtHgt1DU0qzTOF0vXY+CocdUWJxEREREREREREREREdVdeXm5OHXQBcf2bKtQBVNVNXWs3HIAFp26IMjPC5u+/RKmbSwx57sf0djIpEIxhIeHY/r06ejWrRvWrFkDDQ2Ncm0nkaiig00PiERAwvOYN29QQzZu3Ii1a9fi/PnzCgW33kQmk+HskT9xYOdGAMC8FT+j54CRNRUmkpKS4OjoCABwcXGBvr5+pcdKT0vB1v8tgJ/XlWJt/YaPweffrIKGplalx6/sawIATpw4gXnz5sHCwgI7duxAmzZtKh0HERFRXVPvElifP3+OuXPn4tSpU2X28/HxwQ8//ICdO3fC0NCw3ONLpVJs2LABXbt2Vahi+qrAwEAEBgaWul97e/sy4zpz5gy+/vrrcsUjFosxaNAg/Prrr0Iy7KVLlzBixAhoampCKpUqVF9t3759mft/nVwux5EjR/DVV1+9sQLq5s2bYWFhgY8//hhGRkbo3r27kMAaGhqK2NhYIYHVw8MDsbGxwrZ+fn6IjIwUElh9fX2FdhMTE/Tt27fcMZPyxcfHIy4uDlKptFjF4vISiUTQ0dGBsbExjIyMqjnCkr2e2Pi6dy3RMSXpBbzcz+LmtQuIehSKDGkqAMDIpAWat2oD6x590L33YBg2aQaRSr0t2E1U7yQlPMf6JY549CBIWNe8lTmWbfwDRiYtlBgZEREREREREREREVHdd+XMEbju/gVjJn+BQe+NL1exlPz8PGRI09DMtA0y06W4ctYVGdJUhAT44JdV8yuVxFoZIpEIXXr2R0rSC4UE1hdxz/D7jyuQmlJ8Jto3kYglGDv1K9jY1fxv8qFBvji2dztk+fkAgPPH9qK9dXc00i9/zoayhN0PxIMgPyxe5wLLTi8Lpd2744Ot//sGvYe8D1u7fkqJ7dGjR0hPT4efnx+ePn0qJLDm5uYiJCQEfn5+ePDgAQDAzMwM9vb26NSpEySS4ilBCQkJOHjwIIYNG1ZqTgwREVFtqncZSWfOnBGSV3V0dLBx40akpqZCLpcjISEBs2bNEvqeOHECAQEBwrJYLMaXX36J69evIzMzE3K5HAUFBUhISMCKFSuEfoGBgXjy5EmpMbRv3x6nTp1CZmYmZDIZLl68CBMTk1Lbjx49qlBdNDQ0FFlZWeU+5g4dOijc1XTz5k0hvocPHwpJpADQt29fmJmZlXvsuLg47N69W0heHTp0KG7fvg2ZTIa8vDxcunQJpqamAAqTe8+dOwepVAqxWKyQKBsUFISHDx8K/e7cuaOwH6lUCh8fH8jlcuTm5ipUX7W3t69QzKRcERERePjwIdLS0iqdvAq8nObg4cOHiIiIqMYI6U1kMhnO/P0nZo3tiz+3rEJIwC0heRUA4mOj4e99Fbu3rMYX4/rh7z9+VmK0L10564qxvc2Ex5WzrsoOiahGRD16gMfh9xXWPX0cjrB7AaVsQUREREREREREREREAJCRnoZbHpcw5P2PMXbqV2jcpCl0dPXe+NAzMELzVuYI9vfG7RuXMW2OMxwGvw+gsEjOIZfNFarmWt1ysrPwJCIU4SGBFX48CPJDUsLzGo8xPy8PHpdOKfzuGBJwC15XzlXpd+WaIC8oQHpaCqSpyZCmJiM5MR6ebmdg3r4zTNtYKvRt2cYCrdp2gKfbGSQnxgvbZKRX7ffyivjggw9gZWWFKVOmoHv37khKSoKLiwt69+6NgQMH4vvvv0dISAgCAwOxfPlyDBo0CP3798eff/6JlJQU5OfnIzIyEhs2bICdnR1WrlyJu3fv1krsREREb1KvKrBKpVJcu3ZNWB48eDBmzJiBhg0bAgAMDAzg5OQENzc3hIWFAQCCg4MxZMgQAMDHH3+MsWPH4u7du/j999/h5eWFhIQEhIWFISoqSmFf8fHxpcbRsmVLODg4QFOz8E6trl27onPnzkJF0dfb+/btCzs7O4VE04owNjbGiBEjhO0DAwPh6+sLCwuLYpVOhw4dKuy3PIKDgxXimjlzJrp16wYAUFFRwcCBAzFx4kSsXbsWQOGdPUlJSdDR0YG1tTV69eoFLy8vAIC/vz/ef/99REZG4ubNmwCA2bNnIzg4GFevXoW3tzdmzJiB3NxcBAW9rCrXpUsXNGrUqFLPDdWu+Ph4xMQU3ulnZmYGIyMjiMXiSo0lk8kQHx+PiIgIxMTEoEGDBrVWifVdJpPJcHzvtgolpeb//x2SNa2DjR2O3mAyM73b8vPy4HPtonBn8qt8Pd3Rrffgct0pTkRERERERERERET0LiqQyZCZkQ4zy04V/h0zyM8LOzcsQ3ZWFvLz8zFjXmERLE+30zBu1hIq4ppPr8jLzcGBnRtxy+MyMtLTsGGZEz6fv6rG91sdsjLTERX+oNj604d/R+duDmjeylwJUZXs2ZMI/LBgGl7EPSvW9sW4kivVhgb54er5Y8KyoXEzLN+0u1aOq3HjxjAyMkKzZs1w+/ZtLFy4EImJiZgwYQL++usvtGvXTqi2mp+fj4cPH2LPnj1YuXIlFixYIIzTokULTJ06FR4eHjUeMxERUXnVqwTW3NxchcTSEydO4MSJE2Vuk56eLvz75s2bmDNnDm7fvl1jMZZERUWl0kl+QOE0Ab1794aJiYmQrOrm5oY+ffrg+vXrQr9evXqha9eupQ1TotcTdT/66KMy+2dkZCA7OxtAYWJtt27dhATWe/fuIS0tDUFBQQgLC4OJiQk++eQTHD16FFevXkVgYCCioqKQl5eHe/fuASisojtgwACIRKIKxU3KERcXB6AwefXVqsOVIRaLhTEiIiIQFxdX4wmsrydI7v9tA04e2FGj+6xrYqMjFSqXGho3w4yvV6JT115Q19CEvKAAqSlJuON9FaeP/IEnj0LLGI2IqltCfCxC7viU2Hbvjg/inkUVu/OXiIiIiIiIiIiIiIiqJsjPC3/98j98/Pk3uHTyIFw2fQsAmDFvBTp3c4DDoPeq9Jt/eamIJegz5AN06TkAQOFvqrp6BgCA2cs3QiaTVW&quot;
08-31-2019 13:00:17 Wire.java DEBUG [Forwarding screenshot on session 57f77c2899285a2b963db09b270c4ab3 to remote] http.wire 87 - http-outgoing-5 &lt;&lt; &quot;rcFq3bVluMpRGJRCU+R2btrIRjqCuMTJpjjvOPuHBiPyJDgzFx5kJoNdB543aZ6VIc3LkR3XoPRvfeg2Fk0rwWolUUHx8PQ0NDHDlyBK1atSrWLpFI0KFDB6xfvx4LFiyAr68vEhMT0bFjR7Rv3x6ZmZkIDAys9biJiIhKU68SWKvi8ePHWLBggZC8OnToUHz99dewtbVFw4YNcfz4cXz66adKjrJ07du3x+DBg7Fv3z4AgI+PD86fPy9UOgWAQYMGoXnz2vuCpK6ujh49egjLoaGhCA8PF5Jqra2t0a5dO/Tv3x8//fQTwsLCcPv2baiqqgqJuHZ2djAzM6u1mKlqpFIpAFRroqmRkREiIiKEsesaeUEBHgT54d9zRxHsfxPxsdEAgGambWBr3w8DR41Hi9Zt35iEXVBQgPuBt3HWdTf8vP5FQYEMbSw7Y9zU2bDp0RciFRWh79PH4Qp3/I2e5IRx02bDy/0czh/fi4jQYGjr6MLWri8+cfwGTZq2LPfxpKUkKtxJ2LXnANja9xf+MylSUUEj/cYYMGoseg/9D65fOqXQPyTAB9/N/kRY/mLpenTvPRiXTh6E+5kjiI+NRtMWrfHh5FnoPeQ/UFVVQ052Ji6fOoxLJw8gJjoSTVu0xqjx0zHwvXFQVVUr87g/nbUI0tRkrFk4A2EhitOnb1+7GNvXLgYAtO1gg2Ub/4COrl6Jxy1NTcaVs65wP/03YqIj0UjfEH2G/gcfTJyJRvqNy/38EdW0kAAfxERHAgDEEgnad+6OYH9vAEBSwnME+3uXmMBa2nnD4+JJXDi+H1GPHqCRviFGjZ+GkWOnQF1DC3l5ufC5dhH/HNqFiNBgNNI3xNDRE/H+hBnQ1G6gMH7Ew2D43nBHSMAtPH0cjpSkFwAAVTV1tDJvD1v7fug/4iOFCzU52VnYsX4prl/+543HXdJdypU5/76+z7YdbLBk/S7EPIko1/mXiIiIiIiIiIiIiN49RcmrH06ehX/PHUVIQGGhCZdN30JTSxuD3htfa7GIxWK0sexUYltHW/tai6MyNLV1YGZhhQdBfsK6ER9NwUTHBcV+d1A2NXUNtLfuDj+vfxEfE42Otnal/s74KmlqMrR1dNG8lTnaW3evhUhLpqmpKcxUXBZDQ0OMGDFCYV1mZmZNhUVERFQp9SqBVSKRQEfn5V0vgwcPxt69e8tVCdLHxweenp7C8oIFCzBkyJAaibMm6OjooF+/fkIC6/379/H9998LiaBF7RW96+vV5xMAfv/9d8yYMaPc23fr1g3W1tYIDAxEUFAQ3N3dERBQmGTWvXt36OnpwcLCQujj4eEBVVVVYfvu3btz2vh65NWp5Ct7d19JqnOs6iRNTcZfW3/AtQvHi7U9i3qEZ1GPcP7YXnw05Ut8OHmWQjLmq1KSXsBl47fw8biosP5hsD/WLXHEF0vWod/wMaXG8fDeHayYMwnhIS/vhMuQpuKG22lEhAZj8ToXNDNtU6ljvO52GgZNmqLP0A+gZ2CkcA5RVVXDwFHjytzez+sKXHf/opDkGhMdiW1rFuH5syfo2MUeOzcuR9zTKIX2XZudkZaSiDFTvqzxu1VLijEl6QVOH/4Dj8NCMG/lL3Xurk96N2VnZcLP64qw3Mq8Pd7/+L+IeRKBpITnAADfG27oN+xDNGjYqMyxSjpvpCS9wIEdG/D0cTiGfTgJ+7avw/3A2wrtR/7cghdxz/Df+d9DXUNTaPNyP1dixeq83ByEhQQgLCQAZ13/woL/bUOnrr0q/RwUqSvnXyIiIiIiIiIiIiJ6u72evBp46+UMqMM+/FSohFpbZDIZzh/bA9fdW6GpqYUps5eh54CR9WJGU7FYDNue/XHx5AHI8vPRso0FPpg0s84lr5YmPy8P2VkZ0G7QEAVyObIypNDU1oGKSISM9DRoaGorO0QiIqK3Ur0qOdWwYUP07NlTWHZzc8OSJUtw9+5d5ObmAgDkcjmSk5Nx9epVfPbZZzh06BAAxcQ7ALh9+zaysrIgl8vx7Nkz+Pr61t6BVJK9vT3at28vLBclrwKAg4MDrK2tKzxmp06dYGdnJyxv3LgRu3fvRmJiIuRyOQAgNzcXkZGR2LJlCz7++GMkJiYK/Zs2bYrOnTsLy4sXL4aPT+EdaX369IFYLEbLli1hb194N9iJEydw+vRphWOqjakWqHoUFBSgoKAAMpmsWh9F49YleXm5OOiyucTkqVfJ8vNx5M8t8Lh4UnjPvO5F3LNiyVOvbn/x5EGkpSSVuo+QAB+FJLRXxURH4tqF46Xu+3X6hiZo2qK1sJwhTcWBHRvgNMYBEwe1x6IZ/8GRP7cg/P7dciUW+1y7qJAY+qqje37F93M/VUhefZWn+xkkxseUK+6qKCvGID9vhYRBImWKjY7Eg7svv490sOmBDjY90NH25ed0+P27eBYV8caxyjpvXLtwHMtmfqSQvPqqm1fP40lEaAWjLzyfHNr1Y5nns9JoaetATV0DQN06/xIRERERERERERHR26us5NWR46ZiouMCaGhq1WpMmelpePo4HNPnOqODrR3Ouf6FDGkqsjLSce/OTdz19azUIzkxvlbib2PRCW0sC/MHnjwKxS2PS+X+HVPZPC6dxMLp7+PZkwiEBvli6sguCA3yxbMnEVg4/X08vOev7BCJiIjeSvWqAqtIJMKkSZPg4eGBU6dOAQD27t2LvXv3lrrN0KFDAQDGxsbQ0dERpilfvnw5li9fXvNBVyNzc3MMGTIE9+/fL9Y2ZMgQGBhUvIJgq1atMGfOHDg5OUEqlSI0NBTTp08vtf+wYcMUlnV0dODg4CBUhi3Sq1cvtGvXDkBh+XpbW1sAhVPQF/0NevXqVamkW1KeooTG1xPCq2vcuiTiQTBuXD4lLBsaN8MXSzfAytYOeXm5cDv9N/b8+gNk//9cnHP9C5269lKYPruIfuMmmD5vBWzs+kJdQxOPw0Lw04o5wjThSfGxSE1ORMNG+iXGYt29NyZ/sQQtzCwAAP+edcWuH78T9v08Jhq5OVlQ13jzf6CbNG2BDz+dhR0blwnbF5Hl5yMiNBgRocE48ucWGDc3xYx5K8qcYnvAyLEYO3U2jExaIEOail2bv4On+5kS25MT47Fj/VL4e18FUDjlecLzGBiZtCgzZh1dPax1OY4rZ12xfe1iYf0XS9e/sUJsUQwfTfkSTZq2QF5eLo7t3YZje7YJ7U8fh0Mul9eLO1fp7SWXy+HvfRWpyYU3iYglEnTvPRiaWtro1M0B1y//AwDIysyAn5c72lnZlvmate7eG5O/XApTMwvk5eXiyJ9bcPLAzhLbc3OzsfuX/8Htn8PCPqIjw9C2g43QX1VNDe+Nn46+w0ejZWsLSFRVIS8oQEJ8LPbv2ABPt8KbU54/i0JifCwaNtKHuoYm5q74GXNX/KxwnIG3ruOnlXORIU0FADTSN8TUOd8K58+6dP4lIiIiIiIiIiIiordTkJ8Xtnz/Nbo6DIT76cMI8vMW2pSVvAoU/i7mtGgNsjLSEXj7BjS1GkBFRYzEF3H49YeFpRZteZPy/q5WVQ0b6aPfsNF4GFyY7Hn68O+w6tITLc3a1fi+iYiIqH6qVxVYAaBJkybYsmULPvzwwwptZ29vj8mTJ5fabmJiUtXQapy6ujr69etXbL2JiQn69etXqeQrkUiE8ePHY+vWrdDXr1zyRrdu3Yo9f926dYOxsbGw3LNnT7Rt27bMPlT3vUsVWO/duYmszAxhefD7H8Oqiz1EKipQU9fAoPfGo9eAkUJ71KMHeB7zpMSxDIxM0NHWDhqaWhCJRGjZxhI2dn2F9oT4WEhTS68A2LqdFVq17QCxWAyxWIwuPfujReuX/8mLj32K3Jycch2XSCRC/xFjsGSdC4ybm5bZN+5pFNYtccTV86VXeG1v3R1NmraESCRCg4aNYN2jT6nt+o2boEefoeWKszq1t+4O4+amwt/Ovt9w6Oq9TPhPTniO3JzsWo+L6FUZ0lQE+3sJy20sO6N5q8LPzXYdbWFo3ExoC7x94413SrduZ4VW5u2F132Xnv1LbVfX0ILDoPfKHG/CjHmYOHMBsjMzcHzfdqycMwmL/vsB5kwcLC&quot;
08-31-2019 13:00:17 Wire.java DEBUG [Forwarding screenshot on session 57f77c2899285a2b963db09b270c4ab3 to remote] http.wire 87 - http-outgoing-5 &lt;&lt; &quot;SvAkBqciKyMtNLHSfY31sheVVbRxdzV/yETl17CX3q0vmXiIiIiIiIiIiIiN4+QX5e2LlxOXr0HYqbVy/UmeTVItGRYVizaAZexD3DtLnO0Gqgo7RYKsO+/wh06lo4s+6LuGf4/ccVtVYBloiIiOqfelWBtYipqSmOHDkCHx8fHDlyBLdu3cLNmzcBFFYEtbGxQe/evTF06FDY2RVOu6utrY0NGzbAysoKe/bsEaa579SpE5YtW4acnBxMnTpVacdUXl27dkWvXr3g5fUyyWXw4MFCtdPKkEgk+OyzzzBixAicPHkSZ8+eRWBgIKKiCqf9trCwgK2tLfr374+RI0cWS3Q1NzeHg4MDjh49Kqzr0aMH1NXVhWVTU1NYW1sjLCys1D5U9xUlmVZ3smldS14FgMwMxQSsVm07KCSJq2towsCoqUKf8t7xKBaLoaauWenYVNXUoaqqVuntRSoqsLXvjy0H+uDZ43D437yKYH9vhIUECkllRWT5+bh8+jC6OgyslgqFKmJxlceoKlU1dWGqcqK6Iux+IEICbwvLVrZ20NHVAwA0adYSnbr2wpWzrgCARw+CEPkwBPqNm1Tb/sVlvDflcjm8rpzF7i2rkZL0otL7CPLzwqZvv1RIXv165RZYdemp0K8un3+JiIiIiIiIiIiIqH6LiY7Evu3rMHPhD7Dq0hMdbXrAZfN3yJCmCsmrYrEYMpmszGvnNSUl6QV2bXZGu462GPLBRPh6ukFDSxvqGppoaWYBXf3GFR5TIpZU628Kb6KrZ4BPHBcgYsF0ZEhTERLgg33b1+Hz+augqd1AoW9+Xh7y8nKhqaVda/G9TeRyOZKTkxEYGIh79+5BJpOhQYMG6NOnD8zNzaFSyiybREREdUmdSGCdNGkSJk2aVKFtJBIJHBwc4ODgUO5ttLW1MWvWLMyaNavE9s8++6zE9ZqamtixYwd27NhRYruBgQEuXLhQ6n7f1F4Rpqam8PT0rNA2FhYWCAgIeGM/IyMjODo6wtHRsULj6+rqwtXVtcp9iKh2icVitGxjgZZtLDB60szC/+AkxuPyqUM4vm+7MD13csJzpKUkcYptohoik8lw9/YN4T0HAMf3/Ybj+34rdRufaxfQubtDlZLZyyssJAAum5yFxNOuvQbgg4mOaGZqDu0GDXH4959w8kDJ35GK3A+8je1rFyskrzp+swrWPfpUqoI8EREREREREREREVFlFMhkkMvluHfHB81M26BjF3uYW3ZCs1bmmOi4AFmZ6fhpxVx8/N956GBjV+vxxTyJQEjALYQE3MKpgy4wNG4Gmx590byVOZZu+L3W46msth1sMHvZBvy6ZhEypKnwuHgSyQnP4bjwB5g0bwUAyM7KxK7N38HrylmMm/oVRo2fCnUN5VW+rU+ysrLg5uaGEydO4OLFiyX26dmzJxwdHTFs2DBoaGggNzcX/v7++OOPP3DlypUK5+gQERHVFN5uQUTvpJzsTLyIe6qwTlPr5R1/Wq/d/fc4LARyuVxYzsvLRVpKokKfV6f4rquuXTiO43u3Iyc7s1ibSCSCfuMmGDn2M5i1s1JCdETvpsT4GNy5ea1C2zy464vE+LgaikiRv9e/QuKprp4BPv7vfHSwsYOungEkqqpv3D4sJAC/rVsiVEkVSySYOns5eg16r8Tk1bf1/EtEREREREREREREdUN6WgounzqI29fd8Nu6JULyqoamFmKjIxES4KO02Np17ILdZ/2Ex8Y/T8OkRWulxVNZIpEI3XoPxvS5zlBVK5yVNcjPG/OnjMDxvduRkvQCrrt/wbULx5GXm4ODLpvwzdRRuH39MmQymZKjr/u8vb3h5OQEADhw4ADCw8ORmJiIpKQkxMXF4dy5c2jatCmmTZuGpk2bQl9fH8bGxhg5ciRiYmJw+PBhjBw5UslHQUREVKhOVGAlIqpJ1y4cR2J8HIaPmQytBjrIzsrElbOuuHntZWVkTS1tNG5iIix3tLWHppY2sjIzAABupw+jnVUXWNnaQSaT4er5Y7h28YTQ37SNJZo0bVl7B1VJMpkMB1024dShXRjyn09g128omrdqK0zLkZGehlvXLyMmOlLYxszCCo2bNC1tyFojlih+ZD28dwcOg0bxTkyq98LuBeDp4/AKbRMTHYnAWx4w/vDTGorqpfxXKsOmS1Px6EEQWraxhIpIhNinjxH5MLjUbaMePcDW1d8I5xSxRAKnhWvQf+RHpVZefVvPv0RERERERERERERUe7Iy00tcL5GooplpG6RLU/Hv+aOwsu2JsVNnQ0OzbvzeJFJRgUgkUijsoCISQV5QgIz0NIX1FaGp1aBcRSmqk0gkQt9hH0JLW0eoxFqUrHrQZVOx/nFPo/DjijlYueUALDp1qdVY6xMDAwNMmzYNM2fORNu2bYv93qKmpgZ7e3vY2dlh4cKFcHd3R25uLgwMDGBvbw8zMzOoqLDWHRER1R1MYCWit15R0mZJ/xEq0s1hEFqaWQjLZpZW6D3kA1w+dRAA8CLuGb6fW/o0CiPHTa1XFQAzpKk4eWDHG6f91tbRxfAxk+vEf9qbmLSAWCIRpll3++cw3P45DKBwGpJlG/+Ajq6eMkMkqrCc7Cz4eroLy5pa2vh2854SL8x4/3sem52/FJbv+nqi3/AxNf7+NDR+mcAuy8/Hjg3LsGPDsjdul56Wgl2bnBUS4mX5+di2dhG2rV1UrP+qXw+hg43dW3/+JSIiIiIiIiIiIqKao6auAeNmLXHP3wcDRoyFVgMdhXbj5qb4dvNfJW4rl8vxOPwBmrcyV1pxl9joSPywYJowq1nRb2CpyYkK6yvqi6XrMXDUuOoMtVxEIhG69xmCFT/vg8tmZ4SHBJbZv0nTFtBrbFhL0Slq1bY9ho+ZDF09A6ipq2Oi4wI0btIUElU1DPlgIhrpKyeu1w0cOBADBw58Yz+RSIR27dqhXbt2tRAVERFR5TGBlYjeeZ269sQnjt9AXUNTWKeqqoaJjt8gNycb1y4cL3VbsUSCsZ/NRv8RpVcTrEtU1dQVkkDLYtzcFF8sWY/21t1rIbI3a2lmga49B+LW9UvKDoWo2sQ9i8K9Oy+nImrX0RbNW5uX2LeNpRWatzIXqrXevX0D0ZEP0baDTY3G2KPvUHi6ny1xyiSxRAKJRBU52VnF2uRyeaWm+Xlbz79EREREREREREREVPPUNTQx8L3x2PTtl1g9/zN07u4AFRVxubaNeRKBm9cuYOxns2FgpJwEVolEFe062uKrbzfBdfcv6Dv0QzRo2AipyYlKiae6mFlY4ftfDuDyqcM48/cfSIiPLdZHLJFg8PsfK+25N2tnBbN2VgAAHV09jJnyhdA2ZvIsAIA0NVkpsREREb3NmMBKRG89XT0DtLHshLhnT5AhTQVQWFm0bQdrDB8zGdaBih8NAAAgAElEQVQ9+kBVVa3Ydjq6epi9bAMGvz8B/547Cn/vq0hJegEAaGbaBrb2/TBw1Hi0aF18aoa6qs+Q/6BT1564H+gLX093hN8PxLOoR0K7kUkLtLfujl4DR6FT155QU9dQYrSKtBroYNaStTCztIL3lXOIevQAQOHfsmlLM4jF/Eij+ifY3xtJCc+F5Y629tBu0LDEvvqNjWHZuZuQwJqVmYG7tz1h3t66RmPUMzDC/FVbceH4Prj9c1g4D7ZsY4EpXyxFsL83Th7YWa37fBvPv0RERERERERERERUO6y69MTS9btwYOdGHNuzrdzbNTYygdOiNeg95D8Qi8uX9FrdjJubYvbyjfj9xxVITUlCs1ZtAAAqYnGVYhJLlP87mrqGFt6bMB0jxn6G0CBf/Hv+GG55XEZuTja69hqAMVO+QOu2HWv1ur9eY0Pk5eUiLzenXP0z0qXC781ERERUPURHjhyRv14y3MbGBnK5vFIDGjj/DQBIXD2hysERUfm8/r4r+lL/pvdxUb+kpKRy7efChQsAAHt7+0rFWZqbN28CAIYPH16h7fT0Sp4uvqLHRURU3Xh+IqIiPB8QlQ/fK0T0LuM5kKjq+D4iIiKqP96Vz+3w8HBMnz4d3bp1w5o1a6ChUf6iMXK5HJFh93Dp5EGE3QvA4nUuMDJpXoPRFrdx40&quot;
08-31-2019 13:00:17 Wire.java DEBUG [Forwarding screenshot on session 57f77c2899285a2b963db09b270c4ab3 to remote] http.wire 87 - http-outgoing-5 &lt;&lt; &quot;asXbsW58+fh52dXa3uuyKSkpLg6OgIAHBxcYG+vn6Ftn947w5+WDC9QkmphsbNsHzTbjRvVfKMeqWpymui6Djt7OywcOHCCu2XiIjePaV93ypS9L0rNbXw8y8gIKDGYyqJjU3hbLPKv82GiIiIiIiIiIiIiIiIiIiI6B0nk8ng73UFpuaWaN7KHA/u+gKoXPExerO2HWywYss++Hv9C5lM9sb+YrEY3RwGVTh5taq0tbUxfvx4NGnSpFb3S0REVBuYwEpERERERERERERERERERESkZCmJL3Du2B4E+XpBVU0dn85aBAOjpsoO660lEolg1s4KZu2slB1KmdTV1TF+/Hhlh0FERFQjmMBKROWmoqKCgoICyGQyiMXiahmz6E42FRWVahmPiIiIiIiIiIiIiIiIiKg+MjAyxoqf9yMrMwOqqmqQqKoqOyQiIiKiGsUEViIqtwYNGiAtLQ0JCQnVNj1BQkKCMDYRERERERERERERERERUX1nbm4ODw+PSm+vqaVdjdFU3MKFC7Fw4UKlxlAe+vr6OHr0qLLDKJeqviaIiIjeVjWWwGrg/HdNDU1ESmJoaIi0tDRERkYCABo3blzpSqwymQwJCQnCWIaGhtUWJxEREREREREREREREREREREREdVtrMBKROVmYGCAzMxMxMbGIjIyUkg+rSoTExMYGBhUy1hERERERERERERERERERERERERU91V7Amvi6gnVPSQR1RESiQTNmzeHlpYWXrx4gfT0dBQUFFRqLBUVFTRo0ACGhobQ19eHRMJ8eiIiIiIiIiIiIiIiIiIiIiIioncFM8aIqNy0tLSQmpoKPT096OnpVfvYRERERERERERERERERERERERE9G5QUXYARFR/SCQS6OrqQk1NDSKRqMrjiUQiqKmpQVdXlxVYiYiIiIiIiIiIiIiIiIiIiIiI3iHMGCOiCpFIJGjYsKGywyAiIiIiIiIiIiIiIiIiIiIiIqJ6rNoTWA2c/67uIYmonBJXT1B2CERERERERERERERERERERERERERvpKLsAIiIiIiIiIiIiIiIiIiIiIiIiIiI6N1S7RVYi7ASJFHtYeVjIiIiIiIiIiIiIiIiIiIiIiIiqk9YgZWIiIiIiIiIiIiIiIiIiIiIiIiIiGoVE1iJiIiIiIiIiIiIiIiIiIiIiIiIiKhWMYGViIiIiIiIiIiIiIiIiIiIiIiIiIhqFRNYiYiIiIiIiIiIiIiIiIiIiIiIiIioVkmUHQARKZ++vr6yQ6gUuVxeZnt9PS4iqv94fiKiIjwfEJUP3ytE9C7jOZCo6vg+IiIiqj/4uU1ERERUs970fauuYQVWIiIiIiIiIiIiIiIiIiIiIiIiIiKqVazASvQOq28Z9+X1th4XEdV/PD8RURGeD4jKh+8VInqX8RxIVHV8HxEREdUf/NwmIiIiejexAisREREREREREREREREREREREREREdUqJrASEREREREREREREREREREREREREVGtYgIrERERERERERERERERERERERERERHVKiawEhERERERERERERERERERERERERFRrVJKAuvq1ashEonKfKxevVoZoRERERERERERERERERERERERERERUQ2TKDsAKp/Q0FBMmDABgYGBAICZM2fip59+gqamppIjo/pMJBIBAJKSkpQcSeXo6emVuL6+HxcR1X88PxFREZ4PiMqH7xUiepfxHEhUdXwfERER1R/83CYiIiKqWaV936qrlFKBlYiIiIiIiIiIiIiIiIiIiIiIiIiI3l1KSWB1dnaGXC5HQkIChg0bJqwfNmwYEhISIJfL4ezsrIzQiIiIiIiIiIiIiIiIiIiIiIiIiIiohtWLCqyhoaGwsbGBSCSCSCTC6tWrkZGRgT179qB///4QiUSwtLTEli1bkJGRAQDIycnBsWPHMHjwYKF9w4YNkEqlCmNnZWXByclJGHv48OG4f/8+Nm/eLIxtYGCAiRMnwt/fH3K5vMQYExMT4eLigvfffx8GBgYQiURo1aoVJkyYgMOHDwtxvcrT01PYr0gkwoEDB5CRkYHffvsN9vb2EIlE8PT0xOrVq2FpaYnAwEBh2507d0JLS0vY1tPTsxqfcSIiIiIiIiIiIiIiIiIiIiIiIiKimiNRdgCV4efnhzFjxuDSpUvCutDQUMybNw8PHz7E1KlTsWrVKpw5c0ahffHixYiOjsaGDRugqalZ4theXl7o378/4uPjhXVJSUk4dOgQLl68iG3btmHChAkQiUQAALlcjosXL2LevHkIDQ1VGCsqKgpRUVE4cuQIHBwcsHPnTnTs2LHU4woKCsLevXsVjouIiIiIiIiIiIiIiIiIiIiIiIiI6G1TLyqwvu7UqVOlJnlu374dPXr0UEhefdWxY8cQEhJS6thSqVQhefVVSUlJ+PXXXxEVFSWs8/Pzg5OTU7Hk1dd5enpi8eLFiIuLK7XP+vXrmbxKRERERERERERERERERET0jsrLy8Xxvdvx19b/IS83R9nhEBEREdWoepnAOnbsWAQFBUEmkyEzMxPff/99qe3p6en4+uuvhbbY2Fg8ePCg1LGtra3h5uaGnJwcyGQy3LlzB3Z2dkK7p6cn7t69CwDIycnBvn37FBJalyxZgqSkJBQUFODhw4cYNWqU0Hb27FkcPXq01H2vWrUKz549g0wmg1wuh1wuh4ODA5ydnfHgwQNYW1sLfWfOnInMzEyFfkRERERERERERERERERERARkZWZAmppc7kdGehrkcrnC9vl5ebUac15eLv7+/WccdNmE1KQEFBQU1Or+CZAXFCA9LQU52VnKDqVMBQUFSElJQXZ2trJDISIiqpJ6mcDauXNnWFlZQUVFBZqamhg0aFCp7dra2hg9enS5xzY2NoaNjQ3U1NSgoqICGxsbTJs2TaFPYGAgACAuLg6+vr7Cejs7Ozg6OkJPTw8ikQht27bF0qVLoaOjo7BtZmZmifs2MzND06ZNoaJSL/8sRPSWCwnwwdjeZsJj/28blB2S0uVkZ2HL9/MUnpeQAB+h/enjcMwa24fPGRERERERERFRHcHrNZV35ayrwnWwK2ddlR1SrXj9uF99zbx+fXCp4xhIU5OVGO3bSZqajKWOY4TnedbYPnj6OFxof/3a9bvy2iSi0uXl5eLonl8x/b1umDaqa7kf//2PHR4G3wEABPl5wemj3lj19RQkxMdWOIbw8HD07dsX8+fPr1CCoUSiig42PfDhp04V3md12rhxI/T19eHj4/PmznVMZZ97AIh5EoGlTh9h6sgu2LDMCelpKTUUZSFXV1fo6+vD1bVin10ymQzbtm2DmZkZHB0dkZCQUEMREhER1TyJsgOoDWKxuErbW1lZKSzHxcUhOzsb2dnZyMjIENa3a9cOjRs3VujbuHFjmJmZCUmv0dHRyMrKgpaWVpViIqKKkaYmY83CGQgLCQAAGBo3w/JNu9G8lbnQRy6X4+q5Y9ixcRlk+fkAAG0dXSz43zZ06tpLKXETERERERERERER0bsjM12K2zcu4/rlfxAWEogMaSpU1dRh3r4zevYfgV6DRqGRvqGywyQiqtOunDkC192/YMzkLzDovfFQ19B84zb5+XnIkKahmWkbZKZLceWsKzKkqQgJ8MEvq+Zjznc/orGRSY3HLhKJ0KVnf6QkvUDC8xhh/Yu4Z/j9xxVITUms8JgSsQRjp34FG7u+1RlqiZISnuPskd24F1A9ia8dbewwavw06DduUi3jlSUnOwsn9u9AeEhhbkfgreu4df0yBo4aV+P7rqi8vDxERkYCAB4+fIiEhAQhVyUzMxNBQUHw9/fHvXv3YGBggJYtW6JPnz4wNzcvsaDakydP8Pfff2Py5MkwNjau1WMhIiJ6JxJYq0omkyks6+rqQlVVVUnREFFNCfb3xl+//iAkr4olEkydvRxWXXoqOTJShitnXbF97WJh+Yul6+vkf1CJiIiIiIiIiIio4p4+DscPC6bhRdwzAECfIf+B0+K15Upyqgl5ebk4f2wvDrlsRl5ujmJbbg7uB97G/cDb2LNtDYZ/OBkf//draGo3UEqsRER1WUZ6Gm55XMKQ9z/G2KlfVa&quot;
08-31-2019 13:00:17 Wire.java DEBUG [Forwarding screenshot on session 57f77c2899285a2b963db09b270c4ab3 to remote] http.wire 87 - http-outgoing-5 &lt;&lt; &quot;jYlZ6BEYL8vJD0Ig7T5jijoKAAnm6nERLgg0Mum+G06AeoqqnXYPSly8nOwpOIUOFzq6KSEp5Xc0TFZWdl4o+fViLY/yaMm7WEqIozz8oLCuB2+m/EPYvCV99uhoZmzRYJexIRiptXzyusO39sLzp3710rycsVoaGhgdGjR+P8+fMYO3YszM3N8fTpUxw8eBA7d+5EcnIy9PT0YGVlheDgYNy9excA0LNnTzg6OmLIkCGQSCQICwvD3r17cejQIaSnp6Nv375MYCUiolrHBNY3kMvl8PX1VVhnaGgIsVgMDQ0NaGtrC+uL7mzR0dER1qWmpiI+Pl5YbtGiBTQ1lXPxg4hKFx0Zhl2bnJEhTQVQmLzqtHAN+o/8CCKRSMnRUV2lrqGJuSt+xtwVPys7FCIiIiIiIiIiIqoBA0eNq/Eb27My0rHrx+/gcfEkxBIJBowcixFjp6BlawtIVFUhk8mQnBgPT7fTOH90D8667sbTqHDMXr4RegZGNRpbXaCjq4e1LseVHQYR1RMFMhkyM9JhZtmpwjO1Bvl5YeeGZcjOykJ+fj5mzFsBAPB0Ow3jZi2hIq759Iq83Bwc2LkRtzwuIyM9DRuWOeHz+atqfL/VIS83B0kvnuP9CdMxdupX1TLmxRMHcPX8MeTl5tR4Amt0ZBiyMjMU1kU+vAe3U4cwbvrcKs/8W92aNm0KQ0NDmJqawtXVFd9++y0aNGgAJycnjBs3Di1bthSqrebm5sLf3x9//PEHpk2bpjBOhw4dMHPmTJw8eVIZh0FERMQE1tfl5+cj//+rL2ZlZeHs2bP45ZdfhHYTExM4ODgAAIyNjdGtWzd4eXkBAHx8fODi4oJFixahUaNGiIqKwpo1axAbGytsb21tDS2tin+xEovFkEhe/rlCQkIQHR2Ndu3aVeo4ieilzHQpDrlsRkx0pLBuzOQv0Hf4h0xeJSIiIiIiIiIiIqIak5eXi73b18Hj4kkYGjfDV99uQnvrHgrXpsViMRobmeCDiY7oN3wMdv+yGp5up7H/tw34/JtVNZ7QQ0T0Lgjy88Jfv/wPH3/+DS6dPAiXTd8CAGbMW4HO3RzgMOi9WklgVBFL0GfIB+jScwCAws8AXT0DAMDs5RuLzR5bXi1at622GN8kIT4W+Xl5kFRxVluZTIZnUeHVFNWbiSXF02e0dXTRso1FnUtefd3Tp08xcOBArFu3DgYGBsXa1dTUYG9vDzs7O6xcuRLe3t4AAEtLS1haWuLx48e4ePFibYdNREQEQEkJrKtXr8Z3331XbP3FixfRuHFjAMCqVavg7Oxc26HB3d29zJLoEydOhLW1NQBAXV0dkydPxqlTpxAVFQUAWLduHdatW1fitqNGjcLYsWMrFZeBgYFCXNevX4eFhYWwfOPGDSGxlojKTyaT4fTff+DW9UvCun7Dx+CDiY7F/iOSl5eLgJvXEHDLAw/vBeDp43BhKqdG+oYws+gIh0Hvwb7/cKhrKF4wDAnwwXezPxGWv1i6Hg6DRuHyqcO4dPIAYqIjserXQ+hgY4e4p1G4ee0CQgJ88PTxI8THRgMo/E9TM9M26NzNAQNHjUeL1m0VLmLmZGdhx/qluH75HwBA2w42WLJ+F2KeROCs6274ef2LggIZ2lh2xrips2HTo2+JU3ekJCXgwvF98Lh4EvGx0dDW0UXPASPK9R9buVyO6MgwXDl7BHduXsOzqEcAACOTFrDu3hsjxn5WLO5Xn98gXy+4n/kboUH+SEl6AbFEAtM2lnAY9B4GjhoHHV09hW32/7YBJw/sAAAYGjfDN6u3Ifx+IDwuncKjB4VTYbzpeF8nTU3GmoUzEBYSoLB++9rF2L52sfDcLtv4B3R09YrFsHzTbjRvZV7q+DnZmQp/96Ln96MpX8LQuNkb4yMiIiIiIiIiopohl8tx/the/Pnz98K6fsPHCAmCWRnpuHXjMu7e9kRk2D08i3oE2f8XxDAyaYHW7Tpg0HsT0KlbL6iqqimMXdI1JFU1NZzYvwPe/55H0xathetNlb0++PRxOH5YME2YWnj0JCeMmzYbXu7ncP74XkSEBkNbRxe2dn3xieM3aNK0ZYnPw/OYJzi5fydu33BDStILNNI3xMBRY8t1ba0q1wdzsjNx8+oFXL/8D8JCApEhTYWqmjrM23fGwJHj0GvQSIXrriVdD/1i6Xr4eFyE95VziHr0AKpq6ujcrRfGTZuLNpadhP2++vcocv3yP8JYAITrtSVd2y2rImtBQQECb13Hif07cP/ubQBA+87d8dFnX8KqS89ix+57ww1Xzh6BfuMm+Gb1Npi374yUpASc3L8D/54/htycbNj1HYrnMdEICwnA6ElOmPrVciQnxOPahePoaGtXLJ6iv8O5o3/B+9/zyJCmwsikBXoPfg/GzVsJ1zlfP57SrjE/fRyGfw7twl3fwoIuPfoOxcT/fw3J5XJEht3D8b3b4ef1LwCga68B+OTzb9DMtI1CXNV57bvo/VJd5HI54mOjce3CCfh6uiPq0QPI8vOhraOLth2s4TDwPXTrPUhhn/KCAjwI8sO/544i2P+mcDzNTNvA1r5fha7jV9dzTESVU5S8+uHkWfj33FGEBPgAAFw2fQtNLW0Mem98rcUiFovRxrJTiW0dbe1rLY6q8Pf6F09GT4RZO6sqjfPowV1cu3gSTVu0rqbIytaydTvo6hkgNTkRABRuLKkPdHR0FGYQLolIJEKzZs0qnbdCRERUE1iBtQLGjRuHhQsXQl1dXVjXtWtX7NixA/PmzUNoaGip2zo4OGDz5s1lJseWpVGjRvjggw9w9uzZSm1PRCWRw+PCCRzft11Y08HGDp/OWlTiHevZmRk4vu+3YomNAJCS9AL+3lfh730V7mdc8fX3W8qcuikiNBiXTh1EeEhgsbaQwFvY/9v6Yutl+fl48igUTx6F4vyxvXBauAb9R35UapXYlKQXcNn4LXw8FO+Wexjsj3VLHPHFknXoN3yMQtv9wNv4ZfV84SI3AGRIU+H2z+FSj6VIbk42jv61FacO7RIu3BeJj43G5X8O4co5V0yf+x0G/+cThQTh+Nho/LZuCYL8vIsdc0RoMCJCg+F++m985bwZbTvYlLj/pITnWPHVJ8jJzirxeMd+Nhtjpnyp1DskH9y9jSWff4joyDBhXdHzG3LHBwvX7KjVO2CJiIiIiIiIiOilYH9v/P3Hz8Ly69cKE1/E4fCuHxWunRWJj41GfGw0fK5dVEh6LYm8oABXzhyB+1lXZEhTi7VX1/XBh/fuYMWcSQrXIDOkqbjhdhoRocFYvM5FIflNLpfDy/0MXDZ/pxBXStILHN/3W4n7eFVVrg+G37+LbWsWKlw3AwqnIr4feBv3A2/D/czfmPPdjzAyaVHi/iMeBmPJ56MVrg/m5ebAz+tf3PX1gtOiH9B3WM3OupWS9AI/fz8XQf+fhFgk2N8b9+/eLvY3y0yX4soZV8jy8zH6Uye0seyEp4/DsNl5tsJzccPttMJ4egZGGDZ6IkICfODpdhp2/YZBu0FDAIV/x6vnjmHHxmUKf4f42Ohy/R1fP56SrjF7up1GZGgwvli2Ad5XzuHCiX0K+7p59QKePAot9hqrrtd2dSvrtZshTUWAjwcCfDwwepITPp21CEBhIYS/tv6AaxeOFxvvWdQjPIt6hPPH9uKjKV/iw8mziiW1F6nu55iIKu715NXAW9eFtmEffipUQq0tMpkM54/tgevurdDU1MKU2cvQc8DIejVrZFLCc7hscsaXSzdU+nev6Mgw/LllVYnflWqKSYvWsOzcDT7XCs/JI8Z+hg42drW2fyIionfVm2+XfccMGjQIhw8fxrhx46Cvry+sO3DgAHbv3o0mTZoo9BeJRBg+fDg8PT2xc+dODB8+HDo6OgAAU1NTjB8/HocOHcLFixcVKqZWlEgkwrRp03DixAmF2HR0dDBo0CBhn0RUfv43r+GvX38QLvo0bdEan3+zqszE0/IICfDB+aN7IJfLS+1z4fi+EpNXy0uWn48ju7cIFQxK8iLuWbGLXq9uf/HkQaSlJAnr4p49gcumb0u8AP/GeGQynNi/A8f3/VbsAt/r+z3oshmhQb7CuuTEeP&quot;
08-31-2019 13:00:17 Wire.java DEBUG [Forwarding screenshot on session 57f77c2899285a2b963db09b270c4ab3 to remote] http.wire 87 - http-outgoing-5 &lt;&lt; &quot;z6w6Jiyauvi4mOxMGdG4W7Hksa+/Xk1VfbzhzZLVRlVZYHQX7FLsIXiYmOxLmje5CXl1vLURERERERERERUXRkGHZtchaSJKpyrfDahePwulJ6MYqE+Fj8c/j3KiVklOf6YEiAT6nXIGOiI3HtwnGFa5hhIQHFklfLHU8Vrg9GR4bhl1Vfl3rdrMiDID+47t5a5jXA0trycnNw8sBOPI+JLsfRVN6LuGfFkleLyPLz8c/hXQoxPHvyCA+CfNG0RWt06TkA+fl5OOu6B9GRYbDs1BVbD1/B0RsR2Hr4Clq2UfyNqW1HGzRvZY7H4fcR/8qY9wNvKVz3rurxlHaNOSY6Et/OGoezrrtL3FdMdKSQAFQR5XltV6fyvnZflZeXi4Mum0tMXlUYOz8fR/7cAo+LJ0v9vUAZzzERvVRW8urIcVMx0XFBqTek1JTM9DQ8fRyO6XOd0cHWDudc/0KGNBVZGem4d+cm7vp6VuqRnBhfa8cwfMxkAMD3cz+Fr6d7mb+Zvk4ul8PX0x3fz/1UYazaoKGpha69BgrL1y+dQkJ8bK3tn4iI6F2llAqszs7OcHZ2Lnd/CwsLBAQUr3hYxMHBocwvPW9qf5VEIsHgwYMxYcKEcscHAAYGBnB0dISjo2O5t6lIXEWxjR49GqNHj65QbERU3Iu4Z9j76xqFdYPen1Dm1O8AoG/YBNPnfge7fsOh39gI/8fefcdVWf5/HH8fzmGDCAiKiDhQcYJ7a67MsixTK0eOb5mZNjVTMytTU9uWucosNdOGZpYrK/fCEe49UnGByJJxOL8/+Hn0BCggcDBfz8fDx8P7vq/rvj/3Gfc5XOdzfy6Dg4PSUlN1cM8OTZ0wXGdOHZMknTp+WFeTEuXqlvU0DQ/3GKAOjz5p3ceNjEaj7unwqFrd/6hCqobJ2cVVFotFcbExWjR3mn7+dob1HM6dOZVtzD4lSqrfi6MV3rCFnF1cdfzQXn04+nlrjNHnzyo25pKKFc9IiN/w+y82g8RB5SvpmaFjVal6bTk4OGjnljUa+0rfLI/1z/FD+n3Jd9bluk1aqc/zo1QqMFjmtDT98dv3mvnBaJnT0pQQF6tNfy5TlZr1ZDQatWXNCutULEaTSV37DNb9XfrIzcNTVy5H66vJ72jN8kWSpMiIjTq872/VbZL5bldXN3c9/coYNWhxr5xdXHX+7Cl9Nm6Ydd8JcbHaHbFRlavXzvIcrvH08tb46T9q9dKF2U6llVf1m7dT7+dGqGTpIKVbLPpj6ULN+OAN6+Bj5LZ1uhB1utCmQgEAAAAAAEDGDdYz3n/DOm7m7umlp4eMybJiWPlK1fX4Uy+pdqN75OnlLYPBoOSrSdq+8U9NnTjCmvx5/NBemc3mLGcD8vL21f9eelNhDZpbq2beKL/GB8PqN1Ovga8pqEJG4uO/x6LOnTmllOQkObu4KS01Vav/VRG2Zt3G+t9LbyqwbEZ1xxWL52nG+29keay8jg9K0uqlC2we+yefG67m7R6So5NzpjG+7Rv/0JmTvVW+cvVMMfiVClT/oe+oZp0mMhqNOnZorz5684XrY7bHDunYwT0qFVhWPZ99Vfd06KyxQ/pab+hv3u4hDRg2Xs4urlmeY07YxGAyZRqTPXXskA7sjlCpwLLW5aTEBNVpXF3eviV07vRJ7dz8lySpw6NPKqBMOUmSh6eXnJ1t4/L08lFAUHn9c/yw4v//eUu+mqSVi7/N9nlMt1i0YtFcffHhmzk6n2tjzHUa3yNHRydt3/SXPnrzeSUlJmS5ff3qpZr8zivW19ipYweVfDXJ+pjm12s7Px0/tFe/fj/bunxtjPq+zr3kUay4zGazTh8/rGU/zZGDQ0b1w6P7d2vdysXWPn6lAjVw+ETVqN1QqakpWrXkO82+IYn414VfqWbdJvIPKJPp+Pn9GAPIuciIDfr4rZdUt2lr/b5kvk2hFXslr0oZv1MNeHWckhLitWvrOrm6ecjBwahLF6L06diheSpEI+XP71w5VaFKDXXpM1jfTHlXk0Y+qyeefkUPdOubbTXqa1JTU7R0wSx9O+N9NW6AuF8AACAASURBVGv7kHoNfE3bN/6hI/sjCyVuSQpv2EIVQ2vqyP5IHTu4Ryt+mqPHnnrZrjM8AgDwX2eXBFYAKIp+/OZzVaoWlu1UEJ5e3ho69nNdjr6gfbu2aff2DTpyYLeSEuIz3Q1++dIFpaWmSMo6gbV02fLy9S+V5baW93VWs3addOzgHv32w9fau3OzYmMuKer0yUzVD2JjLmZ7Pr7+Aapeu6H1j+uyFUMV3rCFdbD04vmziovNqMCalJigQ/uuV2Mwmkzq+exrCq1Vz7rO2dkl22Pt3r5R0RfPScpIJO3c6znr4KrJ0VHN2j6k7Rv/1Na1KyVlTKF0NSlBDg5G7bzhbtZqYfV1X+decvPIqCpdrLiPHnzsf9q1Za218uqJw/uyTGD1KFZcFarUsJ5vydJl1al7f+vgtmT/wbzAshVVqkywJMkoqWnbBxWx8Q/r4xJ1+qQuXzpPAisAAAAAAEAhSUtL0aI502xusO4zaKRq1GmcqW2ZciEaOu5zXTx3RhHrV2v3jk06ffKIrsRE6/xZ28qecbExSktNkdGYeRzKydlFZStUyTJ5Vcq/8cHylWuoXKVq1uU6je9RUPnKOn5oryTp/Nl/lJKcLGcXN125fEmH912fvcinREn1em64ypS7nsTr6OSc7bHyOj6YnJRokzDUsMW9atH+YWuCy7/H+K49DlklsBb38VNIaC2ZHB0lZSTPtO/cU7M+HmNtc2R/pBq36pDtedyuf8dQvnL1TDGcOnq9iMDlSxckZYzlOjm76srlS7oQdVol/ANUtmLoTY/l4OAgl/8f57yWzBQbc1HH/v/5lTI/j0YpV2Oj18aYnf5/bLhy9XCVKVdJh/buzHJ7zbpNVC6karaJRvn12s5P+yO32Rz7vkd66ZFeA62JSkajUWUrVlH/Idefwz07NlkTTCWp7YOPq0adRjIYDHJydlGbjt10aM8OrV35syTpxJH9OnfmZJYJrPn9GAPImciIDZo2aaQatLhX63//xeY6YM/k1WtOHTuk6e+9Lkl6dth4uXl4Wj9n7xTFfUpowLBxCipfSd/OeF+njh1Sn8Ej5enlnWX7uNgYfTV5rNat+jnHCa8FwadESd3fpbemvPuazGlpWvztDAWUKa977n9UBoOh0OMBAOBuQAIrgLuWo5OzPIsVt/7BlxAXq/kzP9JLb32c5dRgV5MSNX/mB/rth6/zZfql7Oz/e5s+HTdUUf+cyNf9Go1GOTlnPTiZlppiHSyVpIAy5RRUPud3t8dcvN43KTFBI5/tctP2iQnxSjeblW422xw3MmKj+txf55Z9c6pk6SD5lQq0DuBeiDqt1JTkInM3uqubuwLLVtRWrbSuu3DujB0jAgAAAAAAuLusXPyt0tJSrcs+JUqqYtVaWSYoxMZc0swPRmvjH78WaEwFNT7o6OScbSJIYkK8TfJOUPlKKlm6bI73ndfxwX8fd/XShVq9dOFN+yYl5nx8sPwNCbxSRrXd1JTkmybj5reCiiE9PV1XryZJklzdPCRJKcnJSv7/dVLun8fb5eDgIAeH7CvUFdRr+3bc+NqVpNBa9W5ZZe/fY9TlKlWzuWY4u7jK17+0TZu8Vkz8t1s9xgBu7cypY/pmyrt6ZuhY1ajTWNXDG2j6+28oIS7WmrxqNBqzraRe0C5HX9CM90epcvXaatepu7atXyUXN3c5u7iqbIUq8vIpket9mowm+ZQoWQDR3pyjo5M6de+vMuVCNHXCCI0d2k/PDZ+Yqcr9qWOH9Nn4V3Ux6oyGjv1cdZu0tmuyaJM2HbU/crtWLp4nc1qavvp0rLxL+CusQXObuCwWi64mJsjJxbVIVWhNT0/X+fPntWPHDh08eFBSxozCrVq1UunSpUnEBQAUOSSwArgrGU0m9X9ljCpWraX3Rj5rrUq6d+dmzfl8op5+5W2bOystFot+++Fr/fLdl9b+nbr3V/N2neTt6yez2ax3hz1tvSs6r6JOn9S0SSOtA3gh1cL06JPPKaRqLbm5e2r977/YTGtfUEyOTjKZHAv8OAXNYr&quot;
08-31-2019 13:00:17 Wire.java DEBUG [Forwarding screenshot on session 57f77c2899285a2b963db09b270c4ab3 to remote] http.wire 87 - http-outgoing-5 &lt;&lt; &quot;HIkp5uXfYs7iNjETovi8Wi9HSzzToPz+J2igYAAAAAAODuc+NsPea0NF2IOq0fvv5Mzw4bbzM+mJqaovkzP7Qmr7p7eqlr38Gq17StPL2KK+biOY0d0u+2k9SKyvigk4vrfyJJzmy2HXtz9/CUg7Fwfxq7WQzFff0kSTEXzykl+apc3Tzk5e2ri+fP6vzZfzIl+NwoKSFOF6JOy9XNXSVKBmTZpig9j0XltQ0A6WazLBaL9uzYrMDgiqpep5FCQmsqsFyIuvcfoqTEeH04+gU9/tSL2c7aWJDOnDyqvTu3aO/OLVo8b7r8SgUqvEELlSkXouETZxZ6PLfLYDCoXtM2Gv3xHH02/lW99UJP9R86RvWbtpUkbV2/StMnjVKJUqU1+uM5N/3sKyyOjk7q3v8VJSbEaf2qJUqIi9WE4c+oz+DX1bpjV+sNQbu3b9R7rz+nshUqq/egkaoYWtOuyaFxcXFauHCh5s+fr40bN2bZpn379howYICaNm0qk8mkxMREbdiwQVOnTtXx48eLVCIuAODucdcnsLq6umrq1KmaOnWqvUMBUIh8SpRUperhKlMuRE/0f0UfvfWitarqX8t+VLXwBmr9QFfrHxkJcbGKWP+7tX+dxq30SM9n5ermLiljWov8cGB3hE4duz6FVNc+z6tuk1b5su+bMRgMNn+QxFw8p9iYS/LxK5Wj/m7uHtb/G00mvTZhhmo3bHnLfgnxV2z6VgytqWHvTs+3u0BPHtmvi+fPWpe9vH3tMt1IdhLiYnXs4G7rsqubu4oVz3rqFAAAAAAAAOS/0kHlNej197T8p7n6a9mPkqT1q5aoSo066vDok9bxwQtRpxW5bZ21X8v2D6vDo72tY2oxF8/nSzz2Gh90MBptxgcvRJ1WUkKcdfzzVvI6PpiUGG8zW1LDlu01+PX382XaZovFooO7d9isK+7jV6iJGbeKIah8Jbm6uevU8cNKiIuVX6lAla1QWZERG7VmxSJVDK0pr+I+On54ny7dMM4pSSeOHtCpYwcVVL6yfP9/HPd2n8eCZK/X9q3c+NqVMqrENmhx701fJ//uc/zQXtVpfI/1epGamqIrly/ZtPErFZhPEQPID/FXLmvl4nny9vXX9o2rrcmrLq5uOnogUnt3brZbbJWr19GspRHWZYPBIFd3T7vFk1+CylfSyElf6qvJYzVx+AAFBleUJJ0+cUSNW92vp15+S17evnaO8jpPL2/1GTxS8Vcua9eWtUpNSdaM90dp3aqf1Wvga5LFohnvjVJCXKz27dqqkc92UZuOj+nRJ5+Tr3/Ofl/Nbz/88IOWL1+ujh07avjw4apVq5aKFSsmSTaJqo888kimvh07dtSCBQtUp87NZ8oEAKAgONg7AACwtwYt2qvTE0/brPv6s/Havf36nWkWi8XmTvnTxw8r6p/jslgsSktN1f7IiEwDiHlxLYn2moN7tisl+aosFosunj+rA7u33/YxsuLq7qkKVWpYl2NjLmnRvOmKvnhOknQ1KVFHD+7Jtn/12o2sg6DmtDR98eGb2rxmuRLir1jbJF9N0okj+zXn84n6bPyrSr6aJDd3T5u7V4/sj9TM90fr6MHdSkvNmLrNYrFk/HG4dZ0mDh+gP379PssYLOnpMpszHj+z2axdW9fpuy8+smlTs05jmRxzVoHVaLK9x+Pgnh1KvpqYo77ZSUtNsb6OLkdf0PdffarIiOuvs5CqtRRQptxtHQMAAAAAAAA516BFe1WuXluduve3STBbNGeqjh26Ph6WbjbbjA8eP7zfOh54NSlR+/7eqvgrl287HnuND3r7+iuoQhXr8vFDe/XLgllKjI+TlJHoc+Lw/mz753V80LtESVWuXtvaZtv63/X1Z+N15tQx6+NtSU/X5eiL2vjHbxr13GPZJhWZzWnW8cGU5Ktat2qJfp5/vVKdq5u7qtduZF3+d7LniaMHdPHcmVs/WDdhNqcpJTk5xzEElCmnkKq1dPzQXu3cslYexYrrwceflqOTs9avWqKnHmqgri1C9NYLPa1jtYvmTlWXZhU09pW+MqelqWbdxvLyyajkervPY0Gy12tbkuZ8PlFdmlWw/lu9dKF1242vXUla9tM3WrpwlvX9bDabdebUMU1/b5TmTZuUZZ9VS+Zr9/ZNsqSnKy01VX/+9oP+Wv6TdXtwxVCVLF22wM4PQNaSEuOzXG8yOSowuKL8Asroj9++V1D5Ktbk1aLA4OCQqYqng8EgS3q64q9cVlxsTJ7+XfvdzZ48vbw1YNg4vTZhhkqWDlLJ0kF6bcIMPf/GB0UqefUab19/vTj6IzVt+6B13b5dWzXimUc1YkAX6wyfUsbn3IpFczX/iw+UmpJc6LGWKlVKL7/8sjZs2KApU6aoWbNm1uRVSXJzc1Pbtm21YMECLV++XG+//bZGjx6t6dOnKzIyUrNnz1ajRo3k4EAKEQCg8N31FVgBwGg0qkOX3tofud06+JkQF6svP3pLw96doVKBZeXo5Cwfv+tVQc+cOqah/R7Mbpd55l3CX0aTyTqY98Psz/TD7M/y/Tj/ZjQaVb95O/3x6/dKSkyQlFFpYv2qJTnqH1ItTB0f+58WzvpEkhT1zwlNGvFstu2bt3tIUsZdo607dtWureusj/2WtSu0Ze2KbPvWa9Ymy/UXz5/VK73vz7ZfWIPmCmvQ/Jbnck3JgCCb52LVz/O16uf5kqRK1cI1YtIX8vTKXbXUXxZ8qV8WfJnlNqPJpHs6PCqPYsVztU8AAAAAAADcvqDyldSlz2B9/u5rkqToi+c0d+okvfTmx/IoVlxuHp4qVtxHF6JOS5L27tysgV1b5Hsc9hofdHVzV/1mbbV17Urrup+/naGfv52Ro/55HR90dHTSg48/pf1/b8tIWv3/5I8Vi+bm+hyOHtitpx7KfqrnZu06qULo9Zv4i3l5q7iPn6JOn5QknTxyQC/0aGfd/van3+Z66uijB3brmc5Nst3e6J4OKlepqnXZo1hxNbqngyIjNmrRnKmqVC1ctRu11LDx0zRv+ns6emC3ivv4qe1Djyv+ymUt+/Ebm/35lCip5vd2sibiurq5K7xB8zw/jwXJXq/tW/n3a9eclqavPx2nrz8dl6ntwz0GSJIqhNZQs3adtHLxPEkZlW7feqFHtse4v2sfKrAChcjJ2UWlAstqz/bNatWhi9w8bKuXlioTrNff/yrLvhaLRccP71eZciEqUbJ0YYSbydlTxzR2SF/rd45rv0nFxlyyWZ9bA4dPUOsHuuZnqHni6Oikek3bqF7TrH/vK2o8vbz13PAJCipfSQtnfZLphox/CwgsJ0cn50KK7rpevXrlqJ2Dg4Pq16+v+vXrF3BEAADkHAmsAKCMO+gef+pFTRg+QAlxsZKkU8cOaeGsT/T0K2/LxdVN93Xupd3bN1m338jZxVVpaam3/KPlVqrWqq9mbR+yTlf2b65u7tYE0/xWLbyhHnriaX0/+9Msz+NmxzYajXqk5wCZ01K1+NsZuXocvH39NWjkRH3+7ms21UjzU1D5Sur7/Ou5Sg4tW6GK6jZufdNk2vxiNJnUpfcgNWvXqcCPBQAAAAAAgMwMBoMa39NBEetXW8eDdm1Zq5U/z9fDPZ6Rt6+/7nukl6ZOGpHl2Nd/YXywSesHdCAyQr//siDXx76d8cGg8pX0/Bsf6rNxQ22mmM9PYQ2aq1u/5+Xo6GRd5+7ppSZtOmp/ZMRNeuZvDN2fGSJnF1eb9S3v66y9u7Zq/aolmjZxhJ4bOUnhDVsovGHmBOmnXn7rlsdpeV9nHT2wO9vn0V7s+dq+GaPRqE7d+yspMV6//fB1jl67jo5O6t7/FaUkX832fKTr4773dHg0UzVFAAXH2cVVrTt203uvP6cxL/dWrfpN5eBgvHVHSWdOHtWmv5apS+9B8vW3TwKryeSoytVra/Dr72nhrE/U4t5H5FGsuGJjLtklHmQkRT/65HOq0/gefT/rU0VsXJ3l50VItTA1af2AHSIEAODORgIrAPy/qmEN9Nj/XtSXH10fBPxr2Y/yDyijLn0Gq0adxhr98Tf68espitjwh1JTkmU0mVS/WVs90vNZzfxgtA7t3XlbMbi4uqn/kL&quot;
08-31-2019 13:00:17 Wire.java DEBUG [Forwarding screenshot on session 57f77c2899285a2b963db09b270c4ab3 to remote] http.wire 87 - http-outgoing-5 &lt;&lt; &quot;dVvlI1rVg01zr1RAn/AD3x/wNi0ya9flvHyI7RaFSX3oMUUrWWFn71qY7s/1vmtDQFVwxVq/u7KCCovMa/+r9s+zs5u+iJ/kPU5sHH9Neyn7Rj0186fnifdZoM/4Agla9cTQ2at1NYg+Y2A7X+AUF6/YOvdSBym/787Ucd2L1dp08cyYjLZFJgcEXVqN1IdZu2UdVa9bI8fgn/AD321Evasekv7dq6TglxsSodVF5tHnxMrR/omutqqW4ennr2tfGqEFpDG1f/qhNHMqbWcvf0UumyFWQ05v4jtG6TVnJ2cbPG5+jkrFr1muihJ55WtbAGMjAtBwAAAAAAgN24eXiqS99BOrxv1w3TtU9TlRq1VS28oe7p0Fk+fiX105yp2vf3VpnT0uTo5Kx7O3VXw5btNfmdV/JcFe0ae44Puri66alX3lZorXr65bsvdeLIfhlNJlUMraX7u/RWQtwVzXh/VLb9b2d8MKRqLU2YuViRERu1eukCHTu4V+fPnpIkOTo5q1xIVdWo00j1m7dTxdBaWR6/QpUaeqBbX61Zvkh7d25RakqyKlSpoQ6dn1STNvfL2cV2amiDwaD2j/RUcZ8S+v2XBdY+RpNJwRVD5XLDFPE5VTqovGrWa6Idm9ZY4w+uGKr7OvdUi/YPZ4pBynjc+wweqZiL57V352a9/GQHPdC1j1p37Cb/UmVkcnRUWmqqLp4/q23rVindkq6HHn8q2xiuPY816zXVr9/P1pH9f0uS9Xm8EnNJX378trV9YVUGtedrOyex9R40Uq0f6Ka1KxZp19Z1OnFkv/U9Xi28gZq1eVC1G7e09vH08tagERPV9sHH9Mev32v7xj91OfqCJCkwuKJqN2qp1g90U1D5SiSvAnZQo05jDZ8wQ3OnTcpVtecS/gEa8Oo4NWv3kLW6dWErVSZYg0ZO0swPRiv2crQCy1WUJDkYjbcVk9FUeKkhSYnxRXJft8NgMKhC5Rp6dfxUXY6+oA2/L9Wfy37U0QO7VTqovO59uIfadXo8y896AABwc4YFCxZYKleubLMyPDxcFoslTzv0HfWdJOnSmMduOzgAOfPv9921wZBbvY+vtYuOji7A6AqOt3fWCYl3+nkh5+Z8PlGL5k6VlDHQOvK9WSpTLsTOUQFcnwBcx/UAyBneKwDuZlwDgdvH++julHw1SVMnDNfalT9Luj7Fcm5vZC8qkhLiNX/mh1r20zc3rQL6cI8B6vnsq9luj4uN0UdvvqDqtRupSZuO8isVKKPRqLTUVB3ZH6lZk8fo8N5dkhhTBWAfd8vn9uHDh9WvXz/Vq1dP48aNk4uLS477WiwWHTu0RysWzdOhPTs17N3p8g8oU4DRZjZp0iSNHz9ev/32mxo2bJijPqmpKfryo7e1cvG8fI2lXafu6vfiGzaV1G/mdh77wrZw4UI988wzmjZtmrp27ZqrvtfOc/DgwbnuCwD4b8vu+9Y11753xcZmzEC9c+ftFevLq/DwcElUYAUAAAAAAAAAAADsytXdQ31fGKUHn3hKm/74TZvXLNfhfX9bK9gGBldUmXIhql7n1klEiQnxmjf9Pc2b/t5N2zVofq8CgsrnS/wAgPxhNpu1fcNqBYeEqky5EO3/e5ukvBUfK2yOjk7qM3iEKlapoUsXovJln75+pdT83odynLx6NylZsqT69OmjqlWr2jsUAABuS4ElsF6rCAkAAAAAAAAAAADg1kr4B6jjY/3U8bF+BXqc+s3bqfOTA+02RTYAIGuXL13Qrz/MVuS2DXJ0clbPZ1+Vr39pe4eVY84ubmr70OP2DuOu4OnpqX79Cvb7AgAAhYEKrAAAAAAAAAAAAMB/gIubu9p1ekI+fiV19p/jOn3iiMxpaZIk/4AgVQ2rr6ZtOqpmvSZUswOAIsjXv5RGfzRHSYkJcnR0ksnR0d4hAQAAFCjDggULLJUrV7ZZGR4eLovlzihDDyAzg8EgSbd8H19rFx0dXeAxFQRvb+8s19/p5wXgzsf1CcA1XA+AnOG9AuBuxjUQuH28jwAAuHPwuQ0AAFCwsvu+dc21712xsbGSpJ07dxZ4TFkJDw+XJDnY5egAAAAAAAAAAAAAAAAAAAC4a5HACgAAAAAAAAAAAAAAAAAAgEJlsncAAOzPx8fH3iHkicViuen2O/W8ANz5uD4BuIbrAZAzvFcA3M24BgK3j/cRAAB3Dj63AQAACtatvm8VNfmewOo76rv83iWAHLo05jF7hwAAAAAAAAAAAAAAAAAAwC1RgRW4i91pGfc59V89LwB3Pq5PAK7hegDkDO8VAHczroHA7eN9BADAnYPPbQAAgLtTgSWwUgkSKDxUPgYAAAAAAAAAAAAAAAAA3Ekc7B0AAAAAAAAAAAAAAAAAAAAA7i4ksAIAAAAAAAAAAAAAAAAAAKBQkcAKAAAAAAAAAAAAAAAAAACAQkUCKwAAAAAAAAAAAAAAAAAAAAqVyd4BALAfg8EgSYqOjrZzJHnj7e2d5fo7/bwA3Pm4PgG4husBkDO8VwDczbgGAreP9xEAAHcOPrcBAAAKVnbft4oqKrACAAAAAAAAAAAAAAAAAACgUJHACgAAAAAAAAAAAAAAAAAAgEJFAisAAAAAAAAAAAAAAAAAAAAKFQmsAAAAAAAAAAAAAAAAAAAAKFQksAIAAAAAAAAAAAAAABQBqakp+vHrKfpq8jtKTUm2dzgAAAAFymTvAAAAAAAAAAAAAAAAAPJTUmKC0lJTctzewWiUm7unDAaDtb+jo5NMjo4FFWImqakp+m7mR1o0d6qat3tI6enphXbs/JR8NUmpKcly9ygmg8OdU1fNbDYrKSFOFovFus5gMMjV3VNGo9FucVksFsXFxcloNMrd3d1ucQAAUBDsksB66dIl9ejRQ8uXL89R+7ffflujRo0q4KgAAAAAAAAAAAAAAMCdLDU1RYvnTdcPsz/LVQVTRydnvfnxXFWpWUeRERv03uvPKbhiqJ5/4wOV8A/IVQyHDx9Wv379VK9ePY0bN04uLi456mcyOapaeAMZDNLFc2dydcz8NGnSJI0fP16//fabGjZsmON+ZrNZSxd8qbnTJkmSXhz9kRq3ur+gwlR0dLT69+8vSZo+fbp8fHzyvK/4K5c1+Z0hitiwOtO2lvd11tOvvC0XV7c87z+vrwlJ+umnn/Tiiy+qSpUqmjp1qipWrJjnOAAAKGqowFoEjRkzRm+88YZ1ed26dWratKkdIwJsnT9/XlFRUYqLs737LDcMBoM8PT1VqlQp+fv753OEtlYvXagp44flut/A4RPU+oGuBRBR4dm7c7PeGPREttv/C+cIAAAAAAAAAAAAXLP6lwVaOOsTde41UG06dpOzi+st+6SlpSoh7ooCgysqMT5Oq5cuVEJcrPbu3KxP3n45T0mseWEwGFSn8T26HH3BJoH1QtRpzfxgtGIvX8r1Pk1Gk7r0Gazwhi3yM9QsHYjcph++niJzWpok6bcfvlbVsPoq7uNX4Me+XYf27dL+yAgNe3e6QmvWta7fs2OzJr/zipq1e1C1G7a0S2xHjhxRfHy8IiIi9M8//1gTWFNSUrR3715FRERo//79kqQKFSqoUaNGqlmzpkymzClBFy9e1Lx589S+fXtVqVKlUM8DAICskMAKIFeOHj2qM2du/24/i8WiK1eu6MqVK4qPj1eFChXyIToAAAAAAAAAAAAAd6uE+CvasmaF2j34uLr0GZyrad+9ff0VGbFB0Rei1Pf5UUpPT9f6VUu0d+dmfTv9fQ14dawcnZwLMPrsJV9N0smjB3Qh6nSe+kdfPJfPEWWWlpqqNSsWKyEu1rpu784t2rD6V3V49EkZDIYCjyGnLOnpSoi/Yi3WlJaWqvWrflFI1VoKrhhq07ZsxSoqV6ma1q/6ReVCqspkcpQkORiNcnP3LJTz6tSpk5YsWaI6deqofv36io6O1vfff6+ZM2fq8OHD8vDwUM2aNZWamqovvvhCklStWjX169dPnTt3loeHh06dOqWFCxdq2rRpiomJUUBAAAmsAIAioUgksIaFhem7777jwxEo4s6fP29NXq1QoYL8/f1z9Uffjcxms86fP29NiPXw8CjwSqwAAAAAAAAAAA&quot;
08-31-2019 13:00:17 Wire.java DEBUG [Forwarding screenshot on session 57f77c2899285a2b963db09b270c4ab3 to remote] http.wire 87 - http-outgoing-5 &lt;&lt; &quot;AA/rvSzWYlJsSrQmjNXP+OGRmxQdMmjtDVpCSlpaXpfy+OliStX7VEpQLLysFY8OkVqSnJmjttkrasWamE+CuaOGKAnn757QI/bn5ISozXicP7M61fMn+matVrqjLlQuwQVdZOnzyqsUP6ZpkQPLBr1pVqD0RG6M/ffrAu+5UK1Mj3ZhXKeZUoUUL+/v4KDAzU1q1bNXToUF26dEmPPfaYvvrqK1WuXNlabTUtLU0HDx7U7Nmz9eabb2rIkCHW/QQFBalPnz5as2ZNgccMAEBOFYkE1pzat2+fnnjiCe3atUuSFBwcrNmzZ6tly+tl2v/66y/17t1bJ06ckJRxJ8q0adNUsmRJrV+/Xs2aNbO2/frrr1W2bFnNmjVLf/75p06cOKHatWurd+/eeuqpp+Tu7p4phvT0dG3evFnz58/X2rVrtWPHDklSo0aN1LZtW3Xv3l2hoaE2d9kkJSXppZde0rRp0yRJ7du315w5c3T69Gl9/PHHWrx4sbp27apnn31WvXv3tp7fNTfG/Mwzz+jDDz+Uq+utpzkA8ltUVJSkjOTVgIDbmyLDaDRa93H06FFFRUUVWAJr6we6qvUDXW3WrV66UFPGD7MuDxw+IVOb/4Jq4Q31/bqj1uU5n0/UorlT7RgRAAAAAAAAAAAAULRERmzQV5+8o8effkUrFs3T9PdelyT978XRqlWvqZq26ZjnFJ5ghgAAIABJREFUwj654WA0qXm7TqrTuJWkjN9Uvbx9JUmDRk6S2WzO036DylfKtxizYzAYsnyMKlSuYT2HosI/oIyeH/WBlv00R8cO7Fb3Z4bKzcPzlv0S4+M0b9ok1WvWVvWbtZV/QJlCiNbW+fPn5efnpwULFqhcuXKZtptMJlWrVk0TJkzQkCFDtG3bNl26dEnVq1dX1apVlZiYmCknBQAAe7qjElhDQ0P16quvasCAAYqLi9OJEyf04YcfKjQ0VCVLllRUVJQmTZpkTV5t2LChxo8fr5IlS2a5v2HDhuns2bM263bs2KEdO3Zo/fr1mjx5sk3f6OhojRo1SlOmTMm0r02bNmnTpk36+OOP9frrr+uFF16Qs3PW0wckJibqww8/1OTJkxUXF5fXhwModNder/mZaOrv76+jR4/eEe+F5KuJ2vTnMq1d+bMO7d2lhLhYOTo5K6RqLTW+p4Oa39tJnl7eNn3+OX7Y5u69h3sMUNe+g7Rm+SIt+3GOThzZr+I+fnqgW1/d3+VJObu4KTU1RZv/Wq6fv52howd2q7iPn+59uLsefOx/cnX3KPDzTE1NUeS2Dfr9l+90IHK7LkdfkNFkUnDFUDVt01GtH+ia6Tz37tysNwY9YV0eOHyCmrZ5QCsXz9eKRXN15tQxvf3pt6oW3jBHbYdPnKFfvvtSkREbJUllyoVoxKQv5B8QZO1nNps15/N3tWR+xjQYrm7uev392apSs05BPjwAAAAAAAAAAAD4D7mWvPpIr2f1x6/fa+/OzZKk6e+9Llc3d7Xp2K3QYjEajaoYWjPLbdVrNyq0OPLC1d1TFarU0P7ICOu6Do8+qe79hxTKb5y54eTsoqph9RWx4Q+dP3NK1Ws3zPT7Z1biYmPk7umlMuVCVDWsfiFEmjVXV1cVK1bslu38/PzUoUMHm3WJiYkFFRYAAHlSJBJYd+3apdDQ0Cy3hYWF6bvvvlOVKlVkMBjUrVs3nTp1Sq+99pokafHixapevbqGDRumsWPHaunSpZIkT09PPf/889nuV1Km5NUbLVy4UE2bNtXzzz8vg8Gg5ORkjRs3Lsvk1RvFxcVp2LBhKl26tHr06GFTifWatWvXau3atTfdD1AUpaWlWf+f17v7spKf+yooh/f9rc/GDdWpY4ds1qemJGvfrq3at2urfvzmcw0e9b5q1Wua5Xtfkg7u2aHRz/fQ4b3X72q7HH1Bc6dO1D/HD6v9Iz30zZR3tW/XVpvtC778WBeiTuupl9+Ss0vBVWA+f/aUPn/3NWvi6DXmtDQdPbBbRw/s1u9LvtPgUe+rUrXwbPdz9MBurVg8z+Y8c9PWxdVdNeo0scbxz/HDOrRnp00Ca2zMRe3ducW6XKt+MwWHZH/NBwAAAAAAAAAAAG707+TVXVuu/47f/pGe1kqohcVsNuu3H2Zr4azJcnV105ODRqhxq/uz/e2xKDEajard+B4tXzRX5rQ0la1YRZ16PFPkklezk5aaqqtJCXL3KKZ0i0VJCXFydfeUg8GghPgrcnHNPIMvAAC4fQ72DiC3TCaTBg0apKefftq6bvLkyerTp49mz55tXTdy5Eh169btpl/kXnvtNZ09e1bp6emKj4/X2LFjbbavW7dOV65ckZSRZDtv3jzrtrCwMK1Zs0Zms1mJiYmaPn26PD2vl5SfOXOmTp06leVxGzZsqDVr1igxMVEWi0UWi0VTp05VWFiYdu7cqbfffjtTHDe2c3UtuOQ14GbS09OVnp4us9mcr/+u7beoijp9Msvk1X+7HH1BUycMv2m7vTs3Z5vU+deyHzXimUdtkldvtOnP33Ty6IGcB55LMZfO69Oxr2ZKXv23M6eOad60SYqNuZRtm2U/fpOj5NXs2hoMBtVr1kY+Ja5Xwd62/nclX02yLh87uFdH9kdal5u0ul8urm45OiYAAAAAAAAAAADubjdLXr2/ax917z+k0H97Soy/on+OH1a/F0apWu2G+nXhV0qIi1VSQrz27Nikv7etz9O/mEvnCyX+ilVqqmJoLUnSySMHtGXNClkslkI59u1as2KRhvZ7UKdPHtWByG3qc38dHYjcptMnj2povwd1cM92e4cIAMB/UpGowJpb7u7ueumll/T3339r8+bNiouL008//WTdPnDgQA0aNEgm081Pr0aNGipVqpR1n3369NHKlSv1559/SpIOHTqkqKgoeXl5af369TYVW5988kk1a9ZMBoNBrq6u6tmzpyIiIjRt2jRJ0l9//aXjx4+rbNmymY5bvHhxVatWjURU3HGuVUq9sRJrfu63KLJYLFq/aolNUmr95u30v5feVAn/AEVfPKfZn47T+lVLJEkXok5rxU9z1Of5UTI5OmbaX1j9Zur13HAFV6ii1NQULfjyYy2aOy3L7SkpVzXrk3e06uf5kqSkxASdOnboppVPb8eWNSusU6IYTSZ17TNY93fpIzcPT125HK2vJr+jNcsXSZIiIzbq8L6/VbdJ1nedPtxjgDo8+qR8SvjL4HDzeyWya5uamqLwhi20eulCSdKeHZsVdfqEgiuGKi01VVvXrbS2rRhaU1XDG9zW+QMAAAAAAAAAAODuEBmxQR+/9ZLqNm2t35fMtynwYq/kVUny9PLWgFfHKSkhXru2rpOrm4ccHIy6dCFKn44dqgtRp/O034HDJ6j1A13zOdrMihX3Ucv2D+vg7oxkzyXzZ6pGncYqW6FygR8bAADcmYpEBdawsDDt37/fWmX0xn87d+5UlSpVMvWpWrWqJkyYoODgYJv1DzzwgEaNGiV399yXb/f29rY51tGjRxUTEyNJio+Pt2lbs2ZNm+qurq6uCgwMtGmTXQVW4E51N1ZgTUyIsyZ1SpKrm7se7v6MSvgHSJJ8SpRU1z6D5Vfq+vv/0L5dSoi/kuX+yleuoXIhVWVwcJCTs4vqNL4n2+3OLm5q2qZjAZxVZkmJCdp5w12l1cLq677OveTmkVFZulhxHz342P/k5e1rbXPi8L5s91e6bHn5+pe6ZfLqzdo6OjqpdqPrj0/0xXPavT1j8ODi+bPau+P689Kg+b3y9vW/5bEAAAAAAAAAAABwd4uM2KBpk0aqQYt7tenPZUUmefWaU8cOadyr/9OFqNPq+8Io6+91d4pG93RQzbqNJWUU/5n5wehCqwALAADuPHdkBdabuXjxomJiYqyVVXPDYrHYVIIsVaqU3NyYjhq45lqSaX4nmxbV5FVJSjeblZhwPYG9ZGCw/EqVtmnj5e2r4j5+1jser1yOVlxsjE2yZ14Zjcbb3kdOpKWm6PKlC9blyIiN6nN/nZv2ufFxKShVatZRxdCaOrI/UpK0bd0qtWz/iPbu3Kwzp45Jykgirtesjc1NBQAAAAAAAAAAAMC/nTl1TN9MeVfPDB&quot;
08-31-2019 13:00:17 Wire.java DEBUG [Forwarding screenshot on session 57f77c2899285a2b963db09b270c4ab3 to remote] http.wire 87 - http-outgoing-5 &lt;&lt; &quot;2rGnUaq3p4A01//w0lxMVak1eNRqPMZnOh/U53o8vRFzTj/VGqXL222nXqrm3rV8nFzV3OLq4qW6GKvHxK5HqfJqNJPiVKFkC0WfPy9tUT/Yfo6JB+SoiL1d6dm/XNlHf19Mtvy9Xdw6ZtWmqqUlNT5OqW+wJlyMhxiYmJ0a5du7Rnzx6ZzWZ5eHioefPmCgkJkUMOig0BAGBvd2wC6/HjxzVy5EidOHHCZv3mzZs1fPhwTZs2TSVL5u5L2Llz5xQZGWld9vPzk5eXlyTJw8P2i1RkZKTatm1rTZhKTk7WxYsXbdoEBQXl6vgAAFvevv5q0PxeawLr4X1/69C+XYrYsNraJrxhC5UuW8FeIQIAAAAAAAAAAOAOkW42y2KxaM+OzQoMrqjqdRopJLSmAsuFqHv/IUpKjNeHo1/Q40+9qGrhDQs9vjMnj2rvzi3au3OLFs+bLr9SgQpv0EJlyoVo+MSZhR5PXlWqFq5BIybq03GvKiEuVmuWL1LMxXPqP3SsAsqUkyRdTUrUjPff0IbVS9W1z2A90K2PnF0oMJYTSUlJWrVqlX766SctX748yzaNGzdW//791b59e7m4uCglJUXbt2/XF198odWrV6tHjx6FHDUAAFm7IxNYExISNGnSJK1fv16SFBwcrLCwMP3888+SpMWLFyswMFATJ06Uu3v2d+qkpqbKYrFIkk6cOKF33nlHmzdfn5K6Xr161kquTZs2VUBAgM6ePStJ+vrrr1W/fn01bdpUaWlpmj9/vmbNmmXt27JlS5UrVy5P52cy2T4t27ZtU7169eTs7Jyn/QHIOwejUW433Al47vQJXYg6Ix+/61WeE+LjlBAXa10uVtxHnl7ehRpnTiRfTdSFqH9s1rm6ZZzbv8+zYmhNDXt3eqHejZkVg8GgOo3v0a/ff6XYmEtKSkzQ/BkfKOZixjQjRpNJjVvfL0dHJ7vGCQAAAAAAAAAAgDtD/JXLWrl4nrx9/bV942pr8qqLq5uOHojU3p2bb72TAlK5eh3NWhphXTYYDHJ197RbPHllMBhUr1lb9XthlKZOHKnUlGRFRmzUy092UNc+g9W6Y1ctmf+F/lr2oyRp3vT3tPrXher93AjVadLaLtVv7yQbN27Uxo0b1b59e82dO1cNGzaUt7e3DAaDTaJq3759M/Vt3Lix5s+fr5YtW9ohcgAAMisS9cJ37dql0NBQGQyGLP+NGTPG2jYtLU2ffvqppkyZYl33zjvvaM6cORo4cKB13TfffKPFixdbE1Sz0rdvXzk4OMjBwUHly5fXl19+ad0WHBysXr16WZNGw8LC1L17d5uYW7RoIaPRKGdnZ/Xp00dxcXHW7U899VSeK7BWqGBbSfDFF1+Ui4uLDAaDBgwYoKSkpDztF0Duubl72txdmZSYoEXzpuni+Yxk9iuXo7Xgy4+s09lLUqWqYXL3KFbosd7or2U/6sevpygxPuO6dDUpUb//slCb/lpmbePq5q4SJQMkZT7PI/sjNfP90Tp6cLfSUlMlZUxBEX/lsnZtXaeJwwfoj1+/L5RzCQgqr9Ba9Wxii754TpJULay+KlUNK5Q4AAAAAAAAAAAAcGdISozPcr3J5KjA4IryCyijP377XkHlq1iTV4sCg4ODdRbYaxwMBlnS0xV/5bLiYmPy9O/a732Fei4Gg1q0f0Qvv/WJ3D0zZr5NTUnWvOnv6amHGmrxvOk27aP+OaEPRj+vw3t3FXqsdxJfX1/17dtXmzZt0rx589ShQwf5+PhYXzdOTk5q1KiRpk+frk2bNmns2LEaPXq0PvnkE23ZskVLlizRvffeSwE1AECRcUdVYLVYLFqwYIHGjh1rXTdw4EA98sgjcnd316BBgxQREaHNmzcrLi5OI0aMUGBgYK7vHPHx8dG7776runXrWtc5OztrxIgRSkpKskme/TdPT0+NGjVKjz/+eKYvljnVrFkztWrVSn/88Uee+gPIPwaDQU3bPqh1q37WqWOHJElb167U1rUrs2zvVypQ9z7SUyZHx8IMMxOz2ax509/TvOnvZdumXtM2KluhiqSM82zdsat2bV1nvat0y9oV2rJ2Rfb9m7XJ36Cz4eLqpiat7tfmvzJPf9Hong7yKFa8UOIAAAAAAAAAAABA0ebk7KJSgWW1Z/tmterQRW4ettVLS5UJ1uvvf5VlX4vFouOH96tMuRCVKFm6MMLN5OypYxo7pK8uRJ2WJFWqFq4Rk75QbMwlm/W5NXD4BLV+oGt+hpojBoNB9Zu30+iPvtH090fdMjm1ZOkgeZfwK6TobJWrVFX3de4lL29fOTk7q3v/ISpRsrRMjk5q16m7ivvYJ65/a926tVq3bn3LdgaDQZUrV1blypULISoAAPLujkpgXbNmjUaMGGGtdNqqVSuNGDFC7u7ukqSqVatq+PDh6tWrl+Li4nTixAkNGzZMs2bNUtWqVTPtb9KkSUpLS9OCBQu0Y8cOBQcHq3Pnznr66aetFWFv5OPjo8mTJ6tnz56aP3++li9frgMHDkiSGjVqpLZt26p79+5Z9s2NwMBAzZ49W9OnT9fSpUu1Y8cOSVKVKlUUGBhIuXygkJUKLKvnRkzSZ+OGWpNYs1Lcx08Dh09Q2QpF/4+AmnUb64n+r8jZxdW6ztvXX4NGTtTn776myIiNdowus6ph9VWuUjUdP7TXuq50UHmFNWhhx6gAAAAAAAAAAABQlDi7uKp1x2567/XnNObl3qpVv6kcHHL2+/qZk0e16a9l6tJ7kHz97ZPAajI5qnL12hr8+ntaOOsTtbj3EXkUK67YmEt2iSe/VKhSQ299MlcrF8/XL999YZ3t8kZGk0ltH3zcbo99hco1VKFyDUmSp5e3Oj95fQbgzr2elSTFxcbYJTYAAP7L7JLA6uvrq2XLlt264b+0bNlSx48fv2mbTp066cqVKznaX0BAgHr06KHXXnstxzE4ODiocePGaty4cY77uLq6aurUqZo6dWqO+wQFBWnMmDEaM2ZMjvsAKDghVWvp3Rk/adOfy7RmxWLt3blFqSnJcnRyVkjVWmp8Twc1v7eTPL287R2qJMnL21cVQ2sq6vRJJcTFSpLcPb1UqVqY7uvcS2ENmsvR0SlTP/+AIL3+wdc6ELlNf/72ow7s3q7TJ45IyvijMTC4omrUbqS6Tduoaq16hXc+Pn6qFlbfJoG1btPW8isVWGgxAAAAAAAAAAAAoOirUaexhk+YobnTJumH2Z/luF8J/wANeHWcmrV7yG5FpUqVCdagkZM084PRir0crcByFSVJDkbjbcVkNNm/tpmzi5s6PtZPHbr01oHIbfrjtx+0Zc1KpSRfVd0mrdT5yYEqX6n6bRULyy3vEn5KTU1RakpyjtonxMdZf3sFAAD5w/7fUgDADlo/0DXX02Q4u7ip5X2d1fK+zjnuU6ZciD7/fm2226uFN9T3647meXt26jZprbpNbj11RFaMRqOqhTdUtfCGOe6Tmzjzck6pKcm6dCHKuuzq5q5GLTtQkRoAAAAAAAAAAAA2DAaDQmvV05jPvrN3KHlicnRS+849ZVjkoGkTR2rYu9NVOqi8Pv3uT3uHli9u/C3yueH2jaVStXAt+PIT9X+kSY77+JUKVOXqtQswKgAA7i4ksAIAirxDe3fq763rrMu16jdTcEioHSMCAAAAAAAAAAAA8pfZbNb2DasVHBKqMuVCtP/vbZIs9g7rP6tStXCN/vgbbd/wh8xm8y3bG41G1WvaRmXKhRRCdNe5u7urW7duKlmyZKEeFwCAwkACKwCgSEtNTdHaFYuVlJhgXdek1f1ycXWzY1QAAAAAAAAAAABA/rp86YJ+/WG2IrdtkKOTs3o++6p8/UvbO6z/LIPBoAqVa6hC5Rr2DuWmnJ2d1a1bN3uHAQBAgbirElibNm0qi4W7k4C8cnBwUHp6usxmc75N3X7tTjYHB4d82R/+e86cPKqdm9dYlyuG1lTV8AZ2jAgAAAAAAAAAAADIf77+pTT6ozlKSkyQo6OTTI6O9g4JAACgQN1VCawAbo+Hh4euXLmiixcv5tv0BBcvXrTuG8hKcMVQTV+00d5hAAAAAAAAAAAAADkSEhKiNWvW3LphNlzd3P&quot;
08-31-2019 13:00:17 Wire.java DEBUG [Forwarding screenshot on session 57f77c2899285a2b963db09b270c4ab3 to remote] http.wire 87 - http-outgoing-5 &lt;&lt; &quot;MxmtwbOnSohg4datcYcsLHx0fff/+9vcPIkdt9TQAA8F9FyUMAOebn5ydJOnbsmM6dO2etnpoXZrNZ586d07Fjx2z2DQAAAAAAAAAAAAAAAAD476MCK4Ac8/X1VWJios6ePatjx45Zk09vV0BAgHx9ffNlXwAAAAAAAAAAAAAAAACAoo8EVgA5ZjKZVKZMGbm5uenChQuKj49Xenp6nvbl4OAgDw8P+fn5ycfHRyYTlyMAAAAAAAAAAAAAAAAAuFuQMQYgx9zc3BQbGytvb295e3vn+74BAAAAAAAAAAAAAAAAAHcHB3sHAODOYTKZ5OXlJScnJxkMhtven8FgkJOTk7y8vKjACgAAAAAAAAAAAAAAAAB3kQLLGPMd9V1B7RqAHZlMJhUrVszeYQAAAAAAAAAAAAAAAAAA7mBUYAUAAAAAAAAAAAAAAAAAAEChyvcKrJfGPJbfuwQAAAAAAAAAAAAAAAAAAMB/CBVYAQAAAAAAAAAAAAAAAAAAUKhIYAUAAAAAAAAAAAAAAAAAAEChIoEVAAAAAAAAAAAAAAAAAAAAhcqU3zv0HfVdfu8SQA5dGvOYvUMAAAAAAAAAAAAAAAAAAOCWqMAKAAAAAAAAAAAAAAAAAACAQpXvFVivoRIkUHhut/Kxj49PPkVSuCwWy02336nnBeDOx/UJwDVcD4Cc4b0C4G7GNRC4fbyPAAC4c/C5DQAAULBu9X2rqKECKwAAAAAAAAAAAAAAAAAAAApVgVVgBVD03WkZ9zn1Xz0vAHc+rk8AruF6AOQM7xUAdzOugcDt430EAMCdg89tAACAuxMVWAEAAAAAAAAAAAAAAAAAAFCoSGAFAAAAAAAAAAAAAAAAAABAoSKBFQAAAAAAAAAAAAAAAAAAAIWKBFYAAAAAAAAAAAAAAAAAAAAUKhJYAQAAAAAAAAAAAAAAAAAAUKhM9g4AgP0YDAZJUnR0tJ0jyRtvb+8s19/p5wXgzsf1CcA1XA+AnOG9AuBuxjUQuH28jwAAuHPwuQ0AAFCwsvu+VVRRgRUAAAAAAAAAAAAAAAAAAACFigRWAAAAAAAAAAAAAAAAAAAAFKq7KoE1KSlJAwYMkMFgkMFg0H333adLly7ZOywAAAAAAAAAAAAAAAAAAIC7il0TWNPT07V7926NGjVKLVq0ULFixWQwGFSsWDG1aNFCzz33nJYuXaqYmBh7hlno5s6da02yzc2/uXPn2jt0AAAAAAAAAAAAAAAAAACAW7JbAuuFCxf09NNPq2bNmnrnnXe0du1axcXFSZLi4uK0du1aTZkyRR07dlRwcLA2bdpkr1BRxBw4cEDh4eHWxN0BAwYoKSnJ3mEBAAAAAAAAAAAAAHBbUlNT9OPXU/TV5HeUmpJs73AAAAAKlMkeB71w4YKeeeYZ/fTTTzlqHxcXJ7PZXMBRAQAAAAAAAAAAAACA/4KkxASlpabkuL2D0Sg3d08ZDAZrf0dHJ5kcHQsqxExSU1P03cyPtGjuVDVv95DS09ML7dj5KflqklJTkuXuUUwGB7tODJwrZrNZSQlxslgs1nUGg0Gu7p4yGo12i8tisSguLk5Go1Hu7u52iwMAgIJglwTWFStW2CSvPvHEE3rzzTdVoUIFmUwmpaSk6OTJk/r222/1xRdf6MSJE/YI02569OihHj162KybO3euevbsaV2eM2dOpjYAAAB3gn+OH9bYIX11Ieq0JOnhHgPU89lX7RwVAAAAAAAAAOC/IDU1RYvnTdcPsz/LVQVTRydnvfnxXP0fe/cdFcX5dwH8Drv0ooIgxAIiSLEgWBC7RtCIBjWWWGOJPZYYNcYEY2KLNT9N7MbeGxawg4gVFRVRFAuKWBCkLkXK7r5/8Dq6AkoH9X7O8Rxn5infGdkV2DvP2NRzQkjQeSz8bQzMa9li3PTFqGxiVqAa7t+/jyFDhqBRo0aYM2cOtLS08tVPKlWHfYMmEATg5YtnBZqzOC1YsABz587FkSNH4OzsnO9+crkcPrvWYeuqBQCACb//Dy5tO5VUmYiLi8Pw4cMBAKtXr4ahoWGhx0pOSsA/syYh6LxfjmOtO3bHsJ/+hJa2TqHHL+zXBAB4eXlhwoQJsLGxwcqVK1GrVq1C10FERFTelEmANTw8XGV7wIABqF27tritoaEBKysreHp6YuTIkZg/f75Ke5lMhiNHjuD06dMICQnB9evXIZPJAACOjo5wcHBA37590apVK2hqaha4vpSUFBw6dAheXl4IDAxEREQEDA0N0axZM/Tp0wceHh653tUSGxuLvXv3wsfHB8HBwWLwtmnTpmjbti3c3Nzg7OwMbW3tAtdUEOnp6fDz88OpU6dw5coVBAcHIy4uDgBgY2MDR0dHeHh4oEuXLjnO49y5c2jRooW4vWXLFnTt2hWbNm3Cxo0bERgYiLNnz6J58+YAsu/0uXPnDtasWYN9+/YhIiICjo6O6N69OywsLDBgwACVsd4N3aanpyMgIADbtm3DhQsXEBYWBn19fTRp0gRdu3ZFnz59YGRkJLafOXMmpk+frjLGqlWrsGrVKnH77freHj84OBjXrl0Tr4OLiws6dOiAdu3awcTEpNDX+3MUHR2NqKgoyGSqd58VhCAI0NfXh6mpaYlffz+f3Vg+9+cC9xv9yzy0c+9ZAhWVDlliPOZMHop7odfzbGNiVh11nZqibacesK3X8KO6A5KIiIiIiIiIiIiIiIjoXX7eu7B7/VJ0HzAaX3buBU2tD38+n5WViRRZEqqa10Jqsgx+PruRIktE6PVALP1zYqFCrIUhCAKcXNogIS5GJcAaE/UUaxf/jsSE2AKPKZVI0WPQWDRwblWcpeYqLOQK9m5aDnlWFgDgyN5NsHNojIqGxiU+d1Hdux2MOyFB+Pmv1bCt11Dcf+taIP6Z9RNauHaBo3PrMqntwYMHSE5ORlBQEJ48eSIGWDMyMhAaGoqgoCDcuXMHAGBpaYmmTZuiXr16kEpzRoJevnyJbdu2oUOHDrCxsSnV8yAiIspNmQRY3/U6oNq0aVNUrFhRXJIfAIyNjbFgwQKV9s+ePcOcOXMQHBycY6xr167h2rVr2LBhA0aPHo358+cXaAn1q1evYty4cTh37pzK/ri4OHh7e8Pb2xvu7u5YtmwZzM3NxeMBAQEYPnw4wsLCcox58eJFXLx4EXPnzlUJV5aU5ORkLFmyBMeOHctxLCwsDGFhYdixYwc8PDywatUqVKlSJc+xQkJCsGnTJhw/fjzHMaVSie3bt2PkyJFigBh482/wIREREfjxxx9VVuMFsgPKvr6+8PX1xZYtW7Bs2TI0bNgwj1Hy9uLFC4wdOxa7d+/Ocez1ddiwYQP+/PNPeHp6Fnj8z1V4eDiePSv63X5KpRJJSUlISkpCcnIyLC0ti6E6Kqjo55Hw84mEn89udOo5CH2HTyrSnYOvvbu6YkvXrzHy57n5+gUBERERERERERGvtdEYAAAgAElEQVQRERERUWGkJCfhUsBxuHb5Fj0GjS3QY98rGZkgJOg84mKiMHicJxQKBc6dPITQ64HYvnoRRk6ZDXWNgi+gVRzSX6XhcXiY+NlbQcW9fFHMFeWUlZmJgOMHkCJLFPeFXr+E836H8dU3A1VyIGVNqVAgJTlJXKwpKysT5056w8quPsxr2aq0rVHLBhbW9jh30hsWVnaQStUBAGoSCXR09UvlvDw8PHDo0CE4OTmhcePGiIuLw549e7B27Vrcv38fenp6qFevHjIzM/Hff/8BAOzt7TFkyBB0794denp6iIyMxO7du7Fq1SrEx8fDzMyMAVYiIioXyiTAWqdOHZVtf39/+Pv7AwDMzc3h7OyMzp07o02bNqhWrVqh/8Nfvnw5mjVrlmPVz7zcvn0bo0ePRmBg4Hvb+fj4oGbNmpg/fz60tbXx6NEjTJs2Ldfwanl24MABNGrUCL/++mue13jevHl59j9//jymTZumEl7NrxcvXmD8+PE4cODAe9sFBgZi9uzZWLVqFYyN839XVnp6OhYsWJBreJUKLzo6WgyvWlpawsTEpEA/9L1NLpcjOjpaDMTq6elxJdwydnj3BlQyMkHXfiPK1Q+QRERERERERERERERERPmhkM&quot;
08-31-2019 13:00:17 Wire.java DEBUG [Forwarding screenshot on session 57f77c2899285a2b963db09b270c4ab3 to remote] http.wire 87 - http-outgoing-5 &lt;&lt; &quot;uRmpIMS9t6Bf4cMyToPFbNn4ZXaWnIysrC0Am/AwDOnTwE06o1oCYp+XhFZkY6tq5agEsBJ5CSnIT500Zi2MQ/S3ze4pCWmoyI+3dy7D+0Yy3qN2qOahZWZVBV7p4+DldZjOdto3vmvlJtWEgQ/I/sFbeNTavi14XrS+W8KleuDBMTE1StWhWXL1/G5MmTERsbi969e2PDhg2oXbu2uNpqVlYW7t69i40bN2LGjBmYNGmSOE716tUxaNAgBAQElHjNRERE+VUmAdYOHTpg9OjRWL58eY5jERERiIiIwK5duwAAAwcOxB9//AELCwuVdg4ODpg6dSpcXV1haGgIQRCQlpaGEydOYNy4cYiIiAAA3Lp1C3K5/IPfnMrlcmzfvl0Mr5qbm2PWrFn45ptvoKWlhYiICEyYMEEMXB47dgzDhg1D/fr1cePGDZUVW1euXImhQ4dCKpVCoVAgNjYWly5dwsaNGwt/0QrIzMwMq1atQufOnWFqago1NTVkZGTgypUrmDhxonied+/eRXJyMvT19XMd588//8TQoUPFMV5LS0vD5s2bxesMAN26dcPcuXNhbW0NhUKBDRs2YNiwYbmO6+3tLV5LfX19TJ8+HcOHD4eBgQFiY2Ph6emJFStWAAC8vLwwatQouLq6wtPTE7169ULv3r3FFXhHjBiBv//+G9rab1Z2jIiIwIULF8TtgQMHYvHixTAyMgKQvUptaGgoDhw4oHJe9H5RUVEAssOrZmZFe0SGRCIRxwgPD0dUVFSJBVjbufdEO/eeKvv8fHZj+dyfxe3Rv8zL0eZT8/YPUUqlErExUdi3aTmO798qtrnofwStO3aDYeW8V2YmIiIiIiIiIiIiIiIi+pSEBJ3HhqWz8O2wn3B8/zasXvgbAGDohN9Rv1FzNP+yc6EX9ikINYkULV094OTSFkD2Z6oVKmV/xv3Drwsgl8sLNW71mtbFVmNeBEHI9RpZ1q4rnkN5YWJWDeM8F+Oo1xY8DLuJviMmQ0cv98zE21KTZdi2agEatWiPxi3aw8SsWilUqyo6OhrGxsbYtWtXjhwNAEilUtjb22PevHmYNGkSrly5gtjYWNSpUwd2dnZITU3N9WnHREREZaVMAqy6urqYP38+rKysMGvWLMTFxeXZdtOmTQgLC8P69ethZ2cHALCxscGGDRvw5MkTHDt2DOfOncP9+/cRExOT49H1cXFxyMjIUAk35ubFixc4c+aMuO3h4YGePXtCUzP7EQAWFhYYM2aMGLq8d+8eHj16hPr166NixYoqY02bNg3nzp1D69atYWtrC1tbW3Tq1Anu7u75v0hFYGRkhPXr1yM6OhoXL17E2bNnERwcjKSkJFy8eFGlbXR0NDIyMvIcy9LSEl988UWO/dHR0QgJCRG37ezsMGPGDHGJeTU1tTyvuUwmw+nTp8Xt9u3bY+jQoTAwMBDrHzlyJE6ePIl79+4BAG7evAlXV9d8XgFAR0cHOjpvHoO+adMmPH36FG5ubnB0dIS1tTWcnJzQpEmTfI9JEFfbLc6gqYmJCcLDwwu1km9pS3+Viov+R3HmxEHcCw1GiiwR6hqasLKrD5c2X6Glmwf0K1RS6fPk0X2Vu/e69huJnoN/QMCx/Ti6bwsiHtxBRUNjuPcajE49BkJTSweZmRkIPH0MB7evQXjYTVQ0NIZb177o0nsotHX1iuVcBEFAZRMz9Bj0Ax7cuYEHd7Jfz0kJcUhNlqkEWDMzMxBy5Tx8vXciLOQqEuJiIJFKYV7LFs2/7Ix27j1VznvLivnYv3WlynxnThzEmRMHxe0//90O+wbO+bq27Tr1RLMvO0FTSwdEn7Lo509w8uB2+PnsQUJcDCoaGqNxi/ao49QUW5b/hZfRzwFkv4/0HzVFpa9SqUTkw3vw89mFaxdP42nEAwCAiVl11HVqiradesC2XkMIudy0UZS+mZkZCL50Bt471+H2jcsAgFq29eHa5VvcDb2OEwe2ASj8XcjRz5/A/8heXDnni4gHdyDPykJFQ2PUcXRGx+4D8qyLiIiIiIiIiIiIiCi/XodXuw0YhVOH9yD0evZiUKsX/gZtHV182blXqdUikUhQy7ZersfqODYttToKQ1tXH5Y2dXEnJEjc99U3A9F3+KRi+4yzuGhoasHOoTGCzp9C9LNI1HF0zvE5b25kifHQ1a+AahZWsHNoXAqV5k5bW1vMV7yPsbExvvrqK5V9qampJVUWERFRoZRJgBXIDrH++OOPGD58OC5fvgx/f3+cPXsWly5dyhFkCwwMxN69e8VH3cfExGDq1KlYt25dsdUjk8kQHx8vbi9duhRLly79YB8gO7zZrVs3eHl5AcgOzW7evBmbN28W27Zs2RIzZsxA27ZtS/zR3CkpKfjrr7+wZMmSEgsFvnr1CikpKeJ2nTp1YG5unq++GRkZiI6OFre9vLzEa5eX5OTkAtVnaGgINzc3nDx5Utzn6+sLX19fcdvc3Fz8GvxQwJmyZWVliX8v7N19uSnOsUrK/ds3sGzOZEQ+vKeyPzMjHbeDL+N28GXs27wCYz0XoX6j5nm+zu/euobfx/XD/dA3d7UlxMVg68r5ePLoPjp064fNy//C7eDLKsd3rVuCmKin+H7iH9DUKr6vV109fZhWNRcDrO+Kfh6JFX9NRUjQBZX98qwshIfdRHjYTfge2omxnotgbd+gUDXk59r6eu/EuOmLYWJWvVBzEJV3IUHnsfC3MUiRJYr7EuJicOLgdpw4uP29fTPSX2HPhn9wYPsayN96nwayX8N+PpHw89mNtu49MGTcdJVfEhWl76u0VKxZNB2nj+5T6Xf35lXcvXm1wNfgbXK5HH7eO7FuyUxkZqSrHEuIi8E5X2+c8/WGR9/h6D10AjQ0tYo0HxERERERERERERF9nt4NrwZferPoVYdu/cWVUEuLXC7Hkb0bsXv9P9DW1sHAH6bBpW2nEs8YFAeJRAJHlzY4tn8r5FlZqFHLBh79RpS78GpesjIz8SotBbp6BlAolUhLkUFbVx9qgoCU5CRoaeuWdYlERESfpDJfskpXVxdt2rTBjBkzcPLkScTFxeHGjRvo06ePSrsnT57g1atXSE9Px7x588Twqrm5OVauXInw8HAkJCTgzp07cHBwKNVzMDY2xvLlyzFs2DDo6+e+rPyZM2fQtWtXnDhxokRrUSqVWLt2LWbNmgWZTAZ9fX3MmjULoaGhiIuLQ3R0NDp06FDs82pra0OtHK2AJpFIMG7cOCxfvjzPYG1ERAQmTJiAWbNmqQQzKW8KhQIKhQJyubxY/7wet7yKevo414DluxLiYrBy3i/vbRd6PVAlvPq200f3YdqIb1TCq2+76H8Ej8PD8l94PsiSEhH56E29mlra0Pj/lafjY6Px7+wpOcKr73oW+RDbVi1AYnxsgeePfHgPS//88YPX9k5IEHav/wfpr9IKPAdRefc04gHWLPRUCa/ml1KphM/uDdi3eUWOAOq7TvnsgdeWFeJNA0XpK5fLcWjH2hzh1eKgVCoRcNQLa/+ekSO8+i7vXetw4dThYq+BiIiIiIiIiIiIiD597wuvduo5CH2HT4KWduk+ITA1OQlPHt3HkPGesHd0xuHdG5AiS0RaSjJuXbuIG1fOFepPfGz0hycvBrVs6qGWbX0AwOMHYbgUcBxKpbJU5i6qgOP7MXlIFzx9HI6wkCsY1MkJYSFX8PRxOCYP6YK7t4q2eAcRERHlrtRXYE1LS8Mff/yB9u3bo127djlCj1KpFPXq1cOYMWOwfXvOFcciIyPh7+8vbvft2xfff/89JBIJACAqKqpQdWlpaUFX980dM4MGDcK///6rsu99TE1NsXr1avz9998IDQ3FjRs3cPXqVfj6+iIsLDtwJpPJcPToUbRp0wYaGhqFqvNDEhISVEKyXbt2xbhx48RgbWxswQNmuZFIJJBK33z5REZGioHZD5FKpSrt2rdvj02bNsHMzKxYantNU1MTo0aNwrBhw/DgwQOEhoYiKCgIZ8+exenTp8V2/v7+ePr0ab5XkP2cvQ4uFXfgtzyvwKpUKnHu5CGVgGXjlq4Y+uMMVDYxQ9zLF9j47xycO3kIABAT9RTHvbZg0D&quot;
08-31-2019 13:00:17 Wire.java DEBUG [Forwarding screenshot on session 57f77c2899285a2b963db09b270c4ab3 to remote] http.wire 87 - http-outgoing-5 &lt;&lt; &quot;hPSNXVc4zn0LgFBoz5BeaWNsjMzMCudUuwf+uqXI9nZLzC+qWzcPLgDgBAWmoKIh/eK/RKpyrnpVDgxbNIbF21AI8fvAnF1q7jiEqVqwAALgUcFx+RIpFK0XPQWHTqMQg6evpISojDhn9mIeDYfgBASNAF3L99Aw2btUX/UVPQ5qvumD1pMGKingIAWrp+jZE/z1VZPVYul8PPZxeeRT4EAOjqV8DAMb+gpevXUNfQRPTzSCyb87NYw9ULp/Ds8XeoWbtOkc+fqLxQKpU4fXSf+DoAgOo1rTFi8mxY13GEmiDg6sXTmDtlaK79XzyLxCmf3eK2rn4FDJkwHS3afw0AuHzmBFbM+0UMxx7bvw3OrTuilm29IvV9HvkQfm/1lUil6NL7e3TtNxx6BhWRnJSAlfOn4aL/0QJfk/jYaBz12iyGaq3sHTBk/HRY2zlAoVQi+NIZLPnzR6TIEiHPysLF08fQpFUHaOvwzmciIiIiIiIiIiIiyp+QoPNY8sePaNi8HXwP7VBZ0KWswqsAoF+hEkZOmYO0lGQEXz4LbR09qKlJEBsThX9nTxY/eyuo0b/MQzv3nsVcbU4GFQ3RukNX8Ulth3asRV0nF9SwrF3icxMREdHHqUyWzExISICrqyvatGmDjRs34uHDh8jIyACQvcJjZGQk9u/fr9KncePG0NbWhlwuVwnPhYaG4unT7G/SUlJScPHiRZXH0+eXqakpGjVqJG7v3bsXM2bMwIMHD8T5FAoFYmJicPDgQXTp0gXnzp0DAGzfvh2jRo3C8ePHkZqaioYNG2Lo0KFYtmwZtm/fDjs7O3Hc9PT0El1pUqFQqFyfu3fv4uHDh1AqlcjIyMDly5fx+PHjIs9TpUoV2Nvbi9v+/v5YvXo1kpKSAADx8fEIDQ3Nta+BgQFcXFzE7ZMnT2Lq1Km4ceOG+HWgVCoRHx8Pf39/fPfddyph5nfDs6GhoYiMjFSZIywsDH369MHmzZsRGRmJmjVrolu3bpg1axYOHDiAgQMHim3T09ORmZlZhKvx+fgcV2BNTZGJAUoA0NbRRde+I1DZJDtwbVi5CnoOGgtj06pim3u3g5GSnJTreDVr14WFlR0ENTVoaGrByaVNnsc1tXTQ/MvOxXYuMVFPMaG/G3q0sETPVlb44du2KisX6upXQPuvv4W6ugbSUlNw/a27TO0dGqNj9wHQ0csOnxtUNESX3kNRoZKR2Cbi/u0C1ZMYF6PyywDnVm5o1aErNDS1IAgCqnxRAx59h79pHx+LqKdFf/8iKk9SU2R4cCdE3JZIpeg/aips6zeCRCKBoKYGbZ28f0H28O4tlfCrcys3NGvnDolEAolEAufWHdCha1/xeIosEQ/v3ipy38iH91R+SdbQpR26DxgFPYOKAAB1DU2oqxfuZp2Hd0NVrkmXXkNQu44jBDU1SCQSODRpidYduorHn0c+hCwxrlBzEREREREREREREdHnJyToPFYt+BVNWrnhov/RchNefS3y4T3MmTIUMVFPMXi8p/j53MeiaZuvUK9hdh4gJuop1i7+vdRWgCUiIqKPT6mvwPq2M2fO4MyZMx9s5+Hhgc6ds0NcBgYGMDY2Fo8dOHAABw4cKHItmpqaGDlyJAIDAxEYGAiZTIaFCxdi4cKFefaZOnUqgOxQ38qVK7Fy5cr3zqGvrw83NzdoaWkVud68aGlpqaxkGhgYCAcHh2KfR19fH61bt8bmzZvFfX/88Qf++OOPD/YVBAH9+vVDQECA+G+3adMmbNq0Kc8+bm5u4t+NjIxgamoqbp85cwY2Njbi9tmzZ1G5cmXcvn0bO3bs+GA9bdq0QfXq1T/YjiCGTIs7bFpew6sAoJDLkZqSLG5XqWoOY9MvVNpUqGSEiobGYpgrKSEOssR4lXBnYb1eXbqkGZtWxTjPxahdxxEAkJWZgYTYGPF4SNAFDOrk9N4x3r5O+ZGakqzyyHQ/n90qKzrmJi21YHMQlXfvvseYVbNA9ZpW+e7/7mvC3MpWJTgqCAJMq1motHkdBC/OvlZ29YvtF2iJ8S9Vtv+eMR5/zxifZ/v0V2nISE8vlrmJiIiIiIiIiIiI6NP2LPIhNi//CyMmz0ZdJxfUadAEqxdNR4osUQyvSiQSyOXyUvuc7m0JcTFYs8gTtes4wtWjL66cOwktHV1oammjhqUNKhhWLvCYUokUhv//BMbSUKGSEfoMn4TwSUOQIktE6PVAbF7+F4ZN/BPaunoqbbMyM5GZmcGnrBXS64XBgoODcevWLcjlcujp6aFly5awsrLK8URkIiKi8qjUA6yCIBQowDlkyBDMnj0bVapkf0NlamqKwYMHiyHTd5mYmCAtLS3XYx9iZ2eH5cuXY9y4ceLqqsVFX18fv/32Gzp27Fis475LV1cXgwYNwqlTpxAREZHjeFGuz7u+/fZbhISEYMmSJQXuW6VKFSxZsgRqamrw8vIqUN+KFSvCw8MDPj4+BZ73XT179sSPP/4ITU3NIo9F9LGRSKUwr2WL5l92Rjv3ntCvUKmsSyL67EnVNSCVqpd1GQWmqa1d1iUQEREREREREREREX2QQi6HUqnErWuBqGpeC3WcmsLKth6qWlih7/BJSEtNxt+/j8e330+AfQPnUq/v2eNwhF6/hNDrl3Bg22oYm1ZFgyatUM3CCr/MX1vq9RSWtX0D/DBtPv6dMwUpskQEHNuP+JcvMHzybJj9/+IZr9JSsWbRdJz380HPQWPh3msQNLXKbuXbj0laWhpOnjwJLy8vHDt2LNc2Li4uGD58ODp06AAtLS1kZGTg6tWr+O+//+Dn54d+/fqVctVERES5K/UAq5aWFhYvXoxRo0bB398f/v7+uHbtGsLCwgBkBz2bNGmC1q1bo1u3brC3t1e5K0QQBHz77bcwMzPD0qVL4evrC5lMBkNDQ4wcORLu7u4YPXo0goODC1Wfk5MTTpw4gTNnzmD79u0IDg7GtWvXAACGhoZo3Lgxmjdvjo4dO8LRMXulwu7du+PUqVPw8vLCpUuXcPHiRfFcGjRogNatW6Nv376wtbWFIAhFuXz50qpVKxw4cABLlizBgQMHEBcXB319ffTo0QPjxo3D1KlT8/wmpiB0dXUxb948tGzZEmvXrhVDv82bN8f333+P2NhYjBgxQmz/7iqn5ubm2LVrFwIDA7Fr165cr12LFi3g5uYGZ+c3PxwIgoDBgwfD2NgY27Ztg6+vr3iOTZo0gb6+PqytrbF9+3YcOnQIfn5+uHz5MuLish8v7OjoCAcHB/Tt2xetWrVieJXeS00igc5bdwK+eBqBmKhnMDR+swpwSrJMZSVRg4qG5TIMamxaFb8uXI9qFh9e3fHd865lWw8//7W6WO/O1NDUhKbWm9Cbc+sOGPvbojJ9JAtRaRMEQeUO7viXL5AYH6vyHvM+2jqqdypH3L+DzMwMcSVVpVKJ+Jeqj+UxrVqjyH0lUtVvIV88fVxsd6O/W9ewn/5Eh279izwuEREREREREREREREAJCcl4MSBbahkZIKrF/zE8KqWtg7Cw0IQej2wzGqrXccJ632CxG1BEKCtWzxPQCtNgiCgUYv2GDLeEyvn/4rMjHSEBF3AxIFfoeegsWjXuScO7fgPp4/uAwBsW70Qfod347sx0+DUrF2ZrH77Mblw4QIuXLiADh06YOvWrXB2dkalSpUgCIJKUHXw4ME5+rq4uGDHjh1o3bp1GVRORESUU6kHWAFATU0NNjY2sLGxUQk4FqR/27Zt0bZt21yPX79+Pdf92traWLlyJVauXPne8bW1teHm5qby2PoPtW/Tpg3atGmTr/aF0a9fv3zfASMIAhwcHLBu3bpcjx89ejTPvs2bN4dSqczXPLGxsRg5ciSaNWuGFStWoFq1apBKpcjIyMD169exevVqsa2Dg4O4iu7bpFIpmjdvjubNm+drzrf7de3aFV27ds2zjZ2dHezs7DBlypQCjU30Nh1dfdg3cEbw5bMAgLTUFOzftgpDf5yByiZmSEqIw651/8OzyIdiH2s7B+jqGZRVycXi3fN+cCcEaxf9jh6Df0CNmjaQqqtDqVQiRZaIB2E3cWzfFjRu2R5tO/UAkB2AffsHy4jwML&quot;
08-31-2019 13:00:17 Wire.java DEBUG [Forwarding screenshot on session 57f77c2899285a2b963db09b270c4ab3 to remote] http.wire 87 - http-outgoing-5 &lt;&lt; &quot;x88QxVzWuJ+ypVroLadRzx5NF9AMCVc77YtGwuOvcegipf1IBEIoFSoUBiQhxuB1/G4T0b0GfYxDK525WopGjr6sPSpi7uhGT/MioxPhb7t63Gdz9Mg2HlKniVlorwu7fy7F+zdh18Ub2m+B4UGHAcdZyaokX7rwEAwZfO4OCON3dk6+pXQM3adYrct0bN2qhQyQiJ8bEAgNPH9sO+gTMat3SFmiAg+vkTRD19XKhr8m5du9f/A0CAS9uvoF8h+5cvWZmZeBn9HBdOHUbotUCMm764XN44QERERERERERERERlIy01Odf9Uqk6qprXQrIsEaeO7EFdRxf0GPRDuVlgRVBTgyAIKp/ZqwkClAoFUpKT8v1Z/ru0dfQgVS/dJ8AJgoBWHbpBR1dfXIk1MyMd21YvxLbVC3O0j3oSgcW/j8OMJVthU8+pVGv9mBgZGWHw4MEYMWIErK2tcyyipqGhgaZNm8LZ2RmTJ0+Gr68vMjIyYGRkhKZNm8LS0lJlETkiIqKyViYBVvp0yGQyTJw4ERMnTnxvO3d3d9SqVeu9bYjKI0EQ0Lx9F5w9eRCRD+8BAC6fOYHLZ07k2t7YtCrcuvUv9R8Ai5sgCGjXuSeCL58V7zK9dOY4Lp05nmefRi2+FP9uUKESKhoaiwG2xw/CML6fq3j8z3+3w76BM7p8+z3u3LiCZ5EPIc/KwvH9W3F8/9YSOiui8kcikcDRpQ2O7d8KeVYWAODcyUM4d/JQvvpX+aI62rr3xNaV8wEAKbJE/DPzJ/wz86dc23fo2hcW1vZF7mtWvSZs6zdC4OljYt+Fv43O51l/+Jy69R+FlQumQZ6VhYS4GKxZ5Ik1izxzbW9t36BY5iUiIiIiIiIiIiKij5+GphZMq9bArauBaPtVD+joqa5ealrNHL8t2pBrX6VSiUf376CahRUqV/miNMrN4XnkQ8yeNBgxUU8BZP8OfNqC/5AYH6uyv6BG/zIP7dx7Fmep+SIIAhq3dMXv/9uM1Ys8cT/0/U/SrfJFdVSqbFxK1amysLZDx+4DUKGSETQ0NdF3+CRUrvIFpOoacPXoi4qGZVPXu9q1a4d27dp9sJ0gCKhduzZq165dClUREREVHgOsVOIGDBiACRMmQCrllxt9nEyr1sCYaQuwbM5kMcSam4qGxhj9yzzUsPw0fgioZGSCH36djxV/TUVI0IUC9dXVr4BmX3YWV5XMS/Wa1hg3/e8PXluiT1n9Ri3Q47sfsGfjv2KINb8EQYB7z0FIS5HhwPY17+3/Zede6D5wjLg6clH6amnroM+wiXj2OLzYX7uCIKBVx27IysrAuiUzkZmRXqzjExEREREREREREdGnS1NLG+0698LC38Zg5sTvUL9xc6ip5e9x9M8eh+Pi6aPo8d0PMDIpmwCrVKqO2nUcMfa3hdi9filauXWDnkFF8YloHytLm7r4Y+lWnDiwA947/8PL6Oc52kikUrTv8m2ZXXvL2nVhWbsuAEC/QiV0H/hm4Y7uA0YBAGSJ8WVSGxER0aeMiUIqND09PfTv3x9mZmZ48OABrl+/DplMBgBwdHSEi4sLunbtilatWkFTU7OMqyUqGiu7+vhrjRcu+h9FwPEDCL1+CZkZ6VDX0ISVXX24tPkKLd08PrlHWJuYVcdvizchLOQK/I/sQ9jNq3ga8QBA9g+RVc1roa5jUzRs/iXs6jcS+wmCgA7d+qOiYWX4eu8Sr5dEKoV5LVto6eiKba3s6mPe2gMICboAP59deHg3FNHPIwEA6hqasLCyQ12npmjc0hW1bOuX7gUgKgUSiQQ9vvsBtes44uCOteLrxbyWLdp26oEqX1THvF9GiO1Nq9ZQ6a+hqYU+wyehhasH/Hx24VLACfE1ZGJWHXWdmqJtpx6wrdcQwjuPhClK32oW1vh9yVYc3bcZAcf2I/p5JHT1K8ChcQt07N4fR/ZuxoVThwEABhUNC/T+KJFI4OrRF41buuK8rw8unj6KiAdhSJElAsi+YcDSpg4cmrREk5Zu0DOomO+xiYiIiIiIiIiIiOjTVtfJBb/MW4OtqxZg78Zl+e5X2cQMI6fMQQvXr8UFHUqbaTVz/PDrAqxd/DsSE+JQ1YNZznQAACAASURBVCL7KadqEkmRapKUg8WmNLV00Ln3EHzV4zuEhVzBqSN7cSngBDLSX6Fhs7boPnA0alrXgSAIpVZTpcrGyMzMyPdiGinJMvGzCiIiIioeZf9dCn20NDU10b9/f/Tv37+sSyEqsHbuPQv8mAxNLR207tgdrTt2z3efahZWWLHnTJ7H7Rs4Y8/Z8EIffx/9CpUwd/W+QvV9m0QigX0DZ9g3cC5wv2bt3NGsnfsH22poaqFhs7Zo2KxtYcsk+milv0rD6oWeqGRkjIFjfkHVGrUgVVeHXC5H1JNH2LRsjthWIpXiixo1c4whCAJqWNbGoLG/YdDY3wo0f2H7hl4PxObl8/B1n2H4a40X9CtUgiAISElOwkX/o7hx5ZzY9ovqNaGlrSNuf+i98bWKhsbo1HMQOvUcVKBzIiIiIiIiIiIiIqLPlyAIsK3fCDOX7SzrUgpFqq6BDt37Q9ivhlXzf8XPf63GF9Vr4t+d/mVdWrF4+7PHMb+UbS3W9g2wa91SDO/WLN99jE2ronYdxxKsioiI6PPCACsRERFRGVPIs7B/6yrs37rqve0aurSDhZV9KVX1YfdCr2OR55j3tpFIpWjh6gFNLe1SqoqIiIiIiIiIiIiI6OMkl8tx9bwfzK1sUc3CCnduXAGgLOuyPlnW9g3w+5LNuHr+FORy+QfbSyQSNGr+JapZWJVCdW/o6uqiV69eqFKlSqnOS0REVBoYYCUiIiL6CFjZO6D/qCnQ0dMv61LyTSKVot+IyWjg3KqsSyEiIiIiIiIiIiIiKvcSYmNweO9GhFw5D3UNTfQfNQVGJl+UdVmfLEEQYFm7Lixr1y3rUt5LU1MTvXr1KusyiIiISgQDrESUb2pqalAoFJDL5ZBIJMUy5us72dTU1IplPCKij41UXQMu7TpBTSLF4/AwPHl0H5kZ6QCAiobGsKnnhKatO6JJK1doaumUcbVvmFY1R68h4xF6/RKinz9B9PNIANmhVfNatnBo3AIt3bqiek1rCIJQxtUSEREREREREREREZV/Riam+P1/W5CWmgJ1dQ1I1dXLuiQiIiKiEsUAKxHlm56eHpKSkvDy5ctiezzBy5cvxbGJiD5HEokETVq6oUlLt7IupUAMjU3Ra8j4si6DiIiIiIiIiIiIiKjcsbKyQkBAQKH7a+voFmM1BTd58mRMnjy5TGvID0NDQ+zZs6esy8iXon5NEBERfaq45CER5ZuxsTEA4OHDh3jx4oW4emphyOVyvHjxAg8fPlQZm4iIiIiIiIiIiIiIiIiIiIiIiD59XIGViPLNyMgIqampeP78OR4+fCiGT4vKzMwMRkZGxTIWERERERERERERERERERERERERlX8lFmA18txZUkMTURmRSqWoVq0adHR0EBMTg+TkZCgUikKNpaamBj09PRgbG8PQ0BBSKfP0REREREREREREREREREREREREnwsmxogo33R0dJCYmIhKlSqhUqVKxT42ERERERERERERERERERERERERfR6KPcAaO7N3cQ9JROWEVCpFhQoVkJqaiszMTCiVyiKNJwgC1NXVoaOjwxVYiYiIiIiIiIiIiIiIiIiIiIiIPiNMjBFRgUilUhgYGJR1GURERERERERERERERERERERERPQRUyvrAoiIiIiIiIiIiIiIiIiIiIiIiIiI6PPCACsREREREREREREREREREREREREREZUqaXEPaOS5s7iHJKJ8ip3Zu6xLICIiIiIiIiIiIiIiIiIiIiIiIvogrsBKRERERERERERERERERERERERERESlqthXYH2NK0ESlR6ufExEREREREREREREREREREREREQfE67ASkREREREREREREREREREREREREREpYoBViIiIiIiIiIiIiIiIiIiIiIiIiIiKlXSsi6AiMqeoaFhWZdQKEql8r3HP9bzIqKPH9+fiOg1vh8Q5Q9fK0T0OeN7IFHR8XVERET08eD/20RERE&quot;
08-31-2019 13:00:17 Wire.java DEBUG [Forwarding screenshot on session 57f77c2899285a2b963db09b270c4ab3 to remote] http.wire 87 - http-outgoing-5 &lt;&lt; &quot;Ql60Pfb5U3XIGViIiIiIiIiIiIiIiIiIiIiIiIiIhKFVdgJfqMfWyJ+/z6VM+LiD5+fH8iotf4fkCUP3ytENHnjO+BREXH1xEREdHHg/9vExEREX2euAIrERERERERERERERERERERERERERGVKgZYiYiIiIiIiIiIiIiIiIiIiIiIiIioVDHASkREREREREREREREREREREREREREpYoBViIiIiIiIiIiIiIiIiIiIiIiIiIiKlUMsBIRERERERERERERERERERERERERUamSlnUBH4Nnz55h3bp12LJlC8LCwgAANjY2mDdvHjw8PMq4OqLCEwQBABAXF1fGlRROpUqVct3/sZ8XEX38+P5ERK/x/YAof/haIaLPGd8DiYqOryMiIqKPB//fJiIiIipZeX2/VV6VyQqssbGx6NixIwRByPOPk5MTxo8fjwsXLkChUJRFmQCA27dvo3v37vD09BTDqwAQFhaG5OTkMquLiIiIiIiIiIiIiIiIiIiIiIiIiOhjVSYB1vy4du0ali5dimbNmsHT0xMpKSmlXoNcLsf27dsRGBhY6nMTEREREREREREREREREREREREREX2qym2A9W1z5szB2rVroVQqS3XepKQkXL16Vdx2d3fHo0ePoFQqoVQq0a9fv1Kth4iIiIiIiIiIiIiIiIiIiIiIiIjoU1AuAqwODg64c+cOlEolFAoFnjx5gkmTJqm08fb2RlRUVKnWpVAokJWVJW43atQINWrUKNUaiIiIiIiIiIiIiIiIiIiIiIiIiIg+NeUiwPo2QRBQtWpVTJw4Ee3btxf3x8TEICkpCQAQFhaGBg0aQBAECIKAmTNnIj09HXv37kX79u0hCAK2bt2qMm56ejpOnDiBwYMHw9bWFoIgwMDAAO3bt8e///6L2NhYlfYzZ85E5cqVcezYMXHfH3/8ATU1NXHOooz/eo7X59CgQQOEhYXh0aNHmDhxIiwsLNCxY8cc/R4/foz58+ejffv2MDAwgCAIsLW1xbBhw3DhwgUoFAqV9rldq5SUFGzbtk28VhYWFhgxYgQePXqU579LWloajh8/rnJ+giDAxcUFnp6eCAoKyjF3SkoKduzYgd69e8PCwgKCIMDIyAhdunTBtm3bkJKSkutcr8+xY8eOMDIyUrmWM2fOxOXLl1WCxURERERERERERERERERERJ+CzMwM7Nu0HBv+mYXMjPSyLoeIiIioREnLuoC8VKhQARYWFvlq+/jxYwwbNgybN2/O9XhERAR+/PFHeHl5qeyXyWTw9fWFr68vtmzZgmXLlqFhw4YFrrU4xlcoFNi2bRs2btyIiIgIAICtra14PCsrC1u3bsXEiRMRFxen0jcsLAxhYWFYu3YtZsyYgSlTpkBbWzvXeYKCgtC9e3ccP35cpf7Vq1cjODgYmzdvhrW1tUqfq1evYty4cTh37lyO8S5evIiLFy/i0KFD2LlzJ2xsbN7bJy4uDt7e3vD29oa7uzuWLVsGc3NzAIBSqcTOnTsxZsyYHOf49rXcu3evylxERERERERERERERERERERvS0tNQVZmRr7bq0kk0NHVhyAIYn91dQ1I1dVLqsQcMjMzsHPt/7B/60q0dP06xyJSH4v0V2nIzEiHrp4BBLVyt65anuRyOdJSZFAqleI+QRCgrasPiURSZnUplUrIZDJIJBLo6uqWWR1EREQlodwGWOPi4hAWFiZu6+rqQktLK9e2a9euzXOcFy9eYPz48Thw4MB75wsMDMTs2bOxatUqGBsb57vO4ho/JCQEISEhufZVKpXYtWsXxo4dC5lM9t55Fi1aBBsbG3z77be5Hn9fnYGBgdi5cyd+/fVX8Zvy27dvY/To0QgMDHzvvG/Lbx8fHx/UrFkT8+fPh7a2NoKCgjB16tQc4VUiIiL6tDx5dB+zJw1GTNRTAEDXfiPRf9SUMq6KiIiIiIiIiIiIiD4FmZkZOLBtNfZuXFagFUzVNTQxY8lW2NRzQkjQeSz8bQzMa9li3PTFqGxiVqAa7t+/jyFDhqBRo0aYM2dOnlmHd0ml6rBv0ASCALx88axAcxanBQsWYO7cuThy5AicnZ3z3U8ul8Nn1zpsXbUAADDh9//BpW2nkioTcXFxGD58OABg9erVMDQ0LPRYyUkJ+GfWJASd98txrHXH7hj205/Q0tYp9PiF/ZoAAC8vL0yYMAE2NjZYuXIlatWqVeg6iIiIyptyF2BVKBR49OgRZs+ejTNnzoj7GzVqBFNT01z7DBs2DNOmTUO1atUglaqekre3txja1NfXx/Tp0zF8+HAYGBggNjYWnp6eWLFiBYDs//RHjRoFV1dXeHp6YvTo0ejXrx+OHTsGABgxYgT+/vtvldVNCzv+u6ytrTF//ny0bdsWFSpUUDn2/PlzrF+/Xgyvurm5Yfbs2XBycoJCocCpU6cwbNgwREREQCaT4fDhw3B3d4e+vn6OeXr06IHp06fDzs4OALBt2zb88MMP4tgRERFIS0uDjo4OMjIysGHDBpUgqpubG2bNmgVHR0dIpVLEx8fD399fDBHL5XJs375d7GNubo5Zs2bhm2++gZaWFiIiIjBhwgTxmh07dgzDhg1D/fr1cebMGXH1WQA4fPgwOnToADU1NWRlZSEqKgoBAQE4dOhQrl8HVHqio6MRFRUFmUz17rOCEAQB+vr6MDU1hYmJSTFXqMrPZzeWz/25wP1G/zIP7dx7lkBFRERERERERERERERERFQS/Lx3Yff6peg+YDS+7NwLmlq5P730bVlZmUiRJaGqeS2kJsvg57MbKbJEhF4PxNI/JxYqxFoYgiDAyaUNEuJiVAKsMVFPsXbx70hMiC3wmFKJFD0GjUUD51bFWWquwkKuYO+m5ZBnZQEAjuzdBDuHxqhomP9FxMrKvdvBuBMShJ//Wg3bem+erHvrWiD+mfUTWrh2gaNz6zKp7cGDB0hOTkZQUBCePHkiBlgzMjIQGhqKoKAg3LlzBwBgaWmJpk2bol69ejnyMwDw8uVLbNu2DR06dOBTb4mIqFwoFwHW4OBg2Nra5nnc3NwcAwYMgKamZq7Hq1evDgsLixz7ZTIZTp8+LW63b98eQ4cOhYGBAQDAyMgII0eOxMmTJ3Hv3j0AwM2bN3MNmOamOMfX0dGBnZ1djvDq6z4nT54Ut0eMGIFGjRoBANTU1NCuXTv07dsXc+fOBZD9zUtcXFyuAdb69eujXr16KjU3bNgQ/v7+AIDIyEgxwPry5UtcunRJbGtnZ4cFCxagfv364r5KlSqhW7du6NatGwDg2bNnKsFjDw8P9OzZU/y3s7CwwJgxY8QA67179/Do0SPUr18fRkZGKrWOGjUKnTp1QosWLWBtbY3atWujb9++6Nu3b47zotITHh6OZ8+KfrefUqlEUlISkpKSkJycDEtLy2KojsoDWWI85kweinuh1wEA1vYNMG3Bf9CvUKmMKyMiIiIiIiIiIiIiIqJPWUpyEi4FHIdrl2/RY9DYAj32vZKRCUKCziMuJgqDx3lCoVDg3MlDCL0eiO2rF2HklNlQ18g9s1DS0l+l4XF4mPhks4KKe/mimCvKKSszEwHHDyBFlijuC71+Cef9DuOrbwaKT4EtD5QKBVKSk8TFmrKyMnHupDes7OrDvJZqdqVGLRtYWNvj3ElvWFjZQSpVBwCoSSTQ0dUvlfPy8PDAoUOH4OTkhMaNGyMuLg579uzB2rVrcf/+fejp6aFevXrIzMzEf//9BwCwt7fHkCFD0L17d+jp6SEyMhK7d+/GqlWrEB8fDzMzMwZYiYioXCgXAdb3cXBwwIoVK8TAZkFkZGQgOjpa3Pby8oKXl9d7+yQnJ5eb8V97ew4A+Oabb97bPiUlBa9evcrX2JqamnkGg2UyGeLj48XtOnXqwNzc/L3jvdtn6dKlWLp06Qf7AICLiwucnZ3F1VsjIiKwYsUKcQVbAOjWrRumT5+OBg0avP/EqERER0eL4VVLS0uYmJgU6Ie+t8nlckRHR4uBWD09vRJfiZWIiIiIiIiIiIiIiIiIPl0KuRypKcmwtK1X4M8xQ4LOY9X8aXiVloasrCwMnfA7AODcyUMwrVoDapKSj1dkZqRj66&quot;
08-31-2019 13:00:17 Wire.java DEBUG [Forwarding screenshot on session 57f77c2899285a2b963db09b270c4ab3 to remote] http.wire 87 - http-outgoing-5 &lt;&lt; &quot;oFuBRwAinJSZg/bSSGTfyzxOctDmmpyYi4fyfH/kM71qJ+o+aoZmFVBlXl7unjcMyeNDjXQPDonrmvVBsWEgT/I3vFbWPTqvh14fpSOa/KlSvDxMQEVatWxeXLlzF58mTExsaid+/e2LBhA2rXri2utpqVlYW7d+9i48aNmDFjBiZNmiSOU716dQwaNAgBAQElXjMREVF+lcsAq76+Ppo0aYKuXbuiT58+OVbmpE+TtbU1NmzYgGnTpuUZBPby8sKdO3ewY8cOlZVgqXRERUUByA6vmpkV7REZEolEHCM8PBxRUVElFmBt594T7dx7quzz89mN5XN/FrdH/zIvRxsiIiIiIiIiIiIiIiIi+vSFBJ3HhqWz8O2wn3B8/zasXvgbAGDohN9Rv1FzNP+yc6EX9ikINYkULV094OTSFkD2Z6oVKmXnJX74dQHkcnmhxq1e07rYasyLIAi5XiPL2nXFcygvTMyqYZznYhz12oKHYTfRd8Rk6OjlfMLtu1KTZdi2agEatWiPxi3aw8SsWilUqyo6OhrGxsbYtWtXrk8qlkqlsLe3x7x58zBp0iRcuXIFsbGxqFOnDuzs7JCamorg4OBSr5uIiCgv5SLA6uDggJ07dxb78uRSqRT6+m++yWjfvj02bdpU5OBdaY3/2ttzAMDatWsxdOjQYp0jN1paWtDV1RW3b926hYiIiPcGR9/tM2jQIPz7778q+97H1tYW+/btQ3x8PG7evImQkBBcunQJ/v7+iIiIAADcvn0bvr6+DLCWgder5RZn0NTExATh4eHi2OVZ+qtUXPQ/ijMnDuJeaDBSZIlQ19CElV19uLT5Ci3dPKBfoZJKnyeP7qvcvde130j0HPwDAo7tx9F9WxDx4A4qGhrDvddgdOoxEJpaOsjMzEDg6WM4uH0NwsNuoqKhMdy69kWX3kOhrauX73pzzj0Czb50x9G9m3H1gj8S4mJQ0dAYLd2+hkffEahoWDnHGEqlEpEP78HPZxeuXTyNpxEPAAAmZtXh0LgFvurxHarXtBYfjfFuMBgA7oVex2D3huL2u2HhzMwMhFw5D1/vnQgLuYqEuBhIpFKY17JF8y87o517zxzXdcuK+di/dSWAN3c3qmtowGvLSlw4dQRfVK+JaQv+y9GPqDyLfv4EJw9uh5/PHvH12bhFe9Rxaooty//Cy+jnALLfR/qPmqLS932v1bpOTdG2Uw/Y1msIQU0tx7xF6ZuZmYHgS2fgvXMdbt+4DACoZVsfrl2+xd3Q6zhxYBuAwt+FHP38CfyP7MWVc76IeHAH8qwsVDQ0Rh1HZ3TsPiDPuoiIiIiIiIiIiIiI8ut1eLXbgFE4dXgPQq9nPzF09cLfoK2jiy879yq1WiQSCWrZ1sv1WB3HpqVWR2Fo6+rD0qYu7oQEifu++mYg+g6fVKDPOEuDhqYW7BwaI+j8KUQ/i0QdR+d8fa4oS4yHrn4FVLOwgp1D41KoNHfa2towMDD4YDtjY2N89dVXKvtSU1NLqiwiIqJCKRcB1pJiYGAAFxcX7NmzBwBw8uRJTJ06FT/99BNsbW2hoaEBpVKJhIQEBAcHY/369ejYsSP69OlTLsZ/rV69enB2dkZgYPY3ygsWLICamhq+/vprGBoaQhAEZGRk4OnTpzh48CAuXLiAZcuWFXnlWlNTUzRq1Ajnz58HkB0cnTZtGmbNmoW6detCKpUiMTERZ8+exfLly7F48WJYWFio9Nm7dy8qV66MkSNHwtzcHFKpFAqFArGxsbhw4QLWrFmDqVOnonnz5pg9ezZSU1PRqVMn2Nvbo0WLFmjZsiVGjRqF48ePo2PHjmJtr169KtK5UeFkZWWJfy/s3X25Kc6xSsr92zewbM5kRD68p7I/MyMdt4Mv43bwZezbvAJjPRehfqPmYqDzXXdvXcPv4/rhfuibu9oS4mKwdeV8PHl0Hx269cPm5X/hdvBlleO71i1BTNRTfD/xD2hqaRfqHI7s3YRDO/+D/K1/x4S4GBza8R+uBwbgp5n/oprFm7svM9JfYc+Gf3Bg+xqVPgAQ/TwSJw5uh9/h3Rgyfjraf92nUHedRj+PxIq/piIk6ILKfnlWFsLDbiI87CZ8D+3EWM9FsLZvkOsYSoUCft674OuzGymyxALXQFQehASdx8Lfxqh8DSfExeDEwe04cXD7e/t+6LXq5xMJP5/daOveA0PGTVf5JVFR+r5KS8WaRdNx+ug+lX53b17F3ZtXC3wN3iaXy+HnvRPrlsxEZka6yrGEuBic8/XGOV9vePQdjt5DJ0BDU6tI8xERERERERERERHR5+nd8GrwpTPisQ7d+osroZYWuVyOI3s3Yvf6f6CtrYOBP0yDS9tOeX72WJ5IJBI4urTBsf1bIc/KQo1aNvDoN6LchVfzkpWZiVdpKdDVM4BCqURaigzauvpQEwSkJCdBSzt/i3YRERFRwXzSS1YJgoB+/frBw8ND3Ldp0yY4ODhAU1MTgiBATU0NhoaGaNu2LTZt2gSFQlFuxn/NwsIC48aNE1diDQsLw5AhQ1C5cmWoqalBEARoamrC0tISEyZMQEJCQoHnyI2mpiZGjhwJZ2dncZ+Pjw8cHR2hrq4OQRBQsWJFdO7cGU+fPs21j0wmw8KFC2FlZSX2kUgkMDExgYeHB7y9vcWxFQoF5syZgxYtWsDQ0FA8NzU1NZXwqrm5OVxdXYvlHKlgFAoFFAoF5HJ5sf55PW55FfX0ca7h1XclxMVg5bxf3tsu9HqgSnj1baeP7sO0Ed+ohFffdtH/CB6Hh+W/8Hekv0rLEVB7LfLhPfjs3ojMzAwA2T8ce21ZiX2bV+TZB8gOmm5bvQhhIVcKXE98bDT+nT0lR3j1Xc8iH2LbqgVIjI/N9fjL6Oc4uGMtw6v00Xoa8QBrFnoW6mtYqVTCZ/eGD75WAeCUzx54bVkh3jRQlL5yuRyHdqzNEV4tDkqlEgFHvbD27xk5wqvv8t61DhdOHS72GoiIiIiIiIiIiIjo0/e+8GqnnoPQd/gkaGnrlGpNqclJePLoPoaM94S9ozMO796AFFki0lKScevaRdy4cq5Qf+Jjo0ul/lo29VDLNvtJqo8fhOFSwP+xd+dhVdT9/8dfwznsIAKi4oqKqLjhiopLUYpbbj+XUsvtTi1Lu80WK7KyLG1fb7e22/QurbTMcktz38IkSyUXUnIXFNkUOJzfH349eRIV8MgBfT6ui+ty5rPMe0ZmOMt73rNcVqu1WLZ9vdYuX6THht+lw4cOKGHnzxratakSdv6sw4cO6LHhd+mP36+veAcAAMjfTV2BVZIqVKigt99+Wy4uLlq4cGGpm1+6kCjbv39/5eTkaPz48UpJSbkh28lPvXr19NZbb2ns2LHati3/pLr8xnzwwQcaO3asNmzY4NB4AgICNGXKFDVt2tSh86JgLiYu5V4j0amo85ZEVqtVG1YutktKbdGuo0b8+zmVKx+slFPH9el7U7Rh5WJJ0sljh7V84WcaOjZWZlfXy+Zr3KKt7h0zUdVr1lFOTrbmf/S2Fs2dkW97dvY5ffzOi1r57eeSpKzMDCUl7r1iJdJradGuo4aMeUoVKlWVxWLR6h++1Ow3JtkS13bHb9XpU8dVPriq/vpzr35c/IVtbLM2t2vo2FhVrFxdltxcu7EZaana/NNS1WnYXNHd+qlF2zs15bER2rtrhySpdniEnnr1w8seu7F17XLbI1hMZrP6DX1YXfsOlZePr86eSdEn776otcsWSZJ2xm3Svt2/qlmby+9y9fMP1Ih/P6fGLdvJ2+faj8oAShKr1ao1S7/WkaRE27qqNWpr1GMvqXb9JnIxDG3fvEYvPz4i3/HHjyRp9ZIFtmVvXz8Nf+RZtb2zhyRp27oV+s/Uibbk2GWL5imyQ2fVqtvwusYeTUrUqkvGmsxm3TXgX+o1aKR8ypRV+tkzmj7tKW3+aWmhj8np5BNaunCO7doUGt5Yw8c9q9r1GivPalX81nV6+4V/KyMtVZbcXG1es0wt28fI04s7nwEAAAAAAAAABbMzbqPefv7fahYVrR8Xf25XcMVZyauS5Ovnr9GPT1FWRrrit62Xp5ePXFxMSj55TO+99JhOHjtcpH&quot;
08-31-2019 13:00:17 Wire.java DEBUG [Forwarding screenshot on session 57f77c2899285a2b963db09b270c4ab3 to remote] http.wire 87 - http-outgoing-5 &lt;&lt; &quot;kfnDhV0d36OTjay5UpG6AOMb1sT2pb/PlsNWjaWtVqht3wbQMAgNLppq7AelH16tU1f/58rV+/XmPHjlWrVq1sbb6+vmrXrp0mTpyo1atXq0+fPiVufkkym80aMmSIdu/erRkzZqhHjx6qXr26rb1OnTq6++67NX36dM2aNUsBAQFF2k5+WrVqpdWrV2v+/PkaOnSo6tSpY2tr0qSJnnnmGc2aNUu1atWyrW/atKlWrFihZcuWaejQoWrSpImtLSAgQDExMXrhhRe0detWW7XWcePG6bvvvrti/6lTp+qXX37RwIED5eJyS/zqlji3YgXWzIw0W5KlJHl6eavXwFEqVz5YkhRQroL6DX1YQRUr2/rs3R2vjPSz+c5XI6yBQkLryXBxkZu7h5q2vu2K7e4eXoq6o7vD9qVytVqqWKW6DBcXmV1d1fbOHnaPPfnrz306dfyIJOm37ZuUcuq4bZ/73DtGwVVCZBhGvmMPH9yvc1kZBY4lKzNDOy65izW8cQt17nOvvHwuVJouUzZAdw0YIT//QFufg/t25zuXm7uHqtWsQ/IqSqXMjDTt37PTtmwymzX4gSdVt1FzmUwmGS4u8vS68gdkiX/8bpf8Gtm+k9pEd5PJZJLJZFJkhxjF9Bpoa89IS1XiH79f99ikxL12H5I1ax2tPvc+IJ8yZSVJrm7ucnV1K9IxSfxjl90xuav/cIXVbyLDxUUmk0mNW7ZTh5hetvajSYlKSy2+m3sAAAAAAAAAL2nf2wAAIABJREFUAKXbzriNmvHq02rZvpM2/7S0xCSvXpSUuFdTHh+hk8cOa9i4WNv3Z6VFq9u6qGGz1pIuFP+Z/cakYqsACwAASh+nVGANDAzU0qWFr8h1UZ06dbRjx45CjTGbzYqKilJUVFSBxxQmzqLMHxsbq9jY2AL3l6Ty5ctr5MiRGjlyZIH6X+tYFXQfvb291a9fP/XrV/C7sjw9PdWpUyd16tSpQP3LlCmjbt26qVu3bgXeBorXxSRTRyebltTkVUnKs1iUmZFuW65QubqCKlay6+PnH6iyAUG2ZK6zZ1KUlnraLvmyqEwm03XPcSWeXt6qXK2WtmmFbd3J/0tgPX3qpG1dVmaGnn6g71XnysxIV14hKunm5mTrTPLf29gZt0lDu169svKl/w/AzeKf15jgKiGqWiO0wOOzMu3Pi+qhde0SRw3DUMUqIXZ9jh0+5PCxofUaOewDtNTTp+yW33xunN58btwV+58/l6Xs8+cdsm0AAAAAAAAAwM3tSFKi5nzwikY99pIaNG2t+hEtNfP1Z5WRlmpLXjWZTLJYLDf0e7orOZNyUrNej1VY/Sbq2HOgft6wUh5e3nL38FS1mnXkF1Cu0HOaTWYFlKtwA6LNn59/oO4ZOUEHJgxXRlqqdu3YojkfvKL7x78gT28fu765OTnKycnmKWtFZLVadfr0acXHx+v333+XxWKRj4+P2rVrp9DQUAqDAQBKBacksAIAnM9qtSovzz7p1Me3rJOiASBJZlc3mc2uzg6j0Nw9PZ0dAgAAAAAAAAAA15Rnschqter3X7aocvVaqt+0lULrNlTlkFANHDlBWZnpenPSON39r0cUHhFZ7PEdOXRAu3Zs1a4dW/XNvJkKqlhZES3bq0pIqCZOm13s8RRV7fAIPfTUNL035XFlpKVq7bJFOn3quEY+9pKC/694xrmsTM16/VltXLVE/YY+rG79h8rdw3mVb0uTrKwsrVy5UgsXLtSyZcvy7dO6dWuNHDlSMTEx8vDwUHZ2trZv364PP/xQq1at0qBBg4o5agAA8kcCKwBchYvJJK9L7gQ8fvigTh47ooCgirZ1GelpykhLtS2XKRsgXz//Yo2zKC48Dvw327Knl7fKlL0Q96X7bDKb9eTUWWoS2cFh2/7nca1Vt6GeeGVmsd79CZQEhmHY3cF9+tRxpZ5OtrvGXI2nl/2dygf37VFOTratkqrVatXpU/aP5alYudp1jzWZ7V9CHj98yGF3o/8zrvsffUExvQdf97wAAAAAAAAAAEhS+tkzWvHNPPkHltf2Tatsyasenl46kLBTu3ZscVpsYfWb6uMlcbZlwzDk6e2YJ6AVJ8Mw1LztnRo+LlbTpz2tnOzz2hm3SePv66J+Qx9WdPd+Wvz5h1qz9GtJ0ryZr2nV9ws0ZMxTatom2inVb0uTTZs2adOmTYqJidHcuXMVGRkpf39/GYZhl6g6bNiwy8a2bt1an3/+uTp0cNx3vwAAXA/qhQPAVXh5+9rdXZmVmaFF82bo1ImjkqSzZ1I0/6O3dCQp0dandr3G8vYpU+yxXktubraseXmSLjx+5MtP3tPOuE229tB6jWx3PNZv0sr2qA5Lbq4+fPM5bVm7TBnpZ239z5/L0sH9e/TZf6bp/Zcf1/lzWZIuT8hLPnFUhw4kyGq12tb987ju37NTs1+fpAN//KbcnBxJF5Ln0s+eUfy29Zo2cbRWf/+low8J4HSe3r6qWaeBbTn1dLIWzZuplFPHJV24+/jAH79fcXyNsPqqVLWGbXnL2uXauGqJLBaLLBaLftm8Rt9+/vcd2d6+fqoRVv+6x1arESY//0Bb25pli7Rt3QpZLBZZ8/J04uhfOnb4UJGOyT/jWvDxu1q2cK7OnkmxXUdyc3J07PAhLfxsul56dJjSUk8XaVsAAAAAAAAAgJtTVmZ6vuvNZldVrl5LQcFVtPqHL1W1Rh1b8mpJYLi4yDAMu3UuhiFrXp7Sz55RWurpIv1c/P6tWPfFMNQ+prfGP/+OvH39JEk52ec1b+Zr+lePSH0zb6Zd/2N/HdQbk8Zq3674Yo+1NAkMDNSwYcO0efNmzZs3T126dFFAQIDt98bNzU2tWrXSzJkztXnzZr300kuaNGmS3nnnHW3dulWLFy9Wp06d5O7u7uQ9AQDgAiqwAsBVGIahqDvv0vqV3yopca8kadu6Fdq2bkW+/YMqVlan3oNldi15jwD/7ouP9N0XH+XbZjKb1anXIPmUKStJCg1vrO4DRmjBx+9IuvCG8dWnHrji3O069rD9293DUxUqV9eenRfuDk05dVyTHh5oa39w4lRFd+un6O79FL9tve0u1q3rlmvruuVX3EbztncUcE+B0sNkMqlJ69u0bNFcWXJzJUkbVi7WhpWLCzS+QqWqur1bP82dPk3ShcrK705+VO9OfjTf/jG9Biqkdvh1jw2uWkN1GzXXljXLbGNfe+bBAu71tfep9+AHNP3Vp2TJzdWZlJOa9XqsZr0em2//2uERDtkuAAAAAAAAAKD0c3P3UMXK1fT79i26vUtfefnYVy+tWKW6nnn9k3zHWq1W/blvj6qEhKpchUrFEe5ljiYl6qUJw3Ty2GFJFz4Df+rVD5V6OtlufWFd/H6uuBmGoRbtOmrSW3M08/XYayanVqhUVf7lgoopOnshteupc5975ecfKDd3dw0cOUHlKlSS2dVNHXsOVNkA58T1T9HR0YqOjr5mP8MwFBYWprCwsGKICgCAoiOBFQCuoWLlahrz1Kt6f8pjtiTW/JQNCNKDE6eqWs3S9SbAZDar75CH1LJ9zN/rTCb1HjxaltwcffO/WbbEuoJwdXNXm+huWr/y26uO8w8sr4eenqb/vPKkXSVY4FbTqHlb9R3ykL789L1CnWvShQ8fuvUbqqyMtGueq3d0768+942xVUi+nrEenl665/7xOnLowFWvi0VhGIbad+6t3NxsffT2ZOVkn3fo/AAAAAAAAACAm5e7h6eiu/fXa8+M0eTxQ9SoRZRcXAr2OPojhw5o85ql6jvkIQWWd04Cq9nsqrD6TfTwM69pwcfvqH2n3vIpU1app5OdEo+j1KzTQM+/M1crvvlc333xoe1pl5cymc268667nXbsa4Y1UM2wC0/N8/XzV5/7/i7c0efeC4V+eCIcAACORwIrABRAaL1GemXWQm3+aanWLv9Gu3ZsVU72ebm6uSu0XiO1vq2L2nXqKV8/f2eHekUdew5U5Wo1tfr7L3Vw/x65urmrWZvb1a3fMNVt2EyGi4tdfzd3D90zcoLuuGuA1ixdqF82r9Gf+3bbksnKB1dVjbBwtWzXUY1btpO7h6dtbNPWtyn2jU&quot;
08-31-2019 13:00:17 Wire.java DEBUG [Forwarding screenshot on session 57f77c2899285a2b963db09b270c4ab3 to remote] http.wire 87 - http-outgoing-5 &lt;&lt; &quot;/1w5f/1W+/bFZGWqokqXL1WnaPHS8fXFXPvPFfJez8WT/98LUSftuuwwf3S7rwJrVy9Vpq0KSVmkXdoXqNmt/oQwQ4hclkUt8hDymsfhN9+/ls2/Wleq26ur1rX1WoVFVTJ46y9a9YuZrd+IvnatuOPbVqyXxtXbtCJ44mSbpwjjVo2kq3d+171fO8KGOrhNTWpLfnaunXc7R22SKdOJokb18/NW7RVp37DNYPX83RptXfS5LKlA0o1PXRZDKpY8+BatGuozb+uESb1yzVwf0JtmtJ2YAg1axTX41btlPLdp1s1aMBAAAAAAAAAGjQtLUmTp2luTNe1Vefvl/gceXKB2v041PUtmMPW0GH4laxSnU99PSrmv3GJKWeSVHlkFqSJBeT6bpiMpmdnxri7uGl7gOGq0vfIUrY+bNW//CVtq5doezz59Ssze3qc9+DqlG7vgzDKLaY/MsFKScnu8DFNDLS02zfVQAAAMdw/qsUAHCC6G79Cv2YDHcPL3Xo3EcdOvcp8JgqIaH6z5frrtgeHhGpL9cfKHJ7YXj7lFH3AcPVfcDwAo8xDEMVKlVT/+Hj1H/4uEKNa9C0tRo0bX3NviaTSeERkQqPiCzw/IMfeFyDH3i8wP2Bkuz8uSzNfC1W/oFBum/MRFWuVktmV1dZLBYd++tP/ff9Kba+JrNZlarVuGwOwzBUrWaYhj78jIY+/Eyhtl/Usbt2bNGcD6aqxz3365VZC+Xr5y/DMJSRflabf1qqX3/eYOtbqWoNeXh62ZavdW28qGxAkLr2G6qu/YYWap8AAAAAAAAAALcuwzBUt1FzTX7/C2eHUiRmVzfF9BksY5GLZkx7Wk+8MlOVqtbQe1/85OzQHOLS7wbHTHRuLLXDIzT/o3c0snebAo8JqlhZYfWb3MCoAAC4tZDACgAA4GR5llwtmjtDi+bOuGq/Zq2jFRIaXkxRXdveXTv0euyYq/Yxmc1q27GnXZVmAAAAAAAAAABwOYvFou0bV6l6aF1VCQnVnl9/lmR1dlg3rdrhEZr09hxt37haFovlmv1NJpOaR92hKiGhxRDd37y9vdW/f39VqFChWLcLAEBxIIEVAACgFAgNb6zBDzwuLx9fZ4dSYCazWYNGPaaIyPbODgUAAAAAAAAAgBLvTPJJff/Vp9r580a5urlr8AOPK7B8JWeHddMyDEM1wxqoZlgDZ4dyVe7u7urfv7+zwwAA4IYggRVAgbm4uCgvL08Wi0Umk8khc168k83FxcUh8wFAaWN2dVPr6K5yMZl16ECC/vpzn3Kyz0uSygYEqU7DpmrVobNatu8odw8vJ0f7t4qVq6v/8HHatWOrThz9SyeOJkm6kLRavVZdNW7RVu069VLVGrVlGIaTowUAAAAAAAAAoOQLLF9Rk976TFmZGXJ1dZPZ1dXZIQEAANxQxvz5861hYWF2KyMiImS1Fq0MfWDsF46IC0ARJE8eIEm2RKFrnccX+6WkpBRo/o0bN+rs2bOqUaOGwx5PcPz4cSUmJqpMmTJq06ZNocb6+/vnu76w+wUAjsb1CcBFXA+AguFcAXAr4xoIXD/OIwAASg/+bgMAANxYV3q9ddHF112pqamSpB07dtzwmPITEREhSaLkIYACCwoKkiQlJibq+PHjtuqpRWGxWGzJq5fODQAAAAAAAAAAAAAAAAC4+ZkdPeHFCpAAbj6BgYHKzMzU0aNHlZiYaEs+vV7BwcEKDAx0yFwAAAAAAAAAAAAAAAAAgJLP4QmsAG5eZrNZVapUkZeXl06ePKn09HTl5eUVaS4XFxf5+PgoKChIAQEBMpu5HAEAAAAAAAAAAAAAAADArYKMMQAF5uXlpdTUVPn7+8vf39/hcwMAAAAAAAAAAAAAAAAAbg0uzg4AQOlhNpvl5+cnNzc3GYZx3fMZhiE3Nzf5+flRgRUAAAAAAAAAAAAAAAAAbiEOzxgLjP3C0VMCKKDkyQNu+DbMZrPKlClzw7cDAAAAAAAAAAAAAAAAALh5UYEVAAAAAAAAAAAAAAAAAAAAxeqGPbO7OCpBAriAyscAAAAAAAAAAAAAAAAAgNKECqwAAAAAAAAAAAAAAAAAAAAoViSwAgAAAAAAAAAAAAAAAAAAoFiRwAoAAAAAAAAAAAAAAAAAAIBiRQIrAAAAAAAAAAAAAAAAAAAAihUJrAAAAAAAAAAAAAAAAAAAAChWZmcHAMD5AgICnB1CkVit1qu2l9b9AlD6cX0CcBHXA6BgOFcA3Mq4BgLXj/MIAIDSg7/bAAAAN9a1Xm+VNFRgBQAAAAAAAAAAAAAAAAAAQLGiAitwCyttGfcFdbPuF4DSj+sTgIu4HgAFw7kC4FbGNRC4fpxHAACUHvzdBgAAuDVRgRUAAAAAAAAAAAAAAAAAAADFigRWAAAAAAAAAAAAAAAAAAAAFCsSWK9g7ty5MgzD9jN37lxbW3Jysjp37mxri4iIUEJCghOjdY5/HqPJkyfb2rKysjR69GhbW+fOnZWcnOzEaAEAAAAAAAAAAAAAAAAAQElRIhJYjx49qo4dO9olQ0ZFRengwYPODs0pEhISFBERYXc8CvIzevRoZWVlOTt8AAAAAAAAAAAAAAAAAACAqyoRCay7du3Sli1b7NZt3LhRcXFxToro+vwzAZXEUgAAAAAAAAAAAAAAAAAAgL+ZnR1Adna2lixZorS0tMvali9fri5dusjT09MJkV1ZYGCgli5d6uwwnG7QoEEaNGiQs8PAdTAMQ5KUkpLi5EiKxt/fP9/1pX2/AJR+XJ8AXMT1ACgYzhUAtzKugcD14zwCAKD04O82AADAjXWl11slldMrsB4+fFgbN27Mt23t2rU6cOBAMUfkfHXq1NGOHTtktVptP3v27FHjxo1tfUaNGqXMzEy7PtOnTy9xyb4AAAAAAAAAAAAAAAAAAAD/5PQE1o0bN2rLli2SJF9fX/Xq1cvWtnv3bq1fvz7fcQkJCYqIiJBhGDIMQ5MnT7ZrT05OVufOnW3tnTt3VnJy8mXz/Pnnn3r00UdVt25dGYahunXr6sUXX9TBgwevGHNWVpZGjx6d79yTJ09W3bp1FR8fb+s/Y8YMeXl52fpv2LCh4AeoCPKL79SpU4qPj9fw4cMVGBio0aNHKysrS5IUHx+vadOmqXfv3rbjYBiGAgMD1blzZ02bNk2HDh26bDsbNmyw9TUMQ3Pnzr2h+wUAAAAAAAAAAAAAAAAAAG4OZmduPCMjQytXrrQtR0ZG6sEHH1RCQoJ2794tSVq2bJn69+/v8NK2VqtVCxcu1Pjx4+2SVRMSEhQbG+vQbTlbZmam3nzzTb377rtKS0u7rP3bb7/Vs88+e9n6lJQULVu2TMuWLdMHH3ygTz/9VB06dCiOkAEAAAAAAAAAAAAAAAAAwE3MqRVY9+/fb1eNtHXr1mrVqpXat29vW7d582bt3bvX4duOi4u7LHn1ZrVu3TpNmTIl3+TVgjp48KBeeeUVnTp1yoGRAQAAAAAAAAAAAAAAAACAW5HTElitVqtWrlxpS0719fVVTEyMfH191a5dO1u/o0ePavny5bJarQ7bdnZ2tubNm2eXvNq7d2/t2bNHFotFFotFs2fPLtLcsbGx2rNnjxo3bmxbN2rUKGVmZspqtcpqtSoqKuq696EwIiMjtXbtWrsYpk+fLk9PT0mSm5ubnn76acXHx+v8+fOyWq2yWCw6dOiQ7r//fts8+/fv15EjR4o1dgAAAAAAAAAAAAAAbhU5Odn6+r8f6JN3X1RO9nlnhwMAAHBDmZ214TNnzmj9+vW25aioKNWpU0eS1Lx5czVu3Fjx8fGSpDVr1mjEiBEKDg52yLZPnTqlX375xbZcr149Pffcc7btS5KHh4dDtlUSlC1bVuHh4baE1X964oknlJWVpe3bt+utt97Spk2blJqaqvj4eKWkpNj67d2797qquAIAAAAAAAAAAAAAUByyMjOUm5Nd4P4uJpO8vH1lGIZtvKurm8yurjcqxMvk5GTri9lvadHc6WrXsYfy8vKKbduOdP5clnKyz8vbp4wMF6c+GLhQLBaLsjLS7AqsGYYhT29fmUwmp8VltVqVlpYmk8kkb29vp8UBAMCN4LQE1u&quot;
08-31-2019 13:00:17 Wire.java DEBUG [Forwarding screenshot on session 57f77c2899285a2b963db09b270c4ab3 to remote] http.wire 87 - http-outgoing-5 &lt;&lt; &quot;3bt2vlypW25aioKAUGBkqSQkJC1KFDB1sC68qVK/Xbb785LIE1LS1Np0+fti3Xr19f1atXd8jcpY3VatWiRYs0ceJEJSQkODscAABwC/jrz316acIwnTx2WJLUa9BoDX7gcSdHBQAAAAAAAAC4GeTkZOubeTP11afvF6qCqaubu557e67qNGyqnXEb9dozY1S9Vl2NffYNlStfuFyFffv2afjw4WrevLmmTJlS4AJaZrOrwiNayjCkU8ed93TUV199VS+//LJ++OEHRUZGFnicxWLRkvkfae6MVyVJj0x6S61v73qjwlRKSopGjhwpSZo5c6YCAgKKPFf62TN698UJitu46rK2Dp376P5HX5CHp1eR5y/q74QkLVy4UI888ojq1Kmj6dOnq1atWkWOAwCAksYpCawWi0Vr1qyxq+YZGxur2NjYK4757rvv1L59e7m7uzs8Hk9PT7mUort+HCkuLk7//ve/dfDgQUnSPffcozFjxigsLEx+fn6aOnWqnn32WSdHiZLmxIkTOnbsmNLS7O8+KwzDMOTr66uKFSuqfPnyDo7Q3qolC/TBy08UetyDE6cqulu/GxBR8UhLPa0pj43Q3l07rtinfHBVNWjaSrd37au6DZuVqjsgAQAAAAAAAAAAgH9a9d18Lfj4HfW590Hd0b2/3D3yf1LppXJzc5SRdlaVq9dSZnqaVi1ZoIy0VO3asUXvvDC+SEmsRWEYhpq2vk1nUk7aJbCePHZYs9+YpNQzyYWe02wyq+/QhxUR2d6RoeYrYefP+uq/H8iSmytJ+uGr/6pe4xYqGxB0w7d9vfbujteenXF64pWZqtuwmW39779s0bsvPqq2He9Sk8gOTolt//79Sk9PV1xcnP766y9bAmt2drZ27dqluLg47dmzR5JUs2ZNtWrVSg0bNpTZfHlK0KlTpzRv3jzFxMTYPaUYAABncUoC619//aUff/yxUGO2bNmiI0eOqEaNGvm2Hzt2TOfOnSvQXSomk8nuD3VSUpLS0tLk6+tbqJhuBitWrLAlr9auXVtPPvmkGjVq5OSoUJIdOHBAR45c/91+VqtVZ8+e1dmzZ5Wenq6aNWs6IDoU1omjSVq1JEmrlixQ135DNXDkhOu6c/Cif1ZXbNexh0Y/8XKBPiAAAAAAAAAAAAAAiiIj/ay2rl2ujnfdrb5DHy7UY9/9A8trZ9xGpZw8pmFjY5WXl6cNKxdr144t+t/M1zX68Zfk6ub4glsFcf5clg4dSLB991ZYKaeOOziiy+Xm5Gjt8m+UkZZqW7drx1ZtXPW9uvy/+2QYxg2PoaCseXnKSD9rK9aUm5ujDSu/U2i9Rqpeq65d32q16iikdrg2rPxOIaH1ZDa7SpJcTCZ5efsWy3717NlTixcvVtOmTdWiRQulpKToyy+/1OzZs7Vv3z75+PioYcOGysnJ0YcffihJCg8P1/Dhw9WnTx/5+PgoKSlJCxYs0IwZM3T69GkFBweTwAoAKBGcksAaFxenjRs3FmrMli1btGrVKo0YMULS5UmoGzZsUEJCgho1aqRz585pw4YNOnToUL5zVahQQeHh4YqLi5Mk/fTTT5o5c6bGjx+vMmXK6PTp09q1a1cR9+7y2Hbt2qWkpCSFhYUVec4bJff/7nySLiQB79ixQ+Hh4XJxcdH+/fv166+/OjE6lDQnTpywJa/WrFlT5cuXL9SbvktZLBadOHHClhDr4+Nzwyux4uq+X/CJ/APLq9egUSXqDSQAAAAAAAAAAABQEHkWizIz0lWzbsNCf4+5M26jZkx7SueyspSbm6sRj0ySJG1YuVgVK1eTi+nGp1fkZJ/X3BmvauvaFcpIP6tpT43W/eNfuOHbdYSszHQd3LfnsvWLP5+tRs2jVCUk1AlR5e/woQN2xXgu9WC//CvVJuyM008/fGVbDqpYWU+/9nGx7Fe5cuVUvnx5Va5cWdu2bdNjjz2m5ORkDRgwQJ988onCwsJsOSq5ubn6448/9Omnn+q5557ThAkTbPNUrVpVQ4cO1dq1a294zAAAFFSxJ7BmZWVp+fLltuXg4GAtWrRILVu2vKzvt99+q549e9qW169fr7vvvlve3t4KCgpSjRo1bEmo8fHxioiIKFAMvr6+iomJ0Zw5c2zrnn/+eT3//PNF3S07gYGBqlixom153bp1dneurF+/XlFRUQ7Z1vWqVKmS7d9paWkaMmSIhgwZ4sSIUJIdO3ZM0oXk1eDg63tEhslkss1x4MABHTt27IYlsEZ366fobv3s1q1askAfvPyEbfnBiVMv63OzufRNlNVqVfLJY/r6vx9o+aK5tj6bf/pBHTr3VkC5Ck6MFAAAAAAAAAAAACg+O+M26pN3XtTd9z+q5YvmaeZrz0iSRjwySY2aRynqju5FLuxTGC4ms9p17KmmrW+XdOE7VT//QEnSQ0+/KovFUqR5q9ao7bAYr8QwjHyPUc2wBrZ9KCnKB1fR2Ng3tHThZ0pM+E0DRz0mL59rP7E3Mz1N82a8quZt71SLtneqfHCVYojW3okTJxQUFKT58+crJCTksnaz2azw8HBNnTpVEyZM0M8//6zk5GTVr19f9erVU2ZmpuLj44s9bgAArqTYE1gPHDhgdzdHVFTUFcuSN27cWG3atLFVa122bJn27NmjZs2ayc/PT4MHD9ayZcuUlpZ22dg+ffpo//79V/zD26tXL40bN05vv/12vu3BwcE6evRoYXdPklS2bFn17NlTS5YsKdL44tS9e3f17NlT33zzzWVtvr6+8vT01IkTJ5wQGUqii+eaIxNNy5cvrwMHDuR7Hpc0589lavNPS7VuxbfauyteGWmpcnVzV2i9Rmp9Wxe169RTvn7+dmP++nOf3d17vQaNVr9hD2ntskVa+vVnOrh/j8oGBKlb/2Hq2vc+uXt4KScnW1vWLNO3/5ulAwm/qWxAkDr1Gqi7BoyQp7ePQ/bFMAyVKx+svkMf0v49v2r/np2SpLNnUpSZnmaXwJqTk62dP2/Uj999oYSd23Um5aRMZrOq16qrqDu6K7pbP7v9/uw/07Ro7nS77a1b8a3WrfjWtvzCe/9TeERkgY5tdNd+anNHV7l7eF3SP0vTp060zVk7PEITp83WqRNH9PV/P1DcxtVq1SFGo594We4eng45ZsCNduLoX1r57f+0asmXOpNyUmUDgtSi7Z2q37SVPvvgFZ06ceF1Sa9BozX4gcftxlqtViUl7tWqJfP1y+Y1OnxwvySpfHBVNWjaSrd37au6DZvJcHG5bLvXMzYnJ1vxW9fpuy8+0u5ft0mSatVtpI533a0/du3Qim/mSSr6Xcgnjv6ln374Sj9v+FEH9++RJTdXZQOCVL9JpDr3ufeKcQEAAAAAAAAAUFAXk1d73/uAVn//pXbt2CJJmvnaM/L08tYd3fsXWywmk0m16jbMt61+k1bFFkdReHr7qmadBtqzM862rsv/u08DR05w2HecjuLm7qF6jVsobuNqnTiSpPpNIi/7njc/aamn5e2kRcqXAAAgAElEQVTrpyohoarXuEUxRJo/T09PlSlT5pr9goKC1KVLF7t1mZmZNyosAACKpNgTWNevX6/du3fbltu0aSM/P798+wYHBysyMtKWwHr06FGtWbNGTZs2lWEY6tGjhxYvXqy33npLP/74oyTpjjvu0NixY9WgQQPde++9V0xg9fb21tSpUxUZGakZM2ZozZo18vX1VVRUlP71r38pNTVVI0aMKNI+GoahYcOGKSgoSPPmzdOPP/6olJQU+fr6qmXLlvL1vfadO8WlQoUKmjVrllq1aqVPPvlECQkJkqR27drpueee0/r16zVp0iQnR4mSIjc31/bvot7dlx9HznWj7Nv9q96f8piSEvfarc/JPq/d8du0O36bvp7zHz0c+7oaNY+SYRj5zvPH779o0thB2rfr72vTmZSTmjt9mv76c59ieg/SnA9e0e74bXbt8z96WyePHda/xj/v0IRMbx9fVaxc3ZbA+k8njibpP688qZ1xm+zWW3JzdSDhNx1I+E0/Lv5CD8e+rtrhBauC/U8FObY/fveFxj77hsoHV813jvPns/TVp+9r6cI5slzyewqUFjvjNuq1Z8&quot;
08-31-2019 13:00:17 Wire.java DEBUG [Forwarding screenshot on session 57f77c2899285a2b963db09b270c4ab3 to remote] http.wire 87 - http-outgoing-5 &lt;&lt; &quot;YoIy3Vtu5Mykmt+PZ/WvHt/646Nvv8OX35ybv65n+zLvv9P3E0SauWJGnVkgW6vVtfDR/7rN2HRNcz9lxWpma9/qzWLP3abtwfv23XH79tL/QxuJTFYtGq777QR29PVk72ebu2MyknteHH77Thx+/Uc+BIDRjxiNzcPa5rewAAAAAAAACAW9M/k1fjt66ztcX0HmyrhFpcLBaLfvjqUy34+F15enrpvoeeUuvbu17xu8eSxGQyqUnr27Rs0VxZcnNVrVYd9Rw0qsQlr15Jbk6OzmVlyNunjPKsVmVlpMnT21cuhqGM9LPy8PR2dogAANyUij2BddSoURo1alSB+rq5uemNN97QG2+8kW+7YRjq0KGDOnTokG/70qVLrzq/u7u77rnnHt1zzz35tg8fPjzf9Z6enpo+fbqmT5+eb7t0oSx7r1691KtXr6vGUFB16tTRjh07CtS3IPFdKigoSE8++aSefPLJy9qio6P17LPP5jsuKipKVqvVITGgdMjLy5Pk+ITTi/OWVMcOH8o3wfKfzqSc1PSpEzVx2oeqVjMs3z4X79jMz5qlX1+WCHapzT/9oE69BhY5UTQ/aWdTlfTn3/vl7uEpN3d3SdLp5BN676XHrxqzJB1JStS8Ga/qkefeKfTjP5IS9+qdF/6tI0mJV+23Z2ecFnz87hUTeA/tT9Ch/QmF2jZQUhw+uF+zXou1S14tKKvVqiULPtHXc/5zzb6rl3wp/4AgDfjXeJlMpusaa7FYtPjz2Ve9ZhWV1WrV2qULNfvN566ZkP7d/I9UrWaYOnTu4/A4AAAAAAAAAAA3t6slr3btN1QDR06Qh6fXVWZwvMz0s/rrz30aPi5W8dvW6/sFn6hR8yiZTGYd+OO3In9PW7VGbfkHOu4pm1dSq05D1arbSH/8tl2H9ido69rl6vL/7isVCbhrly/Sgo/f0dOvfayzZ5L17EP36IX3/qcyZQP10oRheviZ11S1Rv7fAQMAgKIr9gRWAKXXxTdEuQ6ucFmSK7BarVZtWLnYLnm1RbuOGvHv51SufLBSTh3Xp+9N0YaViyVJJ48d1vKFn2no2FiZXV0vm69xi7a6d8xEVa9ZRzk52Zr/0dtaNHdGvu3Z2ef08TsvauW3n0uSsjIzlJS41yEJrNa8PB0/kqS5M161S/wMq99E/uUqSJK2rl1uS141mc3qN/Rhde07VF4+vjp7JkWfvPui1i5bJEnaGbdJ+3b/qmZtbtfgBx7XbV366KUJw3Ty2GFJUruOPTT6iZftkk8tFotWLZlvS1719vXTfWMmql3HHnJ1c9eJo0l6f8oTthi2b1qtI4eGqEZY/cv2p1LVGrp/wosKqx/h0Aq1wI1mtVq1ZunXdkncVWvU1qjHXlLt+k3kYhjavnmNXn48/6rwx48kafWSBbZlb18/DX/kWbW9s4ckadu6FfrP1Im25Nhli+YpskNn1arb8LrGHk1K1KpLxprMZt014F/qNWikfMqUVfrZM5o+7Slt/unqNxPl53TyCbtqyqHhjTV83LOqXa+x8qxWxW9dp7df+Lcy0lJlyc3V5jXL1LJ9jDy9uPMZAAAAAAAAAFAwO+M26u3n/61mUdH6cfHndk8jdFbyqiT5+vlr9ONTlJWRrvht6+Xp5SMXF5OSTx7Tey89ZvvurbAenDhV0d36OTjay5UpG6AOMb1sT2pb/PlsNWja+orFfwAAAFycHQCA0iMvL095eXmyWCwO/bk4b0mUmZFmV4HU08tbvQaOUrnywZKkgHIV1G/owwqqWNnWZ+/ueGWkn813vhphDRQSWk+Gi4vc3D3UtPVtV2x39/BS1B3dHbYvJ48d1iODO6lv25rq1z5UD919uzat/t7W7u3rpzt73C1XVzdlZWZoxyV3mYY3bqHOfe6Vl4+vpAtvPu8aMMKu4urBfbsLFU9qykm7DwMi23dS+5hecnP3kGEYqlCpmnoOHPl3/9PJOnb4UL5zefv6KSS0LsmrKHUyM9K0f89O27LJbNbgB55U3UbNZTKZZLi4yNPryh+QJf7xu13ya2T7TmoT3U0mk0kmk0mRHWIU02ugrT0jLVWJf/x+3WOTEvfafUjWrHW0+tz7gHzKlJUkubq5y9XVrUjHJPGPXXbH5K7+wxVWv4kMFxeZTCY1btlOHWL+rnB/NClRaakpRdoWAAAAAAAAAODWszNuo2a8+rRatu+kzT8tLTHJqxclJe7VlMdH6OSxwxo2Ltb2/Vxp0eq2LmrYrLWkC99Pzn5jkk4nn3ByVAAAoKSiAiuAAruYZOroZNOSmrwqSXkWizIz0m3LFSpXV1DFSnZ9/PwDVTYgyJbMdfZMitJST9sldxaVyWS67jkKIqhiZY2NfUNh9ZtIknJzsnUm+aStfWfcJg3t2vSqc1x6nAoiMyPd7pHpq5YssKvomJ+szMJtAyjp/nmNCa4Soqo1Qgs8/p/nRPXQunaJo4ZhqGKVELs+FxPBHTk2tF4jh32Alnr6lN3ym8+N05vPjbti//PnspR9/rxDtg0AAAAAAAAAuLkdSUrUnA9e0ajHXlKDpq1VP6KlZr7+rDLSUm3JqyaTSRaLpdi+p7vUmZSTmvV6rMLqN1HHngP184aV8vDylruHp6rVrCO/gHKFntNsMivg/57AWBz8/AN1z8gJOjBhuDLSUrVrxxbN+eAV3T/+BXl6+9j1zc3JUU5ONk9ZKyKr1arTp08rPj5ev//+uywWi3x8fNSuXTuFhobKxYWadgCAko8EVgC4RZnMZlWvVVdRd3RXdLd+8vXzd3ZIwC3P7Ooms9nV2WEUmrsn1Y8BAAAAAAAAACVfnsUiq9Wq33/ZosrVa6l+01YKrdtQlUNCNXDkBGVlpuvNSeN0978eUXhEZLHHd+TQAe3asVW7dmzVN/NmKqhiZUW0bK8qIaGaOG12scdTVLXDI/TQU9P03pTHlZGWqrXLFun0qeMa+dhLCv6/4hnnsjI16/VntXHVEvUb+rC69R8qdw/nVb4tTbKysrRy5UotXLhQy5Yty7dP69atNXLkSMXExMjDw0PZ2dnavn27PvzwQ61atUqDBg0q5qgBAMgfCawAcBUuJpO8LrkT8Pjhgzp57IgCgira1mWkp9lVEi1TNqBEJoMGVaysp1/7WFVCrl3d8Z/7XatuQz3xykyH3p3p5u4ud4+/k94iO8To4Wded+ojWYDiZhiG3R3cp08dV+rpZLtrzNV4etnfqXxw3x7l5GTbKqlarVadPmX/WJ6Klatd91iT2f4l5PHDhxx2N/o/47r/0RcU03vwdc8LAAAAAAAAAIAkpZ89oxXfzJN/YHlt37TKlrzq4emlAwk7tWvHFqfFFla/qT5eEmdbNgxDnt6OeQJacTIMQ83b3qnh42I1fdrTysk+r51xmzT+vi7qN/RhRXfvp8Wff6g1S7+WJM2b+ZpWfb9AQ8Y8paZtop1S/bY02bRpkzZt2qSYmBjNnTtXkZGR8vf3l2EYdomqw4YNu2xs69at9fnnn6tDhw5OiBwAgMtRLxwArsLL29fu7sqszAwtmjdDp04clSSdPZOi+R+9pSNJibY+tes1lrdPmWKP1ZH+ud/79+zU7Ncn6cAfvyk3J0fSheS29LNnFL9tvaZNHK3V339p6+9iMtm9sTx4IEGnjh+x24Z/uQoKq9/Etvzzhh/13/df1pGkRFkslgvbyMvTmZRT2rT6B8WOGeDUDwyAG8HT21c16zSwLaeeTtaieTOVcuq4pAt3Hx/44/crjq8RVl+VqtawLW9Zu1wbVy2RxWKRxWLRL5vX6NvP/74j29vXTzXC6l/32Go1wuTnH2hrW7NskbatWyGLxSJrXp5OHP1Lxw4fKtIx+WdcCz5+V8sWztXZMymyWq2SLjxS6NjhQ1r42XS99OgwpaWeLtK2AAAAAAAAAAA3p6zM9HzXm82uqly9loKCq2j1D1+qao06tuTVksBwcZFhGHbrXAxD1rw8pZ89o7TU00X6ufj9XrHui2GofUxvjX/+HXn7+kmScrLPa97M1/SvHpH6Zt5Mu/7H/jqoNyaN1b5d8cUea2kSGBioYcOGafPmzZo3b566dOmigIAA2++Nm5ubWrVqpZkzZ2rz5s&quot;
08-31-2019 13:00:17 Wire.java DEBUG [Forwarding screenshot on session 57f77c2899285a2b963db09b270c4ab3 to remote] http.wire 87 - http-outgoing-5 &lt;&lt; &quot;166aWXNGnSJL3zzjvaunWrFi9erE6dOsnd3d3JewIAwAVUYAWAqzAMQ1F33qX1K79VUuJeSdK2dSu0bd2KfPsHVaysTr0Hy+xa+h4BfinDMBTdvZ/it623JY1uXbdcW9ctv+KY5m3vsP27jJ+/ygYE2RLYDu1P0LhBHW3tL7z3P4VHROquu/+lPb/+fCFpNTdXyxfN1fJFc2/QXgElj8lkUpPWt2nZormy5OZKkjasXKwNKxcXaHyFSlV1e7d+mjt9miQpIy1V705+VO9OfjTf/jG9Biqkdvh1jw2uWkN1GzXXljXLbGNfe+bBAu71tfep9+AHNP3Vp2TJzdWZlJOa9XqsZr0em2//2uERDtkuAAAAAAAAAKD0c3P3UMXK1fT79i26vUtfefnYVy+tWKW6nnn9k3zHWq1W/blvj6qEhKpchUrFEe5ljiYl6qUJw3Ty2GFJFz4Df+rVD5V6OtlufWE9OHGqorv1c2SoBWIYhlq066hJb83RzNdjr5mcWqFSVfmXCyqm6OyF1K6nzn3ulZ9/oNzc3TVw5ASVq1BJZlc3dew5UGUDnBPXP0VHRys6Ovqa/QzDUFhYmMLCwoohKgAAio4EVgC4hoqVq2nMU6/q/SmP2ZJY81M2IEgPTpyqajVvjjcB/oHl9dDT0/SfV57UzrhNhRrr7eunNnd0156dcVftV7VGbY199s1rHlvgZtaoeVv1HfKQvvz0PVsSa0EZhqFu/YYqKyNN3/xv1lXH39G9v/rcN8ZWHfl6xnp4eume+8fryKEDDj93DcNQ+869lZubrY/enqyc7PMOnR8AAAAAAAAAcPNy9/BUdPf+eu2ZMZo8fogatYiSi0vBHkd/5NABbV6zVH2HPKTA8s5JYDWbXRVWv4kefuY1Lfj4HbXv1Fs+Zcoq9XSyU+JxlJp1Guj5d+ZqxTef67svPrQ97fJSJrNZd951t9OOfc2wBqoZduGpeb5+/upz39+FO/rc+4Ak8UQ4AABuABJYAaAAQus10iuzFmrzT0u1dvk32rVjq3Kyz8vVzV2h9Rqp9W1d1K5TT/n6+Ts7VIcqH1xVz7zxXyXs/Fk//fC1En7brsMH90u68CaycvVaatCklZpF3aF6jZrbxhmGoZjeg1U2oJx+/G6+7XiZzGZVr1VXHl7etr6h9Rpp6uxvtDNuk1Ytma/EP3bpxNEkSZKrm7tCQuupQdNWatGuo2rVbVS8BwAoBiaTSX2HPKSw+k307eezbedL9Vp1dXvXvqpQqaqmThxl61+xcjW78W7uHrpn5AS17dhTq5bM19a1K2znUPngqmrQtJVu79pXdRs2k+Hi4rCxVUJqa9Lbc7X06zlau2yRThxNkrevnxq3aKvOfQbrh6/maNPq7yVJZcoGFOr6aDKZ1LHnQLVo11Ebf1yizWuW6uD+BGWkpUq6cMNAzTr11bhlO7Vs10k+ZcoWeG4AAAAAAAAAwM2tQdPWmjh1lubOeFVfffp+gceVKx+s0Y9PUduOPWwFHYpbxSrV9dDTr2r2G5OUeiZFlUNqSZJcTKbrislkdn5qiLuHl7oPGK4ufYcoYefPWv3DV9q6doWyz59Tsza3q899D6pG7foyDKPYYvIvF6ScnOwCF9PISE+zfVcBAAAcw/mvUgDACaK79Sv0YzLcPbzUoXMfdejcp8BjqoSE6j9frrtie3hEpL5cf6DI7Vfj6+evl2d+XaSxlzKZTAqPiFR4RGShx7WJ7qY20d2u2dfN3UPN2tyuZm1uL9Dc7h6eGjfpLY2b9FahYgJKovPnsjTztVj5BwbpvjETVblaLZldXWWxWHTsrz/13/en2PqazGZVqlbjsjkMw1C1mmEa+vAzGvrwM4XaflHH7tqxRXM+mKoe99yvV2YtlK+fvwzDUEb6WW3+aal+/XmDrW+lqjXk4ellW77WtfGisgFB6tpvqLr2G1qofQIAAAAAAAAA3LoMw1DdRs01+f0vnB1KkZhd3RTTZ7CMRS6aMe1pPfHKTFWqWkPvffGTs0NziEu/exwz0bmx1A6P0PyP3tHI3m0KPCaoYmWF1W9yA6MCAODWcsMSWANjS+eLQQAAgOKWZ8nVorkztGjujKv2a9Y6WiGh4cUU1bXt3bVDr8eOuWofk9msth17yt3Ds5iiAgAAAAAAAACgdLJYLNq+cZWqh9ZVlZBQ7fn1Z0lWZ4d106odHqFJb8/R9o2rZbFYrtnfZDKpedQdqhISWgzR/c3b21v9+/dXhQoVinW7AAAUByqwAgAAlAKh4Y01+IHH5eXj6+xQCsxkNmvQqMcUEdne2aEAAAAAAAAAAFDinUk+qe+/+lQ7f94oVzd3DX7gcQWWr+TssG5ahmGoZlgD1Qxr4OxQrsrd3V39+/d3dhgAANwQDk9gTZ48wNFTAighXFxclJeXJ4vFIpPJ5JA5L97J5uLi4pD5AKC0Mbu6qXV0V7mYzDp0IEF//blPOdnnJUllA4JUp2FTterQWS3bd5S7h5eTo/1bxcrV1X/4OO3asVUnjv6lE0eTJF1IWq1eq64at2irdp16qWqN2jIMw8nRAgAAAAAAAABQ8gWWr6hJb32mrMwMubq6yezq6uyQAAAAbihj/vz51rCwMLuVERERslopQw+UVhcTha51Hl/sl5KSUqB5N27cqLNnz6pGjRoOezzB8ePHlZiYqDJlyqhNmzaFGuvv75/v+sLuFwA4GtcnABdxPQAKhnMFwK2MayBw/TiPAAAoPfi7DQAAcGNd6fXWRRdfd6WmpkqSduzYccNjyk9ERIQkiZKHAAosKChIkpSYmKjjx4/bqqcWhcVisSWvXjo3AAAAAAAAAAAAAAAAAODmZ3Z2AABKj8DAQGVmZuro0aNKTEy0JZ9er+DgYAUGBjpkLgAAAAAAAAAAAAAAAABAyefwBNbA2C8cPSWAAkqePOCGzm82m1WlShV5eXnp5MmTSk9PV15eXpHmcnFxkY+Pj4KCghQQECCzmXx6AAAAAAAAAAAAAAAAALhVkDEGoMC8vLyUmpoqf39/+fv7O3xuAAAAAAAAAAAAAAAAAMCt4YYlsN7oSpAA/lZclY/NZrP8/PyUmZmpnJwcWa3W65rPMAy5urrKy8uLCqwAAAAAAAAAAAAAAAAAcAshYwxAoZjNZpUpU8bZYQAAAAAAAAAAAAAAAAAASjEXZwcAAAAAAAAAAAAAAAAAAACAWwsJrAAAAAAAAAAAAAAAAAAAAChWJLACAAAAAAAAAAAAAAAAAACgWJHACgAAAAAAAAAAAAAAAAAAgGJFAisAAAAAAAAAAAAAAAAAAACKFQmsAAAAAAAAAAAAAAAAAAAAKFYksAIAAAAAAAAAAAAAAAAAAKBYmZ0dAADnCwgIcHYIRWK1Wq/aXlr3C0Dpx/UJwEVcD4CC4VwBcCvjGghcP84jAABKD/5uAwAA3FjXer1V0lCBFQAAAAAAAAAAAAAAAAAAAMWq1FZg3bBhg9q2bWtb/uyzzzRo0CAnRgSUPqUt476gbtb9AlD6cX0CcBHXA6BgOFcA3Mq4BgLXj/MIAIDSg7/bAAAAtyanVGBNTk5W586dZRjGFX9CQkI0YMAALV26VOfPn3dGmAAAAAAAAAAAAAAAAAAAALgBnJLAWhAHDx7U/Pnz1aVLF40fP14ZGRnODgkAAAAAAAAAAAAAAAAAAAAOUGITWC81Z84cbd682dlhAAAAAAAAAAAAAAAAAAAAwAFKRAJr48aNtWfPHlmtVuXl5SkxMVE9e/a0taelpenYsWNOjBAAAAAAAAAAAAAAAAAAAACOUiISWC9lGIZCQkLUo0cPu/W+vr6FnisvL0+bNm3SuHHj1LRpUxmGIcMw1Lp1a8XGxmr37t2yWq3/n717Dbe6LPfF/x2ITBGniqTiKWYoAlsNMhNxbvGQKZqHhWaWp5Ut9sKFeQqzBGEloBHkkZ0obS5NhZIUtKUFeIzVVNClxqLEGeoCRVCUSQooEyZz/F94Mf4Sp4nSAPXzua7xYozf89y/+xljwAuuL/dY5976+vpMmjQpvXr1yo477pgdd9wxJ5xwQsaNG5fLL7+8VKtr166pra39SGcFAAAAAAAAAAAA+CxqvqUb+HvFYjEvvf&quot;
08-31-2019 13:00:17 Wire.java DEBUG [Forwarding screenshot on session 57f77c2899285a2b963db09b270c4ab3 to remote] http.wire 87 - http-outgoing-5 &lt;&lt; &quot;RSJkyYUHqtV69e6d69+ybVqaury8CBA3PLLbesdW3atGmZNm1abrrpplx11VW55JJLUlFRUbq+bNmyXHHFFWvtnTRpUiZNmrSJJwIAAAAAAAAAAADgw7aKAOuMGTPSqVOndV4777zzMnTo0Oy6665NrldfX59rr712neHVD1uyZEl++MMfZs8998zZZ5+dQqGQVatW5ZZbbtnoXgAAAAAAAAAAAAA+mmZbuoGNmT59eiZMmJBly5Y1ec+MGTMybty40vMuXbpk6tSpWbVqVd57772MHj06lZWVpev/7//9v7z22mtJkpdeeiljx44tXausrMzgwYNTV1eXYrGYurq6nH/++ZvhZAAAAAAAAAAAAACfTVt9gLW2tjaXXnpprrjiiiaHWGtqarJgwYLS8/POOy//+3//7zRr1iwtW7bMOeeck7POOqt0/Q9/+EPmzJlTut+MGTNK13r16pVLLrkkrVu3TpJst912adGixeY4GgAAAAAAAAAAAMBn0lYRYO3SpUtefPHFFIvFFIvFrFy5Mk8++WS6detWWnPXXXdl2rRpTaq3dOnSNZ4fdNBBKRQKpectW7bMXnvttcaa1RNYlyxZssbrXbt2zY477rhJ5wEAAAAAAAAAAABg/Zpv6QbWpXnz5jn00ENzzDHHZPr06Uk+CJY+/fTT+epXv1rWXrbffvuy3g8AAAAAAAAAAADgH61r165b9P5bxQTWptpuu+2atG6HHXZY4/nMmTNTLBZLz+vr6/P222+vsWafffZJ8kF49sPmzp2bVatWfZR2AQAAAAAAAAAAAFiHrTLA+v7772fixIkZN27cGq8feOCBTdpfXV2dPfbYo/T8zjvvzB//+Mc0NjZmxYoV+fWvf53bb7+9dP3II49MVVVVkqRz587p0KFD6dq4cePyu9/9Lg0NDWlsbMzcuXMzZ86cj3M8AAAAAAAAAAAAgM+05htf8o83Y8aMdOrUaYNrzjjjjBxyyCFNqtelS5ecddZZue6660r1e/Tosd71vXv3Lk1g3XfffVNdXZ3Zs2cn+WAC6ymnnNKk+wIAAAAAAAAAAACwcVvlBNa/16tXr4wYMSKtW7du0vqKior0798/ffv23eC6ysrKDB8+PN/61rdSKBSSJK1atcqPfvSjVFdXf+y+AQAAAAAAAAAAAFjbVhtg7dixY771rW/l97//fX71q1+lXbt2m7R/l112yciRI/Pkk0/m4osvTseOHUvXDjvssFx11VWZPn16Lr/88jRvvuYg2o4dO2bixIn5yU9+ki996UtJknbt2uVf/uVf8sc//jHf/e53S2t33XXX7LLLLh/jpAAAAAAAAAAAAACfLc03vmTza9OmTSZNmvSxalRXV6dYLG5wTbNmzdK9e/d07959k2rX1NRkyJAh6du3bx5++OHssssuKRQKeeedd/If//EfefTRR0tr99133+ywww4f6QwAAAAAAAAAAAAAn0VbJMD6STB58uRMnjx5g2sqKytz2mmnpWXLlmXqCgAAAAAAAAAAAOCTr9mWbuCTqrKyMtdee22OOeaYLd0KAAAAAAAAAAAAwCeKCazr8IUvfCE//elP89RTT2Xu3Ll5/vnnk3wQWj300ENz5JFH5hvf+EY6deqUQqGwhbsFAAAAAAAAAAAA+GQRYF2HPffcM1dcccWWbgMAAAAAAAAAAADgU0mAFT7FTAgGAAAAAAAAAABga9RsSzcAAAAAAAAAAAAAwGeLCazwKVQsFrd0CwAAAAAAAAAAAGyF3n333S3dQhITWAEAAAAAAAAAAAAoMwFWAAAAAAAAAAAAAMpKgBUAAAAAAAAAAACAsmr+jyrcZuA9/6jSAAAAAAAAAAAAAHyCmcAKAAAAAAAAAAAAQFlt9gmsi4acublLAgAAAAAAAAAAAPApYgIrAAAAAAAAAAAAAGUlwAoAAAAAAAAAAABAWQmwAgAAAAAAAAAAAFBWAqwAAAAAAAAAAAAAlJUAKwAAAAAAAAAAAABlJcAKAAAAAAAAAAAAQFkJsAIAAAAAAAAAAABQVgKsAAAAAAAAAAAAAJSVACsAAAAAAAAAAAAAZSXACgAAAAAAAAAAAEBZCbACAAAAAAAAAAAAUFYCrAAAAAAAAAAAAACUlQArAAAAAAAAAAAAAGUlwAoAAD3Hh7AAACAASURBVAAAAAAAAABAWQmwAgAAAAAAAAAAAFBWAqwAAAAAAAAAAAAAlJUAKwAAAAAAAAAAAABlJcAKAAAAAAAAAAAAQFkJsAIAAAAAAAAAAABQVgKsAAAAAAAAAAAAAJSVACsAAAAAAAAAAAAAZSXACgAAAAAAAAAAAEBZCbACAAAAAAAAAAAAUFYCrAAAAAAAAAAAAACUlQArAAAAAAAAAAAAAGUlwAoAAAAAAAAAAABAWQmwAgAAAAAAAAAAAFBWAqwAAAAAAAAAAAAAlJUAKwAAAAAAAAAAAABlJcAKAAAAAAAAAAAAQFkJsAIAAAAAAAAAAABQVgKsAAAAAAAAAAAAAJSVACsAAAAAAAAAAAAAZSXACgAAAAAAAAAAAEBZCbACAAAAAAAAAAAAUFYCrAAAAAAAAAAAAACUlQArAAAAAAAAAAAAAGUlwAoAAAAAAAAAAABAWQmwAgAAAAAAAAAAAFBWAqwAAAAAAAAAAAAAlJUAKwAAAAAAAAAAAABlJcAKAAAAAAAAAAAAQFkJsAIAAAAAAAAAAABQVgKsAAAAAAAAAAAAAJSVACsAAAAAAAAAAAAAZSXACgAAAAAAAAAAAEBZCbACAAAAAAAAAAAAUFYCrAAAAAAAAAAAAACUlQArAAAAAAAAAAAAAGUlwAoAAAAAAAAAAABAWQmwAgAAAAAAAAAAAFBWAqwAAAAAAAAAAAAAlJUAKwAAAAAAAAAAAABlJcAKAAAAAAAAAAAAQFkJsAIAAAAAAAAAAABQVgKsAAAAAAAAAAAAAJSVACsAAAAAAAAAAAAAZSXACgAAAAAAAAAAAEBZCbACAAAAAAAAAAAAUFYCrAAAAAAAAAAAAACUlQArAAAAAAAAAAAAAGUlwAoAAAAAAAAAAABAWQmwAgAAAAAAAAAAAFBWAqwAAAAAAAAAAAAAlJUAKwAAAAAAAAAAAABlJcAKAAAAAAAAAAAAQFkJsAIAAAAAAAAAAABQVgKsAAAAAAAAAAAAAJSVACsAAAAAAAAAAAAAZSXACgAAAAAAAAAAAEBZCbACAAAAAAAAAAAAUFYCrAAAAAAAAAAAAACUlQArAAAAAAAAAAAAAGUlwAoAAAAAAAAAAABAWQmwAgAAAAAAAAAAAFBWAqwAAAAAAAAAAAAAlJUAKwAAAAAAAAAAAABlJcAKAAAAAAAAAAAAQFkJsAIAAAAAAAAAAABQVgKsAAAAAAAAAAAAAJSVACsAAAAAAAAAAAAAZSXACgAAAAAAAAAAAEBZCbACAAAAAAAAAAAAUFYCrAAAAAAAAAAAAACUlQArAAAAAAAAAAAAAGUlwAoAAAAAAAAAAABAWQmwAgAAAAAAAAAAAFBWAqwAAAAAAAAAAAAAlJUAKwAAAAAAAAAAAABlJcAKAAAAAAAAAAAAQFkJsAIAAAAAAAAAAABQVgKsAAAAAAAAAAAAAJSVACsAAAAAAAAAAAAAZSXACgAAAAAAAAAAAEBZCbACAAAAAAAAAAAAUFYCrAAAAAAAAAAAAACUlQArAAAAAAAAAAAAAGUlwAoAAAAAAAAAAABAWQmwAgAAAAAAAAAAAFBWAqwAAAAAAAAAAAAAlJUAKwAAAAAAAAAAAABlJcAKAAAAAAAAAAAAQFkJsAIAAAAAAAAAAABQVgKsAAAAAAAAAAAAAJSVACsAAAAAAAAAAAAAZSXACgAAAAAAAAAAAEBZCbACAAAAAAAAAAAAUFYCrAAAAADwCdDQ0JCamppccskl6dSpUwqFQgqFQo466qgMHz48tbW1KRaLH+se77//fp544on0798/3bt3L93j4IMPztChQ/Pqq69ucP+cOXPSr1+/Un+dOnVKv379MmfOnCbdf8mSJTnvvPNywQUX5P3339/g2sbGxjz11FPp3bt3qqqqSn0OGzYsb731VpPPvD4LFy7M6NGjc/LJJ6&quot;
08-31-2019 13:00:17 Wire.java DEBUG [Forwarding screenshot on session 57f77c2899285a2b963db09b270c4ab3 to remote] http.wire 87 - http-outgoing-5 &lt;&lt; &quot;dNmzYpFAqpqqrKmWeemTFjxmThwoVrrK+pqSm9Xx9+tGnTJieffHLGjBmTZcuWrfNeixYtSs+ePVMoFNK1a9fU1taut69ly5bl/PPPX+/asWPHrrOPgw8+OP369cusWbPW+p58+P5//+jevXsGDhzYpM+wvr4+Dz/8cM4///zSd2D1+UePHp1FixZttAYAAAAA8NkhwAoAAAAAW7FisZjnnnsup59+en7961/n7LPPzvPPP59isZjGxsbcd9996dSpUy699NJceeWVHyu8+dxzz+Xoo4/OT37yk0ybNq30+vPPP5+BAwemR48e+cMf/rDOvVOnTk3Pnj1z/fXXl0KVtbW1uf7663PUUUetd1/yQTh33rx5+dnPfpb7779/o302NDTkuuuuy/HHH58xY8Zk7ty5pT6vvPLKfO1rX8tTTz21KUdfo/aoUaPSuXPn9OnTJw8++GDq6uqSJHPnzs348ePTu3fv7Lfffhk2bFhWrFixwXp1dXV58MEH07t375x22mmZPXv2BtfPmDEjDz300HrDyH/5y18yefLkTT7X888/n+uvvz7dunXLz3/+8zQ0NDRp37Rp0zJ06NAcddRRmTBhwnr7mj17dr7xjW/kuOOOyx133FH6Dqw+f58+fVJdXZ1JkyZ97KA1AAAAAPDpIMAKAAAAAFupYrGYiRMn5oc//GEGDhyYm2++OYceemhatmyZJKUJl6ecckruv//+dOzYMd/5znc2GpJcn2222SaXXHJJpk+fnr/97W9pbGxMY2Nj5s2bl759+2bu3LkZOnRoFixYsMa+xYsX58Ybb8z8+fMzePDg1NXVpVgs5p133smIESNSV1e3zn3JBxNDt9122+yzzz4ZPHhwlixZstE+77333gwZMiTt27fP73//+9TX15f6vPzyyzNjxowMGDAgr7/++iadf3Uwtm/fvlm5cmUGDhyYl156KStXrkyxWEx9fX1mzpyZq6++Ottuu23mzJmTVatWrVFj8ODBKRaLpUd9fX0ee+yxVFdXZ8qUKbnttttSX1+/zvt37tw5RxxxRMaPH7/OiacNDQ154IEHkiQdO3bc4FnuvvvuUg+NjY15++23c/3112fbbbdN//791xkoPv744/P222+X9q1atSovv/xy/vVf/zVz587N9ddfXwoLf9icOXNy/vnn58EHH8xRRx2Vhx9+OO+9916KxWJWrlyZ//7v/855552X2traXHDBBZk6deoGewcAAAAAPhsEWAEAAABgKzV16tSMHDkyN998cw455JAUCoX1rq2oqMh3vvOdnH322fnhD3+YN998c5Pvd9hhh+XGG2/MoYcemp122qn0M/J77bVXrrrqqhx77LGZPn36WiHG//qv/8rEiRNz1lln5fLLL0/r1q2TJDvuuGMuuuiinH/++XnkkUc+8lTUD3v77bfzy1/+MjvssENuvvnm9OzZMy1atCj1OXTo0PTr1y+PP/54Jk2atEm1n3zyydx0001p165d7rnnnlx99dXZd99907x58yRJixYtcuCBB2bQoEF59tlnNxoiXb3n6KOPzvXXX5899tgjTz31VN544411rv385z+fc845Jy+88EIeeeSRtSaV1tbWZuLEienTp0969OjR5HOtDjpfeumlGTBgQJYsWZKHHnpoo9NjmzVrlvbt22fYsGHp1atXampq8t///d9rrGloaMgvfvGL1NTU5NRTT82vf/3rHHvssaWQdfPmzXPQQQdlzJgxGTZsWObOnZurr756k8PFAAAAAMCnjwArAAAAAGyF5syZk2uvvTY//vGP07lz5yRJY2NjHn/88Xzzm99MmzZtsuOOO+aEE07I6NGjs3DhwhQKhXzzm99Mt27dMmLEiPVO+vwodt555+y7775ZsmTJGlNHi8Vipk+fniQ54ogjSsHF1SoqKvLVr341yQdB17+fWHr22WeXJn6++OKL6dKlywb7WLRoURYsWJAvfvGLOeCAA9a6XlFRkV69eqWysjLPPfdcli9f3qTz1dfX57777suCBQvSp0+fHHfccRsMDFdVVeWyyy5b67zr84UvfCEHHHBAli1btsGejj766Bx77LEZP378GkHXYrGYyZMnJ0lOPPHENGu26f+0WygU0q1btyTJe++9t9ZnsT4777xzvvjFLybJWhNyV4dqO3funMGDB2f33XdfZ43mzZvnX//1X3PGGWfk8ccfzxNPPLHJ/QMAAAAAny4CrAAAAACwlSkWi5kwYUIOOeSQVFdXJ0nef//9DBkyJMccc0x+85vfpK6uLkuWLMmkSZPSp0+f3HbbbUk+CAqec845+ctf/pIZM2Zstp5WrFiRRYsWpUOHDqmsrCy9vnz58sybNy/JB6HOdamqqkqHDh0yb968vPfee5utp/X53Oc+l/bt2+fll1/OsmXLmrTntddeS01NTTp06JCvf/3r2WabbTZrT++8804WL16cVq1aZbvttlvvul122SVf//rX88gjj+Sxxx4rvT5nzpyMHz8+vXr1atLk1/Vpamj1w+rr6/PWW28lyRqffZL8+c9/zqxZs9KjR4906NBhg3Vat26d448/PskH026bGi4GAAAAAD6dBFgBAAAAYCvzxhtv5LHHHsupp55a+vn6KVOm5Lrrrstxxx2Xp59+OitXrkxjY2MWLFiQm2++eY1Q5J577pmvfe1refDBBz9SYHFdZsyYkZqamnTt2jX77LNP6fXVAdaDDjoobdq0WefeioqKbL/99lm4cOFGf7Z+Y7bbbru0atUqr7766mb9Gfo333wzzz77bPbff/81zrc5FIvFTJs2rVT/c5/73AbXn3jiiTn22GNz3333ZfHixUmSxx57LK+++mpOPfXUbLvtth+pj4aGhtIU144dOzZ5euz//M//pKamJp07d86+++67xrW//vWvm1TvgAMOSGVl5SaFiwEAAACATycBVgAAAADYysyfPz8tWrQoTbRcsmRJ7rvvvuyyyy655ppr8pWvfCXNmzdPoVBI27Ztc9FFF+UHP/hBaX+hUMjhhx+eF198MUuXLv3Y/bz55pu5/vrr06JFi1x44YVp3bp16VpjY2MaGhrSrFmzFAqFj32vjWnbtm26d++eWbNm5Qc/+EGeeeaZNDQ0JPlgSuxLL72UsWPH5pVXXvlI9ffee+8NTkjdVIsXL87tt9+eq666Ku3atUvv3r3TqlWrDe5p27ZtTjjhhDzyyCOZOnVqFi5cmN/+9rc544wz0qVLl03uoaGhIS+//HKuvPLKjBw5Mt26dctJJ5200X0rVqzI1KlTc+mll2bGjBk5//zz06lTp3Wu3W233ZrUS+vWrdO+fftN6h8AAAAA+HRqvqUbAAAAAADW9Prrr2e33XYrBSnr6ury8ssv5ytf+cpGf6Z9tdatW6e+vj5/+9vfstNOO33kXurq6jJw4MA89thjueGGG1JdXf2Ra20OFRUV6dOnT2bOnJkpU6ZkypQpW7Sfvzdo0KAMGjRorde7dOmS6667LocffvhGaxQKhfTq1Svjx4/P/fffn7/97W95/PHHM3HixFRUVOT999/faI1zzjkn55xzzlqvd+zYMcOHD1/n92jy5MnrnA5bWVmZn/3sZ+nbt2+22Wabjd4bAAAAAKApBFgBAAAAYCuzZMmSNZ4vX748y5YtS5s2bdKiRYsm11m+fHmWL1/+kft466230q9fv9x///0ZOHBg/vmf/znNm2/5f1Ls0KFDJkyYkDvvvDP33HNP/vCHPyRJjjzyyHzjG9/I//pf/ysXXHBB9tlnnyb9rP2HzZs3L8uXL9/kfRty2GGH5Ve/+lWqqqqavOfzn/98jjvuuNx444353e9+l9NPPz2HHXbYR7p/ZWVlDj300PzTP/1Tvv3tb6dNmzabtP+Xv/xlevXqtcE1CxcubFKtxYsX55VXXsnee++dZs38QBgAAAAAfJb5F0IAAAAA2MpUVlau8XybbbZJ8+bNs2jRoqxYsaLJdbbbbrvSFNdN9frrr+fCCy/M/fffnxtuuCGXXXbZOsOr22+/faqqqjJjxoy8/fbb66xVX1+f9957L7vtttsmBXA3pFWrVvm3f/u3PPHEEykWiykWi3niiSfyve&quot;
08-31-2019 13:00:17 Wire.java DEBUG [Forwarding screenshot on session 57f77c2899285a2b963db09b270c4ab3 to remote] http.wire 87 - http-outgoing-5 &lt;&lt; &quot;99L3/7298ye/bstG/fPttvv32T6u2+++758pe/nFdeeSXz58//yH0NHjy41M/SpUvTt2/fTJs2Lddee23q6uqaXGebbbbJmWeemb333jvvv/9+/umf/imtWrVq8v6777671Me7776bRx55JN/73vc2GF49/vjj8/bbb6dYLKaxsTFjx45NZWVlfvrTn+bZZ59d5579998/SVJbW9ukybAvv/xylixZkv3333+TzgMAAAAAfPoIsAIAAADAVmavvfbKwoULS9NTd91113zhC1/IM888k9mzZzepxuLFi1NRUZGdd955k+//3HPP5cwzz8zTTz+dO+64I9/97nfXO3l1u+22S9u2bZMkc+bMWeeaOXPmZPbs2dl7772bHCj9qN5999088MAD2WOPPfLVr361yfv22GOPHHTQQZk1a1Z++9vfZtWqVR+7l1atWmXQoEE544wz8otf/CIDBw7MsmXLmrx/v/32y9e+9rUce+yx6dGjx8fuZ1MUCoV885vfzMCBA/PCCy/kwgsvzKxZs9Zad+CBB6Zz586ZOnXqRr+bixcvzgMPPJAk+fKXv7zZwswAAAAAwCeTACsAAAAAbGX23HPPrFixohQI3GmnndKzZ8/MnTs3AwYMyDPPPJOGhoYUi8W88cYbGTNmTEaMGFHaXywW8+STT6ZTp07ZYYcdmnzfYrGY3//+9znttNOydOnSjB07Nr169UqhUFjvnkKhkOrq6iTJI488slZAs76+Po8++miS5JBDDsk222zT5H42VUNDQ+64447ceeedOeWUU3LQQQc1eW+rVq3y7W9/O5WVlbntttsyZcqUFIvF9a5/4403MnLkyI1OHd19990zcuTInHrqqbnlllty8803p76+vkk9VVRU5KabbsqECRPSunXrJp9lc2nevHkuu+yyDBgwINOnT8+VV16Z119/fY01++23X0488cTMmjUrgwYNyptvvrnOWg0NDRk9enR+85vf5Oijj85RRx1VjiMAAAAAAFsxAVYAAAAA2Mq0bds2xxxzTB544IE0NDQkSb71rW/lkksuyZQpU3LooYdm2223TbNmzbLHHnukd+/epWmtSTJ//vw8/PDDOemkk5ocGF21alVuvfXWnHnmmTnwwAPzwAMPpLq6eoPh1dW6dOmSU045Jffdd1+uv/76vPvuu0k+mIY6cuTI3H777Tn22GPTvXv3j/BubFxDQ0NmzpyZiy++OJdcckm6deuWSy65JC1bttykOsccc0wGDBiQuXPn5swzz8wVV1yRl19+ufQZrFixIn/+858zePDgHHDAAfnLX/7SpLq77757fvKTn6Rbt27p379/brzxxlLNrV3z5s3zve99L3379s0DDzyQCy+8cI2QakVFRfr06ZNu3brlgQceyMknn5yHHnqoFGRe/dn8y7/8S370ox+lXbt2+fd///fstddeW+pIAAAAAMBWQoAVAAAAALYyhUIhp512Wv7rv/4rNTU1ST6YEPrTn/409957b3r27JnKyspUVlamZ8+eue2229K3b98kHwQG77777hxwwAHp0qVLk++5YsWKzJgxI0uWLMlDDz2UqqqqFAqFdT569uyZRYsWlfbutttu6devX/bcc88MGjQoO+20UwqFQnbaaaf84Ac/yC677JKrrroqe+yxx1r3HTt2bKlup06dMmPGjNx2223Zfvvt13mv1YYMGVLat+222+aLX/xiRo0aleOOOy533HFHOnfuvKlve5o3b56LL744Q4YMSZL87Gc/y3777Zdtt902hUIhFRUVOeigg/Lv//7vSZL27ds3OSDcuXPn3HDDDenSpUuuueaa/PrXv05jY+Mm97gltGrVKj/+8Y9z7rnn5oEHHsjVV1+dJUuWlK536NAhd911V0466aQ888wzOemkk7LDDjus8dnceeed6dixY2699db06NFjC54GAAAAANhaNN/SDQAAAAAAa6uqqkr//v3z4x//OLfccks6d+6cioqKnH766Tn99NPXuadYLGb8+PGZPn16Ro0alYqKirL126NHj0yaNCkjR47MQw89lNra2nTs2DFf//rXc9FFF6Wqqmqz3q9Vq1aprKzMkiVL0rFjx3Tv3j1nnXVWevTo8bHO3bJlywwYMCDnnHNOxo8fnylTpuTpp5/OkiVL0q5du3Tr1i2nnnpqjj322Oy2226bVLt79+656aab8s///M/p27dvmjVrlm9/+9sfuddy2nXXXTNixIi8++67GTVqVAqFQoYPH55WrVol+SDEeu+992bq1KkZN25cnnrqqdTW1qaysjLV1dXp1atXTj/99LRp02YLnwQAAAAA2FoUxo8fX9x///3XeLFr164pFotbqCUAAAAAIPkgkDpx4sSMGjUqP/nJT/LlL385hUJhnWvr6+szbty43HvvvbnxxhvToUOHMncLAAAAAMAnwbvvvrulW0hiAisAAAAAbLUKhUJ69eqVqqqqXH311fn85z+fc889NwcddFBatmyZYrGYurq61NTUZNSoUenSpUvuuOOO7Lrrrlu6dQAAAAAA2CABVgAAAADYihUKhRx88MEZP358nnrqqYwdOzaTJ09ObW1tkuTII4/MiSeemFGjRqVdu3brndAKAAAAAABbEwFWAAAAAPgEqKioyFFHHZWjjjpqS7cCAAAAAAAfW7Mt3QAAAAAAAAAAAAAAny0CrAAAAAAAAAAAAACUlQArAAAAAAAAAAAAAGUlwAoAAAAAAAAAAABAWQmwAgAAAAAAAAAAAFBWAqwAAAAAAAAAAAAAlJUAKwAAAAAAAAAAAABlJcAKAAAAAAAAAAAAQFkJsAIAAAAAAAAAAABQVgKsAAAAAAAAAAAAAJSVACsAAAAAAAAAAAAAZSXACgAAAAAAAAAAAEBZCbACAAAAAAAAAAAAUFYCrAAAAAAAAAAAAACUlQArAAAAAAAAAAAAAGUlwAoAAAAAAAAAAABAWQmwAgAAAAAAAAAAAFBWAqwAAAAAAAAAAAAAlJUAKwAAAAAAAAAAAABlJcAKAAAAAAAAAAAAQFkJsAIAAAAAAAAAAABQVgKsAAAAAAAAAAAAAJSVACsAAAAAAAAAAAAAZSXACgAAAAAAAAAAAEBZCbACAAAAAAAAAAAAUFYCrAAAAAAAAAAAAACUlQArAAAAAAAAAAAAAGUlwAoAAAAAAAAAAABAWQmwAgAAAAAAAAAAAFBWAqwAAAAAAAAAAAAAlJUAKwAAAAAAAAAAAABlJcAKAAAAAAAAAAAAQFkJsAIAAAAAAAAAAABQVgKsAAAAAAAAAAAAAJSVACsAAADAZ8TChQszevTonHzyyWnTpk0KhUKqqqpy5plnZsyYMVm4cOGWbpGNWLZsWcaNG7fGZ7jjjjumR48eGThwYJ555pk0NDRs6TZpovnz5+foo4/OkCFDNnvtZcuW5cILL0yhUMjYsWObtOe2225L165dU1tbu8F1Y8eOTaFQ2OCjKXU25NVXX83QoUNz8MEHl/6u6t27d2bMmJFisfiJO89bb72VYcOGlc6z44475oQTTsiYMWOybNmytdYXi8W89tprGTVqVE499dRUVVU1ad/HOU853gcAAAAA+DABVgAAAIBPuYaGhowaNSqdO3dOnz598uCDD6auri5JMnfu3IwfPz69e/fOfvvtl2HDhmXFihVl623RokXp2bNnevbsmUWLFpXtvp9Ezz33XI4//vicffbZa3yGS5YsyX/+539m6NChOfTQQ/ONb3wjixcv3sLdbj1qa2vTtWvXXHDBBXn//fe3dDtJkhUrVuSll17K1VdfnSeeeGKz129oaMj//b//N7fccstG1xaLxSxevDgTJkzIDTfcsNl7+SimTp2a4447LgMHDszzzz+f5IO/q8aMGZMjjjgiP//5z9cb1N5az3PEEUfkyiuvLJ1nyZIlmTRpUnr37p3TTjsts2fPXmNPXV1d/s//+T/p27dvfvvb32bu3Lnr3PfKK6+U/TwAAAAAsLkIsAIAAAB8ijU0NOS6665L3759s3LlygwcODAvvfRSVq5cmWKxmPr6+sycOTNXX311tt1228yZMyerVq3a0m3zd+bMmZOLL744NTU1ueyyy9b6DG&quot;
08-31-2019 13:00:17 Wire.java DEBUG [Forwarding screenshot on session 57f77c2899285a2b963db09b270c4ab3 to remote] http.wire 87 - http-outgoing-5 &lt;&lt; &quot;fPnp3BgwenXbt2Wb58eRobG7d0y58JqydW1tTUNHnPkCFDUlFRkQ4dOmT06NGbvafVf+avueaaHHbYYRtcW1tbmy996UvZZZddcvrpp2/yZM277747xWJxnY8//elP6dix4yb3P3v27FxxxRWZP39+RowYkbq6uhSLxSxdujR33XVXdtlll/Tv3z+PPfbYJ+I8CxYsyJAhQzJ//vwMGjQoCxYsSGNjY1atWpW//vWv+fa3v50pU6bktttuS319/Rp7O3TokLFjx+a1114r/XlfuXJlnn766Rx33HGZMmVKxo0bt96JtB/1PP+I9wEAAAAA1qX5lm4AAAAAgH+cJ598MjfddFPatWuXUaNGpWfPnikUCqXrLVq0yIEHHpgDDzww5513XiZOnLgFu2V9pk+fnpqamvTp0yfXXHNNWrZsWbrWokWL7Lfffhk4cGAuuOCC3H333VuwU7akYrGY8ePH55prrsmAAQPStm3bTJs2bUu31WTFYjH33HNPpk+fnmuvvTaXXXZZttlmmyRJq1atcs4556SysjLnnntufvWrX6W6ujqtWrXawl1v2CuvvJJHHnkk5557bi6//PJUVlYmSQqFQjp06JDhw4dn3rx5+fOf/5ylS5emoqIiSdKmTZuMHDlyrXrNmzfPV77ylVx++eWZMmVK5s2bl+XLl6/xdwIAAAAAfFKYwAoAAADwKVVfX5/77rsvCxYsSJ8+fXLcccetEV79e1VVVbnssstKQajV0yXHjh27zvXru14sFjNr1qz069cvnTp1SqFQSJs2bXLyySdn9OjRJHIiGQAAIABJREFUWbhwYZKkpqYmn/vc5zJ58uRMnjw5n/vc51IoFEqPv59qOWfOnDVqdurUKf369VvnlMVFixalZ8+e6dmzZ+bNm5ff/OY3OeGEE7LjjjumTZs2+e53v5uZM2cmSV599dUMHTo0Bx98cKnusGHDUldXt85zF4vFzJgxIxdffHGqqqpKewYMGJD58+dv8H1atmxZRo0alcMOOyyFQiEnnXRSFi9evN7PZLXVPxO+1157bTCotuuuu+ayyy5LmzZtSq/V1tama9euueCCC/L++++vtWd91z/c94IFCzJs2LDSe3/YYYfl1ltvXWe9IUOGlD6/V155Jd///vdL79Oxxx6bCRMmrPfn3996660MGzas9FlUVVWld+/emT59+jqnTH74Xqv3ru7xwgsvzB133JFOnTplxowZue2227L99tuXvl9du3bd5Amdm8PAgQNL0yz/+Mc/bra6q8OfF110US666KJ873vfS/PmG55f0LFjx/zpT39KsVjMe++9lz59+my2fj6K5cuXZ968eUmSHj16lMKrH1ZdXZ3q6urMnDkzCxYsWOPa1naeD6uoqFjneVq2bJntt99+k+stWbIkSbL//vtnu+22+9j9AQAAAMCWYAIrAAAAwKfUa6+9lpqamnTo0CFf//rX1xme2txWh+guvPDCNQKgdXV1efDBB/Pggw/mzTffzMCBAzep5sSJE/P9738/c+fOLb1eW1ub2tra3HHHHfn5z3+eM888c62A7jPPPJPDDz88r7322hqv33777XnhhRdy+OGH55e//OUavdbW1ubKK6/M66+/nuHDh68RGG1oaMitt96a/v37lwJkq/dce+21efTRR3P77benc+fOa51j+vTpufPOOzNlypQ16jU2Nm70PWjfvn2pxhtvvJG2bdtudM/mctddd2XAgAFrvPfTp0/P9OnTM3PmzAwfPnydUzCHDx+exx9/fI336dFHH82jjz6aYcOGpV+/fmsELJ966qn827/9W2bMmFF6be7cuRkzZkzGjx+fgQMH5rLLLltnKPN3v/tdLrzwwjX2rlq1ar0/rf5pNHXq1PzoRz/Kt771rfTv33+rn0z6UbVq1Srt2rXLpEmT8uabb2a//fbb0i1t0F577ZXq6urcc889OfLII3PWWWelWbP/f67E66+/nldffTXnnntudt55543We+edd/If//EfGTp0aM4444ycffbZG/yPCQAAAACwNTOBFQAAAOBT6s0338yzzz6b/fffP/vss09Z7vnGG29kzJgx6dChQ2pqalJfX59isZj6+vq88sorufHGG0vBuurq6rz99ts5/vjjc/zxx+ftt98uTaYsFouprq5Okvz1r3/N4MGDk3wQply6dGmKxWKWLl2au+66K5WVlRk8eHBpouqH1dXVpW3bthk/fnxp3/z58/Od73wn06dPzw033JDDDz88U6dOzcqVK7Nq1ao89dRT6datWyZPnpzZs2evUe+hhx5K//7988UvfjGPPfZY6Xx1dXUZMWJEXnjhhQwfPjzLli1bq5eRI0embdu2mTlzZilcOWnSpDWmpa5Pt27dUl1dnYceeiinnHJKRo0alT/96U9ZunTpJn9Gm+qZZ57Jd7/73bz88stZtWpVVq1alWnTpqW6ujp33XVXHnnkkXXuq62tzTXXXJMFCxaksbExK1euzIMPPpiOHTuW+l9t4cKFGTZsWF555ZWMGDEidXV1pe/N73//+7Rv3z5DhgzJY489ts57jRw5Ml/72tfyP//zP2lsbEyxWMytt96a888/Py+++GK6dOmSPn365L333it9v/70pz+lY8eO/5D3rNyeffbZ/PCHP0zXrl0zaNCgsoVXzznnnNJE29VTlseNG7fO739TbLPNNqVppC+88ELZA8ib+zzJB5OtR4wYkfbt2+fcc8/NUUcdlXHjxmXx4sV58cUX84Mf/CCHHHJIevfuvcH/ZLB62vDOO++cm2++OYMGDcrtt9+e3XfffbOf5x/xPgAAAADAugiwAgAAAHzK7b333mX7ielFixbl9ddfT9euXfOlL30pLVq0SJK0aNEiX/jCF3LJJZfk+9//fpPrFYvF/OY3v8mMGTMydOjQnH322aVwXqtWrXL22Wdn6NChmTVrVu69996sWrVqjf1HHHFEJkyYkDPOOKO0b4899shZZ52VJLn88stz77335ogjjkjz5s3TrFmzdOvWLSeddFJmz56dWbNmlWq98847ufvuu9O+ffv84he/yNFHH106X+vWrXPppZfmoosuyuTJk/Piiy+udZaRI0fm9ttvz4EHHrjGBMamqKqqys0335zq6uo888wz6du3b770pS+lsrIyVVVVOfPMMzNu3LgsWrRok+o2xQ033JBBgwalffv2adasWek9GjRoUJLkD3/4Q1asWLHWvtGjR+eiiy5K27ZtUygU0rx585x44onp169f5s6dm//8z/8srX344Yfz29/+NldccUUuvfTS/H/t3XtY1HXe//HXwDA4wCAnETRAUVA0D2GCxw5qQkvYlpmVlVtWd4etX9vVdnuvbXvverlbu+22u9pu3WVlaRa6tmmWpzxbYoLgIeRkISiInOTo6DDz+6OLWWlAAQHNno/r8trl8/0cv98Z/uB69f76+/tL+u5zk5iYqL/85S/y8fHR8uXLWwzRLV++XH/84x/Vr1+/H101yqysLD3xxBMKCQnR66+/ft5AY1dqqrI8a9Ys3X777S7h77YwmUy6/vrrZbFYtGDBAi1btsz5vO12u06ePKl//etf2r17d2dv30VnnKfJ2LFj9eabb2ro0KHasWOHZs2apYCAAMXExGjo0KF69dVX1atXrzbP99VXX2n58uXau3dvm0O+HT1PZ94HAAAAAAAA4PsIsAIAAAAAAKDTWCwW+fv7a926dVq+fLkqKysvar7q6mplZmZq3Lhxmjhxoks40WAwaNKkSbrhhhuUnp6u6urqZte9vLxkNptd5m2q8ujh4eHySnqDwaD+/ftLkmw2m7O9oKBAmZmZ+slPfqLo6GiXOY1Go4YMGaLi4mLl5eW5XPf39293cPVcsbGx2rp1q3bu3Knf/OY3SkhIUEBAgAoKCpSSkqJZs2Zp/Pjx+uijjzq1cmVrVSGvvvpqjRo1Sjk5OS2GSlsaZzAYFB8fr6ioKOXl5en06dM6c+aM0tLSFBoaqptvvtnleUjS6NGjNWXKFB04cEDFxcUu1/38/Lo0uLps2TJnRcpz/917772SpAkTJrhcGzlypLKzs7tsT5J08uRJzZs3T5L0hz&quot;
08-31-2019 13:00:17 Wire.java DEBUG [Forwarding screenshot on session 57f77c2899285a2b963db09b270c4ab3 to remote] http.wire 87 - http-outgoing-5 &lt;&lt; &quot;/8odvCq7NmzWpWLdnhcKiqqkqffPKJRo8erQ0bNmjRokWyWq3OMa3dw+/fpylTpujJJ59UQUGB7rvvPvn4+MhgMMjd3V3BwcG67777lJmZ+YM5j8Ph0AcffKBp06Y5qwB//fXXeumllzRs2DC98soruueeey4YDP31r3/trEqcmpqqM2fOKDk5WatXr+6U81zMOAAAAAAAAKCjCLACAAAAAABc4YqKinT69OluWSs8PFxPPvmkampqNGfOHAUEBDgrhC5evFilpaXtms9ms6mmpkYWi0U+Pj4t9vH09JSnp6dsNpvsdnu75q+oqGixemhLampqlJubqz/84Q8yGo3nDTSeG3ztTEajUePHj9f//u//at26dSorK1NFRYW2bNmiu+++W9nZ2Zo3b56+/vrrLln/XB29756envLy8lJjY6McDocaGxtVX1+v4ODgVp+x0WiUl5eXbDabS5XdH7OKigodOXJEqampGjJkSKufx6ZXwicmJnZJlV5J6tmzp5KSkvTmm28qJiZGu3btUmFhYbvn8fb21vz587V582bNmDFDAQEBkqRBgwbpmWee0ZdffqlZs2Zp2LBhCgwM7OxjOHXWeb744gvNnTtXDzzwgB577DGZzWbFxMToueeeU2pqqv7v//5P27Zt07PPPtum348mk0lxcXGaP3++fHx8tHTpUp06darLztNZ9wEAAAAAAABoCQFWAAAAAACAK1Tv3r01atQoHTlyRMePH++WNQ0Gg+666y5lZWXpzTff1F133aUePXooJSVFDz30kOLi4rRt27Zu2cuPgcFgkL+/v2644Qa98cYbevjhh5WVlaWMjIxLvbUrSkuVKR0Oh5YuXSpJ2rlzp8u1jIwMDRo06BLvvPv17dtX4eHhysnJUVlZmbO9tXvY0n1yc3PTjTfeqJSUFJWXl8vhcOjw4cP685//rN69eysvL0/h4eHdUnH2Ys7T2NiotWvXqqCgQAkJCS7Vhc1ms+6//3498MADWr16tXbv3t3mffXv319Dhw5Vbm6uSkpKLvo8XTUOAAAAAAAAOB8CrAAAAAAAAFeo0NBQDRs2TFlZWVq9enW3Vq4MDg7WnDlztHz5ch0+fFgVFRVatGiR83/bUjFQ+q7ypsViUVVVlaqrq1vsU1tbq5qaGhmNRrm5dd2fu3r06KHQ0FD95je/kd1ubzG81vRv1qxZXbaP1nh7eyssLKzb1quurlZVVZWCg4NlMpnaPO7UqVMqLS1VQECATCaT3N3d5eXlpdLS0lY/F2fOnFF5ebmMRqPc3d076wg/eIMGDVJGRkarn8OmgO3SpUvlcDi0bt26Lq1aeq5+/frJz8+vU+d0OBzatGmTUlNTNWnSpE6f/3w6cp4zZ86ooqLivH08PT0VFBQk6bsqz21VX1+v+vr6Dn8nOvp8uuK5AgAAAAAA4MeLACsAAAAAAMAVytvbW3fffbcsFotef/11bdiwQQ6Ho9X+JSUlWrhwoRoaGpq1nzhxwmWc3W5XZWVlm/fi7++vu+66S+PGjVNNTY1sNluz61arVVar1WWcr6+vRowYodTUVG3atMllHw6HQzt27NAXX3yh2NhY+fr6tnlP7RUZGakxY8Zo+/bt3VbRtslbb72l9PT08z6/uro6FRYWymKxKCQkxOV6aWmpTp8+7dJeU1Oj+vr6du3n3CDhyJEj5ePj06ZxNptNH3/8sYqLi3XttdfK3d1dJpNJo0aNUnFxsT7++GOXz4YkpaWladeuXRo2bJhCQ0Pbtdcm9fX1Lc6NzpWZman9+/dr4MCBnV4h9csvv9Qrr7yiESNGKCkpSQaDoVPnb8nFnMdkMikgIECStH79+hY/f5WVldq3b5+k74L/bXHu770hQ4a0a18dPU9XPlcAAAAAAAD8eBFgBQAAAAAAuIJNmjRJ8+bNU0FBgWbOnKnnnntO+fn5ziDVmTNndPDgQf3ud7/T0KFDdejQIefYwYMHKzQ0VCkpKUpNTZXdbpfNZtOBAwf0wAMP6Mknn3RZb/fu3fr5z3+urVu3qrKy0hm4bGho0K5du3T48GGFhoaqR48ekiQvLy/169dPW7du1Zo1a1zCswaDQTNmzNCIESO0YMECvf32285KrHV1dVq2bJmef/55xcTE6I477ujS6pz+/v668847tXfvXt12221au3Zts4qhtbW12rNnj55++ul2vQq8LY4dO6ZRo0Zp5syZWrt2rU6ePCm73S7pu2e4f/9+Pf7443rjjTeUmJio2NhY59iQkBBFRUVp06ZNWrlypRoaGuRwOFRSUqI//elPSkhIUG5ubqtr7969u9lnprq6Wq+//rrmzp2r+Ph4JScntxgk3LZtm44fP+7cZ2lpqebPn6+FCxfqtttu08SJE519b7rpJk2bNk0LFy7Un//8Z5WWljrPtm7dOj3zzDOqra3V3XffLW9v73bdu8DAQIWGhmrTpk3avHkzIdaLlJubq8cee8zlc1hXV6dVq1bp8ccfV3FxsaZPny5/f/+LXq/ps/q3v/1N99xzj4qKivTcc88pOjr6oueWuvY87u7uSkxMVGhoqH7/+9/rf/7nf3Ts2DE5HA7Z7Xbl5ubq6aef1kcffaQZM2bo2muvdY4993dpeXm5c1+VlZV6++239fzzz8tisWj69OmyWCwXfZ7ufq4AAAAAAACAJBkv9QYAAAAAAADQdYxGo5566imdPXtWf/zjH/Xyyy/r5ZdfbrFvQECAIiMjnSHQIUOGaPr06Vq0aJHGjh3brO/o0aP1wAMP6O23327W3tjYqFdffVWvvvpqi2uMGDFCjz/+uDOEaDabdfPNN+v999/Xo48+qkcffdTZd+fOnRo/fryio6P1wgsv6JlnntGcOXM0Z84cl32/+OKLGjZsWPtuTgfccccdKisr069+9SvdcsstrfabMWNGp67r6ekpSVqxYoVWrFjRar/bbrtNf/rTn5oFzHr27Knp06dr/fr1euSRR/TII484rwUEBGj69OnaunVrq3MuWrRIixYtcmmPiIjQSy+9pKioqBbHzZs3T/PmzXNpj4+P14IFC9SrVy9nW3BwsObOnauCggLNnTtXc+fObTbGYrHo17/+tSZNmtTqPlsTGBioxMRErVu3Tj/96U+d7SNGjNCHH36oQYMGtXvOizF//ny98MILzdpeeOEFZ9t//dd/6ZVXXpHZbO7yvWRnZ2vmzJnKzMxs1j548GDn/2/6Hjax2+368ssv9dprr7U4p8Vi0fz583X77bd3eF+7du3ShAkTXNojIiK0ePFiTZ8+vcXQ9OV4nnHjxmn+/Pn6xS9+0erv36lTp2rBggXNvrcX+l3a9J1ISkpq1t7R83THcwUAAAAAAAC+jwArAAAAAADAFc5sNmvevHm69957lZKSog0bNmjPnj2qqalRRESE4uPjdeutt2rKlCnNXmFtNpv14osvauDAgfrnP/+p7OxsxcfHa/bs2br//vv173//2yXAGhsbqy1btuijjz7Sjh07nK/GHjNmjG699VbNmTOnWXBRkpKSkvTOO+/oH//4hz7//HNZLBbFxcU5qwoaDAbdfvvtio2N1cKFC7V27VplZ2dr0KBBSkpK0iOPPNJtIUSj0agnnnhCkydP1vvvv6+1a9c2O+OUKVM0bdo0XXPNNZ267i9/+Uvdf//92rx5s9asWaN9+/YpOztbkjRo0CCNHTtW99xzj6677jpn2PVcd955p4KCgvTiiy/q888/V0REhG6//XY99dRTslqt2rNnT6trL1iwQHa7XatWrdK+ffuaje3Xr1+r41577TXl5OQ0e14/+9nPWvwMSNLYsWO1ceNGLV68WCkpKc61pkyZoocfflhxcXEdemW8wWDQI488Ik9PT73zzjtKTU1VQECABg8eLC8vr3bP92M3YMAAvfrqq1q7dq127typjIwM5++SKVOmaM6cOYqPj5ebW8df/mUymRQREaGCggIFBARo3LhxSk5O1vTp0xUYGNiJp+n68xiNRj344IMaN26c3nzzTW3ZskX79u2TxWLR+PHjdd999+nWW291qSw8evRo7dixQ59++mmzfQ0aNEgJCQl68MEHNXz4cJfvREfP0x3PFQAAAA&quot;
08-31-2019 13:00:17 Wire.java DEBUG [Forwarding screenshot on session 57f77c2899285a2b963db09b270c4ab3 to remote] http.wire 87 - http-outgoing-5 &lt;&lt; &quot;AAAPg+Q0pKiuP7r1saOXKk8/VuAAAAAAAAAH58li1bpnvvvVdLly7VrFmz2jyuqcLo9ytdAgAAAAAAAAAuD9XV1Zd6C5Ik/nNpAAAAAAAAAAAAAAAAAAAAdCsCrAAAAAAAAAAAAAAAAAAAAOhWBFgBAAAAAAAAAAAAAAAAAADQrQwpKSmO6OjoZo0jR46Uw+G4RFsCAAAAAAAAAAAAAAAAAABAV6iurr7UW5BEBVYAAAAAAAAAAAAAAAAAAAB0MwKsAAAAAAAAAAAAAAAAAAAA6FYEWAEAAAAAAAAAAAAAAAAAANCtCLACAAAAAAAAAAAAAAAAAACgWxFgBQAAAAAAAAAAAAAAAAAAQLcyXuoNAAAAAAAAAJJUWFioDRs2qKSkRDabTZLk6empkJAQDR8+XMOHD5fReGX+OauyslKLFy9WSEiI7r333jaPW7dunVJTU5WcnKzY2FiX6/n5+frwww8VHh7ernl/iNLT07VmzRoZDAZNnTpVY8aMcemTlZWlVatWyWazKT4+XomJiW2au6GhQUuWLNGJEyda7TNgwIAL3uP6+nqtX79e2dnZslqtMhqNioyM1E033aSgoKA27eVcOTk5WrFixXnP0/TZqqurU//+/TVr1iy5u7s361NTU6MlS5aovLxcvXv31uzZs2U2m8+79rnztqQt87R2X81mswYOHKgpU6bI19e3S8+xdOlSHT16VDNnztSAAQNcrjd9rr5/f8+cOaMdO3YoIyNDdXV1cjgccnNzk6+vryIjIzV27NgWn2lbnhkAAAAAAADwY0EFVgAAAAAAAFxyW7Zs0TvvvKOioiJneFWSrFarCgoKtGbNGu3fv/8S7hA/FAaDQXv37lVNTU2z9sbGRn311VfNPl/dqbS0VK+//rr2798vq9UqSbLZbMrJydF7772n0tLSds+ZnZ0tu90uo9Go/Pz8VsOk0nf3paioSDk5OS7XDh06pIqKinav31UaGhp04MABLV682OW+XA7nqKys1BtvvKGdO3eqtrZWDodDkmS321VVVaX09HStXLlSDQ0NLmPb88wAAAAAAACAK92VWbICAAAAAAAAPxgnTpzQ3r17ZTKZdMMNN+iaa66RyWSSJFVVVenIkSNKS0uTmxv/LTYuLCYmRjk5OTpw4IDGjRvnbM/Pz9exY8cUHR3dYvixLby9vTVnzhz5+/u3e+zWrVtVU1OjwYMH6yc/+YksFotqamq0ceNGHTx4UJ9//rnuvPNOl6qiramtrVVBQYFCQkIUGBiorKws5/laEhoaKqvVqj179igqKspZzbiurk5paWnq27dvh8Kfbak8eyHfv6/FxcX67LPPVFhYqG3btmnGjBldfo722Llzp8rLyxUZGamEhAQFBwdL+q4qa0lJiQ4cOKCysjKXce19ZgAAAAAAAMCVjgArAAAAAAAALqna2lqdPXtWw4cPV3x8fLNrfn5+io2NVWxsbLP2pUuXqqSkxCVMmJ+frw8//FDh4eHOUF3Tq8dDQkI0atQobd68WeXl5TIYDIqKilJSUpIsFouk/7zSXJImT56sbdu2qbi4WA6HQ3379lVycrIzrNbk+PHj+vTTT1VcXCy73S4vLy/FxsZq4sSJziDuufPecsst2r59u/Lz8+VwODRmzBjt3btXZ8+eVX5+vn77299Kkjw8PFp9rfnFstls2r59u9LS0lRfXy83NzeFhoYqISFBYWFhLvczNjbW5VXn33/1+vnOOG3aNI0cOVKFhYVav3698155enoqMjJS119/vXr37u2ce926dUpNTe1QODIiIkJ1dXVKT0/XsGHDZLFY1NjYqN27dysoKEiRkZEdDrB2VFVVlYqKihQQEKCkpCT5+PhIkiwWi6ZNm6ZTp07p+PHjqqqqUmBgYJvmzM/PV2VlpSZOnKg+ffooKytLmZmZrYYhzWazhg4dqq1btyo3N1cxMTGSpAMHDqi2tlYTJ07Uhg0bOufAFyk0NFRJSUlasmSJysvLm1UyvRzOcerUKZnNZiUmJqpXr17OdpPJpPDwcIWHh7c4rr3PDAAAAAAAALjSUbYCAAAAAAAAl5S7u7sMBoMKCwtdXvvemY4cOaIVK1aorKxMDodDdrtd2dnZWr58ucurvktLS7V8+XIdO3ZMdrtdDodDRUVFev/991VeXu7sl5eXp3fffdfZT5Lq6+u1c+dOrVq1yuV19RUVFVqyZIlyc3Od8zaN6y42m00rV67Ujh07VF9fL+m7V58fO3ZMy5YtU15e3kXN39oZv/nmGy1btqzZvbJarcrKytLGjRsv+lxN3N3dFRcXp+rqah04cEDSf6qvxsXFycPDo9PWaqume+Du7u5SYdVoNDqrilZVVbV5zuzsbHl6eiomJkZhYWEKDAzUsWPHzjvHsGHD5Ovrqz179shmszmrlvbv3199+/bt8Pm6gtVqld1ul9FodLlnl/oc7u7uOn36dLu/Kx15ZgAAAAAAAMCVjAqsAAAAAAAAuKSuuuoq9e/fX9nZ2fr73/+u0NBQ9e/fX2FhYerbt6/MZnOnrOPh4aHRo0dr7Nix8vb21okTJ7Rq1SqdOHFCeXl5GjZsmLOvu7u7YmJiNGnSJPn5+ammpkb//ve/deTIER04cEA33HCDzpw5ox07dujs2bOKi4vTjTfeqB49eqigoECrV69WTk6O9u7dqzFjxjjntdlsCgsLU2JiokJDQ53t8fHxziqxHXkd+5o1a7RmzZo29c3JyVFubq4CAgI0bdo0RURE6PTp09qyZYv27t2r9evXKzQ0VN7e3u3eh9T6GT/++GPZbDbdeuutGj58uNzc3FRRUaGvvvqq04PLUVFR6tu3r9LT0zVkyBClpaUpKChIMTExOnjwYIfnraur09///neX9gtVivX29lbPnj1VXFysjRs3avLkyfL29pbdbldpaWmLr5s/n/LychUWFiokJERBQUFyd3dXdHS0du3apYKCAvn5+bU4zmKxKDY21lm9tLa2VnV1dUpOTpabW8dqHZxbNdhoNCokJERTp05tVsm3Pex2uwoLC7V27VpZrVZFRkbKZDKprq6uS8/RHqNHj1ZBQYE2btyo3bt3Kzw8XBEREerXr58CAgJa3ENHnxkAAAAAAABwJSPACgAAAAAAgEvKaDTq9ttv144dO5Senq7CwkIVFhY6r/fs2VM33XSThg4delHrhIWFacqUKc6fe/furRtvvFErV65UYWFhswBrYGCgbr75Zmd41mKxaOrUqVqyZIlzb5WVlTp58qQiIiI0depUZ5XIiIgIJSQkaMWKFcrPz28WYO3Vq5fuuuuuTgvldkRubq7c3NyUkJCgiIgISVKPHj00depUnTx5UkVFRSopKdGAAQM6NH9rZ/Tw8JDD4dCpU6ecbQEBAUpISHCZIzExUYmJiR1aX/ruMxUXF6ePPvpIGzZsUEFBgW6++WaZTKYW+6enp7sEgD08PDRz5swO34dzmUwmjRo1SmvXrtW+ffu0b98+lz7tqQybm5ururo6jR8/3vm5GzhwoPbs2aPMzExdffXVLlVLmwwbNkzp6enauXPGVz4zAAAPFElEQVSnzpw5o379+ik8PFyVlZUdO9w5bDabioqK9O677+rmm29WbGxsm8a1FgwOCQlRfHx8i2O68hwXMnDgQM2aNUvr169XcXGxDh486AxGu7m5afDgwUpKSpKXl5dzzMU8MwAAAAAAAOBKRYAVAAAAAAAAl5zJZNLkyZM1efJkNTQ0qLKyUkeOHFFubq6Kioq0atUqWa3WNgfi2qpXr17y9PRURUXFBfv6+vrKYrGorq5ODQ0Nqq2tlc1mU3BwsEvwrGnempoaNTQ0ONsNBkOn7r9JcnJyi/cmPz9fH374YbO2mpoaeXp6qlevXs3a3d3dFRwcrG+++aZZyLS9Wjvjtddeq+zsbG3dulU7d+6UxWJRRESERo8erT59+nR4vdY0VWHNyspSnz59FBMTc9Fzent7a86cOfL392/32NjYWPXq1Utr167VyZMnZbfbZTKZ1K9fP9XX16u0tLRNAcbGxkYdPnxY3t7eioqKcrY3VfY8ceKEysrK1Lt37xbHN1Uv3bRpk0wmk5KTk9t9Fkny9/&quot;
08-31-2019 13:00:17 Wire.java DEBUG [Forwarding screenshot on session 57f77c2899285a2b963db09b270c4ab3 to remote] http.wire 87 - http-outgoing-5 &lt;&lt; &quot;fXs88+26ytoqJCGzduVHZ2ttLT03X11Ve3GhpujcFgkLe3t0aOHKmJEye2Or6zztFRYWFheuihh2S321VdXa3jx48rNzdX+fn5+vrrr1VZWan77rtPZrP5op8ZAAAAAAAAcKUiwAoAAAAAAIDLitlsltlsVp8+fTRhwgTt27dPn3zyib7++utOD7DabDY5HI42BwcbGxvl4eHRLa8pv9IEBwfrscce0/79+5Wdna2SkhJlZmYqMzNT48aNa1YdtzM0VWEtLi7WmDFjzhukjI2N7fTPVkvCwsL06KOPNmurq6vTO++8I7PZrICAgAvOcezYMZWUlMhqtWrRokUt9snKyjpvGLKpemlISIjCw8Pbd4jzCAgIUFJSkk6ePKmqqirV1dW1KcDa0WBwZ5zDYrFIkhwOR4vXGxsbJX1Xpbglbm5u8vPzk5+fn4YMGaKGhga99957Kisr0/HjxzVgwIBOeWYAAAAAAADAlYgAKwAAAAAAAC5rffr0kaenZ7M2d3d3NTY2qq6urkPVMJscPXpUVqtVoaGhF+x74sQJVVdXKyoqSp6envLx8ZHRaFRxcbFsNpuMxv/8qe3kyZPOec1mc7MqrOfTWoiuM1ksFn377bc6fvx4s3vX2Nio0tJSeXh4qGfPnpK+u88Gg0E1NTWdsnaPHj0UFxenuLg4SVJxcbGWL1+ugwcPKi4uTr6+vp2yTpOYmJhOqbzalTIzM1VeXq6rr766TefPy8uT1Wo9b5/c3FyNGzfuvNVLf/7zn3dovxdis9lks9nUo0cPeXh4dMkaTTrjHD179tTZs2eVlZWlgQMHNrvW2NiovLw8ubm5KTAwsE3zmc1m9e7dW2VlZc62znhmAAAAAAAAwJWIACsAAAAAAAAuqYyMDO3Zs0cjR45UVFSUevbsKTc3N9lsNhUVFWnTpk1qaGho9pr5oKAg5eTkKC0tTcHBwXJzc9Phw4e1ZcsWnT17tsV16uvrVVFRoYCAANntdh06dEjbtm2TyWTSgAEDmvW1Wq0qKytT37595ebmpoKCAn366adqbGzU4MGDJX33CvVevXqpsLBQ69at05QpU9SjRw8VFBRo/fr1amxsdJm3NQaDQW5ubjp58qSKiop01VVXdfBuXlhUVJT279+vjRs3ysvLS/3799fp06e1ZcsWFRQUKCAgQCEhIZIkPz8/eXp6qqCgQN9++6369eunqqoqbd68WQUFBTIYDG1ed+XKlbJYLBo9erSz0qinp6fMZrNLuG/dunVKTU3VgAEDdO+993be4S8jFRUV+uKLL7Rv3z75+PhowoQJFxzT0NCgnJwc9ezZUw8++GCLgddly5apsLBQJSUlnVpd9fs+//xzVVVVafz48c7vYHFxsT777DOdOnVKQ4cOlY+PT5et31kiIyO1e/du7d+/X76+vho7dqxMJpPq6uq0ZcsW5ebmytfXV2FhYZK+ewYpKSny9fXVqFGj1KtXL5nNZklSdXW19u3bp0OHDsnLy0uBgYGX1TMDAAAAAAAALjcEWAEAAAAAAHBJ2e12FRcXO8NvLenTp4/i4+OdPw8ePFjp6enKyMhQRkaGs72pYmhLiouLtXDhwmZtBoNB8fHxznBak6qqKr311lsucwwaNMhZ0dNkMmnixIlauXKl0tLSlJaW5tL32muvPc/J/8NisSgoKEjffPONFi9eLEny8PDQzJkz2xyCbavo6GhFRUUpOztb7777brNrnp6eSkhIkLe3t6TvAqzh4eE6dOiQlixZ4uxnMBhkMBjk7u7e5nVPnz6tQ4cOaffu3c3aDQaDxowZ0+nVVy83DQ0NWrJkiU6cONGsvUePHrrlllsUHBx8wTkKCwsvWK01JiZG+fn5yszM7NIw5NmzZ3Xw4EEdPHjQ5Zqfn5+uu+66Llu7M4WHh+uaa65Ramqqtm7dqq1btza77ubmpvHjx8vPz8/Z1tDQoG+//Vb79+9vcU6j0egck5OTc9k8MwAAAAAAAOByQ4AVAAAAAAAAl9Tw4cNlNBqVkZGh4uJiWa1WORwOubm5KSAgQHFxcRo1apTc3NycY8LCwpScnKwNGzbo1KlT8vT01KBBgxQdHa2PP/64xXUCAwPVo0cPFRcXy+FwyGKxaMKECRo9erRLX4vFosDAQBUVFclms8nLy0ujRo3SddddJ6PxP39SGzhwoO6//359+umnKi4ult1ul5eXl2JjYzVx4sRmfc/H3d1dycnJWr16tY4ePSqHwyEvLy9nZcfOZDQadccdd2j79u1KS0tTfX293NzcFBoaqoSEBJcw7y233CJJysrKksPhUGBgoCZNmqS0tDQdPXq0zevedNNNMplM+vbbb9XQ0CCDwaCePXtqzJgxLT6DK42bm5vz9fAGg0He3t6Kjo7W5MmT5eXl1aY5srKyJMkZom5JZGSkfH19dfToUdXV1V38xlsRHx8vq9WqvLw81dXVyeFwyGw2KyoqSgkJCW0+0+UgISFB4eHh2rJli8rLy2W322U0GhUSEqKpU6c2+06YzWbdcccdSktLU3Z2tmpqamSz2ZzX+vXrp0mTJikoKEhSx55ZU4AcAAAAAAAAuNIZUlJSHNHR0c0aR44cKYfDcYm2BAAAAAAAAHSeyspKLV68WCEhIRd8HX1TlUxJmj17dpcESAEAAAAAAAAAuJSqq6sv2Gf27NkXtca5b/VqjdsFewAAAAAAAAAAAAAAAAAAAOBHoy0B1IsdS4AVAAAAAAAAAAAAAAAAAAAAzXQkxNqeMQRYAQAAAAAAAAAAAAAAAAAA4KI9gdT2Bl4NKSkpjujo6GaNI0eOlMPhaNdEAAAAAAAAAAAAAAAAAAAAuLxVV1e3e8zs2bPPe70j1VqpwAoAAAAAAAAAAAAAAAAAAIBWnS+g2pHwqkSAFQAAAAAAAAAAAAAAAAAAABfQUlC1o+FViQArAAAAAAAAAAAAAAAAAAAA2uDcwOrFhFclyXixmwEAAAAAAADw42Q7e0Z1tTUdGutuNMrbx1cGg6GTdwUAAAAAAAAA6EoXG1xtQoAVAAAAAAAAQIe899qftPS1lzs0Nmb4tVrwjw/U0z+wk3d1eXnjL7/VB4v/Kknq3SdML76+UuGR0Zd4VwAAAAAAAABw6bld6g0AAAAAAAAA+GGynbW12H7LnQ/oXztytGpnnuYvel9e3j7dvLPvfLZqqSYP9Xf+e+Mvv22xX+ZXu5r1+/1zD8t6uqGbdwsAAAAAAAAAPy5UYAUAAAAAAADQqXwsPeUX0EuSdFXEAFl6+qu+rvYS7woAAAAAAAAAcDmhAisAAAAAAAAAAAAAAAAAAAC6FRVYAQAAAAAAALSJw+FQXtZ+7d6+QY02mw6kfeG8ljzzAV130zRJkn9Qb2d7UHCo/vv3/1Cjzaay0mK9+dffqby0pNv3DgAAAAAAAAC4vBBgBQAAAAAAAHBBDodDG1d/qFd++7TOWK0u1wddHavYsTe4tHv5WDRi9ARJ0qnKcq3+4K0fbID17Bmr0ndv12f/ek+HMlJVUVYqo9FDkYOG6obE25R42yz19A9s83zW0w368wtP6fO1KyVJMcOv1bPzF2rnpk+0bf2/dSTnkEyenoodc73uf/y/FT30GhkMhq46HgAAAAAAAAB0KwKsAAAAAAAAAM7r3PDqLTN+pgf/369l9vLWG3/5rT5Y/NdLvb1uUVJUoJdfeEr7Urc3a7fZzirnUIZyDmXo03+9p7l/+Kdihl/boTVyv87U4zMnyXq6wdl2xmrV7m0blL57m37xm7/qpmkzCbECAAAAAAAAuCIQYAUAAAAAAABwXp9/ssIlvPp92QfT1Tv0KkmSf1Bv9Y+KkSTV19YoNytTjTabykqLVVpS1K17P9cHi//aocBt+ckT+uPzTyjzq13n7Vf0bZ4W/3W+nn/5TfkF9Gr3OjbbWdlsZ1u8dsZq1Ydv/U1Xx8arT1j/ds8NAAAAAAAAAJcbt0u9AQAAAAAAAACXr/q6Wm3f8LHGT05qNbwqSWs+fFu/fOg2/fKh27RpTYqzvay0WC/96nH98qHb9NKvHld5aUl3bb3T7Nz0iTO8ajR66GdP/kqrdxfo80OV+teOXE1JvtPZd1/qdh0+sK9D6/&quot;
08-31-2019 13:00:17 Wire.java DEBUG [Forwarding screenshot on session 57f77c2899285a2b963db09b270c4ab3 to remote] http.wire 87 - http-outgoing-5 &lt;&lt; &quot;TuE6YXX1+p9RkntOlAuf6ZskVX9RvovP5t3mHlZe2/uMMAAAAAAAAAwGWCCqwAAAAAAAAAWnX2jFUVZaU6cfyonn3w1mbXSosLL9Guuk99Xa3Svtjs/HnYqLH66d0PydviK0nyCwjSjNlPaO+uLaqqOClJOpJ9UGOun9rutQKCeit66EgZPUySpOihI3XrXXP06ov/4+yTfTBD1029tbUpAAAAAAAAAOAHgwArAAAAAAAAgAuqKCtVRVlpm/rW1pxSVcVJGQxuKirIV82pyi7eXdvcNedpPfzMb1zaM7/apWd+dkuLY5oCvE32pW7XT8dFnnedutqai9voOQYMHtbs54qyEp2xWmXy9Oy0NQAAAAAAAADgUiDACgAAAAAAAKBTfZLytj5JeftSb+OK0Nhoa/azt4+v3I3ul2g3AAAAAAAAANB5CLACAAAAAAAAQCvcjUZ5+VicPw8aeo3mL3pfgcEhXb62w+FQVubeZm0BQb3l7s6fdQEAAAAAAAD88P1/7TmSZjB1h6cAAAAASUVORK5CYII=&quot;}&quot;
08-31-2019 13:00:17 PoolingHttpClientConnectionManager.java DEBUG [Forwarding screenshot on session 57f77c2899285a2b963db09b270c4ab3 to remote] conn.PoolingHttpClientConnectionManager 320 - Connection [id: 5][route: {}-&gt;http://localhost:4619] can be kept alive indefinitely
08-31-2019 13:00:17 PoolingHttpClientConnectionManager.java DEBUG [Forwarding screenshot on session 57f77c2899285a2b963db09b270c4ab3 to remote] conn.PoolingHttpClientConnectionManager 326 - Connection released: [id: 5][route: {}-&gt;http://localhost:4619][total kept alive: 1; route allocated: 1 of 2000; total allocated: 1 of 2000]
</system-out>
    <system-err>Starting ChromeDriver 76.0.3809.68 (420c9498db8ce8fcd190a954d51297672c1515d5-refs/branch-heads/3809@{#864}) on port 4619
Only local connections are allowed.
Please protect ports used by ChromeDriver and related test frameworks to prevent access by malicious code.
Aug 31, 2019 12:59:39 PM org.openqa.selenium.remote.ProtocolHandshake createSession
INFO: Detected dialect: W3C
</system-err>
  </testcase>
  <testcase classname="com.crm.qa.testcases.HomePageTest" name="verifyUserNameTest" time="0.55"/>
  <testcase classname="com.crm.qa.testcases.LoginPageTest" name="CRMLogoImageTest" time="0.185"/>
  <testcase classname="com.crm.qa.testcases.HomePageTest" name="verifyContactsLinkTest" time="2.689"/>
  <testcase classname="com.crm.qa.testcases.LoginPageTest" name="loginTest" time="28.041"/>
</testsuite>