<?xml version="1.0" encoding="UTF-8"?>
<!-- Generated by org.testng.reporters.JUnitReportReporter -->
<testsuite skipped="0" hostname="DESKTOP-K242S0S" name="com.crm.qa.testcases.LoginPageTest" tests="3" failures="0" timestamp="24 Aug 2019 12:34:32 GMT" time="63.743" errors="0">
  <testcase name="LoginPageTitleTest" time="11.059" classname="com.crm.qa.testcases.LoginPageTest"/>
  <testcase name="CRMLogoImageTest" time="12.184" classname="com.crm.qa.testcases.LoginPageTest"/>
  <testcase name="loginTest" time="40.500" classname="com.crm.qa.testcases.LoginPageTest"/>
</testsuite> <!-- com.crm.qa.testcases.LoginPageTest -->
