<?xml version="1.0" encoding="UTF-8"?>
<!-- Generated by org.testng.reporters.JUnitReportReporter -->
<testsuite skipped="0" hostname="DESKTOP-K242S0S" name="com.crm.qa.testcases.ContactsPageTest" tests="1" failures="0" timestamp="24 Aug 2019 12:34:32 GMT" time="43.941" errors="0">
  <testcase name="verifyContactsLabelTest" time="43.941" classname="com.crm.qa.testcases.ContactsPageTest"/>
</testsuite> <!-- com.crm.qa.testcases.ContactsPageTest -->
