<?xml version="1.0" encoding="UTF-8"?>
<!-- Generated by org.testng.reporters.JUnitReportReporter -->
<testsuite skipped="0" hostname="DESKTOP-K242S0S" name="com.crm.qa.testcases.LoginPageTest" tests="1" failures="0" timestamp="23 Aug 2019 18:20:49 GMT" time="38.388" errors="0">
  <testcase name="loginTest" time="38.388" classname="com.crm.qa.testcases.LoginPageTest"/>
</testsuite> <!-- com.crm.qa.testcases.LoginPageTest -->
