<?xml version="1.0" encoding="UTF-8"?>
<!-- Generated by org.testng.reporters.JUnitReportReporter -->
<testsuite skipped="0" hostname="DESKTOP-K242S0S" name="com.crm.qa.testcases.ContactsPageTest" tests="4" failures="0" timestamp="28 Aug 2019 21:09:24 GMT" time="178.831" errors="0">
  <testcase name="verifyContactsLabelTest" time="39.792" classname="com.crm.qa.testcases.ContactsPageTest"/>
  <testcase name="createNewContact" time="48.189" classname="com.crm.qa.testcases.ContactsPageTest"/>
  <testcase name="createNewContact" time="45.799" classname="com.crm.qa.testcases.ContactsPageTest"/>
  <testcase name="createNewContact" time="45.051" classname="com.crm.qa.testcases.ContactsPageTest"/>
</testsuite> <!-- com.crm.qa.testcases.ContactsPageTest -->
