<?xml version="1.0" encoding="UTF-8"?>
<!-- Generated by org.testng.reporters.JUnitReportReporter -->
<testsuite skipped="0" hostname="DESKTOP-K242S0S" name="com.crm.qa.testcases.HomePageTest" tests="1" failures="0" timestamp="23 Aug 2019 19:19:40 GMT" time="38.190" errors="0">
  <testcase name="verifyHomePageTitleTest" time="38.190" classname="com.crm.qa.testcases.HomePageTest"/>
</testsuite> <!-- com.crm.qa.testcases.HomePageTest -->
