<?xml version="1.0" encoding="UTF-8"?>
<!-- Generated by org.testng.reporters.JUnitReportReporter -->
<testsuite skipped="0" hostname="DESKTOP-K242S0S" name="com.crm.qa.testcases.HomePageTest" tests="3" failures="0" timestamp="31 Aug 2019 11:02:23 GMT" time="117.137" errors="0">
  <testcase name="verifyHomePageTitleTest" time="39.843" classname="com.crm.qa.testcases.HomePageTest"/>
  <testcase name="verifyUserNameTest" time="37.859" classname="com.crm.qa.testcases.HomePageTest"/>
  <testcase name="verifyContactsLinkTest" time="39.435" classname="com.crm.qa.testcases.HomePageTest"/>
</testsuite> <!-- com.crm.qa.testcases.HomePageTest -->
