<?xml version="1.0" encoding="UTF-8"?>
<!-- Generated by org.testng.reporters.JUnitReportReporter -->
<testsuite skipped="0" hostname="DESKTOP-K242S0S" name="com.crm.qa.testcases.LoginPageTest" tests="3" failures="0" timestamp="31 Aug 2019 11:02:23 GMT" time="60.344" errors="0">
  <testcase name="LoginPageTitleTest" time="10.418" classname="com.crm.qa.testcases.LoginPageTest"/>
  <testcase name="CRMLogoImageTest" time="12.351" classname="com.crm.qa.testcases.LoginPageTest"/>
  <testcase name="loginTest" time="37.575" classname="com.crm.qa.testcases.LoginPageTest"/>
</testsuite> <!-- com.crm.qa.testcases.LoginPageTest -->
